{"timestamp":"2026-02-11T14:15:11.377074Z","level":"info","event":"DAG bundles loaded: dags-folder","logger":"airflow.dag_processing.bundles.manager.DagBundlesManager","filename":"manager.py","lineno":179}
{"timestamp":"2026-02-11T14:15:11.378107Z","level":"info","event":"Filling up the DagBag from /opt/airflow/dags/api_etl/api_pitstops_bronze_to_silver.py","logger":"airflow.models.dagbag.DagBag","filename":"dagbag.py","lineno":593}
{"timestamp":"2026-02-11T14:15:11.799647Z","level":"info","event":"======================================================================","logger":"task.stdout"}
{"timestamp":"2026-02-11T14:15:11.800298Z","level":"info","event":"F1 PIT STOPS BACKFILL: ERGAST API -> SILVER","logger":"task.stdout"}
{"timestamp":"2026-02-11T14:15:11.800662Z","level":"info","event":"======================================================================","logger":"task.stdout"}
{"timestamp":"2026-02-11T14:15:11.801037Z","level":"info","event":"","logger":"task.stdout"}
{"timestamp":"2026-02-11T14:15:11.801360Z","level":"info","event":"[STEP 1] Scraping API...","logger":"task.stdout"}
{"timestamp":"2026-02-11T14:15:11.801724Z","level":"info","event":"","logger":"task.stdout"}
{"timestamp":"2026-02-11T14:15:11.802081Z","level":"info","event":"======================================================================","logger":"task.stdout"}
{"timestamp":"2026-02-11T14:15:11.802277Z","level":"info","event":"SCRAPING PIT STOPS FROM ERGAST API: 2025-2025","logger":"task.stdout"}
{"timestamp":"2026-02-11T14:15:11.802628Z","level":"info","event":"======================================================================","logger":"task.stdout"}
{"timestamp":"2026-02-11T14:15:11.802989Z","level":"info","event":"","logger":"task.stdout"}
{"timestamp":"2026-02-11T14:15:11.803329Z","level":"info","event":"","logger":"task.stdout"}
{"timestamp":"2026-02-11T14:15:11.803614Z","level":"info","event":"======================================================================","logger":"task.stdout"}
{"timestamp":"2026-02-11T14:15:11.803952Z","level":"info","event":"SCRAPING PIT STOPS FOR 2025","logger":"task.stdout"}
{"timestamp":"2026-02-11T14:15:11.804256Z","level":"info","event":"======================================================================","logger":"task.stdout"}
{"timestamp":"2026-02-11T14:15:11.804525Z","level":"info","event":"","logger":"task.stdout"}
{"timestamp":"2026-02-11T14:15:11.804817Z","level":"info","event":"Fetching pit stops for 2025 Round 1...","logger":"task.stdout"}
{"timestamp":"2026-02-11T14:15:34.669677Z","level":"info","event":"  82 pit stops found","logger":"task.stdout"}
{"timestamp":"2026-02-11T14:15:34.699174Z","level":"info","event":"Fetching pit stops for 2025 Round 2...","logger":"task.stdout"}
{"timestamp":"2026-02-11T14:15:56.416307Z","level":"info","event":"  25 pit stops found","logger":"task.stdout"}
{"timestamp":"2026-02-11T14:15:56.416795Z","level":"info","event":"Fetching pit stops for 2025 Round 3...","logger":"task.stdout"}
{"timestamp":"2026-02-11T14:16:18.140658Z","level":"info","event":"  21 pit stops found","logger":"task.stdout"}
{"timestamp":"2026-02-11T14:16:18.140993Z","level":"info","event":"Fetching pit stops for 2025 Round 4...","logger":"task.stdout"}
{"timestamp":"2026-02-11T14:16:39.187417Z","level":"info","event":"  42 pit stops found","logger":"task.stdout"}
{"timestamp":"2026-02-11T14:16:39.188599Z","level":"info","event":"Fetching pit stops for 2025 Round 5...","logger":"task.stdout"}
{"timestamp":"2026-02-11T14:17:01.219614Z","level":"info","event":"  19 pit stops found","logger":"task.stdout"}
{"timestamp":"2026-02-11T14:17:01.220065Z","level":"info","event":"Fetching pit stops for 2025 Round 6...","logger":"task.stdout"}
{"timestamp":"2026-02-11T14:17:23.431105Z","level":"info","event":"  18 pit stops found","logger":"task.stdout"}
{"timestamp":"2026-02-11T14:17:23.431608Z","level":"info","event":"Fetching pit stops for 2025 Round 7...","logger":"task.stdout"}
{"timestamp":"2026-02-11T14:17:46.315948Z","level":"info","event":"  37 pit stops found","logger":"task.stdout"}
{"timestamp":"2026-02-11T14:17:46.316605Z","level":"info","event":"Fetching pit stops for 2025 Round 8...","logger":"task.stdout"}
{"timestamp":"2026-02-11T14:18:07.916942Z","level":"info","event":"  40 pit stops found","logger":"task.stdout"}
{"timestamp":"2026-02-11T14:18:07.917435Z","level":"info","event":"Fetching pit stops for 2025 Round 9...","logger":"task.stdout"}
{"timestamp":"2026-02-11T14:18:32.069435Z","level":"info","event":"  54 pit stops found","logger":"task.stdout"}
{"timestamp":"2026-02-11T14:18:32.070064Z","level":"info","event":"Fetching pit stops for 2025 Round 10...","logger":"task.stdout"}
{"timestamp":"2026-02-11T14:18:54.110132Z","level":"info","event":"  82 pit stops found","logger":"task.stdout"}
{"timestamp":"2026-02-11T14:18:54.110403Z","level":"info","event":"Fetching pit stops for 2025 Round 11...","logger":"task.stdout"}
{"timestamp":"2026-02-11T14:19:17.253831Z","level":"info","event":"  32 pit stops found","logger":"task.stdout"}
{"timestamp":"2026-02-11T14:19:17.254464Z","level":"info","event":"Fetching pit stops for 2025 Round 12...","logger":"task.stdout"}
{"timestamp":"2026-02-11T14:19:40.498671Z","level":"info","event":"  35 pit stops found","logger":"task.stdout"}
{"timestamp":"2026-02-11T14:19:40.499071Z","level":"info","event":"Fetching pit stops for 2025 Round 13...","logger":"task.stdout"}
{"timestamp":"2026-02-11T14:20:02.188554Z","level":"info","event":"  26 pit stops found","logger":"task.stdout"}
{"timestamp":"2026-02-11T14:20:02.189952Z","level":"info","event":"Fetching pit stops for 2025 Round 14...","logger":"task.stdout"}
{"timestamp":"2026-02-11T14:20:25.999777Z","level":"info","event":"  29 pit stops found","logger":"task.stdout"}
{"timestamp":"2026-02-11T14:20:26.000271Z","level":"info","event":"Fetching pit stops for 2025 Round 15...","logger":"task.stdout"}
{"timestamp":"2026-02-11T14:20:49.335127Z","level":"info","event":"  40 pit stops found","logger":"task.stdout"}
{"timestamp":"2026-02-11T14:20:49.339818Z","level":"info","event":"Fetching pit stops for 2025 Round 16...","logger":"task.stdout"}
{"timestamp":"2026-02-11T14:21:11.444289Z","level":"info","event":"  19 pit stops found","logger":"task.stdout"}
{"timestamp":"2026-02-11T14:21:11.444683Z","level":"info","event":"Fetching pit stops for 2025 Round 17...","logger":"task.stdout"}
{"timestamp":"2026-02-11T14:21:32.366914Z","level":"info","event":"  21 pit stops found","logger":"task.stdout"}
{"timestamp":"2026-02-11T14:21:32.367263Z","level":"info","event":"Fetching pit stops for 2025 Round 18...","logger":"task.stdout"}
{"timestamp":"2026-02-11T14:21:55.300324Z","level":"info","event":"  23 pit stops found","logger":"task.stdout"}
{"timestamp":"2026-02-11T14:21:55.300688Z","level":"info","event":"Fetching pit stops for 2025 Round 19...","logger":"task.stdout"}
{"timestamp":"2026-02-11T14:22:17.408750Z","level":"info","event":"  21 pit stops found","logger":"task.stdout"}
{"timestamp":"2026-02-11T14:22:17.409152Z","level":"info","event":"Fetching pit stops for 2025 Round 20...","logger":"task.stdout"}
{"timestamp":"2026-02-11T14:22:37.498967Z","level":"info","event":"  27 pit stops found","logger":"task.stdout"}
{"timestamp":"2026-02-11T14:22:37.499694Z","level":"info","event":"Fetching pit stops for 2025 Round 21...","logger":"task.stdout"}
{"timestamp":"2026-02-11T14:23:00.767228Z","level":"info","event":"  37 pit stops found","logger":"task.stdout"}
{"timestamp":"2026-02-11T14:23:00.767831Z","level":"info","event":"Fetching pit stops for 2025 Round 22...","logger":"task.stdout"}
{"timestamp":"2026-02-11T14:23:22.168552Z","level":"info","event":"  23 pit stops found","logger":"task.stdout"}
{"timestamp":"2026-02-11T14:23:22.169228Z","level":"info","event":"Fetching pit stops for 2025 Round 23...","logger":"task.stdout"}
{"timestamp":"2026-02-11T14:23:45.994241Z","level":"info","event":"  41 pit stops found","logger":"task.stdout"}
{"timestamp":"2026-02-11T14:23:45.994618Z","level":"info","event":"Fetching pit stops for 2025 Round 24...","logger":"task.stdout"}
{"timestamp":"2026-02-11T14:24:10.111259Z","level":"info","event":"  27 pit stops found","logger":"task.stdout"}
{"timestamp":"2026-02-11T14:24:10.111679Z","level":"info","event":"Fetching pit stops for 2025 Round 25...","logger":"task.stdout"}
{"timestamp":"2026-02-11T14:24:31.695479Z","level":"info","event":"  No data for 2025 Round 25","logger":"task.stdout"}
{"timestamp":"2026-02-11T14:24:31.699119Z","level":"info","event":"","logger":"task.stdout"}
{"timestamp":"2026-02-11T14:24:31.699548Z","level":"info","event":"Total pit stops for 2025: 821","logger":"task.stdout"}
{"timestamp":"2026-02-11T14:24:31.699928Z","level":"info","event":"","logger":"task.stdout"}
{"timestamp":"2026-02-11T14:24:31.700214Z","level":"info","event":"======================================================================","logger":"task.stdout"}
{"timestamp":"2026-02-11T14:24:31.700501Z","level":"info","event":"SCRAPING COMPLETE","logger":"task.stdout"}
{"timestamp":"2026-02-11T14:24:31.700744Z","level":"info","event":"Total pit stops: 821","logger":"task.stdout"}
{"timestamp":"2026-02-11T14:24:31.701047Z","level":"info","event":"Years covered: 2025-2025","logger":"task.stdout"}
{"timestamp":"2026-02-11T14:24:31.701333Z","level":"info","event":"======================================================================","logger":"task.stdout"}
{"timestamp":"2026-02-11T14:24:31.701602Z","level":"info","event":"","logger":"task.stdout"}
{"timestamp":"2026-02-11T14:24:31.701886Z","level":"info","event":"API scraping complete: 821 pit stop records","logger":"task.stdout"}
{"timestamp":"2026-02-11T14:24:31.702161Z","level":"info","event":"","logger":"task.stdout"}
{"timestamp":"2026-02-11T14:24:31.702457Z","level":"info","event":"[STEP 2] Transforming to Silver schema...","logger":"task.stdout"}
{"timestamp":"2026-02-11T14:24:31.702626Z","level":"info","event":"Transforming API data to Silver schema...","logger":"task.stdout"}
{"timestamp":"2026-02-11T14:24:31.703816Z","level":"info","event":"Transformed 821 pit stops to Silver schema","logger":"task.stdout"}
{"timestamp":"2026-02-11T14:24:31.704014Z","level":"info","event":"Source: api","logger":"task.stdout"}
{"timestamp":"2026-02-11T14:24:31.704190Z","level":"info","event":"Transformation complete: 821 pit stops","logger":"task.stdout"}
{"timestamp":"2026-02-11T14:24:31.704362Z","level":"info","event":"","logger":"task.stdout"}
{"timestamp":"2026-02-11T14:24:31.704545Z","level":"info","event":"[STEP 3] Loading dimensions for FK resolution...","logger":"task.stdout"}
{"timestamp":"2026-02-11T14:24:31.733554Z","level":"info","event":" Downloaded dimensions/dim_driver/dim_driver.parquet (81 rows)","logger":"task.stdout"}
{"timestamp":"2026-02-11T14:24:31.738659Z","level":"info","event":" Downloaded dimensions/dim_race/dim_race.parquet (256 rows)","logger":"task.stdout"}
{"timestamp":"2026-02-11T14:24:31.744179Z","level":"info","event":" Downloaded dimensions/dim_time/dim_time.parquet (6940 rows)","logger":"task.stdout"}
{"timestamp":"2026-02-11T14:24:31.747242Z","level":"info","event":"Loaded dimensions:","logger":"task.stdout"}
{"timestamp":"2026-02-11T14:24:31.747662Z","level":"info","event":"  - dim_driver: 81 drivers","logger":"task.stdout"}
{"timestamp":"2026-02-11T14:24:31.747992Z","level":"info","event":"  - dim_race: 256 races","logger":"task.stdout"}
{"timestamp":"2026-02-11T14:24:31.748318Z","level":"info","event":"  - dim_time: 6,940 dates","logger":"task.stdout"}
{"timestamp":"2026-02-11T14:24:31.748650Z","level":"info","event":"","logger":"task.stdout"}
{"timestamp":"2026-02-11T14:24:31.748970Z","level":"info","event":"[STEP 4] Resolving foreign keys...","logger":"task.stdout"}
{"timestamp":"2026-02-11T14:24:31.755744Z","level":"info","event":"Created lookup dictionaries:","logger":"task.stdout"}
{"timestamp":"2026-02-11T14:24:31.756255Z","level":"info","event":"  - driver_ref -> driver_key: 81 entries","logger":"task.stdout"}
{"timestamp":"2026-02-11T14:24:31.756626Z","level":"info","event":"  - race_year+race_round -> race_key: 256 entries","logger":"task.stdout"}
{"timestamp":"2026-02-11T14:24:31.756925Z","level":"info","event":"  - race_date -> time_key: 6940 entries","logger":"task.stdout"}
{"timestamp":"2026-02-11T14:24:31.774486Z","level":"info","event":"All FKs resolved successfully","logger":"task.stdout"}
{"timestamp":"2026-02-11T14:24:31.774907Z","level":"info","event":"","logger":"task.stdout"}
{"timestamp":"2026-02-11T14:24:31.775236Z","level":"info","event":"[STEP 5] Loading existing Silver data...","logger":"task.stdout"}
{"timestamp":"2026-02-11T14:24:31.779447Z","level":"info","event":" Downloaded facts/fact_pitstops/year=2025/data.parquet (821 rows)","logger":"task.stdout"}
{"timestamp":"2026-02-11T14:24:31.781171Z","level":"info","event":"Loaded 821 existing pit stops from Silver","logger":"task.stdout"}
{"timestamp":"2026-02-11T14:24:31.781554Z","level":"info","event":"Existing sources: {'api': 821}","logger":"task.stdout"}
{"timestamp":"2026-02-11T14:24:31.781882Z","level":"info","event":"","logger":"task.stdout"}
{"timestamp":"2026-02-11T14:24:31.782238Z","level":"info","event":"[STEP 6] Merging API data with existing Silver...","logger":"task.stdout"}
{"timestamp":"2026-02-11T14:24:31.782549Z","level":"info","event":"","logger":"task.stdout"}
{"timestamp":"2026-02-11T14:24:31.782891Z","level":"info","event":"  Merge Configuration:","logger":"task.stdout"}
{"timestamp":"2026-02-11T14:24:31.783183Z","level":"info","event":"Existing pit stops: 821","logger":"task.stdout"}
{"timestamp":"2026-02-11T14:24:31.783523Z","level":"info","event":"New API pit stops: 821","logger":"task.stdout"}
{"timestamp":"2026-02-11T14:24:31.783852Z","level":"info","event":"Merge key: race_year + race_round + driver_ref + stop_number","logger":"task.stdout"}
{"timestamp":"2026-02-11T14:24:31.784193Z","level":"info","event":"CSV priority: YES (skip API for CSV pit stops)","logger":"task.stdout"}
{"timestamp":"2026-02-11T14:24:31.784517Z","level":"info","event":"","logger":"task.stdout"}
{"timestamp":"2026-02-11T14:24:31.784805Z","level":"info","event":"  Processing 821 API pit stops:","logger":"task.stdout"}
{"timestamp":"2026-02-11T14:24:31.785052Z","level":"info","event":"","logger":"task.stdout"}
{"timestamp":"2026-02-11T14:24:31.780372Z","level":"error","event":"Task failed with exception","logger":"task","filename":"task_runner.py","lineno":1078,"error_detail":[{"exc_type":"KeyError","exc_value":"'race_year'","exc_notes":[],"syntax_error":null,"is_cause":false,"frames":[{"filename":"/home/airflow/.local/lib/python3.12/site-packages/airflow/sdk/execution_time/task_runner.py","lineno":1004,"name":"run"},{"filename":"/home/airflow/.local/lib/python3.12/site-packages/airflow/sdk/execution_time/task_runner.py","lineno":1400,"name":"_execute_task"},{"filename":"/home/airflow/.local/lib/python3.12/site-packages/airflow/sdk/bases/operator.py","lineno":417,"name":"wrapper"},{"filename":"/home/airflow/.local/lib/python3.12/site-packages/airflow/providers/standard/operators/python.py","lineno":214,"name":"execute"},{"filename":"/home/airflow/.local/lib/python3.12/site-packages/airflow/providers/standard/operators/python.py","lineno":237,"name":"execute_callable"},{"filename":"/home/airflow/.local/lib/python3.12/site-packages/airflow/sdk/execution_time/callback_runner.py","lineno":82,"name":"run"},{"filename":"/opt/airflow/dags/api_etl/api_pitstops_bronze_to_silver.py","lineno":321,"name":"backfill_fact_pitstops"},{"filename":"/opt/airflow/dags/api_etl/api_pitstops_bronze_to_silver.py","lineno":115,"name":"merge_pitstops"},{"filename":"/home/airflow/.local/lib/python3.12/site-packages/pandas/core/frame.py","lineno":3893,"name":"__getitem__"},{"filename":"/home/airflow/.local/lib/python3.12/site-packages/pandas/core/indexes/base.py","lineno":3798,"name":"get_loc"}],"is_group":false,"exceptions":[]},{"exc_type":"KeyError","exc_value":"'race_year'","exc_notes":[],"syntax_error":null,"is_cause":true,"frames":[{"filename":"/home/airflow/.local/lib/python3.12/site-packages/pandas/core/indexes/base.py","lineno":3791,"name":"get_loc"},{"filename":"/opt/airflow/index.pyx","lineno":152,"name":"pandas._libs.index.IndexEngine.get_loc"},{"filename":"/opt/airflow/index.pyx","lineno":181,"name":"pandas._libs.index.IndexEngine.get_loc"},{"filename":"/opt/airflow/pandas/_libs/hashtable_class_helper.pxi","lineno":7080,"name":"pandas._libs.hashtable.PyObjectHashTable.get_item"},{"filename":"/opt/airflow/pandas/_libs/hashtable_class_helper.pxi","lineno":7088,"name":"pandas._libs.hashtable.PyObjectHashTable.get_item"}],"is_group":false,"exceptions":[]}]}
