{"timestamp":"2026-02-11T12:40:46.856058Z","level":"info","event":"DAG bundles loaded: dags-folder","logger":"airflow.dag_processing.bundles.manager.DagBundlesManager","filename":"manager.py","lineno":179}
{"timestamp":"2026-02-11T12:40:46.857376Z","level":"info","event":"Filling up the DagBag from /opt/airflow/dags/api_etl/api_constructorStandings_bronze.to_silver.py","logger":"airflow.models.dagbag.DagBag","filename":"dagbag.py","lineno":593}
{"timestamp":"2026-02-11T12:40:47.281713Z","level":"info","event":"======================================================================","logger":"task.stdout"}
{"timestamp":"2026-02-11T12:40:47.282364Z","level":"info","event":"F1 CONSTRUCTOR STANDINGS BACKFILL: ERGAST API -> SILVER","logger":"task.stdout"}
{"timestamp":"2026-02-11T12:40:47.282655Z","level":"info","event":"======================================================================","logger":"task.stdout"}
{"timestamp":"2026-02-11T12:40:47.282954Z","level":"info","event":"","logger":"task.stdout"}
{"timestamp":"2026-02-11T12:40:47.283143Z","level":"info","event":"[STEP 1] Scraping API...","logger":"task.stdout"}
{"timestamp":"2026-02-11T12:40:47.283319Z","level":"info","event":"","logger":"task.stdout"}
{"timestamp":"2026-02-11T12:40:47.283491Z","level":"info","event":"======================================================================","logger":"task.stdout"}
{"timestamp":"2026-02-11T12:40:47.283662Z","level":"info","event":"SCRAPING CONSTRUCTOR STANDINGS FROM ERGAST API: 2025-2025","logger":"task.stdout"}
{"timestamp":"2026-02-11T12:40:47.283851Z","level":"info","event":"======================================================================","logger":"task.stdout"}
{"timestamp":"2026-02-11T12:40:47.284121Z","level":"info","event":"","logger":"task.stdout"}
{"timestamp":"2026-02-11T12:40:47.284406Z","level":"info","event":"Fetching constructor standings for 2025...","logger":"task.stdout"}
{"timestamp":"2026-02-11T12:41:08.869322Z","level":"info","event":"10 standings found for 2025","logger":"task.stdout"}
{"timestamp":"2026-02-11T12:41:08.873842Z","level":"info","event":"","logger":"task.stdout"}
{"timestamp":"2026-02-11T12:41:08.874258Z","level":"info","event":"======================================================================","logger":"task.stdout"}
{"timestamp":"2026-02-11T12:41:08.874558Z","level":"info","event":"SCRAPING COMPLETE","logger":"task.stdout"}
{"timestamp":"2026-02-11T12:41:08.874916Z","level":"info","event":"Total records: 10","logger":"task.stdout"}
{"timestamp":"2026-02-11T12:41:08.875294Z","level":"info","event":"Years covered: 2025-2025","logger":"task.stdout"}
{"timestamp":"2026-02-11T12:41:08.875714Z","level":"info","event":"Unique races: 1","logger":"task.stdout"}
{"timestamp":"2026-02-11T12:41:08.876063Z","level":"info","event":"======================================================================","logger":"task.stdout"}
{"timestamp":"2026-02-11T12:41:08.876336Z","level":"info","event":"","logger":"task.stdout"}
{"timestamp":"2026-02-11T12:41:08.876700Z","level":"info","event":"API scraping complete: 10 standing records","logger":"task.stdout"}
{"timestamp":"2026-02-11T12:41:08.877041Z","level":"info","event":"","logger":"task.stdout"}
{"timestamp":"2026-02-11T12:41:08.877383Z","level":"info","event":"[STEP 2] Transforming to Silver schema...","logger":"task.stdout"}
{"timestamp":"2026-02-11T12:41:08.877710Z","level":"info","event":"Transforming API data to Silver schema...","logger":"task.stdout"}
{"timestamp":"2026-02-11T12:41:08.878083Z","level":"info","event":"Sorted by year + round + position","logger":"task.stdout"}
{"timestamp":"2026-02-11T12:41:08.878818Z","level":"info","event":"Generated cs_id: 10000001 - 10000010","logger":"task.stdout"}
{"timestamp":"2026-02-11T12:41:08.884032Z","level":"info","event":"Transformed 10 standings to Silver schema","logger":"task.stdout"}
{"timestamp":"2026-02-11T12:41:08.884397Z","level":"info","event":"Source: api","logger":"task.stdout"}
{"timestamp":"2026-02-11T12:41:08.884747Z","level":"info","event":"cs_id range: 10000001 - 10000010","logger":"task.stdout"}
{"timestamp":"2026-02-11T12:41:08.885063Z","level":"info","event":"Transformation complete: 10 standings","logger":"task.stdout"}
{"timestamp":"2026-02-11T12:41:08.885314Z","level":"info","event":"cs_id range: 10000001 - 10000010","logger":"task.stdout"}
{"timestamp":"2026-02-11T12:41:08.885561Z","level":"info","event":"","logger":"task.stdout"}
{"timestamp":"2026-02-11T12:41:08.885879Z","level":"info","event":"[STEP 3] Loading dimensions for FK resolution...","logger":"task.stdout"}
{"timestamp":"2026-02-11T12:41:08.935713Z","level":"info","event":" Downloaded dimensions/dim_constructor/dim_constructor.parquet (21 rows)","logger":"task.stdout"}
{"timestamp":"2026-02-11T12:41:08.940913Z","level":"info","event":" Downloaded dimensions/dim_race/dim_race.parquet (256 rows)","logger":"task.stdout"}
{"timestamp":"2026-02-11T12:41:08.953596Z","level":"info","event":" Downloaded dimensions/dim_time/dim_time.parquet (6940 rows)","logger":"task.stdout"}
{"timestamp":"2026-02-11T12:41:08.956430Z","level":"info","event":"Loaded dimensions:","logger":"task.stdout"}
{"timestamp":"2026-02-11T12:41:08.956964Z","level":"info","event":"  - dim_constructor: 21 constructors","logger":"task.stdout"}
{"timestamp":"2026-02-11T12:41:08.957455Z","level":"info","event":"  - dim_race: 256 races","logger":"task.stdout"}
{"timestamp":"2026-02-11T12:41:08.957688Z","level":"info","event":"  - dim_time: 6,940 dates","logger":"task.stdout"}
{"timestamp":"2026-02-11T12:41:08.957886Z","level":"info","event":"","logger":"task.stdout"}
{"timestamp":"2026-02-11T12:41:08.958068Z","level":"info","event":"[STEP 4] Resolving foreign keys...","logger":"task.stdout"}
{"timestamp":"2026-02-11T12:41:08.964913Z","level":"info","event":"Created lookup dictionaries:","logger":"task.stdout"}
{"timestamp":"2026-02-11T12:41:08.965284Z","level":"info","event":"  - constructor_ref -> constructor_key: 21 entries","logger":"task.stdout"}
{"timestamp":"2026-02-11T12:41:08.965501Z","level":"info","event":"  - race_year+race_round -> race_key: 256 entries","logger":"task.stdout"}
{"timestamp":"2026-02-11T12:41:08.965681Z","level":"info","event":"  - race_date -> time_key: 6940 entries","logger":"task.stdout"}
{"timestamp":"2026-02-11T12:41:08.980930Z","level":"info","event":"All FKs resolved successfully","logger":"task.stdout"}
{"timestamp":"2026-02-11T12:41:08.981295Z","level":"info","event":"","logger":"task.stdout"}
{"timestamp":"2026-02-11T12:41:08.981651Z","level":"info","event":"[STEP 5] Loading existing Silver data...","logger":"task.stdout"}
{"timestamp":"2026-02-11T12:41:08.985720Z","level":"info","event":" Downloaded facts/fact_constructor_standings/fact_constructor_standings.parquet (2398 rows)","logger":"task.stdout"}
{"timestamp":"2026-02-11T12:41:08.986058Z","level":"info","event":"Loaded 2,398 existing standings from Silver","logger":"task.stdout"}
{"timestamp":"2026-02-11T12:41:08.986508Z","level":"info","event":"Existing sources: {'f1_data.csv': 2398}","logger":"task.stdout"}
{"timestamp":"2026-02-11T12:41:08.986691Z","level":"info","event":"","logger":"task.stdout"}
{"timestamp":"2026-02-11T12:41:08.986866Z","level":"info","event":"[STEP 6] Merging API data with existing Silver...","logger":"task.stdout"}
{"timestamp":"2026-02-11T12:41:08.987031Z","level":"info","event":"","logger":"task.stdout"}
{"timestamp":"2026-02-11T12:41:08.987198Z","level":"info","event":"  Merge Configuration:","logger":"task.stdout"}
{"timestamp":"2026-02-11T12:41:08.987417Z","level":"info","event":"Existing standings: 2,398","logger":"task.stdout"}
{"timestamp":"2026-02-11T12:41:08.988065Z","level":"info","event":"New API standings: 10","logger":"task.stdout"}
{"timestamp":"2026-02-11T12:41:08.988355Z","level":"info","event":"Merge key: cs_id (PRIMARY natural key)","logger":"task.stdout"}
{"timestamp":"2026-02-11T12:41:08.988538Z","level":"info","event":"","logger":"task.stdout"}
{"timestamp":"2026-02-11T12:41:08.988709Z","level":"info","event":"  Current max cs_key: 2398","logger":"task.stdout"}
{"timestamp":"2026-02-11T12:41:08.988988Z","level":"info","event":"","logger":"task.stdout"}
{"timestamp":"2026-02-11T12:41:08.989344Z","level":"info","event":"  Processing 10 API standings:","logger":"task.stdout"}
{"timestamp":"2026-02-11T12:41:08.989551Z","level":"info","event":"","logger":"task.stdout"}
{"timestamp":"2026-02-11T12:41:08.989736Z","level":"info","event":"ADD: cs_id=10000001 (new standing from API)","logger":"task.stdout"}
{"timestamp":"2026-02-11T12:41:08.992141Z","level":"info","event":"ADD: cs_id=10000002 (new standing from API)","logger":"task.stdout"}
{"timestamp":"2026-02-11T12:41:08.994022Z","level":"info","event":"ADD: cs_id=10000003 (new standing from API)","logger":"task.stdout"}
{"timestamp":"2026-02-11T12:41:08.995722Z","level":"info","event":"ADD: cs_id=10000004 (new standing from API)","logger":"task.stdout"}
{"timestamp":"2026-02-11T12:41:08.997409Z","level":"info","event":"ADD: cs_id=10000005 (new standing from API)","logger":"task.stdout"}
{"timestamp":"2026-02-11T12:41:08.999083Z","level":"info","event":"ADD: cs_id=10000006 (new standing from API)","logger":"task.stdout"}
{"timestamp":"2026-02-11T12:41:09.000937Z","level":"info","event":"ADD: cs_id=10000007 (new standing from API)","logger":"task.stdout"}
{"timestamp":"2026-02-11T12:41:09.002641Z","level":"info","event":"ADD: cs_id=10000008 (new standing from API)","logger":"task.stdout"}
{"timestamp":"2026-02-11T12:41:09.004183Z","level":"info","event":"ADD: cs_id=10000009 (new standing from API)","logger":"task.stdout"}
{"timestamp":"2026-02-11T12:41:09.005840Z","level":"info","event":"ADD: cs_id=10000010 (new standing from API)","logger":"task.stdout"}
{"timestamp":"2026-02-11T12:41:09.009374Z","level":"info","event":"Merge complete: 2,408 total standings","logger":"task.stdout"}
{"timestamp":"2026-02-11T12:41:09.009729Z","level":"info","event":"","logger":"task.stdout"}
{"timestamp":"2026-02-11T12:41:09.009948Z","level":"info","event":"[STEP 7] Writing to Silver layer...","logger":"task.stdout"}
{"timestamp":"2026-02-11T12:41:09.036566Z","level":"info","event":" Uploaded facts/fact_constructor_standings/fact_constructor_standings.parquet (2408 rows)","logger":"task.stdout"}
{"timestamp":"2026-02-11T12:41:09.036907Z","level":"info","event":"Written to: s3://f1-silver/facts/fact_constructor_standings/fact_constructor_standings.parquet","logger":"task.stdout"}
{"timestamp":"2026-02-11T12:41:09.037289Z","level":"info","event":"","logger":"task.stdout"}
{"timestamp":"2026-02-11T12:41:09.037662Z","level":"info","event":"======================================================================","logger":"task.stdout"}
{"timestamp":"2026-02-11T12:41:09.037870Z","level":"info","event":"BACKFILL SUMMARY","logger":"task.stdout"}
{"timestamp":"2026-02-11T12:41:09.038336Z","level":"info","event":"======================================================================","logger":"task.stdout"}
{"timestamp":"2026-02-11T12:41:09.038581Z","level":"info","event":"  Existing standings in Silver: 2,398","logger":"task.stdout"}
{"timestamp":"2026-02-11T12:41:09.038757Z","level":"info","event":"  API standings scraped: 10","logger":"task.stdout"}
{"timestamp":"2026-02-11T12:41:09.039039Z","level":"info","event":"  Final standing count: 2,408","logger":"task.stdout"}
{"timestamp":"2026-02-11T12:41:09.039228Z","level":"info","event":"  New standings added: 10","logger":"task.stdout"}
{"timestamp":"2026-02-11T12:41:09.039706Z","level":"info","event":"","logger":"task.stdout"}
{"timestamp":"2026-02-11T12:41:09.040005Z","level":"info","event":"  Final source breakdown:","logger":"task.stdout"}
{"timestamp":"2026-02-11T12:41:09.040196Z","level":"info","event":"    f1_data.csv    : 2,398","logger":"task.stdout"}
{"timestamp":"2026-02-11T12:41:09.040459Z","level":"info","event":"    api            : 10","logger":"task.stdout"}
{"timestamp":"2026-02-11T12:41:09.040640Z","level":"info","event":"","logger":"task.stdout"}
{"timestamp":"2026-02-11T12:41:09.040828Z","level":"info","event":"  cs_id ranges:","logger":"task.stdout"}
{"timestamp":"2026-02-11T12:41:09.041168Z","level":"info","event":"    f1_data.csv    : 24777 - 28572","logger":"task.stdout"}
{"timestamp":"2026-02-11T12:41:09.041410Z","level":"info","event":"    api            : 10000001 - 10000010","logger":"task.stdout"}
{"timestamp":"2026-02-11T12:41:09.041598Z","level":"info","event":"======================================================================","logger":"task.stdout"}
{"timestamp":"2026-02-11T12:41:09.062468Z","level":"info","event":"Done. Returned value was: {'existing_count': 2398, 'api_scraped': 10, 'final_count': 2408, 'new_standings_added': 10}","logger":"airflow.task.operators.airflow.providers.standard.operators.python.PythonOperator","filename":"python.py","lineno":216}
{"timestamp":"2026-02-11T12:41:09.062758Z","level":"info","event":"Pushing xcom","ti":"RuntimeTaskInstance(id=UUID('019c4cb7-e67c-77dc-a077-11b271079cf3'), task_id='backfill_fact_constructor_standings', dag_id='api_constructorstandings_bronze_to_silver', run_id='manual__2026-02-11T12:39:01+00:00', try_number=2, dag_version_id=UUID('019c4cb5-a0f7-7801-b8da-fba2b2e87636'), map_index=-1, hostname='d105c47e2bea', context_carrier={}, task=<Task(PythonOperator): backfill_fact_constructor_standings>, bundle_instance=LocalDagBundle(name=dags-folder), max_tries=3, start_date=datetime.datetime(2026, 2, 11, 12, 40, 46, 819502, tzinfo=datetime.timezone.utc), end_date=None, state=<TaskInstanceState.RUNNING: 'running'>, is_mapped=False, rendered_map_index=None)","logger":"task","filename":"task_runner.py","lineno":1450}
