{"timestamp":"2026-02-26T18:21:25.081429Z","level":"info","event":"DAG bundles loaded: dags-folder","logger":"airflow.dag_processing.bundles.manager.DagBundlesManager","filename":"manager.py","lineno":179}
{"timestamp":"2026-02-26T18:21:25.131062Z","level":"info","event":"Filling up the DagBag from /opt/airflow/dags/weekly_f1_pipeline.py","logger":"airflow.models.dagbag.DagBag","filename":"dagbag.py","lineno":593}
{"timestamp":"2026-02-26T18:21:45.484708Z","level":"warning","event":"The `airflow.utils.task_group.TaskGroup` attribute is deprecated. Please use `'airflow.sdk.TaskGroup'`.","category":"DeprecatedImportWarning","filename":"/opt/airflow/dags/weekly_f1_pipeline.py","lineno":36,"logger":"py.warnings"}
{"timestamp":"2026-02-26T18:21:45.486281Z","level":"warning","event":"The `airflow.operators.trigger_dagrun.TriggerDagRunOperator` attribute is deprecated. Please use `'airflow.providers.standard.operators.trigger_dagrun.TriggerDagRunOperator'`.","category":"DeprecatedImportWarning","filename":"/opt/airflow/dags/kafka_producer_pipeline.py","lineno":35,"logger":"py.warnings"}
{"timestamp":"2026-02-26T18:21:45.750236Z","level":"info","event":"======================================================================","logger":"task.stdout"}
{"timestamp":"2026-02-26T18:21:45.766261Z","level":"info","event":"CONSUMER: f1.dim.constructors -> dimensions.constructor","logger":"task.stdout"}
{"timestamp":"2026-02-26T18:21:45.767362Z","level":"info","event":"======================================================================","logger":"task.stdout"}
{"timestamp":"2026-02-26T18:21:45.774183Z","level":"info","event":"  Connecting to Kafka, topic='f1.dim.constructors', group='f1-incremental-consumers'","logger":"task.stdout"}
{"timestamp":"2026-02-26T18:21:45.763136Z","level":"info","event":"<BrokerConnection client_id=kafka-python-2.2.0, node_id=bootstrap-0 host=kafka:29092 <connecting> [IPv4 ('172.18.0.3', 29092)]>: connecting to kafka:29092 [('172.18.0.3', 29092) IPv4]","logger":"kafka.conn","filename":"conn.py","lineno":395}
{"timestamp":"2026-02-26T18:21:45.828186Z","level":"info","event":"<BrokerConnection client_id=kafka-python-2.2.0, node_id=bootstrap-0 host=kafka:29092 <checking_api_versions_recv> [IPv4 ('172.18.0.3', 29092)]>: Broker version identified as 2.6","logger":"kafka.conn","filename":"conn.py","lineno":615}
{"timestamp":"2026-02-26T18:21:45.829645Z","level":"info","event":"<BrokerConnection client_id=kafka-python-2.2.0, node_id=bootstrap-0 host=kafka:29092 <connected> [IPv4 ('172.18.0.3', 29092)]>: Connection complete.","logger":"kafka.conn","filename":"conn.py","lineno":456}
{"timestamp":"2026-02-26T18:21:45.868366Z","level":"info","event":"Updating subscribed topics to: ('f1.dim.constructors',)","logger":"kafka.consumer.subscription_state","filename":"subscription_state.py","lineno":177}
{"timestamp":"2026-02-26T18:21:45.902641Z","level":"info","event":"<BrokerConnection client_id=kafka-python-2.2.0, node_id=1 host=kafka:29092 <connecting> [IPv4 ('172.18.0.3', 29092)]>: connecting to kafka:29092 [('172.18.0.3', 29092) IPv4]","logger":"kafka.conn","filename":"conn.py","lineno":395}
{"timestamp":"2026-02-26T18:21:45.921508Z","level":"info","event":"<BrokerConnection client_id=kafka-python-2.2.0, node_id=1 host=kafka:29092 <connected> [IPv4 ('172.18.0.3', 29092)]>: Connection complete.","logger":"kafka.conn","filename":"conn.py","lineno":456}
{"timestamp":"2026-02-26T18:21:45.938213Z","level":"info","event":"<BrokerConnection client_id=kafka-python-2.2.0, node_id=bootstrap-0 host=kafka:29092 <connected> [IPv4 ('172.18.0.3', 29092)]>: Closing connection. ","logger":"kafka.conn","filename":"conn.py","lineno":936}
{"timestamp":"2026-02-26T18:21:46.433056Z","level":"info","event":"Coordinator for group/f1-incremental-consumers is BrokerMetadata(nodeId='coordinator-1', host='kafka', port=29092, rack=None)","logger":"kafka.cluster","filename":"cluster.py","lineno":398}
{"timestamp":"2026-02-26T18:21:46.433606Z","level":"info","event":"Discovered coordinator coordinator-1 for group f1-incremental-consumers","logger":"kafka.coordinator","filename":"base.py","lineno":745}
{"timestamp":"2026-02-26T18:21:46.434334Z","level":"info","event":"Starting new heartbeat thread","logger":"kafka.coordinator","filename":"base.py","lineno":796}
{"timestamp":"2026-02-26T18:21:46.491504Z","level":"info","event":"Revoking previously assigned partitions set() for group f1-incremental-consumers","logger":"kafka.coordinator.consumer","filename":"consumer.py","lineno":357}
{"timestamp":"2026-02-26T18:21:46.500869Z","level":"info","event":"<BrokerConnection client_id=kafka-python-2.2.0, node_id=coordinator-1 host=kafka:29092 <connecting> [IPv4 ('172.18.0.3', 29092)]>: connecting to kafka:29092 [('172.18.0.3', 29092) IPv4]","logger":"kafka.conn","filename":"conn.py","lineno":395}
{"timestamp":"2026-02-26T18:21:46.539236Z","level":"info","event":"<BrokerConnection client_id=kafka-python-2.2.0, node_id=coordinator-1 host=kafka:29092 <connected> [IPv4 ('172.18.0.3', 29092)]>: Connection complete.","logger":"kafka.conn","filename":"conn.py","lineno":456}
{"timestamp":"2026-02-26T18:21:46.643835Z","level":"info","event":"(Re-)joining group f1-incremental-consumers","logger":"kafka.coordinator","filename":"base.py","lineno":500}
{"timestamp":"2026-02-26T18:21:46.819354Z","level":"warning","event":"Marking the coordinator dead (node coordinator-1) for group f1-incremental-consumers: [Error 16] NotCoordinatorError.","logger":"kafka.coordinator","filename":"base.py","lineno":767}
{"timestamp":"2026-02-26T18:21:47.022517Z","level":"info","event":"Coordinator for group/f1-incremental-consumers is BrokerMetadata(nodeId='coordinator-1', host='kafka', port=29092, rack=None)","logger":"kafka.cluster","filename":"cluster.py","lineno":398}
{"timestamp":"2026-02-26T18:21:47.026196Z","level":"info","event":"Discovered coordinator coordinator-1 for group f1-incremental-consumers","logger":"kafka.coordinator","filename":"base.py","lineno":745}
{"timestamp":"2026-02-26T18:21:47.026710Z","level":"info","event":"(Re-)joining group f1-incremental-consumers","logger":"kafka.coordinator","filename":"base.py","lineno":500}
{"timestamp":"2026-02-26T18:21:47.161885Z","level":"warning","event":"Marking the coordinator dead (node coordinator-1) for group f1-incremental-consumers: [Error 16] NotCoordinatorError.","logger":"kafka.coordinator","filename":"base.py","lineno":767}
{"timestamp":"2026-02-26T18:21:47.303847Z","level":"info","event":"Coordinator for group/f1-incremental-consumers is BrokerMetadata(nodeId='coordinator-1', host='kafka', port=29092, rack=None)","logger":"kafka.cluster","filename":"cluster.py","lineno":398}
{"timestamp":"2026-02-26T18:21:47.304342Z","level":"info","event":"Discovered coordinator coordinator-1 for group f1-incremental-consumers","logger":"kafka.coordinator","filename":"base.py","lineno":745}
{"timestamp":"2026-02-26T18:21:47.304905Z","level":"info","event":"(Re-)joining group f1-incremental-consumers","logger":"kafka.coordinator","filename":"base.py","lineno":500}
{"timestamp":"2026-02-26T18:21:47.411896Z","level":"warning","event":"Marking the coordinator dead (node coordinator-1) for group f1-incremental-consumers: [Error 16] NotCoordinatorError.","logger":"kafka.coordinator","filename":"base.py","lineno":767}
{"timestamp":"2026-02-26T18:21:47.612021Z","level":"info","event":"Coordinator for group/f1-incremental-consumers is BrokerMetadata(nodeId='coordinator-1', host='kafka', port=29092, rack=None)","logger":"kafka.cluster","filename":"cluster.py","lineno":398}
{"timestamp":"2026-02-26T18:21:47.612555Z","level":"info","event":"Discovered coordinator coordinator-1 for group f1-incremental-consumers","logger":"kafka.coordinator","filename":"base.py","lineno":745}
{"timestamp":"2026-02-26T18:21:47.613096Z","level":"info","event":"(Re-)joining group f1-incremental-consumers","logger":"kafka.coordinator","filename":"base.py","lineno":500}
{"timestamp":"2026-02-26T18:21:47.759432Z","level":"warning","event":"Marking the coordinator dead (node coordinator-1) for group f1-incremental-consumers: [Error 16] NotCoordinatorError.","logger":"kafka.coordinator","filename":"base.py","lineno":767}
{"timestamp":"2026-02-26T18:21:47.918657Z","level":"info","event":"Coordinator for group/f1-incremental-consumers is BrokerMetadata(nodeId='coordinator-1', host='kafka', port=29092, rack=None)","logger":"kafka.cluster","filename":"cluster.py","lineno":398}
{"timestamp":"2026-02-26T18:21:47.918974Z","level":"info","event":"Discovered coordinator coordinator-1 for group f1-incremental-consumers","logger":"kafka.coordinator","filename":"base.py","lineno":745}
{"timestamp":"2026-02-26T18:21:47.919264Z","level":"info","event":"(Re-)joining group f1-incremental-consumers","logger":"kafka.coordinator","filename":"base.py","lineno":500}
{"timestamp":"2026-02-26T18:21:47.981501Z","level":"warning","event":"Marking the coordinator dead (node coordinator-1) for group f1-incremental-consumers: [Error 16] NotCoordinatorError.","logger":"kafka.coordinator","filename":"base.py","lineno":767}
{"timestamp":"2026-02-26T18:21:48.085270Z","level":"info","event":"Coordinator for group/f1-incremental-consumers is BrokerMetadata(nodeId='coordinator-1', host='kafka', port=29092, rack=None)","logger":"kafka.cluster","filename":"cluster.py","lineno":398}
{"timestamp":"2026-02-26T18:21:48.085869Z","level":"info","event":"Discovered coordinator coordinator-1 for group f1-incremental-consumers","logger":"kafka.coordinator","filename":"base.py","lineno":745}
{"timestamp":"2026-02-26T18:21:48.092507Z","level":"info","event":"(Re-)joining group f1-incremental-consumers","logger":"kafka.coordinator","filename":"base.py","lineno":500}
{"timestamp":"2026-02-26T18:21:48.107028Z","level":"warning","event":"Marking the coordinator dead (node coordinator-1) for group f1-incremental-consumers: [Error 16] NotCoordinatorError.","logger":"kafka.coordinator","filename":"base.py","lineno":767}
{"timestamp":"2026-02-26T18:21:48.258906Z","level":"info","event":"Coordinator for group/f1-incremental-consumers is BrokerMetadata(nodeId='coordinator-1', host='kafka', port=29092, rack=None)","logger":"kafka.cluster","filename":"cluster.py","lineno":398}
{"timestamp":"2026-02-26T18:21:48.259582Z","level":"info","event":"Discovered coordinator coordinator-1 for group f1-incremental-consumers","logger":"kafka.coordinator","filename":"base.py","lineno":745}
{"timestamp":"2026-02-26T18:21:48.260045Z","level":"info","event":"(Re-)joining group f1-incremental-consumers","logger":"kafka.coordinator","filename":"base.py","lineno":500}
{"timestamp":"2026-02-26T18:21:48.342942Z","level":"warning","event":"Marking the coordinator dead (node coordinator-1) for group f1-incremental-consumers: [Error 16] NotCoordinatorError.","logger":"kafka.coordinator","filename":"base.py","lineno":767}
{"timestamp":"2026-02-26T18:21:48.468552Z","level":"info","event":"Coordinator for group/f1-incremental-consumers is BrokerMetadata(nodeId='coordinator-1', host='kafka', port=29092, rack=None)","logger":"kafka.cluster","filename":"cluster.py","lineno":398}
{"timestamp":"2026-02-26T18:21:48.503989Z","level":"info","event":"Discovered coordinator coordinator-1 for group f1-incremental-consumers","logger":"kafka.coordinator","filename":"base.py","lineno":745}
{"timestamp":"2026-02-26T18:21:48.504480Z","level":"info","event":"(Re-)joining group f1-incremental-consumers","logger":"kafka.coordinator","filename":"base.py","lineno":500}
{"timestamp":"2026-02-26T18:21:48.572320Z","level":"warning","event":"Marking the coordinator dead (node coordinator-1) for group f1-incremental-consumers: [Error 16] NotCoordinatorError.","logger":"kafka.coordinator","filename":"base.py","lineno":767}
{"timestamp":"2026-02-26T18:21:48.711097Z","level":"info","event":"Coordinator for group/f1-incremental-consumers is BrokerMetadata(nodeId='coordinator-1', host='kafka', port=29092, rack=None)","logger":"kafka.cluster","filename":"cluster.py","lineno":398}
{"timestamp":"2026-02-26T18:21:48.726635Z","level":"info","event":"Discovered coordinator coordinator-1 for group f1-incremental-consumers","logger":"kafka.coordinator","filename":"base.py","lineno":745}
{"timestamp":"2026-02-26T18:21:48.727305Z","level":"info","event":"(Re-)joining group f1-incremental-consumers","logger":"kafka.coordinator","filename":"base.py","lineno":500}
{"timestamp":"2026-02-26T18:21:48.743477Z","level":"warning","event":"Marking the coordinator dead (node coordinator-1) for group f1-incremental-consumers: [Error 16] NotCoordinatorError.","logger":"kafka.coordinator","filename":"base.py","lineno":767}
{"timestamp":"2026-02-26T18:21:48.869266Z","level":"info","event":"Coordinator for group/f1-incremental-consumers is BrokerMetadata(nodeId='coordinator-1', host='kafka', port=29092, rack=None)","logger":"kafka.cluster","filename":"cluster.py","lineno":398}
{"timestamp":"2026-02-26T18:21:48.873430Z","level":"info","event":"Discovered coordinator coordinator-1 for group f1-incremental-consumers","logger":"kafka.coordinator","filename":"base.py","lineno":745}
{"timestamp":"2026-02-26T18:21:48.873864Z","level":"info","event":"(Re-)joining group f1-incremental-consumers","logger":"kafka.coordinator","filename":"base.py","lineno":500}
{"timestamp":"2026-02-26T18:21:48.954766Z","level":"warning","event":"Marking the coordinator dead (node coordinator-1) for group f1-incremental-consumers: [Error 16] NotCoordinatorError.","logger":"kafka.coordinator","filename":"base.py","lineno":767}
{"timestamp":"2026-02-26T18:21:49.973760Z","level":"info","event":"Coordinator for group/f1-incremental-consumers is BrokerMetadata(nodeId='coordinator-1', host='kafka', port=29092, rack=None)","logger":"kafka.cluster","filename":"cluster.py","lineno":398}
{"timestamp":"2026-02-26T18:21:50.006660Z","level":"info","event":"Discovered coordinator coordinator-1 for group f1-incremental-consumers","logger":"kafka.coordinator","filename":"base.py","lineno":745}
{"timestamp":"2026-02-26T18:21:50.007330Z","level":"info","event":"(Re-)joining group f1-incremental-consumers","logger":"kafka.coordinator","filename":"base.py","lineno":500}
{"timestamp":"2026-02-26T18:21:50.091296Z","level":"warning","event":"Marking the coordinator dead (node coordinator-1) for group f1-incremental-consumers: [Error 16] NotCoordinatorError.","logger":"kafka.coordinator","filename":"base.py","lineno":767}
{"timestamp":"2026-02-26T18:21:50.282548Z","level":"info","event":"Coordinator for group/f1-incremental-consumers is BrokerMetadata(nodeId='coordinator-1', host='kafka', port=29092, rack=None)","logger":"kafka.cluster","filename":"cluster.py","lineno":398}
{"timestamp":"2026-02-26T18:21:50.283152Z","level":"info","event":"Discovered coordinator coordinator-1 for group f1-incremental-consumers","logger":"kafka.coordinator","filename":"base.py","lineno":745}
{"timestamp":"2026-02-26T18:21:50.283709Z","level":"info","event":"(Re-)joining group f1-incremental-consumers","logger":"kafka.coordinator","filename":"base.py","lineno":500}
{"timestamp":"2026-02-26T18:21:50.343098Z","level":"warning","event":"Marking the coordinator dead (node coordinator-1) for group f1-incremental-consumers: [Error 16] NotCoordinatorError.","logger":"kafka.coordinator","filename":"base.py","lineno":767}
{"timestamp":"2026-02-26T18:21:50.499223Z","level":"info","event":"Coordinator for group/f1-incremental-consumers is BrokerMetadata(nodeId='coordinator-1', host='kafka', port=29092, rack=None)","logger":"kafka.cluster","filename":"cluster.py","lineno":398}
{"timestamp":"2026-02-26T18:21:50.499771Z","level":"info","event":"Discovered coordinator coordinator-1 for group f1-incremental-consumers","logger":"kafka.coordinator","filename":"base.py","lineno":745}
{"timestamp":"2026-02-26T18:21:50.518672Z","level":"info","event":"(Re-)joining group f1-incremental-consumers","logger":"kafka.coordinator","filename":"base.py","lineno":500}
{"timestamp":"2026-02-26T18:21:50.747568Z","level":"warning","event":"Marking the coordinator dead (node coordinator-1) for group f1-incremental-consumers: [Error 16] NotCoordinatorError.","logger":"kafka.coordinator","filename":"base.py","lineno":767}
{"timestamp":"2026-02-26T18:21:50.912940Z","level":"info","event":"Coordinator for group/f1-incremental-consumers is BrokerMetadata(nodeId='coordinator-1', host='kafka', port=29092, rack=None)","logger":"kafka.cluster","filename":"cluster.py","lineno":398}
{"timestamp":"2026-02-26T18:21:50.935906Z","level":"info","event":"Discovered coordinator coordinator-1 for group f1-incremental-consumers","logger":"kafka.coordinator","filename":"base.py","lineno":745}
{"timestamp":"2026-02-26T18:21:50.936585Z","level":"info","event":"(Re-)joining group f1-incremental-consumers","logger":"kafka.coordinator","filename":"base.py","lineno":500}
{"timestamp":"2026-02-26T18:21:51.008493Z","level":"warning","event":"Marking the coordinator dead (node coordinator-1) for group f1-incremental-consumers: [Error 16] NotCoordinatorError.","logger":"kafka.coordinator","filename":"base.py","lineno":767}
{"timestamp":"2026-02-26T18:21:51.171814Z","level":"info","event":"Coordinator for group/f1-incremental-consumers is BrokerMetadata(nodeId='coordinator-1', host='kafka', port=29092, rack=None)","logger":"kafka.cluster","filename":"cluster.py","lineno":398}
{"timestamp":"2026-02-26T18:21:51.173259Z","level":"info","event":"Discovered coordinator coordinator-1 for group f1-incremental-consumers","logger":"kafka.coordinator","filename":"base.py","lineno":745}
{"timestamp":"2026-02-26T18:21:51.174202Z","level":"info","event":"(Re-)joining group f1-incremental-consumers","logger":"kafka.coordinator","filename":"base.py","lineno":500}
{"timestamp":"2026-02-26T18:21:51.250158Z","level":"warning","event":"Marking the coordinator dead (node coordinator-1) for group f1-incremental-consumers: [Error 16] NotCoordinatorError.","logger":"kafka.coordinator","filename":"base.py","lineno":767}
{"timestamp":"2026-02-26T18:21:51.439406Z","level":"info","event":"Coordinator for group/f1-incremental-consumers is BrokerMetadata(nodeId='coordinator-1', host='kafka', port=29092, rack=None)","logger":"kafka.cluster","filename":"cluster.py","lineno":398}
{"timestamp":"2026-02-26T18:21:51.439932Z","level":"info","event":"Discovered coordinator coordinator-1 for group f1-incremental-consumers","logger":"kafka.coordinator","filename":"base.py","lineno":745}
{"timestamp":"2026-02-26T18:21:51.440425Z","level":"info","event":"(Re-)joining group f1-incremental-consumers","logger":"kafka.coordinator","filename":"base.py","lineno":500}
{"timestamp":"2026-02-26T18:21:51.531379Z","level":"warning","event":"Marking the coordinator dead (node coordinator-1) for group f1-incremental-consumers: [Error 16] NotCoordinatorError.","logger":"kafka.coordinator","filename":"base.py","lineno":767}
{"timestamp":"2026-02-26T18:21:51.775150Z","level":"info","event":"Coordinator for group/f1-incremental-consumers is BrokerMetadata(nodeId='coordinator-1', host='kafka', port=29092, rack=None)","logger":"kafka.cluster","filename":"cluster.py","lineno":398}
{"timestamp":"2026-02-26T18:21:51.785856Z","level":"info","event":"Discovered coordinator coordinator-1 for group f1-incremental-consumers","logger":"kafka.coordinator","filename":"base.py","lineno":745}
{"timestamp":"2026-02-26T18:21:51.807969Z","level":"info","event":"(Re-)joining group f1-incremental-consumers","logger":"kafka.coordinator","filename":"base.py","lineno":500}
{"timestamp":"2026-02-26T18:21:51.879679Z","level":"warning","event":"Marking the coordinator dead (node coordinator-1) for group f1-incremental-consumers: [Error 16] NotCoordinatorError.","logger":"kafka.coordinator","filename":"base.py","lineno":767}
{"timestamp":"2026-02-26T18:21:52.027206Z","level":"info","event":"Coordinator for group/f1-incremental-consumers is BrokerMetadata(nodeId='coordinator-1', host='kafka', port=29092, rack=None)","logger":"kafka.cluster","filename":"cluster.py","lineno":398}
{"timestamp":"2026-02-26T18:21:52.031317Z","level":"info","event":"Discovered coordinator coordinator-1 for group f1-incremental-consumers","logger":"kafka.coordinator","filename":"base.py","lineno":745}
{"timestamp":"2026-02-26T18:21:52.032135Z","level":"info","event":"(Re-)joining group f1-incremental-consumers","logger":"kafka.coordinator","filename":"base.py","lineno":500}
{"timestamp":"2026-02-26T18:21:52.087457Z","level":"warning","event":"Marking the coordinator dead (node coordinator-1) for group f1-incremental-consumers: [Error 16] NotCoordinatorError.","logger":"kafka.coordinator","filename":"base.py","lineno":767}
{"timestamp":"2026-02-26T18:21:52.217828Z","level":"info","event":"Coordinator for group/f1-incremental-consumers is BrokerMetadata(nodeId='coordinator-1', host='kafka', port=29092, rack=None)","logger":"kafka.cluster","filename":"cluster.py","lineno":398}
{"timestamp":"2026-02-26T18:21:52.221143Z","level":"info","event":"Discovered coordinator coordinator-1 for group f1-incremental-consumers","logger":"kafka.coordinator","filename":"base.py","lineno":745}
{"timestamp":"2026-02-26T18:21:52.221815Z","level":"info","event":"(Re-)joining group f1-incremental-consumers","logger":"kafka.coordinator","filename":"base.py","lineno":500}
{"timestamp":"2026-02-26T18:21:52.236545Z","level":"warning","event":"Marking the coordinator dead (node coordinator-1) for group f1-incremental-consumers: [Error 16] NotCoordinatorError.","logger":"kafka.coordinator","filename":"base.py","lineno":767}
{"timestamp":"2026-02-26T18:21:52.357801Z","level":"info","event":"Coordinator for group/f1-incremental-consumers is BrokerMetadata(nodeId='coordinator-1', host='kafka', port=29092, rack=None)","logger":"kafka.cluster","filename":"cluster.py","lineno":398}
{"timestamp":"2026-02-26T18:21:52.373787Z","level":"info","event":"Discovered coordinator coordinator-1 for group f1-incremental-consumers","logger":"kafka.coordinator","filename":"base.py","lineno":745}
{"timestamp":"2026-02-26T18:21:52.374578Z","level":"info","event":"(Re-)joining group f1-incremental-consumers","logger":"kafka.coordinator","filename":"base.py","lineno":500}
{"timestamp":"2026-02-26T18:21:52.432472Z","level":"warning","event":"Marking the coordinator dead (node coordinator-1) for group f1-incremental-consumers: [Error 16] NotCoordinatorError.","logger":"kafka.coordinator","filename":"base.py","lineno":767}
{"timestamp":"2026-02-26T18:21:52.593183Z","level":"info","event":"Coordinator for group/f1-incremental-consumers is BrokerMetadata(nodeId='coordinator-1', host='kafka', port=29092, rack=None)","logger":"kafka.cluster","filename":"cluster.py","lineno":398}
{"timestamp":"2026-02-26T18:21:52.593679Z","level":"info","event":"Discovered coordinator coordinator-1 for group f1-incremental-consumers","logger":"kafka.coordinator","filename":"base.py","lineno":745}
{"timestamp":"2026-02-26T18:21:52.594227Z","level":"info","event":"(Re-)joining group f1-incremental-consumers","logger":"kafka.coordinator","filename":"base.py","lineno":500}
{"timestamp":"2026-02-26T18:21:52.626820Z","level":"warning","event":"Marking the coordinator dead (node coordinator-1) for group f1-incremental-consumers: [Error 16] NotCoordinatorError.","logger":"kafka.coordinator","filename":"base.py","lineno":767}
{"timestamp":"2026-02-26T18:21:52.773071Z","level":"info","event":"Coordinator for group/f1-incremental-consumers is BrokerMetadata(nodeId='coordinator-1', host='kafka', port=29092, rack=None)","logger":"kafka.cluster","filename":"cluster.py","lineno":398}
{"timestamp":"2026-02-26T18:21:52.773540Z","level":"info","event":"Discovered coordinator coordinator-1 for group f1-incremental-consumers","logger":"kafka.coordinator","filename":"base.py","lineno":745}
{"timestamp":"2026-02-26T18:21:52.774014Z","level":"info","event":"(Re-)joining group f1-incremental-consumers","logger":"kafka.coordinator","filename":"base.py","lineno":500}
{"timestamp":"2026-02-26T18:21:52.807806Z","level":"warning","event":"Marking the coordinator dead (node coordinator-1) for group f1-incremental-consumers: [Error 16] NotCoordinatorError.","logger":"kafka.coordinator","filename":"base.py","lineno":767}
{"timestamp":"2026-02-26T18:21:52.995591Z","level":"info","event":"Coordinator for group/f1-incremental-consumers is BrokerMetadata(nodeId='coordinator-1', host='kafka', port=29092, rack=None)","logger":"kafka.cluster","filename":"cluster.py","lineno":398}
{"timestamp":"2026-02-26T18:21:53.003309Z","level":"info","event":"Discovered coordinator coordinator-1 for group f1-incremental-consumers","logger":"kafka.coordinator","filename":"base.py","lineno":745}
{"timestamp":"2026-02-26T18:21:53.031140Z","level":"info","event":"(Re-)joining group f1-incremental-consumers","logger":"kafka.coordinator","filename":"base.py","lineno":500}
{"timestamp":"2026-02-26T18:21:53.083275Z","level":"warning","event":"Marking the coordinator dead (node coordinator-1) for group f1-incremental-consumers: [Error 16] NotCoordinatorError.","logger":"kafka.coordinator","filename":"base.py","lineno":767}
{"timestamp":"2026-02-26T18:21:53.231814Z","level":"info","event":"Coordinator for group/f1-incremental-consumers is BrokerMetadata(nodeId='coordinator-1', host='kafka', port=29092, rack=None)","logger":"kafka.cluster","filename":"cluster.py","lineno":398}
{"timestamp":"2026-02-26T18:21:53.258828Z","level":"info","event":"Discovered coordinator coordinator-1 for group f1-incremental-consumers","logger":"kafka.coordinator","filename":"base.py","lineno":745}
{"timestamp":"2026-02-26T18:21:53.259438Z","level":"info","event":"(Re-)joining group f1-incremental-consumers","logger":"kafka.coordinator","filename":"base.py","lineno":500}
{"timestamp":"2026-02-26T18:21:53.328671Z","level":"warning","event":"Marking the coordinator dead (node coordinator-1) for group f1-incremental-consumers: [Error 16] NotCoordinatorError.","logger":"kafka.coordinator","filename":"base.py","lineno":767}
{"timestamp":"2026-02-26T18:21:53.496231Z","level":"info","event":"Coordinator for group/f1-incremental-consumers is BrokerMetadata(nodeId='coordinator-1', host='kafka', port=29092, rack=None)","logger":"kafka.cluster","filename":"cluster.py","lineno":398}
{"timestamp":"2026-02-26T18:21:53.496808Z","level":"info","event":"Discovered coordinator coordinator-1 for group f1-incremental-consumers","logger":"kafka.coordinator","filename":"base.py","lineno":745}
{"timestamp":"2026-02-26T18:21:53.497293Z","level":"info","event":"(Re-)joining group f1-incremental-consumers","logger":"kafka.coordinator","filename":"base.py","lineno":500}
{"timestamp":"2026-02-26T18:21:53.504790Z","level":"warning","event":"Marking the coordinator dead (node coordinator-1) for group f1-incremental-consumers: [Error 16] NotCoordinatorError.","logger":"kafka.coordinator","filename":"base.py","lineno":767}
{"timestamp":"2026-02-26T18:21:53.614185Z","level":"info","event":"Coordinator for group/f1-incremental-consumers is BrokerMetadata(nodeId='coordinator-1', host='kafka', port=29092, rack=None)","logger":"kafka.cluster","filename":"cluster.py","lineno":398}
{"timestamp":"2026-02-26T18:21:53.617334Z","level":"info","event":"Discovered coordinator coordinator-1 for group f1-incremental-consumers","logger":"kafka.coordinator","filename":"base.py","lineno":745}
{"timestamp":"2026-02-26T18:21:53.620899Z","level":"info","event":"(Re-)joining group f1-incremental-consumers","logger":"kafka.coordinator","filename":"base.py","lineno":500}
{"timestamp":"2026-02-26T18:21:53.641719Z","level":"warning","event":"Marking the coordinator dead (node coordinator-1) for group f1-incremental-consumers: [Error 16] NotCoordinatorError.","logger":"kafka.coordinator","filename":"base.py","lineno":767}
{"timestamp":"2026-02-26T18:21:53.826254Z","level":"info","event":"Coordinator for group/f1-incremental-consumers is BrokerMetadata(nodeId='coordinator-1', host='kafka', port=29092, rack=None)","logger":"kafka.cluster","filename":"cluster.py","lineno":398}
{"timestamp":"2026-02-26T18:21:53.826952Z","level":"info","event":"Discovered coordinator coordinator-1 for group f1-incremental-consumers","logger":"kafka.coordinator","filename":"base.py","lineno":745}
{"timestamp":"2026-02-26T18:21:53.827526Z","level":"info","event":"(Re-)joining group f1-incremental-consumers","logger":"kafka.coordinator","filename":"base.py","lineno":500}
{"timestamp":"2026-02-26T18:21:53.931090Z","level":"warning","event":"Marking the coordinator dead (node coordinator-1) for group f1-incremental-consumers: [Error 16] NotCoordinatorError.","logger":"kafka.coordinator","filename":"base.py","lineno":767}
{"timestamp":"2026-02-26T18:21:54.069191Z","level":"info","event":"Coordinator for group/f1-incremental-consumers is BrokerMetadata(nodeId='coordinator-1', host='kafka', port=29092, rack=None)","logger":"kafka.cluster","filename":"cluster.py","lineno":398}
{"timestamp":"2026-02-26T18:21:54.069545Z","level":"info","event":"Discovered coordinator coordinator-1 for group f1-incremental-consumers","logger":"kafka.coordinator","filename":"base.py","lineno":745}
{"timestamp":"2026-02-26T18:21:54.073968Z","level":"info","event":"(Re-)joining group f1-incremental-consumers","logger":"kafka.coordinator","filename":"base.py","lineno":500}
{"timestamp":"2026-02-26T18:21:54.128306Z","level":"warning","event":"Marking the coordinator dead (node coordinator-1) for group f1-incremental-consumers: [Error 16] NotCoordinatorError.","logger":"kafka.coordinator","filename":"base.py","lineno":767}
{"timestamp":"2026-02-26T18:21:54.262293Z","level":"info","event":"Coordinator for group/f1-incremental-consumers is BrokerMetadata(nodeId='coordinator-1', host='kafka', port=29092, rack=None)","logger":"kafka.cluster","filename":"cluster.py","lineno":398}
{"timestamp":"2026-02-26T18:21:54.295018Z","level":"info","event":"Discovered coordinator coordinator-1 for group f1-incremental-consumers","logger":"kafka.coordinator","filename":"base.py","lineno":745}
{"timestamp":"2026-02-26T18:21:54.295478Z","level":"info","event":"(Re-)joining group f1-incremental-consumers","logger":"kafka.coordinator","filename":"base.py","lineno":500}
{"timestamp":"2026-02-26T18:21:54.360762Z","level":"warning","event":"Marking the coordinator dead (node coordinator-1) for group f1-incremental-consumers: [Error 16] NotCoordinatorError.","logger":"kafka.coordinator","filename":"base.py","lineno":767}
{"timestamp":"2026-02-26T18:21:54.684173Z","level":"info","event":"Coordinator for group/f1-incremental-consumers is BrokerMetadata(nodeId='coordinator-1', host='kafka', port=29092, rack=None)","logger":"kafka.cluster","filename":"cluster.py","lineno":398}
{"timestamp":"2026-02-26T18:21:54.687145Z","level":"info","event":"Discovered coordinator coordinator-1 for group f1-incremental-consumers","logger":"kafka.coordinator","filename":"base.py","lineno":745}
{"timestamp":"2026-02-26T18:21:54.716011Z","level":"info","event":"(Re-)joining group f1-incremental-consumers","logger":"kafka.coordinator","filename":"base.py","lineno":500}
{"timestamp":"2026-02-26T18:21:54.868478Z","level":"warning","event":"Marking the coordinator dead (node coordinator-1) for group f1-incremental-consumers: [Error 16] NotCoordinatorError.","logger":"kafka.coordinator","filename":"base.py","lineno":767}
{"timestamp":"2026-02-26T18:21:54.999175Z","level":"info","event":"Coordinator for group/f1-incremental-consumers is BrokerMetadata(nodeId='coordinator-1', host='kafka', port=29092, rack=None)","logger":"kafka.cluster","filename":"cluster.py","lineno":398}
{"timestamp":"2026-02-26T18:21:54.999627Z","level":"info","event":"Discovered coordinator coordinator-1 for group f1-incremental-consumers","logger":"kafka.coordinator","filename":"base.py","lineno":745}
{"timestamp":"2026-02-26T18:21:55.000201Z","level":"info","event":"(Re-)joining group f1-incremental-consumers","logger":"kafka.coordinator","filename":"base.py","lineno":500}
{"timestamp":"2026-02-26T18:21:55.028310Z","level":"warning","event":"Marking the coordinator dead (node coordinator-1) for group f1-incremental-consumers: [Error 16] NotCoordinatorError.","logger":"kafka.coordinator","filename":"base.py","lineno":767}
{"timestamp":"2026-02-26T18:21:55.184511Z","level":"info","event":"Coordinator for group/f1-incremental-consumers is BrokerMetadata(nodeId='coordinator-1', host='kafka', port=29092, rack=None)","logger":"kafka.cluster","filename":"cluster.py","lineno":398}
{"timestamp":"2026-02-26T18:21:55.184887Z","level":"info","event":"Discovered coordinator coordinator-1 for group f1-incremental-consumers","logger":"kafka.coordinator","filename":"base.py","lineno":745}
{"timestamp":"2026-02-26T18:21:55.185284Z","level":"info","event":"(Re-)joining group f1-incremental-consumers","logger":"kafka.coordinator","filename":"base.py","lineno":500}
{"timestamp":"2026-02-26T18:21:55.591683Z","level":"info","event":"(Re-)joining group f1-incremental-consumers","logger":"kafka.coordinator","filename":"base.py","lineno":500}
{"timestamp":"2026-02-26T18:21:56.743774Z","level":"info","event":"Successfully joined group f1-incremental-consumers with generation 1","logger":"kafka.coordinator","filename":"base.py","lineno":390}
{"timestamp":"2026-02-26T18:21:56.745794Z","level":"info","event":"Updated partition assignment: []","logger":"kafka.consumer.subscription_state","filename":"subscription_state.py","lineno":246}
{"timestamp":"2026-02-26T18:21:56.772639Z","level":"info","event":"Setting newly assigned partitions set() for group f1-incremental-consumers","logger":"kafka.coordinator.consumer","filename":"consumer.py","lineno":248}
{"timestamp":"2026-02-26T18:21:59.824936Z","level":"warning","event":"Heartbeat failed for group f1-incremental-consumers because it is rebalancing","logger":"kafka.coordinator","filename":"base.py","lineno":898}
{"timestamp":"2026-02-26T18:21:59.825590Z","level":"info","event":"Revoking previously assigned partitions set() for group f1-incremental-consumers","logger":"kafka.coordinator.consumer","filename":"consumer.py","lineno":357}
{"timestamp":"2026-02-26T18:21:59.826014Z","level":"info","event":"(Re-)joining group f1-incremental-consumers","logger":"kafka.coordinator","filename":"base.py","lineno":500}
{"timestamp":"2026-02-26T18:21:59.932108Z","level":"info","event":"Successfully joined group f1-incremental-consumers with generation 2","logger":"kafka.coordinator","filename":"base.py","lineno":390}
{"timestamp":"2026-02-26T18:21:59.959186Z","level":"info","event":"Updated partition assignment: [TopicPartition(topic='f1.dim.constructors', partition=0)]","logger":"kafka.consumer.subscription_state","filename":"subscription_state.py","lineno":246}
{"timestamp":"2026-02-26T18:21:59.959629Z","level":"info","event":"Setting newly assigned partitions {TopicPartition(topic='f1.dim.constructors', partition=0)} for group f1-incremental-consumers","logger":"kafka.coordinator.consumer","filename":"consumer.py","lineno":248}
{"timestamp":"2026-02-26T18:22:00.132332Z","level":"info","event":"Resetting offset for partition TopicPartition(topic='f1.dim.constructors', partition=0) to offset 0.","logger":"kafka.consumer.fetcher","filename":"fetcher.py","lineno":407}
{"timestamp":"2026-02-26T18:22:16.468606Z","level":"info","event":"Stopping heartbeat thread","logger":"kafka.coordinator","filename":"base.py","lineno":810}
{"timestamp":"2026-02-26T18:22:19.474069Z","level":"warning","event":"Heartbeat thread did not fully terminate during close","logger":"kafka.coordinator","filename":"base.py","lineno":1013}
{"timestamp":"2026-02-26T18:22:19.481631Z","level":"info","event":"Leaving consumer group (f1-incremental-consumers).","logger":"kafka.coordinator","filename":"base.py","lineno":841}
{"timestamp":"2026-02-26T18:22:19.535415Z","level":"info","event":"<BrokerConnection client_id=kafka-python-2.2.0, node_id=1 host=kafka:29092 <connected> [IPv4 ('172.18.0.3', 29092)]>: Closing connection. ","logger":"kafka.conn","filename":"conn.py","lineno":936}
{"timestamp":"2026-02-26T18:22:19.536268Z","level":"info","event":"<BrokerConnection client_id=kafka-python-2.2.0, node_id=coordinator-1 host=kafka:29092 <connected> [IPv4 ('172.18.0.3', 29092)]>: Closing connection. ","logger":"kafka.conn","filename":"conn.py","lineno":936}
{"timestamp":"2026-02-26T18:22:19.548205Z","level":"info","event":"  Read 2 messages from topic 'f1.dim.constructors'","logger":"task.stdout"}
{"timestamp":"2026-02-26T18:22:21.610541Z","level":"error","event":"Task failed with exception","logger":"task","filename":"task_runner.py","lineno":1078,"error_detail":[{"exc_type":"ProgrammingError","exc_value":"(psycopg2.errors.InvalidSchemaName) schema \"dimensions\" does not exist\nLINE 2: CREATE TABLE dimensions.constructor (\n                     ^\n\n[SQL: \nCREATE TABLE dimensions.constructor (\n\tconstructor_key BIGINT, \n\tconstructor_id BIGINT, \n\tconstructor_ref TEXT, \n\tconstructor_name TEXT, \n\tconstructor_nationality TEXT, \n\tconstructor_url TEXT, \n\tcreated_at TIMESTAMP WITHOUT TIME ZONE, \n\tsource TEXT\n)\n\n]\n(Background on this error at: https://sqlalche.me/e/14/f405)","exc_notes":[],"syntax_error":null,"is_cause":false,"frames":[{"filename":"/home/airflow/.local/lib/python3.12/site-packages/airflow/sdk/execution_time/task_runner.py","lineno":1004,"name":"run"},{"filename":"/home/airflow/.local/lib/python3.12/site-packages/airflow/sdk/execution_time/task_runner.py","lineno":1405,"name":"_execute_task"},{"filename":"/home/airflow/.local/lib/python3.12/site-packages/airflow/sdk/bases/operator.py","lineno":417,"name":"wrapper"},{"filename":"/home/airflow/.local/lib/python3.12/site-packages/airflow/providers/standard/operators/python.py","lineno":214,"name":"execute"},{"filename":"/home/airflow/.local/lib/python3.12/site-packages/airflow/providers/standard/operators/python.py","lineno":237,"name":"execute_callable"},{"filename":"/home/airflow/.local/lib/python3.12/site-packages/airflow/sdk/execution_time/callback_runner.py","lineno":82,"name":"run"},{"filename":"/opt/airflow/dags/kafka_consumer_pipeline.py","lineno":235,"name":"consume_constructors"},{"filename":"/opt/airflow/dags/kafka_consumer_pipeline.py","lineno":142,"name":"_insert_new_records"},{"filename":"/home/airflow/.local/lib/python3.12/site-packages/pandas/util/_decorators.py","lineno":333,"name":"wrapper"},{"filename":"/home/airflow/.local/lib/python3.12/site-packages/pandas/core/generic.py","lineno":3008,"name":"to_sql"},{"filename":"/home/airflow/.local/lib/python3.12/site-packages/pandas/io/sql.py","lineno":788,"name":"to_sql"},{"filename":"/home/airflow/.local/lib/python3.12/site-packages/pandas/io/sql.py","lineno":1948,"name":"to_sql"},{"filename":"/home/airflow/.local/lib/python3.12/site-packages/pandas/io/sql.py","lineno":1852,"name":"prep_table"},{"filename":"/home/airflow/.local/lib/python3.12/site-packages/pandas/io/sql.py","lineno":936,"name":"create"},{"filename":"/home/airflow/.local/lib/python3.12/site-packages/pandas/io/sql.py","lineno":922,"name":"_execute_create"},{"filename":"/home/airflow/.local/lib/python3.12/site-packages/sqlalchemy/sql/schema.py","lineno":962,"name":"create"},{"filename":"/home/airflow/.local/lib/python3.12/site-packages/sqlalchemy/engine/base.py","lineno":2221,"name":"_run_ddl_visitor"},{"filename":"/home/airflow/.local/lib/python3.12/site-packages/sqlalchemy/sql/visitors.py","lineno":524,"name":"traverse_single"},{"filename":"/home/airflow/.local/lib/python3.12/site-packages/sqlalchemy/sql/ddl.py","lineno":899,"name":"visit_table"},{"filename":"/home/airflow/.local/lib/python3.12/site-packages/sqlalchemy/engine/base.py","lineno":1385,"name":"execute"},{"filename":"/home/airflow/.local/lib/python3.12/site-packages/sqlalchemy/sql/ddl.py","lineno":80,"name":"_execute_on_connection"},{"filename":"/home/airflow/.local/lib/python3.12/site-packages/sqlalchemy/engine/base.py","lineno":1477,"name":"_execute_ddl"},{"filename":"/home/airflow/.local/lib/python3.12/site-packages/sqlalchemy/engine/base.py","lineno":1953,"name":"_execute_context"},{"filename":"/home/airflow/.local/lib/python3.12/site-packages/sqlalchemy/engine/base.py","lineno":2134,"name":"_handle_dbapi_exception"},{"filename":"/home/airflow/.local/lib/python3.12/site-packages/sqlalchemy/util/compat.py","lineno":211,"name":"raise_"},{"filename":"/home/airflow/.local/lib/python3.12/site-packages/sqlalchemy/engine/base.py","lineno":1910,"name":"_execute_context"},{"filename":"/home/airflow/.local/lib/python3.12/site-packages/sqlalchemy/engine/default.py","lineno":736,"name":"do_execute"}],"is_group":false,"exceptions":[]},{"exc_type":"InvalidSchemaName","exc_value":"schema \"dimensions\" does not exist\nLINE 2: CREATE TABLE dimensions.constructor (\n                     ^\n","exc_notes":[],"syntax_error":null,"is_cause":true,"frames":[{"filename":"/home/airflow/.local/lib/python3.12/site-packages/sqlalchemy/engine/base.py","lineno":1910,"name":"_execute_context"},{"filename":"/home/airflow/.local/lib/python3.12/site-packages/sqlalchemy/engine/default.py","lineno":736,"name":"do_execute"}],"is_group":false,"exceptions":[]}]}
