{"timestamp":"2026-02-13T09:00:02.700334Z","level":"info","event":"DAG bundles loaded: dags-folder","logger":"airflow.dag_processing.bundles.manager.DagBundlesManager","filename":"manager.py","lineno":179}
{"timestamp":"2026-02-13T09:00:02.701579Z","level":"info","event":"Filling up the DagBag from /opt/airflow/dags/master_pipeline.py","logger":"airflow.models.dagbag.DagBag","filename":"dagbag.py","lineno":593}
{"timestamp":"2026-02-13T09:00:02.754341Z","level":"warning","event":"The `airflow.operators.trigger_dagrun.TriggerDagRunOperator` attribute is deprecated. Please use `'airflow.providers.standard.operators.trigger_dagrun.TriggerDagRunOperator'`.","category":"DeprecatedImportWarning","filename":"/opt/airflow/dags/master_pipeline.py","lineno":34,"logger":"py.warnings"}
{"timestamp":"2026-02-13T09:00:02.754480Z","level":"warning","event":"The `airflow.operators.python.PythonOperator` attribute is deprecated. Please use `'airflow.providers.standard.operators.python.PythonOperator'`.","category":"DeprecatedImportWarning","filename":"/opt/airflow/dags/master_pipeline.py","lineno":35,"logger":"py.warnings"}
{"timestamp":"2026-02-13T09:00:02.874281Z","level":"info","event":"","logger":"task.stdout"}
{"timestamp":"2026-02-13T09:00:02.874836Z","level":"info","event":"================================================================================","logger":"task.stdout"}
{"timestamp":"2026-02-13T09:00:02.875143Z","level":"info","event":"F1 ETL MASTER PIPELINE STARTED","logger":"task.stdout"}
{"timestamp":"2026-02-13T09:00:02.875377Z","level":"info","event":"================================================================================","logger":"task.stdout"}
{"timestamp":"2026-02-13T09:00:02.875823Z","level":"info","event":"","logger":"task.stdout"}
{"timestamp":"2026-02-13T09:00:02.878103Z","level":"info","event":"Pipeline Flow:","logger":"task.stdout"}
{"timestamp":"2026-02-13T09:00:02.878508Z","level":"info","event":"  1. CSV → Silver (Dimensions + Facts)","logger":"task.stdout"}
{"timestamp":"2026-02-13T09:00:02.878868Z","level":"info","event":"  2-5. API Dimensions → Silver (PARALLEL)","logger":"task.stdout"}
{"timestamp":"2026-02-13T09:00:02.879135Z","level":"info","event":"     ├─ Constructors","logger":"task.stdout"}
{"timestamp":"2026-02-13T09:00:02.879396Z","level":"info","event":"     ├─ Drivers","logger":"task.stdout"}
{"timestamp":"2026-02-13T09:00:02.879625Z","level":"info","event":"     ├─ Circuits","logger":"task.stdout"}
{"timestamp":"2026-02-13T09:00:02.879859Z","level":"info","event":"     └─ Races","logger":"task.stdout"}
{"timestamp":"2026-02-13T09:00:02.880110Z","level":"info","event":"  6-10. API Facts → Silver (PARALLEL)","logger":"task.stdout"}
{"timestamp":"2026-02-13T09:00:02.880349Z","level":"info","event":"      ├─ Results","logger":"task.stdout"}
{"timestamp":"2026-02-13T09:00:02.880578Z","level":"info","event":"      ├─ Laps","logger":"task.stdout"}
{"timestamp":"2026-02-13T09:00:02.880827Z","level":"info","event":"      ├─ Pitstops","logger":"task.stdout"}
{"timestamp":"2026-02-13T09:00:02.881605Z","level":"info","event":"      ├─ Driver Standings","logger":"task.stdout"}
{"timestamp":"2026-02-13T09:00:02.881923Z","level":"info","event":"      └─ Constructor Standings","logger":"task.stdout"}
{"timestamp":"2026-02-13T09:00:02.882154Z","level":"info","event":"  11. Silver → Gold (PostgreSQL)","logger":"task.stdout"}
{"timestamp":"2026-02-13T09:00:02.882381Z","level":"info","event":"","logger":"task.stdout"}
{"timestamp":"2026-02-13T09:00:02.882601Z","level":"info","event":"================================================================================","logger":"task.stdout"}
{"timestamp":"2026-02-13T09:00:02.882829Z","level":"info","event":"","logger":"task.stdout"}
{"timestamp":"2026-02-13T09:00:02.873432Z","level":"info","event":"Done. Returned value was: None","logger":"airflow.task.operators.airflow.providers.standard.operators.python.PythonOperator","filename":"python.py","lineno":216}
