{"timestamp":"2026-02-18T12:50:13.407678Z","level":"info","event":"DAG bundles loaded: dags-folder","logger":"airflow.dag_processing.bundles.manager.DagBundlesManager","filename":"manager.py","lineno":179}
{"timestamp":"2026-02-18T12:50:13.408973Z","level":"info","event":"Filling up the DagBag from /opt/airflow/dags/api_constructors_bronze_to_silver.py","logger":"airflow.models.dagbag.DagBag","filename":"dagbag.py","lineno":593}
{"timestamp":"2026-02-18T12:50:14.558596Z","level":"info","event":"======================================================================","logger":"task.stdout"}
{"timestamp":"2026-02-18T12:50:14.559629Z","level":"info","event":"F1 CONSTRUCTOR BACKFILL: ERGAST API → SILVER","logger":"task.stdout"}
{"timestamp":"2026-02-18T12:50:14.559909Z","level":"info","event":"======================================================================","logger":"task.stdout"}
{"timestamp":"2026-02-18T12:50:14.560126Z","level":"info","event":"","logger":"task.stdout"}
{"timestamp":"2026-02-18T12:50:14.560321Z","level":"info","event":"[STEP 1] Scraping API...","logger":"task.stdout"}
{"timestamp":"2026-02-18T12:50:14.560517Z","level":"info","event":"","logger":"task.stdout"}
{"timestamp":"2026-02-18T12:50:14.560693Z","level":"info","event":"======================================================================","logger":"task.stdout"}
{"timestamp":"2026-02-18T12:50:14.560864Z","level":"info","event":"SCRAPING CONSTRUCTORS FROM API: 2024-2025","logger":"task.stdout"}
{"timestamp":"2026-02-18T12:50:14.561035Z","level":"info","event":"======================================================================","logger":"task.stdout"}
{"timestamp":"2026-02-18T12:50:14.561203Z","level":"info","event":"","logger":"task.stdout"}
{"timestamp":"2026-02-18T12:50:14.561375Z","level":"info","event":"Fetching constructors for 2024...","logger":"task.stdout"}
{"timestamp":"2026-02-18T12:50:37.838147Z","level":"info","event":"10 constructors found","logger":"task.stdout"}
{"timestamp":"2026-02-18T12:50:37.838566Z","level":"info","event":"Fetching constructors for 2025...","logger":"task.stdout"}
{"timestamp":"2026-02-18T12:51:00.584701Z","level":"info","event":"10 constructors found","logger":"task.stdout"}
{"timestamp":"2026-02-18T12:51:00.585778Z","level":"info","event":"","logger":"task.stdout"}
{"timestamp":"2026-02-18T12:51:00.590074Z","level":"info","event":"======================================================================","logger":"task.stdout"}
{"timestamp":"2026-02-18T12:51:00.591353Z","level":"info","event":"SCRAPING COMPLETE","logger":"task.stdout"}
{"timestamp":"2026-02-18T12:51:00.591779Z","level":"info","event":"Total records: 20","logger":"task.stdout"}
{"timestamp":"2026-02-18T12:51:00.592417Z","level":"info","event":"Unique constructors (by constructorId): 10","logger":"task.stdout"}
{"timestamp":"2026-02-18T12:51:00.593126Z","level":"info","event":"Years covered: 2024-2025","logger":"task.stdout"}
{"timestamp":"2026-02-18T12:51:00.594800Z","level":"info","event":"======================================================================","logger":"task.stdout"}
{"timestamp":"2026-02-18T12:51:00.595255Z","level":"info","event":"","logger":"task.stdout"}
{"timestamp":"2026-02-18T12:51:00.595480Z","level":"info","event":"API scraping complete: 20 constructor records","logger":"task.stdout"}
{"timestamp":"2026-02-18T12:51:00.595649Z","level":"info","event":"","logger":"task.stdout"}
{"timestamp":"2026-02-18T12:51:00.595835Z","level":"info","event":"[STEP 2] Transforming to Silver schema...","logger":"task.stdout"}
{"timestamp":"2026-02-18T12:51:00.596000Z","level":"info","event":"Transforming API data to Silver schema...","logger":"task.stdout"}
{"timestamp":"2026-02-18T12:51:00.596164Z","level":"info","event":"Deduplication: 20 records → 10 unique constructors","logger":"task.stdout"}
{"timestamp":"2026-02-18T12:51:00.596413Z","level":"info","event":"Sorted by constructorId (alphabetically) for stable constructor_id generation","logger":"task.stdout"}
{"timestamp":"2026-02-18T12:51:00.596594Z","level":"info","event":"Generated constructor_id: 10001 - 10010","logger":"task.stdout"}
{"timestamp":"2026-02-18T12:51:00.596886Z","level":"info","event":"Transformed 10 constructors to Silver schema","logger":"task.stdout"}
{"timestamp":"2026-02-18T12:51:00.597057Z","level":"info","event":"Source: api","logger":"task.stdout"}
{"timestamp":"2026-02-18T12:51:00.597217Z","level":"info","event":"constructor_id range: 10001 - 10010","logger":"task.stdout"}
{"timestamp":"2026-02-18T12:51:00.597862Z","level":"info","event":"Transformation complete: 10 unique constructors","logger":"task.stdout"}
{"timestamp":"2026-02-18T12:51:00.598101Z","level":"info","event":"constructor_id range: 10001 - 10010","logger":"task.stdout"}
{"timestamp":"2026-02-18T12:51:00.598304Z","level":"info","event":"","logger":"task.stdout"}
{"timestamp":"2026-02-18T12:51:00.598519Z","level":"info","event":"[STEP 3] Loading existing Silver data...","logger":"task.stdout"}
{"timestamp":"2026-02-18T12:51:00.627713Z","level":"info","event":" Downloaded dimensions/dim_constructor/dim_constructor.parquet (20 rows)","logger":"task.stdout"}
{"timestamp":"2026-02-18T12:51:00.628181Z","level":"info","event":"Loaded 20 existing constructors from Silver","logger":"task.stdout"}
{"timestamp":"2026-02-18T12:51:00.629089Z","level":"info","event":"Existing sources: {'f1_data.csv': 20}","logger":"task.stdout"}
{"timestamp":"2026-02-18T12:51:00.633792Z","level":"info","event":"CSV constructor_id range: 1 - 214","logger":"task.stdout"}
{"timestamp":"2026-02-18T12:51:00.634128Z","level":"info","event":"","logger":"task.stdout"}
{"timestamp":"2026-02-18T12:51:00.634345Z","level":"info","event":"[STEP 4] Merging API data with existing Silver...","logger":"task.stdout"}
{"timestamp":"2026-02-18T12:51:00.634503Z","level":"info","event":"","logger":"task.stdout"}
{"timestamp":"2026-02-18T12:51:00.634650Z","level":"info","event":"  Merge Configuration:","logger":"task.stdout"}
{"timestamp":"2026-02-18T12:51:00.634796Z","level":"info","event":"Existing constructors: 20","logger":"task.stdout"}
{"timestamp":"2026-02-18T12:51:00.634941Z","level":"info","event":"New API constructors: 10","logger":"task.stdout"}
{"timestamp":"2026-02-18T12:51:00.635102Z","level":"info","event":"Merge key: constructor_ref (PRIMARY natural key)","logger":"task.stdout"}
{"timestamp":"2026-02-18T12:51:00.635256Z","level":"info","event":"CSV priority: YES (skip API for CSV constructors)","logger":"task.stdout"}
{"timestamp":"2026-02-18T12:51:00.635402Z","level":"info","event":"","logger":"task.stdout"}
{"timestamp":"2026-02-18T12:51:00.635547Z","level":"info","event":"  Current max constructor_key: 20","logger":"task.stdout"}
{"timestamp":"2026-02-18T12:51:00.635688Z","level":"info","event":"","logger":"task.stdout"}
{"timestamp":"2026-02-18T12:51:00.635829Z","level":"info","event":"  Processing 10 API constructors:","logger":"task.stdout"}
{"timestamp":"2026-02-18T12:51:00.635992Z","level":"info","event":"","logger":"task.stdout"}
{"timestamp":"2026-02-18T12:51:00.636150Z","level":"info","event":"SKIP: alpine               (CSV priority)","logger":"task.stdout"}
{"timestamp":"2026-02-18T12:51:00.636443Z","level":"info","event":"SKIP: aston_martin         (CSV priority)","logger":"task.stdout"}
{"timestamp":"2026-02-18T12:51:00.636602Z","level":"info","event":"SKIP: ferrari              (CSV priority)","logger":"task.stdout"}
{"timestamp":"2026-02-18T12:51:00.636760Z","level":"info","event":"SKIP: haas                 (CSV priority)","logger":"task.stdout"}
{"timestamp":"2026-02-18T12:51:00.636951Z","level":"info","event":"SKIP: mclaren              (CSV priority)","logger":"task.stdout"}
{"timestamp":"2026-02-18T12:51:00.637167Z","level":"info","event":"SKIP: mercedes             (CSV priority)","logger":"task.stdout"}
{"timestamp":"2026-02-18T12:51:00.637670Z","level":"info","event":"ADD: rb                   (new constructor from API, constructor_id=10007)","logger":"task.stdout"}
{"timestamp":"2026-02-18T12:51:00.639737Z","level":"info","event":"SKIP: red_bull             (CSV priority)","logger":"task.stdout"}
{"timestamp":"2026-02-18T12:51:00.640777Z","level":"info","event":"SKIP: sauber               (CSV priority)","logger":"task.stdout"}
{"timestamp":"2026-02-18T12:51:00.641685Z","level":"info","event":"SKIP: williams             (CSV priority)","logger":"task.stdout"}
{"timestamp":"2026-02-18T12:51:00.642065Z","level":"info","event":"Merge complete: 21 total constructors","logger":"task.stdout"}
{"timestamp":"2026-02-18T12:51:00.642319Z","level":"info","event":"","logger":"task.stdout"}
{"timestamp":"2026-02-18T12:51:00.642522Z","level":"info","event":"[STEP 5] Writing to Silver layer...","logger":"task.stdout"}
{"timestamp":"2026-02-18T12:51:00.671901Z","level":"info","event":"Uploaded dimensions/dim_constructor/dim_constructor.parquet (21 rows)","logger":"task.stdout"}
{"timestamp":"2026-02-18T12:51:00.673989Z","level":"info","event":"Written to: s3://f1-silver/dimensions/dim_constructor/dim_constructor.parquet","logger":"task.stdout"}
{"timestamp":"2026-02-18T12:51:00.674249Z","level":"info","event":"","logger":"task.stdout"}
{"timestamp":"2026-02-18T12:51:00.674579Z","level":"info","event":"======================================================================","logger":"task.stdout"}
{"timestamp":"2026-02-18T12:51:00.674795Z","level":"info","event":"BACKFILL SUMMARY","logger":"task.stdout"}
{"timestamp":"2026-02-18T12:51:00.674997Z","level":"info","event":"======================================================================","logger":"task.stdout"}
{"timestamp":"2026-02-18T12:51:00.675197Z","level":"info","event":"  Existing constructors in Silver: 20","logger":"task.stdout"}
{"timestamp":"2026-02-18T12:51:00.675478Z","level":"info","event":"  API constructors scraped: 10","logger":"task.stdout"}
{"timestamp":"2026-02-18T12:51:00.675686Z","level":"info","event":"  Final constructor count: 21","logger":"task.stdout"}
{"timestamp":"2026-02-18T12:51:00.675901Z","level":"info","event":"  New constructors added: 1","logger":"task.stdout"}
{"timestamp":"2026-02-18T12:51:00.676115Z","level":"info","event":"","logger":"task.stdout"}
{"timestamp":"2026-02-18T12:51:00.676375Z","level":"info","event":"  Final source breakdown:","logger":"task.stdout"}
{"timestamp":"2026-02-18T12:51:00.676566Z","level":"info","event":"    f1_data.csv    : 20","logger":"task.stdout"}
{"timestamp":"2026-02-18T12:51:00.676751Z","level":"info","event":"    api            : 1","logger":"task.stdout"}
{"timestamp":"2026-02-18T12:51:00.676931Z","level":"info","event":"","logger":"task.stdout"}
{"timestamp":"2026-02-18T12:51:00.677115Z","level":"info","event":"  constructor_id ranges:","logger":"task.stdout"}
{"timestamp":"2026-02-18T12:51:00.677295Z","level":"info","event":"    f1_data.csv    : 1 - 214","logger":"task.stdout"}
{"timestamp":"2026-02-18T12:51:00.677489Z","level":"info","event":"    api            : 10007 - 10007","logger":"task.stdout"}
{"timestamp":"2026-02-18T12:51:00.677662Z","level":"info","event":"======================================================================","logger":"task.stdout"}
{"timestamp":"2026-02-18T12:51:00.693151Z","level":"info","event":"Done. Returned value was: {'existing_count': 20, 'api_scraped': 10, 'final_count': 21, 'new_constructors_added': 1}","logger":"airflow.task.operators.airflow.providers.standard.operators.python.PythonOperator","filename":"python.py","lineno":216}
{"timestamp":"2026-02-18T12:51:00.693770Z","level":"info","event":"Pushing xcom","ti":"RuntimeTaskInstance(id=UUID('019c70cd-0ef2-7a30-ab12-e83ec1fc4356'), task_id='backfill_dim_constructor', dag_id='api_constructors_bronze_to_silver', run_id='manual__2026-02-18T12:50:12.069783+00:00', try_number=1, dag_version_id=UUID('019c6ff5-cf82-7314-8e60-8a41bf63f544'), map_index=-1, hostname='e4702b2ecf8f', context_carrier={}, task=<Task(PythonOperator): backfill_dim_constructor>, bundle_instance=LocalDagBundle(name=dags-folder), max_tries=2, start_date=datetime.datetime(2026, 2, 18, 12, 50, 13, 262752, tzinfo=datetime.timezone.utc), end_date=None, state=<TaskInstanceState.RUNNING: 'running'>, is_mapped=False, rendered_map_index=None)","logger":"task","filename":"task_runner.py","lineno":1450}
