{"timestamp":"2026-02-15T15:05:39.999665Z","level":"info","event":"DAG bundles loaded: dags-folder","logger":"airflow.dag_processing.bundles.manager.DagBundlesManager","filename":"manager.py","lineno":179}
{"timestamp":"2026-02-15T15:05:40.011383Z","level":"info","event":"Filling up the DagBag from /opt/airflow/dags/weekly_streaming_pipeline.py","logger":"airflow.models.dagbag.DagBag","filename":"dagbag.py","lineno":593}
{"timestamp":"2026-02-15T15:05:45.741158Z","level":"warning","event":"The `airflow.operators.trigger_dagrun.TriggerDagRunOperator` attribute is deprecated. Please use `'airflow.providers.standard.operators.trigger_dagrun.TriggerDagRunOperator'`.","category":"DeprecatedImportWarning","filename":"/opt/airflow/dags/weekly_streaming_pipeline.py","lineno":18,"logger":"py.warnings"}
{"timestamp":"2026-02-15T15:05:45.861753Z","level":"info","event":"","logger":"task.stdout"}
{"timestamp":"2026-02-15T15:05:45.863762Z","level":"info","event":"[PRODUCER] Starting dim_race production...","logger":"task.stdout"}
{"timestamp":"2026-02-15T15:05:45.870379Z","level":"info","event":"<BrokerConnection client_id=f1-streaming-pipeline, node_id=bootstrap-0 host=kafka:29092 <connecting> [IPv4 ('172.18.0.4', 29092)]>: connecting to kafka:29092 [('172.18.0.4', 29092) IPv4]","logger":"kafka.conn","filename":"conn.py","lineno":395}
{"timestamp":"2026-02-15T15:05:45.893376Z","level":"info","event":"<BrokerConnection client_id=f1-streaming-pipeline, node_id=bootstrap-0 host=kafka:29092 <checking_api_versions_recv> [IPv4 ('172.18.0.4', 29092)]>: Broker version identified as 2.6","logger":"kafka.conn","filename":"conn.py","lineno":615}
{"timestamp":"2026-02-15T15:05:45.906243Z","level":"info","event":"<BrokerConnection client_id=f1-streaming-pipeline, node_id=bootstrap-0 host=kafka:29092 <connected> [IPv4 ('172.18.0.4', 29092)]>: Connection complete.","logger":"kafka.conn","filename":"conn.py","lineno":456}
{"timestamp":"2026-02-15T15:05:45.918233Z","level":"info","event":"","logger":"task.stdout"}
{"timestamp":"2026-02-15T15:05:45.919516Z","level":"info","event":"======================================================================","logger":"task.stdout"}
{"timestamp":"2026-02-15T15:05:45.921205Z","level":"info","event":"PRODUCING RACES FOR 2026 → Kafka Topic: dim-race","logger":"task.stdout"}
{"timestamp":"2026-02-15T15:05:45.925119Z","level":"info","event":"======================================================================","logger":"task.stdout"}
{"timestamp":"2026-02-15T15:05:45.929705Z","level":"info","event":"","logger":"task.stdout"}
{"timestamp":"2026-02-15T15:05:45.930530Z","level":"info","event":"","logger":"task.stdout"}
{"timestamp":"2026-02-15T15:05:45.932148Z","level":"info","event":"======================================================================","logger":"task.stdout"}
{"timestamp":"2026-02-15T15:05:45.933062Z","level":"info","event":"SCRAPING RACES FROM ERGAST API: 2026-2026","logger":"task.stdout"}
{"timestamp":"2026-02-15T15:05:45.934078Z","level":"info","event":"======================================================================","logger":"task.stdout"}
{"timestamp":"2026-02-15T15:05:45.935446Z","level":"info","event":"","logger":"task.stdout"}
{"timestamp":"2026-02-15T15:05:45.936088Z","level":"info","event":"Fetching races for 2026...","logger":"task.stdout"}
{"timestamp":"2026-02-15T15:06:08.981291Z","level":"info","event":"24 races found","logger":"task.stdout"}
{"timestamp":"2026-02-15T15:06:08.983881Z","level":"info","event":"","logger":"task.stdout"}
{"timestamp":"2026-02-15T15:06:08.984515Z","level":"info","event":"======================================================================","logger":"task.stdout"}
{"timestamp":"2026-02-15T15:06:08.985052Z","level":"info","event":"SCRAPING COMPLETE","logger":"task.stdout"}
{"timestamp":"2026-02-15T15:06:08.985575Z","level":"info","event":"Total records: 24","logger":"task.stdout"}
{"timestamp":"2026-02-15T15:06:08.986184Z","level":"info","event":"Years covered: 2026-2026","logger":"task.stdout"}
{"timestamp":"2026-02-15T15:06:08.986742Z","level":"info","event":"======================================================================","logger":"task.stdout"}
{"timestamp":"2026-02-15T15:06:08.987309Z","level":"info","event":"","logger":"task.stdout"}
{"timestamp":"2026-02-15T15:06:08.988062Z","level":"info","event":"Transforming API data to Silver schema...","logger":"task.stdout"}
{"timestamp":"2026-02-15T15:06:09.013879Z","level":"info","event":"Sorted by season + round for stable race_id generation","logger":"task.stdout"}
{"timestamp":"2026-02-15T15:06:09.018213Z","level":"info","event":"  Generated race_id: 10001 - 10024","logger":"task.stdout"}
{"timestamp":"2026-02-15T15:06:09.044793Z","level":"warning","event":"Could not infer format, so each element will be parsed individually, falling back to `dateutil`. To ensure parsing is consistent and as-expected, please specify a format.","category":"UserWarning","filename":"/opt/airflow/dags/utils/scraper/race.py","lineno":253,"logger":"py.warnings"}
{"timestamp":"2026-02-15T15:06:09.053113Z","level":"warning","event":"Could not infer format, so each element will be parsed individually, falling back to `dateutil`. To ensure parsing is consistent and as-expected, please specify a format.","category":"UserWarning","filename":"/opt/airflow/dags/utils/scraper/race.py","lineno":253,"logger":"py.warnings"}
{"timestamp":"2026-02-15T15:06:09.062454Z","level":"warning","event":"Could not infer format, so each element will be parsed individually, falling back to `dateutil`. To ensure parsing is consistent and as-expected, please specify a format.","category":"UserWarning","filename":"/opt/airflow/dags/utils/scraper/race.py","lineno":253,"logger":"py.warnings"}
{"timestamp":"2026-02-15T15:06:09.067854Z","level":"warning","event":"Could not infer format, so each element will be parsed individually, falling back to `dateutil`. To ensure parsing is consistent and as-expected, please specify a format.","category":"UserWarning","filename":"/opt/airflow/dags/utils/scraper/race.py","lineno":253,"logger":"py.warnings"}
{"timestamp":"2026-02-15T15:06:09.075179Z","level":"warning","event":"Could not infer format, so each element will be parsed individually, falling back to `dateutil`. To ensure parsing is consistent and as-expected, please specify a format.","category":"UserWarning","filename":"/opt/airflow/dags/utils/scraper/race.py","lineno":253,"logger":"py.warnings"}
{"timestamp":"2026-02-15T15:06:09.082327Z","level":"warning","event":"Could not infer format, so each element will be parsed individually, falling back to `dateutil`. To ensure parsing is consistent and as-expected, please specify a format.","category":"UserWarning","filename":"/opt/airflow/dags/utils/scraper/race.py","lineno":253,"logger":"py.warnings"}
{"timestamp":"2026-02-15T15:06:09.091121Z","level":"info","event":"Transformed 24 races to Silver schema","logger":"task.stdout"}
{"timestamp":"2026-02-15T15:06:09.091995Z","level":"info","event":"Source: api","logger":"task.stdout"}
{"timestamp":"2026-02-15T15:06:09.092644Z","level":"info","event":"race_id range: 10001 - 10024","logger":"task.stdout"}
{"timestamp":"2026-02-15T15:06:09.103027Z","level":"info","event":"Scraped 24 races for 2026","logger":"task.stdout"}
{"timestamp":"2026-02-15T15:06:09.107279Z","level":"info","event":"Sample keys: ['2026_01', '2026_10', '2026_11']","logger":"task.stdout"}
{"timestamp":"2026-02-15T15:06:09.105390Z","level":"info","event":"<BrokerConnection client_id=f1-streaming-pipeline, node_id=1 host=kafka:29092 <connecting> [IPv4 ('172.18.0.4', 29092)]>: connecting to kafka:29092 [('172.18.0.4', 29092) IPv4]","logger":"kafka.conn","filename":"conn.py","lineno":395}
{"timestamp":"2026-02-15T15:06:09.106597Z","level":"info","event":"<BrokerConnection client_id=f1-streaming-pipeline, node_id=1 host=kafka:29092 <connected> [IPv4 ('172.18.0.4', 29092)]>: Connection complete.","logger":"kafka.conn","filename":"conn.py","lineno":456}
{"timestamp":"2026-02-15T15:06:09.107136Z","level":"info","event":"<BrokerConnection client_id=f1-streaming-pipeline, node_id=bootstrap-0 host=kafka:29092 <connected> [IPv4 ('172.18.0.4', 29092)]>: Closing connection. ","logger":"kafka.conn","filename":"conn.py","lineno":936}
{"timestamp":"2026-02-15T15:06:09.118974Z","level":"info","event":" Sent to dim-race | Key: 2026_01 | Partition: 0","logger":"task.stdout"}
{"timestamp":"2026-02-15T15:06:09.123761Z","level":"info","event":" Sent to dim-race | Key: 2026_10 | Partition: 0","logger":"task.stdout"}
{"timestamp":"2026-02-15T15:06:09.129133Z","level":"info","event":" Sent to dim-race | Key: 2026_11 | Partition: 0","logger":"task.stdout"}
{"timestamp":"2026-02-15T15:06:09.135559Z","level":"info","event":" Sent to dim-race | Key: 2026_12 | Partition: 0","logger":"task.stdout"}
{"timestamp":"2026-02-15T15:06:09.142655Z","level":"info","event":" Sent to dim-race | Key: 2026_13 | Partition: 0","logger":"task.stdout"}
{"timestamp":"2026-02-15T15:06:09.147659Z","level":"info","event":" Sent to dim-race | Key: 2026_14 | Partition: 0","logger":"task.stdout"}
{"timestamp":"2026-02-15T15:06:09.151384Z","level":"info","event":" Sent to dim-race | Key: 2026_15 | Partition: 0","logger":"task.stdout"}
{"timestamp":"2026-02-15T15:06:09.157973Z","level":"info","event":" Sent to dim-race | Key: 2026_16 | Partition: 0","logger":"task.stdout"}
{"timestamp":"2026-02-15T15:06:09.161500Z","level":"info","event":" Sent to dim-race | Key: 2026_17 | Partition: 0","logger":"task.stdout"}
{"timestamp":"2026-02-15T15:06:09.169957Z","level":"info","event":" Sent to dim-race | Key: 2026_18 | Partition: 0","logger":"task.stdout"}
{"timestamp":"2026-02-15T15:06:09.172007Z","level":"info","event":" Sent to dim-race | Key: 2026_19 | Partition: 0","logger":"task.stdout"}
{"timestamp":"2026-02-15T15:06:09.176297Z","level":"info","event":" Sent to dim-race | Key: 2026_02 | Partition: 0","logger":"task.stdout"}
{"timestamp":"2026-02-15T15:06:09.181333Z","level":"info","event":" Sent to dim-race | Key: 2026_20 | Partition: 0","logger":"task.stdout"}
{"timestamp":"2026-02-15T15:06:09.186990Z","level":"info","event":" Sent to dim-race | Key: 2026_21 | Partition: 0","logger":"task.stdout"}
{"timestamp":"2026-02-15T15:06:09.193589Z","level":"info","event":" Sent to dim-race | Key: 2026_22 | Partition: 0","logger":"task.stdout"}
{"timestamp":"2026-02-15T15:06:09.198814Z","level":"info","event":" Sent to dim-race | Key: 2026_23 | Partition: 0","logger":"task.stdout"}
{"timestamp":"2026-02-15T15:06:09.203332Z","level":"info","event":" Sent to dim-race | Key: 2026_24 | Partition: 0","logger":"task.stdout"}
{"timestamp":"2026-02-15T15:06:09.211667Z","level":"info","event":" Sent to dim-race | Key: 2026_03 | Partition: 0","logger":"task.stdout"}
{"timestamp":"2026-02-15T15:06:09.218926Z","level":"info","event":" Sent to dim-race | Key: 2026_04 | Partition: 0","logger":"task.stdout"}
{"timestamp":"2026-02-15T15:06:09.224929Z","level":"info","event":" Sent to dim-race | Key: 2026_05 | Partition: 0","logger":"task.stdout"}
{"timestamp":"2026-02-15T15:06:09.230661Z","level":"info","event":" Sent to dim-race | Key: 2026_06 | Partition: 0","logger":"task.stdout"}
{"timestamp":"2026-02-15T15:06:09.238616Z","level":"info","event":" Sent to dim-race | Key: 2026_07 | Partition: 0","logger":"task.stdout"}
{"timestamp":"2026-02-15T15:06:09.242966Z","level":"info","event":" Sent to dim-race | Key: 2026_08 | Partition: 0","logger":"task.stdout"}
{"timestamp":"2026-02-15T15:06:09.254003Z","level":"info","event":" Sent to dim-race | Key: 2026_09 | Partition: 0","logger":"task.stdout"}
{"timestamp":"2026-02-15T15:06:09.254681Z","level":"info","event":"","logger":"task.stdout"}
{"timestamp":"2026-02-15T15:06:09.258323Z","level":"info","event":"📊 Batch Stats for dim-race:","logger":"task.stdout"}
{"timestamp":"2026-02-15T15:06:09.261003Z","level":"info","event":"    Sent: 24","logger":"task.stdout"}
{"timestamp":"2026-02-15T15:06:09.261650Z","level":"info","event":"   ❌ Failed: 0","logger":"task.stdout"}
{"timestamp":"2026-02-15T15:06:09.253012Z","level":"info","event":"<KafkaProducer client_id=f1-streaming-pipeline transactional_id=None>: Closing the Kafka producer with 9223372036.0 secs timeout.","logger":"kafka.producer.kafka","filename":"kafka.py","lineno":630}
{"timestamp":"2026-02-15T15:06:09.255772Z","level":"info","event":"<BrokerConnection client_id=f1-streaming-pipeline, node_id=1 host=kafka:29092 <connected> [IPv4 ('172.18.0.4', 29092)]>: Closing connection. ","logger":"kafka.conn","filename":"conn.py","lineno":936}
{"timestamp":"2026-02-15T15:06:09.304372Z","level":"info","event":"[PRODUCER] Completed: {'sent': 24, 'failed': 0}","logger":"task.stdout"}
{"timestamp":"2026-02-15T15:06:09.311673Z","level":"info","event":"Done. Returned value was: {'sent': 24, 'failed': 0}","logger":"airflow.task.operators.airflow.providers.standard.operators.python.PythonOperator","filename":"python.py","lineno":216}
{"timestamp":"2026-02-15T15:06:09.312129Z","level":"info","event":"Pushing xcom","ti":"RuntimeTaskInstance(id=UUID('019c61cc-93aa-704f-b658-f9139358ed69'), task_id='produce_dim_race', dag_id='weekly_streaming_f1_etl', run_id='manual__2026-02-15T14:55:21+00:00', try_number=1, dag_version_id=UUID('019c61bd-e638-74f5-b658-bbd5e8d757b9'), map_index=-1, hostname='eaafa8aeb24e', context_carrier={}, task=<Task(PythonOperator): produce_dim_race>, bundle_instance=LocalDagBundle(name=dags-folder), max_tries=2, start_date=datetime.datetime(2026, 2, 15, 15, 5, 39, 255006, tzinfo=datetime.timezone.utc), end_date=None, state=<TaskInstanceState.RUNNING: 'running'>, is_mapped=False, rendered_map_index=None)","logger":"task","filename":"task_runner.py","lineno":1450}
