{"timestamp":"2026-02-26T19:18:37.842013Z","level":"info","event":"DAG bundles loaded: dags-folder","logger":"airflow.dag_processing.bundles.manager.DagBundlesManager","filename":"manager.py","lineno":179}
{"timestamp":"2026-02-26T19:18:37.856605Z","level":"info","event":"Filling up the DagBag from /opt/airflow/dags/api_results_bronze_to_silver.py","logger":"airflow.models.dagbag.DagBag","filename":"dagbag.py","lineno":593}
{"timestamp":"2026-02-26T19:18:44.721168Z","level":"info","event":"======================================================================","logger":"task.stdout"}
{"timestamp":"2026-02-26T19:18:44.725026Z","level":"info","event":"F1 RACE RESULTS BACKFILL: ERGAST API -> SILVER","logger":"task.stdout"}
{"timestamp":"2026-02-26T19:18:44.726112Z","level":"info","event":"======================================================================","logger":"task.stdout"}
{"timestamp":"2026-02-26T19:18:44.753462Z","level":"info","event":"","logger":"task.stdout"}
{"timestamp":"2026-02-26T19:18:44.754336Z","level":"info","event":"[STEP 1] Scraping API...","logger":"task.stdout"}
{"timestamp":"2026-02-26T19:18:44.758707Z","level":"info","event":"","logger":"task.stdout"}
{"timestamp":"2026-02-26T19:18:44.763178Z","level":"info","event":"======================================================================","logger":"task.stdout"}
{"timestamp":"2026-02-26T19:18:44.764065Z","level":"info","event":"SCRAPING RACE RESULTS FROM ERGAST API: 2024-2025","logger":"task.stdout"}
{"timestamp":"2026-02-26T19:18:44.769081Z","level":"info","event":"======================================================================","logger":"task.stdout"}
{"timestamp":"2026-02-26T19:18:44.773509Z","level":"info","event":"","logger":"task.stdout"}
{"timestamp":"2026-02-26T19:18:44.774667Z","level":"info","event":"Fetching race results for 2024...","logger":"task.stdout"}
{"timestamp":"2026-02-26T19:19:08.418365Z","level":"info","event":"100 results found across 6 races","logger":"task.stdout"}
{"timestamp":"2026-02-26T19:19:08.419680Z","level":"info","event":"Fetching race results for 2025...","logger":"task.stdout"}
{"timestamp":"2026-02-26T19:19:32.321433Z","level":"info","event":"100 results found across 5 races","logger":"task.stdout"}
{"timestamp":"2026-02-26T19:19:32.330732Z","level":"info","event":"","logger":"task.stdout"}
{"timestamp":"2026-02-26T19:19:32.333621Z","level":"info","event":"======================================================================","logger":"task.stdout"}
{"timestamp":"2026-02-26T19:19:32.337218Z","level":"info","event":"SCRAPING COMPLETE","logger":"task.stdout"}
{"timestamp":"2026-02-26T19:19:32.338200Z","level":"info","event":"Total records: 200","logger":"task.stdout"}
{"timestamp":"2026-02-26T19:19:32.339173Z","level":"info","event":"Years covered: 2024-2025","logger":"task.stdout"}
{"timestamp":"2026-02-26T19:19:32.345895Z","level":"info","event":"======================================================================","logger":"task.stdout"}
{"timestamp":"2026-02-26T19:19:32.346778Z","level":"info","event":"","logger":"task.stdout"}
{"timestamp":"2026-02-26T19:19:32.349279Z","level":"info","event":"API scraping complete: 200 result records","logger":"task.stdout"}
{"timestamp":"2026-02-26T19:19:32.369172Z","level":"info","event":"","logger":"task.stdout"}
{"timestamp":"2026-02-26T19:19:32.370206Z","level":"info","event":"[STEP 2] Transforming to Silver schema...","logger":"task.stdout"}
{"timestamp":"2026-02-26T19:19:32.370913Z","level":"info","event":"Transforming API data to Silver schema...","logger":"task.stdout"}
{"timestamp":"2026-02-26T19:19:32.481225Z","level":"info","event":"Sorted by year + round + position for stable result_id generation","logger":"task.stdout"}
{"timestamp":"2026-02-26T19:19:32.489230Z","level":"info","event":"Generated result_id: 10000001 - 10000200","logger":"task.stdout"}
{"timestamp":"2026-02-26T19:19:32.561354Z","level":"info","event":"Transformed 200 results to Silver schema","logger":"task.stdout"}
{"timestamp":"2026-02-26T19:19:32.563391Z","level":"info","event":"Source: api","logger":"task.stdout"}
{"timestamp":"2026-02-26T19:19:32.570936Z","level":"info","event":"result_id range: 10000001 - 10000200","logger":"task.stdout"}
{"timestamp":"2026-02-26T19:19:32.579071Z","level":"info","event":"Transformation complete: 200 results","logger":"task.stdout"}
{"timestamp":"2026-02-26T19:19:32.597339Z","level":"info","event":"result_id range: 10000001 - 10000200","logger":"task.stdout"}
{"timestamp":"2026-02-26T19:19:32.601248Z","level":"info","event":"","logger":"task.stdout"}
{"timestamp":"2026-02-26T19:19:32.602751Z","level":"info","event":"[STEP 3] Loading dimensions for FK resolution...","logger":"task.stdout"}
{"timestamp":"2026-02-26T19:19:32.641309Z","level":"info","event":"Error reading dimensions/dim_driver/dim_driver.parquet: S3 operation failed; code: NoSuchKey, message: The specified key does not exist., resource: /f1-silver/dimensions/dim_driver/dim_driver.parquet, request_id: 1897E2185A9706C2, host_id: dd9025bab4ad464b049177c95eb6ebf374d3b3fd1af9251148b658df7ac2e3e8, bucket_name: f1-silver, object_name: dimensions/dim_driver/dim_driver.parquet","logger":"task.stdout"}
{"timestamp":"2026-02-26T19:19:32.649551Z","level":"info","event":"ERROR: Cannot load dimensions - FK resolution impossible!","logger":"task.stdout"}
{"timestamp":"2026-02-26T19:19:32.653217Z","level":"info","event":"Details: S3 operation failed; code: NoSuchKey, message: The specified key does not exist., resource: /f1-silver/dimensions/dim_driver/dim_driver.parquet, request_id: 1897E2185A9706C2, host_id: dd9025bab4ad464b049177c95eb6ebf374d3b3fd1af9251148b658df7ac2e3e8, bucket_name: f1-silver, object_name: dimensions/dim_driver/dim_driver.parquet","logger":"task.stdout"}
{"timestamp":"2026-02-26T19:19:32.641991Z","level":"error","event":"Task failed with exception","logger":"task","filename":"task_runner.py","lineno":1078,"error_detail":[{"exc_type":"RuntimeError","exc_value":"All dimensions must exist before loading results","exc_notes":[],"syntax_error":null,"is_cause":false,"frames":[{"filename":"/home/airflow/.local/lib/python3.12/site-packages/airflow/sdk/execution_time/task_runner.py","lineno":1004,"name":"run"},{"filename":"/home/airflow/.local/lib/python3.12/site-packages/airflow/sdk/execution_time/task_runner.py","lineno":1405,"name":"_execute_task"},{"filename":"/home/airflow/.local/lib/python3.12/site-packages/airflow/sdk/bases/operator.py","lineno":417,"name":"wrapper"},{"filename":"/home/airflow/.local/lib/python3.12/site-packages/airflow/providers/standard/operators/python.py","lineno":214,"name":"execute"},{"filename":"/home/airflow/.local/lib/python3.12/site-packages/airflow/providers/standard/operators/python.py","lineno":237,"name":"execute_callable"},{"filename":"/home/airflow/.local/lib/python3.12/site-packages/airflow/sdk/execution_time/callback_runner.py","lineno":82,"name":"run"},{"filename":"/opt/airflow/dags/api_results_bronze_to_silver.py","lineno":313,"name":"backfill_fact_race_results"}],"is_group":false,"exceptions":[]},{"exc_type":"S3Error","exc_value":"S3 operation failed; code: NoSuchKey, message: The specified key does not exist., resource: /f1-silver/dimensions/dim_driver/dim_driver.parquet, request_id: 1897E2185A9706C2, host_id: dd9025bab4ad464b049177c95eb6ebf374d3b3fd1af9251148b658df7ac2e3e8, bucket_name: f1-silver, object_name: dimensions/dim_driver/dim_driver.parquet","exc_notes":[],"syntax_error":null,"is_cause":true,"frames":[{"filename":"/opt/airflow/dags/api_results_bronze_to_silver.py","lineno":287,"name":"backfill_fact_race_results"},{"filename":"/opt/airflow/dags/utils/s3_helper.py","lineno":43,"name":"read_parquet"},{"filename":"/home/airflow/.local/lib/python3.12/site-packages/minio/api.py","lineno":1244,"name":"get_object"},{"filename":"/home/airflow/.local/lib/python3.12/site-packages/minio/api.py","lineno":440,"name":"_execute"},{"filename":"/home/airflow/.local/lib/python3.12/site-packages/minio/api.py","lineno":423,"name":"_url_open"}],"is_group":false,"exceptions":[]}]}
