{"timestamp":"2026-02-26T19:10:27.604571Z","level":"info","event":"DAG bundles loaded: dags-folder","logger":"airflow.dag_processing.bundles.manager.DagBundlesManager","filename":"manager.py","lineno":179}
{"timestamp":"2026-02-26T19:10:27.646960Z","level":"info","event":"Filling up the DagBag from /opt/airflow/dags/api_circuits_bronze_to_silver.py","logger":"airflow.models.dagbag.DagBag","filename":"dagbag.py","lineno":593}
{"timestamp":"2026-02-26T19:10:49.521370Z","level":"info","event":"======================================================================","logger":"task.stdout"}
{"timestamp":"2026-02-26T19:10:49.529411Z","level":"info","event":"F1 CIRCUIT BACKFILL: ERGAST API → SILVER","logger":"task.stdout"}
{"timestamp":"2026-02-26T19:10:49.533319Z","level":"info","event":"======================================================================","logger":"task.stdout"}
{"timestamp":"2026-02-26T19:10:49.821437Z","level":"info","event":"","logger":"task.stdout"}
{"timestamp":"2026-02-26T19:10:49.833407Z","level":"info","event":"[STEP 1] Scraping API...","logger":"task.stdout"}
{"timestamp":"2026-02-26T19:10:49.837359Z","level":"info","event":"","logger":"task.stdout"}
{"timestamp":"2026-02-26T19:10:49.841414Z","level":"info","event":"======================================================================","logger":"task.stdout"}
{"timestamp":"2026-02-26T19:10:49.849372Z","level":"info","event":"SCRAPING ALL CIRCUITS FROM API","logger":"task.stdout"}
{"timestamp":"2026-02-26T19:10:49.853443Z","level":"info","event":"======================================================================","logger":"task.stdout"}
{"timestamp":"2026-02-26T19:10:49.854436Z","level":"info","event":"","logger":"task.stdout"}
{"timestamp":"2026-02-26T19:10:49.861384Z","level":"info","event":"Fetching circuits (offset=0, limit=100)...","logger":"task.stdout"}
{"timestamp":"2026-02-26T19:11:16.870471Z","level":"info","event":"Fetched 78 circuits (total so far: 78/78)","logger":"task.stdout"}
{"timestamp":"2026-02-26T19:11:16.924754Z","level":"info","event":"","logger":"task.stdout"}
{"timestamp":"2026-02-26T19:11:16.926209Z","level":"info","event":"======================================================================","logger":"task.stdout"}
{"timestamp":"2026-02-26T19:11:16.928958Z","level":"info","event":"SCRAPING COMPLETE","logger":"task.stdout"}
{"timestamp":"2026-02-26T19:11:16.946916Z","level":"info","event":"Total records: 78","logger":"task.stdout"}
{"timestamp":"2026-02-26T19:11:16.956833Z","level":"info","event":"Unique circuits (by circuitId): 78","logger":"task.stdout"}
{"timestamp":"2026-02-26T19:11:16.957872Z","level":"info","event":"======================================================================","logger":"task.stdout"}
{"timestamp":"2026-02-26T19:11:16.958796Z","level":"info","event":"","logger":"task.stdout"}
{"timestamp":"2026-02-26T19:11:16.959896Z","level":"info","event":"API scraping complete: 78 circuit records","logger":"task.stdout"}
{"timestamp":"2026-02-26T19:11:16.973326Z","level":"info","event":"","logger":"task.stdout"}
{"timestamp":"2026-02-26T19:11:16.984917Z","level":"info","event":"[STEP 2] Transforming to Silver schema...","logger":"task.stdout"}
{"timestamp":"2026-02-26T19:11:16.987788Z","level":"info","event":"Transforming API data to Silver schema...","logger":"task.stdout"}
{"timestamp":"2026-02-26T19:11:17.000958Z","level":"info","event":"Deduplication: 78 records → 78 unique circuits","logger":"task.stdout"}
{"timestamp":"2026-02-26T19:11:17.009095Z","level":"info","event":"Sorted by circuitId for stable circuit_id generation","logger":"task.stdout"}
{"timestamp":"2026-02-26T19:11:17.284070Z","level":"info","event":"Transformed 78 circuits to Silver schema","logger":"task.stdout"}
{"timestamp":"2026-02-26T19:11:17.293767Z","level":"info","event":"Source: api","logger":"task.stdout"}
{"timestamp":"2026-02-26T19:11:17.295003Z","level":"info","event":"circuit_id range: 10001 - 10078","logger":"task.stdout"}
{"timestamp":"2026-02-26T19:11:17.296539Z","level":"info","event":"Transformation complete: 78 unique constructors","logger":"task.stdout"}
{"timestamp":"2026-02-26T19:11:17.300873Z","level":"info","event":"circuit_id range: 10001 - 10078","logger":"task.stdout"}
{"timestamp":"2026-02-26T19:11:17.301930Z","level":"info","event":"","logger":"task.stdout"}
{"timestamp":"2026-02-26T19:11:17.308775Z","level":"info","event":"[STEP 3] Loading existing Silver data...","logger":"task.stdout"}
{"timestamp":"2026-02-26T19:11:17.660927Z","level":"info","event":"Error reading dimensions/dim_circuit/dim_circuit.parquet: S3 operation failed; code: NoSuchKey, message: The specified key does not exist., resource: /f1-silver/dimensions/dim_circuit/dim_circuit.parquet, request_id: 1897E1A510D2390E, host_id: dd9025bab4ad464b049177c95eb6ebf374d3b3fd1af9251148b658df7ac2e3e8, bucket_name: f1-silver, object_name: dimensions/dim_circuit/dim_circuit.parquet","logger":"task.stdout"}
{"timestamp":"2026-02-26T19:11:17.664771Z","level":"info","event":"No existing Silver data found (first run)","logger":"task.stdout"}
{"timestamp":"2026-02-26T19:11:17.671576Z","level":"info","event":"Details: S3 operation failed; code: NoSuchKey, message: The specified key does not exist., resource: /f1-silver/dimensions/dim_circuit/dim_circuit.parquet, request_id: 1897E1A510D2390E, host_id: dd9025bab4ad464b049177c95eb6ebf374d3b3fd1af9251148b658df7ac2e3e8, bucket_name: f1-silver, object_name: dimensions/dim_circuit/dim_circuit.parquet","logger":"task.stdout"}
{"timestamp":"2026-02-26T19:11:17.841326Z","level":"info","event":"","logger":"task.stdout"}
{"timestamp":"2026-02-26T19:11:17.842261Z","level":"info","event":"[STEP 4] Merging API data with existing Silver...","logger":"task.stdout"}
{"timestamp":"2026-02-26T19:11:17.851485Z","level":"info","event":"","logger":"task.stdout"}
{"timestamp":"2026-02-26T19:11:17.892232Z","level":"info","event":"  Merge Configuration:","logger":"task.stdout"}
{"timestamp":"2026-02-26T19:11:17.893161Z","level":"info","event":"Existing constructors: 0","logger":"task.stdout"}
{"timestamp":"2026-02-26T19:11:17.897455Z","level":"info","event":"New API constructors: 78","logger":"task.stdout"}
{"timestamp":"2026-02-26T19:11:17.899224Z","level":"info","event":"Merge key: constructor_ref (PRIMARY natural key)","logger":"task.stdout"}
{"timestamp":"2026-02-26T19:11:17.902629Z","level":"info","event":"CSV priority: YES (skip API for CSV constructors)","logger":"task.stdout"}
{"timestamp":"2026-02-26T19:11:17.906048Z","level":"info","event":"","logger":"task.stdout"}
{"timestamp":"2026-02-26T19:11:17.917784Z","level":"info","event":" FIRST RUN: No existing data, adding all API circuits","logger":"task.stdout"}
{"timestamp":"2026-02-26T19:11:17.929926Z","level":"info","event":"Generated circuit_key: 1-78","logger":"task.stdout"}
{"timestamp":"2026-02-26T19:11:17.941009Z","level":"info","event":"circuit_id already set: 10001-10078","logger":"task.stdout"}
{"timestamp":"2026-02-26T19:11:17.941859Z","level":"info","event":"Merge complete: 78 total constructors","logger":"task.stdout"}
{"timestamp":"2026-02-26T19:11:17.961271Z","level":"info","event":"","logger":"task.stdout"}
{"timestamp":"2026-02-26T19:11:17.964801Z","level":"info","event":"[STEP 5] Writing to Silver layer...","logger":"task.stdout"}
{"timestamp":"2026-02-26T19:11:19.300080Z","level":"info","event":"Uploaded dimensions/dim_circuit/dim_circuit.parquet (78 rows)","logger":"task.stdout"}
{"timestamp":"2026-02-26T19:11:19.321928Z","level":"info","event":"Written to: s3://f1-silver/dimensions/dim_circuit/dim_circuit.parquet","logger":"task.stdout"}
{"timestamp":"2026-02-26T19:11:19.329885Z","level":"info","event":"","logger":"task.stdout"}
{"timestamp":"2026-02-26T19:11:19.330960Z","level":"info","event":"======================================================================","logger":"task.stdout"}
{"timestamp":"2026-02-26T19:11:19.332638Z","level":"info","event":"BACKFILL SUMMARY","logger":"task.stdout"}
{"timestamp":"2026-02-26T19:11:19.334750Z","level":"info","event":"======================================================================","logger":"task.stdout"}
{"timestamp":"2026-02-26T19:11:19.342183Z","level":"info","event":"  Existing circuits in Silver: 0","logger":"task.stdout"}
{"timestamp":"2026-02-26T19:11:19.361301Z","level":"info","event":"  API circuits scraped: 78","logger":"task.stdout"}
{"timestamp":"2026-02-26T19:11:19.362307Z","level":"info","event":"  Final constructor count: 78","logger":"task.stdout"}
{"timestamp":"2026-02-26T19:11:19.370699Z","level":"info","event":"  New constructors added: 78","logger":"task.stdout"}
{"timestamp":"2026-02-26T19:11:19.411867Z","level":"info","event":"","logger":"task.stdout"}
{"timestamp":"2026-02-26T19:11:19.414441Z","level":"info","event":"  Final source breakdown:","logger":"task.stdout"}
{"timestamp":"2026-02-26T19:11:19.429495Z","level":"info","event":"    api            : 78","logger":"task.stdout"}
{"timestamp":"2026-02-26T19:11:19.433780Z","level":"info","event":"","logger":"task.stdout"}
{"timestamp":"2026-02-26T19:11:19.438453Z","level":"info","event":"  circuit_id ranges:","logger":"task.stdout"}
{"timestamp":"2026-02-26T19:11:19.462893Z","level":"info","event":"api            : 10001 - 10078","logger":"task.stdout"}
{"timestamp":"2026-02-26T19:11:19.463777Z","level":"info","event":"======================================================================","logger":"task.stdout"}
{"timestamp":"2026-02-26T19:11:19.724130Z","level":"info","event":"Done. Returned value was: {'existing_count': 0, 'api_scraped': 78, 'final_count': 78, 'new_circuits_added': 78}","logger":"airflow.task.operators.airflow.providers.standard.operators.python.PythonOperator","filename":"python.py","lineno":216}
{"timestamp":"2026-02-26T19:11:19.728116Z","level":"info","event":"Pushing xcom","ti":"RuntimeTaskInstance(id=UUID('019c5e62-890d-7bbe-a331-bda6eeab6b39'), task_id='backfill_dim_circuit', dag_id='api_circuits_bronze_to_silver', run_id='manual__2026-02-14T23:00:38.507050+00:00', try_number=1, dag_version_id=UUID('019c68fd-e631-79f1-af57-fe0107f92c19'), map_index=-1, hostname='fe5351013118', context_carrier={}, task=<Task(PythonOperator): backfill_dim_circuit>, bundle_instance=LocalDagBundle(name=dags-folder), max_tries=2, start_date=datetime.datetime(2026, 2, 26, 19, 10, 24, 77118, tzinfo=datetime.timezone.utc), end_date=None, state=<TaskInstanceState.RUNNING: 'running'>, is_mapped=False, rendered_map_index=None)","logger":"task","filename":"task_runner.py","lineno":1450}
