{"timestamp":"2026-02-16T11:54:47.390091Z","level":"info","event":"DAG bundles loaded: dags-folder","logger":"airflow.dag_processing.bundles.manager.DagBundlesManager","filename":"manager.py","lineno":179}
{"timestamp":"2026-02-16T11:54:47.392206Z","level":"info","event":"Filling up the DagBag from /opt/airflow/dags/api_etl/api_circuits_bronze_to_silver.py","logger":"airflow.models.dagbag.DagBag","filename":"dagbag.py","lineno":593}
{"timestamp":"2026-02-16T11:54:48.127244Z","level":"info","event":"======================================================================","logger":"task.stdout"}
{"timestamp":"2026-02-16T11:54:48.128148Z","level":"info","event":"F1 CIRCUIT BACKFILL: ERGAST API → SILVER","logger":"task.stdout"}
{"timestamp":"2026-02-16T11:54:48.128665Z","level":"info","event":"======================================================================","logger":"task.stdout"}
{"timestamp":"2026-02-16T11:54:48.129148Z","level":"info","event":"","logger":"task.stdout"}
{"timestamp":"2026-02-16T11:54:48.129615Z","level":"info","event":"[STEP 1] Scraping API...","logger":"task.stdout"}
{"timestamp":"2026-02-16T11:54:48.130018Z","level":"info","event":"","logger":"task.stdout"}
{"timestamp":"2026-02-16T11:54:48.130379Z","level":"info","event":"======================================================================","logger":"task.stdout"}
{"timestamp":"2026-02-16T11:54:48.130791Z","level":"info","event":"SCRAPING CIRCUITS FROM API: 2024-2025","logger":"task.stdout"}
{"timestamp":"2026-02-16T11:54:48.131216Z","level":"info","event":"======================================================================","logger":"task.stdout"}
{"timestamp":"2026-02-16T11:54:48.131605Z","level":"info","event":"","logger":"task.stdout"}
{"timestamp":"2026-02-16T11:54:48.132024Z","level":"info","event":"Fetching circuits for 2024...","logger":"task.stdout"}
{"timestamp":"2026-02-16T11:55:12.588677Z","level":"info","event":"24 circuits found","logger":"task.stdout"}
{"timestamp":"2026-02-16T11:55:12.589275Z","level":"info","event":"Fetching circuits for 2025...","logger":"task.stdout"}
{"timestamp":"2026-02-16T11:55:34.435469Z","level":"info","event":"24 circuits found","logger":"task.stdout"}
{"timestamp":"2026-02-16T11:55:34.436536Z","level":"info","event":"","logger":"task.stdout"}
{"timestamp":"2026-02-16T11:55:34.437037Z","level":"info","event":"======================================================================","logger":"task.stdout"}
{"timestamp":"2026-02-16T11:55:34.437631Z","level":"info","event":"SCRAPING COMPLETE","logger":"task.stdout"}
{"timestamp":"2026-02-16T11:55:34.438073Z","level":"info","event":"Total records: 48","logger":"task.stdout"}
{"timestamp":"2026-02-16T11:55:34.438648Z","level":"info","event":"Unique circuits (by circuitId): 24","logger":"task.stdout"}
{"timestamp":"2026-02-16T11:55:34.439152Z","level":"info","event":"Years covered: 2024-2025","logger":"task.stdout"}
{"timestamp":"2026-02-16T11:55:34.439657Z","level":"info","event":"======================================================================","logger":"task.stdout"}
{"timestamp":"2026-02-16T11:55:34.440153Z","level":"info","event":"","logger":"task.stdout"}
{"timestamp":"2026-02-16T11:55:34.440660Z","level":"info","event":"API scraping complete: 48 circuit records","logger":"task.stdout"}
{"timestamp":"2026-02-16T11:55:34.441143Z","level":"info","event":"","logger":"task.stdout"}
{"timestamp":"2026-02-16T11:55:34.441642Z","level":"info","event":"[STEP 2] Transforming to Silver schema...","logger":"task.stdout"}
{"timestamp":"2026-02-16T11:55:34.442106Z","level":"info","event":"Transforming API data to Silver schema...","logger":"task.stdout"}
{"timestamp":"2026-02-16T11:55:34.442631Z","level":"info","event":"Deduplication: 48 records → 24 unique circuits","logger":"task.stdout"}
{"timestamp":"2026-02-16T11:55:34.443064Z","level":"info","event":"Sorted by circuitId for stable circuit_id generation","logger":"task.stdout"}
{"timestamp":"2026-02-16T11:55:34.444318Z","level":"info","event":"Transformed 24 circuits to Silver schema","logger":"task.stdout"}
{"timestamp":"2026-02-16T11:55:34.444846Z","level":"info","event":"Source: api","logger":"task.stdout"}
{"timestamp":"2026-02-16T11:55:34.445323Z","level":"info","event":"circuit_id range: 10001 - 10024","logger":"task.stdout"}
{"timestamp":"2026-02-16T11:55:34.445878Z","level":"info","event":"Transformation complete: 24 unique constructors","logger":"task.stdout"}
{"timestamp":"2026-02-16T11:55:34.446388Z","level":"info","event":"circuit_id range: 10001 - 10024","logger":"task.stdout"}
{"timestamp":"2026-02-16T11:55:34.446866Z","level":"info","event":"","logger":"task.stdout"}
{"timestamp":"2026-02-16T11:55:34.447288Z","level":"info","event":"[STEP 3] Loading existing Silver data...","logger":"task.stdout"}
{"timestamp":"2026-02-16T11:55:34.474558Z","level":"info","event":" Downloaded dimensions/dim_circuit/dim_circuit.parquet (34 rows)","logger":"task.stdout"}
{"timestamp":"2026-02-16T11:55:34.475193Z","level":"info","event":"Loaded 34 existing circuits from Silver","logger":"task.stdout"}
{"timestamp":"2026-02-16T11:55:34.475758Z","level":"info","event":"Existing sources: {'f1_data.csv': 34}","logger":"task.stdout"}
{"timestamp":"2026-02-16T11:55:34.476268Z","level":"info","event":"CSV circuit_id range: 1 - 79","logger":"task.stdout"}
{"timestamp":"2026-02-16T11:55:34.476754Z","level":"info","event":"","logger":"task.stdout"}
{"timestamp":"2026-02-16T11:55:34.477243Z","level":"info","event":"[STEP 4] Merging API data with existing Silver...","logger":"task.stdout"}
{"timestamp":"2026-02-16T11:55:34.477852Z","level":"info","event":"","logger":"task.stdout"}
{"timestamp":"2026-02-16T11:55:34.478330Z","level":"info","event":"  Merge Configuration:","logger":"task.stdout"}
{"timestamp":"2026-02-16T11:55:34.478811Z","level":"info","event":"Existing constructors: 34","logger":"task.stdout"}
{"timestamp":"2026-02-16T11:55:34.479281Z","level":"info","event":"New API constructors: 24","logger":"task.stdout"}
{"timestamp":"2026-02-16T11:55:34.479746Z","level":"info","event":"Merge key: constructor_ref (PRIMARY natural key)","logger":"task.stdout"}
{"timestamp":"2026-02-16T11:55:34.480211Z","level":"info","event":"CSV priority: YES (skip API for CSV constructors)","logger":"task.stdout"}
{"timestamp":"2026-02-16T11:55:34.480625Z","level":"info","event":"","logger":"task.stdout"}
{"timestamp":"2026-02-16T11:55:34.481056Z","level":"info","event":"  Current max circuit_key: 34","logger":"task.stdout"}
{"timestamp":"2026-02-16T11:55:34.481476Z","level":"info","event":"","logger":"task.stdout"}
{"timestamp":"2026-02-16T11:55:34.481860Z","level":"info","event":"  Processing 24 API constructors:","logger":"task.stdout"}
{"timestamp":"2026-02-16T11:55:34.482206Z","level":"info","event":"","logger":"task.stdout"}
{"timestamp":"2026-02-16T11:55:34.482566Z","level":"info","event":"SKIP: albert_park          (CSV priority)","logger":"task.stdout"}
{"timestamp":"2026-02-16T11:55:34.483094Z","level":"info","event":"SKIP: americas             (CSV priority)","logger":"task.stdout"}
{"timestamp":"2026-02-16T11:55:34.483527Z","level":"info","event":"SKIP: bahrain              (CSV priority)","logger":"task.stdout"}
{"timestamp":"2026-02-16T11:55:34.483838Z","level":"info","event":"SKIP: baku                 (CSV priority)","logger":"task.stdout"}
{"timestamp":"2026-02-16T11:55:34.484233Z","level":"info","event":"SKIP: catalunya            (CSV priority)","logger":"task.stdout"}
{"timestamp":"2026-02-16T11:55:34.484642Z","level":"info","event":"SKIP: hungaroring          (CSV priority)","logger":"task.stdout"}
{"timestamp":"2026-02-16T11:55:34.485046Z","level":"info","event":"SKIP: imola                (CSV priority)","logger":"task.stdout"}
{"timestamp":"2026-02-16T11:55:34.485606Z","level":"info","event":"SKIP: interlagos           (CSV priority)","logger":"task.stdout"}
{"timestamp":"2026-02-16T11:55:34.486051Z","level":"info","event":"SKIP: jeddah               (CSV priority)","logger":"task.stdout"}
{"timestamp":"2026-02-16T11:55:34.486408Z","level":"info","event":"SKIP: losail               (CSV priority)","logger":"task.stdout"}
{"timestamp":"2026-02-16T11:55:34.486816Z","level":"info","event":"SKIP: marina_bay           (CSV priority)","logger":"task.stdout"}
{"timestamp":"2026-02-16T11:55:34.487377Z","level":"info","event":"SKIP: miami                (CSV priority)","logger":"task.stdout"}
{"timestamp":"2026-02-16T11:55:34.488881Z","level":"info","event":"SKIP: monaco               (CSV priority)","logger":"task.stdout"}
{"timestamp":"2026-02-16T11:55:34.490062Z","level":"info","event":"SKIP: monza                (CSV priority)","logger":"task.stdout"}
{"timestamp":"2026-02-16T11:55:34.490884Z","level":"info","event":"SKIP: red_bull_ring        (CSV priority)","logger":"task.stdout"}
{"timestamp":"2026-02-16T11:55:34.491775Z","level":"info","event":"SKIP: rodriguez            (CSV priority)","logger":"task.stdout"}
{"timestamp":"2026-02-16T11:55:34.492609Z","level":"info","event":"SKIP: shanghai             (CSV priority)","logger":"task.stdout"}
{"timestamp":"2026-02-16T11:55:34.493447Z","level":"info","event":"SKIP: silverstone          (CSV priority)","logger":"task.stdout"}
{"timestamp":"2026-02-16T11:55:34.494314Z","level":"info","event":"SKIP: spa                  (CSV priority)","logger":"task.stdout"}
{"timestamp":"2026-02-16T11:55:34.495174Z","level":"info","event":"SKIP: suzuka               (CSV priority)","logger":"task.stdout"}
{"timestamp":"2026-02-16T11:55:34.495583Z","level":"info","event":"ADD: vegas                (new circuit from API, circuit_id10021)","logger":"task.stdout"}
{"timestamp":"2026-02-16T11:55:34.499042Z","level":"warning","event":"The behavior of DataFrame concatenation with empty or all-NA entries is deprecated. In a future version, this will no longer exclude empty or all-NA columns when determining the result dtypes. To retain the old behavior, exclude the relevant entries before the concat operation.","category":"FutureWarning","filename":"/opt/airflow/dags/api_etl/api_circuits_bronze_to_silver.py","lineno":95,"logger":"py.warnings"}
{"timestamp":"2026-02-16T11:55:34.501926Z","level":"info","event":"SKIP: villeneuve           (CSV priority)","logger":"task.stdout"}
{"timestamp":"2026-02-16T11:55:34.503475Z","level":"info","event":"SKIP: yas_marina           (CSV priority)","logger":"task.stdout"}
{"timestamp":"2026-02-16T11:55:34.504975Z","level":"info","event":"SKIP: zandvoort            (CSV priority)","logger":"task.stdout"}
{"timestamp":"2026-02-16T11:55:34.505590Z","level":"info","event":"Merge complete: 35 total constructors","logger":"task.stdout"}
{"timestamp":"2026-02-16T11:55:34.506046Z","level":"info","event":"","logger":"task.stdout"}
{"timestamp":"2026-02-16T11:55:34.506449Z","level":"info","event":"[STEP 5] Writing to Silver layer...","logger":"task.stdout"}
{"timestamp":"2026-02-16T11:55:34.525799Z","level":"info","event":"Uploaded dimensions/dim_circuit/dim_circuit.parquet (35 rows)","logger":"task.stdout"}
{"timestamp":"2026-02-16T11:55:34.528480Z","level":"info","event":"Written to: s3://f1-silver/dimensions/dim_circuit/dim_circuit.parquet","logger":"task.stdout"}
{"timestamp":"2026-02-16T11:55:34.529045Z","level":"info","event":"","logger":"task.stdout"}
{"timestamp":"2026-02-16T11:55:34.529573Z","level":"info","event":"======================================================================","logger":"task.stdout"}
{"timestamp":"2026-02-16T11:55:34.530030Z","level":"info","event":"BACKFILL SUMMARY","logger":"task.stdout"}
{"timestamp":"2026-02-16T11:55:34.530579Z","level":"info","event":"======================================================================","logger":"task.stdout"}
{"timestamp":"2026-02-16T11:55:34.531038Z","level":"info","event":"  Existing circuits in Silver: 34","logger":"task.stdout"}
{"timestamp":"2026-02-16T11:55:34.531381Z","level":"info","event":"  API circuits scraped: 24","logger":"task.stdout"}
{"timestamp":"2026-02-16T11:55:34.531831Z","level":"info","event":"  Final constructor count: 35","logger":"task.stdout"}
{"timestamp":"2026-02-16T11:55:34.532257Z","level":"info","event":"  New constructors added: 1","logger":"task.stdout"}
{"timestamp":"2026-02-16T11:55:34.532687Z","level":"info","event":"","logger":"task.stdout"}
{"timestamp":"2026-02-16T11:55:34.533098Z","level":"info","event":"  Final source breakdown:","logger":"task.stdout"}
{"timestamp":"2026-02-16T11:55:34.533572Z","level":"info","event":"    f1_data.csv    : 34","logger":"task.stdout"}
{"timestamp":"2026-02-16T11:55:34.534022Z","level":"info","event":"    api            : 1","logger":"task.stdout"}
{"timestamp":"2026-02-16T11:55:34.534370Z","level":"info","event":"","logger":"task.stdout"}
{"timestamp":"2026-02-16T11:55:34.534693Z","level":"info","event":"  circuit_id ranges:","logger":"task.stdout"}
{"timestamp":"2026-02-16T11:55:34.535026Z","level":"info","event":"f1_data.csv    : 1 - 79","logger":"task.stdout"}
{"timestamp":"2026-02-16T11:55:34.535347Z","level":"info","event":"api            : 10021 - 10021","logger":"task.stdout"}
{"timestamp":"2026-02-16T11:55:34.535729Z","level":"info","event":"======================================================================","logger":"task.stdout"}
{"timestamp":"2026-02-16T11:55:34.555390Z","level":"info","event":"Done. Returned value was: {'existing_count': 34, 'api_scraped': 24, 'final_count': 35, 'new_circuits_added': 1}","logger":"airflow.task.operators.airflow.providers.standard.operators.python.PythonOperator","filename":"python.py","lineno":216}
{"timestamp":"2026-02-16T11:55:34.555789Z","level":"info","event":"Pushing xcom","ti":"RuntimeTaskInstance(id=UUID('019c664d-9674-73c8-aadb-6e10501d6f0f'), task_id='backfill_dim_circuit', dag_id='api_circuits_bronze_to_silver', run_id='manual__2026-02-16T11:41:08.067860+00:00', try_number=4, dag_version_id=UUID('019c6168-24d9-7e13-aa0e-1bb35aa9f4c2'), map_index=-1, hostname='8ca1c3cee112', context_carrier={}, task=<Task(PythonOperator): backfill_dim_circuit>, bundle_instance=LocalDagBundle(name=dags-folder), max_tries=5, start_date=datetime.datetime(2026, 2, 16, 11, 54, 47, 311084, tzinfo=datetime.timezone.utc), end_date=None, state=<TaskInstanceState.RUNNING: 'running'>, is_mapped=False, rendered_map_index=None)","logger":"task","filename":"task_runner.py","lineno":1450}
