{"timestamp":"2026-02-13T15:07:55.603105Z","level":"info","event":"DAG bundles loaded: dags-folder","logger":"airflow.dag_processing.bundles.manager.DagBundlesManager","filename":"manager.py","lineno":179}
{"timestamp":"2026-02-13T15:07:55.611612Z","level":"info","event":"Filling up the DagBag from /opt/airflow/dags/api_etl/api_races_bronze_to_silver.py","logger":"airflow.models.dagbag.DagBag","filename":"dagbag.py","lineno":593}
{"timestamp":"2026-02-13T15:07:56.807732Z","level":"info","event":"======================================================================","logger":"task.stdout"}
{"timestamp":"2026-02-13T15:07:56.808275Z","level":"info","event":"F1 RACE BACKFILL: ERGAST API -> SILVER","logger":"task.stdout"}
{"timestamp":"2026-02-13T15:07:56.808547Z","level":"info","event":"======================================================================","logger":"task.stdout"}
{"timestamp":"2026-02-13T15:07:56.810781Z","level":"info","event":"","logger":"task.stdout"}
{"timestamp":"2026-02-13T15:07:56.811782Z","level":"info","event":"[STEP 1] Scraping API...","logger":"task.stdout"}
{"timestamp":"2026-02-13T15:07:56.812548Z","level":"info","event":"","logger":"task.stdout"}
{"timestamp":"2026-02-13T15:07:56.812772Z","level":"info","event":"======================================================================","logger":"task.stdout"}
{"timestamp":"2026-02-13T15:07:56.812962Z","level":"info","event":"SCRAPING RACES FROM ERGAST API: 2024-2025","logger":"task.stdout"}
{"timestamp":"2026-02-13T15:07:56.813262Z","level":"info","event":"======================================================================","logger":"task.stdout"}
{"timestamp":"2026-02-13T15:07:56.813718Z","level":"info","event":"","logger":"task.stdout"}
{"timestamp":"2026-02-13T15:07:56.813930Z","level":"info","event":"Fetching races for 2024...","logger":"task.stdout"}
{"timestamp":"2026-02-13T15:08:20.002022Z","level":"info","event":"24 races found","logger":"task.stdout"}
{"timestamp":"2026-02-13T15:08:20.002695Z","level":"info","event":"Fetching races for 2025...","logger":"task.stdout"}
{"timestamp":"2026-02-13T15:08:41.001892Z","level":"info","event":"24 races found","logger":"task.stdout"}
{"timestamp":"2026-02-13T15:08:41.003376Z","level":"info","event":"","logger":"task.stdout"}
{"timestamp":"2026-02-13T15:08:41.003619Z","level":"info","event":"======================================================================","logger":"task.stdout"}
{"timestamp":"2026-02-13T15:08:41.003827Z","level":"info","event":"SCRAPING COMPLETE","logger":"task.stdout"}
{"timestamp":"2026-02-13T15:08:41.004142Z","level":"info","event":"Total records: 48","logger":"task.stdout"}
{"timestamp":"2026-02-13T15:08:41.004357Z","level":"info","event":"Years covered: 2024-2025","logger":"task.stdout"}
{"timestamp":"2026-02-13T15:08:41.004555Z","level":"info","event":"======================================================================","logger":"task.stdout"}
{"timestamp":"2026-02-13T15:08:41.004852Z","level":"info","event":"","logger":"task.stdout"}
{"timestamp":"2026-02-13T15:08:41.005073Z","level":"info","event":"API scraping complete: 48 race records","logger":"task.stdout"}
{"timestamp":"2026-02-13T15:08:41.005367Z","level":"info","event":"","logger":"task.stdout"}
{"timestamp":"2026-02-13T15:08:41.005588Z","level":"info","event":"[STEP 2] Transforming to Silver schema...","logger":"task.stdout"}
{"timestamp":"2026-02-13T15:08:41.005833Z","level":"info","event":"Transforming API data to Silver schema...","logger":"task.stdout"}
{"timestamp":"2026-02-13T15:08:41.014129Z","level":"info","event":"Sorted by season + round for stable race_id generation","logger":"task.stdout"}
{"timestamp":"2026-02-13T15:08:41.015382Z","level":"info","event":"  Generated race_id: 10001 - 10048","logger":"task.stdout"}
{"timestamp":"2026-02-13T15:08:41.023922Z","level":"warning","event":"Could not infer format, so each element will be parsed individually, falling back to `dateutil`. To ensure parsing is consistent and as-expected, please specify a format.","category":"UserWarning","filename":"/opt/airflow/dags/utils/scraper/race.py","lineno":253,"logger":"py.warnings"}
{"timestamp":"2026-02-13T15:08:41.029221Z","level":"warning","event":"Could not infer format, so each element will be parsed individually, falling back to `dateutil`. To ensure parsing is consistent and as-expected, please specify a format.","category":"UserWarning","filename":"/opt/airflow/dags/utils/scraper/race.py","lineno":253,"logger":"py.warnings"}
{"timestamp":"2026-02-13T15:08:41.031777Z","level":"warning","event":"Could not infer format, so each element will be parsed individually, falling back to `dateutil`. To ensure parsing is consistent and as-expected, please specify a format.","category":"UserWarning","filename":"/opt/airflow/dags/utils/scraper/race.py","lineno":253,"logger":"py.warnings"}
{"timestamp":"2026-02-13T15:08:41.033891Z","level":"warning","event":"Could not infer format, so each element will be parsed individually, falling back to `dateutil`. To ensure parsing is consistent and as-expected, please specify a format.","category":"UserWarning","filename":"/opt/airflow/dags/utils/scraper/race.py","lineno":253,"logger":"py.warnings"}
{"timestamp":"2026-02-13T15:08:41.036024Z","level":"warning","event":"Could not infer format, so each element will be parsed individually, falling back to `dateutil`. To ensure parsing is consistent and as-expected, please specify a format.","category":"UserWarning","filename":"/opt/airflow/dags/utils/scraper/race.py","lineno":253,"logger":"py.warnings"}
{"timestamp":"2026-02-13T15:08:41.038508Z","level":"warning","event":"Could not infer format, so each element will be parsed individually, falling back to `dateutil`. To ensure parsing is consistent and as-expected, please specify a format.","category":"UserWarning","filename":"/opt/airflow/dags/utils/scraper/race.py","lineno":253,"logger":"py.warnings"}
{"timestamp":"2026-02-13T15:08:41.040666Z","level":"info","event":"Transformed 48 races to Silver schema","logger":"task.stdout"}
{"timestamp":"2026-02-13T15:08:41.041090Z","level":"info","event":"Source: api","logger":"task.stdout"}
{"timestamp":"2026-02-13T15:08:41.041464Z","level":"info","event":"race_id range: 10001 - 10048","logger":"task.stdout"}
{"timestamp":"2026-02-13T15:08:41.041797Z","level":"info","event":"Transformation complete: 48 unique races","logger":"task.stdout"}
{"timestamp":"2026-02-13T15:08:41.042126Z","level":"info","event":"race_id range: 10001 - 10048","logger":"task.stdout"}
{"timestamp":"2026-02-13T15:08:41.042461Z","level":"info","event":"","logger":"task.stdout"}
{"timestamp":"2026-02-13T15:08:41.043130Z","level":"info","event":"[STEP 3] Loading dim_circuit for FK resolution...","logger":"task.stdout"}
{"timestamp":"2026-02-13T15:08:41.071163Z","level":"info","event":" Downloaded dimensions/dim_circuit/dim_circuit.parquet (34 rows)","logger":"task.stdout"}
{"timestamp":"2026-02-13T15:08:41.071635Z","level":"info","event":"Loaded 34 circuits from Silver","logger":"task.stdout"}
{"timestamp":"2026-02-13T15:08:41.072117Z","level":"info","event":"Created circuit_ref -> circuit_key lookup (34 entries)","logger":"task.stdout"}
{"timestamp":"2026-02-13T15:08:41.072522Z","level":"info","event":"","logger":"task.stdout"}
{"timestamp":"2026-02-13T15:08:41.072899Z","level":"info","event":"[STEP 4] Resolving circuit_key FK...","logger":"task.stdout"}
{"timestamp":"2026-02-13T15:08:41.073318Z","level":"info","event":"WARNING: 2 races have unresolved circuit_ref!","logger":"task.stdout"}
{"timestamp":"2026-02-13T15:08:41.073756Z","level":"info","event":"Unresolved circuit_ref values:","logger":"task.stdout"}
{"timestamp":"2026-02-13T15:08:41.074197Z","level":"info","event":"['vegas']","logger":"task.stdout"}
{"timestamp":"2026-02-13T15:08:41.074611Z","level":"info","event":"","logger":"task.stdout"}
{"timestamp":"2026-02-13T15:08:41.074996Z","level":"info","event":"[STEP 5] Loading existing Silver data...","logger":"task.stdout"}
{"timestamp":"2026-02-13T15:08:41.079719Z","level":"info","event":" Downloaded dimensions/dim_race/dim_race.parquet (232 rows)","logger":"task.stdout"}
{"timestamp":"2026-02-13T15:08:41.080214Z","level":"info","event":"Loaded 232 existing races from Silver","logger":"task.stdout"}
{"timestamp":"2026-02-13T15:08:41.080704Z","level":"info","event":"Existing sources: {'f1_data.csv': 232}","logger":"task.stdout"}
{"timestamp":"2026-02-13T15:08:41.081072Z","level":"info","event":"CSV race_id range: 860 - 1110","logger":"task.stdout"}
{"timestamp":"2026-02-13T15:08:41.081436Z","level":"info","event":"","logger":"task.stdout"}
{"timestamp":"2026-02-13T15:08:41.081800Z","level":"info","event":"[STEP 6] Merging API data with existing Silver...","logger":"task.stdout"}
{"timestamp":"2026-02-13T15:08:41.082114Z","level":"info","event":"","logger":"task.stdout"}
{"timestamp":"2026-02-13T15:08:41.082466Z","level":"info","event":"  Merge Configuration:","logger":"task.stdout"}
{"timestamp":"2026-02-13T15:08:41.082842Z","level":"info","event":"Existing races: 232","logger":"task.stdout"}
{"timestamp":"2026-02-13T15:08:41.083210Z","level":"info","event":"New API races: 48","logger":"task.stdout"}
{"timestamp":"2026-02-13T15:08:41.083577Z","level":"info","event":"Merge key: race_year + race_round (COMPOSITE natural key)","logger":"task.stdout"}
{"timestamp":"2026-02-13T15:08:41.083838Z","level":"info","event":"CSV priority: YES (skip API for CSV races)","logger":"task.stdout"}
{"timestamp":"2026-02-13T15:08:41.084162Z","level":"info","event":"","logger":"task.stdout"}
{"timestamp":"2026-02-13T15:08:41.084470Z","level":"info","event":"  Current max race_key: 232","logger":"task.stdout"}
{"timestamp":"2026-02-13T15:08:41.084704Z","level":"info","event":"","logger":"task.stdout"}
{"timestamp":"2026-02-13T15:08:41.085042Z","level":"info","event":"  Processing 48 API races:","logger":"task.stdout"}
{"timestamp":"2026-02-13T15:08:41.085321Z","level":"info","event":"","logger":"task.stdout"}
{"timestamp":"2026-02-13T15:08:41.085619Z","level":"info","event":"ADD: 2024-R1 Bahrain Grand Prix     (new race from API, race_id=10001)","logger":"task.stdout"}
{"timestamp":"2026-02-13T15:08:41.085929Z","level":"info","event":"ADD: 2024-R10 Spanish Grand Prix    (new race from API, race_id=10002)","logger":"task.stdout"}
{"timestamp":"2026-02-13T15:08:41.087171Z","level":"info","event":"ADD: 2024-R11 Austrian Grand Prix   (new race from API, race_id=10003)","logger":"task.stdout"}
{"timestamp":"2026-02-13T15:08:41.089498Z","level":"info","event":"ADD: 2024-R12 British Grand Prix    (new race from API, race_id=10004)","logger":"task.stdout"}
{"timestamp":"2026-02-13T15:08:41.091408Z","level":"info","event":"ADD: 2024-R13 Hungarian Grand Prix  (new race from API, race_id=10005)","logger":"task.stdout"}
{"timestamp":"2026-02-13T15:08:41.093466Z","level":"info","event":"ADD: 2024-R14 Belgian Grand Prix    (new race from API, race_id=10006)","logger":"task.stdout"}
{"timestamp":"2026-02-13T15:08:41.095343Z","level":"info","event":"ADD: 2024-R15 Dutch Grand Prix      (new race from API, race_id=10007)","logger":"task.stdout"}
{"timestamp":"2026-02-13T15:08:41.097217Z","level":"info","event":"ADD: 2024-R16 Italian Grand Prix    (new race from API, race_id=10008)","logger":"task.stdout"}
{"timestamp":"2026-02-13T15:08:41.099111Z","level":"info","event":"ADD: 2024-R17 Azerbaijan Grand Prix (new race from API, race_id=10009)","logger":"task.stdout"}
{"timestamp":"2026-02-13T15:08:41.101014Z","level":"info","event":"ADD: 2024-R18 Singapore Grand Prix  (new race from API, race_id=10010)","logger":"task.stdout"}
{"timestamp":"2026-02-13T15:08:41.103398Z","level":"info","event":"ADD: 2024-R19 United States Grand Prix (new race from API, race_id=10011)","logger":"task.stdout"}
{"timestamp":"2026-02-13T15:08:41.105569Z","level":"info","event":"ADD: 2024-R2 Saudi Arabian Grand Prix (new race from API, race_id=10012)","logger":"task.stdout"}
{"timestamp":"2026-02-13T15:08:41.107564Z","level":"info","event":"ADD: 2024-R20 Mexico City Grand Prix (new race from API, race_id=10013)","logger":"task.stdout"}
{"timestamp":"2026-02-13T15:08:41.109538Z","level":"info","event":"ADD: 2024-R21 São Paulo Grand Prix  (new race from API, race_id=10014)","logger":"task.stdout"}
{"timestamp":"2026-02-13T15:08:41.111494Z","level":"info","event":"ADD: 2024-R22 Las Vegas Grand Prix  (new race from API, race_id=10015)","logger":"task.stdout"}
{"timestamp":"2026-02-13T15:08:41.113451Z","level":"info","event":"ADD: 2024-R23 Qatar Grand Prix      (new race from API, race_id=10016)","logger":"task.stdout"}
{"timestamp":"2026-02-13T15:08:41.115447Z","level":"info","event":"ADD: 2024-R24 Abu Dhabi Grand Prix  (new race from API, race_id=10017)","logger":"task.stdout"}
{"timestamp":"2026-02-13T15:08:41.117477Z","level":"info","event":"ADD: 2024-R3 Australian Grand Prix  (new race from API, race_id=10018)","logger":"task.stdout"}
{"timestamp":"2026-02-13T15:08:41.119410Z","level":"info","event":"ADD: 2024-R4 Japanese Grand Prix    (new race from API, race_id=10019)","logger":"task.stdout"}
{"timestamp":"2026-02-13T15:08:41.121322Z","level":"info","event":"ADD: 2024-R5 Chinese Grand Prix     (new race from API, race_id=10020)","logger":"task.stdout"}
{"timestamp":"2026-02-13T15:08:41.123462Z","level":"info","event":"ADD: 2024-R6 Miami Grand Prix       (new race from API, race_id=10021)","logger":"task.stdout"}
{"timestamp":"2026-02-13T15:08:41.125969Z","level":"info","event":"ADD: 2024-R7 Emilia Romagna Grand Prix (new race from API, race_id=10022)","logger":"task.stdout"}
{"timestamp":"2026-02-13T15:08:41.127906Z","level":"info","event":"ADD: 2024-R8 Monaco Grand Prix      (new race from API, race_id=10023)","logger":"task.stdout"}
{"timestamp":"2026-02-13T15:08:41.129846Z","level":"info","event":"ADD: 2024-R9 Canadian Grand Prix    (new race from API, race_id=10024)","logger":"task.stdout"}
{"timestamp":"2026-02-13T15:08:41.131777Z","level":"info","event":"ADD: 2025-R1 Australian Grand Prix  (new race from API, race_id=10025)","logger":"task.stdout"}
{"timestamp":"2026-02-13T15:08:41.133751Z","level":"info","event":"ADD: 2025-R10 Canadian Grand Prix   (new race from API, race_id=10026)","logger":"task.stdout"}
{"timestamp":"2026-02-13T15:08:41.135688Z","level":"info","event":"ADD: 2025-R11 Austrian Grand Prix   (new race from API, race_id=10027)","logger":"task.stdout"}
{"timestamp":"2026-02-13T15:08:41.137633Z","level":"info","event":"ADD: 2025-R12 British Grand Prix    (new race from API, race_id=10028)","logger":"task.stdout"}
{"timestamp":"2026-02-13T15:08:41.139549Z","level":"info","event":"ADD: 2025-R13 Belgian Grand Prix    (new race from API, race_id=10029)","logger":"task.stdout"}
{"timestamp":"2026-02-13T15:08:41.142411Z","level":"info","event":"ADD: 2025-R14 Hungarian Grand Prix  (new race from API, race_id=10030)","logger":"task.stdout"}
{"timestamp":"2026-02-13T15:08:41.144585Z","level":"info","event":"ADD: 2025-R15 Dutch Grand Prix      (new race from API, race_id=10031)","logger":"task.stdout"}
{"timestamp":"2026-02-13T15:08:41.146649Z","level":"info","event":"ADD: 2025-R16 Italian Grand Prix    (new race from API, race_id=10032)","logger":"task.stdout"}
{"timestamp":"2026-02-13T15:08:41.148554Z","level":"info","event":"ADD: 2025-R17 Azerbaijan Grand Prix (new race from API, race_id=10033)","logger":"task.stdout"}
{"timestamp":"2026-02-13T15:08:41.150477Z","level":"info","event":"ADD: 2025-R18 Singapore Grand Prix  (new race from API, race_id=10034)","logger":"task.stdout"}
{"timestamp":"2026-02-13T15:08:41.152359Z","level":"info","event":"ADD: 2025-R19 United States Grand Prix (new race from API, race_id=10035)","logger":"task.stdout"}
{"timestamp":"2026-02-13T15:08:41.154364Z","level":"info","event":"ADD: 2025-R2 Chinese Grand Prix     (new race from API, race_id=10036)","logger":"task.stdout"}
{"timestamp":"2026-02-13T15:08:41.156445Z","level":"info","event":"ADD: 2025-R20 Mexico City Grand Prix (new race from API, race_id=10037)","logger":"task.stdout"}
{"timestamp":"2026-02-13T15:08:41.158551Z","level":"info","event":"ADD: 2025-R21 São Paulo Grand Prix  (new race from API, race_id=10038)","logger":"task.stdout"}
{"timestamp":"2026-02-13T15:08:41.160585Z","level":"info","event":"ADD: 2025-R22 Las Vegas Grand Prix  (new race from API, race_id=10039)","logger":"task.stdout"}
{"timestamp":"2026-02-13T15:08:41.162793Z","level":"info","event":"ADD: 2025-R23 Qatar Grand Prix      (new race from API, race_id=10040)","logger":"task.stdout"}
{"timestamp":"2026-02-13T15:08:41.165053Z","level":"info","event":"ADD: 2025-R24 Abu Dhabi Grand Prix  (new race from API, race_id=10041)","logger":"task.stdout"}
{"timestamp":"2026-02-13T15:08:41.167091Z","level":"info","event":"ADD: 2025-R3 Japanese Grand Prix    (new race from API, race_id=10042)","logger":"task.stdout"}
{"timestamp":"2026-02-13T15:08:41.169154Z","level":"info","event":"ADD: 2025-R4 Bahrain Grand Prix     (new race from API, race_id=10043)","logger":"task.stdout"}
{"timestamp":"2026-02-13T15:08:41.171096Z","level":"info","event":"ADD: 2025-R5 Saudi Arabian Grand Prix (new race from API, race_id=10044)","logger":"task.stdout"}
{"timestamp":"2026-02-13T15:08:41.173095Z","level":"info","event":"ADD: 2025-R6 Miami Grand Prix       (new race from API, race_id=10045)","logger":"task.stdout"}
{"timestamp":"2026-02-13T15:08:41.175087Z","level":"info","event":"ADD: 2025-R7 Emilia Romagna Grand Prix (new race from API, race_id=10046)","logger":"task.stdout"}
{"timestamp":"2026-02-13T15:08:41.177113Z","level":"info","event":"ADD: 2025-R8 Monaco Grand Prix      (new race from API, race_id=10047)","logger":"task.stdout"}
{"timestamp":"2026-02-13T15:08:41.179025Z","level":"info","event":"ADD: 2025-R9 Spanish Grand Prix     (new race from API, race_id=10048)","logger":"task.stdout"}
{"timestamp":"2026-02-13T15:08:41.180581Z","level":"info","event":"Merge complete: 280 total races","logger":"task.stdout"}
{"timestamp":"2026-02-13T15:08:41.181016Z","level":"info","event":"","logger":"task.stdout"}
{"timestamp":"2026-02-13T15:08:41.181422Z","level":"info","event":"[STEP 7] Writing to Silver layer...","logger":"task.stdout"}
{"timestamp":"2026-02-13T15:08:41.193151Z","level":"info","event":" Uploaded dimensions/dim_race/dim_race.parquet (280 rows)","logger":"task.stdout"}
{"timestamp":"2026-02-13T15:08:41.193607Z","level":"info","event":"Written to: s3://f1-silver/dimensions/dim_race/dim_race.parquet","logger":"task.stdout"}
{"timestamp":"2026-02-13T15:08:41.194036Z","level":"info","event":"","logger":"task.stdout"}
{"timestamp":"2026-02-13T15:08:41.194378Z","level":"info","event":"======================================================================","logger":"task.stdout"}
{"timestamp":"2026-02-13T15:08:41.194709Z","level":"info","event":"BACKFILL SUMMARY","logger":"task.stdout"}
{"timestamp":"2026-02-13T15:08:41.195023Z","level":"info","event":"======================================================================","logger":"task.stdout"}
{"timestamp":"2026-02-13T15:08:41.195342Z","level":"info","event":"  Existing races in Silver: 232","logger":"task.stdout"}
{"timestamp":"2026-02-13T15:08:41.195630Z","level":"info","event":"  API races scraped: 48","logger":"task.stdout"}
{"timestamp":"2026-02-13T15:08:41.195992Z","level":"info","event":"  Final race count: 280","logger":"task.stdout"}
{"timestamp":"2026-02-13T15:08:41.196355Z","level":"info","event":"  New races added: 48","logger":"task.stdout"}
{"timestamp":"2026-02-13T15:08:41.196722Z","level":"info","event":"","logger":"task.stdout"}
{"timestamp":"2026-02-13T15:08:41.197061Z","level":"info","event":"  Final source breakdown:","logger":"task.stdout"}
{"timestamp":"2026-02-13T15:08:41.197402Z","level":"info","event":"    f1_data.csv    : 232","logger":"task.stdout"}
{"timestamp":"2026-02-13T15:08:41.197699Z","level":"info","event":"    api            : 48","logger":"task.stdout"}
{"timestamp":"2026-02-13T15:08:41.198032Z","level":"info","event":"","logger":"task.stdout"}
{"timestamp":"2026-02-13T15:08:41.198371Z","level":"info","event":"  race_id ranges:","logger":"task.stdout"}
{"timestamp":"2026-02-13T15:08:41.198703Z","level":"info","event":"    f1_data.csv    : 860 - 1110","logger":"task.stdout"}
{"timestamp":"2026-02-13T15:08:41.198961Z","level":"info","event":"    api            : 10001 - 10048","logger":"task.stdout"}
{"timestamp":"2026-02-13T15:08:41.199242Z","level":"info","event":"======================================================================","logger":"task.stdout"}
{"timestamp":"2026-02-13T15:08:41.212155Z","level":"info","event":"Done. Returned value was: {'existing_count': 232, 'api_scraped': 48, 'final_count': 280, 'new_races_added': 48}","logger":"airflow.task.operators.airflow.providers.standard.operators.python.PythonOperator","filename":"python.py","lineno":216}
{"timestamp":"2026-02-13T15:08:41.212605Z","level":"info","event":"Pushing xcom","ti":"RuntimeTaskInstance(id=UUID('019c578b-50ed-7f82-b2b6-8c76ef6cd48b'), task_id='backfill_dim_race', dag_id='api_races_bronze_to_silver', run_id='manual__2026-02-13T15:07:53.688435+00:00', try_number=1, dag_version_id=UUID('019c4cbe-c494-7eeb-8eb2-a8751a0cb1c8'), map_index=-1, hostname='6dc0edc1fac9', context_carrier={}, task=<Task(PythonOperator): backfill_dim_race>, bundle_instance=LocalDagBundle(name=dags-folder), max_tries=2, start_date=datetime.datetime(2026, 2, 13, 15, 7, 55, 464320, tzinfo=datetime.timezone.utc), end_date=None, state=<TaskInstanceState.RUNNING: 'running'>, is_mapped=False, rendered_map_index=None)","logger":"task","filename":"task_runner.py","lineno":1450}
