{"timestamp":"2026-02-15T15:05:39.355606Z","level":"info","event":"DAG bundles loaded: dags-folder","logger":"airflow.dag_processing.bundles.manager.DagBundlesManager","filename":"manager.py","lineno":179}
{"timestamp":"2026-02-15T15:05:39.364890Z","level":"info","event":"Filling up the DagBag from /opt/airflow/dags/weekly_streaming_pipeline.py","logger":"airflow.models.dagbag.DagBag","filename":"dagbag.py","lineno":593}
{"timestamp":"2026-02-15T15:05:45.387100Z","level":"warning","event":"The `airflow.operators.trigger_dagrun.TriggerDagRunOperator` attribute is deprecated. Please use `'airflow.providers.standard.operators.trigger_dagrun.TriggerDagRunOperator'`.","category":"DeprecatedImportWarning","filename":"/opt/airflow/dags/weekly_streaming_pipeline.py","lineno":18,"logger":"py.warnings"}
{"timestamp":"2026-02-15T15:05:45.486163Z","level":"info","event":"","logger":"task.stdout"}
{"timestamp":"2026-02-15T15:05:45.486885Z","level":"info","event":"[PRODUCER] Starting dim_constructor production...","logger":"task.stdout"}
{"timestamp":"2026-02-15T15:05:45.491489Z","level":"info","event":"<BrokerConnection client_id=f1-streaming-pipeline, node_id=bootstrap-0 host=kafka:29092 <connecting> [IPv4 ('172.18.0.4', 29092)]>: connecting to kafka:29092 [('172.18.0.4', 29092) IPv4]","logger":"kafka.conn","filename":"conn.py","lineno":395}
{"timestamp":"2026-02-15T15:05:45.507981Z","level":"info","event":"<BrokerConnection client_id=f1-streaming-pipeline, node_id=bootstrap-0 host=kafka:29092 <checking_api_versions_recv> [IPv4 ('172.18.0.4', 29092)]>: Broker version identified as 2.6","logger":"kafka.conn","filename":"conn.py","lineno":615}
{"timestamp":"2026-02-15T15:05:45.511875Z","level":"info","event":"<BrokerConnection client_id=f1-streaming-pipeline, node_id=bootstrap-0 host=kafka:29092 <connected> [IPv4 ('172.18.0.4', 29092)]>: Connection complete.","logger":"kafka.conn","filename":"conn.py","lineno":456}
{"timestamp":"2026-02-15T15:05:45.522388Z","level":"info","event":"","logger":"task.stdout"}
{"timestamp":"2026-02-15T15:05:45.523424Z","level":"info","event":"======================================================================","logger":"task.stdout"}
{"timestamp":"2026-02-15T15:05:45.524047Z","level":"info","event":"PRODUCING CONSTRUCTORS FOR 2026 → Kafka Topic: dim-constructor","logger":"task.stdout"}
{"timestamp":"2026-02-15T15:05:45.526113Z","level":"info","event":"======================================================================","logger":"task.stdout"}
{"timestamp":"2026-02-15T15:05:45.528939Z","level":"info","event":"","logger":"task.stdout"}
{"timestamp":"2026-02-15T15:05:45.531619Z","level":"info","event":"","logger":"task.stdout"}
{"timestamp":"2026-02-15T15:05:45.536095Z","level":"info","event":"======================================================================","logger":"task.stdout"}
{"timestamp":"2026-02-15T15:05:45.542003Z","level":"info","event":"SCRAPING CONSTRUCTORS FROM API: 2026-2026","logger":"task.stdout"}
{"timestamp":"2026-02-15T15:05:45.543753Z","level":"info","event":"======================================================================","logger":"task.stdout"}
{"timestamp":"2026-02-15T15:05:45.549859Z","level":"info","event":"","logger":"task.stdout"}
{"timestamp":"2026-02-15T15:05:45.551719Z","level":"info","event":"Fetching constructors for 2026...","logger":"task.stdout"}
{"timestamp":"2026-02-15T15:06:09.177819Z","level":"info","event":"11 constructors found","logger":"task.stdout"}
{"timestamp":"2026-02-15T15:06:09.178602Z","level":"info","event":"","logger":"task.stdout"}
{"timestamp":"2026-02-15T15:06:09.180269Z","level":"info","event":"======================================================================","logger":"task.stdout"}
{"timestamp":"2026-02-15T15:06:09.180953Z","level":"info","event":"SCRAPING COMPLETE","logger":"task.stdout"}
{"timestamp":"2026-02-15T15:06:09.181540Z","level":"info","event":"Total records: 11","logger":"task.stdout"}
{"timestamp":"2026-02-15T15:06:09.182111Z","level":"info","event":"Unique constructors (by constructorId): 11","logger":"task.stdout"}
{"timestamp":"2026-02-15T15:06:09.182705Z","level":"info","event":"Years covered: 2026-2026","logger":"task.stdout"}
{"timestamp":"2026-02-15T15:06:09.183205Z","level":"info","event":"======================================================================","logger":"task.stdout"}
{"timestamp":"2026-02-15T15:06:09.183703Z","level":"info","event":"","logger":"task.stdout"}
{"timestamp":"2026-02-15T15:06:09.184572Z","level":"info","event":"Transforming API data to Silver schema...","logger":"task.stdout"}
{"timestamp":"2026-02-15T15:06:09.186915Z","level":"info","event":"Deduplication: 11 records → 11 unique constructors","logger":"task.stdout"}
{"timestamp":"2026-02-15T15:06:09.187593Z","level":"info","event":"Sorted by constructorId (alphabetically) for stable constructor_id generation","logger":"task.stdout"}
{"timestamp":"2026-02-15T15:06:09.197758Z","level":"info","event":"Generated constructor_id: 10001 - 10011","logger":"task.stdout"}
{"timestamp":"2026-02-15T15:06:09.201314Z","level":"info","event":"Transformed 11 constructors to Silver schema","logger":"task.stdout"}
{"timestamp":"2026-02-15T15:06:09.202855Z","level":"info","event":"Source: api","logger":"task.stdout"}
{"timestamp":"2026-02-15T15:06:09.203982Z","level":"info","event":"constructor_id range: 10001 - 10011","logger":"task.stdout"}
{"timestamp":"2026-02-15T15:06:09.204688Z","level":"info","event":"Scraped 11 constructors for 2026","logger":"task.stdout"}
{"timestamp":"2026-02-15T15:06:09.204258Z","level":"info","event":"<BrokerConnection client_id=f1-streaming-pipeline, node_id=1 host=kafka:29092 <connecting> [IPv4 ('172.18.0.4', 29092)]>: connecting to kafka:29092 [('172.18.0.4', 29092) IPv4]","logger":"kafka.conn","filename":"conn.py","lineno":395}
{"timestamp":"2026-02-15T15:06:09.205281Z","level":"info","event":"<BrokerConnection client_id=f1-streaming-pipeline, node_id=1 host=kafka:29092 <connected> [IPv4 ('172.18.0.4', 29092)]>: Connection complete.","logger":"kafka.conn","filename":"conn.py","lineno":456}
{"timestamp":"2026-02-15T15:06:09.206458Z","level":"info","event":"<BrokerConnection client_id=f1-streaming-pipeline, node_id=bootstrap-0 host=kafka:29092 <connected> [IPv4 ('172.18.0.4', 29092)]>: Closing connection. ","logger":"kafka.conn","filename":"conn.py","lineno":936}
{"timestamp":"2026-02-15T15:06:09.218576Z","level":"info","event":" Sent to dim-constructor | Key: alpine | Partition: 0","logger":"task.stdout"}
{"timestamp":"2026-02-15T15:06:09.228997Z","level":"info","event":" Sent to dim-constructor | Key: aston_martin | Partition: 0","logger":"task.stdout"}
{"timestamp":"2026-02-15T15:06:09.240392Z","level":"info","event":" Sent to dim-constructor | Key: audi | Partition: 0","logger":"task.stdout"}
{"timestamp":"2026-02-15T15:06:09.252230Z","level":"info","event":" Sent to dim-constructor | Key: cadillac | Partition: 0","logger":"task.stdout"}
{"timestamp":"2026-02-15T15:06:09.263135Z","level":"info","event":" Sent to dim-constructor | Key: ferrari | Partition: 0","logger":"task.stdout"}
{"timestamp":"2026-02-15T15:06:09.269000Z","level":"info","event":" Sent to dim-constructor | Key: haas | Partition: 0","logger":"task.stdout"}
{"timestamp":"2026-02-15T15:06:09.274198Z","level":"info","event":" Sent to dim-constructor | Key: mclaren | Partition: 0","logger":"task.stdout"}
{"timestamp":"2026-02-15T15:06:09.285775Z","level":"info","event":" Sent to dim-constructor | Key: mercedes | Partition: 0","logger":"task.stdout"}
{"timestamp":"2026-02-15T15:06:09.298034Z","level":"info","event":" Sent to dim-constructor | Key: rb | Partition: 0","logger":"task.stdout"}
{"timestamp":"2026-02-15T15:06:09.309071Z","level":"info","event":" Sent to dim-constructor | Key: red_bull | Partition: 0","logger":"task.stdout"}
{"timestamp":"2026-02-15T15:06:09.319823Z","level":"info","event":" Sent to dim-constructor | Key: williams | Partition: 0","logger":"task.stdout"}
{"timestamp":"2026-02-15T15:06:09.322553Z","level":"info","event":"","logger":"task.stdout"}
{"timestamp":"2026-02-15T15:06:09.327891Z","level":"info","event":"📊 Batch Stats for dim-constructor:","logger":"task.stdout"}
{"timestamp":"2026-02-15T15:06:09.333374Z","level":"info","event":"    Sent: 11","logger":"task.stdout"}
{"timestamp":"2026-02-15T15:06:09.335922Z","level":"info","event":"   ❌ Failed: 0","logger":"task.stdout"}
{"timestamp":"2026-02-15T15:06:09.320359Z","level":"info","event":"<KafkaProducer client_id=f1-streaming-pipeline transactional_id=None>: Closing the Kafka producer with 9223372036.0 secs timeout.","logger":"kafka.producer.kafka","filename":"kafka.py","lineno":630}
{"timestamp":"2026-02-15T15:06:09.321269Z","level":"info","event":"<BrokerConnection client_id=f1-streaming-pipeline, node_id=1 host=kafka:29092 <connected> [IPv4 ('172.18.0.4', 29092)]>: Closing connection. ","logger":"kafka.conn","filename":"conn.py","lineno":936}
{"timestamp":"2026-02-15T15:06:09.455803Z","level":"info","event":"[PRODUCER] Completed: {'sent': 11, 'failed': 0}","logger":"task.stdout"}
{"timestamp":"2026-02-15T15:06:09.461281Z","level":"info","event":"Done. Returned value was: {'sent': 11, 'failed': 0}","logger":"airflow.task.operators.airflow.providers.standard.operators.python.PythonOperator","filename":"python.py","lineno":216}
{"timestamp":"2026-02-15T15:06:09.466870Z","level":"info","event":"Pushing xcom","ti":"RuntimeTaskInstance(id=UUID('019c61cc-93a8-75cc-bbcc-6490589743c3'), task_id='produce_dim_constructor', dag_id='weekly_streaming_f1_etl', run_id='manual__2026-02-15T14:55:21+00:00', try_number=1, dag_version_id=UUID('019c61bd-e638-74f5-b658-bbd5e8d757b9'), map_index=-1, hostname='eaafa8aeb24e', context_carrier={}, task=<Task(PythonOperator): produce_dim_constructor>, bundle_instance=LocalDagBundle(name=dags-folder), max_tries=2, start_date=datetime.datetime(2026, 2, 15, 15, 5, 39, 79675, tzinfo=datetime.timezone.utc), end_date=None, state=<TaskInstanceState.RUNNING: 'running'>, is_mapped=False, rendered_map_index=None)","logger":"task","filename":"task_runner.py","lineno":1450}
