{"timestamp":"2026-02-15T13:22:57.014403Z","level":"info","event":"DAG bundles loaded: dags-folder","logger":"airflow.dag_processing.bundles.manager.DagBundlesManager","filename":"manager.py","lineno":179}
{"timestamp":"2026-02-15T13:22:57.020797Z","level":"info","event":"Filling up the DagBag from /opt/airflow/dags/api_etl/api_pitstops_bronze_to_silver.py","logger":"airflow.models.dagbag.DagBag","filename":"dagbag.py","lineno":593}
{"timestamp":"2026-02-15T13:22:59.166865Z","level":"info","event":"======================================================================","logger":"task.stdout"}
{"timestamp":"2026-02-15T13:22:59.167813Z","level":"info","event":"F1 PIT STOPS BACKFILL: ERGAST API -> SILVER","logger":"task.stdout"}
{"timestamp":"2026-02-15T13:22:59.168681Z","level":"info","event":"======================================================================","logger":"task.stdout"}
{"timestamp":"2026-02-15T13:22:59.169409Z","level":"info","event":"","logger":"task.stdout"}
{"timestamp":"2026-02-15T13:22:59.169910Z","level":"info","event":"[STEP 1] Scraping API...","logger":"task.stdout"}
{"timestamp":"2026-02-15T13:22:59.170390Z","level":"info","event":"","logger":"task.stdout"}
{"timestamp":"2026-02-15T13:22:59.171013Z","level":"info","event":"======================================================================","logger":"task.stdout"}
{"timestamp":"2026-02-15T13:22:59.171556Z","level":"info","event":"SCRAPING PIT STOPS FROM ERGAST API: 2024-2025","logger":"task.stdout"}
{"timestamp":"2026-02-15T13:22:59.172073Z","level":"info","event":"======================================================================","logger":"task.stdout"}
{"timestamp":"2026-02-15T13:22:59.172717Z","level":"info","event":"","logger":"task.stdout"}
{"timestamp":"2026-02-15T13:22:59.173433Z","level":"info","event":"","logger":"task.stdout"}
{"timestamp":"2026-02-15T13:22:59.173975Z","level":"info","event":"======================================================================","logger":"task.stdout"}
{"timestamp":"2026-02-15T13:22:59.174486Z","level":"info","event":"SCRAPING PIT STOPS FOR 2024","logger":"task.stdout"}
{"timestamp":"2026-02-15T13:22:59.175104Z","level":"info","event":"======================================================================","logger":"task.stdout"}
{"timestamp":"2026-02-15T13:22:59.175683Z","level":"info","event":"","logger":"task.stdout"}
{"timestamp":"2026-02-15T13:22:59.176211Z","level":"info","event":"Fetching pit stops for 2024 Round 1...","logger":"task.stdout"}
{"timestamp":"2026-02-15T13:23:05.656117Z","level":"info","event":"  43 pit stops found","logger":"task.stdout"}
{"timestamp":"2026-02-15T13:23:05.656753Z","level":"info","event":"Fetching pit stops for 2024 Round 2...","logger":"task.stdout"}
{"timestamp":"2026-02-15T13:23:09.609115Z","level":"info","event":"  19 pit stops found","logger":"task.stdout"}
{"timestamp":"2026-02-15T13:23:09.609721Z","level":"info","event":"Fetching pit stops for 2024 Round 3...","logger":"task.stdout"}
{"timestamp":"2026-02-15T13:23:13.700859Z","level":"info","event":"  36 pit stops found","logger":"task.stdout"}
{"timestamp":"2026-02-15T13:23:13.701536Z","level":"info","event":"Fetching pit stops for 2024 Round 4...","logger":"task.stdout"}
{"timestamp":"2026-02-15T13:23:18.525946Z","level":"info","event":"  54 pit stops found","logger":"task.stdout"}
{"timestamp":"2026-02-15T13:23:18.526600Z","level":"info","event":"Fetching pit stops for 2024 Round 5...","logger":"task.stdout"}
{"timestamp":"2026-02-15T13:23:24.459967Z","level":"info","event":"  40 pit stops found","logger":"task.stdout"}
{"timestamp":"2026-02-15T13:23:24.460900Z","level":"info","event":"Fetching pit stops for 2024 Round 6...","logger":"task.stdout"}
{"timestamp":"2026-02-15T13:23:28.703070Z","level":"info","event":"  28 pit stops found","logger":"task.stdout"}
{"timestamp":"2026-02-15T13:23:28.703863Z","level":"info","event":"Fetching pit stops for 2024 Round 7...","logger":"task.stdout"}
{"timestamp":"2026-02-15T13:23:32.962648Z","level":"info","event":"  27 pit stops found","logger":"task.stdout"}
{"timestamp":"2026-02-15T13:23:32.963323Z","level":"info","event":"Fetching pit stops for 2024 Round 8...","logger":"task.stdout"}
{"timestamp":"2026-02-15T13:23:39.704329Z","level":"info","event":"  23 pit stops found","logger":"task.stdout"}
{"timestamp":"2026-02-15T13:23:39.704905Z","level":"info","event":"Fetching pit stops for 2024 Round 9...","logger":"task.stdout"}
{"timestamp":"2026-02-15T13:23:45.461381Z","level":"info","event":"  42 pit stops found","logger":"task.stdout"}
{"timestamp":"2026-02-15T13:23:45.464231Z","level":"info","event":"Fetching pit stops for 2024 Round 10...","logger":"task.stdout"}
{"timestamp":"2026-02-15T13:23:51.581530Z","level":"info","event":"  42 pit stops found","logger":"task.stdout"}
{"timestamp":"2026-02-15T13:23:51.582060Z","level":"info","event":"Fetching pit stops for 2024 Round 11...","logger":"task.stdout"}
{"timestamp":"2026-02-15T13:23:57.261819Z","level":"info","event":"  45 pit stops found","logger":"task.stdout"}
{"timestamp":"2026-02-15T13:23:57.266107Z","level":"info","event":"Fetching pit stops for 2024 Round 12...","logger":"task.stdout"}
{"timestamp":"2026-02-15T13:24:01.253819Z","level":"info","event":"  45 pit stops found","logger":"task.stdout"}
{"timestamp":"2026-02-15T13:24:01.255414Z","level":"info","event":"Fetching pit stops for 2024 Round 13...","logger":"task.stdout"}
{"timestamp":"2026-02-15T13:24:05.510231Z","level":"info","event":"  40 pit stops found","logger":"task.stdout"}
{"timestamp":"2026-02-15T13:24:05.545576Z","level":"info","event":"Fetching pit stops for 2024 Round 14...","logger":"task.stdout"}
{"timestamp":"2026-02-15T13:24:09.698020Z","level":"info","event":"  34 pit stops found","logger":"task.stdout"}
{"timestamp":"2026-02-15T13:24:09.698660Z","level":"info","event":"Fetching pit stops for 2024 Round 15...","logger":"task.stdout"}
{"timestamp":"2026-02-15T13:24:15.473554Z","level":"info","event":"  26 pit stops found","logger":"task.stdout"}
{"timestamp":"2026-02-15T13:24:15.474059Z","level":"info","event":"Fetching pit stops for 2024 Round 16...","logger":"task.stdout"}
{"timestamp":"2026-02-15T13:24:20.360949Z","level":"info","event":"  30 pit stops found","logger":"task.stdout"}
{"timestamp":"2026-02-15T13:24:20.361445Z","level":"info","event":"Fetching pit stops for 2024 Round 17...","logger":"task.stdout"}
{"timestamp":"2026-02-15T13:24:24.161471Z","level":"info","event":"  22 pit stops found","logger":"task.stdout"}
{"timestamp":"2026-02-15T13:24:24.162055Z","level":"info","event":"Fetching pit stops for 2024 Round 18...","logger":"task.stdout"}
{"timestamp":"2026-02-15T13:24:27.550909Z","level":"info","event":"  23 pit stops found","logger":"task.stdout"}
{"timestamp":"2026-02-15T13:24:27.551509Z","level":"info","event":"Fetching pit stops for 2024 Round 19...","logger":"task.stdout"}
{"timestamp":"2026-02-15T13:24:32.213220Z","level":"info","event":"  23 pit stops found","logger":"task.stdout"}
{"timestamp":"2026-02-15T13:24:32.214102Z","level":"info","event":"Fetching pit stops for 2024 Round 20...","logger":"task.stdout"}
{"timestamp":"2026-02-15T13:24:36.249294Z","level":"info","event":"  21 pit stops found","logger":"task.stdout"}
{"timestamp":"2026-02-15T13:24:36.250009Z","level":"info","event":"Fetching pit stops for 2024 Round 21...","logger":"task.stdout"}
{"timestamp":"2026-02-15T13:24:42.552379Z","level":"info","event":"  35 pit stops found","logger":"task.stdout"}
{"timestamp":"2026-02-15T13:24:42.552889Z","level":"info","event":"Fetching pit stops for 2024 Round 22...","logger":"task.stdout"}
{"timestamp":"2026-02-15T13:24:47.140947Z","level":"info","event":"  39 pit stops found","logger":"task.stdout"}
{"timestamp":"2026-02-15T13:24:47.141646Z","level":"info","event":"Fetching pit stops for 2024 Round 23...","logger":"task.stdout"}
{"timestamp":"2026-02-15T13:24:51.571355Z","level":"info","event":"  60 pit stops found","logger":"task.stdout"}
{"timestamp":"2026-02-15T13:24:51.571708Z","level":"info","event":"Fetching pit stops for 2024 Round 24...","logger":"task.stdout"}
{"timestamp":"2026-02-15T13:24:58.159771Z","level":"info","event":"  28 pit stops found","logger":"task.stdout"}
{"timestamp":"2026-02-15T13:24:58.163473Z","level":"info","event":"Fetching pit stops for 2024 Round 25...","logger":"task.stdout"}
{"timestamp":"2026-02-15T13:25:02.632123Z","level":"info","event":"  No data for 2024 Round 25","logger":"task.stdout"}
{"timestamp":"2026-02-15T13:25:02.632687Z","level":"info","event":"","logger":"task.stdout"}
{"timestamp":"2026-02-15T13:25:02.633133Z","level":"info","event":"Total pit stops for 2024: 825","logger":"task.stdout"}
{"timestamp":"2026-02-15T13:25:02.633572Z","level":"info","event":"","logger":"task.stdout"}
{"timestamp":"2026-02-15T13:25:02.633998Z","level":"info","event":"======================================================================","logger":"task.stdout"}
{"timestamp":"2026-02-15T13:25:02.634470Z","level":"info","event":"SCRAPING PIT STOPS FOR 2025","logger":"task.stdout"}
{"timestamp":"2026-02-15T13:25:02.634887Z","level":"info","event":"======================================================================","logger":"task.stdout"}
{"timestamp":"2026-02-15T13:25:02.635366Z","level":"info","event":"","logger":"task.stdout"}
{"timestamp":"2026-02-15T13:25:02.635822Z","level":"info","event":"Fetching pit stops for 2025 Round 1...","logger":"task.stdout"}
{"timestamp":"2026-02-15T13:25:06.290974Z","level":"info","event":"  82 pit stops found","logger":"task.stdout"}
{"timestamp":"2026-02-15T13:25:06.291657Z","level":"info","event":"Fetching pit stops for 2025 Round 2...","logger":"task.stdout"}
{"timestamp":"2026-02-15T13:25:10.674855Z","level":"info","event":"  25 pit stops found","logger":"task.stdout"}
{"timestamp":"2026-02-15T13:25:10.675305Z","level":"info","event":"Fetching pit stops for 2025 Round 3...","logger":"task.stdout"}
{"timestamp":"2026-02-15T13:25:17.861685Z","level":"info","event":"  21 pit stops found","logger":"task.stdout"}
{"timestamp":"2026-02-15T13:25:17.864460Z","level":"info","event":"Fetching pit stops for 2025 Round 4...","logger":"task.stdout"}
{"timestamp":"2026-02-15T13:25:23.210037Z","level":"info","event":"  42 pit stops found","logger":"task.stdout"}
{"timestamp":"2026-02-15T13:25:23.210739Z","level":"info","event":"Fetching pit stops for 2025 Round 5...","logger":"task.stdout"}
{"timestamp":"2026-02-15T13:25:28.844608Z","level":"info","event":"  19 pit stops found","logger":"task.stdout"}
{"timestamp":"2026-02-15T13:25:28.845256Z","level":"info","event":"Fetching pit stops for 2025 Round 6...","logger":"task.stdout"}
{"timestamp":"2026-02-15T13:25:33.148054Z","level":"info","event":"  18 pit stops found","logger":"task.stdout"}
{"timestamp":"2026-02-15T13:25:33.148812Z","level":"info","event":"Fetching pit stops for 2025 Round 7...","logger":"task.stdout"}
{"timestamp":"2026-02-15T13:25:39.667380Z","level":"info","event":"  37 pit stops found","logger":"task.stdout"}
{"timestamp":"2026-02-15T13:25:39.668029Z","level":"info","event":"Fetching pit stops for 2025 Round 8...","logger":"task.stdout"}
{"timestamp":"2026-02-15T13:25:45.552485Z","level":"info","event":"  40 pit stops found","logger":"task.stdout"}
{"timestamp":"2026-02-15T13:25:45.553054Z","level":"info","event":"Fetching pit stops for 2025 Round 9...","logger":"task.stdout"}
{"timestamp":"2026-02-15T13:25:48.219228Z","level":"info","event":"  54 pit stops found","logger":"task.stdout"}
{"timestamp":"2026-02-15T13:25:48.219719Z","level":"info","event":"Fetching pit stops for 2025 Round 10...","logger":"task.stdout"}
{"timestamp":"2026-02-15T13:25:53.667796Z","level":"info","event":"  82 pit stops found","logger":"task.stdout"}
{"timestamp":"2026-02-15T13:25:53.668534Z","level":"info","event":"Fetching pit stops for 2025 Round 11...","logger":"task.stdout"}
{"timestamp":"2026-02-15T13:25:57.380302Z","level":"info","event":"  32 pit stops found","logger":"task.stdout"}
{"timestamp":"2026-02-15T13:25:57.382135Z","level":"info","event":"Fetching pit stops for 2025 Round 12...","logger":"task.stdout"}
{"timestamp":"2026-02-15T13:26:01.285417Z","level":"info","event":"  35 pit stops found","logger":"task.stdout"}
{"timestamp":"2026-02-15T13:26:01.285807Z","level":"info","event":"Fetching pit stops for 2025 Round 13...","logger":"task.stdout"}
{"timestamp":"2026-02-15T13:26:05.057708Z","level":"info","event":"  26 pit stops found","logger":"task.stdout"}
{"timestamp":"2026-02-15T13:26:05.058265Z","level":"info","event":"Fetching pit stops for 2025 Round 14...","logger":"task.stdout"}
{"timestamp":"2026-02-15T13:26:09.135755Z","level":"info","event":"  29 pit stops found","logger":"task.stdout"}
{"timestamp":"2026-02-15T13:26:09.136229Z","level":"info","event":"Fetching pit stops for 2025 Round 15...","logger":"task.stdout"}
{"timestamp":"2026-02-15T13:26:13.519357Z","level":"info","event":"  40 pit stops found","logger":"task.stdout"}
{"timestamp":"2026-02-15T13:26:13.519888Z","level":"info","event":"Fetching pit stops for 2025 Round 16...","logger":"task.stdout"}
{"timestamp":"2026-02-15T13:26:16.511213Z","level":"info","event":"  19 pit stops found","logger":"task.stdout"}
{"timestamp":"2026-02-15T13:26:16.511758Z","level":"info","event":"Fetching pit stops for 2025 Round 17...","logger":"task.stdout"}
{"timestamp":"2026-02-15T13:26:21.918844Z","level":"info","event":"  21 pit stops found","logger":"task.stdout"}
{"timestamp":"2026-02-15T13:26:21.919212Z","level":"info","event":"Fetching pit stops for 2025 Round 18...","logger":"task.stdout"}
{"timestamp":"2026-02-15T13:26:24.406892Z","level":"info","event":"  23 pit stops found","logger":"task.stdout"}
{"timestamp":"2026-02-15T13:26:24.407523Z","level":"info","event":"Fetching pit stops for 2025 Round 19...","logger":"task.stdout"}
{"timestamp":"2026-02-15T13:26:28.917635Z","level":"info","event":"  21 pit stops found","logger":"task.stdout"}
{"timestamp":"2026-02-15T13:26:28.918297Z","level":"info","event":"Fetching pit stops for 2025 Round 20...","logger":"task.stdout"}
{"timestamp":"2026-02-15T13:26:32.442179Z","level":"info","event":"  27 pit stops found","logger":"task.stdout"}
{"timestamp":"2026-02-15T13:26:32.442740Z","level":"info","event":"Fetching pit stops for 2025 Round 21...","logger":"task.stdout"}
{"timestamp":"2026-02-15T13:26:37.236100Z","level":"info","event":"  37 pit stops found","logger":"task.stdout"}
{"timestamp":"2026-02-15T13:26:37.237190Z","level":"info","event":"Fetching pit stops for 2025 Round 22...","logger":"task.stdout"}
{"timestamp":"2026-02-15T13:26:41.699883Z","level":"info","event":"  23 pit stops found","logger":"task.stdout"}
{"timestamp":"2026-02-15T13:26:41.700597Z","level":"info","event":"Fetching pit stops for 2025 Round 23...","logger":"task.stdout"}
{"timestamp":"2026-02-15T13:26:46.335678Z","level":"info","event":"  41 pit stops found","logger":"task.stdout"}
{"timestamp":"2026-02-15T13:26:46.336383Z","level":"info","event":"Fetching pit stops for 2025 Round 24...","logger":"task.stdout"}
{"timestamp":"2026-02-15T13:26:51.610031Z","level":"info","event":"  27 pit stops found","logger":"task.stdout"}
{"timestamp":"2026-02-15T13:26:51.610621Z","level":"info","event":"Fetching pit stops for 2025 Round 25...","logger":"task.stdout"}
{"timestamp":"2026-02-15T13:26:56.175841Z","level":"info","event":"  No data for 2025 Round 25","logger":"task.stdout"}
{"timestamp":"2026-02-15T13:26:56.181798Z","level":"info","event":"","logger":"task.stdout"}
{"timestamp":"2026-02-15T13:26:56.182343Z","level":"info","event":"Total pit stops for 2025: 821","logger":"task.stdout"}
{"timestamp":"2026-02-15T13:26:56.182929Z","level":"info","event":"","logger":"task.stdout"}
{"timestamp":"2026-02-15T13:26:56.183304Z","level":"info","event":"======================================================================","logger":"task.stdout"}
{"timestamp":"2026-02-15T13:26:56.183654Z","level":"info","event":"SCRAPING COMPLETE","logger":"task.stdout"}
{"timestamp":"2026-02-15T13:26:56.184000Z","level":"info","event":"Total pit stops: 1,646","logger":"task.stdout"}
{"timestamp":"2026-02-15T13:26:56.184411Z","level":"info","event":"Years covered: 2024-2025","logger":"task.stdout"}
{"timestamp":"2026-02-15T13:26:56.184929Z","level":"info","event":"======================================================================","logger":"task.stdout"}
{"timestamp":"2026-02-15T13:26:56.185455Z","level":"info","event":"","logger":"task.stdout"}
{"timestamp":"2026-02-15T13:26:56.185917Z","level":"info","event":"API scraping complete: 1,646 pit stop records","logger":"task.stdout"}
{"timestamp":"2026-02-15T13:26:56.186355Z","level":"info","event":"","logger":"task.stdout"}
{"timestamp":"2026-02-15T13:26:56.186758Z","level":"info","event":"[STEP 2] Transforming to Silver schema...","logger":"task.stdout"}
{"timestamp":"2026-02-15T13:26:56.187207Z","level":"info","event":"Transforming API data to Silver schema...","logger":"task.stdout"}
{"timestamp":"2026-02-15T13:26:56.188362Z","level":"info","event":"Sorted by year + round + lap + stop","logger":"task.stdout"}
{"timestamp":"2026-02-15T13:26:56.198040Z","level":"info","event":"Transformed 1646 pit stops to Silver schema","logger":"task.stdout"}
{"timestamp":"2026-02-15T13:26:56.198671Z","level":"info","event":"Source: api","logger":"task.stdout"}
{"timestamp":"2026-02-15T13:26:56.199208Z","level":"info","event":"Transformation complete: 1646 pit stops","logger":"task.stdout"}
{"timestamp":"2026-02-15T13:26:56.199758Z","level":"info","event":"","logger":"task.stdout"}
{"timestamp":"2026-02-15T13:26:56.200295Z","level":"info","event":"[STEP 3] Loading dimensions for FK resolution...","logger":"task.stdout"}
{"timestamp":"2026-02-15T13:26:56.225462Z","level":"info","event":" Downloaded dimensions/dim_driver/dim_driver.parquet (81 rows)","logger":"task.stdout"}
{"timestamp":"2026-02-15T13:26:56.231298Z","level":"info","event":" Downloaded dimensions/dim_constructor/dim_constructor.parquet (21 rows)","logger":"task.stdout"}
{"timestamp":"2026-02-15T13:26:56.238243Z","level":"info","event":" Downloaded dimensions/dim_race/dim_race.parquet (280 rows)","logger":"task.stdout"}
{"timestamp":"2026-02-15T13:26:56.246093Z","level":"info","event":" Downloaded dimensions/dim_time/dim_time.parquet (6940 rows)","logger":"task.stdout"}
{"timestamp":"2026-02-15T13:26:56.246678Z","level":"info","event":"Loaded dimensions:","logger":"task.stdout"}
{"timestamp":"2026-02-15T13:26:56.247076Z","level":"info","event":"  - dim_driver: 81 drivers","logger":"task.stdout"}
{"timestamp":"2026-02-15T13:26:56.247430Z","level":"info","event":"  - dim_constructor: 21 constructors","logger":"task.stdout"}
{"timestamp":"2026-02-15T13:26:56.247924Z","level":"info","event":"  - dim_race: 280 races","logger":"task.stdout"}
{"timestamp":"2026-02-15T13:26:56.248304Z","level":"info","event":"  - dim_time: 6,940 dates","logger":"task.stdout"}
{"timestamp":"2026-02-15T13:26:56.248725Z","level":"info","event":"","logger":"task.stdout"}
{"timestamp":"2026-02-15T13:26:56.249157Z","level":"info","event":"[STEP 4] Resolving foreign keys...","logger":"task.stdout"}
{"timestamp":"2026-02-15T13:26:56.259750Z","level":"info","event":"  Building race-driver-constructor mapping from race results...","logger":"task.stdout"}
{"timestamp":"2026-02-15T13:26:56.268616Z","level":"info","event":" Downloaded facts/fact_race_results/year=2024/data.parquet (100 rows)","logger":"task.stdout"}
{"timestamp":"2026-02-15T13:26:56.304567Z","level":"info","event":" Downloaded facts/fact_race_results/year=2025/data.parquet (100 rows)","logger":"task.stdout"}
{"timestamp":"2026-02-15T13:26:56.326797Z","level":"info","event":"  Built race-driver-constructor mapping: 200 entries","logger":"task.stdout"}
{"timestamp":"2026-02-15T13:26:56.327395Z","level":"info","event":"Created lookup dictionaries:","logger":"task.stdout"}
{"timestamp":"2026-02-15T13:26:56.327920Z","level":"info","event":"  - driver_ref -> driver_key: 81 entries","logger":"task.stdout"}
{"timestamp":"2026-02-15T13:26:56.328449Z","level":"info","event":"  - race_year+race_round -> race_key: 280 entries","logger":"task.stdout"}
{"timestamp":"2026-02-15T13:26:56.328871Z","level":"info","event":"  - race_date -> time_key: 6940 entries","logger":"task.stdout"}
{"timestamp":"2026-02-15T13:26:56.352344Z","level":"info","event":"WARNING: 1264 pit stops have unresolved constructor_key!","logger":"task.stdout"}
{"timestamp":"2026-02-15T13:26:56.373908Z","level":"info","event":"All FKs resolved successfully","logger":"task.stdout"}
{"timestamp":"2026-02-15T13:26:56.374393Z","level":"info","event":"","logger":"task.stdout"}
{"timestamp":"2026-02-15T13:26:56.375518Z","level":"info","event":"[STEP 5] Loading existing Silver data...","logger":"task.stdout"}
{"timestamp":"2026-02-15T13:26:56.416062Z","level":"info","event":"Error reading facts/fact_pitstops/year=2024/data.parquet: S3 operation failed; code: NoSuchKey, message: The specified key does not exist., resource: /f1-silver/facts/fact_pitstops/year=2024/data.parquet, request_id: 18946E7849AFF367, host_id: dd9025bab4ad464b049177c95eb6ebf374d3b3fd1af9251148b658df7ac2e3e8, bucket_name: f1-silver, object_name: facts/fact_pitstops/year=2024/data.parquet","logger":"task.stdout"}
{"timestamp":"2026-02-15T13:26:56.416489Z","level":"info","event":"Error reading facts/fact_pitstops/year=2025/data.parquet: S3 operation failed; code: NoSuchKey, message: The specified key does not exist., resource: /f1-silver/facts/fact_pitstops/year=2025/data.parquet, request_id: 18946E7849FA1AC0, host_id: dd9025bab4ad464b049177c95eb6ebf374d3b3fd1af9251148b658df7ac2e3e8, bucket_name: f1-silver, object_name: facts/fact_pitstops/year=2025/data.parquet","logger":"task.stdout"}
{"timestamp":"2026-02-15T13:26:56.417150Z","level":"info","event":"No existing Silver data found (first run)","logger":"task.stdout"}
{"timestamp":"2026-02-15T13:26:56.417481Z","level":"info","event":"","logger":"task.stdout"}
{"timestamp":"2026-02-15T13:26:56.417967Z","level":"info","event":"[STEP 6] Merging API data with existing Silver...","logger":"task.stdout"}
{"timestamp":"2026-02-15T13:26:56.418416Z","level":"info","event":"","logger":"task.stdout"}
{"timestamp":"2026-02-15T13:26:56.418795Z","level":"info","event":"  Merge Configuration:","logger":"task.stdout"}
{"timestamp":"2026-02-15T13:26:56.419206Z","level":"info","event":"Existing pit stops: 0","logger":"task.stdout"}
{"timestamp":"2026-02-15T13:26:56.419613Z","level":"info","event":"New API pit stops: 1646","logger":"task.stdout"}
{"timestamp":"2026-02-15T13:26:56.420104Z","level":"info","event":"Merge key: race_year + race_round + driver_ref + stop_number","logger":"task.stdout"}
{"timestamp":"2026-02-15T13:26:56.420523Z","level":"info","event":"CSV priority: YES (skip API for CSV pit stops)","logger":"task.stdout"}
{"timestamp":"2026-02-15T13:26:56.420911Z","level":"info","event":"","logger":"task.stdout"}
{"timestamp":"2026-02-15T13:26:56.421386Z","level":"info","event":"  FIRST RUN: No existing data, adding all API pit stops","logger":"task.stdout"}
{"timestamp":"2026-02-15T13:26:56.421826Z","level":"info","event":"  Generated pitstop_key: 1-1646","logger":"task.stdout"}
{"timestamp":"2026-02-15T13:26:56.422174Z","level":"info","event":"Merge complete: 1,646 total pit stops","logger":"task.stdout"}
{"timestamp":"2026-02-15T13:26:56.422630Z","level":"info","event":"","logger":"task.stdout"}
{"timestamp":"2026-02-15T13:26:56.423070Z","level":"info","event":"[STEP 7] Writing to Silver layer (partitioned by year)...","logger":"task.stdout"}
{"timestamp":"2026-02-15T13:26:56.424317Z","level":"info","event":"Uploaded facts/fact_pitstops/year=2024/data.parquet (825 rows)","logger":"task.stdout"}
{"timestamp":"2026-02-15T13:26:56.425006Z","level":"info","event":"  Year 2024: 825 pit stops written","logger":"task.stdout"}
{"timestamp":"2026-02-15T13:26:56.425745Z","level":"info","event":"Uploaded facts/fact_pitstops/year=2025/data.parquet (821 rows)","logger":"task.stdout"}
{"timestamp":"2026-02-15T13:26:56.427343Z","level":"info","event":"  Year 2025: 821 pit stops written","logger":"task.stdout"}
{"timestamp":"2026-02-15T13:26:56.427920Z","level":"info","event":"Written to: s3://f1-silver/facts/fact_pitstops/year=*/data.parquet","logger":"task.stdout"}
{"timestamp":"2026-02-15T13:26:56.428527Z","level":"info","event":"","logger":"task.stdout"}
{"timestamp":"2026-02-15T13:26:56.430063Z","level":"info","event":"======================================================================","logger":"task.stdout"}
{"timestamp":"2026-02-15T13:26:56.430990Z","level":"info","event":"BACKFILL SUMMARY","logger":"task.stdout"}
{"timestamp":"2026-02-15T13:26:56.431572Z","level":"info","event":"======================================================================","logger":"task.stdout"}
{"timestamp":"2026-02-15T13:26:56.434315Z","level":"info","event":"  Existing pit stops in Silver: 0","logger":"task.stdout"}
{"timestamp":"2026-02-15T13:26:56.436159Z","level":"info","event":"  API pit stops scraped: 1646","logger":"task.stdout"}
{"timestamp":"2026-02-15T13:26:56.436782Z","level":"info","event":"  Final pit stop count: 1,646","logger":"task.stdout"}
{"timestamp":"2026-02-15T13:26:56.437578Z","level":"info","event":"  New pit stops added: 1646","logger":"task.stdout"}
{"timestamp":"2026-02-15T13:26:56.438149Z","level":"info","event":"","logger":"task.stdout"}
{"timestamp":"2026-02-15T13:26:56.439163Z","level":"info","event":"  Final source breakdown:","logger":"task.stdout"}
{"timestamp":"2026-02-15T13:26:56.439716Z","level":"info","event":"    api            : 1,646","logger":"task.stdout"}
{"timestamp":"2026-02-15T13:26:56.440201Z","level":"info","event":"======================================================================","logger":"task.stdout"}
{"timestamp":"2026-02-15T13:26:56.461069Z","level":"info","event":"Done. Returned value was: {'existing_count': 0, 'api_scraped': 1646, 'final_count': 1646, 'new_pitstops_added': 1646}","logger":"airflow.task.operators.airflow.providers.standard.operators.python.PythonOperator","filename":"python.py","lineno":216}
{"timestamp":"2026-02-15T13:26:56.461481Z","level":"info","event":"Pushing xcom","ti":"RuntimeTaskInstance(id=UUID('019c6177-ef6e-7d87-b760-372f3951c0ac'), task_id='backfill_fact_pitstops', dag_id='api_pitstops_bronze_to_silver', run_id='manual__2026-02-15T13:22:55.250405+00:00', try_number=1, dag_version_id=UUID('019c6126-539a-701b-9132-c7107c01da21'), map_index=-1, hostname='2eb379175555', context_carrier={}, task=<Task(PythonOperator): backfill_fact_pitstops>, bundle_instance=LocalDagBundle(name=dags-folder), max_tries=2, start_date=datetime.datetime(2026, 2, 15, 13, 22, 56, 664740, tzinfo=datetime.timezone.utc), end_date=None, state=<TaskInstanceState.RUNNING: 'running'>, is_mapped=False, rendered_map_index=None)","logger":"task","filename":"task_runner.py","lineno":1450}
