{"timestamp":"2026-02-18T13:16:37.672466Z","level":"info","event":"DAG bundles loaded: dags-folder","logger":"airflow.dag_processing.bundles.manager.DagBundlesManager","filename":"manager.py","lineno":179}
{"timestamp":"2026-02-18T13:16:37.673783Z","level":"info","event":"Filling up the DagBag from /opt/airflow/dags/weekly_f1_pipeline.py","logger":"airflow.models.dagbag.DagBag","filename":"dagbag.py","lineno":593}
{"timestamp":"2026-02-18T13:16:39.314329Z","level":"warning","event":"The `airflow.utils.task_group.TaskGroup` attribute is deprecated. Please use `'airflow.sdk.TaskGroup'`.","category":"DeprecatedImportWarning","filename":"/opt/airflow/dags/weekly_f1_pipeline.py","lineno":36,"logger":"py.warnings"}
{"timestamp":"2026-02-18T13:16:39.317114Z","level":"warning","event":"The `airflow.operators.trigger_dagrun.TriggerDagRunOperator` attribute is deprecated. Please use `'airflow.providers.standard.operators.trigger_dagrun.TriggerDagRunOperator'`.","category":"DeprecatedImportWarning","filename":"/opt/airflow/dags/kafka_producer_pipeline.py","lineno":35,"logger":"py.warnings"}
{"timestamp":"2026-02-18T13:16:39.342318Z","level":"info","event":"======================================================================","logger":"task.stdout"}
{"timestamp":"2026-02-18T13:16:39.342646Z","level":"info","event":"PRODUCER: fact_race_results  (2026+)","logger":"task.stdout"}
{"timestamp":"2026-02-18T13:16:39.342845Z","level":"info","event":"======================================================================","logger":"task.stdout"}
{"timestamp":"2026-02-18T13:16:39.343101Z","level":"info","event":"","logger":"task.stdout"}
{"timestamp":"2026-02-18T13:16:39.343280Z","level":"info","event":"======================================================================","logger":"task.stdout"}
{"timestamp":"2026-02-18T13:16:39.343467Z","level":"info","event":"SCRAPING RACE RESULTS FROM ERGAST API: 2026-2026","logger":"task.stdout"}
{"timestamp":"2026-02-18T13:16:39.343646Z","level":"info","event":"======================================================================","logger":"task.stdout"}
{"timestamp":"2026-02-18T13:16:39.343818Z","level":"info","event":"","logger":"task.stdout"}
{"timestamp":"2026-02-18T13:16:39.344958Z","level":"info","event":"Fetching race results for 2026...","logger":"task.stdout"}
{"timestamp":"2026-02-18T13:17:03.730256Z","level":"info","event":"0 results found across 0 races","logger":"task.stdout"}
{"timestamp":"2026-02-18T13:17:03.732578Z","level":"info","event":"","logger":"task.stdout"}
{"timestamp":"2026-02-18T13:17:03.733103Z","level":"info","event":"======================================================================","logger":"task.stdout"}
{"timestamp":"2026-02-18T13:17:03.733385Z","level":"info","event":"SCRAPING COMPLETE","logger":"task.stdout"}
{"timestamp":"2026-02-18T13:17:03.733620Z","level":"info","event":"Total records: 0","logger":"task.stdout"}
{"timestamp":"2026-02-18T13:17:03.733848Z","level":"info","event":"Years covered: 2026-2026","logger":"task.stdout"}
{"timestamp":"2026-02-18T13:17:03.734061Z","level":"info","event":"======================================================================","logger":"task.stdout"}
{"timestamp":"2026-02-18T13:17:03.734264Z","level":"info","event":"","logger":"task.stdout"}
{"timestamp":"2026-02-18T13:17:03.734471Z","level":"info","event":"Transforming API data to Silver schema...","logger":"task.stdout"}
{"timestamp":"2026-02-18T13:17:03.734905Z","level":"info","event":"No data found - returning empty DataFrame with schema: ['result_id', 'driver_ref', 'constructor_ref', 'race_year', 'race_round', 'driver_number', 'grid', 'position', 'position_text', 'position_order', 'points', 'number_of_laps', 'race_duration_hours', 'race_duration_milliseconds', 'fastest_lap', 'rank', 'fastest_lap_minutes', 'fastest_lap_speed', 'status', 'year', 'source', 'created_at']","logger":"task.stdout"}
{"timestamp":"2026-02-18T13:17:03.735251Z","level":"info","event":"  No results data found","logger":"task.stdout"}
{"timestamp":"2026-02-18T13:17:03.747391Z","level":"info","event":"Done. Returned value was: {'new_count': 0}","logger":"airflow.task.operators.airflow.providers.standard.operators.python.PythonOperator","filename":"python.py","lineno":216}
{"timestamp":"2026-02-18T13:17:03.747717Z","level":"info","event":"Pushing xcom","ti":"RuntimeTaskInstance(id=UUID('019c70e4-72a6-72cd-a42e-f6c347b90be4'), task_id='producer.scrape_publish_results', dag_id='weekly_f1_pipeline', run_id='manual__2026-02-18T13:15:44+00:00', try_number=1, dag_version_id=UUID('019c6ff5-b028-7014-b590-52b338429d0a'), map_index=-1, hostname='e4702b2ecf8f', context_carrier={}, task=<Task(PythonOperator): producer.scrape_publish_results>, bundle_instance=LocalDagBundle(name=dags-folder), max_tries=2, start_date=datetime.datetime(2026, 2, 18, 13, 16, 37, 440639, tzinfo=datetime.timezone.utc), end_date=None, state=<TaskInstanceState.RUNNING: 'running'>, is_mapped=False, rendered_map_index=None)","logger":"task","filename":"task_runner.py","lineno":1450}
