{"timestamp":"2026-02-12T13:38:42.638975Z","level":"info","event":"DAG bundles loaded: dags-folder","logger":"airflow.dag_processing.bundles.manager.DagBundlesManager","filename":"manager.py","lineno":179}
{"timestamp":"2026-02-12T13:38:42.640185Z","level":"info","event":"Filling up the DagBag from /opt/airflow/dags/master_pipeline.py","logger":"airflow.models.dagbag.DagBag","filename":"dagbag.py","lineno":593}
{"timestamp":"2026-02-12T13:38:42.685069Z","level":"warning","event":"The `airflow.operators.trigger_dagrun.TriggerDagRunOperator` attribute is deprecated. Please use `'airflow.providers.standard.operators.trigger_dagrun.TriggerDagRunOperator'`.","category":"DeprecatedImportWarning","filename":"/opt/airflow/dags/master_pipeline.py","lineno":34,"logger":"py.warnings"}
{"timestamp":"2026-02-12T13:38:42.685265Z","level":"warning","event":"The `airflow.operators.python.PythonOperator` attribute is deprecated. Please use `'airflow.providers.standard.operators.python.PythonOperator'`.","category":"DeprecatedImportWarning","filename":"/opt/airflow/dags/master_pipeline.py","lineno":35,"logger":"py.warnings"}
{"timestamp":"2026-02-12T13:38:42.717186Z","level":"info","event":"","logger":"task.stdout"}
{"timestamp":"2026-02-12T13:38:42.717707Z","level":"info","event":"================================================================================","logger":"task.stdout"}
{"timestamp":"2026-02-12T13:38:42.717956Z","level":"info","event":"F1 ETL MASTER PIPELINE STARTED","logger":"task.stdout"}
{"timestamp":"2026-02-12T13:38:42.718167Z","level":"info","event":"================================================================================","logger":"task.stdout"}
{"timestamp":"2026-02-12T13:38:42.718395Z","level":"info","event":"","logger":"task.stdout"}
{"timestamp":"2026-02-12T13:38:42.718587Z","level":"info","event":"Pipeline Flow:","logger":"task.stdout"}
{"timestamp":"2026-02-12T13:38:42.718773Z","level":"info","event":"  1. CSV → Silver (Dimensions + Facts)","logger":"task.stdout"}
{"timestamp":"2026-02-12T13:38:42.718951Z","level":"info","event":"  2-5. API Dimensions → Silver (PARALLEL)","logger":"task.stdout"}
{"timestamp":"2026-02-12T13:38:42.719132Z","level":"info","event":"     ├─ Constructors","logger":"task.stdout"}
{"timestamp":"2026-02-12T13:38:42.719373Z","level":"info","event":"     ├─ Drivers","logger":"task.stdout"}
{"timestamp":"2026-02-12T13:38:42.719618Z","level":"info","event":"     ├─ Circuits","logger":"task.stdout"}
{"timestamp":"2026-02-12T13:38:42.719943Z","level":"info","event":"     └─ Races","logger":"task.stdout"}
{"timestamp":"2026-02-12T13:38:42.720186Z","level":"info","event":"  6-10. API Facts → Silver (PARALLEL)","logger":"task.stdout"}
{"timestamp":"2026-02-12T13:38:42.720385Z","level":"info","event":"      ├─ Results","logger":"task.stdout"}
{"timestamp":"2026-02-12T13:38:42.720630Z","level":"info","event":"      ├─ Laps","logger":"task.stdout"}
{"timestamp":"2026-02-12T13:38:42.720813Z","level":"info","event":"      ├─ Pitstops","logger":"task.stdout"}
{"timestamp":"2026-02-12T13:38:42.721046Z","level":"info","event":"      ├─ Driver Standings","logger":"task.stdout"}
{"timestamp":"2026-02-12T13:38:42.721259Z","level":"info","event":"      └─ Constructor Standings","logger":"task.stdout"}
{"timestamp":"2026-02-12T13:38:42.721502Z","level":"info","event":"  11. Silver → Gold (PostgreSQL)","logger":"task.stdout"}
{"timestamp":"2026-02-12T13:38:42.721722Z","level":"info","event":"","logger":"task.stdout"}
{"timestamp":"2026-02-12T13:38:42.721953Z","level":"info","event":"================================================================================","logger":"task.stdout"}
{"timestamp":"2026-02-12T13:38:42.722155Z","level":"info","event":"","logger":"task.stdout"}
{"timestamp":"2026-02-12T13:38:42.717229Z","level":"info","event":"Done. Returned value was: None","logger":"airflow.task.operators.airflow.providers.standard.operators.python.PythonOperator","filename":"python.py","lineno":216}
