{"timestamp":"2026-02-19T10:00:22.553687Z","level":"info","event":"DAG bundles loaded: dags-folder","logger":"airflow.dag_processing.bundles.manager.DagBundlesManager","filename":"manager.py","lineno":179}
{"timestamp":"2026-02-19T10:00:22.561957Z","level":"info","event":"Filling up the DagBag from /opt/airflow/dags/weekly_f1_pipeline.py","logger":"airflow.models.dagbag.DagBag","filename":"dagbag.py","lineno":593}
{"timestamp":"2026-02-19T10:00:29.089053Z","level":"warning","event":"The `airflow.utils.task_group.TaskGroup` attribute is deprecated. Please use `'airflow.sdk.TaskGroup'`.","category":"DeprecatedImportWarning","filename":"/opt/airflow/dags/weekly_f1_pipeline.py","lineno":36,"logger":"py.warnings"}
{"timestamp":"2026-02-19T10:00:29.089218Z","level":"warning","event":"The `airflow.operators.trigger_dagrun.TriggerDagRunOperator` attribute is deprecated. Please use `'airflow.providers.standard.operators.trigger_dagrun.TriggerDagRunOperator'`.","category":"DeprecatedImportWarning","filename":"/opt/airflow/dags/kafka_producer_pipeline.py","lineno":35,"logger":"py.warnings"}
{"timestamp":"2026-02-19T10:00:29.388161Z","level":"info","event":"======================================================================","logger":"task.stdout"}
{"timestamp":"2026-02-19T10:00:29.395661Z","level":"info","event":"PRODUCER: dim_driver  (2026+)","logger":"task.stdout"}
{"timestamp":"2026-02-19T10:00:29.396020Z","level":"info","event":"======================================================================","logger":"task.stdout"}
{"timestamp":"2026-02-19T10:00:29.396237Z","level":"info","event":"","logger":"task.stdout"}
{"timestamp":"2026-02-19T10:00:29.396433Z","level":"info","event":"======================================================================","logger":"task.stdout"}
{"timestamp":"2026-02-19T10:00:29.396627Z","level":"info","event":"SCRAPING DRIVERS FROM ERGAST API: 2026-2026","logger":"task.stdout"}
{"timestamp":"2026-02-19T10:00:29.397024Z","level":"info","event":"======================================================================","logger":"task.stdout"}
{"timestamp":"2026-02-19T10:00:29.397395Z","level":"info","event":"","logger":"task.stdout"}
{"timestamp":"2026-02-19T10:00:29.397669Z","level":"info","event":"Fetching drivers for 2026...","logger":"task.stdout"}
{"timestamp":"2026-02-19T10:00:51.822812Z","level":"info","event":"22 drivers found","logger":"task.stdout"}
{"timestamp":"2026-02-19T10:00:51.827837Z","level":"info","event":"","logger":"task.stdout"}
{"timestamp":"2026-02-19T10:00:51.828338Z","level":"info","event":"======================================================================","logger":"task.stdout"}
{"timestamp":"2026-02-19T10:00:51.828705Z","level":"info","event":"SCRAPING COMPLETE","logger":"task.stdout"}
{"timestamp":"2026-02-19T10:00:51.829144Z","level":"info","event":"Total records: 22","logger":"task.stdout"}
{"timestamp":"2026-02-19T10:00:51.837369Z","level":"info","event":"Unique drivers (by driverId): 22","logger":"task.stdout"}
{"timestamp":"2026-02-19T10:00:51.837824Z","level":"info","event":"Years covered: 2026-2026","logger":"task.stdout"}
{"timestamp":"2026-02-19T10:00:51.838197Z","level":"info","event":"======================================================================","logger":"task.stdout"}
{"timestamp":"2026-02-19T10:00:51.838595Z","level":"info","event":"","logger":"task.stdout"}
{"timestamp":"2026-02-19T10:00:51.838882Z","level":"info","event":"Transforming API data to Silver schema...","logger":"task.stdout"}
{"timestamp":"2026-02-19T10:00:51.843012Z","level":"info","event":"Deduplication: 22 records → 22 unique drivers","logger":"task.stdout"}
{"timestamp":"2026-02-19T10:00:51.844925Z","level":"info","event":"Sorted by driverId (alphabetically) for stable driver_id generation","logger":"task.stdout"}
{"timestamp":"2026-02-19T10:00:51.847658Z","level":"info","event":"  Generated driver_id: 10001 - 10022","logger":"task.stdout"}
{"timestamp":"2026-02-19T10:00:51.861366Z","level":"info","event":"Transformed 22 drivers to Silver schema","logger":"task.stdout"}
{"timestamp":"2026-02-19T10:00:51.861923Z","level":"info","event":"Source: api","logger":"task.stdout"}
{"timestamp":"2026-02-19T10:00:51.862361Z","level":"info","event":"driver_id range: 10001 - 10022","logger":"task.stdout"}
{"timestamp":"2026-02-19T10:00:51.969787Z","level":"info","event":" Downloaded dimensions/dim_driver/dim_driver.parquet (82 rows)","logger":"task.stdout"}
{"timestamp":"2026-02-19T10:00:51.975559Z","level":"info","event":"  No new drivers found this week","logger":"task.stdout"}
{"timestamp":"2026-02-19T10:00:51.992682Z","level":"info","event":"Done. Returned value was: {'new_count': 0}","logger":"airflow.task.operators.airflow.providers.standard.operators.python.PythonOperator","filename":"python.py","lineno":216}
{"timestamp":"2026-02-19T10:00:51.993209Z","level":"info","event":"Pushing xcom","ti":"RuntimeTaskInstance(id=UUID('019c7557-dab2-7e6a-83bf-90ff5ceafc3b'), task_id='producer.scrape_publish_drivers', dag_id='weekly_f1_pipeline', run_id='manual__2026-02-19T10:00:16+00:00', try_number=1, dag_version_id=UUID('019c6ff5-b028-7014-b590-52b338429d0a'), map_index=-1, hostname='89430fcc2ad4', context_carrier={}, task=<Task(PythonOperator): producer.scrape_publish_drivers>, bundle_instance=LocalDagBundle(name=dags-folder), max_tries=2, start_date=datetime.datetime(2026, 2, 19, 10, 0, 19, 705108, tzinfo=datetime.timezone.utc), end_date=None, state=<TaskInstanceState.RUNNING: 'running'>, is_mapped=False, rendered_map_index=None)","logger":"task","filename":"task_runner.py","lineno":1450}
