{"timestamp":"2026-02-12T10:14:10.632481Z","level":"info","event":"DAG bundles loaded: dags-folder","logger":"airflow.dag_processing.bundles.manager.DagBundlesManager","filename":"manager.py","lineno":179}
{"timestamp":"2026-02-12T10:14:10.637136Z","level":"info","event":"Filling up the DagBag from /opt/airflow/dags/csv_bronze_to_silver.py","logger":"airflow.models.dagbag.DagBag","filename":"dagbag.py","lineno":593}
{"timestamp":"2026-02-12T10:14:11.805238Z","level":"info","event":"TRANSFORM: fact_race_results → Silver (Parquet with surrogate keys)","logger":"task.stdout"}
{"timestamp":"2026-02-12T10:14:25.044376Z","level":"warning","event":"Columns (7,8,13,14,17,42,45,63) have mixed types. Specify dtype option on import or set low_memory=False.","category":"DtypeWarning","filename":"/opt/airflow/dags/csv_bronze_to_silver.py","lineno":320,"logger":"py.warnings"}
{"timestamp":"2026-02-12T10:14:29.684189Z","level":"info","event":" Downloaded dimensions/dim_driver/dim_driver.parquet (65 rows)","logger":"task.stdout"}
{"timestamp":"2026-02-12T10:14:29.709022Z","level":"info","event":" Downloaded dimensions/dim_constructor/dim_constructor.parquet (20 rows)","logger":"task.stdout"}
{"timestamp":"2026-02-12T10:14:29.710956Z","level":"info","event":" Downloaded dimensions/dim_race/dim_race.parquet (232 rows)","logger":"task.stdout"}
{"timestamp":"2026-02-12T10:14:29.739397Z","level":"info","event":" Downloaded dimensions/dim_time/dim_time.parquet (6940 rows)","logger":"task.stdout"}
{"timestamp":"2026-02-12T10:14:29.970432Z","level":"info","event":"Transformed 4,502 race results with surrogate keys","logger":"task.stdout"}
{"timestamp":"2026-02-12T10:14:29.989948Z","level":"info","event":" Uploaded facts/fact_race_results/year=2012/data.parquet (447 rows)","logger":"task.stdout"}
{"timestamp":"2026-02-12T10:14:29.990307Z","level":"info","event":"Year 2012: 447 rows","logger":"task.stdout"}
{"timestamp":"2026-02-12T10:14:30.017266Z","level":"info","event":" Uploaded facts/fact_race_results/year=2013/data.parquet (401 rows)","logger":"task.stdout"}
{"timestamp":"2026-02-12T10:14:30.017596Z","level":"info","event":"Year 2013: 401 rows","logger":"task.stdout"}
{"timestamp":"2026-02-12T10:14:30.049752Z","level":"info","event":" Uploaded facts/fact_race_results/year=2014/data.parquet (378 rows)","logger":"task.stdout"}
{"timestamp":"2026-02-12T10:14:30.050091Z","level":"info","event":"Year 2014: 378 rows","logger":"task.stdout"}
{"timestamp":"2026-02-12T10:14:30.099039Z","level":"info","event":" Uploaded facts/fact_race_results/year=2015/data.parquet (347 rows)","logger":"task.stdout"}
{"timestamp":"2026-02-12T10:14:30.099428Z","level":"info","event":"Year 2015: 347 rows","logger":"task.stdout"}
{"timestamp":"2026-02-12T10:14:30.164378Z","level":"info","event":" Uploaded facts/fact_race_results/year=2016/data.parquet (431 rows)","logger":"task.stdout"}
{"timestamp":"2026-02-12T10:14:30.165185Z","level":"info","event":"Year 2016: 431 rows","logger":"task.stdout"}
{"timestamp":"2026-02-12T10:14:30.189572Z","level":"info","event":" Uploaded facts/fact_race_results/year=2017/data.parquet (357 rows)","logger":"task.stdout"}
{"timestamp":"2026-02-12T10:14:30.190941Z","level":"info","event":"Year 2017: 357 rows","logger":"task.stdout"}
{"timestamp":"2026-02-12T10:14:30.233904Z","level":"info","event":" Uploaded facts/fact_race_results/year=2018/data.parquet (382 rows)","logger":"task.stdout"}
{"timestamp":"2026-02-12T10:14:30.234406Z","level":"info","event":"Year 2018: 382 rows","logger":"task.stdout"}
{"timestamp":"2026-02-12T10:14:30.254986Z","level":"info","event":" Uploaded facts/fact_race_results/year=2019/data.parquet (409 rows)","logger":"task.stdout"}
{"timestamp":"2026-02-12T10:14:30.255557Z","level":"info","event":"Year 2019: 409 rows","logger":"task.stdout"}
{"timestamp":"2026-02-12T10:14:30.280377Z","level":"info","event":" Uploaded facts/fact_race_results/year=2020/data.parquet (313 rows)","logger":"task.stdout"}
{"timestamp":"2026-02-12T10:14:30.280842Z","level":"info","event":"Year 2020: 313 rows","logger":"task.stdout"}
{"timestamp":"2026-02-12T10:14:30.346183Z","level":"info","event":" Uploaded facts/fact_race_results/year=2021/data.parquet (397 rows)","logger":"task.stdout"}
{"timestamp":"2026-02-12T10:14:30.349698Z","level":"info","event":"Year 2021: 397 rows","logger":"task.stdout"}
{"timestamp":"2026-02-12T10:14:30.385315Z","level":"info","event":" Uploaded facts/fact_race_results/year=2022/data.parquet (410 rows)","logger":"task.stdout"}
{"timestamp":"2026-02-12T10:14:30.386812Z","level":"info","event":"Year 2022: 410 rows","logger":"task.stdout"}
{"timestamp":"2026-02-12T10:14:30.411079Z","level":"info","event":" Uploaded facts/fact_race_results/year=2023/data.parquet (230 rows)","logger":"task.stdout"}
{"timestamp":"2026-02-12T10:14:30.413092Z","level":"info","event":"Year 2023: 230 rows","logger":"task.stdout"}
{"timestamp":"2026-02-12T10:14:30.495963Z","level":"info","event":"Done. Returned value was: 4502","logger":"airflow.task.operators.airflow.providers.standard.operators.python.PythonOperator","filename":"python.py","lineno":216}
{"timestamp":"2026-02-12T10:14:30.496680Z","level":"info","event":"Pushing xcom","ti":"RuntimeTaskInstance(id=UUID('019c5157-aa9e-73e8-a58d-7ca3a826ac9e'), task_id='transform_fact_race_results', dag_id='csv_bronze_to_silver', run_id='manual__2026-02-12T10:13:44+00:00', try_number=1, dag_version_id=UUID('019c4cc4-73aa-7cc6-a783-56fcf2e4c22b'), map_index=-1, hostname='ec1430f51f9d', context_carrier={}, task=<Task(PythonOperator): transform_fact_race_results>, bundle_instance=LocalDagBundle(name=dags-folder), max_tries=1, start_date=datetime.datetime(2026, 2, 12, 10, 14, 10, 558167, tzinfo=datetime.timezone.utc), end_date=None, state=<TaskInstanceState.RUNNING: 'running'>, is_mapped=False, rendered_map_index=None)","logger":"task","filename":"task_runner.py","lineno":1450}
