{"timestamp":"2026-02-16T18:54:33.342877Z","level":"info","event":"DAG bundles loaded: dags-folder","logger":"airflow.dag_processing.bundles.manager.DagBundlesManager","filename":"manager.py","lineno":179}
{"timestamp":"2026-02-16T18:54:33.349264Z","level":"info","event":"Filling up the DagBag from /opt/airflow/dags/kafka_producer_pipeline.py","logger":"airflow.models.dagbag.DagBag","filename":"dagbag.py","lineno":593}
{"timestamp":"2026-02-16T18:54:35.579561Z","level":"warning","event":"The `airflow.operators.trigger_dagrun.TriggerDagRunOperator` attribute is deprecated. Please use `'airflow.providers.standard.operators.trigger_dagrun.TriggerDagRunOperator'`.","category":"DeprecatedImportWarning","filename":"/opt/airflow/dags/kafka_producer_pipeline.py","lineno":35,"logger":"py.warnings"}
{"timestamp":"2026-02-16T18:54:35.709116Z","level":"info","event":"======================================================================","logger":"task.stdout"}
{"timestamp":"2026-02-16T18:54:35.709828Z","level":"info","event":"PRODUCER: fact_race_results  (2026+)","logger":"task.stdout"}
{"timestamp":"2026-02-16T18:54:35.710536Z","level":"info","event":"======================================================================","logger":"task.stdout"}
{"timestamp":"2026-02-16T18:54:35.711310Z","level":"info","event":"","logger":"task.stdout"}
{"timestamp":"2026-02-16T18:54:35.711879Z","level":"info","event":"======================================================================","logger":"task.stdout"}
{"timestamp":"2026-02-16T18:54:35.712424Z","level":"info","event":"SCRAPING RACE RESULTS FROM ERGAST API: 2026-2026","logger":"task.stdout"}
{"timestamp":"2026-02-16T18:54:35.713535Z","level":"info","event":"======================================================================","logger":"task.stdout"}
{"timestamp":"2026-02-16T18:54:35.714315Z","level":"info","event":"","logger":"task.stdout"}
{"timestamp":"2026-02-16T18:54:35.715087Z","level":"info","event":"Fetching race results for 2026...","logger":"task.stdout"}
{"timestamp":"2026-02-16T18:54:56.585469Z","level":"info","event":"0 results found across 0 races","logger":"task.stdout"}
{"timestamp":"2026-02-16T18:54:56.590095Z","level":"info","event":"","logger":"task.stdout"}
{"timestamp":"2026-02-16T18:54:56.590730Z","level":"info","event":"======================================================================","logger":"task.stdout"}
{"timestamp":"2026-02-16T18:54:56.591302Z","level":"info","event":"SCRAPING COMPLETE","logger":"task.stdout"}
{"timestamp":"2026-02-16T18:54:56.591839Z","level":"info","event":"Total records: 0","logger":"task.stdout"}
{"timestamp":"2026-02-16T18:54:56.592300Z","level":"info","event":"Years covered: 2026-2026","logger":"task.stdout"}
{"timestamp":"2026-02-16T18:54:56.593221Z","level":"info","event":"======================================================================","logger":"task.stdout"}
{"timestamp":"2026-02-16T18:54:56.593979Z","level":"info","event":"","logger":"task.stdout"}
{"timestamp":"2026-02-16T18:54:56.594660Z","level":"info","event":"Transforming API data to Silver schema...","logger":"task.stdout"}
{"timestamp":"2026-02-16T18:54:56.595207Z","level":"info","event":"No data found - returning empty DataFrame with schema: ['result_id', 'driver_ref', 'constructor_ref', 'race_year', 'race_round', 'driver_number', 'grid', 'position', 'position_text', 'position_order', 'points', 'number_of_laps', 'race_duration_hours', 'race_duration_milliseconds', 'fastest_lap', 'rank', 'fastest_lap_minutes', 'fastest_lap_speed', 'status', 'year', 'source', 'created_at']","logger":"task.stdout"}
{"timestamp":"2026-02-16T18:54:56.595923Z","level":"info","event":"  No results data found","logger":"task.stdout"}
{"timestamp":"2026-02-16T18:54:56.617269Z","level":"info","event":"Done. Returned value was: {'new_count': 0}","logger":"airflow.task.operators.airflow.providers.standard.operators.python.PythonOperator","filename":"python.py","lineno":216}
{"timestamp":"2026-02-16T18:54:56.617723Z","level":"info","event":"Pushing xcom","ti":"RuntimeTaskInstance(id=UUID('019c67cd-750b-7611-9c4b-787b0f1ec344'), task_id='scrape_publish_results', dag_id='kafka_producer_pipeline', run_id='manual__2026-02-16T18:54:02+00:00', try_number=1, dag_version_id=UUID('019c67ca-8f5c-7e42-9c4f-003df19b8153'), map_index=-1, hostname='9ffd7d06cb04', context_carrier={}, task=<Task(PythonOperator): scrape_publish_results>, bundle_instance=LocalDagBundle(name=dags-folder), max_tries=2, start_date=datetime.datetime(2026, 2, 16, 18, 54, 33, 118408, tzinfo=datetime.timezone.utc), end_date=None, state=<TaskInstanceState.RUNNING: 'running'>, is_mapped=False, rendered_map_index=None)","logger":"task","filename":"task_runner.py","lineno":1450}
