{"timestamp":"2026-02-10T12:22:41.869376Z","level":"info","event":"DAG bundles loaded: dags-folder","logger":"airflow.dag_processing.bundles.manager.DagBundlesManager","filename":"manager.py","lineno":179}
{"timestamp":"2026-02-10T12:22:41.872503Z","level":"info","event":"Filling up the DagBag from /opt/airflow/dags/api_etl/api_laps_bronze_to_silver.py","logger":"airflow.models.dagbag.DagBag","filename":"dagbag.py","lineno":593}
{"timestamp":"2026-02-10T12:22:42.323561Z","level":"info","event":"","logger":"task.stdout"}
{"timestamp":"2026-02-10T12:22:42.324218Z","level":"info","event":"======================================================================","logger":"task.stdout"}
{"timestamp":"2026-02-10T12:22:42.324612Z","level":"info","event":"BACKFILLING LAP TIMES TO SILVER","logger":"task.stdout"}
{"timestamp":"2026-02-10T12:22:42.325000Z","level":"info","event":"======================================================================","logger":"task.stdout"}
{"timestamp":"2026-02-10T12:22:42.325354Z","level":"info","event":"","logger":"task.stdout"}
{"timestamp":"2026-02-10T12:22:42.381574Z","level":"info","event":"","logger":"task.stdout"}
{"timestamp":"2026-02-10T12:22:42.382085Z","level":"info","event":"[DEBUG] XCom data type: <class 'list'>","logger":"task.stdout"}
{"timestamp":"2026-02-10T12:22:42.382547Z","level":"info","event":"[DEBUG] XCom data length: 720","logger":"task.stdout"}
{"timestamp":"2026-02-10T12:22:42.382815Z","level":"info","event":"[DEBUG] First record keys: ['lap', 'year', 'source', 'race_year', 'created_at', 'driver_ref', 'race_round', 'lap_minutes', 'lap_position', 'lap_milliseconds']","logger":"task.stdout"}
{"timestamp":"2026-02-10T12:22:42.383219Z","level":"info","event":"[DEBUG] First record sample: {'lap': 1, 'year': 2025, 'source': 'api', 'race_year': 2025, 'created_at': datetime.datetime(2026, 2, 10, 12, 22, 41, 403921), 'driver_ref': 'norris', 'race_round': 1, 'lap_minutes': '1:57.099', 'lap_position': 1, 'lap_milliseconds': 117098}","logger":"task.stdout"}
{"timestamp":"2026-02-10T12:22:42.385511Z","level":"info","event":"","logger":"task.stdout"}
{"timestamp":"2026-02-10T12:22:42.385980Z","level":"info","event":"[DEBUG] DataFrame shape: (720, 10)","logger":"task.stdout"}
{"timestamp":"2026-02-10T12:22:42.386287Z","level":"info","event":"[DEBUG] DataFrame columns: ['lap', 'year', 'source', 'race_year', 'created_at', 'driver_ref', 'race_round', 'lap_minutes', 'lap_position', 'lap_milliseconds']","logger":"task.stdout"}
{"timestamp":"2026-02-10T12:22:42.386641Z","level":"info","event":"[DEBUG] DataFrame dtypes:","logger":"task.stdout"}
{"timestamp":"2026-02-10T12:22:42.386909Z","level":"info","event":"lap                          int64","logger":"task.stdout"}
{"timestamp":"2026-02-10T12:22:42.387156Z","level":"info","event":"year                         int64","logger":"task.stdout"}
{"timestamp":"2026-02-10T12:22:42.387399Z","level":"info","event":"source                      object","logger":"task.stdout"}
{"timestamp":"2026-02-10T12:22:42.387774Z","level":"info","event":"race_year                    int64","logger":"task.stdout"}
{"timestamp":"2026-02-10T12:22:42.388137Z","level":"info","event":"created_at          datetime64[ns]","logger":"task.stdout"}
{"timestamp":"2026-02-10T12:22:42.388434Z","level":"info","event":"driver_ref                  object","logger":"task.stdout"}
{"timestamp":"2026-02-10T12:22:42.388750Z","level":"info","event":"race_round                   int64","logger":"task.stdout"}
{"timestamp":"2026-02-10T12:22:42.389025Z","level":"info","event":"lap_minutes                 object","logger":"task.stdout"}
{"timestamp":"2026-02-10T12:22:42.389272Z","level":"info","event":"lap_position                 int64","logger":"task.stdout"}
{"timestamp":"2026-02-10T12:22:42.389454Z","level":"info","event":"lap_milliseconds             int64","logger":"task.stdout"}
{"timestamp":"2026-02-10T12:22:42.389629Z","level":"info","event":"dtype: object","logger":"task.stdout"}
{"timestamp":"2026-02-10T12:22:42.389797Z","level":"info","event":"","logger":"task.stdout"}
{"timestamp":"2026-02-10T12:22:42.389964Z","level":"info","event":"API laps loaded from XCom: 720","logger":"task.stdout"}
{"timestamp":"2026-02-10T12:22:42.390231Z","level":"info","event":"Loading dimensions for FK resolution...","logger":"task.stdout"}
{"timestamp":"2026-02-10T12:22:42.416860Z","level":"info","event":" Downloaded dimensions/dim_driver/dim_driver.parquet (89 rows)","logger":"task.stdout"}
{"timestamp":"2026-02-10T12:22:42.420644Z","level":"info","event":" Downloaded dimensions/dim_constructor/dim_constructor.parquet (23 rows)","logger":"task.stdout"}
{"timestamp":"2026-02-10T12:22:42.425969Z","level":"info","event":" Downloaded dimensions/dim_race/dim_race.parquet (310 rows)","logger":"task.stdout"}
{"timestamp":"2026-02-10T12:22:42.430871Z","level":"info","event":" Downloaded dimensions/dim_time/dim_time.parquet (6940 rows)","logger":"task.stdout"}
{"timestamp":"2026-02-10T12:22:42.431246Z","level":"info","event":"  dim_driver: 89 records","logger":"task.stdout"}
{"timestamp":"2026-02-10T12:22:42.431503Z","level":"info","event":"  dim_constructor: 23 records","logger":"task.stdout"}
{"timestamp":"2026-02-10T12:22:42.431777Z","level":"info","event":"  dim_race: 310 records","logger":"task.stdout"}
{"timestamp":"2026-02-10T12:22:42.432185Z","level":"info","event":"  dim_time: 6,940 records","logger":"task.stdout"}
{"timestamp":"2026-02-10T12:22:42.432492Z","level":"info","event":"","logger":"task.stdout"}
{"timestamp":"2026-02-10T12:22:42.432805Z","level":"info","event":"Building FK lookup maps...","logger":"task.stdout"}
{"timestamp":"2026-02-10T12:22:42.455961Z","level":"info","event":"","logger":"task.stdout"}
{"timestamp":"2026-02-10T12:22:42.456312Z","level":"info","event":"Building race-driver-constructor mapping from race results...","logger":"task.stdout"}
{"timestamp":"2026-02-10T12:22:42.466011Z","level":"info","event":" Downloaded facts/fact_race_results/year=2011/data.parquet (100 rows)","logger":"task.stdout"}
{"timestamp":"2026-02-10T12:22:42.492024Z","level":"info","event":" Downloaded facts/fact_race_results/year=2012/data.parquet (547 rows)","logger":"task.stdout"}
{"timestamp":"2026-02-10T12:22:42.539360Z","level":"info","event":" Downloaded facts/fact_race_results/year=2013/data.parquet (431 rows)","logger":"task.stdout"}
{"timestamp":"2026-02-10T12:22:42.579198Z","level":"info","event":" Downloaded facts/fact_race_results/year=2014/data.parquet (408 rows)","logger":"task.stdout"}
{"timestamp":"2026-02-10T12:22:42.615893Z","level":"info","event":" Downloaded facts/fact_race_results/year=2015/data.parquet (377 rows)","logger":"task.stdout"}
{"timestamp":"2026-02-10T12:22:42.653411Z","level":"info","event":" Downloaded facts/fact_race_results/year=2016/data.parquet (461 rows)","logger":"task.stdout"}
{"timestamp":"2026-02-10T12:22:42.696175Z","level":"info","event":" Downloaded facts/fact_race_results/year=2017/data.parquet (387 rows)","logger":"task.stdout"}
{"timestamp":"2026-02-10T12:22:42.733562Z","level":"info","event":" Downloaded facts/fact_race_results/year=2018/data.parquet (412 rows)","logger":"task.stdout"}
{"timestamp":"2026-02-10T12:22:42.770241Z","level":"info","event":" Downloaded facts/fact_race_results/year=2019/data.parquet (439 rows)","logger":"task.stdout"}
{"timestamp":"2026-02-10T12:22:42.808799Z","level":"info","event":" Downloaded facts/fact_race_results/year=2020/data.parquet (343 rows)","logger":"task.stdout"}
{"timestamp":"2026-02-10T12:22:42.844018Z","level":"info","event":" Downloaded facts/fact_race_results/year=2021/data.parquet (427 rows)","logger":"task.stdout"}
{"timestamp":"2026-02-10T12:22:42.883408Z","level":"info","event":" Downloaded facts/fact_race_results/year=2022/data.parquet (440 rows)","logger":"task.stdout"}
{"timestamp":"2026-02-10T12:22:42.924515Z","level":"info","event":" Downloaded facts/fact_race_results/year=2023/data.parquet (260 rows)","logger":"task.stdout"}
{"timestamp":"2026-02-10T12:22:42.956378Z","level":"info","event":" Downloaded facts/fact_race_results/year=2024/data.parquet (30 rows)","logger":"task.stdout"}
{"timestamp":"2026-02-10T12:22:42.977173Z","level":"info","event":" Downloaded facts/fact_race_results/year=2025/data.parquet (30 rows)","logger":"task.stdout"}
{"timestamp":"2026-02-10T12:22:42.998122Z","level":"info","event":"  Built race-driver-constructor mapping: 4,692 entries","logger":"task.stdout"}
{"timestamp":"2026-02-10T12:22:43.002021Z","level":"info","event":"","logger":"task.stdout"}
{"timestamp":"2026-02-10T12:22:43.002403Z","level":"info","event":"Loading existing Silver laps...","logger":"task.stdout"}
{"timestamp":"2026-02-10T12:22:43.067751Z","level":"info","event":" Downloaded facts/fact_laps/fact_laps.parquet (256836 rows)","logger":"task.stdout"}
{"timestamp":"2026-02-10T12:22:43.068433Z","level":"info","event":"Existing laps loaded: 256,836","logger":"task.stdout"}
{"timestamp":"2026-02-10T12:22:43.068645Z","level":"info","event":"","logger":"task.stdout"}
{"timestamp":"2026-02-10T12:22:43.068822Z","level":"info","event":"======================================================================","logger":"task.stdout"}
{"timestamp":"2026-02-10T12:22:43.069042Z","level":"info","event":"MERGING LAPS: CSV + API","logger":"task.stdout"}
{"timestamp":"2026-02-10T12:22:43.069209Z","level":"info","event":"======================================================================","logger":"task.stdout"}
{"timestamp":"2026-02-10T12:22:43.069375Z","level":"info","event":"Existing laps: 256,836 (from CSV and previous API runs)","logger":"task.stdout"}
{"timestamp":"2026-02-10T12:22:43.127193Z","level":"info","event":"  CSV laps (preserve): 256,836","logger":"task.stdout"}
{"timestamp":"2026-02-10T12:22:43.127629Z","level":"info","event":"  API laps (existing): 0","logger":"task.stdout"}
{"timestamp":"2026-02-10T12:22:43.154045Z","level":"error","event":"Task failed with exception","logger":"task","filename":"task_runner.py","lineno":1078,"error_detail":[{"exc_type":"KeyError","exc_value":"'race_year'","exc_notes":[],"syntax_error":null,"is_cause":false,"frames":[{"filename":"/home/airflow/.local/lib/python3.12/site-packages/airflow/sdk/execution_time/task_runner.py","lineno":1004,"name":"run"},{"filename":"/home/airflow/.local/lib/python3.12/site-packages/airflow/sdk/execution_time/task_runner.py","lineno":1400,"name":"_execute_task"},{"filename":"/home/airflow/.local/lib/python3.12/site-packages/airflow/sdk/bases/operator.py","lineno":417,"name":"wrapper"},{"filename":"/home/airflow/.local/lib/python3.12/site-packages/airflow/providers/standard/operators/python.py","lineno":214,"name":"execute"},{"filename":"/home/airflow/.local/lib/python3.12/site-packages/airflow/providers/standard/operators/python.py","lineno":237,"name":"execute_callable"},{"filename":"/home/airflow/.local/lib/python3.12/site-packages/airflow/sdk/execution_time/callback_runner.py","lineno":82,"name":"run"},{"filename":"/opt/airflow/dags/api_etl/api_laps_bronze_to_silver.py","lineno":418,"name":"backfill_laps_to_silver"},{"filename":"/opt/airflow/dags/api_etl/api_laps_bronze_to_silver.py","lineno":168,"name":"merge_laps"},{"filename":"/home/airflow/.local/lib/python3.12/site-packages/pandas/core/frame.py","lineno":3893,"name":"__getitem__"},{"filename":"/home/airflow/.local/lib/python3.12/site-packages/pandas/core/indexes/base.py","lineno":3798,"name":"get_loc"}],"is_group":false,"exceptions":[]},{"exc_type":"KeyError","exc_value":"'race_year'","exc_notes":[],"syntax_error":null,"is_cause":true,"frames":[{"filename":"/home/airflow/.local/lib/python3.12/site-packages/pandas/core/indexes/base.py","lineno":3791,"name":"get_loc"},{"filename":"/opt/airflow/index.pyx","lineno":152,"name":"pandas._libs.index.IndexEngine.get_loc"},{"filename":"/opt/airflow/index.pyx","lineno":181,"name":"pandas._libs.index.IndexEngine.get_loc"},{"filename":"/opt/airflow/pandas/_libs/hashtable_class_helper.pxi","lineno":7080,"name":"pandas._libs.hashtable.PyObjectHashTable.get_item"},{"filename":"/opt/airflow/pandas/_libs/hashtable_class_helper.pxi","lineno":7088,"name":"pandas._libs.hashtable.PyObjectHashTable.get_item"}],"is_group":false,"exceptions":[]}]}
