{"timestamp":"2026-02-10T12:36:55.873882Z","level":"info","event":"DAG bundles loaded: dags-folder","logger":"airflow.dag_processing.bundles.manager.DagBundlesManager","filename":"manager.py","lineno":179}
{"timestamp":"2026-02-10T12:36:55.875351Z","level":"info","event":"Filling up the DagBag from /opt/airflow/dags/api_etl/api_laps_bronze_to_silver.py","logger":"airflow.models.dagbag.DagBag","filename":"dagbag.py","lineno":593}
{"timestamp":"2026-02-10T12:36:56.274554Z","level":"info","event":"","logger":"task.stdout"}
{"timestamp":"2026-02-10T12:36:56.275279Z","level":"info","event":"======================================================================","logger":"task.stdout"}
{"timestamp":"2026-02-10T12:36:56.275607Z","level":"info","event":"BACKFILLING LAP TIMES TO SILVER","logger":"task.stdout"}
{"timestamp":"2026-02-10T12:36:56.275929Z","level":"info","event":"======================================================================","logger":"task.stdout"}
{"timestamp":"2026-02-10T12:36:56.276259Z","level":"info","event":"","logger":"task.stdout"}
{"timestamp":"2026-02-10T12:36:56.333398Z","level":"info","event":"","logger":"task.stdout"}
{"timestamp":"2026-02-10T12:36:56.333880Z","level":"info","event":"[DEBUG] XCom data type: <class 'list'>","logger":"task.stdout"}
{"timestamp":"2026-02-10T12:36:56.334239Z","level":"info","event":"[DEBUG] XCom data length: 720","logger":"task.stdout"}
{"timestamp":"2026-02-10T12:36:56.334543Z","level":"info","event":"[DEBUG] First record keys: ['lap', 'year', 'source', 'race_year', 'created_at', 'driver_ref', 'race_round', 'lap_minutes', 'lap_position', 'lap_milliseconds']","logger":"task.stdout"}
{"timestamp":"2026-02-10T12:36:56.334836Z","level":"info","event":"[DEBUG] First record sample: {'lap': 1, 'year': 2025, 'source': 'api', 'race_year': 2025, 'created_at': datetime.datetime(2026, 2, 10, 12, 22, 41, 403921), 'driver_ref': 'norris', 'race_round': 1, 'lap_minutes': '1:57.099', 'lap_position': 1, 'lap_milliseconds': 117098}","logger":"task.stdout"}
{"timestamp":"2026-02-10T12:36:56.336953Z","level":"info","event":"","logger":"task.stdout"}
{"timestamp":"2026-02-10T12:36:56.337366Z","level":"info","event":"[DEBUG] DataFrame shape: (720, 10)","logger":"task.stdout"}
{"timestamp":"2026-02-10T12:36:56.337597Z","level":"info","event":"[DEBUG] DataFrame columns: ['lap', 'year', 'source', 'race_year', 'created_at', 'driver_ref', 'race_round', 'lap_minutes', 'lap_position', 'lap_milliseconds']","logger":"task.stdout"}
{"timestamp":"2026-02-10T12:36:56.338204Z","level":"info","event":"[DEBUG] DataFrame dtypes:","logger":"task.stdout"}
{"timestamp":"2026-02-10T12:36:56.338542Z","level":"info","event":"lap                          int64","logger":"task.stdout"}
{"timestamp":"2026-02-10T12:36:56.338858Z","level":"info","event":"year                         int64","logger":"task.stdout"}
{"timestamp":"2026-02-10T12:36:56.339162Z","level":"info","event":"source                      object","logger":"task.stdout"}
{"timestamp":"2026-02-10T12:36:56.339465Z","level":"info","event":"race_year                    int64","logger":"task.stdout"}
{"timestamp":"2026-02-10T12:36:56.339766Z","level":"info","event":"created_at          datetime64[ns]","logger":"task.stdout"}
{"timestamp":"2026-02-10T12:36:56.340042Z","level":"info","event":"driver_ref                  object","logger":"task.stdout"}
{"timestamp":"2026-02-10T12:36:56.340326Z","level":"info","event":"race_round                   int64","logger":"task.stdout"}
{"timestamp":"2026-02-10T12:36:56.340603Z","level":"info","event":"lap_minutes                 object","logger":"task.stdout"}
{"timestamp":"2026-02-10T12:36:56.340853Z","level":"info","event":"lap_position                 int64","logger":"task.stdout"}
{"timestamp":"2026-02-10T12:36:56.341196Z","level":"info","event":"lap_milliseconds             int64","logger":"task.stdout"}
{"timestamp":"2026-02-10T12:36:56.341539Z","level":"info","event":"dtype: object","logger":"task.stdout"}
{"timestamp":"2026-02-10T12:36:56.341878Z","level":"info","event":"","logger":"task.stdout"}
{"timestamp":"2026-02-10T12:36:56.342217Z","level":"info","event":"API laps loaded from XCom: 720","logger":"task.stdout"}
{"timestamp":"2026-02-10T12:36:56.342608Z","level":"info","event":"Loading dimensions for FK resolution...","logger":"task.stdout"}
{"timestamp":"2026-02-10T12:36:56.367216Z","level":"info","event":" Downloaded dimensions/dim_driver/dim_driver.parquet (89 rows)","logger":"task.stdout"}
{"timestamp":"2026-02-10T12:36:56.371200Z","level":"info","event":" Downloaded dimensions/dim_constructor/dim_constructor.parquet (23 rows)","logger":"task.stdout"}
{"timestamp":"2026-02-10T12:36:56.376167Z","level":"info","event":" Downloaded dimensions/dim_race/dim_race.parquet (310 rows)","logger":"task.stdout"}
{"timestamp":"2026-02-10T12:36:56.381804Z","level":"info","event":" Downloaded dimensions/dim_time/dim_time.parquet (6940 rows)","logger":"task.stdout"}
{"timestamp":"2026-02-10T12:36:56.382238Z","level":"info","event":"  dim_driver: 89 records","logger":"task.stdout"}
{"timestamp":"2026-02-10T12:36:56.382499Z","level":"info","event":"  dim_constructor: 23 records","logger":"task.stdout"}
{"timestamp":"2026-02-10T12:36:56.382816Z","level":"info","event":"  dim_race: 310 records","logger":"task.stdout"}
{"timestamp":"2026-02-10T12:36:56.383056Z","level":"info","event":"  dim_time: 6,940 records","logger":"task.stdout"}
{"timestamp":"2026-02-10T12:36:56.383309Z","level":"info","event":"","logger":"task.stdout"}
{"timestamp":"2026-02-10T12:36:56.383529Z","level":"info","event":"Building FK lookup maps...","logger":"task.stdout"}
{"timestamp":"2026-02-10T12:36:56.421420Z","level":"info","event":"","logger":"task.stdout"}
{"timestamp":"2026-02-10T12:36:56.421841Z","level":"info","event":"Building race-driver-constructor mapping from race results...","logger":"task.stdout"}
{"timestamp":"2026-02-10T12:36:56.430407Z","level":"info","event":" Downloaded facts/fact_race_results/year=2011/data.parquet (100 rows)","logger":"task.stdout"}
{"timestamp":"2026-02-10T12:36:56.465706Z","level":"info","event":" Downloaded facts/fact_race_results/year=2012/data.parquet (547 rows)","logger":"task.stdout"}
{"timestamp":"2026-02-10T12:36:56.568260Z","level":"info","event":" Downloaded facts/fact_race_results/year=2013/data.parquet (431 rows)","logger":"task.stdout"}
{"timestamp":"2026-02-10T12:36:56.620636Z","level":"info","event":" Downloaded facts/fact_race_results/year=2014/data.parquet (408 rows)","logger":"task.stdout"}
{"timestamp":"2026-02-10T12:36:56.659749Z","level":"info","event":" Downloaded facts/fact_race_results/year=2015/data.parquet (377 rows)","logger":"task.stdout"}
{"timestamp":"2026-02-10T12:36:56.703754Z","level":"info","event":" Downloaded facts/fact_race_results/year=2016/data.parquet (461 rows)","logger":"task.stdout"}
{"timestamp":"2026-02-10T12:36:56.749494Z","level":"info","event":" Downloaded facts/fact_race_results/year=2017/data.parquet (387 rows)","logger":"task.stdout"}
{"timestamp":"2026-02-10T12:36:56.793191Z","level":"info","event":" Downloaded facts/fact_race_results/year=2018/data.parquet (412 rows)","logger":"task.stdout"}
{"timestamp":"2026-02-10T12:36:56.831485Z","level":"info","event":" Downloaded facts/fact_race_results/year=2019/data.parquet (439 rows)","logger":"task.stdout"}
{"timestamp":"2026-02-10T12:36:56.871609Z","level":"info","event":" Downloaded facts/fact_race_results/year=2020/data.parquet (343 rows)","logger":"task.stdout"}
{"timestamp":"2026-02-10T12:36:56.906567Z","level":"info","event":" Downloaded facts/fact_race_results/year=2021/data.parquet (427 rows)","logger":"task.stdout"}
{"timestamp":"2026-02-10T12:36:56.944101Z","level":"info","event":" Downloaded facts/fact_race_results/year=2022/data.parquet (440 rows)","logger":"task.stdout"}
{"timestamp":"2026-02-10T12:36:56.983034Z","level":"info","event":" Downloaded facts/fact_race_results/year=2023/data.parquet (260 rows)","logger":"task.stdout"}
{"timestamp":"2026-02-10T12:36:57.016083Z","level":"info","event":" Downloaded facts/fact_race_results/year=2024/data.parquet (30 rows)","logger":"task.stdout"}
{"timestamp":"2026-02-10T12:36:57.036516Z","level":"info","event":" Downloaded facts/fact_race_results/year=2025/data.parquet (30 rows)","logger":"task.stdout"}
{"timestamp":"2026-02-10T12:36:57.052555Z","level":"info","event":"  Built race-driver-constructor mapping: 4,692 entries","logger":"task.stdout"}
{"timestamp":"2026-02-10T12:36:57.053037Z","level":"info","event":"","logger":"task.stdout"}
{"timestamp":"2026-02-10T12:36:57.053315Z","level":"info","event":"Loading existing Silver laps...","logger":"task.stdout"}
{"timestamp":"2026-02-10T12:36:57.109616Z","level":"info","event":" Downloaded facts/fact_laps/fact_laps.parquet (256836 rows)","logger":"task.stdout"}
{"timestamp":"2026-02-10T12:36:57.110153Z","level":"info","event":"Existing laps loaded: 256,836","logger":"task.stdout"}
{"timestamp":"2026-02-10T12:36:57.112830Z","level":"info","event":"","logger":"task.stdout"}
{"timestamp":"2026-02-10T12:36:57.113320Z","level":"info","event":"======================================================================","logger":"task.stdout"}
{"timestamp":"2026-02-10T12:36:57.113612Z","level":"info","event":"MERGING LAPS: CSV + API","logger":"task.stdout"}
{"timestamp":"2026-02-10T12:36:57.113836Z","level":"info","event":"======================================================================","logger":"task.stdout"}
{"timestamp":"2026-02-10T12:36:57.114101Z","level":"info","event":"Existing laps: 256,836 (from CSV and previous API runs)","logger":"task.stdout"}
{"timestamp":"2026-02-10T12:36:57.166326Z","level":"info","event":"  CSV laps (preserve): 256,836","logger":"task.stdout"}
{"timestamp":"2026-02-10T12:36:57.166762Z","level":"info","event":"  API laps (existing): 0","logger":"task.stdout"}
{"timestamp":"2026-02-10T12:37:22.130072Z","level":"info","event":"","logger":"task.stdout"}
{"timestamp":"2026-02-10T12:37:22.130615Z","level":"info","event":"  API laps processed: 720","logger":"task.stdout"}
{"timestamp":"2026-02-10T12:37:22.131094Z","level":"info","event":"  API laps skipped (CSV exists): 0","logger":"task.stdout"}
{"timestamp":"2026-02-10T12:37:22.131461Z","level":"info","event":"  API laps to add (new): 720","logger":"task.stdout"}
{"timestamp":"2026-02-10T12:37:22.144598Z","level":"error","event":"Task failed with exception","logger":"task","filename":"task_runner.py","lineno":1078,"error_detail":[{"exc_type":"ValueError","exc_value":"all the input array dimensions except for the concatenation axis must match exactly, but along dimension 1, the array at index 0 has size 256836 and the array at index 1 has size 720","exc_notes":[],"syntax_error":null,"is_cause":false,"frames":[{"filename":"/home/airflow/.local/lib/python3.12/site-packages/airflow/sdk/execution_time/task_runner.py","lineno":1004,"name":"run"},{"filename":"/home/airflow/.local/lib/python3.12/site-packages/airflow/sdk/execution_time/task_runner.py","lineno":1400,"name":"_execute_task"},{"filename":"/home/airflow/.local/lib/python3.12/site-packages/airflow/sdk/bases/operator.py","lineno":417,"name":"wrapper"},{"filename":"/home/airflow/.local/lib/python3.12/site-packages/airflow/providers/standard/operators/python.py","lineno":214,"name":"execute"},{"filename":"/home/airflow/.local/lib/python3.12/site-packages/airflow/providers/standard/operators/python.py","lineno":237,"name":"execute_callable"},{"filename":"/home/airflow/.local/lib/python3.12/site-packages/airflow/sdk/execution_time/callback_runner.py","lineno":82,"name":"run"},{"filename":"/opt/airflow/dags/api_etl/api_laps_bronze_to_silver.py","lineno":431,"name":"backfill_laps_to_silver"},{"filename":"/opt/airflow/dags/api_etl/api_laps_bronze_to_silver.py","lineno":201,"name":"merge_laps"},{"filename":"/home/airflow/.local/lib/python3.12/site-packages/pandas/core/reshape/concat.py","lineno":393,"name":"concat"},{"filename":"/home/airflow/.local/lib/python3.12/site-packages/pandas/core/reshape/concat.py","lineno":680,"name":"get_result"},{"filename":"/home/airflow/.local/lib/python3.12/site-packages/pandas/core/internals/concat.py","lineno":189,"name":"concatenate_managers"},{"filename":"/home/airflow/.local/lib/python3.12/site-packages/pandas/core/internals/concat.py","lineno":486,"name":"_concatenate_join_units"},{"filename":"/home/airflow/.local/lib/python3.12/site-packages/pandas/core/dtypes/concat.py","lineno":132,"name":"concat_compat"},{"filename":"/home/airflow/.local/lib/python3.12/site-packages/pandas/core/arrays/datetimelike.py","lineno":2251,"name":"_concat_same_type"},{"filename":"/home/airflow/.local/lib/python3.12/site-packages/pandas/core/arrays/_mixins.py","lineno":230,"name":"_concat_same_type"},{"filename":"/opt/airflow/arrays.pyx","lineno":190,"name":"pandas._libs.arrays.NDArrayBacked._concat_same_type"}],"is_group":false,"exceptions":[]}]}
