{"timestamp":"2026-02-16T13:34:47.998886Z","level":"info","event":"DAG bundles loaded: dags-folder","logger":"airflow.dag_processing.bundles.manager.DagBundlesManager","filename":"manager.py","lineno":179}
{"timestamp":"2026-02-16T13:34:48.005723Z","level":"info","event":"Filling up the DagBag from /opt/airflow/dags/api_pitstops_bronze_to_silver.py","logger":"airflow.models.dagbag.DagBag","filename":"dagbag.py","lineno":593}
{"timestamp":"2026-02-16T13:34:48.886805Z","level":"info","event":"======================================================================","logger":"task.stdout"}
{"timestamp":"2026-02-16T13:34:48.887848Z","level":"info","event":"F1 PIT STOPS BACKFILL: ERGAST API -> SILVER","logger":"task.stdout"}
{"timestamp":"2026-02-16T13:34:48.888402Z","level":"info","event":"======================================================================","logger":"task.stdout"}
{"timestamp":"2026-02-16T13:34:48.889244Z","level":"info","event":"","logger":"task.stdout"}
{"timestamp":"2026-02-16T13:34:48.889744Z","level":"info","event":"[STEP 1] Scraping API...","logger":"task.stdout"}
{"timestamp":"2026-02-16T13:34:48.890131Z","level":"info","event":"","logger":"task.stdout"}
{"timestamp":"2026-02-16T13:34:48.890465Z","level":"info","event":"======================================================================","logger":"task.stdout"}
{"timestamp":"2026-02-16T13:34:48.890789Z","level":"info","event":"SCRAPING PIT STOPS FROM ERGAST API: 2024-2025","logger":"task.stdout"}
{"timestamp":"2026-02-16T13:34:48.891102Z","level":"info","event":"======================================================================","logger":"task.stdout"}
{"timestamp":"2026-02-16T13:34:48.891417Z","level":"info","event":"","logger":"task.stdout"}
{"timestamp":"2026-02-16T13:34:48.891744Z","level":"info","event":"","logger":"task.stdout"}
{"timestamp":"2026-02-16T13:34:48.892110Z","level":"info","event":"======================================================================","logger":"task.stdout"}
{"timestamp":"2026-02-16T13:34:48.892417Z","level":"info","event":"SCRAPING PIT STOPS FOR 2024","logger":"task.stdout"}
{"timestamp":"2026-02-16T13:34:48.892714Z","level":"info","event":"======================================================================","logger":"task.stdout"}
{"timestamp":"2026-02-16T13:34:48.893054Z","level":"info","event":"","logger":"task.stdout"}
{"timestamp":"2026-02-16T13:34:48.893387Z","level":"info","event":"Fetching pit stops for 2024 Round 1...","logger":"task.stdout"}
{"timestamp":"2026-02-16T13:34:55.294785Z","level":"info","event":"  43 pit stops found","logger":"task.stdout"}
{"timestamp":"2026-02-16T13:34:55.295190Z","level":"info","event":"Fetching pit stops for 2024 Round 2...","logger":"task.stdout"}
{"timestamp":"2026-02-16T13:35:00.806730Z","level":"info","event":"  19 pit stops found","logger":"task.stdout"}
{"timestamp":"2026-02-16T13:35:00.807450Z","level":"info","event":"Fetching pit stops for 2024 Round 3...","logger":"task.stdout"}
{"timestamp":"2026-02-16T13:35:07.335310Z","level":"info","event":"  36 pit stops found","logger":"task.stdout"}
{"timestamp":"2026-02-16T13:35:07.336145Z","level":"info","event":"Fetching pit stops for 2024 Round 4...","logger":"task.stdout"}
{"timestamp":"2026-02-16T13:35:12.605958Z","level":"info","event":"  54 pit stops found","logger":"task.stdout"}
{"timestamp":"2026-02-16T13:35:12.606546Z","level":"info","event":"Fetching pit stops for 2024 Round 5...","logger":"task.stdout"}
{"timestamp":"2026-02-16T13:35:16.475185Z","level":"info","event":"  40 pit stops found","logger":"task.stdout"}
{"timestamp":"2026-02-16T13:35:16.478184Z","level":"info","event":"Fetching pit stops for 2024 Round 6...","logger":"task.stdout"}
{"timestamp":"2026-02-16T13:35:21.152453Z","level":"info","event":"  28 pit stops found","logger":"task.stdout"}
{"timestamp":"2026-02-16T13:35:21.152953Z","level":"info","event":"Fetching pit stops for 2024 Round 7...","logger":"task.stdout"}
{"timestamp":"2026-02-16T13:35:24.931813Z","level":"info","event":"  27 pit stops found","logger":"task.stdout"}
{"timestamp":"2026-02-16T13:35:24.932529Z","level":"info","event":"Fetching pit stops for 2024 Round 8...","logger":"task.stdout"}
{"timestamp":"2026-02-16T13:35:27.481374Z","level":"info","event":"  23 pit stops found","logger":"task.stdout"}
{"timestamp":"2026-02-16T13:35:27.515008Z","level":"info","event":"Fetching pit stops for 2024 Round 9...","logger":"task.stdout"}
{"timestamp":"2026-02-16T13:35:33.202252Z","level":"info","event":"  42 pit stops found","logger":"task.stdout"}
{"timestamp":"2026-02-16T13:35:33.202942Z","level":"info","event":"Fetching pit stops for 2024 Round 10...","logger":"task.stdout"}
{"timestamp":"2026-02-16T13:35:36.555868Z","level":"info","event":"  42 pit stops found","logger":"task.stdout"}
{"timestamp":"2026-02-16T13:35:36.556706Z","level":"info","event":"Fetching pit stops for 2024 Round 11...","logger":"task.stdout"}
{"timestamp":"2026-02-16T13:35:39.509728Z","level":"info","event":"  45 pit stops found","logger":"task.stdout"}
{"timestamp":"2026-02-16T13:35:39.510578Z","level":"info","event":"Fetching pit stops for 2024 Round 12...","logger":"task.stdout"}
{"timestamp":"2026-02-16T13:35:44.109604Z","level":"info","event":"  45 pit stops found","logger":"task.stdout"}
{"timestamp":"2026-02-16T13:35:44.110174Z","level":"info","event":"Fetching pit stops for 2024 Round 13...","logger":"task.stdout"}
{"timestamp":"2026-02-16T13:35:47.902621Z","level":"info","event":"  40 pit stops found","logger":"task.stdout"}
{"timestamp":"2026-02-16T13:35:47.903295Z","level":"info","event":"Fetching pit stops for 2024 Round 14...","logger":"task.stdout"}
{"timestamp":"2026-02-16T13:35:53.826059Z","level":"info","event":"  34 pit stops found","logger":"task.stdout"}
{"timestamp":"2026-02-16T13:35:53.827091Z","level":"info","event":"Fetching pit stops for 2024 Round 15...","logger":"task.stdout"}
{"timestamp":"2026-02-16T13:36:00.663547Z","level":"info","event":"  26 pit stops found","logger":"task.stdout"}
{"timestamp":"2026-02-16T13:36:00.669618Z","level":"info","event":"Fetching pit stops for 2024 Round 16...","logger":"task.stdout"}
{"timestamp":"2026-02-16T13:36:05.318158Z","level":"info","event":"  30 pit stops found","logger":"task.stdout"}
{"timestamp":"2026-02-16T13:36:05.318904Z","level":"info","event":"Fetching pit stops for 2024 Round 17...","logger":"task.stdout"}
{"timestamp":"2026-02-16T13:36:10.877081Z","level":"info","event":"  22 pit stops found","logger":"task.stdout"}
{"timestamp":"2026-02-16T13:36:10.885066Z","level":"info","event":"Fetching pit stops for 2024 Round 18...","logger":"task.stdout"}
{"timestamp":"2026-02-16T13:36:14.019276Z","level":"info","event":"  23 pit stops found","logger":"task.stdout"}
{"timestamp":"2026-02-16T13:36:14.020986Z","level":"info","event":"Fetching pit stops for 2024 Round 19...","logger":"task.stdout"}
{"timestamp":"2026-02-16T13:36:17.489014Z","level":"info","event":"  23 pit stops found","logger":"task.stdout"}
{"timestamp":"2026-02-16T13:36:17.489521Z","level":"info","event":"Fetching pit stops for 2024 Round 20...","logger":"task.stdout"}
{"timestamp":"2026-02-16T13:36:21.089777Z","level":"info","event":"  21 pit stops found","logger":"task.stdout"}
{"timestamp":"2026-02-16T13:36:21.090283Z","level":"info","event":"Fetching pit stops for 2024 Round 21...","logger":"task.stdout"}
{"timestamp":"2026-02-16T13:36:26.798769Z","level":"info","event":"  35 pit stops found","logger":"task.stdout"}
{"timestamp":"2026-02-16T13:36:26.799324Z","level":"info","event":"Fetching pit stops for 2024 Round 22...","logger":"task.stdout"}
{"timestamp":"2026-02-16T13:36:29.658937Z","level":"info","event":"  39 pit stops found","logger":"task.stdout"}
{"timestamp":"2026-02-16T13:36:29.659547Z","level":"info","event":"Fetching pit stops for 2024 Round 23...","logger":"task.stdout"}
{"timestamp":"2026-02-16T13:36:35.212259Z","level":"info","event":"  60 pit stops found","logger":"task.stdout"}
{"timestamp":"2026-02-16T13:36:35.212896Z","level":"info","event":"Fetching pit stops for 2024 Round 24...","logger":"task.stdout"}
{"timestamp":"2026-02-16T13:36:42.121401Z","level":"info","event":"  28 pit stops found","logger":"task.stdout"}
{"timestamp":"2026-02-16T13:36:42.122222Z","level":"info","event":"Fetching pit stops for 2024 Round 25...","logger":"task.stdout"}
{"timestamp":"2026-02-16T13:36:48.548384Z","level":"info","event":"  No data for 2024 Round 25","logger":"task.stdout"}
{"timestamp":"2026-02-16T13:36:48.548901Z","level":"info","event":"","logger":"task.stdout"}
{"timestamp":"2026-02-16T13:36:48.549308Z","level":"info","event":"Total pit stops for 2024: 825","logger":"task.stdout"}
{"timestamp":"2026-02-16T13:36:48.549733Z","level":"info","event":"","logger":"task.stdout"}
{"timestamp":"2026-02-16T13:36:48.550083Z","level":"info","event":"======================================================================","logger":"task.stdout"}
{"timestamp":"2026-02-16T13:36:48.550421Z","level":"info","event":"SCRAPING PIT STOPS FOR 2025","logger":"task.stdout"}
{"timestamp":"2026-02-16T13:36:48.550747Z","level":"info","event":"======================================================================","logger":"task.stdout"}
{"timestamp":"2026-02-16T13:36:48.551177Z","level":"info","event":"","logger":"task.stdout"}
{"timestamp":"2026-02-16T13:36:48.551497Z","level":"info","event":"Fetching pit stops for 2025 Round 1...","logger":"task.stdout"}
{"timestamp":"2026-02-16T13:36:53.110317Z","level":"info","event":"  82 pit stops found","logger":"task.stdout"}
{"timestamp":"2026-02-16T13:36:53.111084Z","level":"info","event":"Fetching pit stops for 2025 Round 2...","logger":"task.stdout"}
{"timestamp":"2026-02-16T13:36:57.806991Z","level":"info","event":"  25 pit stops found","logger":"task.stdout"}
{"timestamp":"2026-02-16T13:36:57.807533Z","level":"info","event":"Fetching pit stops for 2025 Round 3...","logger":"task.stdout"}
{"timestamp":"2026-02-16T13:37:00.775220Z","level":"info","event":"  21 pit stops found","logger":"task.stdout"}
{"timestamp":"2026-02-16T13:37:00.775662Z","level":"info","event":"Fetching pit stops for 2025 Round 4...","logger":"task.stdout"}
{"timestamp":"2026-02-16T13:37:05.375161Z","level":"info","event":"  42 pit stops found","logger":"task.stdout"}
{"timestamp":"2026-02-16T13:37:05.375838Z","level":"info","event":"Fetching pit stops for 2025 Round 5...","logger":"task.stdout"}
{"timestamp":"2026-02-16T13:37:10.347551Z","level":"info","event":"  19 pit stops found","logger":"task.stdout"}
{"timestamp":"2026-02-16T13:37:10.348188Z","level":"info","event":"Fetching pit stops for 2025 Round 6...","logger":"task.stdout"}
{"timestamp":"2026-02-16T13:37:15.934618Z","level":"info","event":"  18 pit stops found","logger":"task.stdout"}
{"timestamp":"2026-02-16T13:37:15.937166Z","level":"info","event":"Fetching pit stops for 2025 Round 7...","logger":"task.stdout"}
{"timestamp":"2026-02-16T13:37:20.517687Z","level":"info","event":"  37 pit stops found","logger":"task.stdout"}
{"timestamp":"2026-02-16T13:37:20.518217Z","level":"info","event":"Fetching pit stops for 2025 Round 8...","logger":"task.stdout"}
{"timestamp":"2026-02-16T13:37:25.894184Z","level":"info","event":"  40 pit stops found","logger":"task.stdout"}
{"timestamp":"2026-02-16T13:37:25.894830Z","level":"info","event":"Fetching pit stops for 2025 Round 9...","logger":"task.stdout"}
{"timestamp":"2026-02-16T13:37:29.283152Z","level":"info","event":"  54 pit stops found","logger":"task.stdout"}
{"timestamp":"2026-02-16T13:37:29.283777Z","level":"info","event":"Fetching pit stops for 2025 Round 10...","logger":"task.stdout"}
{"timestamp":"2026-02-16T13:37:33.686395Z","level":"info","event":"  82 pit stops found","logger":"task.stdout"}
{"timestamp":"2026-02-16T13:37:33.686973Z","level":"info","event":"Fetching pit stops for 2025 Round 11...","logger":"task.stdout"}
{"timestamp":"2026-02-16T13:37:38.798638Z","level":"info","event":"  32 pit stops found","logger":"task.stdout"}
{"timestamp":"2026-02-16T13:37:38.799246Z","level":"info","event":"Fetching pit stops for 2025 Round 12...","logger":"task.stdout"}
{"timestamp":"2026-02-16T13:37:43.827648Z","level":"info","event":"  35 pit stops found","logger":"task.stdout"}
{"timestamp":"2026-02-16T13:37:43.828148Z","level":"info","event":"Fetching pit stops for 2025 Round 13...","logger":"task.stdout"}
{"timestamp":"2026-02-16T13:37:47.680991Z","level":"info","event":"  26 pit stops found","logger":"task.stdout"}
{"timestamp":"2026-02-16T13:37:47.681599Z","level":"info","event":"Fetching pit stops for 2025 Round 14...","logger":"task.stdout"}
{"timestamp":"2026-02-16T13:37:54.466473Z","level":"info","event":"  29 pit stops found","logger":"task.stdout"}
{"timestamp":"2026-02-16T13:37:54.467008Z","level":"info","event":"Fetching pit stops for 2025 Round 15...","logger":"task.stdout"}
{"timestamp":"2026-02-16T13:37:57.412194Z","level":"info","event":"  40 pit stops found","logger":"task.stdout"}
{"timestamp":"2026-02-16T13:37:57.412863Z","level":"info","event":"Fetching pit stops for 2025 Round 16...","logger":"task.stdout"}
{"timestamp":"2026-02-16T13:38:00.921769Z","level":"info","event":"  19 pit stops found","logger":"task.stdout"}
{"timestamp":"2026-02-16T13:38:00.922455Z","level":"info","event":"Fetching pit stops for 2025 Round 17...","logger":"task.stdout"}
{"timestamp":"2026-02-16T13:38:04.580134Z","level":"info","event":"  21 pit stops found","logger":"task.stdout"}
{"timestamp":"2026-02-16T13:38:04.580744Z","level":"info","event":"Fetching pit stops for 2025 Round 18...","logger":"task.stdout"}
{"timestamp":"2026-02-16T13:38:10.006419Z","level":"info","event":"  23 pit stops found","logger":"task.stdout"}
{"timestamp":"2026-02-16T13:38:10.007102Z","level":"info","event":"Fetching pit stops for 2025 Round 19...","logger":"task.stdout"}
{"timestamp":"2026-02-16T13:38:12.937524Z","level":"info","event":"  21 pit stops found","logger":"task.stdout"}
{"timestamp":"2026-02-16T13:38:12.938265Z","level":"info","event":"Fetching pit stops for 2025 Round 20...","logger":"task.stdout"}
{"timestamp":"2026-02-16T13:38:15.270546Z","level":"info","event":"  27 pit stops found","logger":"task.stdout"}
{"timestamp":"2026-02-16T13:38:15.275890Z","level":"info","event":"Fetching pit stops for 2025 Round 21...","logger":"task.stdout"}
{"timestamp":"2026-02-16T13:38:20.959099Z","level":"info","event":"  37 pit stops found","logger":"task.stdout"}
{"timestamp":"2026-02-16T13:38:20.959868Z","level":"info","event":"Fetching pit stops for 2025 Round 22...","logger":"task.stdout"}
{"timestamp":"2026-02-16T13:38:24.893211Z","level":"info","event":"  23 pit stops found","logger":"task.stdout"}
{"timestamp":"2026-02-16T13:38:24.893819Z","level":"info","event":"Fetching pit stops for 2025 Round 23...","logger":"task.stdout"}
{"timestamp":"2026-02-16T13:38:30.426771Z","level":"info","event":"  41 pit stops found","logger":"task.stdout"}
{"timestamp":"2026-02-16T13:38:30.427524Z","level":"info","event":"Fetching pit stops for 2025 Round 24...","logger":"task.stdout"}
{"timestamp":"2026-02-16T13:38:34.173090Z","level":"info","event":"  27 pit stops found","logger":"task.stdout"}
{"timestamp":"2026-02-16T13:38:34.173883Z","level":"info","event":"Fetching pit stops for 2025 Round 25...","logger":"task.stdout"}
{"timestamp":"2026-02-16T13:38:40.890726Z","level":"info","event":"  No data for 2025 Round 25","logger":"task.stdout"}
{"timestamp":"2026-02-16T13:38:40.891241Z","level":"info","event":"","logger":"task.stdout"}
{"timestamp":"2026-02-16T13:38:40.891616Z","level":"info","event":"Total pit stops for 2025: 821","logger":"task.stdout"}
{"timestamp":"2026-02-16T13:38:40.894373Z","level":"info","event":"","logger":"task.stdout"}
{"timestamp":"2026-02-16T13:38:40.895022Z","level":"info","event":"======================================================================","logger":"task.stdout"}
{"timestamp":"2026-02-16T13:38:40.895513Z","level":"info","event":"SCRAPING COMPLETE","logger":"task.stdout"}
{"timestamp":"2026-02-16T13:38:40.895984Z","level":"info","event":"Total pit stops: 1,646","logger":"task.stdout"}
{"timestamp":"2026-02-16T13:38:40.896418Z","level":"info","event":"Years covered: 2024-2025","logger":"task.stdout"}
{"timestamp":"2026-02-16T13:38:40.896924Z","level":"info","event":"======================================================================","logger":"task.stdout"}
{"timestamp":"2026-02-16T13:38:40.897434Z","level":"info","event":"","logger":"task.stdout"}
{"timestamp":"2026-02-16T13:38:40.898112Z","level":"info","event":"API scraping complete: 1,646 pit stop records","logger":"task.stdout"}
{"timestamp":"2026-02-16T13:38:40.898674Z","level":"info","event":"","logger":"task.stdout"}
{"timestamp":"2026-02-16T13:38:40.899201Z","level":"info","event":"[STEP 2] Transforming to Silver schema...","logger":"task.stdout"}
{"timestamp":"2026-02-16T13:38:40.899740Z","level":"info","event":"Transforming API data to Silver schema...","logger":"task.stdout"}
{"timestamp":"2026-02-16T13:38:40.906966Z","level":"info","event":"Sorted by year + round + lap + stop","logger":"task.stdout"}
{"timestamp":"2026-02-16T13:38:40.924073Z","level":"info","event":"Transformed 1646 pit stops to Silver schema","logger":"task.stdout"}
{"timestamp":"2026-02-16T13:38:40.924584Z","level":"info","event":"Source: api","logger":"task.stdout"}
{"timestamp":"2026-02-16T13:38:40.925316Z","level":"info","event":"Transformation complete: 1646 pit stops","logger":"task.stdout"}
{"timestamp":"2026-02-16T13:38:40.926115Z","level":"info","event":"","logger":"task.stdout"}
{"timestamp":"2026-02-16T13:38:40.926687Z","level":"info","event":"[STEP 3] Loading dimensions for FK resolution...","logger":"task.stdout"}
{"timestamp":"2026-02-16T13:38:40.961931Z","level":"info","event":" Downloaded dimensions/dim_driver/dim_driver.parquet (81 rows)","logger":"task.stdout"}
{"timestamp":"2026-02-16T13:38:40.967751Z","level":"info","event":" Downloaded dimensions/dim_constructor/dim_constructor.parquet (21 rows)","logger":"task.stdout"}
{"timestamp":"2026-02-16T13:38:40.977479Z","level":"info","event":" Downloaded dimensions/dim_race/dim_race.parquet (280 rows)","logger":"task.stdout"}
{"timestamp":"2026-02-16T13:38:40.987506Z","level":"info","event":" Downloaded dimensions/dim_time/dim_time.parquet (6940 rows)","logger":"task.stdout"}
{"timestamp":"2026-02-16T13:38:40.988125Z","level":"info","event":"Loaded dimensions:","logger":"task.stdout"}
{"timestamp":"2026-02-16T13:38:40.988769Z","level":"info","event":"  - dim_driver: 81 drivers","logger":"task.stdout"}
{"timestamp":"2026-02-16T13:38:40.989385Z","level":"info","event":"  - dim_constructor: 21 constructors","logger":"task.stdout"}
{"timestamp":"2026-02-16T13:38:40.989903Z","level":"info","event":"  - dim_race: 280 races","logger":"task.stdout"}
{"timestamp":"2026-02-16T13:38:40.990480Z","level":"info","event":"  - dim_time: 6,940 dates","logger":"task.stdout"}
{"timestamp":"2026-02-16T13:38:40.990942Z","level":"info","event":"","logger":"task.stdout"}
{"timestamp":"2026-02-16T13:38:40.991374Z","level":"info","event":"[STEP 4] Resolving foreign keys...","logger":"task.stdout"}
{"timestamp":"2026-02-16T13:38:41.006956Z","level":"info","event":"  Building race-driver-constructor mapping from race results...","logger":"task.stdout"}
{"timestamp":"2026-02-16T13:38:41.017254Z","level":"info","event":" Downloaded facts/fact_race_results/year=2024/data.parquet (100 rows)","logger":"task.stdout"}
{"timestamp":"2026-02-16T13:38:41.075450Z","level":"info","event":" Downloaded facts/fact_race_results/year=2025/data.parquet (100 rows)","logger":"task.stdout"}
{"timestamp":"2026-02-16T13:38:41.124782Z","level":"info","event":"  Built race-driver-constructor mapping: 200 entries","logger":"task.stdout"}
{"timestamp":"2026-02-16T13:38:41.125426Z","level":"info","event":"Created lookup dictionaries:","logger":"task.stdout"}
{"timestamp":"2026-02-16T13:38:41.125861Z","level":"info","event":"  - driver_ref -> driver_key: 81 entries","logger":"task.stdout"}
{"timestamp":"2026-02-16T13:38:41.126317Z","level":"info","event":"  - race_year+race_round -> race_key: 280 entries","logger":"task.stdout"}
{"timestamp":"2026-02-16T13:38:41.126702Z","level":"info","event":"  - race_date -> time_key: 6940 entries","logger":"task.stdout"}
{"timestamp":"2026-02-16T13:38:41.192145Z","level":"info","event":"WARNING: 1264 pit stops have unresolved constructor_key!","logger":"task.stdout"}
{"timestamp":"2026-02-16T13:38:41.235182Z","level":"info","event":"All FKs resolved successfully","logger":"task.stdout"}
{"timestamp":"2026-02-16T13:38:41.237020Z","level":"info","event":"","logger":"task.stdout"}
{"timestamp":"2026-02-16T13:38:41.238051Z","level":"info","event":"[STEP 5] Loading existing Silver data...","logger":"task.stdout"}
{"timestamp":"2026-02-16T13:38:41.246732Z","level":"info","event":" Downloaded facts/fact_pitstops/year=2024/data.parquet (825 rows)","logger":"task.stdout"}
{"timestamp":"2026-02-16T13:38:41.263824Z","level":"info","event":" Downloaded facts/fact_pitstops/year=2025/data.parquet (821 rows)","logger":"task.stdout"}
{"timestamp":"2026-02-16T13:38:41.269154Z","level":"info","event":"Loaded 1,646 existing pit stops from Silver","logger":"task.stdout"}
{"timestamp":"2026-02-16T13:38:41.269914Z","level":"info","event":"Existing sources: {'api': 1646}","logger":"task.stdout"}
{"timestamp":"2026-02-16T13:38:41.270428Z","level":"info","event":"","logger":"task.stdout"}
{"timestamp":"2026-02-16T13:38:41.271995Z","level":"info","event":"[STEP 6] Merging API data with existing Silver...","logger":"task.stdout"}
{"timestamp":"2026-02-16T13:38:41.272697Z","level":"info","event":"","logger":"task.stdout"}
{"timestamp":"2026-02-16T13:38:41.274166Z","level":"info","event":"  Merge Configuration:","logger":"task.stdout"}
{"timestamp":"2026-02-16T13:38:41.274910Z","level":"info","event":"Existing pit stops: 1,646","logger":"task.stdout"}
{"timestamp":"2026-02-16T13:38:41.275616Z","level":"info","event":"New API pit stops: 1646","logger":"task.stdout"}
{"timestamp":"2026-02-16T13:38:41.276294Z","level":"info","event":"Merge key: race_key + driver_key + stop_number","logger":"task.stdout"}
{"timestamp":"2026-02-16T13:38:41.276930Z","level":"info","event":"CSV priority: YES (skip API for CSV pit stops)","logger":"task.stdout"}
{"timestamp":"2026-02-16T13:38:41.277462Z","level":"info","event":"","logger":"task.stdout"}
{"timestamp":"2026-02-16T13:38:41.277955Z","level":"info","event":"  Processing 1646 API pit stops:","logger":"task.stdout"}
{"timestamp":"2026-02-16T13:38:41.278428Z","level":"info","event":"","logger":"task.stdout"}
{"timestamp":"2026-02-16T13:38:41.303237Z","level":"info","event":"  CSV pit stops (preserved): 0","logger":"task.stdout"}
{"timestamp":"2026-02-16T13:38:41.303924Z","level":"info","event":"  API pit stops (skipped - CSV exists): 0","logger":"task.stdout"}
{"timestamp":"2026-02-16T13:38:41.304678Z","level":"info","event":"  API pit stops (to add): 1,646","logger":"task.stdout"}
{"timestamp":"2026-02-16T13:38:41.321226Z","level":"info","event":"Merge complete: 1,646 total pit stops","logger":"task.stdout"}
{"timestamp":"2026-02-16T13:38:41.322205Z","level":"info","event":"","logger":"task.stdout"}
{"timestamp":"2026-02-16T13:38:41.322893Z","level":"info","event":"[STEP 7] Writing to Silver layer (partitioned by year)...","logger":"task.stdout"}
{"timestamp":"2026-02-16T13:38:41.360619Z","level":"info","event":"Uploaded facts/fact_pitstops/year=2024/data.parquet (825 rows)","logger":"task.stdout"}
{"timestamp":"2026-02-16T13:38:41.361389Z","level":"info","event":"  Year 2024: 825 pit stops written","logger":"task.stdout"}
{"timestamp":"2026-02-16T13:38:41.390606Z","level":"info","event":"Uploaded facts/fact_pitstops/year=2025/data.parquet (821 rows)","logger":"task.stdout"}
{"timestamp":"2026-02-16T13:38:41.397153Z","level":"info","event":"  Year 2025: 821 pit stops written","logger":"task.stdout"}
{"timestamp":"2026-02-16T13:38:41.397697Z","level":"info","event":"Written to: s3://f1-silver/facts/fact_pitstops/year=*/data.parquet","logger":"task.stdout"}
{"timestamp":"2026-02-16T13:38:41.398293Z","level":"info","event":"","logger":"task.stdout"}
{"timestamp":"2026-02-16T13:38:41.398785Z","level":"info","event":"======================================================================","logger":"task.stdout"}
{"timestamp":"2026-02-16T13:38:41.399297Z","level":"info","event":"BACKFILL SUMMARY","logger":"task.stdout"}
{"timestamp":"2026-02-16T13:38:41.399764Z","level":"info","event":"======================================================================","logger":"task.stdout"}
{"timestamp":"2026-02-16T13:38:41.400230Z","level":"info","event":"  Existing pit stops in Silver: 1,646","logger":"task.stdout"}
{"timestamp":"2026-02-16T13:38:41.400688Z","level":"info","event":"  API pit stops scraped: 1646","logger":"task.stdout"}
{"timestamp":"2026-02-16T13:38:41.401223Z","level":"info","event":"  Final pit stop count: 1,646","logger":"task.stdout"}
{"timestamp":"2026-02-16T13:38:41.401644Z","level":"info","event":"  New pit stops added: 0","logger":"task.stdout"}
{"timestamp":"2026-02-16T13:38:41.402081Z","level":"info","event":"","logger":"task.stdout"}
{"timestamp":"2026-02-16T13:38:41.402514Z","level":"info","event":"  Final source breakdown:","logger":"task.stdout"}
{"timestamp":"2026-02-16T13:38:41.403043Z","level":"info","event":"    api            : 1,646","logger":"task.stdout"}
{"timestamp":"2026-02-16T13:38:41.403596Z","level":"info","event":"======================================================================","logger":"task.stdout"}
{"timestamp":"2026-02-16T13:38:41.450739Z","level":"info","event":"Done. Returned value was: {'existing_count': 1646, 'api_scraped': 1646, 'final_count': 1646, 'new_pitstops_added': 0}","logger":"airflow.task.operators.airflow.providers.standard.operators.python.PythonOperator","filename":"python.py","lineno":216}
{"timestamp":"2026-02-16T13:38:41.451254Z","level":"info","event":"Pushing xcom","ti":"RuntimeTaskInstance(id=UUID('019c66a4-8fd5-7320-8e96-f8240f859c84'), task_id='backfill_fact_pitstops', dag_id='api_pitstops_bronze_to_silver', run_id='manual__2026-02-16T13:17:04.750588+00:00', try_number=3, dag_version_id=UUID('019c667c-a152-7144-918b-f6febc3441a8'), map_index=-1, hostname='9ffd7d06cb04', context_carrier={}, task=<Task(PythonOperator): backfill_fact_pitstops>, bundle_instance=LocalDagBundle(name=dags-folder), max_tries=2, start_date=datetime.datetime(2026, 2, 16, 13, 34, 47, 922675, tzinfo=datetime.timezone.utc), end_date=None, state=<TaskInstanceState.RUNNING: 'running'>, is_mapped=False, rendered_map_index=None)","logger":"task","filename":"task_runner.py","lineno":1450}
