{"timestamp":"2026-02-12T13:41:15.498976Z","level":"info","event":"DAG bundles loaded: dags-folder","logger":"airflow.dag_processing.bundles.manager.DagBundlesManager","filename":"manager.py","lineno":179}
{"timestamp":"2026-02-12T13:41:15.499780Z","level":"info","event":"Filling up the DagBag from /opt/airflow/dags/master_pipeline.py","logger":"airflow.models.dagbag.DagBag","filename":"dagbag.py","lineno":593}
{"timestamp":"2026-02-12T13:41:15.577416Z","level":"warning","event":"The `airflow.operators.trigger_dagrun.TriggerDagRunOperator` attribute is deprecated. Please use `'airflow.providers.standard.operators.trigger_dagrun.TriggerDagRunOperator'`.","category":"DeprecatedImportWarning","filename":"/opt/airflow/dags/master_pipeline.py","lineno":34,"logger":"py.warnings"}
{"timestamp":"2026-02-12T13:41:15.577563Z","level":"warning","event":"The `airflow.operators.python.PythonOperator` attribute is deprecated. Please use `'airflow.providers.standard.operators.python.PythonOperator'`.","category":"DeprecatedImportWarning","filename":"/opt/airflow/dags/master_pipeline.py","lineno":35,"logger":"py.warnings"}
{"timestamp":"2026-02-12T13:41:15.741828Z","level":"info","event":"Triggering Dag Run.","trigger_dag_id":"api_results_bronze_to_silver","logger":"task","filename":"task_runner.py","lineno":1146}
{"timestamp":"2026-02-12T13:41:15.783519Z","level":"info","event":"Dag Run triggered successfully.","trigger_dag_id":"api_results_bronze_to_silver","logger":"task","filename":"task_runner.py","lineno":1180}
{"timestamp":"2026-02-12T13:41:15.801136Z","level":"info","event":"Waiting for dag run to complete execution in allowed state.","dag_id":"api_results_bronze_to_silver","run_id":"manual__2026-02-12T13:41:15.605232+00:00","allowed_state":["success"],"logger":"task","filename":"task_runner.py","lineno":1207}
{"timestamp":"2026-02-12T13:41:45.817469Z","level":"info","event":"Waiting for dag run to complete execution in allowed state.","dag_id":"api_results_bronze_to_silver","run_id":"manual__2026-02-12T13:41:15.605232+00:00","allowed_state":["success"],"logger":"task","filename":"task_runner.py","lineno":1207}
{"timestamp":"2026-02-12T13:42:15.830358Z","level":"info","event":"Waiting for dag run to complete execution in allowed state.","dag_id":"api_results_bronze_to_silver","run_id":"manual__2026-02-12T13:41:15.605232+00:00","allowed_state":["success"],"logger":"task","filename":"task_runner.py","lineno":1207}
{"timestamp":"2026-02-12T13:42:45.842334Z","level":"info","event":"Waiting for dag run to complete execution in allowed state.","dag_id":"api_results_bronze_to_silver","run_id":"manual__2026-02-12T13:41:15.605232+00:00","allowed_state":["success"],"logger":"task","filename":"task_runner.py","lineno":1207}
{"timestamp":"2026-02-12T13:43:15.854845Z","level":"info","event":"Waiting for dag run to complete execution in allowed state.","dag_id":"api_results_bronze_to_silver","run_id":"manual__2026-02-12T13:41:15.605232+00:00","allowed_state":["success"],"logger":"task","filename":"task_runner.py","lineno":1207}
{"timestamp":"2026-02-12T13:43:45.869186Z","level":"info","event":"Waiting for dag run to complete execution in allowed state.","dag_id":"api_results_bronze_to_silver","run_id":"manual__2026-02-12T13:41:15.605232+00:00","allowed_state":["success"],"logger":"task","filename":"task_runner.py","lineno":1207}
{"timestamp":"2026-02-12T13:44:15.885623Z","level":"info","event":"Waiting for dag run to complete execution in allowed state.","dag_id":"api_results_bronze_to_silver","run_id":"manual__2026-02-12T13:41:15.605232+00:00","allowed_state":["success"],"logger":"task","filename":"task_runner.py","lineno":1207}
{"timestamp":"2026-02-12T13:44:45.899813Z","level":"info","event":"Waiting for dag run to complete execution in allowed state.","dag_id":"api_results_bronze_to_silver","run_id":"manual__2026-02-12T13:41:15.605232+00:00","allowed_state":["success"],"logger":"task","filename":"task_runner.py","lineno":1207}
{"timestamp":"2026-02-12T13:45:15.910244Z","level":"info","event":"Waiting for dag run to complete execution in allowed state.","dag_id":"api_results_bronze_to_silver","run_id":"manual__2026-02-12T13:41:15.605232+00:00","allowed_state":["success"],"logger":"task","filename":"task_runner.py","lineno":1207}
{"timestamp":"2026-02-12T13:45:45.923701Z","level":"info","event":"Waiting for dag run to complete execution in allowed state.","dag_id":"api_results_bronze_to_silver","run_id":"manual__2026-02-12T13:41:15.605232+00:00","allowed_state":["success"],"logger":"task","filename":"task_runner.py","lineno":1207}
{"timestamp":"2026-02-12T13:46:15.942026Z","level":"info","event":"Waiting for dag run to complete execution in allowed state.","dag_id":"api_results_bronze_to_silver","run_id":"manual__2026-02-12T13:41:15.605232+00:00","allowed_state":["success"],"logger":"task","filename":"task_runner.py","lineno":1207}
{"timestamp":"2026-02-12T13:46:45.948176Z","level":"info","event":"Waiting for dag run to complete execution in allowed state.","dag_id":"api_results_bronze_to_silver","run_id":"manual__2026-02-12T13:41:15.605232+00:00","allowed_state":["success"],"logger":"task","filename":"task_runner.py","lineno":1207}
{"timestamp":"2026-02-12T13:47:15.955420Z","level":"info","event":"Waiting for dag run to complete execution in allowed state.","dag_id":"api_results_bronze_to_silver","run_id":"manual__2026-02-12T13:41:15.605232+00:00","allowed_state":["success"],"logger":"task","filename":"task_runner.py","lineno":1207}
{"timestamp":"2026-02-12T13:47:45.970079Z","level":"info","event":"Waiting for dag run to complete execution in allowed state.","dag_id":"api_results_bronze_to_silver","run_id":"manual__2026-02-12T13:41:15.605232+00:00","allowed_state":["success"],"logger":"task","filename":"task_runner.py","lineno":1207}
{"timestamp":"2026-02-12T13:48:15.978163Z","level":"info","event":"Waiting for dag run to complete execution in allowed state.","dag_id":"api_results_bronze_to_silver","run_id":"manual__2026-02-12T13:41:15.605232+00:00","allowed_state":["success"],"logger":"task","filename":"task_runner.py","lineno":1207}
{"timestamp":"2026-02-12T13:48:46.028230Z","level":"info","event":"Waiting for dag run to complete execution in allowed state.","dag_id":"api_results_bronze_to_silver","run_id":"manual__2026-02-12T13:41:15.605232+00:00","allowed_state":["success"],"logger":"task","filename":"task_runner.py","lineno":1207}
{"timestamp":"2026-02-12T13:49:16.032966Z","level":"info","event":"Waiting for dag run to complete execution in allowed state.","dag_id":"api_results_bronze_to_silver","run_id":"manual__2026-02-12T13:41:15.605232+00:00","allowed_state":["success"],"logger":"task","filename":"task_runner.py","lineno":1207}
{"timestamp":"2026-02-12T13:49:46.039776Z","level":"info","event":"Waiting for dag run to complete execution in allowed state.","dag_id":"api_results_bronze_to_silver","run_id":"manual__2026-02-12T13:41:15.605232+00:00","allowed_state":["success"],"logger":"task","filename":"task_runner.py","lineno":1207}
{"timestamp":"2026-02-12T13:50:16.053219Z","level":"info","event":"DagRun finished with allowed state.","dag_id":"api_results_bronze_to_silver","state":"success","logger":"task","filename":"task_runner.py","lineno":1232}
