{"timestamp":"2026-02-13T09:12:06.526253Z","level":"info","event":"DAG bundles loaded: dags-folder","logger":"airflow.dag_processing.bundles.manager.DagBundlesManager","filename":"manager.py","lineno":179}
{"timestamp":"2026-02-13T09:12:06.530721Z","level":"info","event":"Filling up the DagBag from /opt/airflow/dags/master_pipeline.py","logger":"airflow.models.dagbag.DagBag","filename":"dagbag.py","lineno":593}
{"timestamp":"2026-02-13T09:12:06.563979Z","level":"warning","event":"The `airflow.operators.trigger_dagrun.TriggerDagRunOperator` attribute is deprecated. Please use `'airflow.providers.standard.operators.trigger_dagrun.TriggerDagRunOperator'`.","category":"DeprecatedImportWarning","filename":"/opt/airflow/dags/master_pipeline.py","lineno":34,"logger":"py.warnings"}
{"timestamp":"2026-02-13T09:12:06.564139Z","level":"warning","event":"The `airflow.operators.python.PythonOperator` attribute is deprecated. Please use `'airflow.providers.standard.operators.python.PythonOperator'`.","category":"DeprecatedImportWarning","filename":"/opt/airflow/dags/master_pipeline.py","lineno":35,"logger":"py.warnings"}
{"timestamp":"2026-02-13T09:12:06.851674Z","level":"info","event":"Triggering Dag Run.","trigger_dag_id":"api_pitstops_bronze_to_silver","logger":"task","filename":"task_runner.py","lineno":1146}
{"timestamp":"2026-02-13T09:12:06.879840Z","level":"info","event":"Dag Run triggered successfully.","trigger_dag_id":"api_pitstops_bronze_to_silver","logger":"task","filename":"task_runner.py","lineno":1180}
{"timestamp":"2026-02-13T09:12:06.903236Z","level":"info","event":"Waiting for dag run to complete execution in allowed state.","dag_id":"api_pitstops_bronze_to_silver","run_id":"manual__2026-02-13T09:12:06.625030+00:00","allowed_state":["success"],"logger":"task","filename":"task_runner.py","lineno":1207}
{"timestamp":"2026-02-13T09:12:36.910963Z","level":"info","event":"Waiting for dag run to complete execution in allowed state.","dag_id":"api_pitstops_bronze_to_silver","run_id":"manual__2026-02-13T09:12:06.625030+00:00","allowed_state":["success"],"logger":"task","filename":"task_runner.py","lineno":1207}
{"timestamp":"2026-02-13T09:13:06.916805Z","level":"info","event":"Waiting for dag run to complete execution in allowed state.","dag_id":"api_pitstops_bronze_to_silver","run_id":"manual__2026-02-13T09:12:06.625030+00:00","allowed_state":["success"],"logger":"task","filename":"task_runner.py","lineno":1207}
{"timestamp":"2026-02-13T09:13:36.922513Z","level":"info","event":"Waiting for dag run to complete execution in allowed state.","dag_id":"api_pitstops_bronze_to_silver","run_id":"manual__2026-02-13T09:12:06.625030+00:00","allowed_state":["success"],"logger":"task","filename":"task_runner.py","lineno":1207}
{"timestamp":"2026-02-13T09:14:06.927650Z","level":"info","event":"Waiting for dag run to complete execution in allowed state.","dag_id":"api_pitstops_bronze_to_silver","run_id":"manual__2026-02-13T09:12:06.625030+00:00","allowed_state":["success"],"logger":"task","filename":"task_runner.py","lineno":1207}
{"timestamp":"2026-02-13T09:14:36.935682Z","level":"info","event":"Waiting for dag run to complete execution in allowed state.","dag_id":"api_pitstops_bronze_to_silver","run_id":"manual__2026-02-13T09:12:06.625030+00:00","allowed_state":["success"],"logger":"task","filename":"task_runner.py","lineno":1207}
{"timestamp":"2026-02-13T09:15:06.940435Z","level":"info","event":"Waiting for dag run to complete execution in allowed state.","dag_id":"api_pitstops_bronze_to_silver","run_id":"manual__2026-02-13T09:12:06.625030+00:00","allowed_state":["success"],"logger":"task","filename":"task_runner.py","lineno":1207}
{"timestamp":"2026-02-13T09:15:36.955362Z","level":"info","event":"Waiting for dag run to complete execution in allowed state.","dag_id":"api_pitstops_bronze_to_silver","run_id":"manual__2026-02-13T09:12:06.625030+00:00","allowed_state":["success"],"logger":"task","filename":"task_runner.py","lineno":1207}
{"timestamp":"2026-02-13T09:16:06.960556Z","level":"info","event":"Waiting for dag run to complete execution in allowed state.","dag_id":"api_pitstops_bronze_to_silver","run_id":"manual__2026-02-13T09:12:06.625030+00:00","allowed_state":["success"],"logger":"task","filename":"task_runner.py","lineno":1207}
{"timestamp":"2026-02-13T09:16:36.965068Z","level":"info","event":"Waiting for dag run to complete execution in allowed state.","dag_id":"api_pitstops_bronze_to_silver","run_id":"manual__2026-02-13T09:12:06.625030+00:00","allowed_state":["success"],"logger":"task","filename":"task_runner.py","lineno":1207}
{"timestamp":"2026-02-13T09:17:06.971029Z","level":"info","event":"Waiting for dag run to complete execution in allowed state.","dag_id":"api_pitstops_bronze_to_silver","run_id":"manual__2026-02-13T09:12:06.625030+00:00","allowed_state":["success"],"logger":"task","filename":"task_runner.py","lineno":1207}
{"timestamp":"2026-02-13T09:17:36.975886Z","level":"info","event":"Waiting for dag run to complete execution in allowed state.","dag_id":"api_pitstops_bronze_to_silver","run_id":"manual__2026-02-13T09:12:06.625030+00:00","allowed_state":["success"],"logger":"task","filename":"task_runner.py","lineno":1207}
{"timestamp":"2026-02-13T09:18:06.981580Z","level":"info","event":"Waiting for dag run to complete execution in allowed state.","dag_id":"api_pitstops_bronze_to_silver","run_id":"manual__2026-02-13T09:12:06.625030+00:00","allowed_state":["success"],"logger":"task","filename":"task_runner.py","lineno":1207}
{"timestamp":"2026-02-13T09:18:36.982618Z","level":"info","event":"Waiting for dag run to complete execution in allowed state.","dag_id":"api_pitstops_bronze_to_silver","run_id":"manual__2026-02-13T09:12:06.625030+00:00","allowed_state":["success"],"logger":"task","filename":"task_runner.py","lineno":1207}
{"timestamp":"2026-02-13T09:19:06.987159Z","level":"info","event":"Waiting for dag run to complete execution in allowed state.","dag_id":"api_pitstops_bronze_to_silver","run_id":"manual__2026-02-13T09:12:06.625030+00:00","allowed_state":["success"],"logger":"task","filename":"task_runner.py","lineno":1207}
{"timestamp":"2026-02-13T09:19:36.995549Z","level":"info","event":"Waiting for dag run to complete execution in allowed state.","dag_id":"api_pitstops_bronze_to_silver","run_id":"manual__2026-02-13T09:12:06.625030+00:00","allowed_state":["success"],"logger":"task","filename":"task_runner.py","lineno":1207}
{"timestamp":"2026-02-13T09:20:07.013881Z","level":"info","event":"Waiting for dag run to complete execution in allowed state.","dag_id":"api_pitstops_bronze_to_silver","run_id":"manual__2026-02-13T09:12:06.625030+00:00","allowed_state":["success"],"logger":"task","filename":"task_runner.py","lineno":1207}
{"timestamp":"2026-02-13T09:20:37.019189Z","level":"info","event":"Waiting for dag run to complete execution in allowed state.","dag_id":"api_pitstops_bronze_to_silver","run_id":"manual__2026-02-13T09:12:06.625030+00:00","allowed_state":["success"],"logger":"task","filename":"task_runner.py","lineno":1207}
{"timestamp":"2026-02-13T09:21:07.035111Z","level":"info","event":"Waiting for dag run to complete execution in allowed state.","dag_id":"api_pitstops_bronze_to_silver","run_id":"manual__2026-02-13T09:12:06.625030+00:00","allowed_state":["success"],"logger":"task","filename":"task_runner.py","lineno":1207}
{"timestamp":"2026-02-13T09:21:37.040512Z","level":"info","event":"Waiting for dag run to complete execution in allowed state.","dag_id":"api_pitstops_bronze_to_silver","run_id":"manual__2026-02-13T09:12:06.625030+00:00","allowed_state":["success"],"logger":"task","filename":"task_runner.py","lineno":1207}
{"timestamp":"2026-02-13T09:22:07.046399Z","level":"info","event":"Waiting for dag run to complete execution in allowed state.","dag_id":"api_pitstops_bronze_to_silver","run_id":"manual__2026-02-13T09:12:06.625030+00:00","allowed_state":["success"],"logger":"task","filename":"task_runner.py","lineno":1207}
{"timestamp":"2026-02-13T09:22:37.053150Z","level":"info","event":"Waiting for dag run to complete execution in allowed state.","dag_id":"api_pitstops_bronze_to_silver","run_id":"manual__2026-02-13T09:12:06.625030+00:00","allowed_state":["success"],"logger":"task","filename":"task_runner.py","lineno":1207}
{"timestamp":"2026-02-13T09:23:07.059795Z","level":"info","event":"Waiting for dag run to complete execution in allowed state.","dag_id":"api_pitstops_bronze_to_silver","run_id":"manual__2026-02-13T09:12:06.625030+00:00","allowed_state":["success"],"logger":"task","filename":"task_runner.py","lineno":1207}
{"timestamp":"2026-02-13T09:23:37.065561Z","level":"info","event":"Waiting for dag run to complete execution in allowed state.","dag_id":"api_pitstops_bronze_to_silver","run_id":"manual__2026-02-13T09:12:06.625030+00:00","allowed_state":["success"],"logger":"task","filename":"task_runner.py","lineno":1207}
{"timestamp":"2026-02-13T09:24:07.071535Z","level":"info","event":"Waiting for dag run to complete execution in allowed state.","dag_id":"api_pitstops_bronze_to_silver","run_id":"manual__2026-02-13T09:12:06.625030+00:00","allowed_state":["success"],"logger":"task","filename":"task_runner.py","lineno":1207}
{"timestamp":"2026-02-13T09:24:37.074551Z","level":"info","event":"Waiting for dag run to complete execution in allowed state.","dag_id":"api_pitstops_bronze_to_silver","run_id":"manual__2026-02-13T09:12:06.625030+00:00","allowed_state":["success"],"logger":"task","filename":"task_runner.py","lineno":1207}
{"timestamp":"2026-02-13T09:25:07.082285Z","level":"info","event":"Waiting for dag run to complete execution in allowed state.","dag_id":"api_pitstops_bronze_to_silver","run_id":"manual__2026-02-13T09:12:06.625030+00:00","allowed_state":["success"],"logger":"task","filename":"task_runner.py","lineno":1207}
{"timestamp":"2026-02-13T09:25:37.089561Z","level":"info","event":"Waiting for dag run to complete execution in allowed state.","dag_id":"api_pitstops_bronze_to_silver","run_id":"manual__2026-02-13T09:12:06.625030+00:00","allowed_state":["success"],"logger":"task","filename":"task_runner.py","lineno":1207}
{"timestamp":"2026-02-13T09:26:07.094985Z","level":"info","event":"Waiting for dag run to complete execution in allowed state.","dag_id":"api_pitstops_bronze_to_silver","run_id":"manual__2026-02-13T09:12:06.625030+00:00","allowed_state":["success"],"logger":"task","filename":"task_runner.py","lineno":1207}
{"timestamp":"2026-02-13T09:26:37.101097Z","level":"info","event":"Waiting for dag run to complete execution in allowed state.","dag_id":"api_pitstops_bronze_to_silver","run_id":"manual__2026-02-13T09:12:06.625030+00:00","allowed_state":["success"],"logger":"task","filename":"task_runner.py","lineno":1207}
{"timestamp":"2026-02-13T09:27:07.101723Z","level":"info","event":"Waiting for dag run to complete execution in allowed state.","dag_id":"api_pitstops_bronze_to_silver","run_id":"manual__2026-02-13T09:12:06.625030+00:00","allowed_state":["success"],"logger":"task","filename":"task_runner.py","lineno":1207}
{"timestamp":"2026-02-13T09:27:37.110099Z","level":"info","event":"Waiting for dag run to complete execution in allowed state.","dag_id":"api_pitstops_bronze_to_silver","run_id":"manual__2026-02-13T09:12:06.625030+00:00","allowed_state":["success"],"logger":"task","filename":"task_runner.py","lineno":1207}
{"timestamp":"2026-02-13T09:28:07.116785Z","level":"error","event":"DagRun finished with failed state.","dag_id":"api_pitstops_bronze_to_silver","state":"failed","logger":"task","filename":"task_runner.py","lineno":1221}
