{"timestamp":"2026-02-13T09:51:29.026814Z","level":"info","event":"DAG bundles loaded: dags-folder","logger":"airflow.dag_processing.bundles.manager.DagBundlesManager","filename":"manager.py","lineno":179}
{"timestamp":"2026-02-13T09:51:29.031846Z","level":"info","event":"Filling up the DagBag from /opt/airflow/dags/api_etl/api_pitstops_bronze_to_silver.py","logger":"airflow.models.dagbag.DagBag","filename":"dagbag.py","lineno":593}
{"timestamp":"2026-02-13T09:51:29.428456Z","level":"info","event":"======================================================================","logger":"task.stdout"}
{"timestamp":"2026-02-13T09:51:29.428986Z","level":"info","event":"F1 PIT STOPS BACKFILL: ERGAST API -> SILVER","logger":"task.stdout"}
{"timestamp":"2026-02-13T09:51:29.429270Z","level":"info","event":"======================================================================","logger":"task.stdout"}
{"timestamp":"2026-02-13T09:51:29.429625Z","level":"info","event":"","logger":"task.stdout"}
{"timestamp":"2026-02-13T09:51:29.429923Z","level":"info","event":"[STEP 1] Scraping API...","logger":"task.stdout"}
{"timestamp":"2026-02-13T09:51:29.430172Z","level":"info","event":"","logger":"task.stdout"}
{"timestamp":"2026-02-13T09:51:29.430443Z","level":"info","event":"======================================================================","logger":"task.stdout"}
{"timestamp":"2026-02-13T09:51:29.430696Z","level":"info","event":"SCRAPING PIT STOPS FROM ERGAST API: 2024-2024","logger":"task.stdout"}
{"timestamp":"2026-02-13T09:51:29.430898Z","level":"info","event":"======================================================================","logger":"task.stdout"}
{"timestamp":"2026-02-13T09:51:29.431088Z","level":"info","event":"","logger":"task.stdout"}
{"timestamp":"2026-02-13T09:51:29.431293Z","level":"info","event":"","logger":"task.stdout"}
{"timestamp":"2026-02-13T09:51:29.431481Z","level":"info","event":"======================================================================","logger":"task.stdout"}
{"timestamp":"2026-02-13T09:51:29.431678Z","level":"info","event":"SCRAPING PIT STOPS FOR 2024","logger":"task.stdout"}
{"timestamp":"2026-02-13T09:51:29.431862Z","level":"info","event":"======================================================================","logger":"task.stdout"}
{"timestamp":"2026-02-13T09:51:29.432045Z","level":"info","event":"","logger":"task.stdout"}
{"timestamp":"2026-02-13T09:51:29.432229Z","level":"info","event":"Fetching pit stops for 2024 Round 1...","logger":"task.stdout"}
{"timestamp":"2026-02-13T09:51:35.172066Z","level":"info","event":"  43 pit stops found","logger":"task.stdout"}
{"timestamp":"2026-02-13T09:51:35.180164Z","level":"info","event":"Fetching pit stops for 2024 Round 2...","logger":"task.stdout"}
{"timestamp":"2026-02-13T09:51:39.632585Z","level":"info","event":"  19 pit stops found","logger":"task.stdout"}
{"timestamp":"2026-02-13T09:51:39.632961Z","level":"info","event":"Fetching pit stops for 2024 Round 3...","logger":"task.stdout"}
{"timestamp":"2026-02-13T09:51:44.994603Z","level":"info","event":"  36 pit stops found","logger":"task.stdout"}
{"timestamp":"2026-02-13T09:51:44.994951Z","level":"info","event":"Fetching pit stops for 2024 Round 4...","logger":"task.stdout"}
{"timestamp":"2026-02-13T09:51:49.411073Z","level":"info","event":"  54 pit stops found","logger":"task.stdout"}
{"timestamp":"2026-02-13T09:51:49.411628Z","level":"info","event":"Fetching pit stops for 2024 Round 5...","logger":"task.stdout"}
{"timestamp":"2026-02-13T09:51:56.029526Z","level":"info","event":"  40 pit stops found","logger":"task.stdout"}
{"timestamp":"2026-02-13T09:51:56.030159Z","level":"info","event":"Fetching pit stops for 2024 Round 6...","logger":"task.stdout"}
{"timestamp":"2026-02-13T09:52:01.049358Z","level":"info","event":"  28 pit stops found","logger":"task.stdout"}
{"timestamp":"2026-02-13T09:52:01.049850Z","level":"info","event":"Fetching pit stops for 2024 Round 7...","logger":"task.stdout"}
{"timestamp":"2026-02-13T09:52:05.381892Z","level":"info","event":"  27 pit stops found","logger":"task.stdout"}
{"timestamp":"2026-02-13T09:52:05.382423Z","level":"info","event":"Fetching pit stops for 2024 Round 8...","logger":"task.stdout"}
{"timestamp":"2026-02-13T09:52:09.299506Z","level":"info","event":"  23 pit stops found","logger":"task.stdout"}
{"timestamp":"2026-02-13T09:52:09.300167Z","level":"info","event":"Fetching pit stops for 2024 Round 9...","logger":"task.stdout"}
{"timestamp":"2026-02-13T09:52:13.421882Z","level":"info","event":"  42 pit stops found","logger":"task.stdout"}
{"timestamp":"2026-02-13T09:52:13.423479Z","level":"info","event":"Fetching pit stops for 2024 Round 10...","logger":"task.stdout"}
{"timestamp":"2026-02-13T09:52:19.310317Z","level":"info","event":"  42 pit stops found","logger":"task.stdout"}
{"timestamp":"2026-02-13T09:52:19.310981Z","level":"info","event":"Fetching pit stops for 2024 Round 11...","logger":"task.stdout"}
{"timestamp":"2026-02-13T09:52:23.391612Z","level":"info","event":"  45 pit stops found","logger":"task.stdout"}
{"timestamp":"2026-02-13T09:52:23.392000Z","level":"info","event":"Fetching pit stops for 2024 Round 12...","logger":"task.stdout"}
{"timestamp":"2026-02-13T09:52:29.721514Z","level":"info","event":"  45 pit stops found","logger":"task.stdout"}
{"timestamp":"2026-02-13T09:52:29.722155Z","level":"info","event":"Fetching pit stops for 2024 Round 13...","logger":"task.stdout"}
{"timestamp":"2026-02-13T09:52:33.689006Z","level":"info","event":"  40 pit stops found","logger":"task.stdout"}
{"timestamp":"2026-02-13T09:52:33.689414Z","level":"info","event":"Fetching pit stops for 2024 Round 14...","logger":"task.stdout"}
{"timestamp":"2026-02-13T09:52:40.035487Z","level":"info","event":"  34 pit stops found","logger":"task.stdout"}
{"timestamp":"2026-02-13T09:52:40.036082Z","level":"info","event":"Fetching pit stops for 2024 Round 15...","logger":"task.stdout"}
{"timestamp":"2026-02-13T09:52:44.406702Z","level":"info","event":"  26 pit stops found","logger":"task.stdout"}
{"timestamp":"2026-02-13T09:52:44.407198Z","level":"info","event":"Fetching pit stops for 2024 Round 16...","logger":"task.stdout"}
{"timestamp":"2026-02-13T09:52:47.681262Z","level":"info","event":"  30 pit stops found","logger":"task.stdout"}
{"timestamp":"2026-02-13T09:52:47.681729Z","level":"info","event":"Fetching pit stops for 2024 Round 17...","logger":"task.stdout"}
{"timestamp":"2026-02-13T09:52:51.291335Z","level":"info","event":"  22 pit stops found","logger":"task.stdout"}
{"timestamp":"2026-02-13T09:52:51.291858Z","level":"info","event":"Fetching pit stops for 2024 Round 18...","logger":"task.stdout"}
{"timestamp":"2026-02-13T09:52:56.671407Z","level":"info","event":"  23 pit stops found","logger":"task.stdout"}
{"timestamp":"2026-02-13T09:52:56.672018Z","level":"info","event":"Fetching pit stops for 2024 Round 19...","logger":"task.stdout"}
{"timestamp":"2026-02-13T09:52:59.999607Z","level":"info","event":"  23 pit stops found","logger":"task.stdout"}
{"timestamp":"2026-02-13T09:53:00.001080Z","level":"info","event":"Fetching pit stops for 2024 Round 20...","logger":"task.stdout"}
{"timestamp":"2026-02-13T09:53:05.811538Z","level":"info","event":"  21 pit stops found","logger":"task.stdout"}
{"timestamp":"2026-02-13T09:53:05.811932Z","level":"info","event":"Fetching pit stops for 2024 Round 21...","logger":"task.stdout"}
{"timestamp":"2026-02-13T09:53:09.955581Z","level":"info","event":"  35 pit stops found","logger":"task.stdout"}
{"timestamp":"2026-02-13T09:53:09.957203Z","level":"info","event":"Fetching pit stops for 2024 Round 22...","logger":"task.stdout"}
{"timestamp":"2026-02-13T09:53:13.312633Z","level":"info","event":"  39 pit stops found","logger":"task.stdout"}
{"timestamp":"2026-02-13T09:53:13.313280Z","level":"info","event":"Fetching pit stops for 2024 Round 23...","logger":"task.stdout"}
{"timestamp":"2026-02-13T09:53:16.933096Z","level":"info","event":"  60 pit stops found","logger":"task.stdout"}
{"timestamp":"2026-02-13T09:53:16.933700Z","level":"info","event":"Fetching pit stops for 2024 Round 24...","logger":"task.stdout"}
{"timestamp":"2026-02-13T09:53:20.638545Z","level":"info","event":"  28 pit stops found","logger":"task.stdout"}
{"timestamp":"2026-02-13T09:53:20.638989Z","level":"info","event":"Fetching pit stops for 2024 Round 25...","logger":"task.stdout"}
{"timestamp":"2026-02-13T09:53:25.709744Z","level":"info","event":"  No data for 2024 Round 25","logger":"task.stdout"}
{"timestamp":"2026-02-13T09:53:25.710290Z","level":"info","event":"","logger":"task.stdout"}
{"timestamp":"2026-02-13T09:53:25.710677Z","level":"info","event":"Total pit stops for 2024: 825","logger":"task.stdout"}
{"timestamp":"2026-02-13T09:53:25.711315Z","level":"info","event":"","logger":"task.stdout"}
{"timestamp":"2026-02-13T09:53:25.711697Z","level":"info","event":"======================================================================","logger":"task.stdout"}
{"timestamp":"2026-02-13T09:53:25.712019Z","level":"info","event":"SCRAPING COMPLETE","logger":"task.stdout"}
{"timestamp":"2026-02-13T09:53:25.712337Z","level":"info","event":"Total pit stops: 825","logger":"task.stdout"}
{"timestamp":"2026-02-13T09:53:25.712695Z","level":"info","event":"Years covered: 2024-2024","logger":"task.stdout"}
{"timestamp":"2026-02-13T09:53:25.713044Z","level":"info","event":"======================================================================","logger":"task.stdout"}
{"timestamp":"2026-02-13T09:53:25.713361Z","level":"info","event":"","logger":"task.stdout"}
{"timestamp":"2026-02-13T09:53:25.713737Z","level":"info","event":"API scraping complete: 825 pit stop records","logger":"task.stdout"}
{"timestamp":"2026-02-13T09:53:25.714088Z","level":"info","event":"","logger":"task.stdout"}
{"timestamp":"2026-02-13T09:53:25.714393Z","level":"info","event":"[STEP 2] Transforming to Silver schema...","logger":"task.stdout"}
{"timestamp":"2026-02-13T09:53:25.714699Z","level":"info","event":"Transforming API data to Silver schema...","logger":"task.stdout"}
{"timestamp":"2026-02-13T09:53:25.717019Z","level":"info","event":"Transformed 825 pit stops to Silver schema","logger":"task.stdout"}
{"timestamp":"2026-02-13T09:53:25.717318Z","level":"info","event":"Source: api","logger":"task.stdout"}
{"timestamp":"2026-02-13T09:53:25.717621Z","level":"info","event":"Transformation complete: 825 pit stops","logger":"task.stdout"}
{"timestamp":"2026-02-13T09:53:25.718001Z","level":"info","event":"","logger":"task.stdout"}
{"timestamp":"2026-02-13T09:53:25.718553Z","level":"info","event":"[STEP 3] Loading dimensions for FK resolution...","logger":"task.stdout"}
{"timestamp":"2026-02-13T09:53:25.744525Z","level":"info","event":" Downloaded dimensions/dim_driver/dim_driver.parquet (70 rows)","logger":"task.stdout"}
{"timestamp":"2026-02-13T09:53:25.750202Z","level":"info","event":" Downloaded dimensions/dim_race/dim_race.parquet (256 rows)","logger":"task.stdout"}
{"timestamp":"2026-02-13T09:53:25.756275Z","level":"info","event":" Downloaded dimensions/dim_time/dim_time.parquet (6940 rows)","logger":"task.stdout"}
{"timestamp":"2026-02-13T09:53:25.761776Z","level":"info","event":"Loaded dimensions:","logger":"task.stdout"}
{"timestamp":"2026-02-13T09:53:25.762198Z","level":"info","event":"  - dim_driver: 70 drivers","logger":"task.stdout"}
{"timestamp":"2026-02-13T09:53:25.762484Z","level":"info","event":"  - dim_race: 256 races","logger":"task.stdout"}
{"timestamp":"2026-02-13T09:53:25.762892Z","level":"info","event":"  - dim_time: 6,940 dates","logger":"task.stdout"}
{"timestamp":"2026-02-13T09:53:25.763175Z","level":"info","event":"","logger":"task.stdout"}
{"timestamp":"2026-02-13T09:53:25.763584Z","level":"info","event":"[STEP 4] Resolving foreign keys...","logger":"task.stdout"}
{"timestamp":"2026-02-13T09:53:25.768255Z","level":"info","event":"Created lookup dictionaries:","logger":"task.stdout"}
{"timestamp":"2026-02-13T09:53:25.768664Z","level":"info","event":"  - driver_ref -> driver_key: 70 entries","logger":"task.stdout"}
{"timestamp":"2026-02-13T09:53:25.769031Z","level":"info","event":"  - race_year+race_round -> race_key: 256 entries","logger":"task.stdout"}
{"timestamp":"2026-02-13T09:53:25.769390Z","level":"info","event":"  - race_date -> time_key: 6940 entries","logger":"task.stdout"}
{"timestamp":"2026-02-13T09:53:25.786215Z","level":"info","event":"All FKs resolved successfully","logger":"task.stdout"}
{"timestamp":"2026-02-13T09:53:25.786774Z","level":"info","event":"","logger":"task.stdout"}
{"timestamp":"2026-02-13T09:53:25.787268Z","level":"info","event":"[STEP 5] Loading existing Silver data...","logger":"task.stdout"}
{"timestamp":"2026-02-13T09:53:25.791581Z","level":"info","event":" Downloaded facts/fact_pitstops/year=2024/data.parquet (825 rows)","logger":"task.stdout"}
{"timestamp":"2026-02-13T09:53:25.792122Z","level":"info","event":"Loaded 825 existing pit stops from Silver","logger":"task.stdout"}
{"timestamp":"2026-02-13T09:53:25.792549Z","level":"info","event":"Existing sources: {'api': 825}","logger":"task.stdout"}
{"timestamp":"2026-02-13T09:53:25.792898Z","level":"info","event":"","logger":"task.stdout"}
{"timestamp":"2026-02-13T09:53:25.793257Z","level":"info","event":"[STEP 6] Merging API data with existing Silver...","logger":"task.stdout"}
{"timestamp":"2026-02-13T09:53:25.793845Z","level":"info","event":"","logger":"task.stdout"}
{"timestamp":"2026-02-13T09:53:25.794245Z","level":"info","event":"  Merge Configuration:","logger":"task.stdout"}
{"timestamp":"2026-02-13T09:53:25.794627Z","level":"info","event":"Existing pit stops: 825","logger":"task.stdout"}
{"timestamp":"2026-02-13T09:53:25.794997Z","level":"info","event":"New API pit stops: 825","logger":"task.stdout"}
{"timestamp":"2026-02-13T09:53:25.795349Z","level":"info","event":"Merge key: race_year + race_round + driver_ref + stop_number","logger":"task.stdout"}
{"timestamp":"2026-02-13T09:53:25.795704Z","level":"info","event":"CSV priority: YES (skip API for CSV pit stops)","logger":"task.stdout"}
{"timestamp":"2026-02-13T09:53:25.796092Z","level":"info","event":"","logger":"task.stdout"}
{"timestamp":"2026-02-13T09:53:25.796453Z","level":"info","event":"  Processing 825 API pit stops:","logger":"task.stdout"}
{"timestamp":"2026-02-13T09:53:25.796740Z","level":"info","event":"","logger":"task.stdout"}
{"timestamp":"2026-02-13T09:53:25.792638Z","level":"error","event":"Task failed with exception","logger":"task","filename":"task_runner.py","lineno":1078,"error_detail":[{"exc_type":"KeyError","exc_value":"'race_year'","exc_notes":[],"syntax_error":null,"is_cause":false,"frames":[{"filename":"/home/airflow/.local/lib/python3.12/site-packages/airflow/sdk/execution_time/task_runner.py","lineno":1004,"name":"run"},{"filename":"/home/airflow/.local/lib/python3.12/site-packages/airflow/sdk/execution_time/task_runner.py","lineno":1400,"name":"_execute_task"},{"filename":"/home/airflow/.local/lib/python3.12/site-packages/airflow/sdk/bases/operator.py","lineno":417,"name":"wrapper"},{"filename":"/home/airflow/.local/lib/python3.12/site-packages/airflow/providers/standard/operators/python.py","lineno":214,"name":"execute"},{"filename":"/home/airflow/.local/lib/python3.12/site-packages/airflow/providers/standard/operators/python.py","lineno":237,"name":"execute_callable"},{"filename":"/home/airflow/.local/lib/python3.12/site-packages/airflow/sdk/execution_time/callback_runner.py","lineno":82,"name":"run"},{"filename":"/opt/airflow/dags/api_etl/api_pitstops_bronze_to_silver.py","lineno":322,"name":"backfill_fact_pitstops"},{"filename":"/opt/airflow/dags/api_etl/api_pitstops_bronze_to_silver.py","lineno":116,"name":"merge_pitstops"},{"filename":"/home/airflow/.local/lib/python3.12/site-packages/pandas/core/frame.py","lineno":3893,"name":"__getitem__"},{"filename":"/home/airflow/.local/lib/python3.12/site-packages/pandas/core/indexes/base.py","lineno":3798,"name":"get_loc"}],"is_group":false,"exceptions":[]},{"exc_type":"KeyError","exc_value":"'race_year'","exc_notes":[],"syntax_error":null,"is_cause":true,"frames":[{"filename":"/home/airflow/.local/lib/python3.12/site-packages/pandas/core/indexes/base.py","lineno":3791,"name":"get_loc"},{"filename":"/opt/airflow/index.pyx","lineno":152,"name":"pandas._libs.index.IndexEngine.get_loc"},{"filename":"/opt/airflow/index.pyx","lineno":181,"name":"pandas._libs.index.IndexEngine.get_loc"},{"filename":"/opt/airflow/pandas/_libs/hashtable_class_helper.pxi","lineno":7080,"name":"pandas._libs.hashtable.PyObjectHashTable.get_item"},{"filename":"/opt/airflow/pandas/_libs/hashtable_class_helper.pxi","lineno":7088,"name":"pandas._libs.hashtable.PyObjectHashTable.get_item"}],"is_group":false,"exceptions":[]}]}
