{"timestamp":"2026-02-26T19:35:07.428554Z","level":"info","event":"DAG bundles loaded: dags-folder","logger":"airflow.dag_processing.bundles.manager.DagBundlesManager","filename":"manager.py","lineno":179}
{"timestamp":"2026-02-26T19:35:07.457354Z","level":"info","event":"Filling up the DagBag from /opt/airflow/dags/csv_bronze_to_silver.py","logger":"airflow.models.dagbag.DagBag","filename":"dagbag.py","lineno":593}
{"timestamp":"2026-02-26T19:35:18.360864Z","level":"info","event":"TRANSFORM: fact_laps → Silver (Parquet with surrogate key)","logger":"task.stdout"}
{"timestamp":"2026-02-26T19:36:27.433635Z","level":"info","event":" Downloaded raw_data/f1_data.parquet (518417 rows)","logger":"task.stdout"}
{"timestamp":"2026-02-26T19:36:27.469269Z","level":"info","event":" Downloaded dimensions/dim_driver/dim_driver.parquet (65 rows)","logger":"task.stdout"}
{"timestamp":"2026-02-26T19:36:27.478296Z","level":"info","event":" Downloaded dimensions/dim_constructor/dim_constructor.parquet (20 rows)","logger":"task.stdout"}
{"timestamp":"2026-02-26T19:36:27.481424Z","level":"info","event":" Downloaded dimensions/dim_race/dim_race.parquet (232 rows)","logger":"task.stdout"}
{"timestamp":"2026-02-26T19:36:27.482625Z","level":"info","event":" Downloaded dimensions/dim_time/dim_time.parquet (6940 rows)","logger":"task.stdout"}
{"timestamp":"2026-02-26T19:36:29.220660Z","level":"info","event":"Transformed 256836 laps with surrogate keys","logger":"task.stdout"}
{"timestamp":"2026-02-26T19:36:30.355929Z","level":"info","event":"Uploaded facts/fact_laps/year=2012/data.parquet (25184 rows)","logger":"task.stdout"}
{"timestamp":"2026-02-26T19:36:30.363847Z","level":"info","event":"Year 2012: 25184 rows","logger":"task.stdout"}
{"timestamp":"2026-02-26T19:36:32.363686Z","level":"info","event":"Uploaded facts/fact_laps/year=2013/data.parquet (22707 rows)","logger":"task.stdout"}
{"timestamp":"2026-02-26T19:36:32.404671Z","level":"info","event":"Year 2013: 22707 rows","logger":"task.stdout"}
{"timestamp":"2026-02-26T19:36:33.008836Z","level":"info","event":"Uploaded facts/fact_laps/year=2014/data.parquet (20874 rows)","logger":"task.stdout"}
{"timestamp":"2026-02-26T19:36:33.011110Z","level":"info","event":"Year 2014: 20874 rows","logger":"task.stdout"}
{"timestamp":"2026-02-26T19:36:33.907824Z","level":"info","event":"Uploaded facts/fact_laps/year=2015/data.parquet (19785 rows)","logger":"task.stdout"}
{"timestamp":"2026-02-26T19:36:33.925290Z","level":"info","event":"Year 2015: 19785 rows","logger":"task.stdout"}
{"timestamp":"2026-02-26T19:36:34.703810Z","level":"info","event":"Uploaded facts/fact_laps/year=2016/data.parquet (24366 rows)","logger":"task.stdout"}
{"timestamp":"2026-02-26T19:36:34.723755Z","level":"info","event":"Year 2016: 24366 rows","logger":"task.stdout"}
{"timestamp":"2026-02-26T19:36:35.279224Z","level":"info","event":"Uploaded facts/fact_laps/year=2017/data.parquet (20016 rows)","logger":"task.stdout"}
{"timestamp":"2026-02-26T19:36:35.282080Z","level":"info","event":"Year 2017: 20016 rows","logger":"task.stdout"}
{"timestamp":"2026-02-26T19:36:36.114047Z","level":"info","event":"Uploaded facts/fact_laps/year=2018/data.parquet (21935 rows)","logger":"task.stdout"}
{"timestamp":"2026-02-26T19:36:36.158807Z","level":"info","event":"Year 2018: 21935 rows","logger":"task.stdout"}
{"timestamp":"2026-02-26T19:36:36.563222Z","level":"info","event":"Uploaded facts/fact_laps/year=2019/data.parquet (23429 rows)","logger":"task.stdout"}
{"timestamp":"2026-02-26T19:36:36.578442Z","level":"info","event":"Year 2019: 23429 rows","logger":"task.stdout"}
{"timestamp":"2026-02-26T19:36:37.027880Z","level":"info","event":"Uploaded facts/fact_laps/year=2020/data.parquet (18207 rows)","logger":"task.stdout"}
{"timestamp":"2026-02-26T19:36:37.030057Z","level":"info","event":"Year 2020: 18207 rows","logger":"task.stdout"}
{"timestamp":"2026-02-26T19:36:37.707797Z","level":"info","event":"Uploaded facts/fact_laps/year=2021/data.parquet (23505 rows)","logger":"task.stdout"}
{"timestamp":"2026-02-26T19:36:37.708898Z","level":"info","event":"Year 2021: 23505 rows","logger":"task.stdout"}
{"timestamp":"2026-02-26T19:36:38.259841Z","level":"info","event":"Uploaded facts/fact_laps/year=2022/data.parquet (23284 rows)","logger":"task.stdout"}
{"timestamp":"2026-02-26T19:36:38.261185Z","level":"info","event":"Year 2022: 23284 rows","logger":"task.stdout"}
{"timestamp":"2026-02-26T19:36:38.656881Z","level":"info","event":"Uploaded facts/fact_laps/year=2023/data.parquet (13544 rows)","logger":"task.stdout"}
{"timestamp":"2026-02-26T19:36:38.658598Z","level":"info","event":"Year 2023: 13544 rows","logger":"task.stdout"}
{"timestamp":"2026-02-26T19:36:40.821960Z","level":"info","event":"Done. Returned value was: 256836","logger":"airflow.task.operators.airflow.providers.standard.operators.python.PythonOperator","filename":"python.py","lineno":216}
{"timestamp":"2026-02-26T19:36:40.834035Z","level":"info","event":"Pushing xcom","ti":"RuntimeTaskInstance(id=UUID('019c9b6d-2d97-7d27-8095-3c6e51696a58'), task_id='transform_fact_laps', dag_id='csv_bronze_to_silver', run_id='manual__2026-02-26T19:29:07.788352+00:00', try_number=1, dag_version_id=UUID('019c68fd-bf24-7638-89fd-876fc50b9d5b'), map_index=-1, hostname='fe5351013118', context_carrier={}, task=<Task(PythonOperator): transform_fact_laps>, bundle_instance=LocalDagBundle(name=dags-folder), max_tries=1, start_date=datetime.datetime(2026, 2, 26, 19, 35, 6, 447712, tzinfo=datetime.timezone.utc), end_date=None, state=<TaskInstanceState.RUNNING: 'running'>, is_mapped=False, rendered_map_index=None)","logger":"task","filename":"task_runner.py","lineno":1450}
