{"timestamp":"2026-02-18T12:15:17.414925Z","level":"info","event":"DAG bundles loaded: dags-folder","logger":"airflow.dag_processing.bundles.manager.DagBundlesManager","filename":"manager.py","lineno":179}
{"timestamp":"2026-02-18T12:15:17.419169Z","level":"info","event":"Filling up the DagBag from /opt/airflow/dags/csv_bronze_to_silver.py","logger":"airflow.models.dagbag.DagBag","filename":"dagbag.py","lineno":593}
{"timestamp":"2026-02-18T12:15:19.906047Z","level":"info","event":"TRANSFORM: fact_pitstops → Silver (Parquet with surrogate key)","logger":"task.stdout"}
{"timestamp":"2026-02-18T12:15:20.755281Z","level":"info","event":" Downloaded raw_data/f1_data.parquet (518417 rows)","logger":"task.stdout"}
{"timestamp":"2026-02-18T12:15:20.770738Z","level":"info","event":" Downloaded dimensions/dim_driver/dim_driver.parquet (65 rows)","logger":"task.stdout"}
{"timestamp":"2026-02-18T12:15:20.781145Z","level":"info","event":" Downloaded dimensions/dim_constructor/dim_constructor.parquet (20 rows)","logger":"task.stdout"}
{"timestamp":"2026-02-18T12:15:20.790047Z","level":"info","event":" Downloaded dimensions/dim_race/dim_race.parquet (232 rows)","logger":"task.stdout"}
{"timestamp":"2026-02-18T12:15:20.805541Z","level":"info","event":" Downloaded dimensions/dim_time/dim_time.parquet (6940 rows)","logger":"task.stdout"}
{"timestamp":"2026-02-18T12:15:21.278222Z","level":"info","event":"Generated 8975 pitstops with surrogate keys","logger":"task.stdout"}
{"timestamp":"2026-02-18T12:15:21.297531Z","level":"info","event":"Uploaded facts/fact_pitstops/year=2012/data.parquet (946 rows)","logger":"task.stdout"}
{"timestamp":"2026-02-18T12:15:21.297953Z","level":"info","event":"Year 2012: 946 rows","logger":"task.stdout"}
{"timestamp":"2026-02-18T12:15:21.311099Z","level":"info","event":"Uploaded facts/fact_pitstops/year=2013/data.parquet (951 rows)","logger":"task.stdout"}
{"timestamp":"2026-02-18T12:15:21.311504Z","level":"info","event":"Year 2013: 951 rows","logger":"task.stdout"}
{"timestamp":"2026-02-18T12:15:21.333070Z","level":"info","event":"Uploaded facts/fact_pitstops/year=2014/data.parquet (816 rows)","logger":"task.stdout"}
{"timestamp":"2026-02-18T12:15:21.333444Z","level":"info","event":"Year 2014: 816 rows","logger":"task.stdout"}
{"timestamp":"2026-02-18T12:15:21.346808Z","level":"info","event":"Uploaded facts/fact_pitstops/year=2015/data.parquet (741 rows)","logger":"task.stdout"}
{"timestamp":"2026-02-18T12:15:21.347295Z","level":"info","event":"Year 2015: 741 rows","logger":"task.stdout"}
{"timestamp":"2026-02-18T12:15:21.367815Z","level":"info","event":"Uploaded facts/fact_pitstops/year=2016/data.parquet (989 rows)","logger":"task.stdout"}
{"timestamp":"2026-02-18T12:15:21.369373Z","level":"info","event":"Year 2016: 989 rows","logger":"task.stdout"}
{"timestamp":"2026-02-18T12:15:21.390355Z","level":"info","event":"Uploaded facts/fact_pitstops/year=2017/data.parquet (694 rows)","logger":"task.stdout"}
{"timestamp":"2026-02-18T12:15:21.390793Z","level":"info","event":"Year 2017: 694 rows","logger":"task.stdout"}
{"timestamp":"2026-02-18T12:15:21.416984Z","level":"info","event":"Uploaded facts/fact_pitstops/year=2018/data.parquet (536 rows)","logger":"task.stdout"}
{"timestamp":"2026-02-18T12:15:21.419425Z","level":"info","event":"Year 2018: 536 rows","logger":"task.stdout"}
{"timestamp":"2026-02-18T12:15:21.420020Z","level":"info","event":"Uploaded facts/fact_pitstops/year=2019/data.parquet (650 rows)","logger":"task.stdout"}
{"timestamp":"2026-02-18T12:15:21.420384Z","level":"info","event":"Year 2019: 650 rows","logger":"task.stdout"}
{"timestamp":"2026-02-18T12:15:21.426704Z","level":"info","event":"Uploaded facts/fact_pitstops/year=2020/data.parquet (594 rows)","logger":"task.stdout"}
{"timestamp":"2026-02-18T12:15:21.427148Z","level":"info","event":"Year 2020: 594 rows","logger":"task.stdout"}
{"timestamp":"2026-02-18T12:15:21.438172Z","level":"info","event":"Uploaded facts/fact_pitstops/year=2021/data.parquet (798 rows)","logger":"task.stdout"}
{"timestamp":"2026-02-18T12:15:21.438600Z","level":"info","event":"Year 2021: 798 rows","logger":"task.stdout"}
{"timestamp":"2026-02-18T12:15:21.444588Z","level":"info","event":"Uploaded facts/fact_pitstops/year=2022/data.parquet (805 rows)","logger":"task.stdout"}
{"timestamp":"2026-02-18T12:15:21.444999Z","level":"info","event":"Year 2022: 805 rows","logger":"task.stdout"}
{"timestamp":"2026-02-18T12:15:21.452986Z","level":"info","event":"Uploaded facts/fact_pitstops/year=2023/data.parquet (455 rows)","logger":"task.stdout"}
{"timestamp":"2026-02-18T12:15:21.453635Z","level":"info","event":"Year 2023: 455 rows","logger":"task.stdout"}
{"timestamp":"2026-02-18T12:15:21.524502Z","level":"info","event":"Done. Returned value was: 8975","logger":"airflow.task.operators.airflow.providers.standard.operators.python.PythonOperator","filename":"python.py","lineno":216}
{"timestamp":"2026-02-18T12:15:21.524896Z","level":"info","event":"Pushing xcom","ti":"RuntimeTaskInstance(id=UUID('019c70ac-7599-7be8-9c25-088b31f5160a'), task_id='transform_fact_pitstops', dag_id='csv_bronze_to_silver', run_id='manual__2026-02-18T12:14:35+00:00', try_number=1, dag_version_id=UUID('019c6ff5-bd25-7820-9704-b1e246fc82fa'), map_index=-1, hostname='e4702b2ecf8f', context_carrier={}, task=<Task(PythonOperator): transform_fact_pitstops>, bundle_instance=LocalDagBundle(name=dags-folder), max_tries=1, start_date=datetime.datetime(2026, 2, 18, 12, 15, 17, 156813, tzinfo=datetime.timezone.utc), end_date=None, state=<TaskInstanceState.RUNNING: 'running'>, is_mapped=False, rendered_map_index=None)","logger":"task","filename":"task_runner.py","lineno":1450}
