{"timestamp":"2026-02-12T10:11:11.208032Z","level":"info","event":"DAG bundles loaded: dags-folder","logger":"airflow.dag_processing.bundles.manager.DagBundlesManager","filename":"manager.py","lineno":179}
{"timestamp":"2026-02-12T10:11:11.209998Z","level":"info","event":"Filling up the DagBag from /opt/airflow/dags/api_etl/api_drivers_bronze_to_silver.py","logger":"airflow.models.dagbag.DagBag","filename":"dagbag.py","lineno":593}
{"timestamp":"2026-02-12T10:11:11.650533Z","level":"info","event":"======================================================================","logger":"task.stdout"}
{"timestamp":"2026-02-12T10:11:11.651081Z","level":"info","event":"F1 DRIVER BACKFILL: ERGAST API → SILVER","logger":"task.stdout"}
{"timestamp":"2026-02-12T10:11:11.651348Z","level":"info","event":"======================================================================","logger":"task.stdout"}
{"timestamp":"2026-02-12T10:11:11.651646Z","level":"info","event":"","logger":"task.stdout"}
{"timestamp":"2026-02-12T10:11:11.651888Z","level":"info","event":"[STEP 1] Scraping API...","logger":"task.stdout"}
{"timestamp":"2026-02-12T10:11:11.652079Z","level":"info","event":"","logger":"task.stdout"}
{"timestamp":"2026-02-12T10:11:11.652265Z","level":"info","event":"======================================================================","logger":"task.stdout"}
{"timestamp":"2026-02-12T10:11:11.652453Z","level":"info","event":"SCRAPING DRIVERS FROM ERGAST API: 2024-2025","logger":"task.stdout"}
{"timestamp":"2026-02-12T10:11:11.652648Z","level":"info","event":"======================================================================","logger":"task.stdout"}
{"timestamp":"2026-02-12T10:11:11.652845Z","level":"info","event":"","logger":"task.stdout"}
{"timestamp":"2026-02-12T10:11:11.653038Z","level":"info","event":"Fetching drivers for 2024...","logger":"task.stdout"}
{"timestamp":"2026-02-12T10:11:33.942054Z","level":"info","event":"25 drivers found","logger":"task.stdout"}
{"timestamp":"2026-02-12T10:11:33.942623Z","level":"info","event":"Fetching drivers for 2025...","logger":"task.stdout"}
{"timestamp":"2026-02-12T10:11:56.414581Z","level":"info","event":"30 drivers found","logger":"task.stdout"}
{"timestamp":"2026-02-12T10:11:56.416902Z","level":"info","event":"","logger":"task.stdout"}
{"timestamp":"2026-02-12T10:11:56.417253Z","level":"info","event":"======================================================================","logger":"task.stdout"}
{"timestamp":"2026-02-12T10:11:56.417984Z","level":"info","event":"SCRAPING COMPLETE","logger":"task.stdout"}
{"timestamp":"2026-02-12T10:11:56.418365Z","level":"info","event":"Total records: 55","logger":"task.stdout"}
{"timestamp":"2026-02-12T10:11:56.419328Z","level":"info","event":"Unique drivers (by driverId): 36","logger":"task.stdout"}
{"timestamp":"2026-02-12T10:11:56.419591Z","level":"info","event":"Years covered: 2024-2025","logger":"task.stdout"}
{"timestamp":"2026-02-12T10:11:56.419912Z","level":"info","event":"======================================================================","logger":"task.stdout"}
{"timestamp":"2026-02-12T10:11:56.420154Z","level":"info","event":"","logger":"task.stdout"}
{"timestamp":"2026-02-12T10:11:56.420408Z","level":"info","event":"API scraping complete: 55 driver records","logger":"task.stdout"}
{"timestamp":"2026-02-12T10:11:56.420750Z","level":"info","event":"","logger":"task.stdout"}
{"timestamp":"2026-02-12T10:11:56.421031Z","level":"info","event":"[STEP 2] Transforming to Silver schema...","logger":"task.stdout"}
{"timestamp":"2026-02-12T10:11:56.421292Z","level":"info","event":"Transforming API data to Silver schema...","logger":"task.stdout"}
{"timestamp":"2026-02-12T10:11:56.428649Z","level":"info","event":"Deduplication: 55 records → 36 unique drivers","logger":"task.stdout"}
{"timestamp":"2026-02-12T10:11:56.429719Z","level":"info","event":"Sorted by driverId (alphabetically) for stable driver_id generation","logger":"task.stdout"}
{"timestamp":"2026-02-12T10:11:56.432275Z","level":"info","event":"  Generated driver_id: 10001 - 10036","logger":"task.stdout"}
{"timestamp":"2026-02-12T10:11:56.457033Z","level":"info","event":"Transformed 36 drivers to Silver schema","logger":"task.stdout"}
{"timestamp":"2026-02-12T10:11:56.457492Z","level":"info","event":"Source: ergast_api","logger":"task.stdout"}
{"timestamp":"2026-02-12T10:11:56.458111Z","level":"info","event":"driver_id range: 10001 - 10036","logger":"task.stdout"}
{"timestamp":"2026-02-12T10:11:56.458581Z","level":"info","event":"Transformation complete: 36 unique drivers","logger":"task.stdout"}
{"timestamp":"2026-02-12T10:11:56.458958Z","level":"info","event":"driver_id range: 10001 - 10036","logger":"task.stdout"}
{"timestamp":"2026-02-12T10:11:56.459364Z","level":"info","event":"","logger":"task.stdout"}
{"timestamp":"2026-02-12T10:11:56.459714Z","level":"info","event":"[STEP 3] Loading existing Silver data...","logger":"task.stdout"}
{"timestamp":"2026-02-12T10:11:56.554771Z","level":"info","event":" Downloaded dimensions/dim_driver/dim_driver.parquet (65 rows)","logger":"task.stdout"}
{"timestamp":"2026-02-12T10:11:56.557959Z","level":"info","event":"Loaded 65 existing drivers from Silver","logger":"task.stdout"}
{"timestamp":"2026-02-12T10:11:56.558369Z","level":"info","event":"Existing sources: {'f1_data.csv': 65}","logger":"task.stdout"}
{"timestamp":"2026-02-12T10:11:56.558625Z","level":"info","event":"CSV driver_id range: 1 - 858","logger":"task.stdout"}
{"timestamp":"2026-02-12T10:11:56.558860Z","level":"info","event":"","logger":"task.stdout"}
{"timestamp":"2026-02-12T10:11:56.561238Z","level":"info","event":"[STEP 4] Merging API data with existing Silver...","logger":"task.stdout"}
{"timestamp":"2026-02-12T10:11:56.561566Z","level":"info","event":"","logger":"task.stdout"}
{"timestamp":"2026-02-12T10:11:56.561814Z","level":"info","event":"  Merge Configuration:","logger":"task.stdout"}
{"timestamp":"2026-02-12T10:11:56.562041Z","level":"info","event":"Existing drivers: 65","logger":"task.stdout"}
{"timestamp":"2026-02-12T10:11:56.562722Z","level":"info","event":"New API drivers: 36","logger":"task.stdout"}
{"timestamp":"2026-02-12T10:11:56.563342Z","level":"info","event":"Merge key: driver_ref (PRIMARY natural key)","logger":"task.stdout"}
{"timestamp":"2026-02-12T10:11:56.563640Z","level":"info","event":"CSV priority: YES (skip API for CSV drivers)","logger":"task.stdout"}
{"timestamp":"2026-02-12T10:11:56.563867Z","level":"info","event":"","logger":"task.stdout"}
{"timestamp":"2026-02-12T10:11:56.567475Z","level":"info","event":"  Current max driver_key: 65","logger":"task.stdout"}
{"timestamp":"2026-02-12T10:11:56.567909Z","level":"info","event":"","logger":"task.stdout"}
{"timestamp":"2026-02-12T10:11:56.568163Z","level":"info","event":"  Processing 36 API drivers:","logger":"task.stdout"}
{"timestamp":"2026-02-12T10:11:56.568383Z","level":"info","event":"","logger":"task.stdout"}
{"timestamp":"2026-02-12T10:11:56.568877Z","level":"info","event":"SKIP: albon                (CSV priority)","logger":"task.stdout"}
{"timestamp":"2026-02-12T10:11:56.569304Z","level":"info","event":"SKIP: alonso               (CSV priority)","logger":"task.stdout"}
{"timestamp":"2026-02-12T10:11:56.569762Z","level":"info","event":"ADD: antonelli            (new driver from API, driver_id=10003)","logger":"task.stdout"}
{"timestamp":"2026-02-12T10:11:56.570033Z","level":"info","event":"ADD: arthur_leclerc       (new driver from API, driver_id=10004)","logger":"task.stdout"}
{"timestamp":"2026-02-12T10:11:56.577623Z","level":"info","event":"ADD: arvid_lindblad       (new driver from API, driver_id=10005)","logger":"task.stdout"}
{"timestamp":"2026-02-12T10:11:56.579388Z","level":"info","event":"ADD: ayumu_iwasa          (new driver from API, driver_id=10006)","logger":"task.stdout"}
{"timestamp":"2026-02-12T10:11:56.579977Z","level":"info","event":"ADD: bearman              (new driver from API, driver_id=10007)","logger":"task.stdout"}
{"timestamp":"2026-02-12T10:11:56.580471Z","level":"info","event":"ADD: bortoleto            (new driver from API, driver_id=10008)","logger":"task.stdout"}
{"timestamp":"2026-02-12T10:11:56.580891Z","level":"info","event":"SKIP: bottas               (CSV priority)","logger":"task.stdout"}
{"timestamp":"2026-02-12T10:11:56.581535Z","level":"info","event":"ADD: cian_shields         (new driver from API, driver_id=10010)","logger":"task.stdout"}
{"timestamp":"2026-02-12T10:11:56.597201Z","level":"info","event":"ADD: colapinto            (new driver from API, driver_id=10011)","logger":"task.stdout"}
{"timestamp":"2026-02-12T10:11:56.597448Z","level":"info","event":"ADD: doohan               (new driver from API, driver_id=10012)","logger":"task.stdout"}
{"timestamp":"2026-02-12T10:11:56.597620Z","level":"info","event":"SKIP: gasly                (CSV priority)","logger":"task.stdout"}
{"timestamp":"2026-02-12T10:11:56.597779Z","level":"info","event":"ADD: hadjar               (new driver from API, driver_id=10014)","logger":"task.stdout"}
{"timestamp":"2026-02-12T10:11:56.597935Z","level":"info","event":"SKIP: hamilton             (CSV priority)","logger":"task.stdout"}
{"timestamp":"2026-02-12T10:11:56.598090Z","level":"info","event":"SKIP: hulkenberg           (CSV priority)","logger":"task.stdout"}
{"timestamp":"2026-02-12T10:11:56.598250Z","level":"info","event":"ADD: jak_crawford         (new driver from API, driver_id=10017)","logger":"task.stdout"}
{"timestamp":"2026-02-12T10:11:56.598408Z","level":"info","event":"SKIP: kevin_magnussen      (CSV priority)","logger":"task.stdout"}
{"timestamp":"2026-02-12T10:11:56.598611Z","level":"info","event":"ADD: lawson               (new driver from API, driver_id=10019)","logger":"task.stdout"}
{"timestamp":"2026-02-12T10:11:56.600243Z","level":"info","event":"SKIP: leclerc              (CSV priority)","logger":"task.stdout"}
{"timestamp":"2026-02-12T10:11:56.606423Z","level":"info","event":"ADD: luke_browning        (new driver from API, driver_id=10021)","logger":"task.stdout"}
{"timestamp":"2026-02-12T10:11:56.608501Z","level":"info","event":"SKIP: max_verstappen       (CSV priority)","logger":"task.stdout"}
{"timestamp":"2026-02-12T10:11:56.617280Z","level":"info","event":"SKIP: norris               (CSV priority)","logger":"task.stdout"}
{"timestamp":"2026-02-12T10:11:56.621086Z","level":"info","event":"SKIP: ocon                 (CSV priority)","logger":"task.stdout"}
{"timestamp":"2026-02-12T10:11:56.629279Z","level":"info","event":"ADD: patricio_o_ward      (new driver from API, driver_id=10025)","logger":"task.stdout"}
{"timestamp":"2026-02-12T10:11:56.630667Z","level":"info","event":"ADD: paul_aron            (new driver from API, driver_id=10026)","logger":"task.stdout"}
{"timestamp":"2026-02-12T10:11:56.634421Z","level":"info","event":"SKIP: perez                (CSV priority)","logger":"task.stdout"}
{"timestamp":"2026-02-12T10:11:56.639666Z","level":"info","event":"SKIP: piastri              (CSV priority)","logger":"task.stdout"}
{"timestamp":"2026-02-12T10:11:56.639978Z","level":"info","event":"SKIP: ricciardo            (CSV priority)","logger":"task.stdout"}
{"timestamp":"2026-02-12T10:11:56.646527Z","level":"info","event":"SKIP: russell              (CSV priority)","logger":"task.stdout"}
{"timestamp":"2026-02-12T10:11:56.647525Z","level":"info","event":"ADD: ryo_hirakawa         (new driver from API, driver_id=10031)","logger":"task.stdout"}
{"timestamp":"2026-02-12T10:11:56.648074Z","level":"info","event":"SKIP: sainz                (CSV priority)","logger":"task.stdout"}
{"timestamp":"2026-02-12T10:11:56.648597Z","level":"info","event":"SKIP: sargeant             (CSV priority)","logger":"task.stdout"}
{"timestamp":"2026-02-12T10:11:56.649343Z","level":"info","event":"SKIP: stroll               (CSV priority)","logger":"task.stdout"}
{"timestamp":"2026-02-12T10:11:56.649784Z","level":"info","event":"SKIP: tsunoda              (CSV priority)","logger":"task.stdout"}
{"timestamp":"2026-02-12T10:11:56.651030Z","level":"info","event":"SKIP: zhou                 (CSV priority)","logger":"task.stdout"}
{"timestamp":"2026-02-12T10:11:56.651449Z","level":"info","event":"Merge complete: 81 total drivers","logger":"task.stdout"}
{"timestamp":"2026-02-12T10:11:56.652859Z","level":"info","event":"","logger":"task.stdout"}
{"timestamp":"2026-02-12T10:11:56.653503Z","level":"info","event":"[STEP 5] Writing to Silver layer...","logger":"task.stdout"}
{"timestamp":"2026-02-12T10:11:56.737514Z","level":"info","event":" Uploaded dimensions/dim_driver/dim_driver.parquet (81 rows)","logger":"task.stdout"}
{"timestamp":"2026-02-12T10:11:56.745983Z","level":"info","event":"Written to: s3://f1-silver/dimensions/dim_driver/dim_driver.parquet","logger":"task.stdout"}
{"timestamp":"2026-02-12T10:11:56.748819Z","level":"info","event":"","logger":"task.stdout"}
{"timestamp":"2026-02-12T10:11:56.749633Z","level":"info","event":"======================================================================","logger":"task.stdout"}
{"timestamp":"2026-02-12T10:11:56.750399Z","level":"info","event":"BACKFILL SUMMARY","logger":"task.stdout"}
{"timestamp":"2026-02-12T10:11:56.753371Z","level":"info","event":"======================================================================","logger":"task.stdout"}
{"timestamp":"2026-02-12T10:11:56.762361Z","level":"info","event":"  Existing drivers in Silver: 65","logger":"task.stdout"}
{"timestamp":"2026-02-12T10:11:56.763377Z","level":"info","event":"  API drivers scraped: 36","logger":"task.stdout"}
{"timestamp":"2026-02-12T10:11:56.764594Z","level":"info","event":"  Final driver count: 81","logger":"task.stdout"}
{"timestamp":"2026-02-12T10:11:56.766629Z","level":"info","event":"  New drivers added: 16","logger":"task.stdout"}
{"timestamp":"2026-02-12T10:11:56.767774Z","level":"info","event":"","logger":"task.stdout"}
{"timestamp":"2026-02-12T10:11:56.769301Z","level":"info","event":"  Final source breakdown:","logger":"task.stdout"}
{"timestamp":"2026-02-12T10:11:56.782172Z","level":"info","event":"    f1_data.csv    : 65","logger":"task.stdout"}
{"timestamp":"2026-02-12T10:11:56.783486Z","level":"info","event":"    api            : 16","logger":"task.stdout"}
{"timestamp":"2026-02-12T10:11:56.784829Z","level":"info","event":"","logger":"task.stdout"}
{"timestamp":"2026-02-12T10:11:56.792264Z","level":"info","event":"  driver_id ranges:","logger":"task.stdout"}
{"timestamp":"2026-02-12T10:11:56.794807Z","level":"info","event":"    f1_data.csv    : 1 - 858","logger":"task.stdout"}
{"timestamp":"2026-02-12T10:11:56.795954Z","level":"info","event":"    api            : 10003 - 10031","logger":"task.stdout"}
{"timestamp":"2026-02-12T10:11:56.797465Z","level":"info","event":"======================================================================","logger":"task.stdout"}
{"timestamp":"2026-02-12T10:11:56.897948Z","level":"info","event":"Done. Returned value was: {'existing_count': 65, 'api_scraped': 36, 'final_count': 81, 'new_drivers_added': 16}","logger":"airflow.task.operators.airflow.providers.standard.operators.python.PythonOperator","filename":"python.py","lineno":216}
{"timestamp":"2026-02-12T10:11:56.904948Z","level":"info","event":"Pushing xcom","ti":"RuntimeTaskInstance(id=UUID('019c5155-4b0a-731f-abc9-867f1e7a8ccc'), task_id='backfill_dim_driver', dag_id='api_drivers_bronze_to_silver', run_id='manual__2026-02-12T09:41:12+00:00', try_number=2, dag_version_id=UUID('019c4cbe-51e0-7f43-b3df-66d7066dfe40'), map_index=-1, hostname='ec1430f51f9d', context_carrier={}, task=<Task(PythonOperator): backfill_dim_driver>, bundle_instance=LocalDagBundle(name=dags-folder), max_tries=3, start_date=datetime.datetime(2026, 2, 12, 10, 11, 11, 153263, tzinfo=datetime.timezone.utc), end_date=None, state=<TaskInstanceState.RUNNING: 'running'>, is_mapped=False, rendered_map_index=None)","logger":"task","filename":"task_runner.py","lineno":1450}
