{"timestamp":"2026-02-15T15:46:51.353855Z","level":"info","event":"DAG bundles loaded: dags-folder","logger":"airflow.dag_processing.bundles.manager.DagBundlesManager","filename":"manager.py","lineno":179}
{"timestamp":"2026-02-15T15:46:51.360186Z","level":"info","event":"Filling up the DagBag from /opt/airflow/dags/weekly_streaming_pipeline.py","logger":"airflow.models.dagbag.DagBag","filename":"dagbag.py","lineno":593}
{"timestamp":"2026-02-15T15:46:55.234569Z","level":"info","event":"","logger":"task.stdout"}
{"timestamp":"2026-02-15T15:46:55.250181Z","level":"info","event":"[PRODUCER] Starting dim_driver production...","logger":"task.stdout"}
{"timestamp":"2026-02-15T15:46:55.251204Z","level":"info","event":"<BrokerConnection client_id=f1-streaming-pipeline, node_id=bootstrap-0 host=kafka:29092 <connecting> [IPv4 ('172.18.0.4', 29092)]>: connecting to kafka:29092 [('172.18.0.4', 29092) IPv4]","logger":"kafka.conn","filename":"conn.py","lineno":395}
{"timestamp":"2026-02-15T15:46:55.265350Z","level":"info","event":"<BrokerConnection client_id=f1-streaming-pipeline, node_id=bootstrap-0 host=kafka:29092 <checking_api_versions_recv> [IPv4 ('172.18.0.4', 29092)]>: Broker version identified as 2.6","logger":"kafka.conn","filename":"conn.py","lineno":615}
{"timestamp":"2026-02-15T15:46:55.270946Z","level":"info","event":"<BrokerConnection client_id=f1-streaming-pipeline, node_id=bootstrap-0 host=kafka:29092 <connected> [IPv4 ('172.18.0.4', 29092)]>: Connection complete.","logger":"kafka.conn","filename":"conn.py","lineno":456}
{"timestamp":"2026-02-15T15:46:55.288792Z","level":"info","event":"","logger":"task.stdout"}
{"timestamp":"2026-02-15T15:46:55.293583Z","level":"info","event":"======================================================================","logger":"task.stdout"}
{"timestamp":"2026-02-15T15:46:55.299331Z","level":"info","event":"PRODUCING DRIVERS FOR 2026 → Kafka Topic: dim-driver","logger":"task.stdout"}
{"timestamp":"2026-02-15T15:46:55.302462Z","level":"info","event":"======================================================================","logger":"task.stdout"}
{"timestamp":"2026-02-15T15:46:55.303932Z","level":"info","event":"","logger":"task.stdout"}
{"timestamp":"2026-02-15T15:46:55.311370Z","level":"info","event":"","logger":"task.stdout"}
{"timestamp":"2026-02-15T15:46:55.311956Z","level":"info","event":"======================================================================","logger":"task.stdout"}
{"timestamp":"2026-02-15T15:46:55.312659Z","level":"info","event":"SCRAPING DRIVERS FROM ERGAST API: 2026-2026","logger":"task.stdout"}
{"timestamp":"2026-02-15T15:46:55.313365Z","level":"info","event":"======================================================================","logger":"task.stdout"}
{"timestamp":"2026-02-15T15:46:55.313975Z","level":"info","event":"","logger":"task.stdout"}
{"timestamp":"2026-02-15T15:46:55.314542Z","level":"info","event":"Fetching drivers for 2026...","logger":"task.stdout"}
{"timestamp":"2026-02-15T15:47:16.366217Z","level":"info","event":"22 drivers found","logger":"task.stdout"}
{"timestamp":"2026-02-15T15:47:16.369083Z","level":"info","event":"","logger":"task.stdout"}
{"timestamp":"2026-02-15T15:47:16.369703Z","level":"info","event":"======================================================================","logger":"task.stdout"}
{"timestamp":"2026-02-15T15:47:16.370180Z","level":"info","event":"SCRAPING COMPLETE","logger":"task.stdout"}
{"timestamp":"2026-02-15T15:47:16.370661Z","level":"info","event":"Total records: 22","logger":"task.stdout"}
{"timestamp":"2026-02-15T15:47:16.374155Z","level":"info","event":"Unique drivers (by driverId): 22","logger":"task.stdout"}
{"timestamp":"2026-02-15T15:47:16.377061Z","level":"info","event":"Years covered: 2026-2026","logger":"task.stdout"}
{"timestamp":"2026-02-15T15:47:16.377664Z","level":"info","event":"======================================================================","logger":"task.stdout"}
{"timestamp":"2026-02-15T15:47:16.378116Z","level":"info","event":"","logger":"task.stdout"}
{"timestamp":"2026-02-15T15:47:16.378601Z","level":"info","event":"Transforming API data to Silver schema...","logger":"task.stdout"}
{"timestamp":"2026-02-15T15:47:16.379255Z","level":"info","event":"Deduplication: 22 records → 22 unique drivers","logger":"task.stdout"}
{"timestamp":"2026-02-15T15:47:16.379971Z","level":"info","event":"Sorted by driverId (alphabetically) for stable driver_id generation","logger":"task.stdout"}
{"timestamp":"2026-02-15T15:47:16.386621Z","level":"info","event":"  Generated driver_id: 10001 - 10022","logger":"task.stdout"}
{"timestamp":"2026-02-15T15:47:16.418470Z","level":"info","event":"Transformed 22 drivers to Silver schema","logger":"task.stdout"}
{"timestamp":"2026-02-15T15:47:16.421028Z","level":"info","event":"Source: api","logger":"task.stdout"}
{"timestamp":"2026-02-15T15:47:16.421662Z","level":"info","event":"driver_id range: 10001 - 10022","logger":"task.stdout"}
{"timestamp":"2026-02-15T15:47:16.424293Z","level":"info","event":"Scraped 22 drivers for 2026","logger":"task.stdout"}
{"timestamp":"2026-02-15T15:47:16.427267Z","level":"info","event":"<BrokerConnection client_id=f1-streaming-pipeline, node_id=1 host=kafka:29092 <connecting> [IPv4 ('172.18.0.4', 29092)]>: connecting to kafka:29092 [('172.18.0.4', 29092) IPv4]","logger":"kafka.conn","filename":"conn.py","lineno":395}
{"timestamp":"2026-02-15T15:47:16.428421Z","level":"info","event":"<BrokerConnection client_id=f1-streaming-pipeline, node_id=1 host=kafka:29092 <connected> [IPv4 ('172.18.0.4', 29092)]>: Connection complete.","logger":"kafka.conn","filename":"conn.py","lineno":456}
{"timestamp":"2026-02-15T15:47:16.429062Z","level":"info","event":"<BrokerConnection client_id=f1-streaming-pipeline, node_id=bootstrap-0 host=kafka:29092 <connected> [IPv4 ('172.18.0.4', 29092)]>: Closing connection. ","logger":"kafka.conn","filename":"conn.py","lineno":936}
{"timestamp":"2026-02-15T15:47:16.445054Z","level":"info","event":" Sent to dim-driver | Key: albon | Partition: 0","logger":"task.stdout"}
{"timestamp":"2026-02-15T15:47:16.454388Z","level":"info","event":" Sent to dim-driver | Key: alonso | Partition: 0","logger":"task.stdout"}
{"timestamp":"2026-02-15T15:47:16.459764Z","level":"info","event":" Sent to dim-driver | Key: antonelli | Partition: 0","logger":"task.stdout"}
{"timestamp":"2026-02-15T15:47:16.467850Z","level":"info","event":" Sent to dim-driver | Key: bearman | Partition: 0","logger":"task.stdout"}
{"timestamp":"2026-02-15T15:47:16.473606Z","level":"info","event":" Sent to dim-driver | Key: bortoleto | Partition: 0","logger":"task.stdout"}
{"timestamp":"2026-02-15T15:47:16.478214Z","level":"info","event":" Sent to dim-driver | Key: bottas | Partition: 0","logger":"task.stdout"}
{"timestamp":"2026-02-15T15:47:16.490171Z","level":"info","event":" Sent to dim-driver | Key: colapinto | Partition: 0","logger":"task.stdout"}
{"timestamp":"2026-02-15T15:47:16.497132Z","level":"info","event":" Sent to dim-driver | Key: gasly | Partition: 0","logger":"task.stdout"}
{"timestamp":"2026-02-15T15:47:16.501322Z","level":"info","event":" Sent to dim-driver | Key: hadjar | Partition: 0","logger":"task.stdout"}
{"timestamp":"2026-02-15T15:47:16.505924Z","level":"info","event":" Sent to dim-driver | Key: hamilton | Partition: 0","logger":"task.stdout"}
{"timestamp":"2026-02-15T15:47:16.513846Z","level":"info","event":" Sent to dim-driver | Key: hulkenberg | Partition: 0","logger":"task.stdout"}
{"timestamp":"2026-02-15T15:47:16.521903Z","level":"info","event":" Sent to dim-driver | Key: lawson | Partition: 0","logger":"task.stdout"}
{"timestamp":"2026-02-15T15:47:16.526123Z","level":"info","event":" Sent to dim-driver | Key: leclerc | Partition: 0","logger":"task.stdout"}
{"timestamp":"2026-02-15T15:47:16.530170Z","level":"info","event":" Sent to dim-driver | Key: lindblad | Partition: 0","logger":"task.stdout"}
{"timestamp":"2026-02-15T15:47:16.535309Z","level":"info","event":" Sent to dim-driver | Key: max_verstappen | Partition: 0","logger":"task.stdout"}
{"timestamp":"2026-02-15T15:47:16.545029Z","level":"info","event":" Sent to dim-driver | Key: norris | Partition: 0","logger":"task.stdout"}
{"timestamp":"2026-02-15T15:47:16.546619Z","level":"info","event":" Sent to dim-driver | Key: ocon | Partition: 0","logger":"task.stdout"}
{"timestamp":"2026-02-15T15:47:16.551055Z","level":"info","event":" Sent to dim-driver | Key: perez | Partition: 0","logger":"task.stdout"}
{"timestamp":"2026-02-15T15:47:16.555151Z","level":"info","event":" Sent to dim-driver | Key: piastri | Partition: 0","logger":"task.stdout"}
{"timestamp":"2026-02-15T15:47:16.569713Z","level":"info","event":" Sent to dim-driver | Key: russell | Partition: 0","logger":"task.stdout"}
{"timestamp":"2026-02-15T15:47:16.575728Z","level":"info","event":" Sent to dim-driver | Key: sainz | Partition: 0","logger":"task.stdout"}
{"timestamp":"2026-02-15T15:47:16.580323Z","level":"info","event":" Sent to dim-driver | Key: stroll | Partition: 0","logger":"task.stdout"}
{"timestamp":"2026-02-15T15:47:16.586749Z","level":"info","event":"","logger":"task.stdout"}
{"timestamp":"2026-02-15T15:47:16.588185Z","level":"info","event":"📊 Batch Stats for dim-driver:","logger":"task.stdout"}
{"timestamp":"2026-02-15T15:47:16.595691Z","level":"info","event":"    Sent: 22","logger":"task.stdout"}
{"timestamp":"2026-02-15T15:47:16.596403Z","level":"info","event":"   ❌ Failed: 0","logger":"task.stdout"}
{"timestamp":"2026-02-15T15:47:16.580618Z","level":"info","event":"<KafkaProducer client_id=f1-streaming-pipeline transactional_id=None>: Closing the Kafka producer with 9223372036.0 secs timeout.","logger":"kafka.producer.kafka","filename":"kafka.py","lineno":630}
{"timestamp":"2026-02-15T15:47:16.581547Z","level":"info","event":"<BrokerConnection client_id=f1-streaming-pipeline, node_id=1 host=kafka:29092 <connected> [IPv4 ('172.18.0.4', 29092)]>: Closing connection. ","logger":"kafka.conn","filename":"conn.py","lineno":936}
{"timestamp":"2026-02-15T15:47:16.730336Z","level":"info","event":"[PRODUCER] Completed: {'sent': 22, 'failed': 0}","logger":"task.stdout"}
{"timestamp":"2026-02-15T15:47:16.733216Z","level":"info","event":"Done. Returned value was: {'sent': 22, 'failed': 0}","logger":"airflow.task.operators.airflow.providers.standard.operators.python.PythonOperator","filename":"python.py","lineno":216}
{"timestamp":"2026-02-15T15:47:16.733869Z","level":"info","event":"Pushing xcom","ti":"RuntimeTaskInstance(id=UUID('019c61fb-a2d3-7e52-ae54-3900c97c40c8'), task_id='produce_dim_driver', dag_id='weekly_streaming_f1_etl', run_id='manual__2026-02-15T15:46:45+00:00', try_number=1, dag_version_id=UUID('019c61bd-e638-74f5-b658-bbd5e8d757b9'), map_index=-1, hostname='eaafa8aeb24e', context_carrier={}, task=<Task(PythonOperator): produce_dim_driver>, bundle_instance=LocalDagBundle(name=dags-folder), max_tries=2, start_date=datetime.datetime(2026, 2, 15, 15, 46, 51, 58333, tzinfo=datetime.timezone.utc), end_date=None, state=<TaskInstanceState.RUNNING: 'running'>, is_mapped=False, rendered_map_index=None)","logger":"task","filename":"task_runner.py","lineno":1450}
