{"timestamp":"2026-02-19T10:01:17.119303Z","level":"info","event":"DAG bundles loaded: dags-folder","logger":"airflow.dag_processing.bundles.manager.DagBundlesManager","filename":"manager.py","lineno":179}
{"timestamp":"2026-02-19T10:01:17.137336Z","level":"info","event":"Filling up the DagBag from /opt/airflow/dags/weekly_f1_pipeline.py","logger":"airflow.models.dagbag.DagBag","filename":"dagbag.py","lineno":593}
{"timestamp":"2026-02-19T10:01:18.897317Z","level":"warning","event":"The `airflow.utils.task_group.TaskGroup` attribute is deprecated. Please use `'airflow.sdk.TaskGroup'`.","category":"DeprecatedImportWarning","filename":"/opt/airflow/dags/weekly_f1_pipeline.py","lineno":36,"logger":"py.warnings"}
{"timestamp":"2026-02-19T10:01:18.898386Z","level":"warning","event":"The `airflow.operators.trigger_dagrun.TriggerDagRunOperator` attribute is deprecated. Please use `'airflow.providers.standard.operators.trigger_dagrun.TriggerDagRunOperator'`.","category":"DeprecatedImportWarning","filename":"/opt/airflow/dags/kafka_producer_pipeline.py","lineno":35,"logger":"py.warnings"}
{"timestamp":"2026-02-19T10:01:18.921126Z","level":"info","event":"======================================================================","logger":"task.stdout"}
{"timestamp":"2026-02-19T10:01:18.921460Z","level":"info","event":"PRODUCER: fact_race_results  (2026+)","logger":"task.stdout"}
{"timestamp":"2026-02-19T10:01:18.921687Z","level":"info","event":"======================================================================","logger":"task.stdout"}
{"timestamp":"2026-02-19T10:01:18.921893Z","level":"info","event":"","logger":"task.stdout"}
{"timestamp":"2026-02-19T10:01:18.922085Z","level":"info","event":"======================================================================","logger":"task.stdout"}
{"timestamp":"2026-02-19T10:01:18.922275Z","level":"info","event":"SCRAPING RACE RESULTS FROM ERGAST API: 2026-2026","logger":"task.stdout"}
{"timestamp":"2026-02-19T10:01:18.922463Z","level":"info","event":"======================================================================","logger":"task.stdout"}
{"timestamp":"2026-02-19T10:01:18.922647Z","level":"info","event":"","logger":"task.stdout"}
{"timestamp":"2026-02-19T10:01:18.922852Z","level":"info","event":"Fetching race results for 2026...","logger":"task.stdout"}
{"timestamp":"2026-02-19T10:01:41.975077Z","level":"info","event":"0 results found across 0 races","logger":"task.stdout"}
{"timestamp":"2026-02-19T10:01:41.978723Z","level":"info","event":"","logger":"task.stdout"}
{"timestamp":"2026-02-19T10:01:41.979296Z","level":"info","event":"======================================================================","logger":"task.stdout"}
{"timestamp":"2026-02-19T10:01:41.979654Z","level":"info","event":"SCRAPING COMPLETE","logger":"task.stdout"}
{"timestamp":"2026-02-19T10:01:41.980023Z","level":"info","event":"Total records: 0","logger":"task.stdout"}
{"timestamp":"2026-02-19T10:01:41.980354Z","level":"info","event":"Years covered: 2026-2026","logger":"task.stdout"}
{"timestamp":"2026-02-19T10:01:41.980789Z","level":"info","event":"======================================================================","logger":"task.stdout"}
{"timestamp":"2026-02-19T10:01:41.981117Z","level":"info","event":"","logger":"task.stdout"}
{"timestamp":"2026-02-19T10:01:41.981478Z","level":"info","event":"Transforming API data to Silver schema...","logger":"task.stdout"}
{"timestamp":"2026-02-19T10:01:41.981856Z","level":"info","event":"No data found - returning empty DataFrame with schema: ['result_id', 'driver_ref', 'constructor_ref', 'race_year', 'race_round', 'driver_number', 'grid', 'position', 'position_text', 'position_order', 'points', 'number_of_laps', 'race_duration_hours', 'race_duration_milliseconds', 'fastest_lap', 'rank', 'fastest_lap_minutes', 'fastest_lap_speed', 'status', 'year', 'source', 'created_at']","logger":"task.stdout"}
{"timestamp":"2026-02-19T10:01:41.982360Z","level":"info","event":"  No results data found","logger":"task.stdout"}
{"timestamp":"2026-02-19T10:01:41.992915Z","level":"info","event":"Done. Returned value was: {'new_count': 0}","logger":"airflow.task.operators.airflow.providers.standard.operators.python.PythonOperator","filename":"python.py","lineno":216}
{"timestamp":"2026-02-19T10:01:41.993197Z","level":"info","event":"Pushing xcom","ti":"RuntimeTaskInstance(id=UUID('019c7557-dab6-77ea-bb52-b718c0726200'), task_id='producer.scrape_publish_results', dag_id='weekly_f1_pipeline', run_id='manual__2026-02-19T10:00:16+00:00', try_number=1, dag_version_id=UUID('019c6ff5-b028-7014-b590-52b338429d0a'), map_index=-1, hostname='89430fcc2ad4', context_carrier={}, task=<Task(PythonOperator): producer.scrape_publish_results>, bundle_instance=LocalDagBundle(name=dags-folder), max_tries=2, start_date=datetime.datetime(2026, 2, 19, 10, 1, 16, 965731, tzinfo=datetime.timezone.utc), end_date=None, state=<TaskInstanceState.RUNNING: 'running'>, is_mapped=False, rendered_map_index=None)","logger":"task","filename":"task_runner.py","lineno":1450}
