{"timestamp":"2026-02-15T17:53:40.346695Z","level":"info","event":"DAG bundles loaded: dags-folder","logger":"airflow.dag_processing.bundles.manager.DagBundlesManager","filename":"manager.py","lineno":179}
{"timestamp":"2026-02-15T17:53:40.348321Z","level":"info","event":"Filling up the DagBag from /opt/airflow/dags/weekly_streaming_pipeline.py","logger":"airflow.models.dagbag.DagBag","filename":"dagbag.py","lineno":593}
{"timestamp":"2026-02-15T17:53:41.963169Z","level":"info","event":"","logger":"task.stdout"}
{"timestamp":"2026-02-15T17:53:41.964097Z","level":"info","event":"[CONSUMER] Starting dim_race consumption...","logger":"task.stdout"}
{"timestamp":"2026-02-15T17:53:41.966008Z","level":"info","event":"<BrokerConnection client_id=kafka-python-2.2.0, node_id=bootstrap-0 host=kafka:29092 <connecting> [IPv4 ('172.18.0.4', 29092)]>: connecting to kafka:29092 [('172.18.0.4', 29092) IPv4]","logger":"kafka.conn","filename":"conn.py","lineno":395}
{"timestamp":"2026-02-15T17:53:41.970956Z","level":"info","event":"<BrokerConnection client_id=kafka-python-2.2.0, node_id=bootstrap-0 host=kafka:29092 <checking_api_versions_recv> [IPv4 ('172.18.0.4', 29092)]>: Broker version identified as 2.6","logger":"kafka.conn","filename":"conn.py","lineno":615}
{"timestamp":"2026-02-15T17:53:41.972598Z","level":"info","event":"<BrokerConnection client_id=kafka-python-2.2.0, node_id=bootstrap-0 host=kafka:29092 <connected> [IPv4 ('172.18.0.4', 29092)]>: Connection complete.","logger":"kafka.conn","filename":"conn.py","lineno":456}
{"timestamp":"2026-02-15T17:53:41.974049Z","level":"info","event":"Updating subscribed topics to: ('dim-race',)","logger":"kafka.consumer.subscription_state","filename":"subscription_state.py","lineno":177}
{"timestamp":"2026-02-15T17:53:41.975166Z","level":"info","event":"","logger":"task.stdout"}
{"timestamp":"2026-02-15T17:53:41.975769Z","level":"info","event":"======================================================================","logger":"task.stdout"}
{"timestamp":"2026-02-15T17:53:41.979757Z","level":"info","event":"CONSUMING: dim-race → dimensions/dim_race/dim_race.parquet","logger":"task.stdout"}
{"timestamp":"2026-02-15T17:53:41.982048Z","level":"info","event":"======================================================================","logger":"task.stdout"}
{"timestamp":"2026-02-15T17:53:41.982708Z","level":"info","event":"","logger":"task.stdout"}
{"timestamp":"2026-02-15T17:53:42.030242Z","level":"info","event":" Downloaded dimensions/dim_race/dim_race.parquet (280 rows)","logger":"task.stdout"}
{"timestamp":"2026-02-15T17:53:42.030818Z","level":"info","event":" Loaded 280 existing records from Silver","logger":"task.stdout"}
{"timestamp":"2026-02-15T17:53:42.031505Z","level":"info","event":"  Loading lookup table: dim_circuit","logger":"task.stdout"}
{"timestamp":"2026-02-15T17:53:42.040902Z","level":"info","event":" Downloaded dimensions/dim_circuit/dim_circuit.parquet (35 rows)","logger":"task.stdout"}
{"timestamp":"2026-02-15T17:53:42.041580Z","level":"info","event":"Loaded 35 mappings","logger":"task.stdout"}
{"timestamp":"2026-02-15T17:53:42.045562Z","level":"info","event":"<BrokerConnection client_id=kafka-python-2.2.0, node_id=1 host=kafka:29092 <connecting> [IPv4 ('172.18.0.4', 29092)]>: connecting to kafka:29092 [('172.18.0.4', 29092) IPv4]","logger":"kafka.conn","filename":"conn.py","lineno":395}
{"timestamp":"2026-02-15T17:53:42.046620Z","level":"info","event":"<BrokerConnection client_id=kafka-python-2.2.0, node_id=1 host=kafka:29092 <connected> [IPv4 ('172.18.0.4', 29092)]>: Connection complete.","logger":"kafka.conn","filename":"conn.py","lineno":456}
{"timestamp":"2026-02-15T17:53:42.047160Z","level":"info","event":"<BrokerConnection client_id=kafka-python-2.2.0, node_id=bootstrap-0 host=kafka:29092 <connected> [IPv4 ('172.18.0.4', 29092)]>: Closing connection. ","logger":"kafka.conn","filename":"conn.py","lineno":936}
{"timestamp":"2026-02-15T17:53:42.149857Z","level":"info","event":"Coordinator for group/f1-silver-consumers is BrokerMetadata(nodeId='coordinator-1', host='kafka', port=29092, rack=None)","logger":"kafka.cluster","filename":"cluster.py","lineno":398}
{"timestamp":"2026-02-15T17:53:42.150218Z","level":"info","event":"Discovered coordinator coordinator-1 for group f1-silver-consumers","logger":"kafka.coordinator","filename":"base.py","lineno":745}
{"timestamp":"2026-02-15T17:53:42.150584Z","level":"info","event":"Starting new heartbeat thread","logger":"kafka.coordinator","filename":"base.py","lineno":796}
{"timestamp":"2026-02-15T17:53:42.151969Z","level":"info","event":"Revoking previously assigned partitions set() for group f1-silver-consumers","logger":"kafka.coordinator.consumer","filename":"consumer.py","lineno":357}
{"timestamp":"2026-02-15T17:53:42.153504Z","level":"info","event":"<BrokerConnection client_id=kafka-python-2.2.0, node_id=coordinator-1 host=kafka:29092 <connecting> [IPv4 ('172.18.0.4', 29092)]>: connecting to kafka:29092 [('172.18.0.4', 29092) IPv4]","logger":"kafka.conn","filename":"conn.py","lineno":395}
{"timestamp":"2026-02-15T17:53:42.154342Z","level":"info","event":"<BrokerConnection client_id=kafka-python-2.2.0, node_id=coordinator-1 host=kafka:29092 <connected> [IPv4 ('172.18.0.4', 29092)]>: Connection complete.","logger":"kafka.conn","filename":"conn.py","lineno":456}
{"timestamp":"2026-02-15T17:53:42.255921Z","level":"info","event":"(Re-)joining group f1-silver-consumers","logger":"kafka.coordinator","filename":"base.py","lineno":500}
{"timestamp":"2026-02-15T17:53:42.259841Z","level":"info","event":"(Re-)joining group f1-silver-consumers","logger":"kafka.coordinator","filename":"base.py","lineno":500}
{"timestamp":"2026-02-15T17:53:42.265627Z","level":"info","event":"Elected group leader -- performing partition assignments using range","logger":"kafka.coordinator","filename":"base.py","lineno":563}
{"timestamp":"2026-02-15T17:53:42.269918Z","level":"info","event":"Successfully joined group f1-silver-consumers with generation 3","logger":"kafka.coordinator","filename":"base.py","lineno":390}
{"timestamp":"2026-02-15T17:53:42.270500Z","level":"info","event":"Updated partition assignment: [TopicPartition(topic='dim-race', partition=0)]","logger":"kafka.consumer.subscription_state","filename":"subscription_state.py","lineno":246}
{"timestamp":"2026-02-15T17:53:42.270772Z","level":"info","event":"Setting newly assigned partitions {TopicPartition(topic='dim-race', partition=0)} for group f1-silver-consumers","logger":"kafka.coordinator.consumer","filename":"consumer.py","lineno":248}
{"timestamp":"2026-02-15T17:53:42.375972Z","level":"info","event":"Resetting offset for partition TopicPartition(topic='dim-race', partition=0) to offset 0.","logger":"kafka.consumer.fetcher","filename":"fetcher.py","lineno":407}
{"timestamp":"2026-02-15T17:53:42.452799Z","level":"info","event":"    ⚠️  Missing natural key: circuit_references","logger":"task.stdout"}
{"timestamp":"2026-02-15T17:53:42.453599Z","level":"info","event":"    ⚠️  Missing natural key: circuit_references","logger":"task.stdout"}
{"timestamp":"2026-02-15T17:53:42.454464Z","level":"info","event":"    ⚠️  Missing natural key: circuit_references","logger":"task.stdout"}
{"timestamp":"2026-02-15T17:53:42.455086Z","level":"info","event":"    ⚠️  Missing natural key: circuit_references","logger":"task.stdout"}
{"timestamp":"2026-02-15T17:53:42.455707Z","level":"info","event":"    ⚠️  Missing natural key: circuit_references","logger":"task.stdout"}
{"timestamp":"2026-02-15T17:53:42.456272Z","level":"info","event":"    ⚠️  Missing natural key: circuit_references","logger":"task.stdout"}
{"timestamp":"2026-02-15T17:53:42.456772Z","level":"info","event":"    ⚠️  Missing natural key: circuit_references","logger":"task.stdout"}
{"timestamp":"2026-02-15T17:53:42.457342Z","level":"info","event":"    ⚠️  Missing natural key: circuit_references","logger":"task.stdout"}
{"timestamp":"2026-02-15T17:53:42.458149Z","level":"info","event":"    ⚠️  Missing natural key: circuit_references","logger":"task.stdout"}
{"timestamp":"2026-02-15T17:53:42.458725Z","level":"info","event":"    ⚠️  Missing natural key: circuit_references","logger":"task.stdout"}
{"timestamp":"2026-02-15T17:53:42.459406Z","level":"info","event":"📥 Consumed 10 messages...","logger":"task.stdout"}
{"timestamp":"2026-02-15T17:53:42.460088Z","level":"info","event":"    ⚠️  Missing natural key: circuit_references","logger":"task.stdout"}
{"timestamp":"2026-02-15T17:53:42.460622Z","level":"info","event":"    ⚠️  Missing natural key: circuit_references","logger":"task.stdout"}
{"timestamp":"2026-02-15T17:53:42.461107Z","level":"info","event":"    ⚠️  Missing natural key: circuit_references","logger":"task.stdout"}
{"timestamp":"2026-02-15T17:53:42.461598Z","level":"info","event":"    ⚠️  Missing natural key: circuit_references","logger":"task.stdout"}
{"timestamp":"2026-02-15T17:53:42.462121Z","level":"info","event":"    ⚠️  Missing natural key: circuit_references","logger":"task.stdout"}
{"timestamp":"2026-02-15T17:53:42.462628Z","level":"info","event":"    ⚠️  Missing natural key: circuit_references","logger":"task.stdout"}
{"timestamp":"2026-02-15T17:53:42.463112Z","level":"info","event":"    ⚠️  Missing natural key: circuit_references","logger":"task.stdout"}
{"timestamp":"2026-02-15T17:53:42.463636Z","level":"info","event":"    ⚠️  Missing natural key: circuit_references","logger":"task.stdout"}
{"timestamp":"2026-02-15T17:53:42.464158Z","level":"info","event":"    ⚠️  Missing natural key: circuit_references","logger":"task.stdout"}
{"timestamp":"2026-02-15T17:53:42.464640Z","level":"info","event":"    ⚠️  Missing natural key: circuit_references","logger":"task.stdout"}
{"timestamp":"2026-02-15T17:53:42.465141Z","level":"info","event":"📥 Consumed 20 messages...","logger":"task.stdout"}
{"timestamp":"2026-02-15T17:53:42.465621Z","level":"info","event":"    ⚠️  Missing natural key: circuit_references","logger":"task.stdout"}
{"timestamp":"2026-02-15T17:53:42.466155Z","level":"info","event":"    ⚠️  Missing natural key: circuit_references","logger":"task.stdout"}
{"timestamp":"2026-02-15T17:53:42.466749Z","level":"info","event":"    ⚠️  Missing natural key: circuit_references","logger":"task.stdout"}
{"timestamp":"2026-02-15T17:53:42.467356Z","level":"info","event":"    ⚠️  Missing natural key: circuit_references","logger":"task.stdout"}
{"timestamp":"2026-02-15T17:53:42.468118Z","level":"info","event":"    ⚠️  Missing natural key: circuit_references","logger":"task.stdout"}
{"timestamp":"2026-02-15T17:53:42.468749Z","level":"info","event":"    ⚠️  Missing natural key: circuit_references","logger":"task.stdout"}
{"timestamp":"2026-02-15T17:53:42.469291Z","level":"info","event":"    ⚠️  Missing natural key: circuit_references","logger":"task.stdout"}
{"timestamp":"2026-02-15T17:53:42.470110Z","level":"info","event":"    ⚠️  Missing natural key: circuit_references","logger":"task.stdout"}
{"timestamp":"2026-02-15T17:53:42.470713Z","level":"info","event":"    ⚠️  Missing natural key: circuit_references","logger":"task.stdout"}
{"timestamp":"2026-02-15T17:53:42.471308Z","level":"info","event":"    ⚠️  Missing natural key: circuit_references","logger":"task.stdout"}
{"timestamp":"2026-02-15T17:53:42.471871Z","level":"info","event":"📥 Consumed 30 messages...","logger":"task.stdout"}
{"timestamp":"2026-02-15T17:53:42.472390Z","level":"info","event":"    ⚠️  Missing natural key: circuit_references","logger":"task.stdout"}
{"timestamp":"2026-02-15T17:53:42.472899Z","level":"info","event":"    ⚠️  Missing natural key: circuit_references","logger":"task.stdout"}
{"timestamp":"2026-02-15T17:53:42.473389Z","level":"info","event":"    ⚠️  Missing natural key: circuit_references","logger":"task.stdout"}
{"timestamp":"2026-02-15T17:53:42.473862Z","level":"info","event":"    ⚠️  Missing natural key: circuit_references","logger":"task.stdout"}
{"timestamp":"2026-02-15T17:53:42.474356Z","level":"info","event":"    ⚠️  Missing natural key: circuit_references","logger":"task.stdout"}
{"timestamp":"2026-02-15T17:53:42.474866Z","level":"info","event":"    ⚠️  Missing natural key: circuit_references","logger":"task.stdout"}
{"timestamp":"2026-02-15T17:53:42.475419Z","level":"info","event":"    ⚠️  Missing natural key: circuit_references","logger":"task.stdout"}
{"timestamp":"2026-02-15T17:53:42.476040Z","level":"info","event":"    ⚠️  Missing natural key: circuit_references","logger":"task.stdout"}
{"timestamp":"2026-02-15T17:53:42.476620Z","level":"info","event":"    ⚠️  Missing natural key: circuit_references","logger":"task.stdout"}
{"timestamp":"2026-02-15T17:53:42.477253Z","level":"info","event":"    ⚠️  Missing natural key: circuit_references","logger":"task.stdout"}
{"timestamp":"2026-02-15T17:53:42.477933Z","level":"info","event":"📥 Consumed 40 messages...","logger":"task.stdout"}
{"timestamp":"2026-02-15T17:53:42.478555Z","level":"info","event":"    ⚠️  Missing natural key: circuit_references","logger":"task.stdout"}
{"timestamp":"2026-02-15T17:53:42.479302Z","level":"info","event":"    ⚠️  Missing natural key: circuit_references","logger":"task.stdout"}
{"timestamp":"2026-02-15T17:53:42.480147Z","level":"info","event":"    ⚠️  Missing natural key: circuit_references","logger":"task.stdout"}
{"timestamp":"2026-02-15T17:53:42.481264Z","level":"info","event":"    ⚠️  Missing natural key: circuit_references","logger":"task.stdout"}
{"timestamp":"2026-02-15T17:53:42.482636Z","level":"info","event":"    ⚠️  Missing natural key: circuit_references","logger":"task.stdout"}
{"timestamp":"2026-02-15T17:53:42.483990Z","level":"info","event":"    ⚠️  Missing natural key: circuit_references","logger":"task.stdout"}
{"timestamp":"2026-02-15T17:53:42.484854Z","level":"info","event":"    ⚠️  Missing natural key: circuit_references","logger":"task.stdout"}
{"timestamp":"2026-02-15T17:53:42.485579Z","level":"info","event":"    ⚠️  Missing natural key: circuit_references","logger":"task.stdout"}
{"timestamp":"2026-02-15T17:53:42.486154Z","level":"info","event":"    ⚠️  Missing natural key: circuit_references","logger":"task.stdout"}
{"timestamp":"2026-02-15T17:53:42.486736Z","level":"info","event":"    ⚠️  Missing natural key: circuit_references","logger":"task.stdout"}
{"timestamp":"2026-02-15T17:53:42.487328Z","level":"info","event":"📥 Consumed 50 messages...","logger":"task.stdout"}
{"timestamp":"2026-02-15T17:53:42.487897Z","level":"info","event":"    ⚠️  Missing natural key: circuit_references","logger":"task.stdout"}
{"timestamp":"2026-02-15T17:53:42.488466Z","level":"info","event":"    ⚠️  Missing natural key: circuit_references","logger":"task.stdout"}
{"timestamp":"2026-02-15T17:53:42.488967Z","level":"info","event":"    ⚠️  Missing natural key: circuit_references","logger":"task.stdout"}
{"timestamp":"2026-02-15T17:53:42.489498Z","level":"info","event":"    ⚠️  Missing natural key: circuit_references","logger":"task.stdout"}
{"timestamp":"2026-02-15T17:53:42.490016Z","level":"info","event":"    ⚠️  Missing natural key: circuit_references","logger":"task.stdout"}
{"timestamp":"2026-02-15T17:53:42.490623Z","level":"info","event":"    ⚠️  Missing natural key: circuit_references","logger":"task.stdout"}
{"timestamp":"2026-02-15T17:53:42.491206Z","level":"info","event":"    ⚠️  Missing natural key: circuit_references","logger":"task.stdout"}
{"timestamp":"2026-02-15T17:53:42.491823Z","level":"info","event":"    ⚠️  Missing natural key: circuit_references","logger":"task.stdout"}
{"timestamp":"2026-02-15T17:53:42.492346Z","level":"info","event":"    ⚠️  Missing natural key: circuit_references","logger":"task.stdout"}
{"timestamp":"2026-02-15T17:53:42.492907Z","level":"info","event":"    ⚠️  Missing natural key: circuit_references","logger":"task.stdout"}
{"timestamp":"2026-02-15T17:53:42.495100Z","level":"info","event":"📥 Consumed 60 messages...","logger":"task.stdout"}
{"timestamp":"2026-02-15T17:53:42.495861Z","level":"info","event":"    ⚠️  Missing natural key: circuit_references","logger":"task.stdout"}
{"timestamp":"2026-02-15T17:53:42.497203Z","level":"info","event":"    ⚠️  Missing natural key: circuit_references","logger":"task.stdout"}
{"timestamp":"2026-02-15T17:53:42.497918Z","level":"info","event":"    ⚠️  Missing natural key: circuit_references","logger":"task.stdout"}
{"timestamp":"2026-02-15T17:53:42.498510Z","level":"info","event":"    ⚠️  Missing natural key: circuit_references","logger":"task.stdout"}
{"timestamp":"2026-02-15T17:53:42.499077Z","level":"info","event":"    ⚠️  Missing natural key: circuit_references","logger":"task.stdout"}
{"timestamp":"2026-02-15T17:53:42.499622Z","level":"info","event":"    ⚠️  Missing natural key: circuit_references","logger":"task.stdout"}
{"timestamp":"2026-02-15T17:53:42.500196Z","level":"info","event":"    ⚠️  Missing natural key: circuit_references","logger":"task.stdout"}
{"timestamp":"2026-02-15T17:53:42.500756Z","level":"info","event":"    ⚠️  Missing natural key: circuit_references","logger":"task.stdout"}
{"timestamp":"2026-02-15T17:53:42.501242Z","level":"info","event":"    ⚠️  Missing natural key: circuit_references","logger":"task.stdout"}
{"timestamp":"2026-02-15T17:53:42.501714Z","level":"info","event":"    ⚠️  Missing natural key: circuit_references","logger":"task.stdout"}
{"timestamp":"2026-02-15T17:53:42.502201Z","level":"info","event":"📥 Consumed 70 messages...","logger":"task.stdout"}
{"timestamp":"2026-02-15T17:53:42.502692Z","level":"info","event":"    ⚠️  Missing natural key: circuit_references","logger":"task.stdout"}
{"timestamp":"2026-02-15T17:53:42.503246Z","level":"info","event":"    ⚠️  Missing natural key: circuit_references","logger":"task.stdout"}
{"timestamp":"2026-02-15T17:53:42.503778Z","level":"info","event":"    ⚠️  Missing natural key: circuit_references","logger":"task.stdout"}
{"timestamp":"2026-02-15T17:53:42.504327Z","level":"info","event":"    ⚠️  Missing natural key: circuit_references","logger":"task.stdout"}
{"timestamp":"2026-02-15T17:53:42.504775Z","level":"info","event":"    ⚠️  Missing natural key: circuit_references","logger":"task.stdout"}
{"timestamp":"2026-02-15T17:53:42.505265Z","level":"info","event":"    ⚠️  Missing natural key: circuit_references","logger":"task.stdout"}
{"timestamp":"2026-02-15T17:53:42.506038Z","level":"info","event":"    ⚠️  Missing natural key: circuit_references","logger":"task.stdout"}
{"timestamp":"2026-02-15T17:53:42.506652Z","level":"info","event":"    ⚠️  Missing natural key: circuit_references","logger":"task.stdout"}
{"timestamp":"2026-02-15T17:53:42.507286Z","level":"info","event":"    ⚠️  Missing natural key: circuit_references","logger":"task.stdout"}
{"timestamp":"2026-02-15T17:53:42.507881Z","level":"info","event":"    ⚠️  Missing natural key: circuit_references","logger":"task.stdout"}
{"timestamp":"2026-02-15T17:53:42.508484Z","level":"info","event":"📥 Consumed 80 messages...","logger":"task.stdout"}
{"timestamp":"2026-02-15T17:53:42.509088Z","level":"info","event":"    ⚠️  Missing natural key: circuit_references","logger":"task.stdout"}
{"timestamp":"2026-02-15T17:53:42.509722Z","level":"info","event":"    ⚠️  Missing natural key: circuit_references","logger":"task.stdout"}
{"timestamp":"2026-02-15T17:53:42.510374Z","level":"info","event":"    ⚠️  Missing natural key: circuit_references","logger":"task.stdout"}
{"timestamp":"2026-02-15T17:53:42.510785Z","level":"info","event":"    ⚠️  Missing natural key: circuit_references","logger":"task.stdout"}
{"timestamp":"2026-02-15T17:53:42.511275Z","level":"info","event":"    ⚠️  Missing natural key: circuit_references","logger":"task.stdout"}
{"timestamp":"2026-02-15T17:53:42.511830Z","level":"info","event":"    ⚠️  Missing natural key: circuit_references","logger":"task.stdout"}
{"timestamp":"2026-02-15T17:53:42.513186Z","level":"info","event":"    ⚠️  Missing natural key: circuit_references","logger":"task.stdout"}
{"timestamp":"2026-02-15T17:53:42.513768Z","level":"info","event":"    ⚠️  Missing natural key: circuit_references","logger":"task.stdout"}
{"timestamp":"2026-02-15T17:53:42.514278Z","level":"info","event":"    ⚠️  Missing natural key: circuit_references","logger":"task.stdout"}
{"timestamp":"2026-02-15T17:53:42.514783Z","level":"info","event":"    ⚠️  Missing natural key: circuit_references","logger":"task.stdout"}
{"timestamp":"2026-02-15T17:53:42.515345Z","level":"info","event":"📥 Consumed 90 messages...","logger":"task.stdout"}
{"timestamp":"2026-02-15T17:53:42.515888Z","level":"info","event":"    ⚠️  Missing natural key: circuit_references","logger":"task.stdout"}
{"timestamp":"2026-02-15T17:53:42.518168Z","level":"info","event":"    ⚠️  Missing natural key: circuit_references","logger":"task.stdout"}
{"timestamp":"2026-02-15T17:53:42.518842Z","level":"info","event":"    ⚠️  Missing natural key: circuit_references","logger":"task.stdout"}
{"timestamp":"2026-02-15T17:53:42.519454Z","level":"info","event":"    ⚠️  Missing natural key: circuit_references","logger":"task.stdout"}
{"timestamp":"2026-02-15T17:53:42.520036Z","level":"info","event":"    ⚠️  Missing natural key: circuit_references","logger":"task.stdout"}
{"timestamp":"2026-02-15T17:53:42.520574Z","level":"info","event":"    ⚠️  Missing natural key: circuit_references","logger":"task.stdout"}
{"timestamp":"2026-02-15T17:53:42.521060Z","level":"info","event":"    ⚠️  Missing natural key: circuit_references","logger":"task.stdout"}
{"timestamp":"2026-02-15T17:53:42.521518Z","level":"info","event":"    ⚠️  Missing natural key: circuit_references","logger":"task.stdout"}
{"timestamp":"2026-02-15T17:53:42.522032Z","level":"info","event":"    ⚠️  Missing natural key: circuit_references","logger":"task.stdout"}
{"timestamp":"2026-02-15T17:53:42.522562Z","level":"info","event":"    ⚠️  Missing natural key: circuit_references","logger":"task.stdout"}
{"timestamp":"2026-02-15T17:53:42.523104Z","level":"info","event":"📥 Consumed 100 messages...","logger":"task.stdout"}
{"timestamp":"2026-02-15T17:53:42.523653Z","level":"info","event":"    ⚠️  Missing natural key: circuit_references","logger":"task.stdout"}
{"timestamp":"2026-02-15T17:53:42.524187Z","level":"info","event":"    ⚠️  Missing natural key: circuit_references","logger":"task.stdout"}
{"timestamp":"2026-02-15T17:53:42.524682Z","level":"info","event":"    ⚠️  Missing natural key: circuit_references","logger":"task.stdout"}
{"timestamp":"2026-02-15T17:53:42.525119Z","level":"info","event":"    ⚠️  Missing natural key: circuit_references","logger":"task.stdout"}
{"timestamp":"2026-02-15T17:53:42.525575Z","level":"info","event":"    ⚠️  Missing natural key: circuit_references","logger":"task.stdout"}
{"timestamp":"2026-02-15T17:53:42.526013Z","level":"info","event":"    ⚠️  Missing natural key: circuit_references","logger":"task.stdout"}
{"timestamp":"2026-02-15T17:53:42.526468Z","level":"info","event":"    ⚠️  Missing natural key: circuit_references","logger":"task.stdout"}
{"timestamp":"2026-02-15T17:53:42.527042Z","level":"info","event":"    ⚠️  Missing natural key: circuit_references","logger":"task.stdout"}
{"timestamp":"2026-02-15T17:53:42.527635Z","level":"info","event":"    ⚠️  Missing natural key: circuit_references","logger":"task.stdout"}
{"timestamp":"2026-02-15T17:53:42.528204Z","level":"info","event":"    ⚠️  Missing natural key: circuit_references","logger":"task.stdout"}
{"timestamp":"2026-02-15T17:53:42.528712Z","level":"info","event":"📥 Consumed 110 messages...","logger":"task.stdout"}
{"timestamp":"2026-02-15T17:53:42.529820Z","level":"info","event":"    ⚠️  Missing natural key: circuit_references","logger":"task.stdout"}
{"timestamp":"2026-02-15T17:53:42.530412Z","level":"info","event":"    ⚠️  Missing natural key: circuit_references","logger":"task.stdout"}
{"timestamp":"2026-02-15T17:53:42.531070Z","level":"info","event":"    ⚠️  Missing natural key: circuit_references","logger":"task.stdout"}
{"timestamp":"2026-02-15T17:53:42.531632Z","level":"info","event":"    ⚠️  Missing natural key: circuit_references","logger":"task.stdout"}
{"timestamp":"2026-02-15T17:53:42.532352Z","level":"info","event":"    ⚠️  Missing natural key: circuit_references","logger":"task.stdout"}
{"timestamp":"2026-02-15T17:53:42.532873Z","level":"info","event":"    ⚠️  Missing natural key: circuit_references","logger":"task.stdout"}
{"timestamp":"2026-02-15T17:53:42.533413Z","level":"info","event":"    ⚠️  Missing natural key: circuit_references","logger":"task.stdout"}
{"timestamp":"2026-02-15T17:53:42.533964Z","level":"info","event":"    ⚠️  Missing natural key: circuit_references","logger":"task.stdout"}
{"timestamp":"2026-02-15T17:53:42.534646Z","level":"info","event":"    ⚠️  Missing natural key: circuit_references","logger":"task.stdout"}
{"timestamp":"2026-02-15T17:53:42.535159Z","level":"info","event":"    ⚠️  Missing natural key: circuit_references","logger":"task.stdout"}
{"timestamp":"2026-02-15T17:53:42.536455Z","level":"info","event":"📥 Consumed 120 messages...","logger":"task.stdout"}
{"timestamp":"2026-02-15T17:53:42.536985Z","level":"info","event":"    ⚠️  Missing natural key: circuit_references","logger":"task.stdout"}
{"timestamp":"2026-02-15T17:53:42.537478Z","level":"info","event":"    ⚠️  Missing natural key: circuit_references","logger":"task.stdout"}
{"timestamp":"2026-02-15T17:53:42.538124Z","level":"info","event":"    ⚠️  Missing natural key: circuit_references","logger":"task.stdout"}
{"timestamp":"2026-02-15T17:53:42.538729Z","level":"info","event":"    ⚠️  Missing natural key: circuit_references","logger":"task.stdout"}
{"timestamp":"2026-02-15T17:53:42.539286Z","level":"info","event":"    ⚠️  Missing natural key: circuit_references","logger":"task.stdout"}
{"timestamp":"2026-02-15T17:53:42.540562Z","level":"info","event":"    ⚠️  Missing natural key: circuit_references","logger":"task.stdout"}
{"timestamp":"2026-02-15T17:53:42.541080Z","level":"info","event":"    ⚠️  Missing natural key: circuit_references","logger":"task.stdout"}
{"timestamp":"2026-02-15T17:53:42.541527Z","level":"info","event":"    ⚠️  Missing natural key: circuit_references","logger":"task.stdout"}
{"timestamp":"2026-02-15T17:53:42.541945Z","level":"info","event":"    ⚠️  Missing natural key: circuit_references","logger":"task.stdout"}
{"timestamp":"2026-02-15T17:53:42.542405Z","level":"info","event":"    ⚠️  Missing natural key: circuit_references","logger":"task.stdout"}
{"timestamp":"2026-02-15T17:53:42.542811Z","level":"info","event":"📥 Consumed 130 messages...","logger":"task.stdout"}
{"timestamp":"2026-02-15T17:53:42.543195Z","level":"info","event":"    ⚠️  Missing natural key: circuit_references","logger":"task.stdout"}
{"timestamp":"2026-02-15T17:53:42.544041Z","level":"info","event":"    ⚠️  Missing natural key: circuit_references","logger":"task.stdout"}
{"timestamp":"2026-02-15T17:53:42.545329Z","level":"info","event":"    ⚠️  Missing natural key: circuit_references","logger":"task.stdout"}
{"timestamp":"2026-02-15T17:53:42.545990Z","level":"info","event":"    ⚠️  Missing natural key: circuit_references","logger":"task.stdout"}
{"timestamp":"2026-02-15T17:53:42.546589Z","level":"info","event":"    ⚠️  Missing natural key: circuit_references","logger":"task.stdout"}
{"timestamp":"2026-02-15T17:53:42.547151Z","level":"info","event":"    ⚠️  Missing natural key: circuit_references","logger":"task.stdout"}
{"timestamp":"2026-02-15T17:53:42.547630Z","level":"info","event":"    ⚠️  Missing natural key: circuit_references","logger":"task.stdout"}
{"timestamp":"2026-02-15T17:53:42.548078Z","level":"info","event":"    ⚠️  Missing natural key: circuit_references","logger":"task.stdout"}
{"timestamp":"2026-02-15T17:53:42.548570Z","level":"info","event":"    ⚠️  Missing natural key: circuit_references","logger":"task.stdout"}
{"timestamp":"2026-02-15T17:53:42.549036Z","level":"info","event":"    ⚠️  Missing natural key: circuit_references","logger":"task.stdout"}
{"timestamp":"2026-02-15T17:53:42.549489Z","level":"info","event":"📥 Consumed 140 messages...","logger":"task.stdout"}
{"timestamp":"2026-02-15T17:53:42.550003Z","level":"info","event":"    ⚠️  Missing natural key: circuit_references","logger":"task.stdout"}
{"timestamp":"2026-02-15T17:53:42.550517Z","level":"info","event":"    ⚠️  Missing natural key: circuit_references","logger":"task.stdout"}
{"timestamp":"2026-02-15T17:53:42.550979Z","level":"info","event":"    ⚠️  Missing natural key: circuit_references","logger":"task.stdout"}
{"timestamp":"2026-02-15T17:53:42.551478Z","level":"info","event":"    ⚠️  Missing natural key: circuit_references","logger":"task.stdout"}
{"timestamp":"2026-02-15T17:53:47.475957Z","level":"info","event":"","logger":"task.stdout"}
{"timestamp":"2026-02-15T17:53:47.476908Z","level":"info","event":"📊 Processing 144 new records from Kafka","logger":"task.stdout"}
{"timestamp":"2026-02-15T17:53:47.475627Z","level":"error","event":"Task failed with exception","logger":"task","filename":"task_runner.py","lineno":1078,"error_detail":[{"exc_type":"KeyError","exc_value":"'year_round'","exc_notes":[],"syntax_error":null,"is_cause":false,"frames":[{"filename":"/home/airflow/.local/lib/python3.12/site-packages/airflow/sdk/execution_time/task_runner.py","lineno":1004,"name":"run"},{"filename":"/home/airflow/.local/lib/python3.12/site-packages/airflow/sdk/execution_time/task_runner.py","lineno":1405,"name":"_execute_task"},{"filename":"/home/airflow/.local/lib/python3.12/site-packages/airflow/sdk/bases/operator.py","lineno":417,"name":"wrapper"},{"filename":"/home/airflow/.local/lib/python3.12/site-packages/airflow/providers/standard/operators/python.py","lineno":214,"name":"execute"},{"filename":"/home/airflow/.local/lib/python3.12/site-packages/airflow/providers/standard/operators/python.py","lineno":237,"name":"execute_callable"},{"filename":"/home/airflow/.local/lib/python3.12/site-packages/airflow/sdk/execution_time/callback_runner.py","lineno":82,"name":"run"},{"filename":"/opt/airflow/dags/weekly_streaming_pipeline.py","lineno":190,"name":"consume_races"},{"filename":"/opt/airflow/dags/streaming/kafka_consumers.py","lineno":266,"name":"consume"},{"filename":"/opt/airflow/dags/streaming/kafka_consumers.py","lineno":160,"name":"consume_and_merge"},{"filename":"/opt/airflow/dags/streaming/kafka_consumers.py","lineno":202,"name":"_incremental_merge"},{"filename":"/home/airflow/.local/lib/python3.12/site-packages/pandas/core/frame.py","lineno":3893,"name":"__getitem__"},{"filename":"/home/airflow/.local/lib/python3.12/site-packages/pandas/core/indexes/base.py","lineno":3798,"name":"get_loc"}],"is_group":false,"exceptions":[]},{"exc_type":"KeyError","exc_value":"'year_round'","exc_notes":[],"syntax_error":null,"is_cause":true,"frames":[{"filename":"/home/airflow/.local/lib/python3.12/site-packages/pandas/core/indexes/base.py","lineno":3791,"name":"get_loc"},{"filename":"/opt/airflow/index.pyx","lineno":152,"name":"pandas._libs.index.IndexEngine.get_loc"},{"filename":"/opt/airflow/index.pyx","lineno":181,"name":"pandas._libs.index.IndexEngine.get_loc"},{"filename":"/opt/airflow/pandas/_libs/hashtable_class_helper.pxi","lineno":7080,"name":"pandas._libs.hashtable.PyObjectHashTable.get_item"},{"filename":"/opt/airflow/pandas/_libs/hashtable_class_helper.pxi","lineno":7088,"name":"pandas._libs.hashtable.PyObjectHashTable.get_item"}],"is_group":false,"exceptions":[]}]}
