{"timestamp":"2026-02-15T18:13:55.789036Z","level":"info","event":"DAG bundles loaded: dags-folder","logger":"airflow.dag_processing.bundles.manager.DagBundlesManager","filename":"manager.py","lineno":179}
{"timestamp":"2026-02-15T18:13:55.790550Z","level":"info","event":"Filling up the DagBag from /opt/airflow/dags/weekly_streaming_pipeline.py","logger":"airflow.models.dagbag.DagBag","filename":"dagbag.py","lineno":593}
{"timestamp":"2026-02-15T18:13:56.652581Z","level":"info","event":"","logger":"task.stdout"}
{"timestamp":"2026-02-15T18:13:56.653485Z","level":"info","event":"[CONSUMER] Starting dim_race consumption...","logger":"task.stdout"}
{"timestamp":"2026-02-15T18:13:56.654512Z","level":"info","event":"<BrokerConnection client_id=kafka-python-2.2.0, node_id=bootstrap-0 host=kafka:29092 <connecting> [IPv4 ('172.18.0.4', 29092)]>: connecting to kafka:29092 [('172.18.0.4', 29092) IPv4]","logger":"kafka.conn","filename":"conn.py","lineno":395}
{"timestamp":"2026-02-15T18:13:56.659127Z","level":"info","event":"<BrokerConnection client_id=kafka-python-2.2.0, node_id=bootstrap-0 host=kafka:29092 <checking_api_versions_recv> [IPv4 ('172.18.0.4', 29092)]>: Broker version identified as 2.6","logger":"kafka.conn","filename":"conn.py","lineno":615}
{"timestamp":"2026-02-15T18:13:56.660153Z","level":"info","event":"<BrokerConnection client_id=kafka-python-2.2.0, node_id=bootstrap-0 host=kafka:29092 <connected> [IPv4 ('172.18.0.4', 29092)]>: Connection complete.","logger":"kafka.conn","filename":"conn.py","lineno":456}
{"timestamp":"2026-02-15T18:13:56.661144Z","level":"info","event":"Updating subscribed topics to: ('dim-race',)","logger":"kafka.consumer.subscription_state","filename":"subscription_state.py","lineno":177}
{"timestamp":"2026-02-15T18:13:56.661779Z","level":"info","event":"","logger":"task.stdout"}
{"timestamp":"2026-02-15T18:13:56.662132Z","level":"info","event":"======================================================================","logger":"task.stdout"}
{"timestamp":"2026-02-15T18:13:56.662463Z","level":"info","event":"CONSUMING: dim-race → dimensions/dim_race/dim_race.parquet","logger":"task.stdout"}
{"timestamp":"2026-02-15T18:13:56.662758Z","level":"info","event":"======================================================================","logger":"task.stdout"}
{"timestamp":"2026-02-15T18:13:56.663149Z","level":"info","event":"","logger":"task.stdout"}
{"timestamp":"2026-02-15T18:13:56.694894Z","level":"info","event":" Downloaded dimensions/dim_race/dim_race.parquet (280 rows)","logger":"task.stdout"}
{"timestamp":"2026-02-15T18:13:56.695651Z","level":"info","event":" Loaded 280 existing records from Silver","logger":"task.stdout"}
{"timestamp":"2026-02-15T18:13:56.696140Z","level":"info","event":"  Loading lookup table: dim_circuit","logger":"task.stdout"}
{"timestamp":"2026-02-15T18:13:56.701610Z","level":"info","event":" Downloaded dimensions/dim_circuit/dim_circuit.parquet (35 rows)","logger":"task.stdout"}
{"timestamp":"2026-02-15T18:13:56.702306Z","level":"info","event":"Loaded 35 mappings","logger":"task.stdout"}
{"timestamp":"2026-02-15T18:13:56.704432Z","level":"info","event":"<BrokerConnection client_id=kafka-python-2.2.0, node_id=1 host=kafka:29092 <connecting> [IPv4 ('172.18.0.4', 29092)]>: connecting to kafka:29092 [('172.18.0.4', 29092) IPv4]","logger":"kafka.conn","filename":"conn.py","lineno":395}
{"timestamp":"2026-02-15T18:13:56.705173Z","level":"info","event":"<BrokerConnection client_id=kafka-python-2.2.0, node_id=1 host=kafka:29092 <connected> [IPv4 ('172.18.0.4', 29092)]>: Connection complete.","logger":"kafka.conn","filename":"conn.py","lineno":456}
{"timestamp":"2026-02-15T18:13:56.705382Z","level":"info","event":"<BrokerConnection client_id=kafka-python-2.2.0, node_id=bootstrap-0 host=kafka:29092 <connected> [IPv4 ('172.18.0.4', 29092)]>: Closing connection. ","logger":"kafka.conn","filename":"conn.py","lineno":936}
{"timestamp":"2026-02-15T18:13:56.807190Z","level":"info","event":"Coordinator for group/f1-silver-consumers is BrokerMetadata(nodeId='coordinator-1', host='kafka', port=29092, rack=None)","logger":"kafka.cluster","filename":"cluster.py","lineno":398}
{"timestamp":"2026-02-15T18:13:56.807381Z","level":"info","event":"Discovered coordinator coordinator-1 for group f1-silver-consumers","logger":"kafka.coordinator","filename":"base.py","lineno":745}
{"timestamp":"2026-02-15T18:13:56.807537Z","level":"info","event":"Starting new heartbeat thread","logger":"kafka.coordinator","filename":"base.py","lineno":796}
{"timestamp":"2026-02-15T18:13:56.808369Z","level":"info","event":"Revoking previously assigned partitions set() for group f1-silver-consumers","logger":"kafka.coordinator.consumer","filename":"consumer.py","lineno":357}
{"timestamp":"2026-02-15T18:13:56.809508Z","level":"info","event":"<BrokerConnection client_id=kafka-python-2.2.0, node_id=coordinator-1 host=kafka:29092 <connecting> [IPv4 ('172.18.0.4', 29092)]>: connecting to kafka:29092 [('172.18.0.4', 29092) IPv4]","logger":"kafka.conn","filename":"conn.py","lineno":395}
{"timestamp":"2026-02-15T18:13:56.809999Z","level":"info","event":"<BrokerConnection client_id=kafka-python-2.2.0, node_id=coordinator-1 host=kafka:29092 <connected> [IPv4 ('172.18.0.4', 29092)]>: Connection complete.","logger":"kafka.conn","filename":"conn.py","lineno":456}
{"timestamp":"2026-02-15T18:13:56.910912Z","level":"info","event":"(Re-)joining group f1-silver-consumers","logger":"kafka.coordinator","filename":"base.py","lineno":500}
{"timestamp":"2026-02-15T18:13:56.912856Z","level":"info","event":"(Re-)joining group f1-silver-consumers","logger":"kafka.coordinator","filename":"base.py","lineno":500}
{"timestamp":"2026-02-15T18:13:56.915901Z","level":"info","event":"Elected group leader -- performing partition assignments using range","logger":"kafka.coordinator","filename":"base.py","lineno":563}
{"timestamp":"2026-02-15T18:13:56.918791Z","level":"info","event":"Successfully joined group f1-silver-consumers with generation 1","logger":"kafka.coordinator","filename":"base.py","lineno":390}
{"timestamp":"2026-02-15T18:13:56.919120Z","level":"info","event":"Updated partition assignment: [TopicPartition(topic='dim-race', partition=0)]","logger":"kafka.consumer.subscription_state","filename":"subscription_state.py","lineno":246}
{"timestamp":"2026-02-15T18:13:56.919274Z","level":"info","event":"Setting newly assigned partitions {TopicPartition(topic='dim-race', partition=0)} for group f1-silver-consumers","logger":"kafka.coordinator.consumer","filename":"consumer.py","lineno":248}
{"timestamp":"2026-02-15T18:13:56.922572Z","level":"info","event":"Resetting offset for partition TopicPartition(topic='dim-race', partition=0) to offset 0.","logger":"kafka.consumer.fetcher","filename":"fetcher.py","lineno":407}
{"timestamp":"2026-02-15T18:13:56.948541Z","level":"info","event":"    ⚠️  Missing natural key: circuit_references","logger":"task.stdout"}
{"timestamp":"2026-02-15T18:13:56.949126Z","level":"info","event":"    ⚠️  Missing natural key: circuit_references","logger":"task.stdout"}
{"timestamp":"2026-02-15T18:13:56.949666Z","level":"info","event":"    ⚠️  Missing natural key: circuit_references","logger":"task.stdout"}
{"timestamp":"2026-02-15T18:13:56.950173Z","level":"info","event":"    ⚠️  Missing natural key: circuit_references","logger":"task.stdout"}
{"timestamp":"2026-02-15T18:13:56.950687Z","level":"info","event":"    ⚠️  Missing natural key: circuit_references","logger":"task.stdout"}
{"timestamp":"2026-02-15T18:13:56.951115Z","level":"info","event":"    ⚠️  Missing natural key: circuit_references","logger":"task.stdout"}
{"timestamp":"2026-02-15T18:13:56.951553Z","level":"info","event":"    ⚠️  Missing natural key: circuit_references","logger":"task.stdout"}
{"timestamp":"2026-02-15T18:13:56.952103Z","level":"info","event":"    ⚠️  Missing natural key: circuit_references","logger":"task.stdout"}
{"timestamp":"2026-02-15T18:13:56.952653Z","level":"info","event":"    ⚠️  Missing natural key: circuit_references","logger":"task.stdout"}
{"timestamp":"2026-02-15T18:13:56.953309Z","level":"info","event":"    ⚠️  Missing natural key: circuit_references","logger":"task.stdout"}
{"timestamp":"2026-02-15T18:13:56.953850Z","level":"info","event":"📥 Consumed 10 messages...","logger":"task.stdout"}
{"timestamp":"2026-02-15T18:13:56.954288Z","level":"info","event":"    ⚠️  Missing natural key: circuit_references","logger":"task.stdout"}
{"timestamp":"2026-02-15T18:13:56.954708Z","level":"info","event":"    ⚠️  Missing natural key: circuit_references","logger":"task.stdout"}
{"timestamp":"2026-02-15T18:13:56.955334Z","level":"info","event":"    ⚠️  Missing natural key: circuit_references","logger":"task.stdout"}
{"timestamp":"2026-02-15T18:13:56.955878Z","level":"info","event":"    ⚠️  Missing natural key: circuit_references","logger":"task.stdout"}
{"timestamp":"2026-02-15T18:13:56.956446Z","level":"info","event":"    ⚠️  Missing natural key: circuit_references","logger":"task.stdout"}
{"timestamp":"2026-02-15T18:13:56.957015Z","level":"info","event":"    ⚠️  Missing natural key: circuit_references","logger":"task.stdout"}
{"timestamp":"2026-02-15T18:13:56.957656Z","level":"info","event":"    ⚠️  Missing natural key: circuit_references","logger":"task.stdout"}
{"timestamp":"2026-02-15T18:13:56.958119Z","level":"info","event":"    ⚠️  Missing natural key: circuit_references","logger":"task.stdout"}
{"timestamp":"2026-02-15T18:13:56.958567Z","level":"info","event":"    ⚠️  Missing natural key: circuit_references","logger":"task.stdout"}
{"timestamp":"2026-02-15T18:13:56.958962Z","level":"info","event":"    ⚠️  Missing natural key: circuit_references","logger":"task.stdout"}
{"timestamp":"2026-02-15T18:13:56.959279Z","level":"info","event":"📥 Consumed 20 messages...","logger":"task.stdout"}
{"timestamp":"2026-02-15T18:13:56.959605Z","level":"info","event":"    ⚠️  Missing natural key: circuit_references","logger":"task.stdout"}
{"timestamp":"2026-02-15T18:13:56.959935Z","level":"info","event":"    ⚠️  Missing natural key: circuit_references","logger":"task.stdout"}
{"timestamp":"2026-02-15T18:13:56.960265Z","level":"info","event":"    ⚠️  Missing natural key: circuit_references","logger":"task.stdout"}
{"timestamp":"2026-02-15T18:13:56.960587Z","level":"info","event":"    ⚠️  Missing natural key: circuit_references","logger":"task.stdout"}
{"timestamp":"2026-02-15T18:13:56.960917Z","level":"info","event":"    ⚠️  Missing natural key: circuit_references","logger":"task.stdout"}
{"timestamp":"2026-02-15T18:13:56.961290Z","level":"info","event":"    ⚠️  Missing natural key: circuit_references","logger":"task.stdout"}
{"timestamp":"2026-02-15T18:13:56.961655Z","level":"info","event":"    ⚠️  Missing natural key: circuit_references","logger":"task.stdout"}
{"timestamp":"2026-02-15T18:13:56.962018Z","level":"info","event":"    ⚠️  Missing natural key: circuit_references","logger":"task.stdout"}
{"timestamp":"2026-02-15T18:13:56.962375Z","level":"info","event":"    ⚠️  Missing natural key: circuit_references","logger":"task.stdout"}
{"timestamp":"2026-02-15T18:13:56.962730Z","level":"info","event":"    ⚠️  Missing natural key: circuit_references","logger":"task.stdout"}
{"timestamp":"2026-02-15T18:13:56.963005Z","level":"info","event":"📥 Consumed 30 messages...","logger":"task.stdout"}
{"timestamp":"2026-02-15T18:13:56.963310Z","level":"info","event":"    ⚠️  Missing natural key: circuit_references","logger":"task.stdout"}
{"timestamp":"2026-02-15T18:13:56.963600Z","level":"info","event":"    ⚠️  Missing natural key: circuit_references","logger":"task.stdout"}
{"timestamp":"2026-02-15T18:13:56.963880Z","level":"info","event":"    ⚠️  Missing natural key: circuit_references","logger":"task.stdout"}
{"timestamp":"2026-02-15T18:13:56.964152Z","level":"info","event":"    ⚠️  Missing natural key: circuit_references","logger":"task.stdout"}
{"timestamp":"2026-02-15T18:13:56.964418Z","level":"info","event":"    ⚠️  Missing natural key: circuit_references","logger":"task.stdout"}
{"timestamp":"2026-02-15T18:13:56.964690Z","level":"info","event":"    ⚠️  Missing natural key: circuit_references","logger":"task.stdout"}
{"timestamp":"2026-02-15T18:13:56.964972Z","level":"info","event":"    ⚠️  Missing natural key: circuit_references","logger":"task.stdout"}
{"timestamp":"2026-02-15T18:13:56.965208Z","level":"info","event":"    ⚠️  Missing natural key: circuit_references","logger":"task.stdout"}
{"timestamp":"2026-02-15T18:13:56.965424Z","level":"info","event":"    ⚠️  Missing natural key: circuit_references","logger":"task.stdout"}
{"timestamp":"2026-02-15T18:13:56.965640Z","level":"info","event":"    ⚠️  Missing natural key: circuit_references","logger":"task.stdout"}
{"timestamp":"2026-02-15T18:13:56.965852Z","level":"info","event":"📥 Consumed 40 messages...","logger":"task.stdout"}
{"timestamp":"2026-02-15T18:13:56.966062Z","level":"info","event":"    ⚠️  Missing natural key: circuit_references","logger":"task.stdout"}
{"timestamp":"2026-02-15T18:13:56.966272Z","level":"info","event":"    ⚠️  Missing natural key: circuit_references","logger":"task.stdout"}
{"timestamp":"2026-02-15T18:13:56.966483Z","level":"info","event":"    ⚠️  Missing natural key: circuit_references","logger":"task.stdout"}
{"timestamp":"2026-02-15T18:13:56.966694Z","level":"info","event":"    ⚠️  Missing natural key: circuit_references","logger":"task.stdout"}
{"timestamp":"2026-02-15T18:13:56.966903Z","level":"info","event":"    ⚠️  Missing natural key: circuit_references","logger":"task.stdout"}
{"timestamp":"2026-02-15T18:13:56.967113Z","level":"info","event":"    ⚠️  Missing natural key: circuit_references","logger":"task.stdout"}
{"timestamp":"2026-02-15T18:13:56.967322Z","level":"info","event":"    ⚠️  Missing natural key: circuit_references","logger":"task.stdout"}
{"timestamp":"2026-02-15T18:13:56.967530Z","level":"info","event":"    ⚠️  Missing natural key: circuit_references","logger":"task.stdout"}
{"timestamp":"2026-02-15T18:13:56.967738Z","level":"info","event":"    ⚠️  Missing natural key: circuit_references","logger":"task.stdout"}
{"timestamp":"2026-02-15T18:13:56.967949Z","level":"info","event":"    ⚠️  Missing natural key: circuit_references","logger":"task.stdout"}
{"timestamp":"2026-02-15T18:13:56.968159Z","level":"info","event":"📥 Consumed 50 messages...","logger":"task.stdout"}
{"timestamp":"2026-02-15T18:13:56.968373Z","level":"info","event":"    ⚠️  Missing natural key: circuit_references","logger":"task.stdout"}
{"timestamp":"2026-02-15T18:13:56.968582Z","level":"info","event":"    ⚠️  Missing natural key: circuit_references","logger":"task.stdout"}
{"timestamp":"2026-02-15T18:13:56.968791Z","level":"info","event":"    ⚠️  Missing natural key: circuit_references","logger":"task.stdout"}
{"timestamp":"2026-02-15T18:13:56.969098Z","level":"info","event":"    ⚠️  Missing natural key: circuit_references","logger":"task.stdout"}
{"timestamp":"2026-02-15T18:13:56.969318Z","level":"info","event":"    ⚠️  Missing natural key: circuit_references","logger":"task.stdout"}
{"timestamp":"2026-02-15T18:13:56.969528Z","level":"info","event":"    ⚠️  Missing natural key: circuit_references","logger":"task.stdout"}
{"timestamp":"2026-02-15T18:13:56.969737Z","level":"info","event":"    ⚠️  Missing natural key: circuit_references","logger":"task.stdout"}
{"timestamp":"2026-02-15T18:13:56.969946Z","level":"info","event":"    ⚠️  Missing natural key: circuit_references","logger":"task.stdout"}
{"timestamp":"2026-02-15T18:13:56.970156Z","level":"info","event":"    ⚠️  Missing natural key: circuit_references","logger":"task.stdout"}
{"timestamp":"2026-02-15T18:13:56.970362Z","level":"info","event":"    ⚠️  Missing natural key: circuit_references","logger":"task.stdout"}
{"timestamp":"2026-02-15T18:13:56.970569Z","level":"info","event":"📥 Consumed 60 messages...","logger":"task.stdout"}
{"timestamp":"2026-02-15T18:13:56.970814Z","level":"info","event":"    ⚠️  Missing natural key: circuit_references","logger":"task.stdout"}
{"timestamp":"2026-02-15T18:13:56.971234Z","level":"info","event":"    ⚠️  Missing natural key: circuit_references","logger":"task.stdout"}
{"timestamp":"2026-02-15T18:13:56.971679Z","level":"info","event":"    ⚠️  Missing natural key: circuit_references","logger":"task.stdout"}
{"timestamp":"2026-02-15T18:13:56.972204Z","level":"info","event":"    ⚠️  Missing natural key: circuit_references","logger":"task.stdout"}
{"timestamp":"2026-02-15T18:13:56.972551Z","level":"info","event":"    ⚠️  Missing natural key: circuit_references","logger":"task.stdout"}
{"timestamp":"2026-02-15T18:13:56.972849Z","level":"info","event":"    ⚠️  Missing natural key: circuit_references","logger":"task.stdout"}
{"timestamp":"2026-02-15T18:13:56.973178Z","level":"info","event":"    ⚠️  Missing natural key: circuit_references","logger":"task.stdout"}
{"timestamp":"2026-02-15T18:13:56.973489Z","level":"info","event":"    ⚠️  Missing natural key: circuit_references","logger":"task.stdout"}
{"timestamp":"2026-02-15T18:13:56.973776Z","level":"info","event":"    ⚠️  Missing natural key: circuit_references","logger":"task.stdout"}
{"timestamp":"2026-02-15T18:13:56.974001Z","level":"info","event":"    ⚠️  Missing natural key: circuit_references","logger":"task.stdout"}
{"timestamp":"2026-02-15T18:13:56.974240Z","level":"info","event":"📥 Consumed 70 messages...","logger":"task.stdout"}
{"timestamp":"2026-02-15T18:13:56.974486Z","level":"info","event":"    ⚠️  Missing natural key: circuit_references","logger":"task.stdout"}
{"timestamp":"2026-02-15T18:13:56.974714Z","level":"info","event":"    ⚠️  Missing natural key: circuit_references","logger":"task.stdout"}
{"timestamp":"2026-02-15T18:13:56.974936Z","level":"info","event":"    ⚠️  Missing natural key: circuit_references","logger":"task.stdout"}
{"timestamp":"2026-02-15T18:13:56.975160Z","level":"info","event":"    ⚠️  Missing natural key: circuit_references","logger":"task.stdout"}
{"timestamp":"2026-02-15T18:13:56.975379Z","level":"info","event":"    ⚠️  Missing natural key: circuit_references","logger":"task.stdout"}
{"timestamp":"2026-02-15T18:13:56.975600Z","level":"info","event":"    ⚠️  Missing natural key: circuit_references","logger":"task.stdout"}
{"timestamp":"2026-02-15T18:13:56.975817Z","level":"info","event":"    ⚠️  Missing natural key: circuit_references","logger":"task.stdout"}
{"timestamp":"2026-02-15T18:13:56.976034Z","level":"info","event":"    ⚠️  Missing natural key: circuit_references","logger":"task.stdout"}
{"timestamp":"2026-02-15T18:13:56.976248Z","level":"info","event":"    ⚠️  Missing natural key: circuit_references","logger":"task.stdout"}
{"timestamp":"2026-02-15T18:13:56.976462Z","level":"info","event":"    ⚠️  Missing natural key: circuit_references","logger":"task.stdout"}
{"timestamp":"2026-02-15T18:13:56.976675Z","level":"info","event":"📥 Consumed 80 messages...","logger":"task.stdout"}
{"timestamp":"2026-02-15T18:13:56.976889Z","level":"info","event":"    ⚠️  Missing natural key: circuit_references","logger":"task.stdout"}
{"timestamp":"2026-02-15T18:13:56.977108Z","level":"info","event":"    ⚠️  Missing natural key: circuit_references","logger":"task.stdout"}
{"timestamp":"2026-02-15T18:13:56.977326Z","level":"info","event":"    ⚠️  Missing natural key: circuit_references","logger":"task.stdout"}
{"timestamp":"2026-02-15T18:13:56.977668Z","level":"info","event":"    ⚠️  Missing natural key: circuit_references","logger":"task.stdout"}
{"timestamp":"2026-02-15T18:13:56.977895Z","level":"info","event":"    ⚠️  Missing natural key: circuit_references","logger":"task.stdout"}
{"timestamp":"2026-02-15T18:13:56.978113Z","level":"info","event":"    ⚠️  Missing natural key: circuit_references","logger":"task.stdout"}
{"timestamp":"2026-02-15T18:13:56.978325Z","level":"info","event":"    ⚠️  Missing natural key: circuit_references","logger":"task.stdout"}
{"timestamp":"2026-02-15T18:13:56.978536Z","level":"info","event":"    ⚠️  Missing natural key: circuit_references","logger":"task.stdout"}
{"timestamp":"2026-02-15T18:13:56.978746Z","level":"info","event":"    ⚠️  Missing natural key: circuit_references","logger":"task.stdout"}
{"timestamp":"2026-02-15T18:13:56.978962Z","level":"info","event":"    ⚠️  Missing natural key: circuit_references","logger":"task.stdout"}
{"timestamp":"2026-02-15T18:13:56.979175Z","level":"info","event":"📥 Consumed 90 messages...","logger":"task.stdout"}
{"timestamp":"2026-02-15T18:13:56.979385Z","level":"info","event":"    ⚠️  Missing natural key: circuit_references","logger":"task.stdout"}
{"timestamp":"2026-02-15T18:13:56.979598Z","level":"info","event":"    ⚠️  Missing natural key: circuit_references","logger":"task.stdout"}
{"timestamp":"2026-02-15T18:13:56.979804Z","level":"info","event":"    ⚠️  Missing natural key: circuit_references","logger":"task.stdout"}
{"timestamp":"2026-02-15T18:13:56.980012Z","level":"info","event":"    ⚠️  Missing natural key: circuit_references","logger":"task.stdout"}
{"timestamp":"2026-02-15T18:13:56.980222Z","level":"info","event":"    ⚠️  Missing natural key: circuit_references","logger":"task.stdout"}
{"timestamp":"2026-02-15T18:13:56.980433Z","level":"info","event":"    ⚠️  Missing natural key: circuit_references","logger":"task.stdout"}
{"timestamp":"2026-02-15T18:13:56.980640Z","level":"info","event":"    ⚠️  Missing natural key: circuit_references","logger":"task.stdout"}
{"timestamp":"2026-02-15T18:13:56.980849Z","level":"info","event":"    ⚠️  Missing natural key: circuit_references","logger":"task.stdout"}
{"timestamp":"2026-02-15T18:13:56.981098Z","level":"info","event":"    ⚠️  Missing natural key: circuit_references","logger":"task.stdout"}
{"timestamp":"2026-02-15T18:13:56.981347Z","level":"info","event":"    ⚠️  Missing natural key: circuit_references","logger":"task.stdout"}
{"timestamp":"2026-02-15T18:13:56.981603Z","level":"info","event":"📥 Consumed 100 messages...","logger":"task.stdout"}
{"timestamp":"2026-02-15T18:13:56.981832Z","level":"info","event":"    ⚠️  Missing natural key: circuit_references","logger":"task.stdout"}
{"timestamp":"2026-02-15T18:13:56.982053Z","level":"info","event":"    ⚠️  Missing natural key: circuit_references","logger":"task.stdout"}
{"timestamp":"2026-02-15T18:13:56.982269Z","level":"info","event":"    ⚠️  Missing natural key: circuit_references","logger":"task.stdout"}
{"timestamp":"2026-02-15T18:13:56.982482Z","level":"info","event":"    ⚠️  Missing natural key: circuit_references","logger":"task.stdout"}
{"timestamp":"2026-02-15T18:13:56.982697Z","level":"info","event":"    ⚠️  Missing natural key: circuit_references","logger":"task.stdout"}
{"timestamp":"2026-02-15T18:13:56.982907Z","level":"info","event":"    ⚠️  Missing natural key: circuit_references","logger":"task.stdout"}
{"timestamp":"2026-02-15T18:13:56.983120Z","level":"info","event":"    ⚠️  Missing natural key: circuit_references","logger":"task.stdout"}
{"timestamp":"2026-02-15T18:13:56.983328Z","level":"info","event":"    ⚠️  Missing natural key: circuit_references","logger":"task.stdout"}
{"timestamp":"2026-02-15T18:13:56.983540Z","level":"info","event":"    ⚠️  Missing natural key: circuit_references","logger":"task.stdout"}
{"timestamp":"2026-02-15T18:13:56.983784Z","level":"info","event":"    ⚠️  Missing natural key: circuit_references","logger":"task.stdout"}
{"timestamp":"2026-02-15T18:13:56.984010Z","level":"info","event":"📥 Consumed 110 messages...","logger":"task.stdout"}
{"timestamp":"2026-02-15T18:13:56.984217Z","level":"info","event":"    ⚠️  Missing natural key: circuit_references","logger":"task.stdout"}
{"timestamp":"2026-02-15T18:13:56.984425Z","level":"info","event":"    ⚠️  Missing natural key: circuit_references","logger":"task.stdout"}
{"timestamp":"2026-02-15T18:13:56.984631Z","level":"info","event":"    ⚠️  Missing natural key: circuit_references","logger":"task.stdout"}
{"timestamp":"2026-02-15T18:13:56.984837Z","level":"info","event":"    ⚠️  Missing natural key: circuit_references","logger":"task.stdout"}
{"timestamp":"2026-02-15T18:13:56.985080Z","level":"info","event":"    ⚠️  Missing natural key: circuit_references","logger":"task.stdout"}
{"timestamp":"2026-02-15T18:13:56.985308Z","level":"info","event":"    ⚠️  Missing natural key: circuit_references","logger":"task.stdout"}
{"timestamp":"2026-02-15T18:13:56.985522Z","level":"info","event":"    ⚠️  Missing natural key: circuit_references","logger":"task.stdout"}
{"timestamp":"2026-02-15T18:13:56.985733Z","level":"info","event":"    ⚠️  Missing natural key: circuit_references","logger":"task.stdout"}
{"timestamp":"2026-02-15T18:13:56.985941Z","level":"info","event":"    ⚠️  Missing natural key: circuit_references","logger":"task.stdout"}
{"timestamp":"2026-02-15T18:13:56.986146Z","level":"info","event":"    ⚠️  Missing natural key: circuit_references","logger":"task.stdout"}
{"timestamp":"2026-02-15T18:13:56.986355Z","level":"info","event":"📥 Consumed 120 messages...","logger":"task.stdout"}
{"timestamp":"2026-02-15T18:13:56.986561Z","level":"info","event":"    ⚠️  Missing natural key: circuit_references","logger":"task.stdout"}
{"timestamp":"2026-02-15T18:13:56.986767Z","level":"info","event":"    ⚠️  Missing natural key: circuit_references","logger":"task.stdout"}
{"timestamp":"2026-02-15T18:13:56.986972Z","level":"info","event":"    ⚠️  Missing natural key: circuit_references","logger":"task.stdout"}
{"timestamp":"2026-02-15T18:13:56.987174Z","level":"info","event":"    ⚠️  Missing natural key: circuit_references","logger":"task.stdout"}
{"timestamp":"2026-02-15T18:13:56.987426Z","level":"info","event":"    ⚠️  Missing natural key: circuit_references","logger":"task.stdout"}
{"timestamp":"2026-02-15T18:13:56.988038Z","level":"info","event":"    ⚠️  Missing natural key: circuit_references","logger":"task.stdout"}
{"timestamp":"2026-02-15T18:13:56.988371Z","level":"info","event":"    ⚠️  Missing natural key: circuit_references","logger":"task.stdout"}
{"timestamp":"2026-02-15T18:13:56.989717Z","level":"info","event":"    ⚠️  Missing natural key: circuit_references","logger":"task.stdout"}
{"timestamp":"2026-02-15T18:13:56.990057Z","level":"info","event":"    ⚠️  Missing natural key: circuit_references","logger":"task.stdout"}
{"timestamp":"2026-02-15T18:13:56.990403Z","level":"info","event":"    ⚠️  Missing natural key: circuit_references","logger":"task.stdout"}
{"timestamp":"2026-02-15T18:13:56.991152Z","level":"info","event":"📥 Consumed 130 messages...","logger":"task.stdout"}
{"timestamp":"2026-02-15T18:13:56.991723Z","level":"info","event":"    ⚠️  Missing natural key: circuit_references","logger":"task.stdout"}
{"timestamp":"2026-02-15T18:13:56.992099Z","level":"info","event":"    ⚠️  Missing natural key: circuit_references","logger":"task.stdout"}
{"timestamp":"2026-02-15T18:13:56.992442Z","level":"info","event":"    ⚠️  Missing natural key: circuit_references","logger":"task.stdout"}
{"timestamp":"2026-02-15T18:13:56.992765Z","level":"info","event":"    ⚠️  Missing natural key: circuit_references","logger":"task.stdout"}
{"timestamp":"2026-02-15T18:13:56.993117Z","level":"info","event":"    ⚠️  Missing natural key: circuit_references","logger":"task.stdout"}
{"timestamp":"2026-02-15T18:13:56.993457Z","level":"info","event":"    ⚠️  Missing natural key: circuit_references","logger":"task.stdout"}
{"timestamp":"2026-02-15T18:13:56.993783Z","level":"info","event":"    ⚠️  Missing natural key: circuit_references","logger":"task.stdout"}
{"timestamp":"2026-02-15T18:13:56.994082Z","level":"info","event":"    ⚠️  Missing natural key: circuit_references","logger":"task.stdout"}
{"timestamp":"2026-02-15T18:13:56.994363Z","level":"info","event":"    ⚠️  Missing natural key: circuit_references","logger":"task.stdout"}
{"timestamp":"2026-02-15T18:13:56.994663Z","level":"info","event":"    ⚠️  Missing natural key: circuit_references","logger":"task.stdout"}
{"timestamp":"2026-02-15T18:13:56.994884Z","level":"info","event":"📥 Consumed 140 messages...","logger":"task.stdout"}
{"timestamp":"2026-02-15T18:13:56.995136Z","level":"info","event":"    ⚠️  Missing natural key: circuit_references","logger":"task.stdout"}
{"timestamp":"2026-02-15T18:13:56.995366Z","level":"info","event":"    ⚠️  Missing natural key: circuit_references","logger":"task.stdout"}
{"timestamp":"2026-02-15T18:13:56.995616Z","level":"info","event":"    ⚠️  Missing natural key: circuit_references","logger":"task.stdout"}
{"timestamp":"2026-02-15T18:13:56.995934Z","level":"info","event":"    ⚠️  Missing natural key: circuit_references","logger":"task.stdout"}
{"timestamp":"2026-02-15T18:14:01.954450Z","level":"info","event":"","logger":"task.stdout"}
{"timestamp":"2026-02-15T18:14:01.955109Z","level":"info","event":"📊 Processing 144 new records from Kafka","logger":"task.stdout"}
{"timestamp":"2026-02-15T18:14:01.955374Z","level":"error","event":"Task failed with exception","logger":"task","filename":"task_runner.py","lineno":1078,"error_detail":[{"exc_type":"KeyError","exc_value":"'year_round'","exc_notes":[],"syntax_error":null,"is_cause":false,"frames":[{"filename":"/home/airflow/.local/lib/python3.12/site-packages/airflow/sdk/execution_time/task_runner.py","lineno":1004,"name":"run"},{"filename":"/home/airflow/.local/lib/python3.12/site-packages/airflow/sdk/execution_time/task_runner.py","lineno":1405,"name":"_execute_task"},{"filename":"/home/airflow/.local/lib/python3.12/site-packages/airflow/sdk/bases/operator.py","lineno":417,"name":"wrapper"},{"filename":"/home/airflow/.local/lib/python3.12/site-packages/airflow/providers/standard/operators/python.py","lineno":214,"name":"execute"},{"filename":"/home/airflow/.local/lib/python3.12/site-packages/airflow/providers/standard/operators/python.py","lineno":237,"name":"execute_callable"},{"filename":"/home/airflow/.local/lib/python3.12/site-packages/airflow/sdk/execution_time/callback_runner.py","lineno":82,"name":"run"},{"filename":"/opt/airflow/dags/weekly_streaming_pipeline.py","lineno":190,"name":"consume_races"},{"filename":"/opt/airflow/dags/streaming/kafka_consumers.py","lineno":266,"name":"consume"},{"filename":"/opt/airflow/dags/streaming/kafka_consumers.py","lineno":160,"name":"consume_and_merge"},{"filename":"/opt/airflow/dags/streaming/kafka_consumers.py","lineno":202,"name":"_incremental_merge"},{"filename":"/home/airflow/.local/lib/python3.12/site-packages/pandas/core/frame.py","lineno":3893,"name":"__getitem__"},{"filename":"/home/airflow/.local/lib/python3.12/site-packages/pandas/core/indexes/base.py","lineno":3798,"name":"get_loc"}],"is_group":false,"exceptions":[]},{"exc_type":"KeyError","exc_value":"'year_round'","exc_notes":[],"syntax_error":null,"is_cause":true,"frames":[{"filename":"/home/airflow/.local/lib/python3.12/site-packages/pandas/core/indexes/base.py","lineno":3791,"name":"get_loc"},{"filename":"/opt/airflow/index.pyx","lineno":152,"name":"pandas._libs.index.IndexEngine.get_loc"},{"filename":"/opt/airflow/index.pyx","lineno":181,"name":"pandas._libs.index.IndexEngine.get_loc"},{"filename":"/opt/airflow/pandas/_libs/hashtable_class_helper.pxi","lineno":7080,"name":"pandas._libs.hashtable.PyObjectHashTable.get_item"},{"filename":"/opt/airflow/pandas/_libs/hashtable_class_helper.pxi","lineno":7088,"name":"pandas._libs.hashtable.PyObjectHashTable.get_item"}],"is_group":false,"exceptions":[]}]}
