{"timestamp":"2026-02-11T14:38:09.642468Z","level":"info","event":"DAG bundles loaded: dags-folder","logger":"airflow.dag_processing.bundles.manager.DagBundlesManager","filename":"manager.py","lineno":179}
{"timestamp":"2026-02-11T14:38:09.651740Z","level":"info","event":"Filling up the DagBag from /opt/airflow/dags/csv_bronze_to_silver.py","logger":"airflow.models.dagbag.DagBag","filename":"dagbag.py","lineno":593}
{"timestamp":"2026-02-11T14:38:17.902962Z","level":"info","event":"TRANSFORM: fact_race_results → Silver (Parquet with surrogate keys)","logger":"task.stdout"}
{"timestamp":"2026-02-11T14:38:42.484721Z","level":"warning","event":"Columns (7,8,13,14,17,42,45,63) have mixed types. Specify dtype option on import or set low_memory=False.","category":"DtypeWarning","filename":"/opt/airflow/dags/csv_bronze_to_silver.py","lineno":320,"logger":"py.warnings"}
{"timestamp":"2026-02-11T14:38:43.402521Z","level":"info","event":" Downloaded dimensions/dim_driver/dim_driver.parquet (65 rows)","logger":"task.stdout"}
{"timestamp":"2026-02-11T14:38:43.414923Z","level":"info","event":" Downloaded dimensions/dim_constructor/dim_constructor.parquet (20 rows)","logger":"task.stdout"}
{"timestamp":"2026-02-11T14:38:43.415449Z","level":"info","event":" Downloaded dimensions/dim_race/dim_race.parquet (232 rows)","logger":"task.stdout"}
{"timestamp":"2026-02-11T14:38:43.420205Z","level":"info","event":" Downloaded dimensions/dim_time/dim_time.parquet (6940 rows)","logger":"task.stdout"}
{"timestamp":"2026-02-11T14:38:43.536973Z","level":"info","event":"Transformed 4,502 race results with surrogate keys","logger":"task.stdout"}
{"timestamp":"2026-02-11T14:38:43.562701Z","level":"info","event":" Uploaded facts/fact_race_results/year=2012/data.parquet (447 rows)","logger":"task.stdout"}
{"timestamp":"2026-02-11T14:38:43.563086Z","level":"info","event":"Year 2012: 447 rows","logger":"task.stdout"}
{"timestamp":"2026-02-11T14:38:43.575563Z","level":"info","event":" Uploaded facts/fact_race_results/year=2013/data.parquet (401 rows)","logger":"task.stdout"}
{"timestamp":"2026-02-11T14:38:43.575976Z","level":"info","event":"Year 2013: 401 rows","logger":"task.stdout"}
{"timestamp":"2026-02-11T14:38:43.587302Z","level":"info","event":" Uploaded facts/fact_race_results/year=2014/data.parquet (378 rows)","logger":"task.stdout"}
{"timestamp":"2026-02-11T14:38:43.587679Z","level":"info","event":"Year 2014: 378 rows","logger":"task.stdout"}
{"timestamp":"2026-02-11T14:38:43.599814Z","level":"info","event":" Uploaded facts/fact_race_results/year=2015/data.parquet (347 rows)","logger":"task.stdout"}
{"timestamp":"2026-02-11T14:38:43.600224Z","level":"info","event":"Year 2015: 347 rows","logger":"task.stdout"}
{"timestamp":"2026-02-11T14:38:43.612400Z","level":"info","event":" Uploaded facts/fact_race_results/year=2016/data.parquet (431 rows)","logger":"task.stdout"}
{"timestamp":"2026-02-11T14:38:43.612775Z","level":"info","event":"Year 2016: 431 rows","logger":"task.stdout"}
{"timestamp":"2026-02-11T14:38:43.626573Z","level":"info","event":" Uploaded facts/fact_race_results/year=2017/data.parquet (357 rows)","logger":"task.stdout"}
{"timestamp":"2026-02-11T14:38:43.626995Z","level":"info","event":"Year 2017: 357 rows","logger":"task.stdout"}
{"timestamp":"2026-02-11T14:38:43.639344Z","level":"info","event":" Uploaded facts/fact_race_results/year=2018/data.parquet (382 rows)","logger":"task.stdout"}
{"timestamp":"2026-02-11T14:38:43.639824Z","level":"info","event":"Year 2018: 382 rows","logger":"task.stdout"}
{"timestamp":"2026-02-11T14:38:43.653178Z","level":"info","event":" Uploaded facts/fact_race_results/year=2019/data.parquet (409 rows)","logger":"task.stdout"}
{"timestamp":"2026-02-11T14:38:43.653641Z","level":"info","event":"Year 2019: 409 rows","logger":"task.stdout"}
{"timestamp":"2026-02-11T14:38:43.666166Z","level":"info","event":" Uploaded facts/fact_race_results/year=2020/data.parquet (313 rows)","logger":"task.stdout"}
{"timestamp":"2026-02-11T14:38:43.666558Z","level":"info","event":"Year 2020: 313 rows","logger":"task.stdout"}
{"timestamp":"2026-02-11T14:38:43.682070Z","level":"info","event":" Uploaded facts/fact_race_results/year=2021/data.parquet (397 rows)","logger":"task.stdout"}
{"timestamp":"2026-02-11T14:38:43.682631Z","level":"info","event":"Year 2021: 397 rows","logger":"task.stdout"}
{"timestamp":"2026-02-11T14:38:43.695524Z","level":"info","event":" Uploaded facts/fact_race_results/year=2022/data.parquet (410 rows)","logger":"task.stdout"}
{"timestamp":"2026-02-11T14:38:43.695912Z","level":"info","event":"Year 2022: 410 rows","logger":"task.stdout"}
{"timestamp":"2026-02-11T14:38:43.710797Z","level":"info","event":" Uploaded facts/fact_race_results/year=2023/data.parquet (230 rows)","logger":"task.stdout"}
{"timestamp":"2026-02-11T14:38:43.711299Z","level":"info","event":"Year 2023: 230 rows","logger":"task.stdout"}
{"timestamp":"2026-02-11T14:38:43.787106Z","level":"info","event":"Done. Returned value was: 4502","logger":"airflow.task.operators.airflow.providers.standard.operators.python.PythonOperator","filename":"python.py","lineno":216}
{"timestamp":"2026-02-11T14:38:43.791152Z","level":"info","event":"Pushing xcom","ti":"RuntimeTaskInstance(id=UUID('019c4d22-ca57-7f09-8dc8-8e2a77d39c82'), task_id='transform_fact_race_results', dag_id='csv_bronze_to_silver', run_id='manual__2026-02-11T14:37:31.445462+00:00', try_number=1, dag_version_id=UUID('019c4cc4-73aa-7cc6-a783-56fcf2e4c22b'), map_index=-1, hostname='d105c47e2bea', context_carrier={}, task=<Task(PythonOperator): transform_fact_race_results>, bundle_instance=LocalDagBundle(name=dags-folder), max_tries=1, start_date=datetime.datetime(2026, 2, 11, 14, 38, 8, 766037, tzinfo=datetime.timezone.utc), end_date=None, state=<TaskInstanceState.RUNNING: 'running'>, is_mapped=False, rendered_map_index=None)","logger":"task","filename":"task_runner.py","lineno":1450}
