{"timestamp":"2026-02-12T18:18:28.519002Z","level":"info","event":"DAG bundles loaded: dags-folder","logger":"airflow.dag_processing.bundles.manager.DagBundlesManager","filename":"manager.py","lineno":179}
{"timestamp":"2026-02-12T18:18:28.520156Z","level":"info","event":"Filling up the DagBag from /opt/airflow/dags/api_etl/api_pitstops_bronze_to_silver.py","logger":"airflow.models.dagbag.DagBag","filename":"dagbag.py","lineno":593}
{"timestamp":"2026-02-12T18:18:28.936318Z","level":"info","event":"======================================================================","logger":"task.stdout"}
{"timestamp":"2026-02-12T18:18:28.936828Z","level":"info","event":"F1 PIT STOPS BACKFILL: ERGAST API -> SILVER","logger":"task.stdout"}
{"timestamp":"2026-02-12T18:18:28.937089Z","level":"info","event":"======================================================================","logger":"task.stdout"}
{"timestamp":"2026-02-12T18:18:28.937423Z","level":"info","event":"","logger":"task.stdout"}
{"timestamp":"2026-02-12T18:18:28.937654Z","level":"info","event":"[STEP 1] Scraping API...","logger":"task.stdout"}
{"timestamp":"2026-02-12T18:18:28.937915Z","level":"info","event":"","logger":"task.stdout"}
{"timestamp":"2026-02-12T18:18:28.938137Z","level":"info","event":"======================================================================","logger":"task.stdout"}
{"timestamp":"2026-02-12T18:18:28.938391Z","level":"info","event":"SCRAPING PIT STOPS FROM ERGAST API: 2024-2025","logger":"task.stdout"}
{"timestamp":"2026-02-12T18:18:28.938609Z","level":"info","event":"======================================================================","logger":"task.stdout"}
{"timestamp":"2026-02-12T18:18:28.938862Z","level":"info","event":"","logger":"task.stdout"}
{"timestamp":"2026-02-12T18:18:28.939074Z","level":"info","event":"","logger":"task.stdout"}
{"timestamp":"2026-02-12T18:18:28.939308Z","level":"info","event":"======================================================================","logger":"task.stdout"}
{"timestamp":"2026-02-12T18:18:28.939519Z","level":"info","event":"SCRAPING PIT STOPS FOR 2024","logger":"task.stdout"}
{"timestamp":"2026-02-12T18:18:28.939750Z","level":"info","event":"======================================================================","logger":"task.stdout"}
{"timestamp":"2026-02-12T18:18:28.939962Z","level":"info","event":"","logger":"task.stdout"}
{"timestamp":"2026-02-12T18:18:28.940139Z","level":"info","event":"Fetching pit stops for 2024 Round 1...","logger":"task.stdout"}
{"timestamp":"2026-02-12T18:19:22.937238Z","level":"info","event":"  43 pit stops found","logger":"task.stdout"}
{"timestamp":"2026-02-12T18:19:22.937811Z","level":"info","event":"Fetching pit stops for 2024 Round 2...","logger":"task.stdout"}
{"timestamp":"2026-02-12T18:20:15.275489Z","level":"info","event":"  19 pit stops found","logger":"task.stdout"}
{"timestamp":"2026-02-12T18:20:15.275865Z","level":"info","event":"Fetching pit stops for 2024 Round 3...","logger":"task.stdout"}
{"timestamp":"2026-02-12T18:21:06.525405Z","level":"info","event":"  36 pit stops found","logger":"task.stdout"}
{"timestamp":"2026-02-12T18:21:06.525937Z","level":"info","event":"Fetching pit stops for 2024 Round 4...","logger":"task.stdout"}
{"timestamp":"2026-02-12T18:22:00.496886Z","level":"info","event":"  54 pit stops found","logger":"task.stdout"}
{"timestamp":"2026-02-12T18:22:00.497322Z","level":"info","event":"Fetching pit stops for 2024 Round 5...","logger":"task.stdout"}
{"timestamp":"2026-02-12T18:22:52.575306Z","level":"info","event":"  40 pit stops found","logger":"task.stdout"}
{"timestamp":"2026-02-12T18:22:52.575950Z","level":"info","event":"Fetching pit stops for 2024 Round 6...","logger":"task.stdout"}
{"timestamp":"2026-02-12T18:23:44.698531Z","level":"info","event":"  28 pit stops found","logger":"task.stdout"}
{"timestamp":"2026-02-12T18:23:44.699092Z","level":"info","event":"Fetching pit stops for 2024 Round 7...","logger":"task.stdout"}
{"timestamp":"2026-02-12T18:24:36.950201Z","level":"info","event":"  27 pit stops found","logger":"task.stdout"}
{"timestamp":"2026-02-12T18:24:36.952767Z","level":"info","event":"Fetching pit stops for 2024 Round 8...","logger":"task.stdout"}
{"timestamp":"2026-02-12T18:25:28.607261Z","level":"info","event":"  23 pit stops found","logger":"task.stdout"}
{"timestamp":"2026-02-12T18:25:28.607671Z","level":"info","event":"Fetching pit stops for 2024 Round 9...","logger":"task.stdout"}
{"timestamp":"2026-02-12T18:26:21.032232Z","level":"info","event":"  42 pit stops found","logger":"task.stdout"}
{"timestamp":"2026-02-12T18:26:21.032796Z","level":"info","event":"Fetching pit stops for 2024 Round 10...","logger":"task.stdout"}
{"timestamp":"2026-02-12T18:27:13.271220Z","level":"info","event":"  42 pit stops found","logger":"task.stdout"}
{"timestamp":"2026-02-12T18:27:13.271751Z","level":"info","event":"Fetching pit stops for 2024 Round 11...","logger":"task.stdout"}
{"timestamp":"2026-02-12T18:28:04.866177Z","level":"info","event":"  45 pit stops found","logger":"task.stdout"}
{"timestamp":"2026-02-12T18:28:04.866797Z","level":"info","event":"Fetching pit stops for 2024 Round 12...","logger":"task.stdout"}
{"timestamp":"2026-02-12T18:28:56.775929Z","level":"info","event":"  45 pit stops found","logger":"task.stdout"}
{"timestamp":"2026-02-12T18:28:56.776445Z","level":"info","event":"Fetching pit stops for 2024 Round 13...","logger":"task.stdout"}
{"timestamp":"2026-02-12T18:29:48.536877Z","level":"info","event":"  40 pit stops found","logger":"task.stdout"}
{"timestamp":"2026-02-12T18:29:48.537174Z","level":"info","event":"Fetching pit stops for 2024 Round 14...","logger":"task.stdout"}
{"timestamp":"2026-02-12T18:30:42.254522Z","level":"info","event":"  34 pit stops found","logger":"task.stdout"}
{"timestamp":"2026-02-12T18:30:42.254828Z","level":"info","event":"Fetching pit stops for 2024 Round 15...","logger":"task.stdout"}
{"timestamp":"2026-02-12T18:31:34.794515Z","level":"info","event":"  26 pit stops found","logger":"task.stdout"}
{"timestamp":"2026-02-12T18:31:34.794829Z","level":"info","event":"Fetching pit stops for 2024 Round 16...","logger":"task.stdout"}
{"timestamp":"2026-02-12T18:32:28.642829Z","level":"info","event":"  30 pit stops found","logger":"task.stdout"}
{"timestamp":"2026-02-12T18:32:28.643213Z","level":"info","event":"Fetching pit stops for 2024 Round 17...","logger":"task.stdout"}
{"timestamp":"2026-02-12T18:33:22.533749Z","level":"info","event":"  22 pit stops found","logger":"task.stdout"}
{"timestamp":"2026-02-12T18:33:22.534420Z","level":"info","event":"Fetching pit stops for 2024 Round 18...","logger":"task.stdout"}
{"timestamp":"2026-02-12T18:34:14.930946Z","level":"info","event":"  23 pit stops found","logger":"task.stdout"}
{"timestamp":"2026-02-12T18:34:14.931411Z","level":"info","event":"Fetching pit stops for 2024 Round 19...","logger":"task.stdout"}
{"timestamp":"2026-02-12T18:35:05.447391Z","level":"info","event":"  23 pit stops found","logger":"task.stdout"}
{"timestamp":"2026-02-12T18:35:05.448139Z","level":"info","event":"Fetching pit stops for 2024 Round 20...","logger":"task.stdout"}
{"timestamp":"2026-02-12T18:35:58.727393Z","level":"info","event":"  21 pit stops found","logger":"task.stdout"}
{"timestamp":"2026-02-12T18:35:58.727773Z","level":"info","event":"Fetching pit stops for 2024 Round 21...","logger":"task.stdout"}
{"timestamp":"2026-02-12T18:36:51.113149Z","level":"info","event":"  35 pit stops found","logger":"task.stdout"}
{"timestamp":"2026-02-12T18:36:51.113869Z","level":"info","event":"Fetching pit stops for 2024 Round 22...","logger":"task.stdout"}
{"timestamp":"2026-02-12T18:36:52.748127Z","level":"info","event":"Rate limit hit! Waiting 51s before retry 1/10...","logger":"task.stdout"}
{"timestamp":"2026-02-12T18:37:44.755170Z","level":"info","event":"Rate limit hit! Waiting 104s before retry 2/10...","logger":"task.stdout"}
{"timestamp":"2026-02-12T18:39:29.782191Z","level":"info","event":"Rate limit hit! Waiting 151s before retry 3/10...","logger":"task.stdout"}
{"timestamp":"2026-02-12T18:42:01.604471Z","level":"info","event":"Rate limit hit! Waiting 204s before retry 4/10...","logger":"task.stdout"}
{"timestamp":"2026-02-12T18:45:26.175458Z","level":"info","event":"Rate limit hit! Waiting 251s before retry 5/10...","logger":"task.stdout"}
{"timestamp":"2026-02-12T18:50:28.083782Z","level":"info","event":"  39 pit stops found","logger":"task.stdout"}
{"timestamp":"2026-02-12T18:50:28.084406Z","level":"info","event":"Fetching pit stops for 2024 Round 23...","logger":"task.stdout"}
{"timestamp":"2026-02-12T18:51:20.807513Z","level":"info","event":"  60 pit stops found","logger":"task.stdout"}
{"timestamp":"2026-02-12T18:51:20.807858Z","level":"info","event":"Fetching pit stops for 2024 Round 24...","logger":"task.stdout"}
{"timestamp":"2026-02-12T18:52:12.629571Z","level":"info","event":"  28 pit stops found","logger":"task.stdout"}
{"timestamp":"2026-02-12T18:52:12.630060Z","level":"info","event":"Fetching pit stops for 2024 Round 25...","logger":"task.stdout"}
{"timestamp":"2026-02-12T18:53:03.594380Z","level":"info","event":"  No data for 2024 Round 25","logger":"task.stdout"}
{"timestamp":"2026-02-12T18:53:03.594874Z","level":"info","event":"","logger":"task.stdout"}
{"timestamp":"2026-02-12T18:53:03.595300Z","level":"info","event":"Total pit stops for 2024: 825","logger":"task.stdout"}
{"timestamp":"2026-02-12T18:53:03.595680Z","level":"info","event":"","logger":"task.stdout"}
{"timestamp":"2026-02-12T18:53:03.596046Z","level":"info","event":"======================================================================","logger":"task.stdout"}
{"timestamp":"2026-02-12T18:53:03.596427Z","level":"info","event":"SCRAPING PIT STOPS FOR 2025","logger":"task.stdout"}
{"timestamp":"2026-02-12T18:53:03.596880Z","level":"info","event":"======================================================================","logger":"task.stdout"}
{"timestamp":"2026-02-12T18:53:03.597926Z","level":"info","event":"","logger":"task.stdout"}
{"timestamp":"2026-02-12T18:53:03.599694Z","level":"info","event":"Fetching pit stops for 2025 Round 1...","logger":"task.stdout"}
{"timestamp":"2026-02-12T18:53:58.056086Z","level":"info","event":"  82 pit stops found","logger":"task.stdout"}
{"timestamp":"2026-02-12T18:53:58.056401Z","level":"info","event":"Fetching pit stops for 2025 Round 2...","logger":"task.stdout"}
{"timestamp":"2026-02-12T18:54:50.519889Z","level":"info","event":"  25 pit stops found","logger":"task.stdout"}
{"timestamp":"2026-02-12T18:54:50.520573Z","level":"info","event":"Fetching pit stops for 2025 Round 3...","logger":"task.stdout"}
{"timestamp":"2026-02-12T18:55:44.363501Z","level":"info","event":"  21 pit stops found","logger":"task.stdout"}
{"timestamp":"2026-02-12T18:55:44.363941Z","level":"info","event":"Fetching pit stops for 2025 Round 4...","logger":"task.stdout"}
{"timestamp":"2026-02-12T18:56:37.545242Z","level":"info","event":"  42 pit stops found","logger":"task.stdout"}
{"timestamp":"2026-02-12T18:56:37.545770Z","level":"info","event":"Fetching pit stops for 2025 Round 5...","logger":"task.stdout"}
{"timestamp":"2026-02-12T18:57:31.668644Z","level":"info","event":"  19 pit stops found","logger":"task.stdout"}
{"timestamp":"2026-02-12T18:57:31.672857Z","level":"info","event":"Fetching pit stops for 2025 Round 6...","logger":"task.stdout"}
{"timestamp":"2026-02-12T18:58:26.014720Z","level":"info","event":"  18 pit stops found","logger":"task.stdout"}
{"timestamp":"2026-02-12T18:58:26.015158Z","level":"info","event":"Fetching pit stops for 2025 Round 7...","logger":"task.stdout"}
{"timestamp":"2026-02-12T18:59:16.593515Z","level":"info","event":"  37 pit stops found","logger":"task.stdout"}
{"timestamp":"2026-02-12T18:59:16.594171Z","level":"info","event":"Fetching pit stops for 2025 Round 8...","logger":"task.stdout"}
{"timestamp":"2026-02-12T19:00:10.409016Z","level":"info","event":"  40 pit stops found","logger":"task.stdout"}
{"timestamp":"2026-02-12T19:00:10.409634Z","level":"info","event":"Fetching pit stops for 2025 Round 9...","logger":"task.stdout"}
{"timestamp":"2026-02-12T19:01:01.340275Z","level":"info","event":"  54 pit stops found","logger":"task.stdout"}
{"timestamp":"2026-02-12T19:01:01.340887Z","level":"info","event":"Fetching pit stops for 2025 Round 10...","logger":"task.stdout"}
{"timestamp":"2026-02-12T19:01:53.324540Z","level":"info","event":"  82 pit stops found","logger":"task.stdout"}
{"timestamp":"2026-02-12T19:01:53.324907Z","level":"info","event":"Fetching pit stops for 2025 Round 11...","logger":"task.stdout"}
{"timestamp":"2026-02-12T19:02:46.452903Z","level":"info","event":"  32 pit stops found","logger":"task.stdout"}
{"timestamp":"2026-02-12T19:02:46.453622Z","level":"info","event":"Fetching pit stops for 2025 Round 12...","logger":"task.stdout"}
{"timestamp":"2026-02-12T19:03:40.324548Z","level":"info","event":"  35 pit stops found","logger":"task.stdout"}
{"timestamp":"2026-02-12T19:03:40.325194Z","level":"info","event":"Fetching pit stops for 2025 Round 13...","logger":"task.stdout"}
{"timestamp":"2026-02-12T19:04:31.263269Z","level":"info","event":"  26 pit stops found","logger":"task.stdout"}
{"timestamp":"2026-02-12T19:04:31.263612Z","level":"info","event":"Fetching pit stops for 2025 Round 14...","logger":"task.stdout"}
{"timestamp":"2026-02-12T19:05:23.453560Z","level":"info","event":"  29 pit stops found","logger":"task.stdout"}
{"timestamp":"2026-02-12T19:05:23.454024Z","level":"info","event":"Fetching pit stops for 2025 Round 15...","logger":"task.stdout"}
{"timestamp":"2026-02-12T19:06:14.654770Z","level":"info","event":"  40 pit stops found","logger":"task.stdout"}
{"timestamp":"2026-02-12T19:06:14.655371Z","level":"info","event":"Fetching pit stops for 2025 Round 16...","logger":"task.stdout"}
{"timestamp":"2026-02-12T19:07:08.137155Z","level":"info","event":"  19 pit stops found","logger":"task.stdout"}
{"timestamp":"2026-02-12T19:07:08.137707Z","level":"info","event":"Fetching pit stops for 2025 Round 17...","logger":"task.stdout"}
{"timestamp":"2026-02-12T19:08:00.816444Z","level":"info","event":"  21 pit stops found","logger":"task.stdout"}
{"timestamp":"2026-02-12T19:08:00.816889Z","level":"info","event":"Fetching pit stops for 2025 Round 18...","logger":"task.stdout"}
{"timestamp":"2026-02-12T19:08:53.115132Z","level":"info","event":"  23 pit stops found","logger":"task.stdout"}
{"timestamp":"2026-02-12T19:08:53.115764Z","level":"info","event":"Fetching pit stops for 2025 Round 19...","logger":"task.stdout"}
{"timestamp":"2026-02-12T19:09:46.135560Z","level":"info","event":"  21 pit stops found","logger":"task.stdout"}
{"timestamp":"2026-02-12T19:09:46.136306Z","level":"info","event":"Fetching pit stops for 2025 Round 20...","logger":"task.stdout"}
{"timestamp":"2026-02-12T19:10:39.472671Z","level":"info","event":"  27 pit stops found","logger":"task.stdout"}
{"timestamp":"2026-02-12T19:10:39.473023Z","level":"info","event":"Fetching pit stops for 2025 Round 21...","logger":"task.stdout"}
{"timestamp":"2026-02-12T19:11:32.860550Z","level":"info","event":"  37 pit stops found","logger":"task.stdout"}
{"timestamp":"2026-02-12T19:11:32.861149Z","level":"info","event":"Fetching pit stops for 2025 Round 22...","logger":"task.stdout"}
{"timestamp":"2026-02-12T19:12:25.317666Z","level":"info","event":"  23 pit stops found","logger":"task.stdout"}
{"timestamp":"2026-02-12T19:12:25.318230Z","level":"info","event":"Fetching pit stops for 2025 Round 23...","logger":"task.stdout"}
{"timestamp":"2026-02-12T19:13:18.244017Z","level":"info","event":"  41 pit stops found","logger":"task.stdout"}
{"timestamp":"2026-02-12T19:13:18.244500Z","level":"info","event":"Fetching pit stops for 2025 Round 24...","logger":"task.stdout"}
{"timestamp":"2026-02-12T19:14:09.535642Z","level":"info","event":"  27 pit stops found","logger":"task.stdout"}
{"timestamp":"2026-02-12T19:14:09.536350Z","level":"info","event":"Fetching pit stops for 2025 Round 25...","logger":"task.stdout"}
{"timestamp":"2026-02-12T19:14:11.717049Z","level":"info","event":"Rate limit hit! Waiting 52s before retry 1/10...","logger":"task.stdout"}
{"timestamp":"2026-02-12T19:15:04.056750Z","level":"info","event":"Rate limit hit! Waiting 102s before retry 2/10...","logger":"task.stdout"}
{"timestamp":"2026-02-12T19:16:46.384096Z","level":"info","event":"Rate limit hit! Waiting 154s before retry 3/10...","logger":"task.stdout"}
{"timestamp":"2026-02-12T19:19:21.205819Z","level":"info","event":"Rate limit hit! Waiting 201s before retry 4/10...","logger":"task.stdout"}
{"timestamp":"2026-02-12T19:22:43.216811Z","level":"info","event":"Rate limit hit! Waiting 251s before retry 5/10...","logger":"task.stdout"}
{"timestamp":"2026-02-12T19:26:55.322038Z","level":"info","event":"Rate limit hit! Waiting 302s before retry 6/10...","logger":"task.stdout"}
{"timestamp":"2026-02-12T19:31:57.715663Z","level":"info","event":"Rate limit hit! Waiting 352s before retry 7/10...","logger":"task.stdout"}
{"timestamp":"2026-02-12T19:37:50.807558Z","level":"info","event":"Rate limit hit! Waiting 403s before retry 8/10...","logger":"task.stdout"}
{"timestamp":"2026-02-12T19:44:34.803174Z","level":"info","event":"Rate limit hit! Waiting 451s before retry 9/10...","logger":"task.stdout"}
{"timestamp":"2026-02-12T19:52:58.571073Z","level":"info","event":"  No data for 2025 Round 25","logger":"task.stdout"}
{"timestamp":"2026-02-12T19:52:58.575162Z","level":"info","event":"","logger":"task.stdout"}
{"timestamp":"2026-02-12T19:52:58.575585Z","level":"info","event":"Total pit stops for 2025: 821","logger":"task.stdout"}
{"timestamp":"2026-02-12T19:52:58.575974Z","level":"info","event":"","logger":"task.stdout"}
{"timestamp":"2026-02-12T19:52:58.576310Z","level":"info","event":"======================================================================","logger":"task.stdout"}
{"timestamp":"2026-02-12T19:52:58.576659Z","level":"info","event":"SCRAPING COMPLETE","logger":"task.stdout"}
{"timestamp":"2026-02-12T19:52:58.576991Z","level":"info","event":"Total pit stops: 1,646","logger":"task.stdout"}
{"timestamp":"2026-02-12T19:52:58.577315Z","level":"info","event":"Years covered: 2024-2025","logger":"task.stdout"}
{"timestamp":"2026-02-12T19:52:58.577642Z","level":"info","event":"======================================================================","logger":"task.stdout"}
{"timestamp":"2026-02-12T19:52:58.577952Z","level":"info","event":"","logger":"task.stdout"}
{"timestamp":"2026-02-12T19:52:58.578240Z","level":"info","event":"API scraping complete: 1,646 pit stop records","logger":"task.stdout"}
{"timestamp":"2026-02-12T19:52:58.578523Z","level":"info","event":"","logger":"task.stdout"}
{"timestamp":"2026-02-12T19:52:58.578773Z","level":"info","event":"[STEP 2] Transforming to Silver schema...","logger":"task.stdout"}
{"timestamp":"2026-02-12T19:52:58.579009Z","level":"info","event":"Transforming API data to Silver schema...","logger":"task.stdout"}
{"timestamp":"2026-02-12T19:52:58.582242Z","level":"info","event":"Transformed 1646 pit stops to Silver schema","logger":"task.stdout"}
{"timestamp":"2026-02-12T19:52:58.582673Z","level":"info","event":"Source: api","logger":"task.stdout"}
{"timestamp":"2026-02-12T19:52:58.582905Z","level":"info","event":"Transformation complete: 1646 pit stops","logger":"task.stdout"}
{"timestamp":"2026-02-12T19:52:58.583286Z","level":"info","event":"","logger":"task.stdout"}
{"timestamp":"2026-02-12T19:52:58.583596Z","level":"info","event":"[STEP 3] Loading dimensions for FK resolution...","logger":"task.stdout"}
{"timestamp":"2026-02-12T19:52:58.611940Z","level":"info","event":" Downloaded dimensions/dim_driver/dim_driver.parquet (81 rows)","logger":"task.stdout"}
{"timestamp":"2026-02-12T19:52:58.617536Z","level":"info","event":" Downloaded dimensions/dim_race/dim_race.parquet (280 rows)","logger":"task.stdout"}
{"timestamp":"2026-02-12T19:52:58.624861Z","level":"info","event":" Downloaded dimensions/dim_time/dim_time.parquet (6940 rows)","logger":"task.stdout"}
{"timestamp":"2026-02-12T19:52:58.625255Z","level":"info","event":"Loaded dimensions:","logger":"task.stdout"}
{"timestamp":"2026-02-12T19:52:58.625538Z","level":"info","event":"  - dim_driver: 81 drivers","logger":"task.stdout"}
{"timestamp":"2026-02-12T19:52:58.625829Z","level":"info","event":"  - dim_race: 280 races","logger":"task.stdout"}
{"timestamp":"2026-02-12T19:52:58.626081Z","level":"info","event":"  - dim_time: 6,940 dates","logger":"task.stdout"}
{"timestamp":"2026-02-12T19:52:58.626329Z","level":"info","event":"","logger":"task.stdout"}
{"timestamp":"2026-02-12T19:52:58.626580Z","level":"info","event":"[STEP 4] Resolving foreign keys...","logger":"task.stdout"}
{"timestamp":"2026-02-12T19:52:58.635500Z","level":"info","event":"Created lookup dictionaries:","logger":"task.stdout"}
{"timestamp":"2026-02-12T19:52:58.635902Z","level":"info","event":"  - driver_ref -> driver_key: 81 entries","logger":"task.stdout"}
{"timestamp":"2026-02-12T19:52:58.636193Z","level":"info","event":"  - race_year+race_round -> race_key: 280 entries","logger":"task.stdout"}
{"timestamp":"2026-02-12T19:52:58.636468Z","level":"info","event":"  - race_date -> time_key: 6940 entries","logger":"task.stdout"}
{"timestamp":"2026-02-12T19:52:58.653804Z","level":"info","event":"All FKs resolved successfully","logger":"task.stdout"}
{"timestamp":"2026-02-12T19:52:58.655487Z","level":"info","event":"","logger":"task.stdout"}
{"timestamp":"2026-02-12T19:52:58.655860Z","level":"info","event":"[STEP 5] Loading existing Silver data...","logger":"task.stdout"}
{"timestamp":"2026-02-12T19:52:58.659567Z","level":"info","event":" Downloaded facts/fact_pitstops/year=2024/data.parquet (825 rows)","logger":"task.stdout"}
{"timestamp":"2026-02-12T19:52:58.666250Z","level":"info","event":" Downloaded facts/fact_pitstops/year=2025/data.parquet (821 rows)","logger":"task.stdout"}
{"timestamp":"2026-02-12T19:52:58.667077Z","level":"info","event":"Loaded 1,646 existing pit stops from Silver","logger":"task.stdout"}
{"timestamp":"2026-02-12T19:52:58.667833Z","level":"info","event":"Existing sources: {'api': 1646}","logger":"task.stdout"}
{"timestamp":"2026-02-12T19:52:58.668142Z","level":"info","event":"","logger":"task.stdout"}
{"timestamp":"2026-02-12T19:52:58.668393Z","level":"info","event":"[STEP 6] Merging API data with existing Silver...","logger":"task.stdout"}
{"timestamp":"2026-02-12T19:52:58.668627Z","level":"info","event":"","logger":"task.stdout"}
{"timestamp":"2026-02-12T19:52:58.668917Z","level":"info","event":"  Merge Configuration:","logger":"task.stdout"}
{"timestamp":"2026-02-12T19:52:58.669560Z","level":"info","event":"Existing pit stops: 1,646","logger":"task.stdout"}
{"timestamp":"2026-02-12T19:52:58.670039Z","level":"info","event":"New API pit stops: 1646","logger":"task.stdout"}
{"timestamp":"2026-02-12T19:52:58.670412Z","level":"info","event":"Merge key: race_year + race_round + driver_ref + stop_number","logger":"task.stdout"}
{"timestamp":"2026-02-12T19:52:58.670772Z","level":"info","event":"CSV priority: YES (skip API for CSV pit stops)","logger":"task.stdout"}
{"timestamp":"2026-02-12T19:52:58.671081Z","level":"info","event":"","logger":"task.stdout"}
{"timestamp":"2026-02-12T19:52:58.671417Z","level":"info","event":"  Processing 1646 API pit stops:","logger":"task.stdout"}
{"timestamp":"2026-02-12T19:52:58.671723Z","level":"info","event":"","logger":"task.stdout"}
{"timestamp":"2026-02-12T19:52:58.668020Z","level":"error","event":"Task failed with exception","logger":"task","filename":"task_runner.py","lineno":1078,"error_detail":[{"exc_type":"KeyError","exc_value":"'race_year'","exc_notes":[],"syntax_error":null,"is_cause":false,"frames":[{"filename":"/home/airflow/.local/lib/python3.12/site-packages/airflow/sdk/execution_time/task_runner.py","lineno":1004,"name":"run"},{"filename":"/home/airflow/.local/lib/python3.12/site-packages/airflow/sdk/execution_time/task_runner.py","lineno":1400,"name":"_execute_task"},{"filename":"/home/airflow/.local/lib/python3.12/site-packages/airflow/sdk/bases/operator.py","lineno":417,"name":"wrapper"},{"filename":"/home/airflow/.local/lib/python3.12/site-packages/airflow/providers/standard/operators/python.py","lineno":214,"name":"execute"},{"filename":"/home/airflow/.local/lib/python3.12/site-packages/airflow/providers/standard/operators/python.py","lineno":237,"name":"execute_callable"},{"filename":"/home/airflow/.local/lib/python3.12/site-packages/airflow/sdk/execution_time/callback_runner.py","lineno":82,"name":"run"},{"filename":"/opt/airflow/dags/api_etl/api_pitstops_bronze_to_silver.py","lineno":322,"name":"backfill_fact_pitstops"},{"filename":"/opt/airflow/dags/api_etl/api_pitstops_bronze_to_silver.py","lineno":116,"name":"merge_pitstops"},{"filename":"/home/airflow/.local/lib/python3.12/site-packages/pandas/core/frame.py","lineno":3893,"name":"__getitem__"},{"filename":"/home/airflow/.local/lib/python3.12/site-packages/pandas/core/indexes/base.py","lineno":3798,"name":"get_loc"}],"is_group":false,"exceptions":[]},{"exc_type":"KeyError","exc_value":"'race_year'","exc_notes":[],"syntax_error":null,"is_cause":true,"frames":[{"filename":"/home/airflow/.local/lib/python3.12/site-packages/pandas/core/indexes/base.py","lineno":3791,"name":"get_loc"},{"filename":"/opt/airflow/index.pyx","lineno":152,"name":"pandas._libs.index.IndexEngine.get_loc"},{"filename":"/opt/airflow/index.pyx","lineno":181,"name":"pandas._libs.index.IndexEngine.get_loc"},{"filename":"/opt/airflow/pandas/_libs/hashtable_class_helper.pxi","lineno":7080,"name":"pandas._libs.hashtable.PyObjectHashTable.get_item"},{"filename":"/opt/airflow/pandas/_libs/hashtable_class_helper.pxi","lineno":7088,"name":"pandas._libs.hashtable.PyObjectHashTable.get_item"}],"is_group":false,"exceptions":[]}]}
