{"timestamp":"2026-02-18T09:29:51.299786Z","level":"info","event":"DAG bundles loaded: dags-folder","logger":"airflow.dag_processing.bundles.manager.DagBundlesManager","filename":"manager.py","lineno":179}
{"timestamp":"2026-02-18T09:29:51.300916Z","level":"info","event":"Filling up the DagBag from /opt/airflow/dags/weekly_f1_pipeline.py","logger":"airflow.models.dagbag.DagBag","filename":"dagbag.py","lineno":593}
{"timestamp":"2026-02-18T09:29:52.170319Z","level":"warning","event":"The `airflow.utils.task_group.TaskGroup` attribute is deprecated. Please use `'airflow.sdk.TaskGroup'`.","category":"DeprecatedImportWarning","filename":"/opt/airflow/dags/weekly_f1_pipeline.py","lineno":36,"logger":"py.warnings"}
{"timestamp":"2026-02-18T09:29:52.170484Z","level":"warning","event":"The `airflow.operators.trigger_dagrun.TriggerDagRunOperator` attribute is deprecated. Please use `'airflow.providers.standard.operators.trigger_dagrun.TriggerDagRunOperator'`.","category":"DeprecatedImportWarning","filename":"/opt/airflow/dags/kafka_producer_pipeline.py","lineno":35,"logger":"py.warnings"}
{"timestamp":"2026-02-18T09:29:52.196342Z","level":"info","event":"======================================================================","logger":"task.stdout"}
{"timestamp":"2026-02-18T09:29:52.196694Z","level":"info","event":"PRODUCER: fact_pitstops  (2026+)","logger":"task.stdout"}
{"timestamp":"2026-02-18T09:29:52.196939Z","level":"info","event":"======================================================================","logger":"task.stdout"}
{"timestamp":"2026-02-18T09:29:52.197591Z","level":"info","event":"","logger":"task.stdout"}
{"timestamp":"2026-02-18T09:29:52.197884Z","level":"info","event":"======================================================================","logger":"task.stdout"}
{"timestamp":"2026-02-18T09:29:52.198079Z","level":"info","event":"SCRAPING PIT STOPS FROM ERGAST API: 2026-2026","logger":"task.stdout"}
{"timestamp":"2026-02-18T09:29:52.198275Z","level":"info","event":"======================================================================","logger":"task.stdout"}
{"timestamp":"2026-02-18T09:29:52.198482Z","level":"info","event":"","logger":"task.stdout"}
{"timestamp":"2026-02-18T09:29:52.198678Z","level":"info","event":"","logger":"task.stdout"}
{"timestamp":"2026-02-18T09:29:52.199086Z","level":"info","event":"======================================================================","logger":"task.stdout"}
{"timestamp":"2026-02-18T09:29:52.200159Z","level":"info","event":"SCRAPING PIT STOPS FOR 2026","logger":"task.stdout"}
{"timestamp":"2026-02-18T09:29:52.200366Z","level":"info","event":"======================================================================","logger":"task.stdout"}
{"timestamp":"2026-02-18T09:29:52.200561Z","level":"info","event":"","logger":"task.stdout"}
{"timestamp":"2026-02-18T09:29:52.200814Z","level":"info","event":"Fetching pit stops for 2026 Round 1...","logger":"task.stdout"}
{"timestamp":"2026-02-18T09:29:56.040810Z","level":"info","event":"  No data for 2026 Round 1","logger":"task.stdout"}
{"timestamp":"2026-02-18T09:29:56.041139Z","level":"info","event":"Fetching pit stops for 2026 Round 2...","logger":"task.stdout"}
{"timestamp":"2026-02-18T09:30:00.201836Z","level":"info","event":"  No data for 2026 Round 2","logger":"task.stdout"}
{"timestamp":"2026-02-18T09:30:00.205914Z","level":"info","event":"Fetching pit stops for 2026 Round 3...","logger":"task.stdout"}
{"timestamp":"2026-02-18T09:30:03.597490Z","level":"info","event":"  No data for 2026 Round 3","logger":"task.stdout"}
{"timestamp":"2026-02-18T09:30:03.600420Z","level":"info","event":"  Stopping: 3 consecutive empty rounds detected","logger":"task.stdout"}
{"timestamp":"2026-02-18T09:30:03.601438Z","level":"info","event":"","logger":"task.stdout"}
{"timestamp":"2026-02-18T09:30:03.601880Z","level":"info","event":"Total pit stops for 2026: 0","logger":"task.stdout"}
{"timestamp":"2026-02-18T09:30:03.602311Z","level":"info","event":"","logger":"task.stdout"}
{"timestamp":"2026-02-18T09:30:03.602702Z","level":"info","event":"======================================================================","logger":"task.stdout"}
{"timestamp":"2026-02-18T09:30:03.603290Z","level":"info","event":"SCRAPING COMPLETE","logger":"task.stdout"}
{"timestamp":"2026-02-18T09:30:03.603876Z","level":"info","event":"Total pit stops: 0","logger":"task.stdout"}
{"timestamp":"2026-02-18T09:30:03.604322Z","level":"info","event":"Years covered: 2026-2026","logger":"task.stdout"}
{"timestamp":"2026-02-18T09:30:03.604703Z","level":"info","event":"======================================================================","logger":"task.stdout"}
{"timestamp":"2026-02-18T09:30:03.605068Z","level":"info","event":"","logger":"task.stdout"}
{"timestamp":"2026-02-18T09:30:03.605433Z","level":"info","event":"Transforming API data to Silver schema...","logger":"task.stdout"}
{"timestamp":"2026-02-18T09:30:03.605763Z","level":"info","event":"No data found - returning empty DataFrame with schema: ['driver_ref', 'race_year', 'race_round', 'stop_number', 'lap', 'pit_time', 'duration_seconds', 'year', 'source', 'created_at']","logger":"task.stdout"}
{"timestamp":"2026-02-18T09:30:03.606090Z","level":"info","event":"  No pitstop data found","logger":"task.stdout"}
{"timestamp":"2026-02-18T09:30:03.618962Z","level":"info","event":"Done. Returned value was: {'new_count': 0}","logger":"airflow.task.operators.airflow.providers.standard.operators.python.PythonOperator","filename":"python.py","lineno":216}
{"timestamp":"2026-02-18T09:30:03.619293Z","level":"info","event":"Pushing xcom","ti":"RuntimeTaskInstance(id=UUID('019c7014-da13-7f29-96fe-cf78b8cb4e19'), task_id='producer.scrape_publish_pitstops', dag_id='weekly_f1_pipeline', run_id='manual__2026-02-18T09:28:59+00:00', try_number=1, dag_version_id=UUID('019c6ff5-b028-7014-b590-52b338429d0a'), map_index=-1, hostname='e4702b2ecf8f', context_carrier={}, task=<Task(PythonOperator): producer.scrape_publish_pitstops>, bundle_instance=LocalDagBundle(name=dags-folder), max_tries=2, start_date=datetime.datetime(2026, 2, 18, 9, 29, 51, 218006, tzinfo=datetime.timezone.utc), end_date=None, state=<TaskInstanceState.RUNNING: 'running'>, is_mapped=False, rendered_map_index=None)","logger":"task","filename":"task_runner.py","lineno":1450}
