{"timestamp":"2026-02-18T07:58:35.363441Z","level":"info","event":"DAG bundles loaded: dags-folder","logger":"airflow.dag_processing.bundles.manager.DagBundlesManager","filename":"manager.py","lineno":179}
{"timestamp":"2026-02-18T07:58:35.427568Z","level":"info","event":"Filling up the DagBag from /opt/airflow/dags/csv_bronze_to_silver.py","logger":"airflow.models.dagbag.DagBag","filename":"dagbag.py","lineno":593}
{"timestamp":"2026-02-18T07:58:47.119102Z","level":"info","event":"TRANSFORM: fact_laps → Silver (Parquet with surrogate key)","logger":"task.stdout"}
{"timestamp":"2026-02-18T07:58:49.195245Z","level":"info","event":" Downloaded raw_data/f1_data.parquet (518417 rows)","logger":"task.stdout"}
{"timestamp":"2026-02-18T07:58:49.214710Z","level":"info","event":" Downloaded dimensions/dim_driver/dim_driver.parquet (65 rows)","logger":"task.stdout"}
{"timestamp":"2026-02-18T07:58:49.226462Z","level":"info","event":" Downloaded dimensions/dim_constructor/dim_constructor.parquet (20 rows)","logger":"task.stdout"}
{"timestamp":"2026-02-18T07:58:49.234012Z","level":"info","event":" Downloaded dimensions/dim_race/dim_race.parquet (232 rows)","logger":"task.stdout"}
{"timestamp":"2026-02-18T07:58:49.250616Z","level":"info","event":" Downloaded dimensions/dim_time/dim_time.parquet (6940 rows)","logger":"task.stdout"}
{"timestamp":"2026-02-18T07:58:50.058872Z","level":"info","event":"Transformed 256836 laps with surrogate keys","logger":"task.stdout"}
{"timestamp":"2026-02-18T07:58:50.271582Z","level":"info","event":"Uploaded facts/fact_laps/year=2012/data.parquet (25184 rows)","logger":"task.stdout"}
{"timestamp":"2026-02-18T07:58:50.271925Z","level":"info","event":"Year 2012: 25184 rows","logger":"task.stdout"}
{"timestamp":"2026-02-18T07:58:50.388616Z","level":"info","event":"Uploaded facts/fact_laps/year=2013/data.parquet (22707 rows)","logger":"task.stdout"}
{"timestamp":"2026-02-18T07:58:50.399238Z","level":"info","event":"Year 2013: 22707 rows","logger":"task.stdout"}
{"timestamp":"2026-02-18T07:58:50.522179Z","level":"info","event":"Uploaded facts/fact_laps/year=2014/data.parquet (20874 rows)","logger":"task.stdout"}
{"timestamp":"2026-02-18T07:58:50.539274Z","level":"info","event":"Year 2014: 20874 rows","logger":"task.stdout"}
{"timestamp":"2026-02-18T07:58:50.602146Z","level":"info","event":"Uploaded facts/fact_laps/year=2015/data.parquet (19785 rows)","logger":"task.stdout"}
{"timestamp":"2026-02-18T07:58:50.602650Z","level":"info","event":"Year 2015: 19785 rows","logger":"task.stdout"}
{"timestamp":"2026-02-18T07:58:50.721884Z","level":"info","event":"Uploaded facts/fact_laps/year=2016/data.parquet (24366 rows)","logger":"task.stdout"}
{"timestamp":"2026-02-18T07:58:50.722461Z","level":"info","event":"Year 2016: 24366 rows","logger":"task.stdout"}
{"timestamp":"2026-02-18T07:58:50.867660Z","level":"info","event":"Uploaded facts/fact_laps/year=2017/data.parquet (20016 rows)","logger":"task.stdout"}
{"timestamp":"2026-02-18T07:58:50.875256Z","level":"info","event":"Year 2017: 20016 rows","logger":"task.stdout"}
{"timestamp":"2026-02-18T07:58:50.907771Z","level":"info","event":"Uploaded facts/fact_laps/year=2018/data.parquet (21935 rows)","logger":"task.stdout"}
{"timestamp":"2026-02-18T07:58:50.914376Z","level":"info","event":"Year 2018: 21935 rows","logger":"task.stdout"}
{"timestamp":"2026-02-18T07:58:50.967358Z","level":"info","event":"Uploaded facts/fact_laps/year=2019/data.parquet (23429 rows)","logger":"task.stdout"}
{"timestamp":"2026-02-18T07:58:50.978112Z","level":"info","event":"Year 2019: 23429 rows","logger":"task.stdout"}
{"timestamp":"2026-02-18T07:58:51.112253Z","level":"info","event":"Uploaded facts/fact_laps/year=2020/data.parquet (18207 rows)","logger":"task.stdout"}
{"timestamp":"2026-02-18T07:58:51.118361Z","level":"info","event":"Year 2020: 18207 rows","logger":"task.stdout"}
{"timestamp":"2026-02-18T07:58:51.441900Z","level":"info","event":"Uploaded facts/fact_laps/year=2021/data.parquet (23505 rows)","logger":"task.stdout"}
{"timestamp":"2026-02-18T07:58:51.444785Z","level":"info","event":"Year 2021: 23505 rows","logger":"task.stdout"}
{"timestamp":"2026-02-18T07:58:51.646222Z","level":"info","event":"Uploaded facts/fact_laps/year=2022/data.parquet (23284 rows)","logger":"task.stdout"}
{"timestamp":"2026-02-18T07:58:51.648704Z","level":"info","event":"Year 2022: 23284 rows","logger":"task.stdout"}
{"timestamp":"2026-02-18T07:58:51.763605Z","level":"info","event":"Uploaded facts/fact_laps/year=2023/data.parquet (13544 rows)","logger":"task.stdout"}
{"timestamp":"2026-02-18T07:58:51.764897Z","level":"info","event":"Year 2023: 13544 rows","logger":"task.stdout"}
{"timestamp":"2026-02-18T07:58:51.913037Z","level":"info","event":"Done. Returned value was: 256836","logger":"airflow.task.operators.airflow.providers.standard.operators.python.PythonOperator","filename":"python.py","lineno":216}
{"timestamp":"2026-02-18T07:58:51.920743Z","level":"info","event":"Pushing xcom","ti":"RuntimeTaskInstance(id=UUID('019c6fc0-cdcb-7ea3-a8f7-f516a5b5f4b6'), task_id='transform_fact_laps', dag_id='csv_bronze_to_silver', run_id='manual__2026-02-18T07:57:10.919930+00:00', try_number=1, dag_version_id=UUID('019c6fbe-6e69-703f-b82d-c410729a75fc'), map_index=-1, hostname='b5d082034b2b', context_carrier={}, task=<Task(PythonOperator): transform_fact_laps>, bundle_instance=LocalDagBundle(name=dags-folder), max_tries=1, start_date=datetime.datetime(2026, 2, 18, 7, 58, 34, 378591, tzinfo=datetime.timezone.utc), end_date=None, state=<TaskInstanceState.RUNNING: 'running'>, is_mapped=False, rendered_map_index=None)","logger":"task","filename":"task_runner.py","lineno":1450}
