{"timestamp":"2026-02-11T14:40:04.234659Z","level":"info","event":"DAG bundles loaded: dags-folder","logger":"airflow.dag_processing.bundles.manager.DagBundlesManager","filename":"manager.py","lineno":179}
{"timestamp":"2026-02-11T14:40:04.247006Z","level":"info","event":"Filling up the DagBag from /opt/airflow/dags/master_pipeline.py","logger":"airflow.models.dagbag.DagBag","filename":"dagbag.py","lineno":593}
{"timestamp":"2026-02-11T14:40:04.298584Z","level":"warning","event":"The `airflow.operators.trigger_dagrun.TriggerDagRunOperator` attribute is deprecated. Please use `'airflow.providers.standard.operators.trigger_dagrun.TriggerDagRunOperator'`.","category":"DeprecatedImportWarning","filename":"/opt/airflow/dags/master_pipeline.py","lineno":34,"logger":"py.warnings"}
{"timestamp":"2026-02-11T14:40:04.298716Z","level":"warning","event":"The `airflow.operators.python.PythonOperator` attribute is deprecated. Please use `'airflow.providers.standard.operators.python.PythonOperator'`.","category":"DeprecatedImportWarning","filename":"/opt/airflow/dags/master_pipeline.py","lineno":35,"logger":"py.warnings"}
{"timestamp":"2026-02-11T14:40:04.672852Z","level":"info","event":"Triggering Dag Run.","trigger_dag_id":"api_laps_bronze_to_silver","logger":"task","filename":"task_runner.py","lineno":1146}
{"timestamp":"2026-02-11T14:40:04.706175Z","level":"info","event":"Dag Run triggered successfully.","trigger_dag_id":"api_laps_bronze_to_silver","logger":"task","filename":"task_runner.py","lineno":1180}
{"timestamp":"2026-02-11T14:40:04.720299Z","level":"info","event":"Waiting for dag run to complete execution in allowed state.","dag_id":"api_laps_bronze_to_silver","run_id":"manual__2026-02-11T14:40:04.365422+00:00","allowed_state":["success"],"logger":"task","filename":"task_runner.py","lineno":1207}
{"timestamp":"2026-02-11T14:40:34.726911Z","level":"info","event":"Waiting for dag run to complete execution in allowed state.","dag_id":"api_laps_bronze_to_silver","run_id":"manual__2026-02-11T14:40:04.365422+00:00","allowed_state":["success"],"logger":"task","filename":"task_runner.py","lineno":1207}
{"timestamp":"2026-02-11T14:41:04.744392Z","level":"info","event":"Waiting for dag run to complete execution in allowed state.","dag_id":"api_laps_bronze_to_silver","run_id":"manual__2026-02-11T14:40:04.365422+00:00","allowed_state":["success"],"logger":"task","filename":"task_runner.py","lineno":1207}
{"timestamp":"2026-02-11T14:41:34.754510Z","level":"info","event":"Waiting for dag run to complete execution in allowed state.","dag_id":"api_laps_bronze_to_silver","run_id":"manual__2026-02-11T14:40:04.365422+00:00","allowed_state":["success"],"logger":"task","filename":"task_runner.py","lineno":1207}
{"timestamp":"2026-02-11T14:42:04.759294Z","level":"info","event":"Waiting for dag run to complete execution in allowed state.","dag_id":"api_laps_bronze_to_silver","run_id":"manual__2026-02-11T14:40:04.365422+00:00","allowed_state":["success"],"logger":"task","filename":"task_runner.py","lineno":1207}
{"timestamp":"2026-02-11T14:42:34.765140Z","level":"info","event":"Waiting for dag run to complete execution in allowed state.","dag_id":"api_laps_bronze_to_silver","run_id":"manual__2026-02-11T14:40:04.365422+00:00","allowed_state":["success"],"logger":"task","filename":"task_runner.py","lineno":1207}
{"timestamp":"2026-02-11T14:43:04.787980Z","level":"info","event":"Waiting for dag run to complete execution in allowed state.","dag_id":"api_laps_bronze_to_silver","run_id":"manual__2026-02-11T14:40:04.365422+00:00","allowed_state":["success"],"logger":"task","filename":"task_runner.py","lineno":1207}
{"timestamp":"2026-02-11T14:43:34.794195Z","level":"info","event":"Waiting for dag run to complete execution in allowed state.","dag_id":"api_laps_bronze_to_silver","run_id":"manual__2026-02-11T14:40:04.365422+00:00","allowed_state":["success"],"logger":"task","filename":"task_runner.py","lineno":1207}
{"timestamp":"2026-02-11T14:44:04.799366Z","level":"info","event":"Waiting for dag run to complete execution in allowed state.","dag_id":"api_laps_bronze_to_silver","run_id":"manual__2026-02-11T14:40:04.365422+00:00","allowed_state":["success"],"logger":"task","filename":"task_runner.py","lineno":1207}
{"timestamp":"2026-02-11T14:44:34.807129Z","level":"info","event":"Waiting for dag run to complete execution in allowed state.","dag_id":"api_laps_bronze_to_silver","run_id":"manual__2026-02-11T14:40:04.365422+00:00","allowed_state":["success"],"logger":"task","filename":"task_runner.py","lineno":1207}
{"timestamp":"2026-02-11T14:45:04.812895Z","level":"info","event":"Waiting for dag run to complete execution in allowed state.","dag_id":"api_laps_bronze_to_silver","run_id":"manual__2026-02-11T14:40:04.365422+00:00","allowed_state":["success"],"logger":"task","filename":"task_runner.py","lineno":1207}
{"timestamp":"2026-02-11T14:45:34.818400Z","level":"info","event":"Waiting for dag run to complete execution in allowed state.","dag_id":"api_laps_bronze_to_silver","run_id":"manual__2026-02-11T14:40:04.365422+00:00","allowed_state":["success"],"logger":"task","filename":"task_runner.py","lineno":1207}
{"timestamp":"2026-02-11T14:46:04.827394Z","level":"info","event":"Waiting for dag run to complete execution in allowed state.","dag_id":"api_laps_bronze_to_silver","run_id":"manual__2026-02-11T14:40:04.365422+00:00","allowed_state":["success"],"logger":"task","filename":"task_runner.py","lineno":1207}
{"timestamp":"2026-02-11T14:46:34.833590Z","level":"info","event":"Waiting for dag run to complete execution in allowed state.","dag_id":"api_laps_bronze_to_silver","run_id":"manual__2026-02-11T14:40:04.365422+00:00","allowed_state":["success"],"logger":"task","filename":"task_runner.py","lineno":1207}
{"timestamp":"2026-02-11T14:47:04.839361Z","level":"info","event":"Waiting for dag run to complete execution in allowed state.","dag_id":"api_laps_bronze_to_silver","run_id":"manual__2026-02-11T14:40:04.365422+00:00","allowed_state":["success"],"logger":"task","filename":"task_runner.py","lineno":1207}
{"timestamp":"2026-02-11T14:47:34.875782Z","level":"info","event":"Waiting for dag run to complete execution in allowed state.","dag_id":"api_laps_bronze_to_silver","run_id":"manual__2026-02-11T14:40:04.365422+00:00","allowed_state":["success"],"logger":"task","filename":"task_runner.py","lineno":1207}
{"timestamp":"2026-02-11T14:48:04.882475Z","level":"info","event":"Waiting for dag run to complete execution in allowed state.","dag_id":"api_laps_bronze_to_silver","run_id":"manual__2026-02-11T14:40:04.365422+00:00","allowed_state":["success"],"logger":"task","filename":"task_runner.py","lineno":1207}
{"timestamp":"2026-02-11T14:48:34.887476Z","level":"info","event":"Waiting for dag run to complete execution in allowed state.","dag_id":"api_laps_bronze_to_silver","run_id":"manual__2026-02-11T14:40:04.365422+00:00","allowed_state":["success"],"logger":"task","filename":"task_runner.py","lineno":1207}
{"timestamp":"2026-02-11T14:49:04.893057Z","level":"info","event":"Waiting for dag run to complete execution in allowed state.","dag_id":"api_laps_bronze_to_silver","run_id":"manual__2026-02-11T14:40:04.365422+00:00","allowed_state":["success"],"logger":"task","filename":"task_runner.py","lineno":1207}
{"timestamp":"2026-02-11T14:49:34.898393Z","level":"info","event":"Waiting for dag run to complete execution in allowed state.","dag_id":"api_laps_bronze_to_silver","run_id":"manual__2026-02-11T14:40:04.365422+00:00","allowed_state":["success"],"logger":"task","filename":"task_runner.py","lineno":1207}
{"timestamp":"2026-02-11T14:50:04.903908Z","level":"info","event":"Waiting for dag run to complete execution in allowed state.","dag_id":"api_laps_bronze_to_silver","run_id":"manual__2026-02-11T14:40:04.365422+00:00","allowed_state":["success"],"logger":"task","filename":"task_runner.py","lineno":1207}
{"timestamp":"2026-02-11T14:50:34.909390Z","level":"info","event":"Waiting for dag run to complete execution in allowed state.","dag_id":"api_laps_bronze_to_silver","run_id":"manual__2026-02-11T14:40:04.365422+00:00","allowed_state":["success"],"logger":"task","filename":"task_runner.py","lineno":1207}
{"timestamp":"2026-02-11T14:51:04.920754Z","level":"info","event":"Waiting for dag run to complete execution in allowed state.","dag_id":"api_laps_bronze_to_silver","run_id":"manual__2026-02-11T14:40:04.365422+00:00","allowed_state":["success"],"logger":"task","filename":"task_runner.py","lineno":1207}
{"timestamp":"2026-02-11T14:51:34.927041Z","level":"info","event":"Waiting for dag run to complete execution in allowed state.","dag_id":"api_laps_bronze_to_silver","run_id":"manual__2026-02-11T14:40:04.365422+00:00","allowed_state":["success"],"logger":"task","filename":"task_runner.py","lineno":1207}
{"timestamp":"2026-02-11T14:52:04.932679Z","level":"info","event":"Waiting for dag run to complete execution in allowed state.","dag_id":"api_laps_bronze_to_silver","run_id":"manual__2026-02-11T14:40:04.365422+00:00","allowed_state":["success"],"logger":"task","filename":"task_runner.py","lineno":1207}
{"timestamp":"2026-02-11T14:52:34.938302Z","level":"info","event":"Waiting for dag run to complete execution in allowed state.","dag_id":"api_laps_bronze_to_silver","run_id":"manual__2026-02-11T14:40:04.365422+00:00","allowed_state":["success"],"logger":"task","filename":"task_runner.py","lineno":1207}
{"timestamp":"2026-02-11T14:53:04.943867Z","level":"info","event":"Waiting for dag run to complete execution in allowed state.","dag_id":"api_laps_bronze_to_silver","run_id":"manual__2026-02-11T14:40:04.365422+00:00","allowed_state":["success"],"logger":"task","filename":"task_runner.py","lineno":1207}
{"timestamp":"2026-02-11T14:53:34.954848Z","level":"info","event":"Waiting for dag run to complete execution in allowed state.","dag_id":"api_laps_bronze_to_silver","run_id":"manual__2026-02-11T14:40:04.365422+00:00","allowed_state":["success"],"logger":"task","filename":"task_runner.py","lineno":1207}
{"timestamp":"2026-02-11T14:54:04.960462Z","level":"info","event":"Waiting for dag run to complete execution in allowed state.","dag_id":"api_laps_bronze_to_silver","run_id":"manual__2026-02-11T14:40:04.365422+00:00","allowed_state":["success"],"logger":"task","filename":"task_runner.py","lineno":1207}
{"timestamp":"2026-02-11T14:54:34.966405Z","level":"info","event":"Waiting for dag run to complete execution in allowed state.","dag_id":"api_laps_bronze_to_silver","run_id":"manual__2026-02-11T14:40:04.365422+00:00","allowed_state":["success"],"logger":"task","filename":"task_runner.py","lineno":1207}
{"timestamp":"2026-02-11T14:55:04.971597Z","level":"info","event":"Waiting for dag run to complete execution in allowed state.","dag_id":"api_laps_bronze_to_silver","run_id":"manual__2026-02-11T14:40:04.365422+00:00","allowed_state":["success"],"logger":"task","filename":"task_runner.py","lineno":1207}
{"timestamp":"2026-02-11T14:55:34.977967Z","level":"info","event":"Waiting for dag run to complete execution in allowed state.","dag_id":"api_laps_bronze_to_silver","run_id":"manual__2026-02-11T14:40:04.365422+00:00","allowed_state":["success"],"logger":"task","filename":"task_runner.py","lineno":1207}
{"timestamp":"2026-02-11T14:56:04.983347Z","level":"info","event":"Waiting for dag run to complete execution in allowed state.","dag_id":"api_laps_bronze_to_silver","run_id":"manual__2026-02-11T14:40:04.365422+00:00","allowed_state":["success"],"logger":"task","filename":"task_runner.py","lineno":1207}
{"timestamp":"2026-02-11T14:56:34.988254Z","level":"info","event":"Waiting for dag run to complete execution in allowed state.","dag_id":"api_laps_bronze_to_silver","run_id":"manual__2026-02-11T14:40:04.365422+00:00","allowed_state":["success"],"logger":"task","filename":"task_runner.py","lineno":1207}
{"timestamp":"2026-02-11T14:57:04.995376Z","level":"info","event":"Waiting for dag run to complete execution in allowed state.","dag_id":"api_laps_bronze_to_silver","run_id":"manual__2026-02-11T14:40:04.365422+00:00","allowed_state":["success"],"logger":"task","filename":"task_runner.py","lineno":1207}
{"timestamp":"2026-02-11T14:57:35.005578Z","level":"info","event":"Waiting for dag run to complete execution in allowed state.","dag_id":"api_laps_bronze_to_silver","run_id":"manual__2026-02-11T14:40:04.365422+00:00","allowed_state":["success"],"logger":"task","filename":"task_runner.py","lineno":1207}
{"timestamp":"2026-02-11T14:58:05.011618Z","level":"info","event":"Waiting for dag run to complete execution in allowed state.","dag_id":"api_laps_bronze_to_silver","run_id":"manual__2026-02-11T14:40:04.365422+00:00","allowed_state":["success"],"logger":"task","filename":"task_runner.py","lineno":1207}
{"timestamp":"2026-02-11T14:58:35.016789Z","level":"info","event":"Waiting for dag run to complete execution in allowed state.","dag_id":"api_laps_bronze_to_silver","run_id":"manual__2026-02-11T14:40:04.365422+00:00","allowed_state":["success"],"logger":"task","filename":"task_runner.py","lineno":1207}
{"timestamp":"2026-02-11T14:59:05.021311Z","level":"info","event":"Waiting for dag run to complete execution in allowed state.","dag_id":"api_laps_bronze_to_silver","run_id":"manual__2026-02-11T14:40:04.365422+00:00","allowed_state":["success"],"logger":"task","filename":"task_runner.py","lineno":1207}
{"timestamp":"2026-02-11T14:59:35.026777Z","level":"info","event":"DagRun finished with allowed state.","dag_id":"api_laps_bronze_to_silver","state":"success","logger":"task","filename":"task_runner.py","lineno":1232}
