{"timestamp":"2026-02-12T16:05:10.010664Z","level":"info","event":"DAG bundles loaded: dags-folder","logger":"airflow.dag_processing.bundles.manager.DagBundlesManager","filename":"manager.py","lineno":179}
{"timestamp":"2026-02-12T16:05:10.011757Z","level":"info","event":"Filling up the DagBag from /opt/airflow/dags/api_etl/api_pitstops_bronze_to_silver.py","logger":"airflow.models.dagbag.DagBag","filename":"dagbag.py","lineno":593}
{"timestamp":"2026-02-12T16:05:10.487798Z","level":"info","event":"======================================================================","logger":"task.stdout"}
{"timestamp":"2026-02-12T16:05:10.488412Z","level":"info","event":"F1 PIT STOPS BACKFILL: ERGAST API -> SILVER","logger":"task.stdout"}
{"timestamp":"2026-02-12T16:05:10.489854Z","level":"info","event":"======================================================================","logger":"task.stdout"}
{"timestamp":"2026-02-12T16:05:10.490538Z","level":"info","event":"","logger":"task.stdout"}
{"timestamp":"2026-02-12T16:05:10.490905Z","level":"info","event":"[STEP 1] Scraping API...","logger":"task.stdout"}
{"timestamp":"2026-02-12T16:05:10.491167Z","level":"info","event":"","logger":"task.stdout"}
{"timestamp":"2026-02-12T16:05:10.491404Z","level":"info","event":"======================================================================","logger":"task.stdout"}
{"timestamp":"2026-02-12T16:05:10.491687Z","level":"info","event":"SCRAPING PIT STOPS FROM ERGAST API: 2024-2025","logger":"task.stdout"}
{"timestamp":"2026-02-12T16:05:10.491933Z","level":"info","event":"======================================================================","logger":"task.stdout"}
{"timestamp":"2026-02-12T16:05:10.493558Z","level":"info","event":"","logger":"task.stdout"}
{"timestamp":"2026-02-12T16:05:10.493918Z","level":"info","event":"","logger":"task.stdout"}
{"timestamp":"2026-02-12T16:05:10.494184Z","level":"info","event":"======================================================================","logger":"task.stdout"}
{"timestamp":"2026-02-12T16:05:10.494433Z","level":"info","event":"SCRAPING PIT STOPS FOR 2024","logger":"task.stdout"}
{"timestamp":"2026-02-12T16:05:10.494653Z","level":"info","event":"======================================================================","logger":"task.stdout"}
{"timestamp":"2026-02-12T16:05:10.494881Z","level":"info","event":"","logger":"task.stdout"}
{"timestamp":"2026-02-12T16:05:10.495097Z","level":"info","event":"Fetching pit stops for 2024 Round 1...","logger":"task.stdout"}
{"timestamp":"2026-02-12T16:05:33.099245Z","level":"info","event":"  43 pit stops found","logger":"task.stdout"}
{"timestamp":"2026-02-12T16:05:33.099539Z","level":"info","event":"Fetching pit stops for 2024 Round 2...","logger":"task.stdout"}
{"timestamp":"2026-02-12T16:05:54.192335Z","level":"info","event":"  19 pit stops found","logger":"task.stdout"}
{"timestamp":"2026-02-12T16:05:54.193501Z","level":"info","event":"Fetching pit stops for 2024 Round 3...","logger":"task.stdout"}
{"timestamp":"2026-02-12T16:06:16.648688Z","level":"info","event":"  36 pit stops found","logger":"task.stdout"}
{"timestamp":"2026-02-12T16:06:16.649235Z","level":"info","event":"Fetching pit stops for 2024 Round 4...","logger":"task.stdout"}
{"timestamp":"2026-02-12T16:06:40.724097Z","level":"info","event":"  54 pit stops found","logger":"task.stdout"}
{"timestamp":"2026-02-12T16:06:40.724417Z","level":"info","event":"Fetching pit stops for 2024 Round 5...","logger":"task.stdout"}
{"timestamp":"2026-02-12T16:07:03.986785Z","level":"info","event":"  40 pit stops found","logger":"task.stdout"}
{"timestamp":"2026-02-12T16:07:03.988205Z","level":"info","event":"Fetching pit stops for 2024 Round 6...","logger":"task.stdout"}
{"timestamp":"2026-02-12T16:07:25.497477Z","level":"info","event":"  28 pit stops found","logger":"task.stdout"}
{"timestamp":"2026-02-12T16:07:25.498180Z","level":"info","event":"Fetching pit stops for 2024 Round 7...","logger":"task.stdout"}
{"timestamp":"2026-02-12T16:07:47.402059Z","level":"info","event":"  27 pit stops found","logger":"task.stdout"}
{"timestamp":"2026-02-12T16:07:47.402560Z","level":"info","event":"Fetching pit stops for 2024 Round 8...","logger":"task.stdout"}
{"timestamp":"2026-02-12T16:08:09.470318Z","level":"info","event":"  23 pit stops found","logger":"task.stdout"}
{"timestamp":"2026-02-12T16:08:09.472195Z","level":"info","event":"Fetching pit stops for 2024 Round 9...","logger":"task.stdout"}
{"timestamp":"2026-02-12T16:08:31.143977Z","level":"info","event":"  42 pit stops found","logger":"task.stdout"}
{"timestamp":"2026-02-12T16:08:31.144379Z","level":"info","event":"Fetching pit stops for 2024 Round 10...","logger":"task.stdout"}
{"timestamp":"2026-02-12T16:08:53.771936Z","level":"info","event":"  42 pit stops found","logger":"task.stdout"}
{"timestamp":"2026-02-12T16:08:53.772298Z","level":"info","event":"Fetching pit stops for 2024 Round 11...","logger":"task.stdout"}
{"timestamp":"2026-02-12T16:09:15.115560Z","level":"info","event":"  45 pit stops found","logger":"task.stdout"}
{"timestamp":"2026-02-12T16:09:15.116092Z","level":"info","event":"Fetching pit stops for 2024 Round 12...","logger":"task.stdout"}
{"timestamp":"2026-02-12T16:09:37.293789Z","level":"info","event":"  45 pit stops found","logger":"task.stdout"}
{"timestamp":"2026-02-12T16:09:37.294100Z","level":"info","event":"Fetching pit stops for 2024 Round 13...","logger":"task.stdout"}
{"timestamp":"2026-02-12T16:10:00.436684Z","level":"info","event":"  40 pit stops found","logger":"task.stdout"}
{"timestamp":"2026-02-12T16:10:00.437063Z","level":"info","event":"Fetching pit stops for 2024 Round 14...","logger":"task.stdout"}
{"timestamp":"2026-02-12T16:10:23.633806Z","level":"info","event":"  34 pit stops found","logger":"task.stdout"}
{"timestamp":"2026-02-12T16:10:23.634260Z","level":"info","event":"Fetching pit stops for 2024 Round 15...","logger":"task.stdout"}
{"timestamp":"2026-02-12T16:10:47.452180Z","level":"info","event":"  26 pit stops found","logger":"task.stdout"}
{"timestamp":"2026-02-12T16:10:47.452672Z","level":"info","event":"Fetching pit stops for 2024 Round 16...","logger":"task.stdout"}
{"timestamp":"2026-02-12T16:11:08.499902Z","level":"info","event":"  30 pit stops found","logger":"task.stdout"}
{"timestamp":"2026-02-12T16:11:08.500439Z","level":"info","event":"Fetching pit stops for 2024 Round 17...","logger":"task.stdout"}
{"timestamp":"2026-02-12T16:11:31.124532Z","level":"info","event":"  22 pit stops found","logger":"task.stdout"}
{"timestamp":"2026-02-12T16:11:31.124879Z","level":"info","event":"Fetching pit stops for 2024 Round 18...","logger":"task.stdout"}
{"timestamp":"2026-02-12T16:11:52.362687Z","level":"info","event":"  23 pit stops found","logger":"task.stdout"}
{"timestamp":"2026-02-12T16:11:52.363316Z","level":"info","event":"Fetching pit stops for 2024 Round 19...","logger":"task.stdout"}
{"timestamp":"2026-02-12T16:12:14.103867Z","level":"info","event":"  23 pit stops found","logger":"task.stdout"}
{"timestamp":"2026-02-12T16:12:14.104841Z","level":"info","event":"Fetching pit stops for 2024 Round 20...","logger":"task.stdout"}
{"timestamp":"2026-02-12T16:12:36.974605Z","level":"info","event":"  21 pit stops found","logger":"task.stdout"}
{"timestamp":"2026-02-12T16:12:36.974987Z","level":"info","event":"Fetching pit stops for 2024 Round 21...","logger":"task.stdout"}
{"timestamp":"2026-02-12T16:12:58.928873Z","level":"info","event":"  35 pit stops found","logger":"task.stdout"}
{"timestamp":"2026-02-12T16:12:58.929366Z","level":"info","event":"Fetching pit stops for 2024 Round 22...","logger":"task.stdout"}
{"timestamp":"2026-02-12T16:13:21.015195Z","level":"info","event":"  39 pit stops found","logger":"task.stdout"}
{"timestamp":"2026-02-12T16:13:21.015554Z","level":"info","event":"Fetching pit stops for 2024 Round 23...","logger":"task.stdout"}
{"timestamp":"2026-02-12T16:13:43.215319Z","level":"info","event":"  60 pit stops found","logger":"task.stdout"}
{"timestamp":"2026-02-12T16:13:43.215991Z","level":"info","event":"Fetching pit stops for 2024 Round 24...","logger":"task.stdout"}
{"timestamp":"2026-02-12T16:14:04.888113Z","level":"info","event":"  28 pit stops found","logger":"task.stdout"}
{"timestamp":"2026-02-12T16:14:04.888719Z","level":"info","event":"Fetching pit stops for 2024 Round 25...","logger":"task.stdout"}
{"timestamp":"2026-02-12T16:14:29.178263Z","level":"info","event":"  No data for 2024 Round 25","logger":"task.stdout"}
{"timestamp":"2026-02-12T16:14:29.178753Z","level":"info","event":"","logger":"task.stdout"}
{"timestamp":"2026-02-12T16:14:29.179067Z","level":"info","event":"Total pit stops for 2024: 825","logger":"task.stdout"}
{"timestamp":"2026-02-12T16:14:29.179557Z","level":"info","event":"","logger":"task.stdout"}
{"timestamp":"2026-02-12T16:14:29.179844Z","level":"info","event":"======================================================================","logger":"task.stdout"}
{"timestamp":"2026-02-12T16:14:29.180197Z","level":"info","event":"SCRAPING PIT STOPS FOR 2025","logger":"task.stdout"}
{"timestamp":"2026-02-12T16:14:29.180585Z","level":"info","event":"======================================================================","logger":"task.stdout"}
{"timestamp":"2026-02-12T16:14:29.180933Z","level":"info","event":"","logger":"task.stdout"}
{"timestamp":"2026-02-12T16:14:29.181252Z","level":"info","event":"Fetching pit stops for 2025 Round 1...","logger":"task.stdout"}
{"timestamp":"2026-02-12T16:14:50.282937Z","level":"info","event":"  82 pit stops found","logger":"task.stdout"}
{"timestamp":"2026-02-12T16:14:50.283574Z","level":"info","event":"Fetching pit stops for 2025 Round 2...","logger":"task.stdout"}
{"timestamp":"2026-02-12T16:15:12.337437Z","level":"info","event":"  25 pit stops found","logger":"task.stdout"}
{"timestamp":"2026-02-12T16:15:12.337848Z","level":"info","event":"Fetching pit stops for 2025 Round 3...","logger":"task.stdout"}
{"timestamp":"2026-02-12T16:15:33.542720Z","level":"info","event":"  21 pit stops found","logger":"task.stdout"}
{"timestamp":"2026-02-12T16:15:33.596992Z","level":"info","event":"Fetching pit stops for 2025 Round 4...","logger":"task.stdout"}
{"timestamp":"2026-02-12T16:15:54.449898Z","level":"info","event":"  42 pit stops found","logger":"task.stdout"}
{"timestamp":"2026-02-12T16:15:54.453684Z","level":"info","event":"Fetching pit stops for 2025 Round 5...","logger":"task.stdout"}
{"timestamp":"2026-02-12T16:16:16.618029Z","level":"info","event":"  19 pit stops found","logger":"task.stdout"}
{"timestamp":"2026-02-12T16:16:16.618652Z","level":"info","event":"Fetching pit stops for 2025 Round 6...","logger":"task.stdout"}
{"timestamp":"2026-02-12T16:16:38.376181Z","level":"info","event":"  18 pit stops found","logger":"task.stdout"}
{"timestamp":"2026-02-12T16:16:38.376648Z","level":"info","event":"Fetching pit stops for 2025 Round 7...","logger":"task.stdout"}
{"timestamp":"2026-02-12T16:17:03.035812Z","level":"info","event":"  37 pit stops found","logger":"task.stdout"}
{"timestamp":"2026-02-12T16:17:03.036311Z","level":"info","event":"Fetching pit stops for 2025 Round 8...","logger":"task.stdout"}
{"timestamp":"2026-02-12T16:17:27.180103Z","level":"info","event":"  40 pit stops found","logger":"task.stdout"}
{"timestamp":"2026-02-12T16:17:27.180498Z","level":"info","event":"Fetching pit stops for 2025 Round 9...","logger":"task.stdout"}
{"timestamp":"2026-02-12T16:17:50.610446Z","level":"info","event":"  54 pit stops found","logger":"task.stdout"}
{"timestamp":"2026-02-12T16:17:50.610805Z","level":"info","event":"Fetching pit stops for 2025 Round 10...","logger":"task.stdout"}
{"timestamp":"2026-02-12T16:18:12.813015Z","level":"info","event":"  82 pit stops found","logger":"task.stdout"}
{"timestamp":"2026-02-12T16:18:12.813460Z","level":"info","event":"Fetching pit stops for 2025 Round 11...","logger":"task.stdout"}
{"timestamp":"2026-02-12T16:18:36.658767Z","level":"info","event":"  32 pit stops found","logger":"task.stdout"}
{"timestamp":"2026-02-12T16:18:36.659122Z","level":"info","event":"Fetching pit stops for 2025 Round 12...","logger":"task.stdout"}
{"timestamp":"2026-02-12T16:18:59.574499Z","level":"info","event":"  35 pit stops found","logger":"task.stdout"}
{"timestamp":"2026-02-12T16:18:59.574779Z","level":"info","event":"Fetching pit stops for 2025 Round 13...","logger":"task.stdout"}
{"timestamp":"2026-02-12T16:19:22.671009Z","level":"info","event":"  26 pit stops found","logger":"task.stdout"}
{"timestamp":"2026-02-12T16:19:22.671476Z","level":"info","event":"Fetching pit stops for 2025 Round 14...","logger":"task.stdout"}
{"timestamp":"2026-02-12T16:19:46.145460Z","level":"info","event":"  29 pit stops found","logger":"task.stdout"}
{"timestamp":"2026-02-12T16:19:46.145988Z","level":"info","event":"Fetching pit stops for 2025 Round 15...","logger":"task.stdout"}
{"timestamp":"2026-02-12T16:20:07.129703Z","level":"info","event":"  40 pit stops found","logger":"task.stdout"}
{"timestamp":"2026-02-12T16:20:07.130046Z","level":"info","event":"Fetching pit stops for 2025 Round 16...","logger":"task.stdout"}
{"timestamp":"2026-02-12T16:20:31.409576Z","level":"info","event":"  19 pit stops found","logger":"task.stdout"}
{"timestamp":"2026-02-12T16:20:31.410222Z","level":"info","event":"Fetching pit stops for 2025 Round 17...","logger":"task.stdout"}
{"timestamp":"2026-02-12T16:20:54.514179Z","level":"info","event":"  21 pit stops found","logger":"task.stdout"}
{"timestamp":"2026-02-12T16:20:54.514762Z","level":"info","event":"Fetching pit stops for 2025 Round 18...","logger":"task.stdout"}
{"timestamp":"2026-02-12T16:21:16.599137Z","level":"info","event":"  23 pit stops found","logger":"task.stdout"}
{"timestamp":"2026-02-12T16:21:16.599813Z","level":"info","event":"Fetching pit stops for 2025 Round 19...","logger":"task.stdout"}
{"timestamp":"2026-02-12T16:21:37.211354Z","level":"info","event":"  21 pit stops found","logger":"task.stdout"}
{"timestamp":"2026-02-12T16:21:37.211851Z","level":"info","event":"Fetching pit stops for 2025 Round 20...","logger":"task.stdout"}
{"timestamp":"2026-02-12T16:21:59.926991Z","level":"info","event":"  27 pit stops found","logger":"task.stdout"}
{"timestamp":"2026-02-12T16:21:59.927428Z","level":"info","event":"Fetching pit stops for 2025 Round 21...","logger":"task.stdout"}
{"timestamp":"2026-02-12T16:22:20.402782Z","level":"info","event":"  37 pit stops found","logger":"task.stdout"}
{"timestamp":"2026-02-12T16:22:20.403216Z","level":"info","event":"Fetching pit stops for 2025 Round 22...","logger":"task.stdout"}
{"timestamp":"2026-02-12T16:22:41.052094Z","level":"info","event":"  23 pit stops found","logger":"task.stdout"}
{"timestamp":"2026-02-12T16:22:41.052455Z","level":"info","event":"Fetching pit stops for 2025 Round 23...","logger":"task.stdout"}
{"timestamp":"2026-02-12T16:23:04.417737Z","level":"info","event":"  41 pit stops found","logger":"task.stdout"}
{"timestamp":"2026-02-12T16:23:04.418283Z","level":"info","event":"Fetching pit stops for 2025 Round 24...","logger":"task.stdout"}
{"timestamp":"2026-02-12T16:23:27.401733Z","level":"info","event":"  27 pit stops found","logger":"task.stdout"}
{"timestamp":"2026-02-12T16:23:27.402127Z","level":"info","event":"Fetching pit stops for 2025 Round 25...","logger":"task.stdout"}
{"timestamp":"2026-02-12T16:23:50.184483Z","level":"info","event":"  No data for 2025 Round 25","logger":"task.stdout"}
{"timestamp":"2026-02-12T16:23:50.184902Z","level":"info","event":"","logger":"task.stdout"}
{"timestamp":"2026-02-12T16:23:50.189752Z","level":"info","event":"Total pit stops for 2025: 821","logger":"task.stdout"}
{"timestamp":"2026-02-12T16:23:50.190324Z","level":"info","event":"","logger":"task.stdout"}
{"timestamp":"2026-02-12T16:23:50.190560Z","level":"info","event":"======================================================================","logger":"task.stdout"}
{"timestamp":"2026-02-12T16:23:50.190815Z","level":"info","event":"SCRAPING COMPLETE","logger":"task.stdout"}
{"timestamp":"2026-02-12T16:23:50.191060Z","level":"info","event":"Total pit stops: 1,646","logger":"task.stdout"}
{"timestamp":"2026-02-12T16:23:50.191375Z","level":"info","event":"Years covered: 2024-2025","logger":"task.stdout"}
{"timestamp":"2026-02-12T16:23:50.191593Z","level":"info","event":"======================================================================","logger":"task.stdout"}
{"timestamp":"2026-02-12T16:23:50.191881Z","level":"info","event":"","logger":"task.stdout"}
{"timestamp":"2026-02-12T16:23:50.192126Z","level":"info","event":"API scraping complete: 1,646 pit stop records","logger":"task.stdout"}
{"timestamp":"2026-02-12T16:23:50.192351Z","level":"info","event":"","logger":"task.stdout"}
{"timestamp":"2026-02-12T16:23:50.192611Z","level":"info","event":"[STEP 2] Transforming to Silver schema...","logger":"task.stdout"}
{"timestamp":"2026-02-12T16:23:50.192920Z","level":"info","event":"Transforming API data to Silver schema...","logger":"task.stdout"}
{"timestamp":"2026-02-12T16:23:50.195081Z","level":"info","event":"Transformed 1646 pit stops to Silver schema","logger":"task.stdout"}
{"timestamp":"2026-02-12T16:23:50.195465Z","level":"info","event":"Source: api","logger":"task.stdout"}
{"timestamp":"2026-02-12T16:23:50.195805Z","level":"info","event":"Transformation complete: 1646 pit stops","logger":"task.stdout"}
{"timestamp":"2026-02-12T16:23:50.196093Z","level":"info","event":"","logger":"task.stdout"}
{"timestamp":"2026-02-12T16:23:50.196380Z","level":"info","event":"[STEP 3] Loading dimensions for FK resolution...","logger":"task.stdout"}
{"timestamp":"2026-02-12T16:23:50.223076Z","level":"info","event":" Downloaded dimensions/dim_driver/dim_driver.parquet (81 rows)","logger":"task.stdout"}
{"timestamp":"2026-02-12T16:23:50.228382Z","level":"info","event":" Downloaded dimensions/dim_race/dim_race.parquet (280 rows)","logger":"task.stdout"}
{"timestamp":"2026-02-12T16:23:50.234186Z","level":"info","event":" Downloaded dimensions/dim_time/dim_time.parquet (6940 rows)","logger":"task.stdout"}
{"timestamp":"2026-02-12T16:23:50.234567Z","level":"info","event":"Loaded dimensions:","logger":"task.stdout"}
{"timestamp":"2026-02-12T16:23:50.234880Z","level":"info","event":"  - dim_driver: 81 drivers","logger":"task.stdout"}
{"timestamp":"2026-02-12T16:23:50.235279Z","level":"info","event":"  - dim_race: 280 races","logger":"task.stdout"}
{"timestamp":"2026-02-12T16:23:50.235617Z","level":"info","event":"  - dim_time: 6,940 dates","logger":"task.stdout"}
{"timestamp":"2026-02-12T16:23:50.235853Z","level":"info","event":"","logger":"task.stdout"}
{"timestamp":"2026-02-12T16:23:50.236106Z","level":"info","event":"[STEP 4] Resolving foreign keys...","logger":"task.stdout"}
{"timestamp":"2026-02-12T16:23:50.245068Z","level":"info","event":"Created lookup dictionaries:","logger":"task.stdout"}
{"timestamp":"2026-02-12T16:23:50.245495Z","level":"info","event":"  - driver_ref -> driver_key: 81 entries","logger":"task.stdout"}
{"timestamp":"2026-02-12T16:23:50.245772Z","level":"info","event":"  - race_year+race_round -> race_key: 280 entries","logger":"task.stdout"}
{"timestamp":"2026-02-12T16:23:50.246012Z","level":"info","event":"  - race_date -> time_key: 6940 entries","logger":"task.stdout"}
{"timestamp":"2026-02-12T16:23:50.264605Z","level":"info","event":"All FKs resolved successfully","logger":"task.stdout"}
{"timestamp":"2026-02-12T16:23:50.265043Z","level":"info","event":"","logger":"task.stdout"}
{"timestamp":"2026-02-12T16:23:50.265299Z","level":"info","event":"[STEP 5] Loading existing Silver data...","logger":"task.stdout"}
{"timestamp":"2026-02-12T16:23:50.269524Z","level":"info","event":" Downloaded facts/fact_pitstops/year=2024/data.parquet (825 rows)","logger":"task.stdout"}
{"timestamp":"2026-02-12T16:23:50.274687Z","level":"info","event":" Downloaded facts/fact_pitstops/year=2025/data.parquet (821 rows)","logger":"task.stdout"}
{"timestamp":"2026-02-12T16:23:50.275585Z","level":"info","event":"Loaded 1,646 existing pit stops from Silver","logger":"task.stdout"}
{"timestamp":"2026-02-12T16:23:50.276295Z","level":"info","event":"Existing sources: {'api': 1646}","logger":"task.stdout"}
{"timestamp":"2026-02-12T16:23:50.276517Z","level":"info","event":"","logger":"task.stdout"}
{"timestamp":"2026-02-12T16:23:50.276693Z","level":"info","event":"[STEP 6] Merging API data with existing Silver...","logger":"task.stdout"}
{"timestamp":"2026-02-12T16:23:50.276901Z","level":"info","event":"","logger":"task.stdout"}
{"timestamp":"2026-02-12T16:23:50.277143Z","level":"info","event":"  Merge Configuration:","logger":"task.stdout"}
{"timestamp":"2026-02-12T16:23:50.277412Z","level":"info","event":"Existing pit stops: 1,646","logger":"task.stdout"}
{"timestamp":"2026-02-12T16:23:50.277648Z","level":"info","event":"New API pit stops: 1646","logger":"task.stdout"}
{"timestamp":"2026-02-12T16:23:50.277851Z","level":"info","event":"Merge key: race_year + race_round + driver_ref + stop_number","logger":"task.stdout"}
{"timestamp":"2026-02-12T16:23:50.278086Z","level":"info","event":"CSV priority: YES (skip API for CSV pit stops)","logger":"task.stdout"}
{"timestamp":"2026-02-12T16:23:50.278266Z","level":"info","event":"","logger":"task.stdout"}
{"timestamp":"2026-02-12T16:23:50.278500Z","level":"info","event":"  Processing 1646 API pit stops:","logger":"task.stdout"}
{"timestamp":"2026-02-12T16:23:50.278695Z","level":"info","event":"","logger":"task.stdout"}
{"timestamp":"2026-02-12T16:23:50.276504Z","level":"error","event":"Task failed with exception","logger":"task","filename":"task_runner.py","lineno":1078,"error_detail":[{"exc_type":"KeyError","exc_value":"'race_year'","exc_notes":[],"syntax_error":null,"is_cause":false,"frames":[{"filename":"/home/airflow/.local/lib/python3.12/site-packages/airflow/sdk/execution_time/task_runner.py","lineno":1004,"name":"run"},{"filename":"/home/airflow/.local/lib/python3.12/site-packages/airflow/sdk/execution_time/task_runner.py","lineno":1400,"name":"_execute_task"},{"filename":"/home/airflow/.local/lib/python3.12/site-packages/airflow/sdk/bases/operator.py","lineno":417,"name":"wrapper"},{"filename":"/home/airflow/.local/lib/python3.12/site-packages/airflow/providers/standard/operators/python.py","lineno":214,"name":"execute"},{"filename":"/home/airflow/.local/lib/python3.12/site-packages/airflow/providers/standard/operators/python.py","lineno":237,"name":"execute_callable"},{"filename":"/home/airflow/.local/lib/python3.12/site-packages/airflow/sdk/execution_time/callback_runner.py","lineno":82,"name":"run"},{"filename":"/opt/airflow/dags/api_etl/api_pitstops_bronze_to_silver.py","lineno":322,"name":"backfill_fact_pitstops"},{"filename":"/opt/airflow/dags/api_etl/api_pitstops_bronze_to_silver.py","lineno":116,"name":"merge_pitstops"},{"filename":"/home/airflow/.local/lib/python3.12/site-packages/pandas/core/frame.py","lineno":3893,"name":"__getitem__"},{"filename":"/home/airflow/.local/lib/python3.12/site-packages/pandas/core/indexes/base.py","lineno":3798,"name":"get_loc"}],"is_group":false,"exceptions":[]},{"exc_type":"KeyError","exc_value":"'race_year'","exc_notes":[],"syntax_error":null,"is_cause":true,"frames":[{"filename":"/home/airflow/.local/lib/python3.12/site-packages/pandas/core/indexes/base.py","lineno":3791,"name":"get_loc"},{"filename":"/opt/airflow/index.pyx","lineno":152,"name":"pandas._libs.index.IndexEngine.get_loc"},{"filename":"/opt/airflow/index.pyx","lineno":181,"name":"pandas._libs.index.IndexEngine.get_loc"},{"filename":"/opt/airflow/pandas/_libs/hashtable_class_helper.pxi","lineno":7080,"name":"pandas._libs.hashtable.PyObjectHashTable.get_item"},{"filename":"/opt/airflow/pandas/_libs/hashtable_class_helper.pxi","lineno":7088,"name":"pandas._libs.hashtable.PyObjectHashTable.get_item"}],"is_group":false,"exceptions":[]}]}
