{"timestamp":"2026-02-18T09:00:53.226119Z","level":"info","event":"DAG bundles loaded: dags-folder","logger":"airflow.dag_processing.bundles.manager.DagBundlesManager","filename":"manager.py","lineno":179}
{"timestamp":"2026-02-18T09:00:53.279784Z","level":"info","event":"Filling up the DagBag from /opt/airflow/dags/api_driverStandings_bronze_to_silver.py","logger":"airflow.models.dagbag.DagBag","filename":"dagbag.py","lineno":593}
{"timestamp":"2026-02-18T09:00:57.127894Z","level":"info","event":"======================================================================","logger":"task.stdout"}
{"timestamp":"2026-02-18T09:00:57.128396Z","level":"info","event":"F1 DRIVER STANDINGS BACKFILL: ERGAST API -> SILVER","logger":"task.stdout"}
{"timestamp":"2026-02-18T09:00:57.128765Z","level":"info","event":"======================================================================","logger":"task.stdout"}
{"timestamp":"2026-02-18T09:00:57.137874Z","level":"info","event":"","logger":"task.stdout"}
{"timestamp":"2026-02-18T09:00:57.138217Z","level":"info","event":"[STEP 1] Scraping API...","logger":"task.stdout"}
{"timestamp":"2026-02-18T09:00:57.138409Z","level":"info","event":"","logger":"task.stdout"}
{"timestamp":"2026-02-18T09:00:57.138580Z","level":"info","event":"======================================================================","logger":"task.stdout"}
{"timestamp":"2026-02-18T09:00:57.138747Z","level":"info","event":"SCRAPING DRIVER STANDINGS FROM ERGAST API: 2024-2025","logger":"task.stdout"}
{"timestamp":"2026-02-18T09:00:57.138928Z","level":"info","event":"======================================================================","logger":"task.stdout"}
{"timestamp":"2026-02-18T09:00:57.139103Z","level":"info","event":"","logger":"task.stdout"}
{"timestamp":"2026-02-18T09:00:57.139290Z","level":"info","event":"Fetching driver standings for 2024...","logger":"task.stdout"}
{"timestamp":"2026-02-18T09:01:19.067361Z","level":"info","event":"24 standings found for 2024","logger":"task.stdout"}
{"timestamp":"2026-02-18T09:01:19.067764Z","level":"info","event":"Fetching driver standings for 2025...","logger":"task.stdout"}
{"timestamp":"2026-02-18T09:01:41.341990Z","level":"info","event":"21 standings found for 2025","logger":"task.stdout"}
{"timestamp":"2026-02-18T09:01:41.346414Z","level":"info","event":"","logger":"task.stdout"}
{"timestamp":"2026-02-18T09:01:41.346812Z","level":"info","event":"======================================================================","logger":"task.stdout"}
{"timestamp":"2026-02-18T09:01:41.347255Z","level":"info","event":"SCRAPING COMPLETE","logger":"task.stdout"}
{"timestamp":"2026-02-18T09:01:41.347561Z","level":"info","event":"Total records: 45","logger":"task.stdout"}
{"timestamp":"2026-02-18T09:01:41.347848Z","level":"info","event":"Years covered: 2024-2025","logger":"task.stdout"}
{"timestamp":"2026-02-18T09:01:41.353453Z","level":"info","event":"Unique races: 2","logger":"task.stdout"}
{"timestamp":"2026-02-18T09:01:41.353879Z","level":"info","event":"======================================================================","logger":"task.stdout"}
{"timestamp":"2026-02-18T09:01:41.354179Z","level":"info","event":"","logger":"task.stdout"}
{"timestamp":"2026-02-18T09:01:41.354568Z","level":"info","event":"API scraping complete: 45 standing records","logger":"task.stdout"}
{"timestamp":"2026-02-18T09:01:41.354856Z","level":"info","event":"","logger":"task.stdout"}
{"timestamp":"2026-02-18T09:01:41.355197Z","level":"info","event":"[STEP 2] Transforming to Silver schema...","logger":"task.stdout"}
{"timestamp":"2026-02-18T09:01:41.355530Z","level":"info","event":"Transforming API data to Silver schema...","logger":"task.stdout"}
{"timestamp":"2026-02-18T09:01:41.355872Z","level":"info","event":"Sorted by year + round + position","logger":"task.stdout"}
{"timestamp":"2026-02-18T09:01:41.358719Z","level":"info","event":"Generated ds_id: 10000001 - 10000045","logger":"task.stdout"}
{"timestamp":"2026-02-18T09:01:41.362518Z","level":"info","event":"Transformed 45 standings to Silver schema","logger":"task.stdout"}
{"timestamp":"2026-02-18T09:01:41.362920Z","level":"info","event":"Source: api","logger":"task.stdout"}
{"timestamp":"2026-02-18T09:01:41.363250Z","level":"info","event":"ds_id range: 10000001 - 10000045","logger":"task.stdout"}
{"timestamp":"2026-02-18T09:01:41.363584Z","level":"info","event":"Transformation complete: 45 standings","logger":"task.stdout"}
{"timestamp":"2026-02-18T09:01:41.363932Z","level":"info","event":"ds_id range: 10000001 - 10000045","logger":"task.stdout"}
{"timestamp":"2026-02-18T09:01:41.364204Z","level":"info","event":"","logger":"task.stdout"}
{"timestamp":"2026-02-18T09:01:41.364483Z","level":"info","event":"[STEP 3] Loading dimensions for FK resolution...","logger":"task.stdout"}
{"timestamp":"2026-02-18T09:01:41.401378Z","level":"info","event":" Downloaded dimensions/dim_driver/dim_driver.parquet (81 rows)","logger":"task.stdout"}
{"timestamp":"2026-02-18T09:01:41.405829Z","level":"info","event":" Downloaded dimensions/dim_constructor/dim_constructor.parquet (21 rows)","logger":"task.stdout"}
{"timestamp":"2026-02-18T09:01:41.411177Z","level":"info","event":" Downloaded dimensions/dim_race/dim_race.parquet (280 rows)","logger":"task.stdout"}
{"timestamp":"2026-02-18T09:01:41.416193Z","level":"info","event":" Downloaded dimensions/dim_time/dim_time.parquet (6940 rows)","logger":"task.stdout"}
{"timestamp":"2026-02-18T09:01:41.417002Z","level":"info","event":"Loaded dimensions:","logger":"task.stdout"}
{"timestamp":"2026-02-18T09:01:41.417419Z","level":"info","event":"  - dim_driver: 81 drivers","logger":"task.stdout"}
{"timestamp":"2026-02-18T09:01:41.419193Z","level":"info","event":"  - dim_constructor: 21 constructors","logger":"task.stdout"}
{"timestamp":"2026-02-18T09:01:41.419678Z","level":"info","event":"  - dim_race: 280 races","logger":"task.stdout"}
{"timestamp":"2026-02-18T09:01:41.420037Z","level":"info","event":"  - dim_time: 6,940 dates","logger":"task.stdout"}
{"timestamp":"2026-02-18T09:01:41.420350Z","level":"info","event":"","logger":"task.stdout"}
{"timestamp":"2026-02-18T09:01:41.420736Z","level":"info","event":"[STEP 4] Resolving foreign keys...","logger":"task.stdout"}
{"timestamp":"2026-02-18T09:01:41.432963Z","level":"info","event":"Created lookup dictionaries:","logger":"task.stdout"}
{"timestamp":"2026-02-18T09:01:41.433481Z","level":"info","event":"  - driver_ref -> driver_key: 81 entries","logger":"task.stdout"}
{"timestamp":"2026-02-18T09:01:41.433879Z","level":"info","event":"  - constructor_ref -> constructor_key: 21 entries","logger":"task.stdout"}
{"timestamp":"2026-02-18T09:01:41.434179Z","level":"info","event":"  - race_year+race_round -> race_key: 280 entries","logger":"task.stdout"}
{"timestamp":"2026-02-18T09:01:41.434898Z","level":"info","event":"  - race_date -> time_key: 6940 entries","logger":"task.stdout"}
{"timestamp":"2026-02-18T09:01:41.451840Z","level":"info","event":"All FKs resolved successfully","logger":"task.stdout"}
{"timestamp":"2026-02-18T09:01:41.453203Z","level":"info","event":"","logger":"task.stdout"}
{"timestamp":"2026-02-18T09:01:41.453613Z","level":"info","event":"[STEP 5] Loading existing Silver data...","logger":"task.stdout"}
{"timestamp":"2026-02-18T09:01:41.456041Z","level":"info","event":" Downloaded facts/fact_driver_standings/fact_driver_standings.parquet (4502 rows)","logger":"task.stdout"}
{"timestamp":"2026-02-18T09:01:41.456540Z","level":"info","event":"Loaded 4,502 existing standings from Silver","logger":"task.stdout"}
{"timestamp":"2026-02-18T09:01:41.457603Z","level":"info","event":"Existing sources: {'f1_data.csv': 4502}","logger":"task.stdout"}
{"timestamp":"2026-02-18T09:01:41.458073Z","level":"info","event":"","logger":"task.stdout"}
{"timestamp":"2026-02-18T09:01:41.458514Z","level":"info","event":"[STEP 6] Merging API data with existing Silver...","logger":"task.stdout"}
{"timestamp":"2026-02-18T09:01:41.462332Z","level":"info","event":"","logger":"task.stdout"}
{"timestamp":"2026-02-18T09:01:41.462758Z","level":"info","event":"  Merge Configuration:","logger":"task.stdout"}
{"timestamp":"2026-02-18T09:01:41.463069Z","level":"info","event":"Existing standings: 4,502","logger":"task.stdout"}
{"timestamp":"2026-02-18T09:01:41.463424Z","level":"info","event":"New API standings: 45","logger":"task.stdout"}
{"timestamp":"2026-02-18T09:01:41.463745Z","level":"info","event":"Merge key: ds_id (PRIMARY natural key)","logger":"task.stdout"}
{"timestamp":"2026-02-18T09:01:41.464065Z","level":"info","event":"","logger":"task.stdout"}
{"timestamp":"2026-02-18T09:01:41.464376Z","level":"info","event":"  Current max ds_key: 4502","logger":"task.stdout"}
{"timestamp":"2026-02-18T09:01:41.464691Z","level":"info","event":"","logger":"task.stdout"}
{"timestamp":"2026-02-18T09:01:41.465018Z","level":"info","event":"  Processing 45 API standings:","logger":"task.stdout"}
{"timestamp":"2026-02-18T09:01:41.465344Z","level":"info","event":"","logger":"task.stdout"}
{"timestamp":"2026-02-18T09:01:41.465600Z","level":"info","event":"ADD: ds_id=10000001 (new standing from API)","logger":"task.stdout"}
{"timestamp":"2026-02-18T09:01:41.465871Z","level":"info","event":"ADD: ds_id=10000002 (new standing from API)","logger":"task.stdout"}
{"timestamp":"2026-02-18T09:01:41.466809Z","level":"info","event":"ADD: ds_id=10000003 (new standing from API)","logger":"task.stdout"}
{"timestamp":"2026-02-18T09:01:41.468988Z","level":"info","event":"ADD: ds_id=10000004 (new standing from API)","logger":"task.stdout"}
{"timestamp":"2026-02-18T09:01:41.470926Z","level":"info","event":"ADD: ds_id=10000005 (new standing from API)","logger":"task.stdout"}
{"timestamp":"2026-02-18T09:01:41.472657Z","level":"info","event":"ADD: ds_id=10000006 (new standing from API)","logger":"task.stdout"}
{"timestamp":"2026-02-18T09:01:41.474366Z","level":"info","event":"ADD: ds_id=10000007 (new standing from API)","logger":"task.stdout"}
{"timestamp":"2026-02-18T09:01:41.476068Z","level":"info","event":"ADD: ds_id=10000008 (new standing from API)","logger":"task.stdout"}
{"timestamp":"2026-02-18T09:01:41.477749Z","level":"info","event":"ADD: ds_id=10000009 (new standing from API)","logger":"task.stdout"}
{"timestamp":"2026-02-18T09:01:41.479423Z","level":"info","event":"ADD: ds_id=10000010 (new standing from API)","logger":"task.stdout"}
{"timestamp":"2026-02-18T09:01:41.481119Z","level":"info","event":"ADD: ds_id=10000011 (new standing from API)","logger":"task.stdout"}
{"timestamp":"2026-02-18T09:01:41.482823Z","level":"info","event":"ADD: ds_id=10000012 (new standing from API)","logger":"task.stdout"}
{"timestamp":"2026-02-18T09:01:41.484687Z","level":"info","event":"ADD: ds_id=10000013 (new standing from API)","logger":"task.stdout"}
{"timestamp":"2026-02-18T09:01:41.486830Z","level":"info","event":"ADD: ds_id=10000014 (new standing from API)","logger":"task.stdout"}
{"timestamp":"2026-02-18T09:01:41.488547Z","level":"info","event":"ADD: ds_id=10000015 (new standing from API)","logger":"task.stdout"}
{"timestamp":"2026-02-18T09:01:41.490232Z","level":"info","event":"ADD: ds_id=10000016 (new standing from API)","logger":"task.stdout"}
{"timestamp":"2026-02-18T09:01:41.491936Z","level":"info","event":"ADD: ds_id=10000017 (new standing from API)","logger":"task.stdout"}
{"timestamp":"2026-02-18T09:01:41.493624Z","level":"info","event":"ADD: ds_id=10000018 (new standing from API)","logger":"task.stdout"}
{"timestamp":"2026-02-18T09:01:41.495373Z","level":"info","event":"ADD: ds_id=10000019 (new standing from API)","logger":"task.stdout"}
{"timestamp":"2026-02-18T09:01:41.497153Z","level":"info","event":"ADD: ds_id=10000020 (new standing from API)","logger":"task.stdout"}
{"timestamp":"2026-02-18T09:01:41.499255Z","level":"info","event":"ADD: ds_id=10000021 (new standing from API)","logger":"task.stdout"}
{"timestamp":"2026-02-18T09:01:41.501040Z","level":"info","event":"ADD: ds_id=10000022 (new standing from API)","logger":"task.stdout"}
{"timestamp":"2026-02-18T09:01:41.503195Z","level":"info","event":"ADD: ds_id=10000023 (new standing from API)","logger":"task.stdout"}
{"timestamp":"2026-02-18T09:01:41.506004Z","level":"info","event":"ADD: ds_id=10000024 (new standing from API)","logger":"task.stdout"}
{"timestamp":"2026-02-18T09:01:41.508825Z","level":"info","event":"ADD: ds_id=10000025 (new standing from API)","logger":"task.stdout"}
{"timestamp":"2026-02-18T09:01:41.511097Z","level":"info","event":"ADD: ds_id=10000026 (new standing from API)","logger":"task.stdout"}
{"timestamp":"2026-02-18T09:01:41.527019Z","level":"info","event":"ADD: ds_id=10000027 (new standing from API)","logger":"task.stdout"}
{"timestamp":"2026-02-18T09:01:41.527554Z","level":"info","event":"ADD: ds_id=10000028 (new standing from API)","logger":"task.stdout"}
{"timestamp":"2026-02-18T09:01:41.528388Z","level":"info","event":"ADD: ds_id=10000029 (new standing from API)","logger":"task.stdout"}
{"timestamp":"2026-02-18T09:01:41.530293Z","level":"info","event":"ADD: ds_id=10000030 (new standing from API)","logger":"task.stdout"}
{"timestamp":"2026-02-18T09:01:41.539817Z","level":"info","event":"ADD: ds_id=10000031 (new standing from API)","logger":"task.stdout"}
{"timestamp":"2026-02-18T09:01:41.540406Z","level":"info","event":"ADD: ds_id=10000032 (new standing from API)","logger":"task.stdout"}
{"timestamp":"2026-02-18T09:01:41.540855Z","level":"info","event":"ADD: ds_id=10000033 (new standing from API)","logger":"task.stdout"}
{"timestamp":"2026-02-18T09:01:41.543473Z","level":"info","event":"ADD: ds_id=10000034 (new standing from API)","logger":"task.stdout"}
{"timestamp":"2026-02-18T09:01:41.546438Z","level":"info","event":"ADD: ds_id=10000035 (new standing from API)","logger":"task.stdout"}
{"timestamp":"2026-02-18T09:01:41.548739Z","level":"info","event":"ADD: ds_id=10000036 (new standing from API)","logger":"task.stdout"}
{"timestamp":"2026-02-18T09:01:41.550737Z","level":"info","event":"ADD: ds_id=10000037 (new standing from API)","logger":"task.stdout"}
{"timestamp":"2026-02-18T09:01:41.553485Z","level":"info","event":"ADD: ds_id=10000038 (new standing from API)","logger":"task.stdout"}
{"timestamp":"2026-02-18T09:01:41.556028Z","level":"info","event":"ADD: ds_id=10000039 (new standing from API)","logger":"task.stdout"}
{"timestamp":"2026-02-18T09:01:41.557810Z","level":"info","event":"ADD: ds_id=10000040 (new standing from API)","logger":"task.stdout"}
{"timestamp":"2026-02-18T09:01:41.559547Z","level":"info","event":"ADD: ds_id=10000041 (new standing from API)","logger":"task.stdout"}
{"timestamp":"2026-02-18T09:01:41.561291Z","level":"info","event":"ADD: ds_id=10000042 (new standing from API)","logger":"task.stdout"}
{"timestamp":"2026-02-18T09:01:41.562998Z","level":"info","event":"ADD: ds_id=10000043 (new standing from API)","logger":"task.stdout"}
{"timestamp":"2026-02-18T09:01:41.564659Z","level":"info","event":"ADD: ds_id=10000044 (new standing from API)","logger":"task.stdout"}
{"timestamp":"2026-02-18T09:01:41.566390Z","level":"info","event":"ADD: ds_id=10000045 (new standing from API)","logger":"task.stdout"}
{"timestamp":"2026-02-18T09:01:41.575201Z","level":"info","event":"Merge complete: 4,547 total standings","logger":"task.stdout"}
{"timestamp":"2026-02-18T09:01:41.575697Z","level":"info","event":"","logger":"task.stdout"}
{"timestamp":"2026-02-18T09:01:41.576104Z","level":"info","event":"[STEP 7] Writing to Silver layer...","logger":"task.stdout"}
{"timestamp":"2026-02-18T09:01:41.599375Z","level":"info","event":"Uploaded facts/fact_driver_standings/fact_driver_standings.parquet (4547 rows)","logger":"task.stdout"}
{"timestamp":"2026-02-18T09:01:41.599815Z","level":"info","event":"Written to: s3://f1-silver/facts/fact_driver_standings/fact_driver_standings.parquet","logger":"task.stdout"}
{"timestamp":"2026-02-18T09:01:41.600070Z","level":"info","event":"","logger":"task.stdout"}
{"timestamp":"2026-02-18T09:01:41.600379Z","level":"info","event":"======================================================================","logger":"task.stdout"}
{"timestamp":"2026-02-18T09:01:41.600672Z","level":"info","event":"BACKFILL SUMMARY","logger":"task.stdout"}
{"timestamp":"2026-02-18T09:01:41.600880Z","level":"info","event":"======================================================================","logger":"task.stdout"}
{"timestamp":"2026-02-18T09:01:41.602442Z","level":"info","event":"  Existing standings in Silver: 4,502","logger":"task.stdout"}
{"timestamp":"2026-02-18T09:01:41.603451Z","level":"info","event":"  API standings scraped: 45","logger":"task.stdout"}
{"timestamp":"2026-02-18T09:01:41.603983Z","level":"info","event":"  Final standing count: 4,547","logger":"task.stdout"}
{"timestamp":"2026-02-18T09:01:41.604319Z","level":"info","event":"  New standings added: 45","logger":"task.stdout"}
{"timestamp":"2026-02-18T09:01:41.604857Z","level":"info","event":"","logger":"task.stdout"}
{"timestamp":"2026-02-18T09:01:41.605336Z","level":"info","event":"  Final source breakdown:","logger":"task.stdout"}
{"timestamp":"2026-02-18T09:01:41.605898Z","level":"info","event":"    f1_data.csv    : 4,502","logger":"task.stdout"}
{"timestamp":"2026-02-18T09:01:41.606389Z","level":"info","event":"    api            : 45","logger":"task.stdout"}
{"timestamp":"2026-02-18T09:01:41.606674Z","level":"info","event":"","logger":"task.stdout"}
{"timestamp":"2026-02-18T09:01:41.607035Z","level":"info","event":"  ds_id ranges:","logger":"task.stdout"}
{"timestamp":"2026-02-18T09:01:41.607270Z","level":"info","event":"    f1_data.csv    : 64928 - 72187","logger":"task.stdout"}
{"timestamp":"2026-02-18T09:01:41.607516Z","level":"info","event":"    api            : 10000001 - 10000045","logger":"task.stdout"}
{"timestamp":"2026-02-18T09:01:41.607755Z","level":"info","event":"======================================================================","logger":"task.stdout"}
{"timestamp":"2026-02-18T09:01:41.623579Z","level":"info","event":"Done. Returned value was: {'existing_count': 4502, 'api_scraped': 45, 'final_count': 4547, 'new_standings_added': 45}","logger":"airflow.task.operators.airflow.providers.standard.operators.python.PythonOperator","filename":"python.py","lineno":216}
{"timestamp":"2026-02-18T09:01:41.625974Z","level":"info","event":"Pushing xcom","ti":"RuntimeTaskInstance(id=UUID('019c6ffb-08ab-75a4-ac89-7a9b682a249d'), task_id='backfill_fact_driver_standings', dag_id='api_driverstandings_bronze_to_silver', run_id='manual__2026-02-18T09:00:48.339355+00:00', try_number=1, dag_version_id=UUID('019c6ff5-cc19-7d11-9ce3-d5e5630d5017'), map_index=-1, hostname='e4702b2ecf8f', context_carrier={}, task=<Task(PythonOperator): backfill_fact_driver_standings>, bundle_instance=LocalDagBundle(name=dags-folder), max_tries=2, start_date=datetime.datetime(2026, 2, 18, 9, 0, 50, 770662, tzinfo=datetime.timezone.utc), end_date=None, state=<TaskInstanceState.RUNNING: 'running'>, is_mapped=False, rendered_map_index=None)","logger":"task","filename":"task_runner.py","lineno":1450}
