{"timestamp":"2026-02-13T15:08:55.251825Z","level":"info","event":"DAG bundles loaded: dags-folder","logger":"airflow.dag_processing.bundles.manager.DagBundlesManager","filename":"manager.py","lineno":179}
{"timestamp":"2026-02-13T15:08:55.253271Z","level":"info","event":"Filling up the DagBag from /opt/airflow/dags/master_pipeline.py","logger":"airflow.models.dagbag.DagBag","filename":"dagbag.py","lineno":593}
{"timestamp":"2026-02-13T15:08:55.359974Z","level":"warning","event":"The `airflow.operators.trigger_dagrun.TriggerDagRunOperator` attribute is deprecated. Please use `'airflow.providers.standard.operators.trigger_dagrun.TriggerDagRunOperator'`.","category":"DeprecatedImportWarning","filename":"/opt/airflow/dags/master_pipeline.py","lineno":34,"logger":"py.warnings"}
{"timestamp":"2026-02-13T15:08:55.360279Z","level":"warning","event":"The `airflow.operators.python.PythonOperator` attribute is deprecated. Please use `'airflow.providers.standard.operators.python.PythonOperator'`.","category":"DeprecatedImportWarning","filename":"/opt/airflow/dags/master_pipeline.py","lineno":35,"logger":"py.warnings"}
{"timestamp":"2026-02-13T15:08:55.699547Z","level":"info","event":"Triggering Dag Run.","trigger_dag_id":"api_laps_bronze_to_silver","logger":"task","filename":"task_runner.py","lineno":1146}
{"timestamp":"2026-02-13T15:08:55.808052Z","level":"info","event":"Dag Run triggered successfully.","trigger_dag_id":"api_laps_bronze_to_silver","logger":"task","filename":"task_runner.py","lineno":1180}
{"timestamp":"2026-02-13T15:08:55.918125Z","level":"info","event":"Waiting for dag run to complete execution in allowed state.","dag_id":"api_laps_bronze_to_silver","run_id":"manual__2026-02-13T15:08:55.470595+00:00","allowed_state":["success"],"logger":"task","filename":"task_runner.py","lineno":1207}
{"timestamp":"2026-02-13T15:09:25.930839Z","level":"info","event":"Waiting for dag run to complete execution in allowed state.","dag_id":"api_laps_bronze_to_silver","run_id":"manual__2026-02-13T15:08:55.470595+00:00","allowed_state":["success"],"logger":"task","filename":"task_runner.py","lineno":1207}
{"timestamp":"2026-02-13T15:09:55.935686Z","level":"info","event":"Waiting for dag run to complete execution in allowed state.","dag_id":"api_laps_bronze_to_silver","run_id":"manual__2026-02-13T15:08:55.470595+00:00","allowed_state":["success"],"logger":"task","filename":"task_runner.py","lineno":1207}
{"timestamp":"2026-02-13T15:10:25.948866Z","level":"info","event":"Waiting for dag run to complete execution in allowed state.","dag_id":"api_laps_bronze_to_silver","run_id":"manual__2026-02-13T15:08:55.470595+00:00","allowed_state":["success"],"logger":"task","filename":"task_runner.py","lineno":1207}
{"timestamp":"2026-02-13T15:10:55.954893Z","level":"info","event":"Waiting for dag run to complete execution in allowed state.","dag_id":"api_laps_bronze_to_silver","run_id":"manual__2026-02-13T15:08:55.470595+00:00","allowed_state":["success"],"logger":"task","filename":"task_runner.py","lineno":1207}
{"timestamp":"2026-02-13T15:11:25.961040Z","level":"info","event":"Waiting for dag run to complete execution in allowed state.","dag_id":"api_laps_bronze_to_silver","run_id":"manual__2026-02-13T15:08:55.470595+00:00","allowed_state":["success"],"logger":"task","filename":"task_runner.py","lineno":1207}
{"timestamp":"2026-02-13T15:11:55.963582Z","level":"info","event":"Waiting for dag run to complete execution in allowed state.","dag_id":"api_laps_bronze_to_silver","run_id":"manual__2026-02-13T15:08:55.470595+00:00","allowed_state":["success"],"logger":"task","filename":"task_runner.py","lineno":1207}
{"timestamp":"2026-02-13T15:12:25.968573Z","level":"info","event":"Waiting for dag run to complete execution in allowed state.","dag_id":"api_laps_bronze_to_silver","run_id":"manual__2026-02-13T15:08:55.470595+00:00","allowed_state":["success"],"logger":"task","filename":"task_runner.py","lineno":1207}
{"timestamp":"2026-02-13T15:12:55.972864Z","level":"info","event":"Waiting for dag run to complete execution in allowed state.","dag_id":"api_laps_bronze_to_silver","run_id":"manual__2026-02-13T15:08:55.470595+00:00","allowed_state":["success"],"logger":"task","filename":"task_runner.py","lineno":1207}
{"timestamp":"2026-02-13T15:13:25.979500Z","level":"info","event":"Waiting for dag run to complete execution in allowed state.","dag_id":"api_laps_bronze_to_silver","run_id":"manual__2026-02-13T15:08:55.470595+00:00","allowed_state":["success"],"logger":"task","filename":"task_runner.py","lineno":1207}
{"timestamp":"2026-02-13T15:13:55.984111Z","level":"info","event":"Waiting for dag run to complete execution in allowed state.","dag_id":"api_laps_bronze_to_silver","run_id":"manual__2026-02-13T15:08:55.470595+00:00","allowed_state":["success"],"logger":"task","filename":"task_runner.py","lineno":1207}
{"timestamp":"2026-02-13T15:14:25.989181Z","level":"info","event":"Waiting for dag run to complete execution in allowed state.","dag_id":"api_laps_bronze_to_silver","run_id":"manual__2026-02-13T15:08:55.470595+00:00","allowed_state":["success"],"logger":"task","filename":"task_runner.py","lineno":1207}
{"timestamp":"2026-02-13T15:14:55.994035Z","level":"info","event":"Waiting for dag run to complete execution in allowed state.","dag_id":"api_laps_bronze_to_silver","run_id":"manual__2026-02-13T15:08:55.470595+00:00","allowed_state":["success"],"logger":"task","filename":"task_runner.py","lineno":1207}
{"timestamp":"2026-02-13T15:15:25.998979Z","level":"info","event":"Waiting for dag run to complete execution in allowed state.","dag_id":"api_laps_bronze_to_silver","run_id":"manual__2026-02-13T15:08:55.470595+00:00","allowed_state":["success"],"logger":"task","filename":"task_runner.py","lineno":1207}
{"timestamp":"2026-02-13T15:15:56.003779Z","level":"info","event":"Waiting for dag run to complete execution in allowed state.","dag_id":"api_laps_bronze_to_silver","run_id":"manual__2026-02-13T15:08:55.470595+00:00","allowed_state":["success"],"logger":"task","filename":"task_runner.py","lineno":1207}
{"timestamp":"2026-02-13T15:16:26.007775Z","level":"info","event":"Waiting for dag run to complete execution in allowed state.","dag_id":"api_laps_bronze_to_silver","run_id":"manual__2026-02-13T15:08:55.470595+00:00","allowed_state":["success"],"logger":"task","filename":"task_runner.py","lineno":1207}
{"timestamp":"2026-02-13T15:16:56.012634Z","level":"info","event":"Waiting for dag run to complete execution in allowed state.","dag_id":"api_laps_bronze_to_silver","run_id":"manual__2026-02-13T15:08:55.470595+00:00","allowed_state":["success"],"logger":"task","filename":"task_runner.py","lineno":1207}
{"timestamp":"2026-02-13T15:17:26.016583Z","level":"info","event":"Waiting for dag run to complete execution in allowed state.","dag_id":"api_laps_bronze_to_silver","run_id":"manual__2026-02-13T15:08:55.470595+00:00","allowed_state":["success"],"logger":"task","filename":"task_runner.py","lineno":1207}
{"timestamp":"2026-02-13T15:17:56.021489Z","level":"info","event":"Waiting for dag run to complete execution in allowed state.","dag_id":"api_laps_bronze_to_silver","run_id":"manual__2026-02-13T15:08:55.470595+00:00","allowed_state":["success"],"logger":"task","filename":"task_runner.py","lineno":1207}
{"timestamp":"2026-02-13T15:18:26.041727Z","level":"info","event":"Waiting for dag run to complete execution in allowed state.","dag_id":"api_laps_bronze_to_silver","run_id":"manual__2026-02-13T15:08:55.470595+00:00","allowed_state":["success"],"logger":"task","filename":"task_runner.py","lineno":1207}
{"timestamp":"2026-02-13T15:18:56.046350Z","level":"info","event":"Waiting for dag run to complete execution in allowed state.","dag_id":"api_laps_bronze_to_silver","run_id":"manual__2026-02-13T15:08:55.470595+00:00","allowed_state":["success"],"logger":"task","filename":"task_runner.py","lineno":1207}
{"timestamp":"2026-02-13T15:19:26.050668Z","level":"info","event":"Waiting for dag run to complete execution in allowed state.","dag_id":"api_laps_bronze_to_silver","run_id":"manual__2026-02-13T15:08:55.470595+00:00","allowed_state":["success"],"logger":"task","filename":"task_runner.py","lineno":1207}
{"timestamp":"2026-02-13T15:19:56.055414Z","level":"info","event":"Waiting for dag run to complete execution in allowed state.","dag_id":"api_laps_bronze_to_silver","run_id":"manual__2026-02-13T15:08:55.470595+00:00","allowed_state":["success"],"logger":"task","filename":"task_runner.py","lineno":1207}
{"timestamp":"2026-02-13T15:20:26.060953Z","level":"info","event":"Waiting for dag run to complete execution in allowed state.","dag_id":"api_laps_bronze_to_silver","run_id":"manual__2026-02-13T15:08:55.470595+00:00","allowed_state":["success"],"logger":"task","filename":"task_runner.py","lineno":1207}
{"timestamp":"2026-02-13T15:20:56.073568Z","level":"info","event":"Waiting for dag run to complete execution in allowed state.","dag_id":"api_laps_bronze_to_silver","run_id":"manual__2026-02-13T15:08:55.470595+00:00","allowed_state":["success"],"logger":"task","filename":"task_runner.py","lineno":1207}
{"timestamp":"2026-02-13T15:21:26.078731Z","level":"info","event":"Waiting for dag run to complete execution in allowed state.","dag_id":"api_laps_bronze_to_silver","run_id":"manual__2026-02-13T15:08:55.470595+00:00","allowed_state":["success"],"logger":"task","filename":"task_runner.py","lineno":1207}
{"timestamp":"2026-02-13T15:21:56.084885Z","level":"info","event":"Waiting for dag run to complete execution in allowed state.","dag_id":"api_laps_bronze_to_silver","run_id":"manual__2026-02-13T15:08:55.470595+00:00","allowed_state":["success"],"logger":"task","filename":"task_runner.py","lineno":1207}
{"timestamp":"2026-02-13T15:22:26.088735Z","level":"info","event":"Waiting for dag run to complete execution in allowed state.","dag_id":"api_laps_bronze_to_silver","run_id":"manual__2026-02-13T15:08:55.470595+00:00","allowed_state":["success"],"logger":"task","filename":"task_runner.py","lineno":1207}
{"timestamp":"2026-02-13T15:22:56.093409Z","level":"info","event":"Waiting for dag run to complete execution in allowed state.","dag_id":"api_laps_bronze_to_silver","run_id":"manual__2026-02-13T15:08:55.470595+00:00","allowed_state":["success"],"logger":"task","filename":"task_runner.py","lineno":1207}
{"timestamp":"2026-02-13T15:23:26.098662Z","level":"info","event":"Waiting for dag run to complete execution in allowed state.","dag_id":"api_laps_bronze_to_silver","run_id":"manual__2026-02-13T15:08:55.470595+00:00","allowed_state":["success"],"logger":"task","filename":"task_runner.py","lineno":1207}
{"timestamp":"2026-02-13T15:23:56.102571Z","level":"info","event":"Waiting for dag run to complete execution in allowed state.","dag_id":"api_laps_bronze_to_silver","run_id":"manual__2026-02-13T15:08:55.470595+00:00","allowed_state":["success"],"logger":"task","filename":"task_runner.py","lineno":1207}
{"timestamp":"2026-02-13T15:24:26.108027Z","level":"info","event":"Waiting for dag run to complete execution in allowed state.","dag_id":"api_laps_bronze_to_silver","run_id":"manual__2026-02-13T15:08:55.470595+00:00","allowed_state":["success"],"logger":"task","filename":"task_runner.py","lineno":1207}
{"timestamp":"2026-02-13T15:24:56.113372Z","level":"info","event":"Waiting for dag run to complete execution in allowed state.","dag_id":"api_laps_bronze_to_silver","run_id":"manual__2026-02-13T15:08:55.470595+00:00","allowed_state":["success"],"logger":"task","filename":"task_runner.py","lineno":1207}
{"timestamp":"2026-02-13T15:25:26.124556Z","level":"info","event":"Waiting for dag run to complete execution in allowed state.","dag_id":"api_laps_bronze_to_silver","run_id":"manual__2026-02-13T15:08:55.470595+00:00","allowed_state":["success"],"logger":"task","filename":"task_runner.py","lineno":1207}
{"timestamp":"2026-02-13T15:25:56.131384Z","level":"info","event":"Waiting for dag run to complete execution in allowed state.","dag_id":"api_laps_bronze_to_silver","run_id":"manual__2026-02-13T15:08:55.470595+00:00","allowed_state":["success"],"logger":"task","filename":"task_runner.py","lineno":1207}
{"timestamp":"2026-02-13T15:26:26.140985Z","level":"info","event":"Waiting for dag run to complete execution in allowed state.","dag_id":"api_laps_bronze_to_silver","run_id":"manual__2026-02-13T15:08:55.470595+00:00","allowed_state":["success"],"logger":"task","filename":"task_runner.py","lineno":1207}
{"timestamp":"2026-02-13T15:26:56.146340Z","level":"info","event":"Waiting for dag run to complete execution in allowed state.","dag_id":"api_laps_bronze_to_silver","run_id":"manual__2026-02-13T15:08:55.470595+00:00","allowed_state":["success"],"logger":"task","filename":"task_runner.py","lineno":1207}
{"timestamp":"2026-02-13T15:27:26.151759Z","level":"info","event":"Waiting for dag run to complete execution in allowed state.","dag_id":"api_laps_bronze_to_silver","run_id":"manual__2026-02-13T15:08:55.470595+00:00","allowed_state":["success"],"logger":"task","filename":"task_runner.py","lineno":1207}
{"timestamp":"2026-02-13T15:27:56.155893Z","level":"info","event":"Waiting for dag run to complete execution in allowed state.","dag_id":"api_laps_bronze_to_silver","run_id":"manual__2026-02-13T15:08:55.470595+00:00","allowed_state":["success"],"logger":"task","filename":"task_runner.py","lineno":1207}
{"timestamp":"2026-02-13T15:28:26.160420Z","level":"info","event":"Waiting for dag run to complete execution in allowed state.","dag_id":"api_laps_bronze_to_silver","run_id":"manual__2026-02-13T15:08:55.470595+00:00","allowed_state":["success"],"logger":"task","filename":"task_runner.py","lineno":1207}
{"timestamp":"2026-02-13T15:28:56.180549Z","level":"info","event":"Waiting for dag run to complete execution in allowed state.","dag_id":"api_laps_bronze_to_silver","run_id":"manual__2026-02-13T15:08:55.470595+00:00","allowed_state":["success"],"logger":"task","filename":"task_runner.py","lineno":1207}
{"timestamp":"2026-02-13T15:29:26.186035Z","level":"info","event":"Waiting for dag run to complete execution in allowed state.","dag_id":"api_laps_bronze_to_silver","run_id":"manual__2026-02-13T15:08:55.470595+00:00","allowed_state":["success"],"logger":"task","filename":"task_runner.py","lineno":1207}
{"timestamp":"2026-02-13T15:29:56.196428Z","level":"info","event":"Waiting for dag run to complete execution in allowed state.","dag_id":"api_laps_bronze_to_silver","run_id":"manual__2026-02-13T15:08:55.470595+00:00","allowed_state":["success"],"logger":"task","filename":"task_runner.py","lineno":1207}
{"timestamp":"2026-02-13T15:30:26.202929Z","level":"info","event":"Waiting for dag run to complete execution in allowed state.","dag_id":"api_laps_bronze_to_silver","run_id":"manual__2026-02-13T15:08:55.470595+00:00","allowed_state":["success"],"logger":"task","filename":"task_runner.py","lineno":1207}
{"timestamp":"2026-02-13T15:30:56.207639Z","level":"info","event":"Waiting for dag run to complete execution in allowed state.","dag_id":"api_laps_bronze_to_silver","run_id":"manual__2026-02-13T15:08:55.470595+00:00","allowed_state":["success"],"logger":"task","filename":"task_runner.py","lineno":1207}
{"timestamp":"2026-02-13T15:31:26.211940Z","level":"info","event":"Waiting for dag run to complete execution in allowed state.","dag_id":"api_laps_bronze_to_silver","run_id":"manual__2026-02-13T15:08:55.470595+00:00","allowed_state":["success"],"logger":"task","filename":"task_runner.py","lineno":1207}
{"timestamp":"2026-02-13T15:31:56.217258Z","level":"info","event":"Waiting for dag run to complete execution in allowed state.","dag_id":"api_laps_bronze_to_silver","run_id":"manual__2026-02-13T15:08:55.470595+00:00","allowed_state":["success"],"logger":"task","filename":"task_runner.py","lineno":1207}
{"timestamp":"2026-02-13T15:32:26.224736Z","level":"info","event":"Waiting for dag run to complete execution in allowed state.","dag_id":"api_laps_bronze_to_silver","run_id":"manual__2026-02-13T15:08:55.470595+00:00","allowed_state":["success"],"logger":"task","filename":"task_runner.py","lineno":1207}
{"timestamp":"2026-02-13T15:32:56.234383Z","level":"info","event":"Waiting for dag run to complete execution in allowed state.","dag_id":"api_laps_bronze_to_silver","run_id":"manual__2026-02-13T15:08:55.470595+00:00","allowed_state":["success"],"logger":"task","filename":"task_runner.py","lineno":1207}
{"timestamp":"2026-02-13T15:33:26.239938Z","level":"info","event":"Waiting for dag run to complete execution in allowed state.","dag_id":"api_laps_bronze_to_silver","run_id":"manual__2026-02-13T15:08:55.470595+00:00","allowed_state":["success"],"logger":"task","filename":"task_runner.py","lineno":1207}
{"timestamp":"2026-02-13T15:33:56.245237Z","level":"info","event":"Waiting for dag run to complete execution in allowed state.","dag_id":"api_laps_bronze_to_silver","run_id":"manual__2026-02-13T15:08:55.470595+00:00","allowed_state":["success"],"logger":"task","filename":"task_runner.py","lineno":1207}
{"timestamp":"2026-02-13T15:34:26.250790Z","level":"info","event":"Waiting for dag run to complete execution in allowed state.","dag_id":"api_laps_bronze_to_silver","run_id":"manual__2026-02-13T15:08:55.470595+00:00","allowed_state":["success"],"logger":"task","filename":"task_runner.py","lineno":1207}
{"timestamp":"2026-02-13T15:34:56.257145Z","level":"info","event":"Waiting for dag run to complete execution in allowed state.","dag_id":"api_laps_bronze_to_silver","run_id":"manual__2026-02-13T15:08:55.470595+00:00","allowed_state":["success"],"logger":"task","filename":"task_runner.py","lineno":1207}
{"timestamp":"2026-02-13T15:35:26.261296Z","level":"info","event":"Waiting for dag run to complete execution in allowed state.","dag_id":"api_laps_bronze_to_silver","run_id":"manual__2026-02-13T15:08:55.470595+00:00","allowed_state":["success"],"logger":"task","filename":"task_runner.py","lineno":1207}
{"timestamp":"2026-02-13T15:35:56.267870Z","level":"info","event":"Waiting for dag run to complete execution in allowed state.","dag_id":"api_laps_bronze_to_silver","run_id":"manual__2026-02-13T15:08:55.470595+00:00","allowed_state":["success"],"logger":"task","filename":"task_runner.py","lineno":1207}
{"timestamp":"2026-02-13T15:36:26.272785Z","level":"info","event":"Waiting for dag run to complete execution in allowed state.","dag_id":"api_laps_bronze_to_silver","run_id":"manual__2026-02-13T15:08:55.470595+00:00","allowed_state":["success"],"logger":"task","filename":"task_runner.py","lineno":1207}
{"timestamp":"2026-02-13T15:36:56.277932Z","level":"info","event":"Waiting for dag run to complete execution in allowed state.","dag_id":"api_laps_bronze_to_silver","run_id":"manual__2026-02-13T15:08:55.470595+00:00","allowed_state":["success"],"logger":"task","filename":"task_runner.py","lineno":1207}
{"timestamp":"2026-02-13T15:37:26.283579Z","level":"info","event":"Waiting for dag run to complete execution in allowed state.","dag_id":"api_laps_bronze_to_silver","run_id":"manual__2026-02-13T15:08:55.470595+00:00","allowed_state":["success"],"logger":"task","filename":"task_runner.py","lineno":1207}
{"timestamp":"2026-02-13T15:37:56.289050Z","level":"info","event":"Waiting for dag run to complete execution in allowed state.","dag_id":"api_laps_bronze_to_silver","run_id":"manual__2026-02-13T15:08:55.470595+00:00","allowed_state":["success"],"logger":"task","filename":"task_runner.py","lineno":1207}
{"timestamp":"2026-02-13T15:38:26.294625Z","level":"info","event":"Waiting for dag run to complete execution in allowed state.","dag_id":"api_laps_bronze_to_silver","run_id":"manual__2026-02-13T15:08:55.470595+00:00","allowed_state":["success"],"logger":"task","filename":"task_runner.py","lineno":1207}
{"timestamp":"2026-02-13T15:38:56.368320Z","level":"info","event":"Waiting for dag run to complete execution in allowed state.","dag_id":"api_laps_bronze_to_silver","run_id":"manual__2026-02-13T15:08:55.470595+00:00","allowed_state":["success"],"logger":"task","filename":"task_runner.py","lineno":1207}
{"timestamp":"2026-02-13T15:39:26.373320Z","level":"info","event":"Waiting for dag run to complete execution in allowed state.","dag_id":"api_laps_bronze_to_silver","run_id":"manual__2026-02-13T15:08:55.470595+00:00","allowed_state":["success"],"logger":"task","filename":"task_runner.py","lineno":1207}
{"timestamp":"2026-02-13T15:39:56.378191Z","level":"info","event":"Waiting for dag run to complete execution in allowed state.","dag_id":"api_laps_bronze_to_silver","run_id":"manual__2026-02-13T15:08:55.470595+00:00","allowed_state":["success"],"logger":"task","filename":"task_runner.py","lineno":1207}
{"timestamp":"2026-02-13T15:40:26.384709Z","level":"info","event":"Waiting for dag run to complete execution in allowed state.","dag_id":"api_laps_bronze_to_silver","run_id":"manual__2026-02-13T15:08:55.470595+00:00","allowed_state":["success"],"logger":"task","filename":"task_runner.py","lineno":1207}
{"timestamp":"2026-02-13T15:40:51.517006Z","level":"error","event":"Server indicated the task shouldn't be running anymore. Terminating process","detail":{"detail":{"reason":"not_running","message":"TI is no longer in the running state and task should terminate","current_state":"failed"}},"logger":"task"}
{"timestamp":"2026-02-13T15:40:56.390670Z","level":"info","event":"Waiting for dag run to complete execution in allowed state.","dag_id":"api_laps_bronze_to_silver","run_id":"manual__2026-02-13T15:08:55.470595+00:00","allowed_state":["success"],"logger":"task","filename":"task_runner.py","lineno":1207}
{"timestamp":"2026-02-13T15:40:56.527344Z","level":"error","event":"Task killed!","logger":"task"}
