{"timestamp":"2026-02-09T11:09:24.504428Z","level":"info","event":"DAG bundles loaded: dags-folder, example_dags","logger":"airflow.dag_processing.bundles.manager.DagBundlesManager","filename":"manager.py","lineno":179}
{"timestamp":"2026-02-09T11:09:24.505560Z","level":"info","event":"Filling up the DagBag from /opt/airflow/dags/all_silver_to_gold.py","logger":"airflow.models.dagbag.DagBag","filename":"dagbag.py","lineno":593}
{"timestamp":"2026-02-09T11:09:24.843480Z","level":"info","event":"Task instance is in running state","logger":"task.stdout"}
{"timestamp":"2026-02-09T11:09:24.846381Z","level":"info","event":" Previous state of the Task instance: TaskInstanceState.QUEUED","logger":"task.stdout"}
{"timestamp":"2026-02-09T11:09:24.847713Z","level":"info","event":"Current task name:transform_gold_fact_race_results","logger":"task.stdout"}
{"timestamp":"2026-02-09T11:09:24.848443Z","level":"info","event":"Dag name:all_silver_to_gold","logger":"task.stdout"}
{"timestamp":"2026-02-09T11:09:24.848860Z","level":"info","event":"TRANSFORM: fact_race_results -> Gold PostgreSQL","logger":"task.stdout"}
{"timestamp":"2026-02-09T11:09:24.886588Z","level":"info","event":" Downloaded facts/fact_race_results/year=2012/data.parquet (447 rows)","logger":"task.stdout"}
{"timestamp":"2026-02-09T11:09:24.894543Z","level":"info","event":" Downloaded facts/fact_race_results/year=2013/data.parquet (401 rows)","logger":"task.stdout"}
{"timestamp":"2026-02-09T11:09:24.899526Z","level":"info","event":" Downloaded facts/fact_race_results/year=2014/data.parquet (378 rows)","logger":"task.stdout"}
{"timestamp":"2026-02-09T11:09:24.912813Z","level":"info","event":" Downloaded facts/fact_race_results/year=2015/data.parquet (347 rows)","logger":"task.stdout"}
{"timestamp":"2026-02-09T11:09:24.921064Z","level":"info","event":" Downloaded facts/fact_race_results/year=2016/data.parquet (431 rows)","logger":"task.stdout"}
{"timestamp":"2026-02-09T11:09:24.933007Z","level":"info","event":" Downloaded facts/fact_race_results/year=2017/data.parquet (357 rows)","logger":"task.stdout"}
{"timestamp":"2026-02-09T11:09:24.941965Z","level":"info","event":" Downloaded facts/fact_race_results/year=2018/data.parquet (382 rows)","logger":"task.stdout"}
{"timestamp":"2026-02-09T11:09:24.967259Z","level":"info","event":" Downloaded facts/fact_race_results/year=2019/data.parquet (409 rows)","logger":"task.stdout"}
{"timestamp":"2026-02-09T11:09:24.977307Z","level":"info","event":" Downloaded facts/fact_race_results/year=2020/data.parquet (313 rows)","logger":"task.stdout"}
{"timestamp":"2026-02-09T11:09:25.001911Z","level":"info","event":" Downloaded facts/fact_race_results/year=2021/data.parquet (397 rows)","logger":"task.stdout"}
{"timestamp":"2026-02-09T11:09:25.023289Z","level":"info","event":" Downloaded facts/fact_race_results/year=2022/data.parquet (410 rows)","logger":"task.stdout"}
{"timestamp":"2026-02-09T11:09:25.042425Z","level":"info","event":" Downloaded facts/fact_race_results/year=2023/data.parquet (230 rows)","logger":"task.stdout"}
{"timestamp":"2026-02-09T11:09:25.043174Z","level":"info","event":"❌ Error reading facts/fact_race_results/year=2024/data.parquet: S3 operation failed; code: NoSuchKey, message: The specified key does not exist., resource: /f1-silver/facts/fact_race_results/year=2024/data.parquet, request_id: 18928F7BB814326D, host_id: dd9025bab4ad464b049177c95eb6ebf374d3b3fd1af9251148b658df7ac2e3e8, bucket_name: f1-silver, object_name: facts/fact_race_results/year=2024/data.parquet","logger":"task.stdout"}
{"timestamp":"2026-02-09T11:09:25.044864Z","level":"info","event":"❌ Error reading facts/fact_race_results/year=2025/data.parquet: S3 operation failed; code: NoSuchKey, message: The specified key does not exist., resource: /f1-silver/facts/fact_race_results/year=2025/data.parquet, request_id: 18928F7BB82C930E, host_id: dd9025bab4ad464b049177c95eb6ebf374d3b3fd1af9251148b658df7ac2e3e8, bucket_name: f1-silver, object_name: facts/fact_race_results/year=2025/data.parquet","logger":"task.stdout"}
{"timestamp":"2026-02-09T11:09:25.049917Z","level":"info","event":"❌ Error reading facts/fact_race_results/year=2026/data.parquet: S3 operation failed; code: NoSuchKey, message: The specified key does not exist., resource: /f1-silver/facts/fact_race_results/year=2026/data.parquet, request_id: 18928F7BB846E8E2, host_id: dd9025bab4ad464b049177c95eb6ebf374d3b3fd1af9251148b658df7ac2e3e8, bucket_name: f1-silver, object_name: facts/fact_race_results/year=2026/data.parquet","logger":"task.stdout"}
{"timestamp":"2026-02-09T11:09:25.051487Z","level":"info","event":"❌ Error reading facts/fact_race_results/year=2027/data.parquet: S3 operation failed; code: NoSuchKey, message: The specified key does not exist., resource: /f1-silver/facts/fact_race_results/year=2027/data.parquet, request_id: 18928F7BB8946612, host_id: dd9025bab4ad464b049177c95eb6ebf374d3b3fd1af9251148b658df7ac2e3e8, bucket_name: f1-silver, object_name: facts/fact_race_results/year=2027/data.parquet","logger":"task.stdout"}
{"timestamp":"2026-02-09T11:09:25.053227Z","level":"info","event":"❌ Error reading facts/fact_race_results/year=2028/data.parquet: S3 operation failed; code: NoSuchKey, message: The specified key does not exist., resource: /f1-silver/facts/fact_race_results/year=2028/data.parquet, request_id: 18928F7BB8AF7B52, host_id: dd9025bab4ad464b049177c95eb6ebf374d3b3fd1af9251148b658df7ac2e3e8, bucket_name: f1-silver, object_name: facts/fact_race_results/year=2028/data.parquet","logger":"task.stdout"}
{"timestamp":"2026-02-09T11:09:25.054860Z","level":"info","event":"❌ Error reading facts/fact_race_results/year=2029/data.parquet: S3 operation failed; code: NoSuchKey, message: The specified key does not exist., resource: /f1-silver/facts/fact_race_results/year=2029/data.parquet, request_id: 18928F7BB8C844A4, host_id: dd9025bab4ad464b049177c95eb6ebf374d3b3fd1af9251148b658df7ac2e3e8, bucket_name: f1-silver, object_name: facts/fact_race_results/year=2029/data.parquet","logger":"task.stdout"}
{"timestamp":"2026-02-09T11:09:25.061247Z","level":"info","event":"❌ Error reading facts/fact_race_results/year=2030/data.parquet: S3 operation failed; code: NoSuchKey, message: The specified key does not exist., resource: /f1-silver/facts/fact_race_results/year=2030/data.parquet, request_id: 18928F7BB8E1EC3E, host_id: dd9025bab4ad464b049177c95eb6ebf374d3b3fd1af9251148b658df7ac2e3e8, bucket_name: f1-silver, object_name: facts/fact_race_results/year=2030/data.parquet","logger":"task.stdout"}
{"timestamp":"2026-02-09T11:09:25.093416Z","level":"error","event":"Task failed with exception","logger":"task","filename":"task_runner.py","lineno":1078,"error_detail":[{"exc_type":"KeyError","exc_value":"\"['driver_number'] not in index\"","exc_notes":[],"syntax_error":null,"is_cause":false,"frames":[{"filename":"/home/airflow/.local/lib/python3.12/site-packages/airflow/sdk/execution_time/task_runner.py","lineno":1004,"name":"run"},{"filename":"/home/airflow/.local/lib/python3.12/site-packages/airflow/sdk/execution_time/task_runner.py","lineno":1405,"name":"_execute_task"},{"filename":"/home/airflow/.local/lib/python3.12/site-packages/airflow/sdk/bases/operator.py","lineno":417,"name":"wrapper"},{"filename":"/home/airflow/.local/lib/python3.12/site-packages/airflow/providers/standard/operators/python.py","lineno":214,"name":"execute"},{"filename":"/home/airflow/.local/lib/python3.12/site-packages/airflow/providers/standard/operators/python.py","lineno":237,"name":"execute_callable"},{"filename":"/home/airflow/.local/lib/python3.12/site-packages/airflow/sdk/execution_time/callback_runner.py","lineno":82,"name":"run"},{"filename":"/opt/airflow/dags/all_silver_to_gold.py","lineno":375,"name":"transform_gold_fact_race_results"},{"filename":"/home/airflow/.local/lib/python3.12/site-packages/pandas/core/frame.py","lineno":3899,"name":"__getitem__"},{"filename":"/home/airflow/.local/lib/python3.12/site-packages/pandas/core/indexes/base.py","lineno":6115,"name":"_get_indexer_strict"},{"filename":"/home/airflow/.local/lib/python3.12/site-packages/pandas/core/indexes/base.py","lineno":6179,"name":"_raise_if_missing"}],"is_group":false,"exceptions":[]}]}
{"timestamp":"2026-02-09T11:09:25.125723Z","level":"info","event":"Task instance in failure state","logger":"task.stdout"}
{"timestamp":"2026-02-09T11:09:25.126083Z","level":"info","event":"Task start","logger":"task.stdout"}
{"timestamp":"2026-02-09T11:09:25.129714Z","level":"info","event":"Task:<Task(PythonOperator): transform_gold_fact_race_results>","logger":"task.stdout"}
{"timestamp":"2026-02-09T11:09:25.129981Z","level":"info","event":"Failure caused by \"['driver_number'] not in index\"","logger":"task.stdout"}
