{"timestamp":"2026-02-16T19:08:36.221563Z","level":"info","event":"DAG bundles loaded: dags-folder","logger":"airflow.dag_processing.bundles.manager.DagBundlesManager","filename":"manager.py","lineno":179}
{"timestamp":"2026-02-16T19:08:36.257047Z","level":"info","event":"Filling up the DagBag from /opt/airflow/dags/kafka_producer_pipeline.py","logger":"airflow.models.dagbag.DagBag","filename":"dagbag.py","lineno":593}
{"timestamp":"2026-02-16T19:08:38.097492Z","level":"warning","event":"The `airflow.operators.trigger_dagrun.TriggerDagRunOperator` attribute is deprecated. Please use `'airflow.providers.standard.operators.trigger_dagrun.TriggerDagRunOperator'`.","category":"DeprecatedImportWarning","filename":"/opt/airflow/dags/kafka_producer_pipeline.py","lineno":35,"logger":"py.warnings"}
{"timestamp":"2026-02-16T19:08:38.154663Z","level":"info","event":"======================================================================","logger":"task.stdout"}
{"timestamp":"2026-02-16T19:08:38.155130Z","level":"info","event":"PRODUCER: dim_constructor  (2026+)","logger":"task.stdout"}
{"timestamp":"2026-02-16T19:08:38.155520Z","level":"info","event":"======================================================================","logger":"task.stdout"}
{"timestamp":"2026-02-16T19:08:38.156035Z","level":"info","event":"","logger":"task.stdout"}
{"timestamp":"2026-02-16T19:08:38.156409Z","level":"info","event":"======================================================================","logger":"task.stdout"}
{"timestamp":"2026-02-16T19:08:38.156858Z","level":"info","event":"SCRAPING CONSTRUCTORS FROM API: 2026-2026","logger":"task.stdout"}
{"timestamp":"2026-02-16T19:08:38.157222Z","level":"info","event":"======================================================================","logger":"task.stdout"}
{"timestamp":"2026-02-16T19:08:38.157675Z","level":"info","event":"","logger":"task.stdout"}
{"timestamp":"2026-02-16T19:08:38.158038Z","level":"info","event":"Fetching constructors for 2026...","logger":"task.stdout"}
{"timestamp":"2026-02-16T19:09:00.334459Z","level":"info","event":"11 constructors found","logger":"task.stdout"}
{"timestamp":"2026-02-16T19:09:00.335918Z","level":"info","event":"","logger":"task.stdout"}
{"timestamp":"2026-02-16T19:09:00.336611Z","level":"info","event":"======================================================================","logger":"task.stdout"}
{"timestamp":"2026-02-16T19:09:00.337091Z","level":"info","event":"SCRAPING COMPLETE","logger":"task.stdout"}
{"timestamp":"2026-02-16T19:09:00.338241Z","level":"info","event":"Total records: 11","logger":"task.stdout"}
{"timestamp":"2026-02-16T19:09:00.340041Z","level":"info","event":"Unique constructors (by constructorId): 11","logger":"task.stdout"}
{"timestamp":"2026-02-16T19:09:00.340630Z","level":"info","event":"Years covered: 2026-2026","logger":"task.stdout"}
{"timestamp":"2026-02-16T19:09:00.341284Z","level":"info","event":"======================================================================","logger":"task.stdout"}
{"timestamp":"2026-02-16T19:09:00.341799Z","level":"info","event":"","logger":"task.stdout"}
{"timestamp":"2026-02-16T19:09:00.346622Z","level":"info","event":"Transforming API data to Silver schema...","logger":"task.stdout"}
{"timestamp":"2026-02-16T19:09:00.347143Z","level":"info","event":"Deduplication: 11 records → 11 unique constructors","logger":"task.stdout"}
{"timestamp":"2026-02-16T19:09:00.347655Z","level":"info","event":"Sorted by constructorId (alphabetically) for stable constructor_id generation","logger":"task.stdout"}
{"timestamp":"2026-02-16T19:09:00.348308Z","level":"info","event":"Generated constructor_id: 10001 - 10011","logger":"task.stdout"}
{"timestamp":"2026-02-16T19:09:00.348909Z","level":"info","event":"Transformed 11 constructors to Silver schema","logger":"task.stdout"}
{"timestamp":"2026-02-16T19:09:00.349497Z","level":"info","event":"Source: api","logger":"task.stdout"}
{"timestamp":"2026-02-16T19:09:00.350049Z","level":"info","event":"constructor_id range: 10001 - 10011","logger":"task.stdout"}
{"timestamp":"2026-02-16T19:09:00.378665Z","level":"info","event":" Downloaded dimensions/dim_constructor/dim_constructor.parquet (23 rows)","logger":"task.stdout"}
{"timestamp":"2026-02-16T19:09:00.384532Z","level":"info","event":"  No new constructors found this week","logger":"task.stdout"}
{"timestamp":"2026-02-16T19:09:00.413402Z","level":"info","event":"Done. Returned value was: {'new_count': 0}","logger":"airflow.task.operators.airflow.providers.standard.operators.python.PythonOperator","filename":"python.py","lineno":216}
{"timestamp":"2026-02-16T19:09:00.414151Z","level":"info","event":"Pushing xcom","ti":"RuntimeTaskInstance(id=UUID('019c67da-be52-70a4-97f5-e9a90d0fe72a'), task_id='scrape_publish_constructors', dag_id='kafka_producer_pipeline', run_id='manual__2026-02-16T19:08:33+00:00', try_number=1, dag_version_id=UUID('019c67ca-8f5c-7e42-9c4f-003df19b8153'), map_index=-1, hostname='9ffd7d06cb04', context_carrier={}, task=<Task(PythonOperator): scrape_publish_constructors>, bundle_instance=LocalDagBundle(name=dags-folder), max_tries=2, start_date=datetime.datetime(2026, 2, 16, 19, 8, 35, 565100, tzinfo=datetime.timezone.utc), end_date=None, state=<TaskInstanceState.RUNNING: 'running'>, is_mapped=False, rendered_map_index=None)","logger":"task","filename":"task_runner.py","lineno":1450}
