{"timestamp":"2026-02-16T19:09:04.248650Z","level":"info","event":"DAG bundles loaded: dags-folder","logger":"airflow.dag_processing.bundles.manager.DagBundlesManager","filename":"manager.py","lineno":179}
{"timestamp":"2026-02-16T19:09:04.253365Z","level":"info","event":"Filling up the DagBag from /opt/airflow/dags/kafka_producer_pipeline.py","logger":"airflow.models.dagbag.DagBag","filename":"dagbag.py","lineno":593}
{"timestamp":"2026-02-16T19:09:06.377678Z","level":"warning","event":"The `airflow.operators.trigger_dagrun.TriggerDagRunOperator` attribute is deprecated. Please use `'airflow.providers.standard.operators.trigger_dagrun.TriggerDagRunOperator'`.","category":"DeprecatedImportWarning","filename":"/opt/airflow/dags/kafka_producer_pipeline.py","lineno":35,"logger":"py.warnings"}
{"timestamp":"2026-02-16T19:09:06.430198Z","level":"info","event":"======================================================================","logger":"task.stdout"}
{"timestamp":"2026-02-16T19:09:06.430876Z","level":"info","event":"PRODUCER: fact_driver_standings  (2026+)","logger":"task.stdout"}
{"timestamp":"2026-02-16T19:09:06.431412Z","level":"info","event":"======================================================================","logger":"task.stdout"}
{"timestamp":"2026-02-16T19:09:06.432071Z","level":"info","event":"","logger":"task.stdout"}
{"timestamp":"2026-02-16T19:09:06.432577Z","level":"info","event":"======================================================================","logger":"task.stdout"}
{"timestamp":"2026-02-16T19:09:06.433133Z","level":"info","event":"SCRAPING DRIVER STANDINGS FROM ERGAST API: 2026-2026","logger":"task.stdout"}
{"timestamp":"2026-02-16T19:09:06.433644Z","level":"info","event":"======================================================================","logger":"task.stdout"}
{"timestamp":"2026-02-16T19:09:06.434233Z","level":"info","event":"","logger":"task.stdout"}
{"timestamp":"2026-02-16T19:09:06.434860Z","level":"info","event":"Fetching driver standings for 2026...","logger":"task.stdout"}
{"timestamp":"2026-02-16T19:09:30.292104Z","level":"info","event":"0 standings found for 2026","logger":"task.stdout"}
{"timestamp":"2026-02-16T19:09:30.299936Z","level":"info","event":"","logger":"task.stdout"}
{"timestamp":"2026-02-16T19:09:30.300710Z","level":"info","event":"======================================================================","logger":"task.stdout"}
{"timestamp":"2026-02-16T19:09:30.301295Z","level":"info","event":"SCRAPING COMPLETE","logger":"task.stdout"}
{"timestamp":"2026-02-16T19:09:30.301806Z","level":"info","event":"Total records: 0","logger":"task.stdout"}
{"timestamp":"2026-02-16T19:09:30.302330Z","level":"info","event":"Years covered: 2026-2026","logger":"task.stdout"}
{"timestamp":"2026-02-16T19:09:30.302824Z","level":"info","event":"======================================================================","logger":"task.stdout"}
{"timestamp":"2026-02-16T19:09:30.303295Z","level":"info","event":"","logger":"task.stdout"}
{"timestamp":"2026-02-16T19:09:30.303791Z","level":"info","event":"Transforming API data to Silver schema...","logger":"task.stdout"}
{"timestamp":"2026-02-16T19:09:30.304286Z","level":"info","event":"No data found - returning empty DataFrame with schema: ['ds_id', 'driver_ref', 'constructor_ref', 'race_year', 'race_round', 'ds_position', 'ds_points', 'ds_wins', 'year', 'source', 'created_at']","logger":"task.stdout"}
{"timestamp":"2026-02-16T19:09:30.305561Z","level":"info","event":"  No driver standings data found","logger":"task.stdout"}
{"timestamp":"2026-02-16T19:09:30.336531Z","level":"info","event":"Done. Returned value was: {'new_count': 0}","logger":"airflow.task.operators.airflow.providers.standard.operators.python.PythonOperator","filename":"python.py","lineno":216}
{"timestamp":"2026-02-16T19:09:30.337278Z","level":"info","event":"Pushing xcom","ti":"RuntimeTaskInstance(id=UUID('019c67da-be58-7bff-bf83-99d4386b964c'), task_id='scrape_publish_driver_standings', dag_id='kafka_producer_pipeline', run_id='manual__2026-02-16T19:08:33+00:00', try_number=1, dag_version_id=UUID('019c67ca-8f5c-7e42-9c4f-003df19b8153'), map_index=-1, hostname='9ffd7d06cb04', context_carrier={}, task=<Task(PythonOperator): scrape_publish_driver_standings>, bundle_instance=LocalDagBundle(name=dags-folder), max_tries=2, start_date=datetime.datetime(2026, 2, 16, 19, 9, 3, 966524, tzinfo=datetime.timezone.utc), end_date=None, state=<TaskInstanceState.RUNNING: 'running'>, is_mapped=False, rendered_map_index=None)","logger":"task","filename":"task_runner.py","lineno":1450}
