{"timestamp":"2026-02-18T13:11:55.111912Z","level":"info","event":"DAG bundles loaded: dags-folder","logger":"airflow.dag_processing.bundles.manager.DagBundlesManager","filename":"manager.py","lineno":179}
{"timestamp":"2026-02-18T13:11:55.113078Z","level":"info","event":"Filling up the DagBag from /opt/airflow/dags/master_pipeline.py","logger":"airflow.models.dagbag.DagBag","filename":"dagbag.py","lineno":593}
{"timestamp":"2026-02-18T13:11:55.135924Z","level":"warning","event":"The `airflow.operators.trigger_dagrun.TriggerDagRunOperator` attribute is deprecated. Please use `'airflow.providers.standard.operators.trigger_dagrun.TriggerDagRunOperator'`.","category":"DeprecatedImportWarning","filename":"/opt/airflow/dags/master_pipeline.py","lineno":34,"logger":"py.warnings"}
{"timestamp":"2026-02-18T13:11:55.136090Z","level":"warning","event":"The `airflow.operators.python.PythonOperator` attribute is deprecated. Please use `'airflow.providers.standard.operators.python.PythonOperator'`.","category":"DeprecatedImportWarning","filename":"/opt/airflow/dags/master_pipeline.py","lineno":35,"logger":"py.warnings"}
{"timestamp":"2026-02-18T13:11:55.154734Z","level":"info","event":"","logger":"task.stdout"}
{"timestamp":"2026-02-18T13:11:55.155118Z","level":"info","event":"================================================================================","logger":"task.stdout"}
{"timestamp":"2026-02-18T13:11:55.155486Z","level":"info","event":"F1 ETL MASTER PIPELINE COMPLETED SUCCESSFULLY! ","logger":"task.stdout"}
{"timestamp":"2026-02-18T13:11:55.155739Z","level":"info","event":"================================================================================","logger":"task.stdout"}
{"timestamp":"2026-02-18T13:11:55.156056Z","level":"info","event":"","logger":"task.stdout"}
{"timestamp":"2026-02-18T13:11:55.156331Z","level":"info","event":"All data loaded:","logger":"task.stdout"}
{"timestamp":"2026-02-18T13:11:55.156601Z","level":"info","event":"   Silver Layer: Bronze CSV + API data in MinIO S3","logger":"task.stdout"}
{"timestamp":"2026-02-18T13:11:55.156804Z","level":"info","event":"   Gold Layer: PostgreSQL with proper data types and constraints","logger":"task.stdout"}
{"timestamp":"2026-02-18T13:11:55.156986Z","level":"info","event":"   Dimensions: driver, constructor, circuit, race, time","logger":"task.stdout"}
{"timestamp":"2026-02-18T13:11:55.157153Z","level":"info","event":"   Facts: race_results, laps, pitstops, driver_standings, constructor_standings","logger":"task.stdout"}
{"timestamp":"2026-02-18T13:11:55.157333Z","level":"info","event":"","logger":"task.stdout"}
{"timestamp":"2026-02-18T13:11:55.157539Z","level":"info","event":"Data Summary:","logger":"task.stdout"}
{"timestamp":"2026-02-18T13:11:55.157736Z","level":"info","event":"  - Total Dimensions loaded","logger":"task.stdout"}
{"timestamp":"2026-02-18T13:11:55.157941Z","level":"info","event":"  - Total Facts loaded (CSV + API)","logger":"task.stdout"}
{"timestamp":"2026-02-18T13:11:55.158140Z","level":"info","event":"  - All surrogate keys generated","logger":"task.stdout"}
{"timestamp":"2026-02-18T13:11:55.158354Z","level":"info","event":"  - All foreign keys resolved","logger":"task.stdout"}
{"timestamp":"2026-02-18T13:11:55.158544Z","level":"info","event":"","logger":"task.stdout"}
{"timestamp":"2026-02-18T13:11:55.158724Z","level":"info","event":"================================================================================","logger":"task.stdout"}
{"timestamp":"2026-02-18T13:11:55.158906Z","level":"info","event":"","logger":"task.stdout"}
{"timestamp":"2026-02-18T13:11:55.154749Z","level":"info","event":"Done. Returned value was: None","logger":"airflow.task.operators.airflow.providers.standard.operators.python.PythonOperator","filename":"python.py","lineno":216}
