{"timestamp":"2026-02-16T12:30:54.292782Z","level":"info","event":"DAG bundles loaded: dags-folder","logger":"airflow.dag_processing.bundles.manager.DagBundlesManager","filename":"manager.py","lineno":179}
{"timestamp":"2026-02-16T12:30:54.295799Z","level":"info","event":"Filling up the DagBag from /opt/airflow/dags/master_pipeline.py","logger":"airflow.models.dagbag.DagBag","filename":"dagbag.py","lineno":593}
{"timestamp":"2026-02-16T12:30:54.336460Z","level":"warning","event":"The `airflow.operators.trigger_dagrun.TriggerDagRunOperator` attribute is deprecated. Please use `'airflow.providers.standard.operators.trigger_dagrun.TriggerDagRunOperator'`.","category":"DeprecatedImportWarning","filename":"/opt/airflow/dags/master_pipeline.py","lineno":34,"logger":"py.warnings"}
{"timestamp":"2026-02-16T12:30:54.336688Z","level":"warning","event":"The `airflow.operators.python.PythonOperator` attribute is deprecated. Please use `'airflow.providers.standard.operators.python.PythonOperator'`.","category":"DeprecatedImportWarning","filename":"/opt/airflow/dags/master_pipeline.py","lineno":35,"logger":"py.warnings"}
{"timestamp":"2026-02-16T12:30:54.369064Z","level":"info","event":"","logger":"task.stdout"}
{"timestamp":"2026-02-16T12:30:54.370386Z","level":"info","event":"================================================================================","logger":"task.stdout"}
{"timestamp":"2026-02-16T12:30:54.371580Z","level":"info","event":"F1 ETL MASTER PIPELINE STARTED","logger":"task.stdout"}
{"timestamp":"2026-02-16T12:30:54.372045Z","level":"info","event":"================================================================================","logger":"task.stdout"}
{"timestamp":"2026-02-16T12:30:54.372505Z","level":"info","event":"","logger":"task.stdout"}
{"timestamp":"2026-02-16T12:30:54.372854Z","level":"info","event":"Pipeline Flow:","logger":"task.stdout"}
{"timestamp":"2026-02-16T12:30:54.373205Z","level":"info","event":"  1. CSV → Silver (Dimensions + Facts)","logger":"task.stdout"}
{"timestamp":"2026-02-16T12:30:54.373497Z","level":"info","event":"  2-5. API Dimensions → Silver (PARALLEL)","logger":"task.stdout"}
{"timestamp":"2026-02-16T12:30:54.373785Z","level":"info","event":"     ├─ Constructors","logger":"task.stdout"}
{"timestamp":"2026-02-16T12:30:54.374077Z","level":"info","event":"     ├─ Drivers","logger":"task.stdout"}
{"timestamp":"2026-02-16T12:30:54.374465Z","level":"info","event":"     ├─ Circuits","logger":"task.stdout"}
{"timestamp":"2026-02-16T12:30:54.374764Z","level":"info","event":"     └─ Races","logger":"task.stdout"}
{"timestamp":"2026-02-16T12:30:54.375069Z","level":"info","event":"  6-10. API Facts → Silver (PARALLEL)","logger":"task.stdout"}
{"timestamp":"2026-02-16T12:30:54.375363Z","level":"info","event":"      ├─ Results","logger":"task.stdout"}
{"timestamp":"2026-02-16T12:30:54.375656Z","level":"info","event":"      ├─ Laps","logger":"task.stdout"}
{"timestamp":"2026-02-16T12:30:54.375994Z","level":"info","event":"      ├─ Pitstops","logger":"task.stdout"}
{"timestamp":"2026-02-16T12:30:54.376373Z","level":"info","event":"      ├─ Driver Standings","logger":"task.stdout"}
{"timestamp":"2026-02-16T12:30:54.376706Z","level":"info","event":"      └─ Constructor Standings","logger":"task.stdout"}
{"timestamp":"2026-02-16T12:30:54.377073Z","level":"info","event":"  11. Silver → Gold (PostgreSQL)","logger":"task.stdout"}
{"timestamp":"2026-02-16T12:30:54.377486Z","level":"info","event":"","logger":"task.stdout"}
{"timestamp":"2026-02-16T12:30:54.377819Z","level":"info","event":"================================================================================","logger":"task.stdout"}
{"timestamp":"2026-02-16T12:30:54.378129Z","level":"info","event":"","logger":"task.stdout"}
{"timestamp":"2026-02-16T12:30:54.369153Z","level":"info","event":"Done. Returned value was: None","logger":"airflow.task.operators.airflow.providers.standard.operators.python.PythonOperator","filename":"python.py","lineno":216}
