{"timestamp":"2026-02-18T07:58:59.679908Z","level":"info","event":"DAG bundles loaded: dags-folder","logger":"airflow.dag_processing.bundles.manager.DagBundlesManager","filename":"manager.py","lineno":179}
{"timestamp":"2026-02-18T07:58:59.686848Z","level":"info","event":"Filling up the DagBag from /opt/airflow/dags/api_drivers_bronze_to_silver.py","logger":"airflow.models.dagbag.DagBag","filename":"dagbag.py","lineno":593}
{"timestamp":"2026-02-18T07:59:02.126068Z","level":"info","event":"======================================================================","logger":"task.stdout"}
{"timestamp":"2026-02-18T07:59:02.127553Z","level":"info","event":"F1 DRIVER BACKFILL: ERGAST API → SILVER","logger":"task.stdout"}
{"timestamp":"2026-02-18T07:59:02.129789Z","level":"info","event":"======================================================================","logger":"task.stdout"}
{"timestamp":"2026-02-18T07:59:02.203159Z","level":"info","event":"","logger":"task.stdout"}
{"timestamp":"2026-02-18T07:59:02.204185Z","level":"info","event":"[STEP 1] Scraping API...","logger":"task.stdout"}
{"timestamp":"2026-02-18T07:59:02.204519Z","level":"info","event":"","logger":"task.stdout"}
{"timestamp":"2026-02-18T07:59:02.204756Z","level":"info","event":"======================================================================","logger":"task.stdout"}
{"timestamp":"2026-02-18T07:59:02.204952Z","level":"info","event":"SCRAPING DRIVERS FROM ERGAST API: 2024-2025","logger":"task.stdout"}
{"timestamp":"2026-02-18T07:59:02.205135Z","level":"info","event":"======================================================================","logger":"task.stdout"}
{"timestamp":"2026-02-18T07:59:02.205322Z","level":"info","event":"","logger":"task.stdout"}
{"timestamp":"2026-02-18T07:59:02.205509Z","level":"info","event":"Fetching drivers for 2024...","logger":"task.stdout"}
{"timestamp":"2026-02-18T07:59:25.958431Z","level":"info","event":"25 drivers found","logger":"task.stdout"}
{"timestamp":"2026-02-18T07:59:25.958796Z","level":"info","event":"Fetching drivers for 2025...","logger":"task.stdout"}
{"timestamp":"2026-02-18T07:59:49.816799Z","level":"info","event":"30 drivers found","logger":"task.stdout"}
{"timestamp":"2026-02-18T07:59:49.889457Z","level":"info","event":"","logger":"task.stdout"}
{"timestamp":"2026-02-18T07:59:49.890189Z","level":"info","event":"======================================================================","logger":"task.stdout"}
{"timestamp":"2026-02-18T07:59:49.890654Z","level":"info","event":"SCRAPING COMPLETE","logger":"task.stdout"}
{"timestamp":"2026-02-18T07:59:49.890955Z","level":"info","event":"Total records: 55","logger":"task.stdout"}
{"timestamp":"2026-02-18T07:59:49.920382Z","level":"info","event":"Unique drivers (by driverId): 36","logger":"task.stdout"}
{"timestamp":"2026-02-18T07:59:49.920852Z","level":"info","event":"Years covered: 2024-2025","logger":"task.stdout"}
{"timestamp":"2026-02-18T07:59:49.921243Z","level":"info","event":"======================================================================","logger":"task.stdout"}
{"timestamp":"2026-02-18T07:59:49.921492Z","level":"info","event":"","logger":"task.stdout"}
{"timestamp":"2026-02-18T07:59:49.921784Z","level":"info","event":"API scraping complete: 55 driver records","logger":"task.stdout"}
{"timestamp":"2026-02-18T07:59:49.921993Z","level":"info","event":"","logger":"task.stdout"}
{"timestamp":"2026-02-18T07:59:49.922556Z","level":"info","event":"[STEP 2] Transforming to Silver schema...","logger":"task.stdout"}
{"timestamp":"2026-02-18T07:59:49.922866Z","level":"info","event":"Transforming API data to Silver schema...","logger":"task.stdout"}
{"timestamp":"2026-02-18T07:59:49.969928Z","level":"info","event":"Deduplication: 55 records → 36 unique drivers","logger":"task.stdout"}
{"timestamp":"2026-02-18T07:59:50.003243Z","level":"info","event":"Sorted by driverId (alphabetically) for stable driver_id generation","logger":"task.stdout"}
{"timestamp":"2026-02-18T07:59:50.060520Z","level":"info","event":"  Generated driver_id: 10001 - 10036","logger":"task.stdout"}
{"timestamp":"2026-02-18T07:59:50.224173Z","level":"info","event":"Transformed 36 drivers to Silver schema","logger":"task.stdout"}
{"timestamp":"2026-02-18T07:59:50.224527Z","level":"info","event":"Source: api","logger":"task.stdout"}
{"timestamp":"2026-02-18T07:59:50.226436Z","level":"info","event":"driver_id range: 10001 - 10036","logger":"task.stdout"}
{"timestamp":"2026-02-18T07:59:50.228381Z","level":"info","event":"Transformation complete: 36 unique drivers","logger":"task.stdout"}
{"timestamp":"2026-02-18T07:59:50.239952Z","level":"info","event":"driver_id range: 10001 - 10036","logger":"task.stdout"}
{"timestamp":"2026-02-18T07:59:50.240192Z","level":"info","event":"","logger":"task.stdout"}
{"timestamp":"2026-02-18T07:59:50.240388Z","level":"info","event":"[STEP 3] Loading existing Silver data...","logger":"task.stdout"}
{"timestamp":"2026-02-18T07:59:50.576990Z","level":"info","event":" Downloaded dimensions/dim_driver/dim_driver.parquet (65 rows)","logger":"task.stdout"}
{"timestamp":"2026-02-18T07:59:50.593822Z","level":"info","event":"Loaded 65 existing drivers from Silver","logger":"task.stdout"}
{"timestamp":"2026-02-18T07:59:50.609458Z","level":"info","event":"Existing sources: {'f1_data.csv': 65}","logger":"task.stdout"}
{"timestamp":"2026-02-18T07:59:50.625525Z","level":"info","event":"CSV driver_id range: 1 - 858","logger":"task.stdout"}
{"timestamp":"2026-02-18T07:59:50.658740Z","level":"info","event":"","logger":"task.stdout"}
{"timestamp":"2026-02-18T07:59:50.673127Z","level":"info","event":"[STEP 4] Merging API data with existing Silver...","logger":"task.stdout"}
{"timestamp":"2026-02-18T07:59:50.704474Z","level":"info","event":"","logger":"task.stdout"}
{"timestamp":"2026-02-18T07:59:50.721097Z","level":"info","event":"  Merge Configuration:","logger":"task.stdout"}
{"timestamp":"2026-02-18T07:59:50.731175Z","level":"info","event":"Existing drivers: 65","logger":"task.stdout"}
{"timestamp":"2026-02-18T07:59:50.731895Z","level":"info","event":"New API drivers: 36","logger":"task.stdout"}
{"timestamp":"2026-02-18T07:59:50.732134Z","level":"info","event":"Merge key: driver_ref (PRIMARY natural key)","logger":"task.stdout"}
{"timestamp":"2026-02-18T07:59:50.732295Z","level":"info","event":"CSV priority: YES (skip API for CSV drivers)","logger":"task.stdout"}
{"timestamp":"2026-02-18T07:59:50.732454Z","level":"info","event":"","logger":"task.stdout"}
{"timestamp":"2026-02-18T07:59:50.732622Z","level":"info","event":"  Current max driver_key: 65","logger":"task.stdout"}
{"timestamp":"2026-02-18T07:59:50.732789Z","level":"info","event":"","logger":"task.stdout"}
{"timestamp":"2026-02-18T07:59:50.732951Z","level":"info","event":"  Processing 36 API drivers:","logger":"task.stdout"}
{"timestamp":"2026-02-18T07:59:50.733101Z","level":"info","event":"","logger":"task.stdout"}
{"timestamp":"2026-02-18T07:59:50.733252Z","level":"info","event":"SKIP: albon                (CSV priority)","logger":"task.stdout"}
{"timestamp":"2026-02-18T07:59:50.733400Z","level":"info","event":"SKIP: alonso               (CSV priority)","logger":"task.stdout"}
{"timestamp":"2026-02-18T07:59:50.733556Z","level":"info","event":"ADD: antonelli            (new driver from API, driver_id=10003)","logger":"task.stdout"}
{"timestamp":"2026-02-18T07:59:50.733704Z","level":"info","event":"ADD: arthur_leclerc       (new driver from API, driver_id=10004)","logger":"task.stdout"}
{"timestamp":"2026-02-18T07:59:50.733858Z","level":"info","event":"ADD: arvid_lindblad       (new driver from API, driver_id=10005)","logger":"task.stdout"}
{"timestamp":"2026-02-18T07:59:50.762781Z","level":"info","event":"ADD: ayumu_iwasa          (new driver from API, driver_id=10006)","logger":"task.stdout"}
{"timestamp":"2026-02-18T07:59:50.762969Z","level":"info","event":"ADD: bearman              (new driver from API, driver_id=10007)","logger":"task.stdout"}
{"timestamp":"2026-02-18T07:59:50.763119Z","level":"info","event":"ADD: bortoleto            (new driver from API, driver_id=10008)","logger":"task.stdout"}
{"timestamp":"2026-02-18T07:59:50.763276Z","level":"info","event":"SKIP: bottas               (CSV priority)","logger":"task.stdout"}
{"timestamp":"2026-02-18T07:59:50.763475Z","level":"info","event":"ADD: cian_shields         (new driver from API, driver_id=10010)","logger":"task.stdout"}
{"timestamp":"2026-02-18T07:59:50.763628Z","level":"info","event":"ADD: colapinto            (new driver from API, driver_id=10011)","logger":"task.stdout"}
{"timestamp":"2026-02-18T07:59:50.763772Z","level":"info","event":"ADD: doohan               (new driver from API, driver_id=10012)","logger":"task.stdout"}
{"timestamp":"2026-02-18T07:59:50.763919Z","level":"info","event":"SKIP: gasly                (CSV priority)","logger":"task.stdout"}
{"timestamp":"2026-02-18T07:59:50.764059Z","level":"info","event":"ADD: hadjar               (new driver from API, driver_id=10014)","logger":"task.stdout"}
{"timestamp":"2026-02-18T07:59:50.764212Z","level":"info","event":"SKIP: hamilton             (CSV priority)","logger":"task.stdout"}
{"timestamp":"2026-02-18T07:59:50.764360Z","level":"info","event":"SKIP: hulkenberg           (CSV priority)","logger":"task.stdout"}
{"timestamp":"2026-02-18T07:59:50.764505Z","level":"info","event":"ADD: jak_crawford         (new driver from API, driver_id=10017)","logger":"task.stdout"}
{"timestamp":"2026-02-18T07:59:50.764647Z","level":"info","event":"SKIP: kevin_magnussen      (CSV priority)","logger":"task.stdout"}
{"timestamp":"2026-02-18T07:59:50.764791Z","level":"info","event":"ADD: lawson               (new driver from API, driver_id=10019)","logger":"task.stdout"}
{"timestamp":"2026-02-18T07:59:50.764932Z","level":"info","event":"SKIP: leclerc              (CSV priority)","logger":"task.stdout"}
{"timestamp":"2026-02-18T07:59:50.765082Z","level":"info","event":"ADD: luke_browning        (new driver from API, driver_id=10021)","logger":"task.stdout"}
{"timestamp":"2026-02-18T07:59:50.765248Z","level":"info","event":"SKIP: max_verstappen       (CSV priority)","logger":"task.stdout"}
{"timestamp":"2026-02-18T07:59:50.765395Z","level":"info","event":"SKIP: norris               (CSV priority)","logger":"task.stdout"}
{"timestamp":"2026-02-18T07:59:50.765545Z","level":"info","event":"SKIP: ocon                 (CSV priority)","logger":"task.stdout"}
{"timestamp":"2026-02-18T07:59:50.765686Z","level":"info","event":"ADD: patricio_o_ward      (new driver from API, driver_id=10025)","logger":"task.stdout"}
{"timestamp":"2026-02-18T07:59:50.765828Z","level":"info","event":"ADD: paul_aron            (new driver from API, driver_id=10026)","logger":"task.stdout"}
{"timestamp":"2026-02-18T07:59:50.765970Z","level":"info","event":"SKIP: perez                (CSV priority)","logger":"task.stdout"}
{"timestamp":"2026-02-18T07:59:50.766107Z","level":"info","event":"SKIP: piastri              (CSV priority)","logger":"task.stdout"}
{"timestamp":"2026-02-18T07:59:50.766258Z","level":"info","event":"SKIP: ricciardo            (CSV priority)","logger":"task.stdout"}
{"timestamp":"2026-02-18T07:59:50.766402Z","level":"info","event":"SKIP: russell              (CSV priority)","logger":"task.stdout"}
{"timestamp":"2026-02-18T07:59:50.766545Z","level":"info","event":"ADD: ryo_hirakawa         (new driver from API, driver_id=10031)","logger":"task.stdout"}
{"timestamp":"2026-02-18T07:59:50.766685Z","level":"info","event":"SKIP: sainz                (CSV priority)","logger":"task.stdout"}
{"timestamp":"2026-02-18T07:59:50.766828Z","level":"info","event":"SKIP: sargeant             (CSV priority)","logger":"task.stdout"}
{"timestamp":"2026-02-18T07:59:50.766971Z","level":"info","event":"SKIP: stroll               (CSV priority)","logger":"task.stdout"}
{"timestamp":"2026-02-18T07:59:50.767108Z","level":"info","event":"SKIP: tsunoda              (CSV priority)","logger":"task.stdout"}
{"timestamp":"2026-02-18T07:59:50.767253Z","level":"info","event":"SKIP: zhou                 (CSV priority)","logger":"task.stdout"}
{"timestamp":"2026-02-18T07:59:50.767407Z","level":"info","event":"Merge complete: 81 total drivers","logger":"task.stdout"}
{"timestamp":"2026-02-18T07:59:50.767549Z","level":"info","event":"","logger":"task.stdout"}
{"timestamp":"2026-02-18T07:59:50.778097Z","level":"info","event":"[STEP 5] Writing to Silver layer...","logger":"task.stdout"}
{"timestamp":"2026-02-18T07:59:50.984851Z","level":"info","event":"Uploaded dimensions/dim_driver/dim_driver.parquet (81 rows)","logger":"task.stdout"}
{"timestamp":"2026-02-18T07:59:50.997674Z","level":"info","event":"Written to: s3://f1-silver/dimensions/dim_driver/dim_driver.parquet","logger":"task.stdout"}
{"timestamp":"2026-02-18T07:59:51.001662Z","level":"info","event":"","logger":"task.stdout"}
{"timestamp":"2026-02-18T07:59:51.001944Z","level":"info","event":"======================================================================","logger":"task.stdout"}
{"timestamp":"2026-02-18T07:59:51.002111Z","level":"info","event":"BACKFILL SUMMARY","logger":"task.stdout"}
{"timestamp":"2026-02-18T07:59:51.002260Z","level":"info","event":"======================================================================","logger":"task.stdout"}
{"timestamp":"2026-02-18T07:59:51.002410Z","level":"info","event":"  Existing drivers in Silver: 65","logger":"task.stdout"}
{"timestamp":"2026-02-18T07:59:51.002568Z","level":"info","event":"  API drivers scraped: 36","logger":"task.stdout"}
{"timestamp":"2026-02-18T07:59:51.002716Z","level":"info","event":"  Final driver count: 81","logger":"task.stdout"}
{"timestamp":"2026-02-18T07:59:51.002859Z","level":"info","event":"  New drivers added: 16","logger":"task.stdout"}
{"timestamp":"2026-02-18T07:59:51.003249Z","level":"info","event":"","logger":"task.stdout"}
{"timestamp":"2026-02-18T07:59:51.003488Z","level":"info","event":"  Final source breakdown:","logger":"task.stdout"}
{"timestamp":"2026-02-18T07:59:51.003675Z","level":"info","event":"    f1_data.csv    : 65","logger":"task.stdout"}
{"timestamp":"2026-02-18T07:59:51.003839Z","level":"info","event":"    api            : 16","logger":"task.stdout"}
{"timestamp":"2026-02-18T07:59:51.004009Z","level":"info","event":"","logger":"task.stdout"}
{"timestamp":"2026-02-18T07:59:51.004157Z","level":"info","event":"  driver_id ranges:","logger":"task.stdout"}
{"timestamp":"2026-02-18T07:59:51.004302Z","level":"info","event":"    f1_data.csv    : 1 - 858","logger":"task.stdout"}
{"timestamp":"2026-02-18T07:59:51.004463Z","level":"info","event":"    api            : 10003 - 10031","logger":"task.stdout"}
{"timestamp":"2026-02-18T07:59:51.004618Z","level":"info","event":"======================================================================","logger":"task.stdout"}
{"timestamp":"2026-02-18T07:59:51.084462Z","level":"info","event":"Done. Returned value was: {'existing_count': 65, 'api_scraped': 36, 'final_count': 81, 'new_drivers_added': 16}","logger":"airflow.task.operators.airflow.providers.standard.operators.python.PythonOperator","filename":"python.py","lineno":216}
{"timestamp":"2026-02-18T07:59:51.112851Z","level":"info","event":"Pushing xcom","ti":"RuntimeTaskInstance(id=UUID('019c6fc2-678e-7571-9289-cd0c4985997c'), task_id='backfill_dim_driver', dag_id='api_drivers_bronze_to_silver', run_id='manual__2026-02-18T07:58:57.064799+00:00', try_number=1, dag_version_id=UUID('019c6fbe-7a90-7859-9431-61951e795a62'), map_index=-1, hostname='b5d082034b2b', context_carrier={}, task=<Task(PythonOperator): backfill_dim_driver>, bundle_instance=LocalDagBundle(name=dags-folder), max_tries=2, start_date=datetime.datetime(2026, 2, 18, 7, 58, 59, 546996, tzinfo=datetime.timezone.utc), end_date=None, state=<TaskInstanceState.RUNNING: 'running'>, is_mapped=False, rendered_map_index=None)","logger":"task","filename":"task_runner.py","lineno":1450}
