{"timestamp":"2026-02-11T14:40:05.730288Z","level":"info","event":"DAG bundles loaded: dags-folder","logger":"airflow.dag_processing.bundles.manager.DagBundlesManager","filename":"manager.py","lineno":179}
{"timestamp":"2026-02-11T14:40:05.761041Z","level":"info","event":"Filling up the DagBag from /opt/airflow/dags/api_etl/api_driverStandings_bronze_to_silver.py","logger":"airflow.models.dagbag.DagBag","filename":"dagbag.py","lineno":593}
{"timestamp":"2026-02-11T14:40:06.636379Z","level":"info","event":"======================================================================","logger":"task.stdout"}
{"timestamp":"2026-02-11T14:40:06.636894Z","level":"info","event":"F1 DRIVER STANDINGS BACKFILL: ERGAST API -> SILVER","logger":"task.stdout"}
{"timestamp":"2026-02-11T14:40:06.639329Z","level":"info","event":"======================================================================","logger":"task.stdout"}
{"timestamp":"2026-02-11T14:40:06.639695Z","level":"info","event":"","logger":"task.stdout"}
{"timestamp":"2026-02-11T14:40:06.641271Z","level":"info","event":"[STEP 1] Scraping API...","logger":"task.stdout"}
{"timestamp":"2026-02-11T14:40:06.641626Z","level":"info","event":"","logger":"task.stdout"}
{"timestamp":"2026-02-11T14:40:06.641880Z","level":"info","event":"======================================================================","logger":"task.stdout"}
{"timestamp":"2026-02-11T14:40:06.642151Z","level":"info","event":"SCRAPING DRIVER STANDINGS FROM ERGAST API: 2024-2025","logger":"task.stdout"}
{"timestamp":"2026-02-11T14:40:06.644375Z","level":"info","event":"======================================================================","logger":"task.stdout"}
{"timestamp":"2026-02-11T14:40:06.645427Z","level":"info","event":"","logger":"task.stdout"}
{"timestamp":"2026-02-11T14:40:06.645763Z","level":"info","event":"Fetching driver standings for 2024...","logger":"task.stdout"}
{"timestamp":"2026-02-11T14:40:31.145005Z","level":"info","event":"24 standings found for 2024","logger":"task.stdout"}
{"timestamp":"2026-02-11T14:40:31.145563Z","level":"info","event":"Fetching driver standings for 2025...","logger":"task.stdout"}
{"timestamp":"2026-02-11T14:40:53.432319Z","level":"info","event":"21 standings found for 2025","logger":"task.stdout"}
{"timestamp":"2026-02-11T14:40:53.433452Z","level":"info","event":"","logger":"task.stdout"}
{"timestamp":"2026-02-11T14:40:53.433887Z","level":"info","event":"======================================================================","logger":"task.stdout"}
{"timestamp":"2026-02-11T14:40:53.434240Z","level":"info","event":"SCRAPING COMPLETE","logger":"task.stdout"}
{"timestamp":"2026-02-11T14:40:53.434562Z","level":"info","event":"Total records: 45","logger":"task.stdout"}
{"timestamp":"2026-02-11T14:40:53.434856Z","level":"info","event":"Years covered: 2024-2025","logger":"task.stdout"}
{"timestamp":"2026-02-11T14:40:53.435240Z","level":"info","event":"Unique races: 2","logger":"task.stdout"}
{"timestamp":"2026-02-11T14:40:53.435555Z","level":"info","event":"======================================================================","logger":"task.stdout"}
{"timestamp":"2026-02-11T14:40:53.435831Z","level":"info","event":"","logger":"task.stdout"}
{"timestamp":"2026-02-11T14:40:53.436154Z","level":"info","event":"API scraping complete: 45 standing records","logger":"task.stdout"}
{"timestamp":"2026-02-11T14:40:53.436467Z","level":"info","event":"","logger":"task.stdout"}
{"timestamp":"2026-02-11T14:40:53.436750Z","level":"info","event":"[STEP 2] Transforming to Silver schema...","logger":"task.stdout"}
{"timestamp":"2026-02-11T14:40:53.437016Z","level":"info","event":"Transforming API data to Silver schema...","logger":"task.stdout"}
{"timestamp":"2026-02-11T14:40:53.437408Z","level":"info","event":"Sorted by year + round + position","logger":"task.stdout"}
{"timestamp":"2026-02-11T14:40:53.437705Z","level":"info","event":"Generated ds_id: 10000001 - 10000045","logger":"task.stdout"}
{"timestamp":"2026-02-11T14:40:53.441010Z","level":"info","event":"Transformed 45 standings to Silver schema","logger":"task.stdout"}
{"timestamp":"2026-02-11T14:40:53.441409Z","level":"info","event":"Source: api","logger":"task.stdout"}
{"timestamp":"2026-02-11T14:40:53.441710Z","level":"info","event":"ds_id range: 10000001 - 10000045","logger":"task.stdout"}
{"timestamp":"2026-02-11T14:40:53.441938Z","level":"info","event":"Transformation complete: 45 standings","logger":"task.stdout"}
{"timestamp":"2026-02-11T14:40:53.442239Z","level":"info","event":"ds_id range: 10000001 - 10000045","logger":"task.stdout"}
{"timestamp":"2026-02-11T14:40:53.442572Z","level":"info","event":"","logger":"task.stdout"}
{"timestamp":"2026-02-11T14:40:53.443674Z","level":"info","event":"[STEP 3] Loading dimensions for FK resolution...","logger":"task.stdout"}
{"timestamp":"2026-02-11T14:40:53.469037Z","level":"info","event":" Downloaded dimensions/dim_driver/dim_driver.parquet (81 rows)","logger":"task.stdout"}
{"timestamp":"2026-02-11T14:40:53.473273Z","level":"info","event":" Downloaded dimensions/dim_constructor/dim_constructor.parquet (21 rows)","logger":"task.stdout"}
{"timestamp":"2026-02-11T14:40:53.479663Z","level":"info","event":" Downloaded dimensions/dim_race/dim_race.parquet (280 rows)","logger":"task.stdout"}
{"timestamp":"2026-02-11T14:40:53.485658Z","level":"info","event":" Downloaded dimensions/dim_time/dim_time.parquet (6940 rows)","logger":"task.stdout"}
{"timestamp":"2026-02-11T14:40:53.486342Z","level":"info","event":"Loaded dimensions:","logger":"task.stdout"}
{"timestamp":"2026-02-11T14:40:53.489453Z","level":"info","event":"  - dim_driver: 81 drivers","logger":"task.stdout"}
{"timestamp":"2026-02-11T14:40:53.489806Z","level":"info","event":"  - dim_constructor: 21 constructors","logger":"task.stdout"}
{"timestamp":"2026-02-11T14:40:53.490089Z","level":"info","event":"  - dim_race: 280 races","logger":"task.stdout"}
{"timestamp":"2026-02-11T14:40:53.490347Z","level":"info","event":"  - dim_time: 6,940 dates","logger":"task.stdout"}
{"timestamp":"2026-02-11T14:40:53.490612Z","level":"info","event":"","logger":"task.stdout"}
{"timestamp":"2026-02-11T14:40:53.490889Z","level":"info","event":"[STEP 4] Resolving foreign keys...","logger":"task.stdout"}
{"timestamp":"2026-02-11T14:40:53.498825Z","level":"info","event":"Created lookup dictionaries:","logger":"task.stdout"}
{"timestamp":"2026-02-11T14:40:53.499295Z","level":"info","event":"  - driver_ref -> driver_key: 81 entries","logger":"task.stdout"}
{"timestamp":"2026-02-11T14:40:53.499638Z","level":"info","event":"  - constructor_ref -> constructor_key: 21 entries","logger":"task.stdout"}
{"timestamp":"2026-02-11T14:40:53.499962Z","level":"info","event":"  - race_year+race_round -> race_key: 280 entries","logger":"task.stdout"}
{"timestamp":"2026-02-11T14:40:53.500304Z","level":"info","event":"  - race_date -> time_key: 6940 entries","logger":"task.stdout"}
{"timestamp":"2026-02-11T14:40:53.500688Z","level":"info","event":"WARNING: 45 standings have unresolved constructor_ref!","logger":"task.stdout"}
{"timestamp":"2026-02-11T14:40:53.517635Z","level":"info","event":"All FKs resolved successfully","logger":"task.stdout"}
{"timestamp":"2026-02-11T14:40:53.518164Z","level":"info","event":"","logger":"task.stdout"}
{"timestamp":"2026-02-11T14:40:53.518485Z","level":"info","event":"[STEP 5] Loading existing Silver data...","logger":"task.stdout"}
{"timestamp":"2026-02-11T14:40:53.523125Z","level":"info","event":" Downloaded facts/fact_driver_standings/fact_driver_standings.parquet (4502 rows)","logger":"task.stdout"}
{"timestamp":"2026-02-11T14:40:53.523522Z","level":"info","event":"Loaded 4,502 existing standings from Silver","logger":"task.stdout"}
{"timestamp":"2026-02-11T14:40:53.524019Z","level":"info","event":"Existing sources: {'f1_data.csv': 4502}","logger":"task.stdout"}
{"timestamp":"2026-02-11T14:40:53.524437Z","level":"info","event":"","logger":"task.stdout"}
{"timestamp":"2026-02-11T14:40:53.524849Z","level":"info","event":"[STEP 6] Merging API data with existing Silver...","logger":"task.stdout"}
{"timestamp":"2026-02-11T14:40:53.525256Z","level":"info","event":"","logger":"task.stdout"}
{"timestamp":"2026-02-11T14:40:53.525655Z","level":"info","event":"  Merge Configuration:","logger":"task.stdout"}
{"timestamp":"2026-02-11T14:40:53.526093Z","level":"info","event":"Existing standings: 4,502","logger":"task.stdout"}
{"timestamp":"2026-02-11T14:40:53.526472Z","level":"info","event":"New API standings: 45","logger":"task.stdout"}
{"timestamp":"2026-02-11T14:40:53.526835Z","level":"info","event":"Merge key: ds_id (PRIMARY natural key)","logger":"task.stdout"}
{"timestamp":"2026-02-11T14:40:53.527227Z","level":"info","event":"","logger":"task.stdout"}
{"timestamp":"2026-02-11T14:40:53.527575Z","level":"info","event":"  Current max ds_key: 4502","logger":"task.stdout"}
{"timestamp":"2026-02-11T14:40:53.527847Z","level":"info","event":"","logger":"task.stdout"}
{"timestamp":"2026-02-11T14:40:53.528148Z","level":"info","event":"  Processing 45 API standings:","logger":"task.stdout"}
{"timestamp":"2026-02-11T14:40:53.528426Z","level":"info","event":"","logger":"task.stdout"}
{"timestamp":"2026-02-11T14:40:53.528688Z","level":"info","event":"ADD: ds_id=10000001 (new standing from API)","logger":"task.stdout"}
{"timestamp":"2026-02-11T14:40:53.531263Z","level":"info","event":"ADD: ds_id=10000002 (new standing from API)","logger":"task.stdout"}
{"timestamp":"2026-02-11T14:40:53.533443Z","level":"info","event":"ADD: ds_id=10000003 (new standing from API)","logger":"task.stdout"}
{"timestamp":"2026-02-11T14:40:53.535273Z","level":"info","event":"ADD: ds_id=10000004 (new standing from API)","logger":"task.stdout"}
{"timestamp":"2026-02-11T14:40:53.537065Z","level":"info","event":"ADD: ds_id=10000005 (new standing from API)","logger":"task.stdout"}
{"timestamp":"2026-02-11T14:40:53.538865Z","level":"info","event":"ADD: ds_id=10000006 (new standing from API)","logger":"task.stdout"}
{"timestamp":"2026-02-11T14:40:53.540876Z","level":"info","event":"ADD: ds_id=10000007 (new standing from API)","logger":"task.stdout"}
{"timestamp":"2026-02-11T14:40:53.542964Z","level":"info","event":"ADD: ds_id=10000008 (new standing from API)","logger":"task.stdout"}
{"timestamp":"2026-02-11T14:40:53.544925Z","level":"info","event":"ADD: ds_id=10000009 (new standing from API)","logger":"task.stdout"}
{"timestamp":"2026-02-11T14:40:53.547925Z","level":"info","event":"ADD: ds_id=10000010 (new standing from API)","logger":"task.stdout"}
{"timestamp":"2026-02-11T14:40:53.550401Z","level":"info","event":"ADD: ds_id=10000011 (new standing from API)","logger":"task.stdout"}
{"timestamp":"2026-02-11T14:40:53.552465Z","level":"info","event":"ADD: ds_id=10000012 (new standing from API)","logger":"task.stdout"}
{"timestamp":"2026-02-11T14:40:53.554742Z","level":"info","event":"ADD: ds_id=10000013 (new standing from API)","logger":"task.stdout"}
{"timestamp":"2026-02-11T14:40:53.557451Z","level":"info","event":"ADD: ds_id=10000014 (new standing from API)","logger":"task.stdout"}
{"timestamp":"2026-02-11T14:40:53.559841Z","level":"info","event":"ADD: ds_id=10000015 (new standing from API)","logger":"task.stdout"}
{"timestamp":"2026-02-11T14:40:53.562119Z","level":"info","event":"ADD: ds_id=10000016 (new standing from API)","logger":"task.stdout"}
{"timestamp":"2026-02-11T14:40:53.564264Z","level":"info","event":"ADD: ds_id=10000017 (new standing from API)","logger":"task.stdout"}
{"timestamp":"2026-02-11T14:40:53.566584Z","level":"info","event":"ADD: ds_id=10000018 (new standing from API)","logger":"task.stdout"}
{"timestamp":"2026-02-11T14:40:53.568900Z","level":"info","event":"ADD: ds_id=10000019 (new standing from API)","logger":"task.stdout"}
{"timestamp":"2026-02-11T14:40:53.571011Z","level":"info","event":"ADD: ds_id=10000020 (new standing from API)","logger":"task.stdout"}
{"timestamp":"2026-02-11T14:40:53.574284Z","level":"info","event":"ADD: ds_id=10000021 (new standing from API)","logger":"task.stdout"}
{"timestamp":"2026-02-11T14:40:53.576632Z","level":"info","event":"ADD: ds_id=10000022 (new standing from API)","logger":"task.stdout"}
{"timestamp":"2026-02-11T14:40:53.578942Z","level":"info","event":"ADD: ds_id=10000023 (new standing from API)","logger":"task.stdout"}
{"timestamp":"2026-02-11T14:40:53.581017Z","level":"info","event":"ADD: ds_id=10000024 (new standing from API)","logger":"task.stdout"}
{"timestamp":"2026-02-11T14:40:53.583144Z","level":"info","event":"ADD: ds_id=10000025 (new standing from API)","logger":"task.stdout"}
{"timestamp":"2026-02-11T14:40:53.585023Z","level":"info","event":"ADD: ds_id=10000026 (new standing from API)","logger":"task.stdout"}
{"timestamp":"2026-02-11T14:40:53.586992Z","level":"info","event":"ADD: ds_id=10000027 (new standing from API)","logger":"task.stdout"}
{"timestamp":"2026-02-11T14:40:53.589147Z","level":"info","event":"ADD: ds_id=10000028 (new standing from API)","logger":"task.stdout"}
{"timestamp":"2026-02-11T14:40:53.592921Z","level":"info","event":"ADD: ds_id=10000029 (new standing from API)","logger":"task.stdout"}
{"timestamp":"2026-02-11T14:40:53.595987Z","level":"info","event":"ADD: ds_id=10000030 (new standing from API)","logger":"task.stdout"}
{"timestamp":"2026-02-11T14:40:53.598527Z","level":"info","event":"ADD: ds_id=10000031 (new standing from API)","logger":"task.stdout"}
{"timestamp":"2026-02-11T14:40:53.600640Z","level":"info","event":"ADD: ds_id=10000032 (new standing from API)","logger":"task.stdout"}
{"timestamp":"2026-02-11T14:40:53.602668Z","level":"info","event":"ADD: ds_id=10000033 (new standing from API)","logger":"task.stdout"}
{"timestamp":"2026-02-11T14:40:53.604709Z","level":"info","event":"ADD: ds_id=10000034 (new standing from API)","logger":"task.stdout"}
{"timestamp":"2026-02-11T14:40:53.607294Z","level":"info","event":"ADD: ds_id=10000035 (new standing from API)","logger":"task.stdout"}
{"timestamp":"2026-02-11T14:40:53.609829Z","level":"info","event":"ADD: ds_id=10000036 (new standing from API)","logger":"task.stdout"}
{"timestamp":"2026-02-11T14:40:53.612210Z","level":"info","event":"ADD: ds_id=10000037 (new standing from API)","logger":"task.stdout"}
{"timestamp":"2026-02-11T14:40:53.614765Z","level":"info","event":"ADD: ds_id=10000038 (new standing from API)","logger":"task.stdout"}
{"timestamp":"2026-02-11T14:40:53.616747Z","level":"info","event":"ADD: ds_id=10000039 (new standing from API)","logger":"task.stdout"}
{"timestamp":"2026-02-11T14:40:53.618705Z","level":"info","event":"ADD: ds_id=10000040 (new standing from API)","logger":"task.stdout"}
{"timestamp":"2026-02-11T14:40:53.620609Z","level":"info","event":"ADD: ds_id=10000041 (new standing from API)","logger":"task.stdout"}
{"timestamp":"2026-02-11T14:40:53.622902Z","level":"info","event":"ADD: ds_id=10000042 (new standing from API)","logger":"task.stdout"}
{"timestamp":"2026-02-11T14:40:53.625292Z","level":"info","event":"ADD: ds_id=10000043 (new standing from API)","logger":"task.stdout"}
{"timestamp":"2026-02-11T14:40:53.627417Z","level":"info","event":"ADD: ds_id=10000044 (new standing from API)","logger":"task.stdout"}
{"timestamp":"2026-02-11T14:40:53.630278Z","level":"info","event":"ADD: ds_id=10000045 (new standing from API)","logger":"task.stdout"}
{"timestamp":"2026-02-11T14:40:53.635360Z","level":"info","event":"Merge complete: 4,547 total standings","logger":"task.stdout"}
{"timestamp":"2026-02-11T14:40:53.635771Z","level":"info","event":"","logger":"task.stdout"}
{"timestamp":"2026-02-11T14:40:53.636107Z","level":"info","event":"[STEP 7] Writing to Silver layer...","logger":"task.stdout"}
{"timestamp":"2026-02-11T14:40:53.656522Z","level":"info","event":" Uploaded facts/fact_driver_standings/fact_driver_standings.parquet (4547 rows)","logger":"task.stdout"}
{"timestamp":"2026-02-11T14:40:53.656924Z","level":"info","event":"Written to: s3://f1-silver/facts/fact_driver_standings/fact_driver_standings.parquet","logger":"task.stdout"}
{"timestamp":"2026-02-11T14:40:53.657258Z","level":"info","event":"","logger":"task.stdout"}
{"timestamp":"2026-02-11T14:40:53.657622Z","level":"info","event":"======================================================================","logger":"task.stdout"}
{"timestamp":"2026-02-11T14:40:53.657841Z","level":"info","event":"BACKFILL SUMMARY","logger":"task.stdout"}
{"timestamp":"2026-02-11T14:40:53.658081Z","level":"info","event":"======================================================================","logger":"task.stdout"}
{"timestamp":"2026-02-11T14:40:53.658283Z","level":"info","event":"  Existing standings in Silver: 4,502","logger":"task.stdout"}
{"timestamp":"2026-02-11T14:40:53.658465Z","level":"info","event":"  API standings scraped: 45","logger":"task.stdout"}
{"timestamp":"2026-02-11T14:40:53.658644Z","level":"info","event":"  Final standing count: 4,547","logger":"task.stdout"}
{"timestamp":"2026-02-11T14:40:53.658821Z","level":"info","event":"  New standings added: 45","logger":"task.stdout"}
{"timestamp":"2026-02-11T14:40:53.658998Z","level":"info","event":"","logger":"task.stdout"}
{"timestamp":"2026-02-11T14:40:53.659179Z","level":"info","event":"  Final source breakdown:","logger":"task.stdout"}
{"timestamp":"2026-02-11T14:40:53.659354Z","level":"info","event":"    f1_data.csv    : 4,502","logger":"task.stdout"}
{"timestamp":"2026-02-11T14:40:53.659531Z","level":"info","event":"    api            : 45","logger":"task.stdout"}
{"timestamp":"2026-02-11T14:40:53.659707Z","level":"info","event":"","logger":"task.stdout"}
{"timestamp":"2026-02-11T14:40:53.659883Z","level":"info","event":"  ds_id ranges:","logger":"task.stdout"}
{"timestamp":"2026-02-11T14:40:53.660152Z","level":"info","event":"    f1_data.csv    : 64928 - 72187","logger":"task.stdout"}
{"timestamp":"2026-02-11T14:40:53.660340Z","level":"info","event":"    api            : 10000001 - 10000045","logger":"task.stdout"}
{"timestamp":"2026-02-11T14:40:53.660525Z","level":"info","event":"======================================================================","logger":"task.stdout"}
{"timestamp":"2026-02-11T14:40:53.672467Z","level":"info","event":"Done. Returned value was: {'existing_count': 4502, 'api_scraped': 45, 'final_count': 4547, 'new_standings_added': 45}","logger":"airflow.task.operators.airflow.providers.standard.operators.python.PythonOperator","filename":"python.py","lineno":216}
{"timestamp":"2026-02-11T14:40:53.673103Z","level":"info","event":"Pushing xcom","ti":"RuntimeTaskInstance(id=UUID('019c4d25-2064-731b-b6dc-58ff1f6ed0db'), task_id='backfill_fact_driver_standings', dag_id='api_driverstandings_bronze_to_silver', run_id='manual__2026-02-11T14:40:04.373855+00:00', try_number=1, dag_version_id=UUID('019c4cb5-0c0f-7bff-ab58-fd89f89260e2'), map_index=-1, hostname='d105c47e2bea', context_carrier={}, task=<Task(PythonOperator): backfill_fact_driver_standings>, bundle_instance=LocalDagBundle(name=dags-folder), max_tries=2, start_date=datetime.datetime(2026, 2, 11, 14, 40, 5, 518185, tzinfo=datetime.timezone.utc), end_date=None, state=<TaskInstanceState.RUNNING: 'running'>, is_mapped=False, rendered_map_index=None)","logger":"task","filename":"task_runner.py","lineno":1450}
