{"timestamp":"2026-02-09T08:32:49.495313Z","level":"info","event":"DAG bundles loaded: dags-folder, example_dags","logger":"airflow.dag_processing.bundles.manager.DagBundlesManager","filename":"manager.py","lineno":179}
{"timestamp":"2026-02-09T08:32:49.496448Z","level":"info","event":"Filling up the DagBag from /opt/airflow/dags/api_etl/api_drivers_bronze_to_silver.py","logger":"airflow.models.dagbag.DagBag","filename":"dagbag.py","lineno":593}
{"timestamp":"2026-02-09T08:32:49.704278Z","level":"info","event":"Task instance is in running state","logger":"task.stdout"}
{"timestamp":"2026-02-09T08:32:49.704646Z","level":"info","event":" Previous state of the Task instance: TaskInstanceState.QUEUED","logger":"task.stdout"}
{"timestamp":"2026-02-09T08:32:49.705977Z","level":"info","event":"Current task name:backfill_dim_driver","logger":"task.stdout"}
{"timestamp":"2026-02-09T08:32:49.708022Z","level":"info","event":"Dag name:api_drivers_bronze_to_silver","logger":"task.stdout"}
{"timestamp":"2026-02-09T08:32:49.708414Z","level":"info","event":"======================================================================","logger":"task.stdout"}
{"timestamp":"2026-02-09T08:32:49.709207Z","level":"info","event":"F1 DRIVER BACKFILL: ERGAST API → SILVER","logger":"task.stdout"}
{"timestamp":"2026-02-09T08:32:49.709641Z","level":"info","event":"======================================================================","logger":"task.stdout"}
{"timestamp":"2026-02-09T08:32:49.710045Z","level":"info","event":"","logger":"task.stdout"}
{"timestamp":"2026-02-09T08:32:49.710433Z","level":"info","event":"[STEP 1] Scraping API...","logger":"task.stdout"}
{"timestamp":"2026-02-09T08:32:49.710717Z","level":"info","event":"","logger":"task.stdout"}
{"timestamp":"2026-02-09T08:32:49.710983Z","level":"info","event":"======================================================================","logger":"task.stdout"}
{"timestamp":"2026-02-09T08:32:49.711225Z","level":"info","event":"SCRAPING DRIVERS FROM ERGAST API: 2011-2025","logger":"task.stdout"}
{"timestamp":"2026-02-09T08:32:49.711454Z","level":"info","event":"======================================================================","logger":"task.stdout"}
{"timestamp":"2026-02-09T08:32:49.711671Z","level":"info","event":"","logger":"task.stdout"}
{"timestamp":"2026-02-09T08:32:49.711864Z","level":"info","event":"Fetching drivers for 2011...","logger":"task.stdout"}
{"timestamp":"2026-02-09T08:32:49.897774Z","level":"info","event":"ERROR: API request failed for https://api.jolpi.ca/ergast/f1/2011/drivers.json","logger":"task.stdout"}
{"timestamp":"2026-02-09T08:32:49.901973Z","level":"info","event":"Reason: 429 Client Error: Too Many Requests for url: https://api.jolpi.ca/ergast/f1/2011/drivers.json","logger":"task.stdout"}
{"timestamp":"2026-02-09T08:32:49.897205Z","level":"error","event":"Task failed with exception","logger":"task","filename":"task_runner.py","lineno":1078,"error_detail":[{"exc_type":"HTTPError","exc_value":"429 Client Error: Too Many Requests for url: https://api.jolpi.ca/ergast/f1/2011/drivers.json","exc_notes":[],"syntax_error":null,"is_cause":false,"frames":[{"filename":"/home/airflow/.local/lib/python3.12/site-packages/airflow/sdk/execution_time/task_runner.py","lineno":1004,"name":"run"},{"filename":"/home/airflow/.local/lib/python3.12/site-packages/airflow/sdk/execution_time/task_runner.py","lineno":1405,"name":"_execute_task"},{"filename":"/home/airflow/.local/lib/python3.12/site-packages/airflow/sdk/bases/operator.py","lineno":417,"name":"wrapper"},{"filename":"/home/airflow/.local/lib/python3.12/site-packages/airflow/providers/standard/operators/python.py","lineno":214,"name":"execute"},{"filename":"/home/airflow/.local/lib/python3.12/site-packages/airflow/providers/standard/operators/python.py","lineno":237,"name":"execute_callable"},{"filename":"/home/airflow/.local/lib/python3.12/site-packages/airflow/sdk/execution_time/callback_runner.py","lineno":82,"name":"run"},{"filename":"/opt/airflow/dags/api_etl/api_drivers_bronze_to_silver.py","lineno":248,"name":"backfill_dim_driver"},{"filename":"/opt/airflow/dags/utils/scraper/driver.py","lineno":147,"name":"scrape_drivers_range"},{"filename":"/opt/airflow/dags/utils/scraper/driver.py","lineno":117,"name":"scrape_drivers_year"},{"filename":"/opt/airflow/dags/utils/scraper/driver.py","lineno":72,"name":"_get"},{"filename":"/home/airflow/.local/lib/python3.12/site-packages/requests/models.py","lineno":1026,"name":"raise_for_status"}],"is_group":false,"exceptions":[]}]}
{"timestamp":"2026-02-09T08:32:49.940006Z","level":"info","event":"Task instance in failure state","logger":"task.stdout"}
{"timestamp":"2026-02-09T08:32:49.940488Z","level":"info","event":"Task start","logger":"task.stdout"}
{"timestamp":"2026-02-09T08:32:49.941394Z","level":"info","event":"Task:<Task(PythonOperator): backfill_dim_driver>","logger":"task.stdout"}
{"timestamp":"2026-02-09T08:32:49.942048Z","level":"info","event":"Failure caused by 429 Client Error: Too Many Requests for url: https://api.jolpi.ca/ergast/f1/2011/drivers.json","logger":"task.stdout"}
