{"timestamp":"2026-02-04T14:53:25.740251Z","level":"info","event":"DAG bundles loaded: dags-folder, example_dags","logger":"airflow.dag_processing.bundles.manager.DagBundlesManager","filename":"manager.py","lineno":179}
{"timestamp":"2026-02-04T14:53:25.741556Z","level":"info","event":"Filling up the DagBag from /opt/airflow/dags/f1_etl_bronze_to_silver.py","logger":"airflow.models.dagbag.DagBag","filename":"dagbag.py","lineno":593}
{"timestamp":"2026-02-04T14:53:26.049868Z","level":"info","event":"Task instance is in running state","logger":"task.stdout"}
{"timestamp":"2026-02-04T14:53:26.051269Z","level":"info","event":" Previous state of the Task instance: TaskInstanceState.QUEUED","logger":"task.stdout"}
{"timestamp":"2026-02-04T14:53:26.052160Z","level":"info","event":"Current task name:transform_dim_race","logger":"task.stdout"}
{"timestamp":"2026-02-04T14:53:26.052495Z","level":"info","event":"Dag name:f1_etl_pipeline_silver","logger":"task.stdout"}
{"timestamp":"2026-02-04T14:53:26.052961Z","level":"info","event":"TRANSFORM: dim_race → Silver (Parquet with surrogate key)","logger":"task.stdout"}
{"timestamp":"2026-02-04T14:53:37.199784Z","level":"warning","event":"Columns (7,8,13,14,17,42,45,63) have mixed types. Specify dtype option on import or set low_memory=False.","category":"DtypeWarning","filename":"/opt/airflow/dags/f1_etl_bronze_to_silver.py","lineno":183,"logger":"py.warnings"}
{"timestamp":"2026-02-04T14:53:40.494175Z","level":"warning","event":"Could not infer format, so each element will be parsed individually, falling back to `dateutil`. To ensure parsing is consistent and as-expected, please specify a format.","category":"UserWarning","filename":"/opt/airflow/dags/f1_etl_bronze_to_silver.py","lineno":216,"logger":"py.warnings"}
{"timestamp":"2026-02-04T14:53:40.497212Z","level":"warning","event":"Could not infer format, so each element will be parsed individually, falling back to `dateutil`. To ensure parsing is consistent and as-expected, please specify a format.","category":"UserWarning","filename":"/opt/airflow/dags/f1_etl_bronze_to_silver.py","lineno":217,"logger":"py.warnings"}
{"timestamp":"2026-02-04T14:53:40.502994Z","level":"warning","event":"Could not infer format, so each element will be parsed individually, falling back to `dateutil`. To ensure parsing is consistent and as-expected, please specify a format.","category":"UserWarning","filename":"/opt/airflow/dags/f1_etl_bronze_to_silver.py","lineno":218,"logger":"py.warnings"}
{"timestamp":"2026-02-04T14:53:40.505676Z","level":"warning","event":"Could not infer format, so each element will be parsed individually, falling back to `dateutil`. To ensure parsing is consistent and as-expected, please specify a format.","category":"UserWarning","filename":"/opt/airflow/dags/f1_etl_bronze_to_silver.py","lineno":219,"logger":"py.warnings"}
{"timestamp":"2026-02-04T14:53:40.507141Z","level":"warning","event":"Could not infer format, so each element will be parsed individually, falling back to `dateutil`. To ensure parsing is consistent and as-expected, please specify a format.","category":"UserWarning","filename":"/opt/airflow/dags/f1_etl_bronze_to_silver.py","lineno":220,"logger":"py.warnings"}
{"timestamp":"2026-02-04T14:53:40.509940Z","level":"warning","event":"Could not infer format, so each element will be parsed individually, falling back to `dateutil`. To ensure parsing is consistent and as-expected, please specify a format.","category":"UserWarning","filename":"/opt/airflow/dags/f1_etl_bronze_to_silver.py","lineno":221,"logger":"py.warnings"}
{"timestamp":"2026-02-04T14:53:40.512158Z","level":"warning","event":"Could not infer format, so each element will be parsed individually, falling back to `dateutil`. To ensure parsing is consistent and as-expected, please specify a format.","category":"UserWarning","filename":"/opt/airflow/dags/f1_etl_bronze_to_silver.py","lineno":222,"logger":"py.warnings"}
{"timestamp":"2026-02-04T14:53:40.514287Z","level":"warning","event":"Could not infer format, so each element will be parsed individually, falling back to `dateutil`. To ensure parsing is consistent and as-expected, please specify a format.","category":"UserWarning","filename":"/opt/airflow/dags/f1_etl_bronze_to_silver.py","lineno":223,"logger":"py.warnings"}
{"timestamp":"2026-02-04T14:53:40.515722Z","level":"warning","event":"Could not infer format, so each element will be parsed individually, falling back to `dateutil`. To ensure parsing is consistent and as-expected, please specify a format.","category":"UserWarning","filename":"/opt/airflow/dags/f1_etl_bronze_to_silver.py","lineno":224,"logger":"py.warnings"}
{"timestamp":"2026-02-04T14:53:40.518407Z","level":"warning","event":"Could not infer format, so each element will be parsed individually, falling back to `dateutil`. To ensure parsing is consistent and as-expected, please specify a format.","category":"UserWarning","filename":"/opt/airflow/dags/f1_etl_bronze_to_silver.py","lineno":225,"logger":"py.warnings"}
{"timestamp":"2026-02-04T14:53:40.519811Z","level":"warning","event":"Could not infer format, so each element will be parsed individually, falling back to `dateutil`. To ensure parsing is consistent and as-expected, please specify a format.","category":"UserWarning","filename":"/opt/airflow/dags/f1_etl_bronze_to_silver.py","lineno":226,"logger":"py.warnings"}
{"timestamp":"2026-02-04T14:53:40.524315Z","level":"info","event":"Generated 232 races with surrogate keys","logger":"task.stdout"}
{"timestamp":"2026-02-04T14:53:40.595400Z","level":"info","event":" Uploaded dimensions/dim_race/dim_race.parquet (232 rows)","logger":"task.stdout"}
{"timestamp":"2026-02-04T14:53:40.700210Z","level":"info","event":"Done. Returned value was: 232","logger":"airflow.task.operators.airflow.providers.standard.operators.python.PythonOperator","filename":"python.py","lineno":216}
{"timestamp":"2026-02-04T14:53:40.700594Z","level":"info","event":"Pushing xcom","ti":"RuntimeTaskInstance(id=UUID('019c2924-ad3e-7ba8-904f-d0409860b236'), task_id='transform_dim_race', dag_id='f1_etl_pipeline_silver', run_id='manual__2026-02-04T14:53:12+00:00', try_number=1, dag_version_id=UUID('019c23fb-91df-7f16-83e9-4bd5f07abd13'), map_index=-1, hostname='85b967703fe5', context_carrier={}, task=<Task(PythonOperator): transform_dim_race>, bundle_instance=LocalDagBundle(name=dags-folder), max_tries=1, start_date=datetime.datetime(2026, 2, 4, 14, 53, 24, 772240, tzinfo=datetime.timezone.utc), end_date=None, state=<TaskInstanceState.RUNNING: 'running'>, is_mapped=False, rendered_map_index=None)","logger":"task","filename":"task_runner.py","lineno":1450}
{"timestamp":"2026-02-04T14:53:40.747567Z","level":"info","event":"Task instance in success state","logger":"task.stdout"}
{"timestamp":"2026-02-04T14:53:40.747946Z","level":"info","event":" Previous state of the Task instance: TaskInstanceState.RUNNING","logger":"task.stdout"}
{"timestamp":"2026-02-04T14:53:40.753889Z","level":"info","event":"Task operator:<Task(PythonOperator): transform_dim_race>","logger":"task.stdout"}
