{"timestamp":"2026-02-26T19:35:07.426522Z","level":"info","event":"DAG bundles loaded: dags-folder","logger":"airflow.dag_processing.bundles.manager.DagBundlesManager","filename":"manager.py","lineno":179}
{"timestamp":"2026-02-26T19:35:07.450371Z","level":"info","event":"Filling up the DagBag from /opt/airflow/dags/csv_bronze_to_silver.py","logger":"airflow.models.dagbag.DagBag","filename":"dagbag.py","lineno":593}
{"timestamp":"2026-02-26T19:35:19.720986Z","level":"info","event":"TRANSFORM: fact_pitstops → Silver (Parquet with surrogate key)","logger":"task.stdout"}
{"timestamp":"2026-02-26T19:36:26.481828Z","level":"info","event":" Downloaded raw_data/f1_data.parquet (518417 rows)","logger":"task.stdout"}
{"timestamp":"2026-02-26T19:36:26.487300Z","level":"info","event":" Downloaded dimensions/dim_driver/dim_driver.parquet (65 rows)","logger":"task.stdout"}
{"timestamp":"2026-02-26T19:36:26.496203Z","level":"info","event":" Downloaded dimensions/dim_constructor/dim_constructor.parquet (20 rows)","logger":"task.stdout"}
{"timestamp":"2026-02-26T19:36:26.500588Z","level":"info","event":" Downloaded dimensions/dim_race/dim_race.parquet (232 rows)","logger":"task.stdout"}
{"timestamp":"2026-02-26T19:36:26.516256Z","level":"info","event":" Downloaded dimensions/dim_time/dim_time.parquet (6940 rows)","logger":"task.stdout"}
{"timestamp":"2026-02-26T19:36:26.523786Z","level":"info","event":"Generated 8975 pitstops with surrogate keys","logger":"task.stdout"}
{"timestamp":"2026-02-26T19:36:26.532796Z","level":"info","event":"Uploaded facts/fact_pitstops/year=2012/data.parquet (946 rows)","logger":"task.stdout"}
{"timestamp":"2026-02-26T19:36:26.534126Z","level":"info","event":"Year 2012: 946 rows","logger":"task.stdout"}
{"timestamp":"2026-02-26T19:36:26.541519Z","level":"info","event":"Uploaded facts/fact_pitstops/year=2013/data.parquet (951 rows)","logger":"task.stdout"}
{"timestamp":"2026-02-26T19:36:26.544878Z","level":"info","event":"Year 2013: 951 rows","logger":"task.stdout"}
{"timestamp":"2026-02-26T19:36:26.661108Z","level":"info","event":"Uploaded facts/fact_pitstops/year=2014/data.parquet (816 rows)","logger":"task.stdout"}
{"timestamp":"2026-02-26T19:36:26.662037Z","level":"info","event":"Year 2014: 816 rows","logger":"task.stdout"}
{"timestamp":"2026-02-26T19:36:26.667757Z","level":"info","event":"Uploaded facts/fact_pitstops/year=2015/data.parquet (741 rows)","logger":"task.stdout"}
{"timestamp":"2026-02-26T19:36:26.668730Z","level":"info","event":"Year 2015: 741 rows","logger":"task.stdout"}
{"timestamp":"2026-02-26T19:36:26.878629Z","level":"info","event":"Uploaded facts/fact_pitstops/year=2016/data.parquet (989 rows)","logger":"task.stdout"}
{"timestamp":"2026-02-26T19:36:26.883920Z","level":"info","event":"Year 2016: 989 rows","logger":"task.stdout"}
{"timestamp":"2026-02-26T19:36:27.160427Z","level":"info","event":"Uploaded facts/fact_pitstops/year=2017/data.parquet (694 rows)","logger":"task.stdout"}
{"timestamp":"2026-02-26T19:36:27.176601Z","level":"info","event":"Year 2017: 694 rows","logger":"task.stdout"}
{"timestamp":"2026-02-26T19:36:27.444922Z","level":"info","event":"Uploaded facts/fact_pitstops/year=2018/data.parquet (536 rows)","logger":"task.stdout"}
{"timestamp":"2026-02-26T19:36:27.446027Z","level":"info","event":"Year 2018: 536 rows","logger":"task.stdout"}
{"timestamp":"2026-02-26T19:36:27.769887Z","level":"info","event":"Uploaded facts/fact_pitstops/year=2019/data.parquet (650 rows)","logger":"task.stdout"}
{"timestamp":"2026-02-26T19:36:27.826356Z","level":"info","event":"Year 2019: 650 rows","logger":"task.stdout"}
{"timestamp":"2026-02-26T19:36:28.081050Z","level":"info","event":"Uploaded facts/fact_pitstops/year=2020/data.parquet (594 rows)","logger":"task.stdout"}
{"timestamp":"2026-02-26T19:36:28.085709Z","level":"info","event":"Year 2020: 594 rows","logger":"task.stdout"}
{"timestamp":"2026-02-26T19:36:28.568907Z","level":"info","event":"Uploaded facts/fact_pitstops/year=2021/data.parquet (798 rows)","logger":"task.stdout"}
{"timestamp":"2026-02-26T19:36:28.599844Z","level":"info","event":"Year 2021: 798 rows","logger":"task.stdout"}
{"timestamp":"2026-02-26T19:36:28.787833Z","level":"info","event":"Uploaded facts/fact_pitstops/year=2022/data.parquet (805 rows)","logger":"task.stdout"}
{"timestamp":"2026-02-26T19:36:28.795807Z","level":"info","event":"Year 2022: 805 rows","logger":"task.stdout"}
{"timestamp":"2026-02-26T19:36:28.823764Z","level":"info","event":"Uploaded facts/fact_pitstops/year=2023/data.parquet (455 rows)","logger":"task.stdout"}
{"timestamp":"2026-02-26T19:36:28.831730Z","level":"info","event":"Year 2023: 455 rows","logger":"task.stdout"}
{"timestamp":"2026-02-26T19:36:32.044101Z","level":"info","event":"Done. Returned value was: 8975","logger":"airflow.task.operators.airflow.providers.standard.operators.python.PythonOperator","filename":"python.py","lineno":216}
{"timestamp":"2026-02-26T19:36:32.048026Z","level":"info","event":"Pushing xcom","ti":"RuntimeTaskInstance(id=UUID('019c9b6d-2d98-75e1-9af1-40e8040023f1'), task_id='transform_fact_pitstops', dag_id='csv_bronze_to_silver', run_id='manual__2026-02-26T19:29:07.788352+00:00', try_number=1, dag_version_id=UUID('019c68fd-bf24-7638-89fd-876fc50b9d5b'), map_index=-1, hostname='fe5351013118', context_carrier={}, task=<Task(PythonOperator): transform_fact_pitstops>, bundle_instance=LocalDagBundle(name=dags-folder), max_tries=1, start_date=datetime.datetime(2026, 2, 26, 19, 35, 6, 358219, tzinfo=datetime.timezone.utc), end_date=None, state=<TaskInstanceState.RUNNING: 'running'>, is_mapped=False, rendered_map_index=None)","logger":"task","filename":"task_runner.py","lineno":1450}
