{"timestamp":"2026-02-16T11:52:58.530900Z","level":"info","event":"DAG bundles loaded: dags-folder","logger":"airflow.dag_processing.bundles.manager.DagBundlesManager","filename":"manager.py","lineno":179}
{"timestamp":"2026-02-16T11:52:58.536005Z","level":"info","event":"Filling up the DagBag from /opt/airflow/dags/api_etl/api_constructors_bronze_to_silver.py","logger":"airflow.models.dagbag.DagBag","filename":"dagbag.py","lineno":593}
{"timestamp":"2026-02-16T11:52:59.497173Z","level":"info","event":"======================================================================","logger":"task.stdout"}
{"timestamp":"2026-02-16T11:52:59.497936Z","level":"info","event":"F1 CONSTRUCTOR BACKFILL: ERGAST API → SILVER","logger":"task.stdout"}
{"timestamp":"2026-02-16T11:52:59.498322Z","level":"info","event":"======================================================================","logger":"task.stdout"}
{"timestamp":"2026-02-16T11:52:59.498908Z","level":"info","event":"","logger":"task.stdout"}
{"timestamp":"2026-02-16T11:52:59.499561Z","level":"info","event":"[STEP 1] Scraping API...","logger":"task.stdout"}
{"timestamp":"2026-02-16T11:52:59.500359Z","level":"info","event":"","logger":"task.stdout"}
{"timestamp":"2026-02-16T11:52:59.500963Z","level":"info","event":"======================================================================","logger":"task.stdout"}
{"timestamp":"2026-02-16T11:52:59.501360Z","level":"info","event":"SCRAPING CONSTRUCTORS FROM API: 2024-2025","logger":"task.stdout"}
{"timestamp":"2026-02-16T11:52:59.501665Z","level":"info","event":"======================================================================","logger":"task.stdout"}
{"timestamp":"2026-02-16T11:52:59.501941Z","level":"info","event":"","logger":"task.stdout"}
{"timestamp":"2026-02-16T11:52:59.502217Z","level":"info","event":"Fetching constructors for 2024...","logger":"task.stdout"}
{"timestamp":"2026-02-16T11:53:22.808163Z","level":"info","event":"10 constructors found","logger":"task.stdout"}
{"timestamp":"2026-02-16T11:53:22.808959Z","level":"info","event":"Fetching constructors for 2025...","logger":"task.stdout"}
{"timestamp":"2026-02-16T11:53:46.010658Z","level":"info","event":"10 constructors found","logger":"task.stdout"}
{"timestamp":"2026-02-16T11:53:46.015533Z","level":"info","event":"","logger":"task.stdout"}
{"timestamp":"2026-02-16T11:53:46.016278Z","level":"info","event":"======================================================================","logger":"task.stdout"}
{"timestamp":"2026-02-16T11:53:46.017031Z","level":"info","event":"SCRAPING COMPLETE","logger":"task.stdout"}
{"timestamp":"2026-02-16T11:53:46.017657Z","level":"info","event":"Total records: 20","logger":"task.stdout"}
{"timestamp":"2026-02-16T11:53:46.019400Z","level":"info","event":"Unique constructors (by constructorId): 10","logger":"task.stdout"}
{"timestamp":"2026-02-16T11:53:46.020210Z","level":"info","event":"Years covered: 2024-2025","logger":"task.stdout"}
{"timestamp":"2026-02-16T11:53:46.021295Z","level":"info","event":"======================================================================","logger":"task.stdout"}
{"timestamp":"2026-02-16T11:53:46.024070Z","level":"info","event":"","logger":"task.stdout"}
{"timestamp":"2026-02-16T11:53:46.024787Z","level":"info","event":"API scraping complete: 20 constructor records","logger":"task.stdout"}
{"timestamp":"2026-02-16T11:53:46.025646Z","level":"info","event":"","logger":"task.stdout"}
{"timestamp":"2026-02-16T11:53:46.026360Z","level":"info","event":"[STEP 2] Transforming to Silver schema...","logger":"task.stdout"}
{"timestamp":"2026-02-16T11:53:46.026995Z","level":"info","event":"Transforming API data to Silver schema...","logger":"task.stdout"}
{"timestamp":"2026-02-16T11:53:46.027773Z","level":"info","event":"Deduplication: 20 records → 10 unique constructors","logger":"task.stdout"}
{"timestamp":"2026-02-16T11:53:46.028391Z","level":"info","event":"Sorted by constructorId (alphabetically) for stable constructor_id generation","logger":"task.stdout"}
{"timestamp":"2026-02-16T11:53:46.029171Z","level":"info","event":"Generated constructor_id: 10001 - 10010","logger":"task.stdout"}
{"timestamp":"2026-02-16T11:53:46.031074Z","level":"info","event":"Transformed 10 constructors to Silver schema","logger":"task.stdout"}
{"timestamp":"2026-02-16T11:53:46.032290Z","level":"info","event":"Source: api","logger":"task.stdout"}
{"timestamp":"2026-02-16T11:53:46.032966Z","level":"info","event":"constructor_id range: 10001 - 10010","logger":"task.stdout"}
{"timestamp":"2026-02-16T11:53:46.033640Z","level":"info","event":"Transformation complete: 10 unique constructors","logger":"task.stdout"}
{"timestamp":"2026-02-16T11:53:46.034419Z","level":"info","event":"constructor_id range: 10001 - 10010","logger":"task.stdout"}
{"timestamp":"2026-02-16T11:53:46.036141Z","level":"info","event":"","logger":"task.stdout"}
{"timestamp":"2026-02-16T11:53:46.044460Z","level":"info","event":"[STEP 3] Loading existing Silver data...","logger":"task.stdout"}
{"timestamp":"2026-02-16T11:53:46.099387Z","level":"info","event":" Downloaded dimensions/dim_constructor/dim_constructor.parquet (20 rows)","logger":"task.stdout"}
{"timestamp":"2026-02-16T11:53:46.100645Z","level":"info","event":"Loaded 20 existing constructors from Silver","logger":"task.stdout"}
{"timestamp":"2026-02-16T11:53:46.101450Z","level":"info","event":"Existing sources: {'f1_data.csv': 20}","logger":"task.stdout"}
{"timestamp":"2026-02-16T11:53:46.102254Z","level":"info","event":"CSV constructor_id range: 1 - 214","logger":"task.stdout"}
{"timestamp":"2026-02-16T11:53:46.102868Z","level":"info","event":"","logger":"task.stdout"}
{"timestamp":"2026-02-16T11:53:46.103552Z","level":"info","event":"[STEP 4] Merging API data with existing Silver...","logger":"task.stdout"}
{"timestamp":"2026-02-16T11:53:46.104039Z","level":"info","event":"","logger":"task.stdout"}
{"timestamp":"2026-02-16T11:53:46.104498Z","level":"info","event":"  Merge Configuration:","logger":"task.stdout"}
{"timestamp":"2026-02-16T11:53:46.105083Z","level":"info","event":"Existing constructors: 20","logger":"task.stdout"}
{"timestamp":"2026-02-16T11:53:46.105627Z","level":"info","event":"New API constructors: 10","logger":"task.stdout"}
{"timestamp":"2026-02-16T11:53:46.106183Z","level":"info","event":"Merge key: constructor_ref (PRIMARY natural key)","logger":"task.stdout"}
{"timestamp":"2026-02-16T11:53:46.106776Z","level":"info","event":"CSV priority: YES (skip API for CSV constructors)","logger":"task.stdout"}
{"timestamp":"2026-02-16T11:53:46.107617Z","level":"info","event":"","logger":"task.stdout"}
{"timestamp":"2026-02-16T11:53:46.108187Z","level":"info","event":"  Current max constructor_key: 20","logger":"task.stdout"}
{"timestamp":"2026-02-16T11:53:46.108769Z","level":"info","event":"","logger":"task.stdout"}
{"timestamp":"2026-02-16T11:53:46.109448Z","level":"info","event":"  Processing 10 API constructors:","logger":"task.stdout"}
{"timestamp":"2026-02-16T11:53:46.110016Z","level":"info","event":"","logger":"task.stdout"}
{"timestamp":"2026-02-16T11:53:46.110716Z","level":"info","event":"SKIP: alpine               (CSV priority)","logger":"task.stdout"}
{"timestamp":"2026-02-16T11:53:46.111443Z","level":"info","event":"SKIP: aston_martin         (CSV priority)","logger":"task.stdout"}
{"timestamp":"2026-02-16T11:53:46.113071Z","level":"info","event":"SKIP: ferrari              (CSV priority)","logger":"task.stdout"}
{"timestamp":"2026-02-16T11:53:46.115753Z","level":"info","event":"SKIP: haas                 (CSV priority)","logger":"task.stdout"}
{"timestamp":"2026-02-16T11:53:46.117244Z","level":"info","event":"SKIP: mclaren              (CSV priority)","logger":"task.stdout"}
{"timestamp":"2026-02-16T11:53:46.118866Z","level":"info","event":"SKIP: mercedes             (CSV priority)","logger":"task.stdout"}
{"timestamp":"2026-02-16T11:53:46.119630Z","level":"info","event":"ADD: rb                   (new constructor from API, constructor_id=10007)","logger":"task.stdout"}
{"timestamp":"2026-02-16T11:53:46.127389Z","level":"info","event":"SKIP: red_bull             (CSV priority)","logger":"task.stdout"}
{"timestamp":"2026-02-16T11:53:46.128594Z","level":"info","event":"SKIP: sauber               (CSV priority)","logger":"task.stdout"}
{"timestamp":"2026-02-16T11:53:46.130082Z","level":"info","event":"SKIP: williams             (CSV priority)","logger":"task.stdout"}
{"timestamp":"2026-02-16T11:53:46.130914Z","level":"info","event":"Merge complete: 21 total constructors","logger":"task.stdout"}
{"timestamp":"2026-02-16T11:53:46.131667Z","level":"info","event":"","logger":"task.stdout"}
{"timestamp":"2026-02-16T11:53:46.132265Z","level":"info","event":"[STEP 5] Writing to Silver layer...","logger":"task.stdout"}
{"timestamp":"2026-02-16T11:53:46.159040Z","level":"info","event":"Uploaded dimensions/dim_constructor/dim_constructor.parquet (21 rows)","logger":"task.stdout"}
{"timestamp":"2026-02-16T11:53:46.159712Z","level":"info","event":"Written to: s3://f1-silver/dimensions/dim_constructor/dim_constructor.parquet","logger":"task.stdout"}
{"timestamp":"2026-02-16T11:53:46.160372Z","level":"info","event":"","logger":"task.stdout"}
{"timestamp":"2026-02-16T11:53:46.160895Z","level":"info","event":"======================================================================","logger":"task.stdout"}
{"timestamp":"2026-02-16T11:53:46.161478Z","level":"info","event":"BACKFILL SUMMARY","logger":"task.stdout"}
{"timestamp":"2026-02-16T11:53:46.161968Z","level":"info","event":"======================================================================","logger":"task.stdout"}
{"timestamp":"2026-02-16T11:53:46.162363Z","level":"info","event":"  Existing constructors in Silver: 20","logger":"task.stdout"}
{"timestamp":"2026-02-16T11:53:46.162799Z","level":"info","event":"  API constructors scraped: 10","logger":"task.stdout"}
{"timestamp":"2026-02-16T11:53:46.163349Z","level":"info","event":"  Final constructor count: 21","logger":"task.stdout"}
{"timestamp":"2026-02-16T11:53:46.164001Z","level":"info","event":"  New constructors added: 1","logger":"task.stdout"}
{"timestamp":"2026-02-16T11:53:46.164601Z","level":"info","event":"","logger":"task.stdout"}
{"timestamp":"2026-02-16T11:53:46.165235Z","level":"info","event":"  Final source breakdown:","logger":"task.stdout"}
{"timestamp":"2026-02-16T11:53:46.165890Z","level":"info","event":"    f1_data.csv    : 20","logger":"task.stdout"}
{"timestamp":"2026-02-16T11:53:46.166561Z","level":"info","event":"    api            : 1","logger":"task.stdout"}
{"timestamp":"2026-02-16T11:53:46.167297Z","level":"info","event":"","logger":"task.stdout"}
{"timestamp":"2026-02-16T11:53:46.168421Z","level":"info","event":"  constructor_id ranges:","logger":"task.stdout"}
{"timestamp":"2026-02-16T11:53:46.170145Z","level":"info","event":"    f1_data.csv    : 1 - 214","logger":"task.stdout"}
{"timestamp":"2026-02-16T11:53:46.170843Z","level":"info","event":"    api            : 10007 - 10007","logger":"task.stdout"}
{"timestamp":"2026-02-16T11:53:46.171509Z","level":"info","event":"======================================================================","logger":"task.stdout"}
{"timestamp":"2026-02-16T11:53:46.206697Z","level":"info","event":"Done. Returned value was: {'existing_count': 20, 'api_scraped': 10, 'final_count': 21, 'new_constructors_added': 1}","logger":"airflow.task.operators.airflow.providers.standard.operators.python.PythonOperator","filename":"python.py","lineno":216}
{"timestamp":"2026-02-16T11:53:46.207711Z","level":"info","event":"Pushing xcom","ti":"RuntimeTaskInstance(id=UUID('019c664b-ed35-70bc-9a53-6e86c949c36c'), task_id='backfill_dim_constructor', dag_id='api_constructors_bronze_to_silver', run_id='manual__2026-02-16T11:41:10.272482+00:00', try_number=4, dag_version_id=UUID('019c6168-24da-7a89-8496-52c7af20fe5b'), map_index=-1, hostname='8ca1c3cee112', context_carrier={}, task=<Task(PythonOperator): backfill_dim_constructor>, bundle_instance=LocalDagBundle(name=dags-folder), max_tries=5, start_date=datetime.datetime(2026, 2, 16, 11, 52, 58, 470675, tzinfo=datetime.timezone.utc), end_date=None, state=<TaskInstanceState.RUNNING: 'running'>, is_mapped=False, rendered_map_index=None)","logger":"task","filename":"task_runner.py","lineno":1450}
