{"timestamp":"2026-02-26T20:08:01.630240Z","level":"info","event":"DAG bundles loaded: dags-folder","logger":"airflow.dag_processing.bundles.manager.DagBundlesManager","filename":"manager.py","lineno":179}
{"timestamp":"2026-02-26T20:08:01.644744Z","level":"info","event":"Filling up the DagBag from /opt/airflow/dags/all_silver_to_gold.py","logger":"airflow.models.dagbag.DagBag","filename":"dagbag.py","lineno":593}
{"timestamp":"2026-02-26T20:08:11.772020Z","level":"info","event":"TRANSFORM: fact_laps -> Gold PostgreSQL","logger":"task.stdout"}
{"timestamp":"2026-02-26T20:08:13.267222Z","level":"info","event":" Downloaded facts/fact_laps/year=2012/data.parquet (25184 rows)","logger":"task.stdout"}
{"timestamp":"2026-02-26T20:08:13.594789Z","level":"info","event":" Downloaded facts/fact_laps/year=2013/data.parquet (22707 rows)","logger":"task.stdout"}
{"timestamp":"2026-02-26T20:08:13.914251Z","level":"info","event":" Downloaded facts/fact_laps/year=2014/data.parquet (20874 rows)","logger":"task.stdout"}
{"timestamp":"2026-02-26T20:08:14.028084Z","level":"info","event":" Downloaded facts/fact_laps/year=2015/data.parquet (19785 rows)","logger":"task.stdout"}
{"timestamp":"2026-02-26T20:08:14.190279Z","level":"info","event":" Downloaded facts/fact_laps/year=2016/data.parquet (24366 rows)","logger":"task.stdout"}
{"timestamp":"2026-02-26T20:08:14.389883Z","level":"info","event":" Downloaded facts/fact_laps/year=2017/data.parquet (20016 rows)","logger":"task.stdout"}
{"timestamp":"2026-02-26T20:08:14.744889Z","level":"info","event":" Downloaded facts/fact_laps/year=2018/data.parquet (21935 rows)","logger":"task.stdout"}
{"timestamp":"2026-02-26T20:08:15.000015Z","level":"info","event":" Downloaded facts/fact_laps/year=2019/data.parquet (23429 rows)","logger":"task.stdout"}
{"timestamp":"2026-02-26T20:08:15.196105Z","level":"info","event":" Downloaded facts/fact_laps/year=2020/data.parquet (18207 rows)","logger":"task.stdout"}
{"timestamp":"2026-02-26T20:08:15.456770Z","level":"info","event":" Downloaded facts/fact_laps/year=2021/data.parquet (23505 rows)","logger":"task.stdout"}
{"timestamp":"2026-02-26T20:08:15.668762Z","level":"info","event":" Downloaded facts/fact_laps/year=2022/data.parquet (23284 rows)","logger":"task.stdout"}
{"timestamp":"2026-02-26T20:08:15.786425Z","level":"info","event":" Downloaded facts/fact_laps/year=2023/data.parquet (13544 rows)","logger":"task.stdout"}
{"timestamp":"2026-02-26T20:08:15.851982Z","level":"info","event":" Downloaded facts/fact_laps/year=2024/data.parquet (720 rows)","logger":"task.stdout"}
{"timestamp":"2026-02-26T20:08:15.873159Z","level":"info","event":" Downloaded facts/fact_laps/year=2025/data.parquet (720 rows)","logger":"task.stdout"}
{"timestamp":"2026-02-26T20:08:15.935342Z","level":"info","event":"Error reading facts/fact_laps/year=2026/data.parquet: S3 operation failed; code: NoSuchKey, message: The specified key does not exist., resource: /f1-silver/facts/fact_laps/year=2026/data.parquet, request_id: 1897E4C0FA21A0EA, host_id: dd9025bab4ad464b049177c95eb6ebf374d3b3fd1af9251148b658df7ac2e3e8, bucket_name: f1-silver, object_name: facts/fact_laps/year=2026/data.parquet","logger":"task.stdout"}
{"timestamp":"2026-02-26T20:08:15.944061Z","level":"info","event":"Error reading facts/fact_laps/year=2027/data.parquet: S3 operation failed; code: NoSuchKey, message: The specified key does not exist., resource: /f1-silver/facts/fact_laps/year=2027/data.parquet, request_id: 1897E4C0FDA789C5, host_id: dd9025bab4ad464b049177c95eb6ebf374d3b3fd1af9251148b658df7ac2e3e8, bucket_name: f1-silver, object_name: facts/fact_laps/year=2027/data.parquet","logger":"task.stdout"}
{"timestamp":"2026-02-26T20:08:15.979731Z","level":"info","event":"Error reading facts/fact_laps/year=2028/data.parquet: S3 operation failed; code: NoSuchKey, message: The specified key does not exist., resource: /f1-silver/facts/fact_laps/year=2028/data.parquet, request_id: 1897E4C0FDF3636C, host_id: dd9025bab4ad464b049177c95eb6ebf374d3b3fd1af9251148b658df7ac2e3e8, bucket_name: f1-silver, object_name: facts/fact_laps/year=2028/data.parquet","logger":"task.stdout"}
{"timestamp":"2026-02-26T20:08:16.003016Z","level":"info","event":"Error reading facts/fact_laps/year=2029/data.parquet: S3 operation failed; code: NoSuchKey, message: The specified key does not exist., resource: /f1-silver/facts/fact_laps/year=2029/data.parquet, request_id: 1897E4C10048DC5B, host_id: dd9025bab4ad464b049177c95eb6ebf374d3b3fd1af9251148b658df7ac2e3e8, bucket_name: f1-silver, object_name: facts/fact_laps/year=2029/data.parquet","logger":"task.stdout"}
{"timestamp":"2026-02-26T20:08:16.012049Z","level":"info","event":"Error reading facts/fact_laps/year=2030/data.parquet: S3 operation failed; code: NoSuchKey, message: The specified key does not exist., resource: /f1-silver/facts/fact_laps/year=2030/data.parquet, request_id: 1897E4C101B5F1C5, host_id: dd9025bab4ad464b049177c95eb6ebf374d3b3fd1af9251148b658df7ac2e3e8, bucket_name: f1-silver, object_name: facts/fact_laps/year=2030/data.parquet","logger":"task.stdout"}
{"timestamp":"2026-02-26T20:08:16.991485Z","level":"info","event":"Transformed 258276 laps","logger":"task.stdout"}
{"timestamp":"2026-02-26T20:08:17.415982Z","level":"info","event":"Transformed 258276 race results","logger":"task.stdout"}
{"timestamp":"2026-02-26T20:14:33.348947Z","level":"info","event":"Loaded 258276 laps to PostgreSQL","logger":"task.stdout"}
{"timestamp":"2026-02-26T20:14:33.465633Z","level":"info","event":"Done. Returned value was: 258276","logger":"airflow.task.operators.airflow.providers.standard.operators.python.PythonOperator","filename":"python.py","lineno":216}
{"timestamp":"2026-02-26T20:14:33.466560Z","level":"info","event":"Pushing xcom","ti":"RuntimeTaskInstance(id=UUID('019c9b90-08b3-76ac-a8d1-ba4db8b416f9'), task_id='transform_gold_fact_laps', dag_id='all_silver_to_gold', run_id='manual__2026-02-26T20:07:10.299360+00:00', try_number=1, dag_version_id=UUID('019c5e3b-08cd-7604-b6d5-f3d0b6ae51cc'), map_index=-1, hostname='fe5351013118', context_carrier={}, task=<Task(PythonOperator): transform_gold_fact_laps>, bundle_instance=LocalDagBundle(name=dags-folder), max_tries=1, start_date=datetime.datetime(2026, 2, 26, 20, 8, 1, 37831, tzinfo=datetime.timezone.utc), end_date=None, state=<TaskInstanceState.RUNNING: 'running'>, is_mapped=False, rendered_map_index=None)","logger":"task","filename":"task_runner.py","lineno":1450}
