{"timestamp":"2026-02-15T15:15:57.832006Z","level":"info","event":"DAG bundles loaded: dags-folder","logger":"airflow.dag_processing.bundles.manager.DagBundlesManager","filename":"manager.py","lineno":179}
{"timestamp":"2026-02-15T15:15:57.833328Z","level":"info","event":"Filling up the DagBag from /opt/airflow/dags/weekly_streaming_pipeline.py","logger":"airflow.models.dagbag.DagBag","filename":"dagbag.py","lineno":593}
{"timestamp":"2026-02-15T15:15:58.817523Z","level":"warning","event":"The `airflow.operators.trigger_dagrun.TriggerDagRunOperator` attribute is deprecated. Please use `'airflow.providers.standard.operators.trigger_dagrun.TriggerDagRunOperator'`.","category":"DeprecatedImportWarning","filename":"/opt/airflow/dags/weekly_streaming_pipeline.py","lineno":18,"logger":"py.warnings"}
{"timestamp":"2026-02-15T15:15:58.843882Z","level":"info","event":"","logger":"task.stdout"}
{"timestamp":"2026-02-15T15:15:58.844354Z","level":"info","event":"[PRODUCER] Starting fact_pitstops production...","logger":"task.stdout"}
{"timestamp":"2026-02-15T15:15:58.845722Z","level":"info","event":"<BrokerConnection client_id=f1-streaming-pipeline, node_id=bootstrap-0 host=kafka:29092 <connecting> [IPv4 ('172.18.0.4', 29092)]>: connecting to kafka:29092 [('172.18.0.4', 29092) IPv4]","logger":"kafka.conn","filename":"conn.py","lineno":395}
{"timestamp":"2026-02-15T15:15:58.849021Z","level":"info","event":"<BrokerConnection client_id=f1-streaming-pipeline, node_id=bootstrap-0 host=kafka:29092 <checking_api_versions_recv> [IPv4 ('172.18.0.4', 29092)]>: Broker version identified as 2.6","logger":"kafka.conn","filename":"conn.py","lineno":615}
{"timestamp":"2026-02-15T15:15:58.850170Z","level":"info","event":"<BrokerConnection client_id=f1-streaming-pipeline, node_id=bootstrap-0 host=kafka:29092 <connected> [IPv4 ('172.18.0.4', 29092)]>: Connection complete.","logger":"kafka.conn","filename":"conn.py","lineno":456}
{"timestamp":"2026-02-15T15:15:58.852329Z","level":"info","event":"","logger":"task.stdout"}
{"timestamp":"2026-02-15T15:15:58.852996Z","level":"info","event":"======================================================================","logger":"task.stdout"}
{"timestamp":"2026-02-15T15:15:58.853604Z","level":"info","event":"PRODUCING PITSTOPS FOR 2026 → Kafka Topic: fact-pitstops","logger":"task.stdout"}
{"timestamp":"2026-02-15T15:15:58.854065Z","level":"info","event":"======================================================================","logger":"task.stdout"}
{"timestamp":"2026-02-15T15:15:58.854523Z","level":"info","event":"","logger":"task.stdout"}
{"timestamp":"2026-02-15T15:15:58.854977Z","level":"info","event":"","logger":"task.stdout"}
{"timestamp":"2026-02-15T15:15:58.855398Z","level":"info","event":"======================================================================","logger":"task.stdout"}
{"timestamp":"2026-02-15T15:15:58.855773Z","level":"info","event":"SCRAPING PIT STOPS FROM ERGAST API: 2026-2026","logger":"task.stdout"}
{"timestamp":"2026-02-15T15:15:58.856129Z","level":"info","event":"======================================================================","logger":"task.stdout"}
{"timestamp":"2026-02-15T15:15:58.856486Z","level":"info","event":"","logger":"task.stdout"}
{"timestamp":"2026-02-15T15:15:58.856838Z","level":"info","event":"","logger":"task.stdout"}
{"timestamp":"2026-02-15T15:15:58.857208Z","level":"info","event":"======================================================================","logger":"task.stdout"}
{"timestamp":"2026-02-15T15:15:58.857620Z","level":"info","event":"SCRAPING PIT STOPS FOR 2026","logger":"task.stdout"}
{"timestamp":"2026-02-15T15:15:58.858105Z","level":"info","event":"======================================================================","logger":"task.stdout"}
{"timestamp":"2026-02-15T15:15:58.858557Z","level":"info","event":"","logger":"task.stdout"}
{"timestamp":"2026-02-15T15:15:58.858981Z","level":"info","event":"Fetching pit stops for 2026 Round 1...","logger":"task.stdout"}
{"timestamp":"2026-02-15T15:16:04.272374Z","level":"info","event":"  No data for 2026 Round 1","logger":"task.stdout"}
{"timestamp":"2026-02-15T15:16:04.273009Z","level":"info","event":"Fetching pit stops for 2026 Round 2...","logger":"task.stdout"}
{"timestamp":"2026-02-15T15:16:08.944227Z","level":"info","event":"  No data for 2026 Round 2","logger":"task.stdout"}
{"timestamp":"2026-02-15T15:16:08.944807Z","level":"info","event":"Fetching pit stops for 2026 Round 3...","logger":"task.stdout"}
{"timestamp":"2026-02-15T15:16:13.816321Z","level":"info","event":"  No data for 2026 Round 3","logger":"task.stdout"}
{"timestamp":"2026-02-15T15:16:13.829602Z","level":"info","event":"  Stopping: 3 consecutive empty rounds detected","logger":"task.stdout"}
{"timestamp":"2026-02-15T15:16:13.831176Z","level":"info","event":"","logger":"task.stdout"}
{"timestamp":"2026-02-15T15:16:13.832230Z","level":"info","event":"Total pit stops for 2026: 0","logger":"task.stdout"}
{"timestamp":"2026-02-15T15:16:13.834738Z","level":"info","event":"","logger":"task.stdout"}
{"timestamp":"2026-02-15T15:16:13.836999Z","level":"info","event":"======================================================================","logger":"task.stdout"}
{"timestamp":"2026-02-15T15:16:13.838286Z","level":"info","event":"SCRAPING COMPLETE","logger":"task.stdout"}
{"timestamp":"2026-02-15T15:16:13.838875Z","level":"info","event":"Total pit stops: 0","logger":"task.stdout"}
{"timestamp":"2026-02-15T15:16:13.839449Z","level":"info","event":"Years covered: 2026-2026","logger":"task.stdout"}
{"timestamp":"2026-02-15T15:16:13.840053Z","level":"info","event":"======================================================================","logger":"task.stdout"}
{"timestamp":"2026-02-15T15:16:13.841075Z","level":"info","event":"","logger":"task.stdout"}
{"timestamp":"2026-02-15T15:16:13.845047Z","level":"info","event":"Transforming API data to Silver schema...","logger":"task.stdout"}
{"timestamp":"2026-02-15T15:16:13.829337Z","level":"error","event":"Task failed with exception","logger":"task","filename":"task_runner.py","lineno":1078,"error_detail":[{"exc_type":"KeyError","exc_value":"'stop'","exc_notes":[],"syntax_error":null,"is_cause":false,"frames":[{"filename":"/home/airflow/.local/lib/python3.12/site-packages/airflow/sdk/execution_time/task_runner.py","lineno":1004,"name":"run"},{"filename":"/home/airflow/.local/lib/python3.12/site-packages/airflow/sdk/execution_time/task_runner.py","lineno":1405,"name":"_execute_task"},{"filename":"/home/airflow/.local/lib/python3.12/site-packages/airflow/sdk/bases/operator.py","lineno":417,"name":"wrapper"},{"filename":"/home/airflow/.local/lib/python3.12/site-packages/airflow/providers/standard/operators/python.py","lineno":214,"name":"execute"},{"filename":"/home/airflow/.local/lib/python3.12/site-packages/airflow/providers/standard/operators/python.py","lineno":237,"name":"execute_callable"},{"filename":"/home/airflow/.local/lib/python3.12/site-packages/airflow/sdk/execution_time/callback_runner.py","lineno":82,"name":"run"},{"filename":"/opt/airflow/dags/weekly_streaming_pipeline.py","lineno":126,"name":"produce_pitstops"},{"filename":"/opt/airflow/dags/streaming/kafka_producers.py","lineno":421,"name":"produce_current_year"},{"filename":"/opt/airflow/dags/utils/scraper/pitstop.py","lineno":223,"name":"transform_to_silver_schema"},{"filename":"/home/airflow/.local/lib/python3.12/site-packages/pandas/core/frame.py","lineno":3893,"name":"__getitem__"},{"filename":"/home/airflow/.local/lib/python3.12/site-packages/pandas/core/indexes/range.py","lineno":418,"name":"get_loc"}],"is_group":false,"exceptions":[]}]}
