{"timestamp":"2026-02-18T09:26:47.415610Z","level":"info","event":"DAG bundles loaded: dags-folder","logger":"airflow.dag_processing.bundles.manager.DagBundlesManager","filename":"manager.py","lineno":179}
{"timestamp":"2026-02-18T09:26:47.420327Z","level":"info","event":"Filling up the DagBag from /opt/airflow/dags/all_silver_to_gold.py","logger":"airflow.models.dagbag.DagBag","filename":"dagbag.py","lineno":593}
{"timestamp":"2026-02-18T09:26:49.173894Z","level":"info","event":"TRANSFORM: fact_pitstops -> Gold PostgreSQL","logger":"task.stdout"}
{"timestamp":"2026-02-18T09:26:49.235227Z","level":"info","event":" Downloaded facts/fact_pitstops/year=2012/data.parquet (946 rows)","logger":"task.stdout"}
{"timestamp":"2026-02-18T09:26:49.253502Z","level":"info","event":" Downloaded facts/fact_pitstops/year=2013/data.parquet (951 rows)","logger":"task.stdout"}
{"timestamp":"2026-02-18T09:26:49.275946Z","level":"info","event":" Downloaded facts/fact_pitstops/year=2014/data.parquet (816 rows)","logger":"task.stdout"}
{"timestamp":"2026-02-18T09:26:49.283031Z","level":"info","event":" Downloaded facts/fact_pitstops/year=2015/data.parquet (741 rows)","logger":"task.stdout"}
{"timestamp":"2026-02-18T09:26:49.292938Z","level":"info","event":" Downloaded facts/fact_pitstops/year=2016/data.parquet (989 rows)","logger":"task.stdout"}
{"timestamp":"2026-02-18T09:26:49.303962Z","level":"info","event":" Downloaded facts/fact_pitstops/year=2017/data.parquet (694 rows)","logger":"task.stdout"}
{"timestamp":"2026-02-18T09:26:49.310174Z","level":"info","event":" Downloaded facts/fact_pitstops/year=2018/data.parquet (536 rows)","logger":"task.stdout"}
{"timestamp":"2026-02-18T09:26:49.326812Z","level":"info","event":" Downloaded facts/fact_pitstops/year=2019/data.parquet (650 rows)","logger":"task.stdout"}
{"timestamp":"2026-02-18T09:26:49.347088Z","level":"info","event":" Downloaded facts/fact_pitstops/year=2020/data.parquet (594 rows)","logger":"task.stdout"}
{"timestamp":"2026-02-18T09:26:49.350956Z","level":"info","event":" Downloaded facts/fact_pitstops/year=2021/data.parquet (798 rows)","logger":"task.stdout"}
{"timestamp":"2026-02-18T09:26:49.373270Z","level":"info","event":" Downloaded facts/fact_pitstops/year=2022/data.parquet (805 rows)","logger":"task.stdout"}
{"timestamp":"2026-02-18T09:26:49.398619Z","level":"info","event":" Downloaded facts/fact_pitstops/year=2023/data.parquet (455 rows)","logger":"task.stdout"}
{"timestamp":"2026-02-18T09:26:49.421012Z","level":"info","event":" Downloaded facts/fact_pitstops/year=2024/data.parquet (825 rows)","logger":"task.stdout"}
{"timestamp":"2026-02-18T09:26:49.435620Z","level":"info","event":" Downloaded facts/fact_pitstops/year=2025/data.parquet (821 rows)","logger":"task.stdout"}
{"timestamp":"2026-02-18T09:26:49.436505Z","level":"info","event":"Error reading facts/fact_pitstops/year=2026/data.parquet: S3 operation failed; code: NoSuchKey, message: The specified key does not exist., resource: /f1-silver/facts/fact_pitstops/year=2026/data.parquet, request_id: 18954D1B9D127659, host_id: dd9025bab4ad464b049177c95eb6ebf374d3b3fd1af9251148b658df7ac2e3e8, bucket_name: f1-silver, object_name: facts/fact_pitstops/year=2026/data.parquet","logger":"task.stdout"}
{"timestamp":"2026-02-18T09:26:49.442151Z","level":"info","event":"Error reading facts/fact_pitstops/year=2027/data.parquet: S3 operation failed; code: NoSuchKey, message: The specified key does not exist., resource: /f1-silver/facts/fact_pitstops/year=2027/data.parquet, request_id: 18954D1B9D6B17B1, host_id: dd9025bab4ad464b049177c95eb6ebf374d3b3fd1af9251148b658df7ac2e3e8, bucket_name: f1-silver, object_name: facts/fact_pitstops/year=2027/data.parquet","logger":"task.stdout"}
{"timestamp":"2026-02-18T09:26:49.444241Z","level":"info","event":"Error reading facts/fact_pitstops/year=2028/data.parquet: S3 operation failed; code: NoSuchKey, message: The specified key does not exist., resource: /f1-silver/facts/fact_pitstops/year=2028/data.parquet, request_id: 18954D1B9D94A57C, host_id: dd9025bab4ad464b049177c95eb6ebf374d3b3fd1af9251148b658df7ac2e3e8, bucket_name: f1-silver, object_name: facts/fact_pitstops/year=2028/data.parquet","logger":"task.stdout"}
{"timestamp":"2026-02-18T09:26:49.450276Z","level":"info","event":"Error reading facts/fact_pitstops/year=2029/data.parquet: S3 operation failed; code: NoSuchKey, message: The specified key does not exist., resource: /f1-silver/facts/fact_pitstops/year=2029/data.parquet, request_id: 18954D1B9DD16FCF, host_id: dd9025bab4ad464b049177c95eb6ebf374d3b3fd1af9251148b658df7ac2e3e8, bucket_name: f1-silver, object_name: facts/fact_pitstops/year=2029/data.parquet","logger":"task.stdout"}
{"timestamp":"2026-02-18T09:26:49.453700Z","level":"info","event":"Error reading facts/fact_pitstops/year=2030/data.parquet: S3 operation failed; code: NoSuchKey, message: The specified key does not exist., resource: /f1-silver/facts/fact_pitstops/year=2030/data.parquet, request_id: 18954D1B9E11237F, host_id: dd9025bab4ad464b049177c95eb6ebf374d3b3fd1af9251148b658df7ac2e3e8, bucket_name: f1-silver, object_name: facts/fact_pitstops/year=2030/data.parquet","logger":"task.stdout"}
{"timestamp":"2026-02-18T09:26:49.490981Z","level":"info","event":"Transformed 10621 pitstops","logger":"task.stdout"}
{"timestamp":"2026-02-18T09:26:49.502883Z","level":"info","event":"Transformed 10621 race results","logger":"task.stdout"}
{"timestamp":"2026-02-18T09:26:53.844671Z","level":"info","event":"Loaded 10621 pitstops to PostgreSQL","logger":"task.stdout"}
{"timestamp":"2026-02-18T09:26:53.845866Z","level":"info","event":"Done. Returned value was: 10621","logger":"airflow.task.operators.airflow.providers.standard.operators.python.PythonOperator","filename":"python.py","lineno":216}
{"timestamp":"2026-02-18T09:26:53.846111Z","level":"info","event":"Pushing xcom","ti":"RuntimeTaskInstance(id=UUID('019c7012-bcd9-7f37-b923-cb9246c7255b'), task_id='transform_gold_fact_pitstops', dag_id='all_silver_to_gold', run_id='manual__2026-02-18T09:26:41.985297+00:00', try_number=1, dag_version_id=UUID('019c6ff5-c1db-71c8-9961-2ef21089ac83'), map_index=-1, hostname='e4702b2ecf8f', context_carrier={}, task=<Task(PythonOperator): transform_gold_fact_pitstops>, bundle_instance=LocalDagBundle(name=dags-folder), max_tries=1, start_date=datetime.datetime(2026, 2, 18, 9, 26, 47, 241985, tzinfo=datetime.timezone.utc), end_date=None, state=<TaskInstanceState.RUNNING: 'running'>, is_mapped=False, rendered_map_index=None)","logger":"task","filename":"task_runner.py","lineno":1450}
