{"timestamp":"2026-02-14T22:20:54.580424Z","level":"info","event":"DAG bundles loaded: dags-folder","logger":"airflow.dag_processing.bundles.manager.DagBundlesManager","filename":"manager.py","lineno":179}
{"timestamp":"2026-02-14T22:20:54.589558Z","level":"info","event":"Filling up the DagBag from /opt/airflow/dags/csv_bronze_to_silver.py","logger":"airflow.models.dagbag.DagBag","filename":"dagbag.py","lineno":593}
{"timestamp":"2026-02-14T22:21:04.524300Z","level":"info","event":"============================================================","logger":"task.stdout"}
{"timestamp":"2026-02-14T22:21:04.527515Z","level":"info","event":"EXTRACT: Reading Bronze CSV and uploading to MinIO","logger":"task.stdout"}
{"timestamp":"2026-02-14T22:21:04.530271Z","level":"info","event":"============================================================","logger":"task.stdout"}
{"timestamp":"2026-02-14T22:21:04.532678Z","level":"info","event":"STEP 1: Reading CSV with low_memory=False...","logger":"task.stdout"}
{"timestamp":"2026-02-14T22:22:06.345063Z","level":"info","event":"STEP 2: Loaded 518,417 rows from CSV","logger":"task.stdout"}
{"timestamp":"2026-02-14T22:22:06.349080Z","level":"info","event":"STEP 3: Cleaning data types...","logger":"task.stdout"}
{"timestamp":"2026-02-14T22:22:08.350494Z","level":"info","event":"  Fixed 'alt' column: float64","logger":"task.stdout"}
{"timestamp":"2026-02-14T22:22:15.001201Z","level":"info","event":"  Converted position to numeric","logger":"task.stdout"}
{"timestamp":"2026-02-14T22:22:16.833902Z","level":"info","event":"  Converted positionText to numeric","logger":"task.stdout"}
{"timestamp":"2026-02-14T22:22:24.593603Z","level":"info","event":"  Converted milliseconds to numeric","logger":"task.stdout"}
{"timestamp":"2026-02-14T22:22:25.950702Z","level":"info","event":"  Converted fastestLap to numeric","logger":"task.stdout"}
{"timestamp":"2026-02-14T22:22:28.727012Z","level":"info","event":"  Converted fastestLapSpeed to numeric","logger":"task.stdout"}
{"timestamp":"2026-02-14T22:23:24.564317Z","level":"info","event":"  Converted number_drivers to numeric","logger":"task.stdout"}
{"timestamp":"2026-02-14T22:24:02.935020Z","level":"info","event":"  Converted duration to numeric","logger":"task.stdout"}
{"timestamp":"2026-02-14T22:24:04.945733Z","level":"info","event":"STEP 4: Initializing MinIO and creating buckets if needed...","logger":"task.stdout"}
{"timestamp":"2026-02-14T22:24:05.045561Z","level":"info","event":"  Created bucket: f1-bronze","logger":"task.stdout"}
{"timestamp":"2026-02-14T22:24:05.083468Z","level":"info","event":"  Created bucket: f1-silver","logger":"task.stdout"}
{"timestamp":"2026-02-14T22:24:05.084653Z","level":"info","event":"STEP 5: Uploading to MinIO...","logger":"task.stdout"}
{"timestamp":"2026-02-14T22:24:11.808716Z","level":"info","event":"Uploaded raw_data/f1_data.parquet (518417 rows)","logger":"task.stdout"}
{"timestamp":"2026-02-14T22:24:11.881707Z","level":"info","event":"STEP 6: Upload complete!","logger":"task.stdout"}
{"timestamp":"2026-02-14T22:24:12.240053Z","level":"info","event":"Done. Returned value was: 518417","logger":"airflow.task.operators.airflow.providers.standard.operators.python.PythonOperator","filename":"python.py","lineno":216}
{"timestamp":"2026-02-14T22:24:12.241077Z","level":"info","event":"Pushing xcom","ti":"RuntimeTaskInstance(id=UUID('019c5e3d-3096-7187-b99a-192736a6902c'), task_id='extract_bronze', dag_id='csv_bronze_to_silver', run_id='manual__2026-02-14T22:19:50+00:00', try_number=1, dag_version_id=UUID('019c5e3a-b3ff-7da6-aa0a-f0e5d22fad78'), map_index=-1, hostname='887f8f7c54e8', context_carrier={}, task=<Task(PythonOperator): extract_bronze>, bundle_instance=LocalDagBundle(name=dags-folder), max_tries=1, start_date=datetime.datetime(2026, 2, 14, 22, 20, 35, 672432, tzinfo=datetime.timezone.utc), end_date=None, state=<TaskInstanceState.RUNNING: 'running'>, is_mapped=False, rendered_map_index=None)","logger":"task","filename":"task_runner.py","lineno":1450}
