{"timestamp":"2026-02-26T21:46:47.290211Z","level":"info","event":"DAG bundles loaded: dags-folder","logger":"airflow.dag_processing.bundles.manager.DagBundlesManager","filename":"manager.py","lineno":179}
{"timestamp":"2026-02-26T21:46:47.302603Z","level":"info","event":"Filling up the DagBag from /opt/airflow/dags/weekly_f1_pipeline.py","logger":"airflow.models.dagbag.DagBag","filename":"dagbag.py","lineno":593}
{"timestamp":"2026-02-26T21:46:50.636972Z","level":"warning","event":"The `airflow.utils.task_group.TaskGroup` attribute is deprecated. Please use `'airflow.sdk.TaskGroup'`.","category":"DeprecatedImportWarning","filename":"/opt/airflow/dags/weekly_f1_pipeline.py","lineno":36,"logger":"py.warnings"}
{"timestamp":"2026-02-26T21:46:50.638248Z","level":"warning","event":"The `airflow.operators.trigger_dagrun.TriggerDagRunOperator` attribute is deprecated. Please use `'airflow.providers.standard.operators.trigger_dagrun.TriggerDagRunOperator'`.","category":"DeprecatedImportWarning","filename":"/opt/airflow/dags/kafka_producer_pipeline.py","lineno":35,"logger":"py.warnings"}
{"timestamp":"2026-02-26T21:46:50.751400Z","level":"info","event":"======================================================================","logger":"task.stdout"}
{"timestamp":"2026-02-26T21:46:50.752598Z","level":"info","event":"PRODUCER: dim_race  (2026+)","logger":"task.stdout"}
{"timestamp":"2026-02-26T21:46:50.753621Z","level":"info","event":"======================================================================","logger":"task.stdout"}
{"timestamp":"2026-02-26T21:46:50.754760Z","level":"info","event":"","logger":"task.stdout"}
{"timestamp":"2026-02-26T21:46:50.755556Z","level":"info","event":"======================================================================","logger":"task.stdout"}
{"timestamp":"2026-02-26T21:46:50.756327Z","level":"info","event":"SCRAPING RACES FROM ERGAST API: 2026-2026","logger":"task.stdout"}
{"timestamp":"2026-02-26T21:46:50.757102Z","level":"info","event":"======================================================================","logger":"task.stdout"}
{"timestamp":"2026-02-26T21:46:50.757935Z","level":"info","event":"","logger":"task.stdout"}
{"timestamp":"2026-02-26T21:46:50.758741Z","level":"info","event":"Fetching races for 2026...","logger":"task.stdout"}
{"timestamp":"2026-02-26T21:47:12.410506Z","level":"info","event":"24 races found","logger":"task.stdout"}
{"timestamp":"2026-02-26T21:47:12.428025Z","level":"info","event":"","logger":"task.stdout"}
{"timestamp":"2026-02-26T21:47:12.431054Z","level":"info","event":"======================================================================","logger":"task.stdout"}
{"timestamp":"2026-02-26T21:47:12.436973Z","level":"info","event":"SCRAPING COMPLETE","logger":"task.stdout"}
{"timestamp":"2026-02-26T21:47:12.443268Z","level":"info","event":"Total records: 24","logger":"task.stdout"}
{"timestamp":"2026-02-26T21:47:12.444697Z","level":"info","event":"Years covered: 2026-2026","logger":"task.stdout"}
{"timestamp":"2026-02-26T21:47:12.446027Z","level":"info","event":"======================================================================","logger":"task.stdout"}
{"timestamp":"2026-02-26T21:47:12.456329Z","level":"info","event":"","logger":"task.stdout"}
{"timestamp":"2026-02-26T21:47:12.458960Z","level":"info","event":"Transforming API data to Silver schema...","logger":"task.stdout"}
{"timestamp":"2026-02-26T21:47:12.556588Z","level":"info","event":"Sorted by season + round for stable race_id generation","logger":"task.stdout"}
{"timestamp":"2026-02-26T21:47:12.568402Z","level":"info","event":"  Generated race_id: 10001 - 10024","logger":"task.stdout"}
{"timestamp":"2026-02-26T21:47:12.688641Z","level":"warning","event":"Could not infer format, so each element will be parsed individually, falling back to `dateutil`. To ensure parsing is consistent and as-expected, please specify a format.","category":"UserWarning","filename":"/opt/airflow/dags/scraper/race.py","lineno":172,"logger":"py.warnings"}
{"timestamp":"2026-02-26T21:47:12.761066Z","level":"warning","event":"Could not infer format, so each element will be parsed individually, falling back to `dateutil`. To ensure parsing is consistent and as-expected, please specify a format.","category":"UserWarning","filename":"/opt/airflow/dags/scraper/race.py","lineno":172,"logger":"py.warnings"}
{"timestamp":"2026-02-26T21:47:12.773686Z","level":"warning","event":"Could not infer format, so each element will be parsed individually, falling back to `dateutil`. To ensure parsing is consistent and as-expected, please specify a format.","category":"UserWarning","filename":"/opt/airflow/dags/scraper/race.py","lineno":172,"logger":"py.warnings"}
{"timestamp":"2026-02-26T21:47:12.784034Z","level":"warning","event":"Could not infer format, so each element will be parsed individually, falling back to `dateutil`. To ensure parsing is consistent and as-expected, please specify a format.","category":"UserWarning","filename":"/opt/airflow/dags/scraper/race.py","lineno":172,"logger":"py.warnings"}
{"timestamp":"2026-02-26T21:47:12.792195Z","level":"warning","event":"Could not infer format, so each element will be parsed individually, falling back to `dateutil`. To ensure parsing is consistent and as-expected, please specify a format.","category":"UserWarning","filename":"/opt/airflow/dags/scraper/race.py","lineno":172,"logger":"py.warnings"}
{"timestamp":"2026-02-26T21:47:12.799845Z","level":"warning","event":"Could not infer format, so each element will be parsed individually, falling back to `dateutil`. To ensure parsing is consistent and as-expected, please specify a format.","category":"UserWarning","filename":"/opt/airflow/dags/scraper/race.py","lineno":172,"logger":"py.warnings"}
{"timestamp":"2026-02-26T21:47:12.826071Z","level":"info","event":"Transformed 24 races to Silver schema","logger":"task.stdout"}
{"timestamp":"2026-02-26T21:47:12.827089Z","level":"info","event":"Source: api","logger":"task.stdout"}
{"timestamp":"2026-02-26T21:47:12.831239Z","level":"info","event":"race_id range: 10001 - 10024","logger":"task.stdout"}
{"timestamp":"2026-02-26T21:47:12.950028Z","level":"info","event":" Downloaded dimensions/dim_race/dim_race.parquet (280 rows)","logger":"task.stdout"}
{"timestamp":"2026-02-26T21:47:12.976362Z","level":"info","event":" Downloaded dimensions/dim_circuit/dim_circuit.parquet (78 rows)","logger":"task.stdout"}
{"timestamp":"2026-02-26T21:47:13.293160Z","level":"info","event":"Uploaded dimensions/dim_race/dim_race.parquet (304 rows)","logger":"task.stdout"}
{"timestamp":"2026-02-26T21:47:13.297331Z","level":"info","event":"  Silver updated: 304 total races","logger":"task.stdout"}
{"timestamp":"2026-02-26T21:47:13.317125Z","level":"info","event":"<BrokerConnection client_id=kafka-python-producer-1, node_id=bootstrap-0 host=kafka:29092 <connecting> [IPv4 ('172.18.0.3', 29092)]>: connecting to kafka:29092 [('172.18.0.3', 29092) IPv4]","logger":"kafka.conn","filename":"conn.py","lineno":395}
{"timestamp":"2026-02-26T21:47:13.350036Z","level":"info","event":"<BrokerConnection client_id=kafka-python-producer-1, node_id=bootstrap-0 host=kafka:29092 <checking_api_versions_recv> [IPv4 ('172.18.0.3', 29092)]>: Broker version identified as 2.6","logger":"kafka.conn","filename":"conn.py","lineno":615}
{"timestamp":"2026-02-26T21:47:13.376607Z","level":"info","event":"<BrokerConnection client_id=kafka-python-producer-1, node_id=bootstrap-0 host=kafka:29092 <connected> [IPv4 ('172.18.0.3', 29092)]>: Connection complete.","logger":"kafka.conn","filename":"conn.py","lineno":456}
{"timestamp":"2026-02-26T21:47:13.520648Z","level":"info","event":"<BrokerConnection client_id=kafka-python-producer-1, node_id=1 host=kafka:29092 <connecting> [IPv4 ('172.18.0.3', 29092)]>: connecting to kafka:29092 [('172.18.0.3', 29092) IPv4]","logger":"kafka.conn","filename":"conn.py","lineno":395}
{"timestamp":"2026-02-26T21:47:13.524635Z","level":"info","event":"<BrokerConnection client_id=kafka-python-producer-1, node_id=1 host=kafka:29092 <connected> [IPv4 ('172.18.0.3', 29092)]>: Connection complete.","logger":"kafka.conn","filename":"conn.py","lineno":456}
{"timestamp":"2026-02-26T21:47:13.526430Z","level":"info","event":"<BrokerConnection client_id=kafka-python-producer-1, node_id=bootstrap-0 host=kafka:29092 <connected> [IPv4 ('172.18.0.3', 29092)]>: Closing connection. ","logger":"kafka.conn","filename":"conn.py","lineno":936}
{"timestamp":"2026-02-26T21:47:13.744287Z","level":"info","event":"  Published 24 new races to topic 'f1.dim.races'","logger":"task.stdout"}
{"timestamp":"2026-02-26T21:47:13.745447Z","level":"info","event":"<BrokerConnection client_id=kafka-python-producer-1, node_id=1 host=kafka:29092 <connected> [IPv4 ('172.18.0.3', 29092)]>: Closing connection. ","logger":"kafka.conn","filename":"conn.py","lineno":936}
{"timestamp":"2026-02-26T21:47:13.854706Z","level":"info","event":"Done. Returned value was: {'new_count': 24}","logger":"airflow.task.operators.airflow.providers.standard.operators.python.PythonOperator","filename":"python.py","lineno":216}
{"timestamp":"2026-02-26T21:47:13.873725Z","level":"info","event":"Pushing xcom","ti":"RuntimeTaskInstance(id=UUID('019c9bea-96f6-79af-ac29-f87b79792c08'), task_id='producer.scrape_publish_races', dag_id='weekly_f1_pipeline', run_id='manual__2026-02-26T21:46:06+00:00', try_number=1, dag_version_id=UUID('019c9b22-04c8-7f8f-ba9f-baa49cc3678d'), map_index=-1, hostname='fe5351013118', context_carrier={}, task=<Task(PythonOperator): producer.scrape_publish_races>, bundle_instance=LocalDagBundle(name=dags-folder), max_tries=2, start_date=datetime.datetime(2026, 2, 26, 21, 46, 47, 100263, tzinfo=datetime.timezone.utc), end_date=None, state=<TaskInstanceState.RUNNING: 'running'>, is_mapped=False, rendered_map_index=None)","logger":"task","filename":"task_runner.py","lineno":1450}
