{"timestamp":"2026-02-16T11:11:03.945339Z","level":"info","event":"DAG bundles loaded: dags-folder","logger":"airflow.dag_processing.bundles.manager.DagBundlesManager","filename":"manager.py","lineno":179}
{"timestamp":"2026-02-16T11:11:03.983333Z","level":"info","event":"Filling up the DagBag from /opt/airflow/dags/weekly_streaming_pipeline.py","logger":"airflow.models.dagbag.DagBag","filename":"dagbag.py","lineno":593}
{"timestamp":"2026-02-16T11:11:14.405803Z","level":"info","event":"","logger":"task.stdout"}
{"timestamp":"2026-02-16T11:11:14.408918Z","level":"info","event":"[PRODUCER] Starting fact_pitstops production...","logger":"task.stdout"}
{"timestamp":"2026-02-16T11:11:14.346877Z","level":"info","event":"<BrokerConnection client_id=f1-streaming-pipeline, node_id=bootstrap-0 host=kafka:29092 <connecting> [IPv4 ('172.18.0.4', 29092)]>: connecting to kafka:29092 [('172.18.0.4', 29092) IPv4]","logger":"kafka.conn","filename":"conn.py","lineno":395}
{"timestamp":"2026-02-16T11:11:14.458945Z","level":"info","event":"<BrokerConnection client_id=f1-streaming-pipeline, node_id=bootstrap-0 host=kafka:29092 <checking_api_versions_recv> [IPv4 ('172.18.0.4', 29092)]>: Broker version identified as 2.6","logger":"kafka.conn","filename":"conn.py","lineno":615}
{"timestamp":"2026-02-16T11:11:14.474318Z","level":"info","event":"<BrokerConnection client_id=f1-streaming-pipeline, node_id=bootstrap-0 host=kafka:29092 <connected> [IPv4 ('172.18.0.4', 29092)]>: Connection complete.","logger":"kafka.conn","filename":"conn.py","lineno":456}
{"timestamp":"2026-02-16T11:11:14.700763Z","level":"info","event":"","logger":"task.stdout"}
{"timestamp":"2026-02-16T11:11:14.743471Z","level":"info","event":"======================================================================","logger":"task.stdout"}
{"timestamp":"2026-02-16T11:11:14.744550Z","level":"info","event":"PRODUCING PITSTOPS FOR 2026 → Kafka Topic: fact-pitstops","logger":"task.stdout"}
{"timestamp":"2026-02-16T11:11:14.745617Z","level":"info","event":"======================================================================","logger":"task.stdout"}
{"timestamp":"2026-02-16T11:11:14.746481Z","level":"info","event":"","logger":"task.stdout"}
{"timestamp":"2026-02-16T11:11:14.747355Z","level":"info","event":"","logger":"task.stdout"}
{"timestamp":"2026-02-16T11:11:14.748368Z","level":"info","event":"======================================================================","logger":"task.stdout"}
{"timestamp":"2026-02-16T11:11:14.749256Z","level":"info","event":"SCRAPING PIT STOPS FROM ERGAST API: 2026-2026","logger":"task.stdout"}
{"timestamp":"2026-02-16T11:11:14.750094Z","level":"info","event":"======================================================================","logger":"task.stdout"}
{"timestamp":"2026-02-16T11:11:14.750855Z","level":"info","event":"","logger":"task.stdout"}
{"timestamp":"2026-02-16T11:11:14.752152Z","level":"info","event":"","logger":"task.stdout"}
{"timestamp":"2026-02-16T11:11:14.753325Z","level":"info","event":"======================================================================","logger":"task.stdout"}
{"timestamp":"2026-02-16T11:11:14.756663Z","level":"info","event":"SCRAPING PIT STOPS FOR 2026","logger":"task.stdout"}
{"timestamp":"2026-02-16T11:11:14.761416Z","level":"info","event":"======================================================================","logger":"task.stdout"}
{"timestamp":"2026-02-16T11:11:14.762756Z","level":"info","event":"","logger":"task.stdout"}
{"timestamp":"2026-02-16T11:11:14.763791Z","level":"info","event":"Fetching pit stops for 2026 Round 1...","logger":"task.stdout"}
{"timestamp":"2026-02-16T11:11:19.349192Z","level":"info","event":"  No data for 2026 Round 1","logger":"task.stdout"}
{"timestamp":"2026-02-16T11:11:19.350123Z","level":"info","event":"Fetching pit stops for 2026 Round 2...","logger":"task.stdout"}
{"timestamp":"2026-02-16T11:11:24.110255Z","level":"info","event":"  No data for 2026 Round 2","logger":"task.stdout"}
{"timestamp":"2026-02-16T11:11:24.115006Z","level":"info","event":"Fetching pit stops for 2026 Round 3...","logger":"task.stdout"}
{"timestamp":"2026-02-16T11:11:29.229705Z","level":"info","event":"  No data for 2026 Round 3","logger":"task.stdout"}
{"timestamp":"2026-02-16T11:11:29.240675Z","level":"info","event":"  Stopping: 3 consecutive empty rounds detected","logger":"task.stdout"}
{"timestamp":"2026-02-16T11:11:29.259030Z","level":"info","event":"","logger":"task.stdout"}
{"timestamp":"2026-02-16T11:11:29.274601Z","level":"info","event":"Total pit stops for 2026: 0","logger":"task.stdout"}
{"timestamp":"2026-02-16T11:11:29.293134Z","level":"info","event":"","logger":"task.stdout"}
{"timestamp":"2026-02-16T11:11:29.305231Z","level":"info","event":"======================================================================","logger":"task.stdout"}
{"timestamp":"2026-02-16T11:11:29.307815Z","level":"info","event":"SCRAPING COMPLETE","logger":"task.stdout"}
{"timestamp":"2026-02-16T11:11:29.309366Z","level":"info","event":"Total pit stops: 0","logger":"task.stdout"}
{"timestamp":"2026-02-16T11:11:29.310741Z","level":"info","event":"Years covered: 2026-2026","logger":"task.stdout"}
{"timestamp":"2026-02-16T11:11:29.328445Z","level":"info","event":"======================================================================","logger":"task.stdout"}
{"timestamp":"2026-02-16T11:11:29.341580Z","level":"info","event":"","logger":"task.stdout"}
{"timestamp":"2026-02-16T11:11:29.346378Z","level":"info","event":"Transforming API data to Silver schema...","logger":"task.stdout"}
{"timestamp":"2026-02-16T11:11:29.359126Z","level":"info","event":"No data found - returning empty DataFrame with schema: ['driver_ref', 'race_year', 'race_round', 'stop_number', 'lap', 'pit_time', 'duration_seconds', 'year', 'source', 'created_at']","logger":"task.stdout"}
{"timestamp":"2026-02-16T11:11:29.367153Z","level":"info","event":"⚠️  No pitstop records found for 2026","logger":"task.stdout"}
{"timestamp":"2026-02-16T11:11:29.278909Z","level":"info","event":"<KafkaProducer client_id=f1-streaming-pipeline transactional_id=None>: Closing the Kafka producer with 9223372036.0 secs timeout.","logger":"kafka.producer.kafka","filename":"kafka.py","lineno":630}
{"timestamp":"2026-02-16T11:11:29.282376Z","level":"info","event":"<BrokerConnection client_id=f1-streaming-pipeline, node_id=bootstrap-0 host=kafka:29092 <connected> [IPv4 ('172.18.0.4', 29092)]>: Closing connection. ","logger":"kafka.conn","filename":"conn.py","lineno":936}
{"timestamp":"2026-02-16T11:11:29.501848Z","level":"info","event":"[PRODUCER] Completed: {'sent': 0, 'failed': 0}","logger":"task.stdout"}
{"timestamp":"2026-02-16T11:11:29.505803Z","level":"info","event":"Done. Returned value was: {'sent': 0, 'failed': 0}","logger":"airflow.task.operators.airflow.providers.standard.operators.python.PythonOperator","filename":"python.py","lineno":216}
{"timestamp":"2026-02-16T11:11:29.519417Z","level":"info","event":"Pushing xcom","ti":"RuntimeTaskInstance(id=UUID('019c6625-5711-74d3-b1bc-d5e91d42f8fc'), task_id='produce_fact_pitstops', dag_id='weekly_streaming_f1_etl', run_id='manual__2026-02-16T11:10:47+00:00', try_number=1, dag_version_id=UUID('019c61bd-e638-74f5-b658-bbd5e8d757b9'), map_index=-1, hostname='8ca1c3cee112', context_carrier={}, task=<Task(PythonOperator): produce_fact_pitstops>, bundle_instance=LocalDagBundle(name=dags-folder), max_tries=2, start_date=datetime.datetime(2026, 2, 16, 11, 11, 3, 236786, tzinfo=datetime.timezone.utc), end_date=None, state=<TaskInstanceState.RUNNING: 'running'>, is_mapped=False, rendered_map_index=None)","logger":"task","filename":"task_runner.py","lineno":1450}
