{"timestamp":"2026-02-26T18:10:11.327954Z","level":"info","event":"DAG bundles loaded: dags-folder","logger":"airflow.dag_processing.bundles.manager.DagBundlesManager","filename":"manager.py","lineno":179}
{"timestamp":"2026-02-26T18:10:11.347450Z","level":"info","event":"Filling up the DagBag from /opt/airflow/dags/weekly_f1_pipeline.py","logger":"airflow.models.dagbag.DagBag","filename":"dagbag.py","lineno":593}
{"timestamp":"2026-02-26T18:10:19.181743Z","level":"warning","event":"The `airflow.utils.task_group.TaskGroup` attribute is deprecated. Please use `'airflow.sdk.TaskGroup'`.","category":"DeprecatedImportWarning","filename":"/opt/airflow/dags/weekly_f1_pipeline.py","lineno":36,"logger":"py.warnings"}
{"timestamp":"2026-02-26T18:10:19.182083Z","level":"warning","event":"The `airflow.operators.trigger_dagrun.TriggerDagRunOperator` attribute is deprecated. Please use `'airflow.providers.standard.operators.trigger_dagrun.TriggerDagRunOperator'`.","category":"DeprecatedImportWarning","filename":"/opt/airflow/dags/kafka_producer_pipeline.py","lineno":35,"logger":"py.warnings"}
{"timestamp":"2026-02-26T18:10:19.292401Z","level":"info","event":"======================================================================","logger":"task.stdout"}
{"timestamp":"2026-02-26T18:10:19.293248Z","level":"info","event":"PRODUCER: dim_race  (2026+)","logger":"task.stdout"}
{"timestamp":"2026-02-26T18:10:19.294146Z","level":"info","event":"======================================================================","logger":"task.stdout"}
{"timestamp":"2026-02-26T18:10:19.295030Z","level":"info","event":"","logger":"task.stdout"}
{"timestamp":"2026-02-26T18:10:19.295856Z","level":"info","event":"======================================================================","logger":"task.stdout"}
{"timestamp":"2026-02-26T18:10:19.296676Z","level":"info","event":"SCRAPING RACES FROM ERGAST API: 2026-2026","logger":"task.stdout"}
{"timestamp":"2026-02-26T18:10:19.298697Z","level":"info","event":"======================================================================","logger":"task.stdout"}
{"timestamp":"2026-02-26T18:10:19.299540Z","level":"info","event":"","logger":"task.stdout"}
{"timestamp":"2026-02-26T18:10:19.302748Z","level":"info","event":"Fetching races for 2026...","logger":"task.stdout"}
{"timestamp":"2026-02-26T18:10:43.302180Z","level":"info","event":"24 races found","logger":"task.stdout"}
{"timestamp":"2026-02-26T18:10:43.306185Z","level":"info","event":"","logger":"task.stdout"}
{"timestamp":"2026-02-26T18:10:43.310777Z","level":"info","event":"======================================================================","logger":"task.stdout"}
{"timestamp":"2026-02-26T18:10:43.311647Z","level":"info","event":"SCRAPING COMPLETE","logger":"task.stdout"}
{"timestamp":"2026-02-26T18:10:43.312407Z","level":"info","event":"Total records: 24","logger":"task.stdout"}
{"timestamp":"2026-02-26T18:10:43.313235Z","level":"info","event":"Years covered: 2026-2026","logger":"task.stdout"}
{"timestamp":"2026-02-26T18:10:43.314080Z","level":"info","event":"======================================================================","logger":"task.stdout"}
{"timestamp":"2026-02-26T18:10:43.315110Z","level":"info","event":"","logger":"task.stdout"}
{"timestamp":"2026-02-26T18:10:43.315885Z","level":"info","event":"Transforming API data to Silver schema...","logger":"task.stdout"}
{"timestamp":"2026-02-26T18:10:43.369377Z","level":"info","event":"Sorted by season + round for stable race_id generation","logger":"task.stdout"}
{"timestamp":"2026-02-26T18:10:43.378097Z","level":"info","event":"  Generated race_id: 10001 - 10024","logger":"task.stdout"}
{"timestamp":"2026-02-26T18:10:43.408936Z","level":"warning","event":"Could not infer format, so each element will be parsed individually, falling back to `dateutil`. To ensure parsing is consistent and as-expected, please specify a format.","category":"UserWarning","filename":"/opt/airflow/dags/scraper/race.py","lineno":172,"logger":"py.warnings"}
{"timestamp":"2026-02-26T18:10:43.434070Z","level":"warning","event":"Could not infer format, so each element will be parsed individually, falling back to `dateutil`. To ensure parsing is consistent and as-expected, please specify a format.","category":"UserWarning","filename":"/opt/airflow/dags/scraper/race.py","lineno":172,"logger":"py.warnings"}
{"timestamp":"2026-02-26T18:10:43.457015Z","level":"warning","event":"Could not infer format, so each element will be parsed individually, falling back to `dateutil`. To ensure parsing is consistent and as-expected, please specify a format.","category":"UserWarning","filename":"/opt/airflow/dags/scraper/race.py","lineno":172,"logger":"py.warnings"}
{"timestamp":"2026-02-26T18:10:43.473223Z","level":"warning","event":"Could not infer format, so each element will be parsed individually, falling back to `dateutil`. To ensure parsing is consistent and as-expected, please specify a format.","category":"UserWarning","filename":"/opt/airflow/dags/scraper/race.py","lineno":172,"logger":"py.warnings"}
{"timestamp":"2026-02-26T18:10:43.501299Z","level":"warning","event":"Could not infer format, so each element will be parsed individually, falling back to `dateutil`. To ensure parsing is consistent and as-expected, please specify a format.","category":"UserWarning","filename":"/opt/airflow/dags/scraper/race.py","lineno":172,"logger":"py.warnings"}
{"timestamp":"2026-02-26T18:10:43.537455Z","level":"warning","event":"Could not infer format, so each element will be parsed individually, falling back to `dateutil`. To ensure parsing is consistent and as-expected, please specify a format.","category":"UserWarning","filename":"/opt/airflow/dags/scraper/race.py","lineno":172,"logger":"py.warnings"}
{"timestamp":"2026-02-26T18:10:43.572885Z","level":"info","event":"Transformed 24 races to Silver schema","logger":"task.stdout"}
{"timestamp":"2026-02-26T18:10:43.579114Z","level":"info","event":"Source: api","logger":"task.stdout"}
{"timestamp":"2026-02-26T18:10:43.580757Z","level":"info","event":"race_id range: 10001 - 10024","logger":"task.stdout"}
{"timestamp":"2026-02-26T18:10:43.750839Z","level":"info","event":" Downloaded dimensions/dim_race/dim_race.parquet (256 rows)","logger":"task.stdout"}
{"timestamp":"2026-02-26T18:10:43.781796Z","level":"info","event":" Downloaded dimensions/dim_circuit/dim_circuit.parquet (78 rows)","logger":"task.stdout"}
{"timestamp":"2026-02-26T18:10:43.830890Z","level":"info","event":"  No new races found this week","logger":"task.stdout"}
{"timestamp":"2026-02-26T18:10:43.918373Z","level":"info","event":"Done. Returned value was: {'new_count': 0}","logger":"airflow.task.operators.airflow.providers.standard.operators.python.PythonOperator","filename":"python.py","lineno":216}
{"timestamp":"2026-02-26T18:10:43.931274Z","level":"info","event":"Pushing xcom","ti":"RuntimeTaskInstance(id=UUID('019c9b20-6a86-7c09-8f2a-4a14d13db07d'), task_id='scrape_publish_races', dag_id='kafka_producer_pipeline', run_id='scheduled__2026-02-23T08:00:00+00:00', try_number=1, dag_version_id=UUID('019c9b24-9895-799a-9d5e-871c788a06dc'), map_index=-1, hostname='fe5351013118', context_carrier={}, task=<Task(PythonOperator): scrape_publish_races>, bundle_instance=LocalDagBundle(name=dags-folder), max_tries=2, start_date=datetime.datetime(2026, 2, 26, 18, 10, 10, 773839, tzinfo=datetime.timezone.utc), end_date=None, state=<TaskInstanceState.RUNNING: 'running'>, is_mapped=False, rendered_map_index=None)","logger":"task","filename":"task_runner.py","lineno":1450}
