{"timestamp":"2026-02-26T21:08:09.212083Z","level":"info","event":"DAG bundles loaded: dags-folder","logger":"airflow.dag_processing.bundles.manager.DagBundlesManager","filename":"manager.py","lineno":179}
{"timestamp":"2026-02-26T21:08:09.264067Z","level":"info","event":"Filling up the DagBag from /opt/airflow/dags/api_drivers_bronze_to_silver.py","logger":"airflow.models.dagbag.DagBag","filename":"dagbag.py","lineno":593}
{"timestamp":"2026-02-26T21:08:26.868192Z","level":"info","event":"======================================================================","logger":"task.stdout"}
{"timestamp":"2026-02-26T21:08:26.888491Z","level":"info","event":"F1 DRIVER BACKFILL: ERGAST API → SILVER","logger":"task.stdout"}
{"timestamp":"2026-02-26T21:08:26.889747Z","level":"info","event":"======================================================================","logger":"task.stdout"}
{"timestamp":"2026-02-26T21:08:26.963592Z","level":"info","event":"","logger":"task.stdout"}
{"timestamp":"2026-02-26T21:08:26.964751Z","level":"info","event":"[STEP 1] Scraping API...","logger":"task.stdout"}
{"timestamp":"2026-02-26T21:08:26.965731Z","level":"info","event":"","logger":"task.stdout"}
{"timestamp":"2026-02-26T21:08:26.966592Z","level":"info","event":"======================================================================","logger":"task.stdout"}
{"timestamp":"2026-02-26T21:08:26.967483Z","level":"info","event":"SCRAPING DRIVERS FROM ERGAST API: 2024-2025","logger":"task.stdout"}
{"timestamp":"2026-02-26T21:08:26.976439Z","level":"info","event":"======================================================================","logger":"task.stdout"}
{"timestamp":"2026-02-26T21:08:26.977557Z","level":"info","event":"","logger":"task.stdout"}
{"timestamp":"2026-02-26T21:08:26.980508Z","level":"info","event":"Fetching drivers for 2024...","logger":"task.stdout"}
{"timestamp":"2026-02-26T21:08:52.292524Z","level":"info","event":"25 drivers found","logger":"task.stdout"}
{"timestamp":"2026-02-26T21:08:52.298006Z","level":"info","event":"Fetching drivers for 2025...","logger":"task.stdout"}
{"timestamp":"2026-02-26T21:09:15.204986Z","level":"info","event":"30 drivers found","logger":"task.stdout"}
{"timestamp":"2026-02-26T21:09:15.241868Z","level":"info","event":"","logger":"task.stdout"}
{"timestamp":"2026-02-26T21:09:15.245168Z","level":"info","event":"======================================================================","logger":"task.stdout"}
{"timestamp":"2026-02-26T21:09:15.246392Z","level":"info","event":"SCRAPING COMPLETE","logger":"task.stdout"}
{"timestamp":"2026-02-26T21:09:15.248038Z","level":"info","event":"Total records: 55","logger":"task.stdout"}
{"timestamp":"2026-02-26T21:09:15.249990Z","level":"info","event":"Unique drivers (by driverId): 36","logger":"task.stdout"}
{"timestamp":"2026-02-26T21:09:15.255319Z","level":"info","event":"Years covered: 2024-2025","logger":"task.stdout"}
{"timestamp":"2026-02-26T21:09:15.268567Z","level":"info","event":"======================================================================","logger":"task.stdout"}
{"timestamp":"2026-02-26T21:09:15.291529Z","level":"info","event":"","logger":"task.stdout"}
{"timestamp":"2026-02-26T21:09:15.297573Z","level":"info","event":"API scraping complete: 55 driver records","logger":"task.stdout"}
{"timestamp":"2026-02-26T21:09:15.307791Z","level":"info","event":"","logger":"task.stdout"}
{"timestamp":"2026-02-26T21:09:15.312352Z","level":"info","event":"[STEP 2] Transforming to Silver schema...","logger":"task.stdout"}
{"timestamp":"2026-02-26T21:09:15.313601Z","level":"info","event":"Transforming API data to Silver schema...","logger":"task.stdout"}
{"timestamp":"2026-02-26T21:09:15.314724Z","level":"info","event":"Deduplication: 55 records → 36 unique drivers","logger":"task.stdout"}
{"timestamp":"2026-02-26T21:09:15.325627Z","level":"info","event":"Sorted by driverId (alphabetically) for stable driver_id generation","logger":"task.stdout"}
{"timestamp":"2026-02-26T21:09:15.326947Z","level":"info","event":"  Generated driver_id: 10001 - 10036","logger":"task.stdout"}
{"timestamp":"2026-02-26T21:09:15.456363Z","level":"info","event":"Transformed 36 drivers to Silver schema","logger":"task.stdout"}
{"timestamp":"2026-02-26T21:09:15.463412Z","level":"info","event":"Source: api","logger":"task.stdout"}
{"timestamp":"2026-02-26T21:09:15.470593Z","level":"info","event":"driver_id range: 10001 - 10036","logger":"task.stdout"}
{"timestamp":"2026-02-26T21:09:15.495940Z","level":"info","event":"Transformation complete: 36 unique drivers","logger":"task.stdout"}
{"timestamp":"2026-02-26T21:09:15.498463Z","level":"info","event":"driver_id range: 10001 - 10036","logger":"task.stdout"}
{"timestamp":"2026-02-26T21:09:15.500166Z","level":"info","event":"","logger":"task.stdout"}
{"timestamp":"2026-02-26T21:09:15.502948Z","level":"info","event":"[STEP 3] Loading existing Silver data...","logger":"task.stdout"}
{"timestamp":"2026-02-26T21:09:16.081184Z","level":"info","event":" Downloaded dimensions/dim_driver/dim_driver.parquet (65 rows)","logger":"task.stdout"}
{"timestamp":"2026-02-26T21:09:16.089114Z","level":"info","event":"Loaded 65 existing drivers from Silver","logger":"task.stdout"}
{"timestamp":"2026-02-26T21:09:16.092475Z","level":"info","event":"Existing sources: {'f1_data.csv': 65}","logger":"task.stdout"}
{"timestamp":"2026-02-26T21:09:16.127152Z","level":"info","event":"CSV driver_id range: 1 - 858","logger":"task.stdout"}
{"timestamp":"2026-02-26T21:09:16.152125Z","level":"info","event":"","logger":"task.stdout"}
{"timestamp":"2026-02-26T21:09:16.165056Z","level":"info","event":"[STEP 4] Merging API data with existing Silver...","logger":"task.stdout"}
{"timestamp":"2026-02-26T21:09:16.165925Z","level":"info","event":"","logger":"task.stdout"}
{"timestamp":"2026-02-26T21:09:16.167094Z","level":"info","event":"  Merge Configuration:","logger":"task.stdout"}
{"timestamp":"2026-02-26T21:09:16.169683Z","level":"info","event":"Existing drivers: 65","logger":"task.stdout"}
{"timestamp":"2026-02-26T21:09:16.170469Z","level":"info","event":"New API drivers: 36","logger":"task.stdout"}
{"timestamp":"2026-02-26T21:09:16.173664Z","level":"info","event":"Merge key: driver_ref (PRIMARY natural key)","logger":"task.stdout"}
{"timestamp":"2026-02-26T21:09:16.174480Z","level":"info","event":"CSV priority: YES (skip API for CSV drivers)","logger":"task.stdout"}
{"timestamp":"2026-02-26T21:09:16.177870Z","level":"info","event":"","logger":"task.stdout"}
{"timestamp":"2026-02-26T21:09:16.185636Z","level":"info","event":"  Current max driver_key: 65","logger":"task.stdout"}
{"timestamp":"2026-02-26T21:09:16.186845Z","level":"info","event":"","logger":"task.stdout"}
{"timestamp":"2026-02-26T21:09:16.187653Z","level":"info","event":"  Processing 36 API drivers:","logger":"task.stdout"}
{"timestamp":"2026-02-26T21:09:16.188496Z","level":"info","event":"","logger":"task.stdout"}
{"timestamp":"2026-02-26T21:09:16.191721Z","level":"info","event":"SKIP: albon                (CSV priority)","logger":"task.stdout"}
{"timestamp":"2026-02-26T21:09:16.209748Z","level":"info","event":"SKIP: alonso               (CSV priority)","logger":"task.stdout"}
{"timestamp":"2026-02-26T21:09:16.210658Z","level":"info","event":"ADD: antonelli            (new driver from API, driver_id=10003)","logger":"task.stdout"}
{"timestamp":"2026-02-26T21:09:16.229599Z","level":"info","event":"ADD: arthur_leclerc       (new driver from API, driver_id=10004)","logger":"task.stdout"}
{"timestamp":"2026-02-26T21:09:16.249659Z","level":"info","event":"ADD: arvid_lindblad       (new driver from API, driver_id=10005)","logger":"task.stdout"}
{"timestamp":"2026-02-26T21:09:16.269785Z","level":"info","event":"ADD: ayumu_iwasa          (new driver from API, driver_id=10006)","logger":"task.stdout"}
{"timestamp":"2026-02-26T21:09:16.283052Z","level":"info","event":"ADD: bearman              (new driver from API, driver_id=10007)","logger":"task.stdout"}
{"timestamp":"2026-02-26T21:09:16.317713Z","level":"info","event":"ADD: bortoleto            (new driver from API, driver_id=10008)","logger":"task.stdout"}
{"timestamp":"2026-02-26T21:09:16.333850Z","level":"info","event":"SKIP: bottas               (CSV priority)","logger":"task.stdout"}
{"timestamp":"2026-02-26T21:09:16.337977Z","level":"info","event":"ADD: cian_shields         (new driver from API, driver_id=10010)","logger":"task.stdout"}
{"timestamp":"2026-02-26T21:09:16.416111Z","level":"info","event":"ADD: colapinto            (new driver from API, driver_id=10011)","logger":"task.stdout"}
{"timestamp":"2026-02-26T21:09:16.457902Z","level":"info","event":"ADD: doohan               (new driver from API, driver_id=10012)","logger":"task.stdout"}
{"timestamp":"2026-02-26T21:09:16.489052Z","level":"info","event":"SKIP: gasly                (CSV priority)","logger":"task.stdout"}
{"timestamp":"2026-02-26T21:09:16.490927Z","level":"info","event":"ADD: hadjar               (new driver from API, driver_id=10014)","logger":"task.stdout"}
{"timestamp":"2026-02-26T21:09:16.510075Z","level":"info","event":"SKIP: hamilton             (CSV priority)","logger":"task.stdout"}
{"timestamp":"2026-02-26T21:09:16.515352Z","level":"info","event":"SKIP: hulkenberg           (CSV priority)","logger":"task.stdout"}
{"timestamp":"2026-02-26T21:09:16.519495Z","level":"info","event":"ADD: jak_crawford         (new driver from API, driver_id=10017)","logger":"task.stdout"}
{"timestamp":"2026-02-26T21:09:16.546440Z","level":"info","event":"SKIP: kevin_magnussen      (CSV priority)","logger":"task.stdout"}
{"timestamp":"2026-02-26T21:09:16.548876Z","level":"info","event":"ADD: lawson               (new driver from API, driver_id=10019)","logger":"task.stdout"}
{"timestamp":"2026-02-26T21:09:16.568375Z","level":"info","event":"SKIP: leclerc              (CSV priority)","logger":"task.stdout"}
{"timestamp":"2026-02-26T21:09:16.571122Z","level":"info","event":"ADD: luke_browning        (new driver from API, driver_id=10021)","logger":"task.stdout"}
{"timestamp":"2026-02-26T21:09:16.597649Z","level":"info","event":"SKIP: max_verstappen       (CSV priority)","logger":"task.stdout"}
{"timestamp":"2026-02-26T21:09:16.600864Z","level":"info","event":"SKIP: norris               (CSV priority)","logger":"task.stdout"}
{"timestamp":"2026-02-26T21:09:16.608886Z","level":"info","event":"SKIP: ocon                 (CSV priority)","logger":"task.stdout"}
{"timestamp":"2026-02-26T21:09:16.611997Z","level":"info","event":"ADD: patricio_o_ward      (new driver from API, driver_id=10025)","logger":"task.stdout"}
{"timestamp":"2026-02-26T21:09:16.633744Z","level":"info","event":"ADD: paul_aron            (new driver from API, driver_id=10026)","logger":"task.stdout"}
{"timestamp":"2026-02-26T21:09:16.661932Z","level":"info","event":"SKIP: perez                (CSV priority)","logger":"task.stdout"}
{"timestamp":"2026-02-26T21:09:16.665718Z","level":"info","event":"SKIP: piastri              (CSV priority)","logger":"task.stdout"}
{"timestamp":"2026-02-26T21:09:16.670519Z","level":"info","event":"SKIP: ricciardo            (CSV priority)","logger":"task.stdout"}
{"timestamp":"2026-02-26T21:09:16.692608Z","level":"info","event":"SKIP: russell              (CSV priority)","logger":"task.stdout"}
{"timestamp":"2026-02-26T21:09:16.700561Z","level":"info","event":"ADD: ryo_hirakawa         (new driver from API, driver_id=10031)","logger":"task.stdout"}
{"timestamp":"2026-02-26T21:09:16.727526Z","level":"info","event":"SKIP: sainz                (CSV priority)","logger":"task.stdout"}
{"timestamp":"2026-02-26T21:09:16.759838Z","level":"info","event":"SKIP: sargeant             (CSV priority)","logger":"task.stdout"}
{"timestamp":"2026-02-26T21:09:16.763556Z","level":"info","event":"SKIP: stroll               (CSV priority)","logger":"task.stdout"}
{"timestamp":"2026-02-26T21:09:16.767601Z","level":"info","event":"SKIP: tsunoda              (CSV priority)","logger":"task.stdout"}
{"timestamp":"2026-02-26T21:09:16.789629Z","level":"info","event":"SKIP: zhou                 (CSV priority)","logger":"task.stdout"}
{"timestamp":"2026-02-26T21:09:16.802289Z","level":"info","event":"Merge complete: 81 total drivers","logger":"task.stdout"}
{"timestamp":"2026-02-26T21:09:16.812999Z","level":"info","event":"","logger":"task.stdout"}
{"timestamp":"2026-02-26T21:09:16.830681Z","level":"info","event":"[STEP 5] Writing to Silver layer...","logger":"task.stdout"}
{"timestamp":"2026-02-26T21:09:16.912122Z","level":"info","event":"Uploaded dimensions/dim_driver/dim_driver.parquet (81 rows)","logger":"task.stdout"}
{"timestamp":"2026-02-26T21:09:16.913305Z","level":"info","event":"Written to: s3://f1-silver/dimensions/dim_driver/dim_driver.parquet","logger":"task.stdout"}
{"timestamp":"2026-02-26T21:09:16.914291Z","level":"info","event":"","logger":"task.stdout"}
{"timestamp":"2026-02-26T21:09:16.915136Z","level":"info","event":"======================================================================","logger":"task.stdout"}
{"timestamp":"2026-02-26T21:09:16.915947Z","level":"info","event":"BACKFILL SUMMARY","logger":"task.stdout"}
{"timestamp":"2026-02-26T21:09:16.916931Z","level":"info","event":"======================================================================","logger":"task.stdout"}
{"timestamp":"2026-02-26T21:09:16.917731Z","level":"info","event":"  Existing drivers in Silver: 65","logger":"task.stdout"}
{"timestamp":"2026-02-26T21:09:16.918617Z","level":"info","event":"  API drivers scraped: 36","logger":"task.stdout"}
{"timestamp":"2026-02-26T21:09:16.922288Z","level":"info","event":"  Final driver count: 81","logger":"task.stdout"}
{"timestamp":"2026-02-26T21:09:16.924275Z","level":"info","event":"  New drivers added: 16","logger":"task.stdout"}
{"timestamp":"2026-02-26T21:09:16.926305Z","level":"info","event":"","logger":"task.stdout"}
{"timestamp":"2026-02-26T21:09:16.928294Z","level":"info","event":"  Final source breakdown:","logger":"task.stdout"}
{"timestamp":"2026-02-26T21:09:16.931158Z","level":"info","event":"    f1_data.csv    : 65","logger":"task.stdout"}
{"timestamp":"2026-02-26T21:09:16.932676Z","level":"info","event":"    api            : 16","logger":"task.stdout"}
{"timestamp":"2026-02-26T21:09:16.935119Z","level":"info","event":"","logger":"task.stdout"}
{"timestamp":"2026-02-26T21:09:16.937647Z","level":"info","event":"  driver_id ranges:","logger":"task.stdout"}
{"timestamp":"2026-02-26T21:09:16.938694Z","level":"info","event":"    f1_data.csv    : 1 - 858","logger":"task.stdout"}
{"timestamp":"2026-02-26T21:09:16.940595Z","level":"info","event":"    api            : 10003 - 10031","logger":"task.stdout"}
{"timestamp":"2026-02-26T21:09:16.943211Z","level":"info","event":"======================================================================","logger":"task.stdout"}
{"timestamp":"2026-02-26T21:09:17.097244Z","level":"info","event":"Done. Returned value was: {'existing_count': 65, 'api_scraped': 36, 'final_count': 81, 'new_drivers_added': 16}","logger":"airflow.task.operators.airflow.providers.standard.operators.python.PythonOperator","filename":"python.py","lineno":216}
{"timestamp":"2026-02-26T21:09:17.106876Z","level":"info","event":"Pushing xcom","ti":"RuntimeTaskInstance(id=UUID('019c9bc7-b96c-7845-8a1e-8d7876dff21f'), task_id='backfill_dim_driver', dag_id='api_drivers_bronze_to_silver', run_id='manual__2026-02-26T21:07:54.131794+00:00', try_number=1, dag_version_id=UUID('019c68fe-1387-7e24-a4be-e2d50c728fcc'), map_index=-1, hostname='fe5351013118', context_carrier={}, task=<Task(PythonOperator): backfill_dim_driver>, bundle_instance=LocalDagBundle(name=dags-folder), max_tries=2, start_date=datetime.datetime(2026, 2, 26, 21, 8, 6, 904792, tzinfo=datetime.timezone.utc), end_date=None, state=<TaskInstanceState.RUNNING: 'running'>, is_mapped=False, rendered_map_index=None)","logger":"task","filename":"task_runner.py","lineno":1450}
