{"timestamp":"2026-02-18T12:22:18.096647Z","level":"info","event":"DAG bundles loaded: dags-folder","logger":"airflow.dag_processing.bundles.manager.DagBundlesManager","filename":"manager.py","lineno":179}
{"timestamp":"2026-02-18T12:22:18.215315Z","level":"info","event":"Filling up the DagBag from /opt/airflow/dags/api_driverStandings_bronze_to_silver.py","logger":"airflow.models.dagbag.DagBag","filename":"dagbag.py","lineno":593}
{"timestamp":"2026-02-18T12:22:20.554127Z","level":"info","event":"======================================================================","logger":"task.stdout"}
{"timestamp":"2026-02-18T12:22:20.554546Z","level":"info","event":"F1 DRIVER STANDINGS BACKFILL: ERGAST API -> SILVER","logger":"task.stdout"}
{"timestamp":"2026-02-18T12:22:20.554853Z","level":"info","event":"======================================================================","logger":"task.stdout"}
{"timestamp":"2026-02-18T12:22:20.573080Z","level":"info","event":"","logger":"task.stdout"}
{"timestamp":"2026-02-18T12:22:20.573468Z","level":"info","event":"[STEP 1] Scraping API...","logger":"task.stdout"}
{"timestamp":"2026-02-18T12:22:20.573778Z","level":"info","event":"","logger":"task.stdout"}
{"timestamp":"2026-02-18T12:22:20.574024Z","level":"info","event":"======================================================================","logger":"task.stdout"}
{"timestamp":"2026-02-18T12:22:20.574252Z","level":"info","event":"SCRAPING DRIVER STANDINGS FROM ERGAST API: 2024-2025","logger":"task.stdout"}
{"timestamp":"2026-02-18T12:22:20.574543Z","level":"info","event":"======================================================================","logger":"task.stdout"}
{"timestamp":"2026-02-18T12:22:20.574776Z","level":"info","event":"","logger":"task.stdout"}
{"timestamp":"2026-02-18T12:22:20.574977Z","level":"info","event":"Fetching driver standings for 2024...","logger":"task.stdout"}
{"timestamp":"2026-02-18T12:22:44.139637Z","level":"info","event":"24 standings found for 2024","logger":"task.stdout"}
{"timestamp":"2026-02-18T12:22:44.140881Z","level":"info","event":"Fetching driver standings for 2025...","logger":"task.stdout"}
{"timestamp":"2026-02-18T12:23:08.179395Z","level":"info","event":"21 standings found for 2025","logger":"task.stdout"}
{"timestamp":"2026-02-18T12:23:08.197543Z","level":"info","event":"","logger":"task.stdout"}
{"timestamp":"2026-02-18T12:23:08.197905Z","level":"info","event":"======================================================================","logger":"task.stdout"}
{"timestamp":"2026-02-18T12:23:08.198243Z","level":"info","event":"SCRAPING COMPLETE","logger":"task.stdout"}
{"timestamp":"2026-02-18T12:23:08.198568Z","level":"info","event":"Total records: 45","logger":"task.stdout"}
{"timestamp":"2026-02-18T12:23:08.198825Z","level":"info","event":"Years covered: 2024-2025","logger":"task.stdout"}
{"timestamp":"2026-02-18T12:23:08.258127Z","level":"info","event":"Unique races: 2","logger":"task.stdout"}
{"timestamp":"2026-02-18T12:23:08.258585Z","level":"info","event":"======================================================================","logger":"task.stdout"}
{"timestamp":"2026-02-18T12:23:08.259507Z","level":"info","event":"","logger":"task.stdout"}
{"timestamp":"2026-02-18T12:23:08.259833Z","level":"info","event":"API scraping complete: 45 standing records","logger":"task.stdout"}
{"timestamp":"2026-02-18T12:23:08.263528Z","level":"info","event":"","logger":"task.stdout"}
{"timestamp":"2026-02-18T12:23:08.263920Z","level":"info","event":"[STEP 2] Transforming to Silver schema...","logger":"task.stdout"}
{"timestamp":"2026-02-18T12:23:08.264151Z","level":"info","event":"Transforming API data to Silver schema...","logger":"task.stdout"}
{"timestamp":"2026-02-18T12:23:08.264486Z","level":"info","event":"Sorted by year + round + position","logger":"task.stdout"}
{"timestamp":"2026-02-18T12:23:08.268486Z","level":"info","event":"Generated ds_id: 10000001 - 10000045","logger":"task.stdout"}
{"timestamp":"2026-02-18T12:23:08.275542Z","level":"info","event":"Transformed 45 standings to Silver schema","logger":"task.stdout"}
{"timestamp":"2026-02-18T12:23:08.275948Z","level":"info","event":"Source: api","logger":"task.stdout"}
{"timestamp":"2026-02-18T12:23:08.276232Z","level":"info","event":"ds_id range: 10000001 - 10000045","logger":"task.stdout"}
{"timestamp":"2026-02-18T12:23:08.276455Z","level":"info","event":"Transformation complete: 45 standings","logger":"task.stdout"}
{"timestamp":"2026-02-18T12:23:08.276670Z","level":"info","event":"ds_id range: 10000001 - 10000045","logger":"task.stdout"}
{"timestamp":"2026-02-18T12:23:08.276859Z","level":"info","event":"","logger":"task.stdout"}
{"timestamp":"2026-02-18T12:23:08.277045Z","level":"info","event":"[STEP 3] Loading dimensions for FK resolution...","logger":"task.stdout"}
{"timestamp":"2026-02-18T12:23:08.532339Z","level":"info","event":" Downloaded dimensions/dim_driver/dim_driver.parquet (81 rows)","logger":"task.stdout"}
{"timestamp":"2026-02-18T12:23:08.542846Z","level":"info","event":" Downloaded dimensions/dim_constructor/dim_constructor.parquet (21 rows)","logger":"task.stdout"}
{"timestamp":"2026-02-18T12:23:08.553826Z","level":"info","event":" Downloaded dimensions/dim_race/dim_race.parquet (280 rows)","logger":"task.stdout"}
{"timestamp":"2026-02-18T12:23:08.560700Z","level":"info","event":" Downloaded dimensions/dim_time/dim_time.parquet (6940 rows)","logger":"task.stdout"}
{"timestamp":"2026-02-18T12:23:08.561160Z","level":"info","event":"Loaded dimensions:","logger":"task.stdout"}
{"timestamp":"2026-02-18T12:23:08.561459Z","level":"info","event":"  - dim_driver: 81 drivers","logger":"task.stdout"}
{"timestamp":"2026-02-18T12:23:08.561696Z","level":"info","event":"  - dim_constructor: 21 constructors","logger":"task.stdout"}
{"timestamp":"2026-02-18T12:23:08.561927Z","level":"info","event":"  - dim_race: 280 races","logger":"task.stdout"}
{"timestamp":"2026-02-18T12:23:08.562653Z","level":"info","event":"  - dim_time: 6,940 dates","logger":"task.stdout"}
{"timestamp":"2026-02-18T12:23:08.562995Z","level":"info","event":"","logger":"task.stdout"}
{"timestamp":"2026-02-18T12:23:08.563662Z","level":"info","event":"[STEP 4] Resolving foreign keys...","logger":"task.stdout"}
{"timestamp":"2026-02-18T12:23:08.589680Z","level":"info","event":"Created lookup dictionaries:","logger":"task.stdout"}
{"timestamp":"2026-02-18T12:23:08.592040Z","level":"info","event":"  - driver_ref -> driver_key: 81 entries","logger":"task.stdout"}
{"timestamp":"2026-02-18T12:23:08.593046Z","level":"info","event":"  - constructor_ref -> constructor_key: 21 entries","logger":"task.stdout"}
{"timestamp":"2026-02-18T12:23:08.598189Z","level":"info","event":"  - race_year+race_round -> race_key: 280 entries","logger":"task.stdout"}
{"timestamp":"2026-02-18T12:23:08.598878Z","level":"info","event":"  - race_date -> time_key: 6940 entries","logger":"task.stdout"}
{"timestamp":"2026-02-18T12:23:08.641750Z","level":"info","event":"All FKs resolved successfully","logger":"task.stdout"}
{"timestamp":"2026-02-18T12:23:08.644098Z","level":"info","event":"","logger":"task.stdout"}
{"timestamp":"2026-02-18T12:23:08.644506Z","level":"info","event":"[STEP 5] Loading existing Silver data...","logger":"task.stdout"}
{"timestamp":"2026-02-18T12:23:08.671351Z","level":"info","event":" Downloaded facts/fact_driver_standings/fact_driver_standings.parquet (4502 rows)","logger":"task.stdout"}
{"timestamp":"2026-02-18T12:23:08.681538Z","level":"info","event":"Loaded 4,502 existing standings from Silver","logger":"task.stdout"}
{"timestamp":"2026-02-18T12:23:08.686197Z","level":"info","event":"Existing sources: {'f1_data.csv': 4502}","logger":"task.stdout"}
{"timestamp":"2026-02-18T12:23:08.704918Z","level":"info","event":"","logger":"task.stdout"}
{"timestamp":"2026-02-18T12:23:08.712239Z","level":"info","event":"[STEP 6] Merging API data with existing Silver...","logger":"task.stdout"}
{"timestamp":"2026-02-18T12:23:08.737428Z","level":"info","event":"","logger":"task.stdout"}
{"timestamp":"2026-02-18T12:23:08.742021Z","level":"info","event":"  Merge Configuration:","logger":"task.stdout"}
{"timestamp":"2026-02-18T12:23:08.757557Z","level":"info","event":"Existing standings: 4,502","logger":"task.stdout"}
{"timestamp":"2026-02-18T12:23:08.767538Z","level":"info","event":"New API standings: 45","logger":"task.stdout"}
{"timestamp":"2026-02-18T12:23:08.773403Z","level":"info","event":"Merge key: ds_id (PRIMARY natural key)","logger":"task.stdout"}
{"timestamp":"2026-02-18T12:23:08.774477Z","level":"info","event":"","logger":"task.stdout"}
{"timestamp":"2026-02-18T12:23:08.774933Z","level":"info","event":"  Current max ds_key: 4502","logger":"task.stdout"}
{"timestamp":"2026-02-18T12:23:08.775515Z","level":"info","event":"","logger":"task.stdout"}
{"timestamp":"2026-02-18T12:23:08.775794Z","level":"info","event":"  Processing 45 API standings:","logger":"task.stdout"}
{"timestamp":"2026-02-18T12:23:08.776015Z","level":"info","event":"","logger":"task.stdout"}
{"timestamp":"2026-02-18T12:23:08.776451Z","level":"info","event":"ADD: ds_id=10000001 (new standing from API)","logger":"task.stdout"}
{"timestamp":"2026-02-18T12:23:08.776862Z","level":"info","event":"ADD: ds_id=10000002 (new standing from API)","logger":"task.stdout"}
{"timestamp":"2026-02-18T12:23:08.777355Z","level":"info","event":"ADD: ds_id=10000003 (new standing from API)","logger":"task.stdout"}
{"timestamp":"2026-02-18T12:23:08.779578Z","level":"info","event":"ADD: ds_id=10000004 (new standing from API)","logger":"task.stdout"}
{"timestamp":"2026-02-18T12:23:08.780037Z","level":"info","event":"ADD: ds_id=10000005 (new standing from API)","logger":"task.stdout"}
{"timestamp":"2026-02-18T12:23:08.780366Z","level":"info","event":"ADD: ds_id=10000006 (new standing from API)","logger":"task.stdout"}
{"timestamp":"2026-02-18T12:23:08.780649Z","level":"info","event":"ADD: ds_id=10000007 (new standing from API)","logger":"task.stdout"}
{"timestamp":"2026-02-18T12:23:08.781005Z","level":"info","event":"ADD: ds_id=10000008 (new standing from API)","logger":"task.stdout"}
{"timestamp":"2026-02-18T12:23:08.787567Z","level":"info","event":"ADD: ds_id=10000009 (new standing from API)","logger":"task.stdout"}
{"timestamp":"2026-02-18T12:23:08.793629Z","level":"info","event":"ADD: ds_id=10000010 (new standing from API)","logger":"task.stdout"}
{"timestamp":"2026-02-18T12:23:08.797304Z","level":"info","event":"ADD: ds_id=10000011 (new standing from API)","logger":"task.stdout"}
{"timestamp":"2026-02-18T12:23:08.798815Z","level":"info","event":"ADD: ds_id=10000012 (new standing from API)","logger":"task.stdout"}
{"timestamp":"2026-02-18T12:23:08.804163Z","level":"info","event":"ADD: ds_id=10000013 (new standing from API)","logger":"task.stdout"}
{"timestamp":"2026-02-18T12:23:08.820407Z","level":"info","event":"ADD: ds_id=10000014 (new standing from API)","logger":"task.stdout"}
{"timestamp":"2026-02-18T12:23:08.822710Z","level":"info","event":"ADD: ds_id=10000015 (new standing from API)","logger":"task.stdout"}
{"timestamp":"2026-02-18T12:23:08.825380Z","level":"info","event":"ADD: ds_id=10000016 (new standing from API)","logger":"task.stdout"}
{"timestamp":"2026-02-18T12:23:08.825818Z","level":"info","event":"ADD: ds_id=10000017 (new standing from API)","logger":"task.stdout"}
{"timestamp":"2026-02-18T12:23:08.831699Z","level":"info","event":"ADD: ds_id=10000018 (new standing from API)","logger":"task.stdout"}
{"timestamp":"2026-02-18T12:23:08.835129Z","level":"info","event":"ADD: ds_id=10000019 (new standing from API)","logger":"task.stdout"}
{"timestamp":"2026-02-18T12:23:08.849275Z","level":"info","event":"ADD: ds_id=10000020 (new standing from API)","logger":"task.stdout"}
{"timestamp":"2026-02-18T12:23:08.851039Z","level":"info","event":"ADD: ds_id=10000021 (new standing from API)","logger":"task.stdout"}
{"timestamp":"2026-02-18T12:23:08.855526Z","level":"info","event":"ADD: ds_id=10000022 (new standing from API)","logger":"task.stdout"}
{"timestamp":"2026-02-18T12:23:08.855917Z","level":"info","event":"ADD: ds_id=10000023 (new standing from API)","logger":"task.stdout"}
{"timestamp":"2026-02-18T12:23:08.856166Z","level":"info","event":"ADD: ds_id=10000024 (new standing from API)","logger":"task.stdout"}
{"timestamp":"2026-02-18T12:23:08.856446Z","level":"info","event":"ADD: ds_id=10000025 (new standing from API)","logger":"task.stdout"}
{"timestamp":"2026-02-18T12:23:08.856681Z","level":"info","event":"ADD: ds_id=10000026 (new standing from API)","logger":"task.stdout"}
{"timestamp":"2026-02-18T12:23:08.857557Z","level":"info","event":"ADD: ds_id=10000027 (new standing from API)","logger":"task.stdout"}
{"timestamp":"2026-02-18T12:23:08.864642Z","level":"info","event":"ADD: ds_id=10000028 (new standing from API)","logger":"task.stdout"}
{"timestamp":"2026-02-18T12:23:08.865345Z","level":"info","event":"ADD: ds_id=10000029 (new standing from API)","logger":"task.stdout"}
{"timestamp":"2026-02-18T12:23:08.870624Z","level":"info","event":"ADD: ds_id=10000030 (new standing from API)","logger":"task.stdout"}
{"timestamp":"2026-02-18T12:23:08.875725Z","level":"info","event":"ADD: ds_id=10000031 (new standing from API)","logger":"task.stdout"}
{"timestamp":"2026-02-18T12:23:08.877158Z","level":"info","event":"ADD: ds_id=10000032 (new standing from API)","logger":"task.stdout"}
{"timestamp":"2026-02-18T12:23:08.879887Z","level":"info","event":"ADD: ds_id=10000033 (new standing from API)","logger":"task.stdout"}
{"timestamp":"2026-02-18T12:23:08.882026Z","level":"info","event":"ADD: ds_id=10000034 (new standing from API)","logger":"task.stdout"}
{"timestamp":"2026-02-18T12:23:08.887738Z","level":"info","event":"ADD: ds_id=10000035 (new standing from API)","logger":"task.stdout"}
{"timestamp":"2026-02-18T12:23:08.890426Z","level":"info","event":"ADD: ds_id=10000036 (new standing from API)","logger":"task.stdout"}
{"timestamp":"2026-02-18T12:23:08.892978Z","level":"info","event":"ADD: ds_id=10000037 (new standing from API)","logger":"task.stdout"}
{"timestamp":"2026-02-18T12:23:08.894977Z","level":"info","event":"ADD: ds_id=10000038 (new standing from API)","logger":"task.stdout"}
{"timestamp":"2026-02-18T12:23:08.896835Z","level":"info","event":"ADD: ds_id=10000039 (new standing from API)","logger":"task.stdout"}
{"timestamp":"2026-02-18T12:23:08.898656Z","level":"info","event":"ADD: ds_id=10000040 (new standing from API)","logger":"task.stdout"}
{"timestamp":"2026-02-18T12:23:08.903881Z","level":"info","event":"ADD: ds_id=10000041 (new standing from API)","logger":"task.stdout"}
{"timestamp":"2026-02-18T12:23:08.906464Z","level":"info","event":"ADD: ds_id=10000042 (new standing from API)","logger":"task.stdout"}
{"timestamp":"2026-02-18T12:23:08.908633Z","level":"info","event":"ADD: ds_id=10000043 (new standing from API)","logger":"task.stdout"}
{"timestamp":"2026-02-18T12:23:08.910483Z","level":"info","event":"ADD: ds_id=10000044 (new standing from API)","logger":"task.stdout"}
{"timestamp":"2026-02-18T12:23:08.912314Z","level":"info","event":"ADD: ds_id=10000045 (new standing from API)","logger":"task.stdout"}
{"timestamp":"2026-02-18T12:23:08.918287Z","level":"info","event":"Merge complete: 4,547 total standings","logger":"task.stdout"}
{"timestamp":"2026-02-18T12:23:08.918706Z","level":"info","event":"","logger":"task.stdout"}
{"timestamp":"2026-02-18T12:23:08.918984Z","level":"info","event":"[STEP 7] Writing to Silver layer...","logger":"task.stdout"}
{"timestamp":"2026-02-18T12:23:08.942688Z","level":"info","event":"Uploaded facts/fact_driver_standings/fact_driver_standings.parquet (4547 rows)","logger":"task.stdout"}
{"timestamp":"2026-02-18T12:23:08.943088Z","level":"info","event":"Written to: s3://f1-silver/facts/fact_driver_standings/fact_driver_standings.parquet","logger":"task.stdout"}
{"timestamp":"2026-02-18T12:23:08.943301Z","level":"info","event":"","logger":"task.stdout"}
{"timestamp":"2026-02-18T12:23:08.943496Z","level":"info","event":"======================================================================","logger":"task.stdout"}
{"timestamp":"2026-02-18T12:23:08.943688Z","level":"info","event":"BACKFILL SUMMARY","logger":"task.stdout"}
{"timestamp":"2026-02-18T12:23:08.943854Z","level":"info","event":"======================================================================","logger":"task.stdout"}
{"timestamp":"2026-02-18T12:23:08.944059Z","level":"info","event":"  Existing standings in Silver: 4,502","logger":"task.stdout"}
{"timestamp":"2026-02-18T12:23:08.944238Z","level":"info","event":"  API standings scraped: 45","logger":"task.stdout"}
{"timestamp":"2026-02-18T12:23:08.944417Z","level":"info","event":"  Final standing count: 4,547","logger":"task.stdout"}
{"timestamp":"2026-02-18T12:23:08.944614Z","level":"info","event":"  New standings added: 45","logger":"task.stdout"}
{"timestamp":"2026-02-18T12:23:08.944851Z","level":"info","event":"","logger":"task.stdout"}
{"timestamp":"2026-02-18T12:23:08.945030Z","level":"info","event":"  Final source breakdown:","logger":"task.stdout"}
{"timestamp":"2026-02-18T12:23:08.945207Z","level":"info","event":"    f1_data.csv    : 4,502","logger":"task.stdout"}
{"timestamp":"2026-02-18T12:23:08.945397Z","level":"info","event":"    api            : 45","logger":"task.stdout"}
{"timestamp":"2026-02-18T12:23:08.945573Z","level":"info","event":"","logger":"task.stdout"}
{"timestamp":"2026-02-18T12:23:08.945774Z","level":"info","event":"  ds_id ranges:","logger":"task.stdout"}
{"timestamp":"2026-02-18T12:23:08.946011Z","level":"info","event":"    f1_data.csv    : 64928 - 72187","logger":"task.stdout"}
{"timestamp":"2026-02-18T12:23:08.946210Z","level":"info","event":"    api            : 10000001 - 10000045","logger":"task.stdout"}
{"timestamp":"2026-02-18T12:23:08.946431Z","level":"info","event":"======================================================================","logger":"task.stdout"}
{"timestamp":"2026-02-18T12:23:08.960713Z","level":"info","event":"Done. Returned value was: {'existing_count': 4502, 'api_scraped': 45, 'final_count': 4547, 'new_standings_added': 45}","logger":"airflow.task.operators.airflow.providers.standard.operators.python.PythonOperator","filename":"python.py","lineno":216}
{"timestamp":"2026-02-18T12:23:08.961391Z","level":"info","event":"Pushing xcom","ti":"RuntimeTaskInstance(id=UUID('019c70b3-6262-70e5-8473-51f3d9447908'), task_id='backfill_fact_driver_standings', dag_id='api_driverstandings_bronze_to_silver', run_id='manual__2026-02-18T12:22:09.348622+00:00', try_number=1, dag_version_id=UUID('019c6ff5-cc19-7d11-9ce3-d5e5630d5017'), map_index=-1, hostname='e4702b2ecf8f', context_carrier={}, task=<Task(PythonOperator): backfill_fact_driver_standings>, bundle_instance=LocalDagBundle(name=dags-folder), max_tries=2, start_date=datetime.datetime(2026, 2, 18, 12, 22, 15, 106471, tzinfo=datetime.timezone.utc), end_date=None, state=<TaskInstanceState.RUNNING: 'running'>, is_mapped=False, rendered_map_index=None)","logger":"task","filename":"task_runner.py","lineno":1450}
