{"timestamp":"2026-02-09T08:28:14.588647Z","level":"info","event":"DAG bundles loaded: dags-folder, example_dags","logger":"airflow.dag_processing.bundles.manager.DagBundlesManager","filename":"manager.py","lineno":179}
{"timestamp":"2026-02-09T08:28:14.600729Z","level":"info","event":"Filling up the DagBag from /opt/airflow/dags/csv_bronze_to_silver.py","logger":"airflow.models.dagbag.DagBag","filename":"dagbag.py","lineno":593}
{"timestamp":"2026-02-09T08:28:15.920746Z","level":"info","event":"Task instance is in running state","logger":"task.stdout"}
{"timestamp":"2026-02-09T08:28:15.921520Z","level":"info","event":" Previous state of the Task instance: TaskInstanceState.QUEUED","logger":"task.stdout"}
{"timestamp":"2026-02-09T08:28:15.922452Z","level":"info","event":"Current task name:transform_fact_race_results","logger":"task.stdout"}
{"timestamp":"2026-02-09T08:28:15.923671Z","level":"info","event":"Dag name:csv_bronze_to_silver","logger":"task.stdout"}
{"timestamp":"2026-02-09T08:28:15.953613Z","level":"info","event":"TRANSFORM: fact_race_results → Silver (Parquet with surrogate keys)","logger":"task.stdout"}
{"timestamp":"2026-02-09T08:28:33.695459Z","level":"warning","event":"Columns (7,8,13,14,17,42,45,63) have mixed types. Specify dtype option on import or set low_memory=False.","category":"DtypeWarning","filename":"/opt/airflow/dags/csv_bronze_to_silver.py","lineno":320,"logger":"py.warnings"}
{"timestamp":"2026-02-09T08:28:34.575331Z","level":"info","event":" Downloaded dimensions/dim_driver/dim_driver.parquet (65 rows)","logger":"task.stdout"}
{"timestamp":"2026-02-09T08:28:34.581068Z","level":"info","event":" Downloaded dimensions/dim_constructor/dim_constructor.parquet (20 rows)","logger":"task.stdout"}
{"timestamp":"2026-02-09T08:28:34.588078Z","level":"info","event":" Downloaded dimensions/dim_race/dim_race.parquet (232 rows)","logger":"task.stdout"}
{"timestamp":"2026-02-09T08:28:34.594815Z","level":"info","event":" Downloaded dimensions/dim_time/dim_time.parquet (6940 rows)","logger":"task.stdout"}
{"timestamp":"2026-02-09T08:28:34.703343Z","level":"info","event":"Transformed 4,502 race results with surrogate keys","logger":"task.stdout"}
{"timestamp":"2026-02-09T08:28:34.725705Z","level":"info","event":" Uploaded facts/fact_race_results/year=2012/data.parquet (447 rows)","logger":"task.stdout"}
{"timestamp":"2026-02-09T08:28:34.726220Z","level":"info","event":"Year 2012: 447 rows","logger":"task.stdout"}
{"timestamp":"2026-02-09T08:28:34.741706Z","level":"info","event":" Uploaded facts/fact_race_results/year=2013/data.parquet (401 rows)","logger":"task.stdout"}
{"timestamp":"2026-02-09T08:28:34.742257Z","level":"info","event":"Year 2013: 401 rows","logger":"task.stdout"}
{"timestamp":"2026-02-09T08:28:34.755959Z","level":"info","event":" Uploaded facts/fact_race_results/year=2014/data.parquet (378 rows)","logger":"task.stdout"}
{"timestamp":"2026-02-09T08:28:34.756416Z","level":"info","event":"Year 2014: 378 rows","logger":"task.stdout"}
{"timestamp":"2026-02-09T08:28:34.771267Z","level":"info","event":" Uploaded facts/fact_race_results/year=2015/data.parquet (347 rows)","logger":"task.stdout"}
{"timestamp":"2026-02-09T08:28:34.771756Z","level":"info","event":"Year 2015: 347 rows","logger":"task.stdout"}
{"timestamp":"2026-02-09T08:28:34.784685Z","level":"info","event":" Uploaded facts/fact_race_results/year=2016/data.parquet (431 rows)","logger":"task.stdout"}
{"timestamp":"2026-02-09T08:28:34.787291Z","level":"info","event":"Year 2016: 431 rows","logger":"task.stdout"}
{"timestamp":"2026-02-09T08:28:34.797870Z","level":"info","event":" Uploaded facts/fact_race_results/year=2017/data.parquet (357 rows)","logger":"task.stdout"}
{"timestamp":"2026-02-09T08:28:34.798260Z","level":"info","event":"Year 2017: 357 rows","logger":"task.stdout"}
{"timestamp":"2026-02-09T08:28:34.813409Z","level":"info","event":" Uploaded facts/fact_race_results/year=2018/data.parquet (382 rows)","logger":"task.stdout"}
{"timestamp":"2026-02-09T08:28:34.813847Z","level":"info","event":"Year 2018: 382 rows","logger":"task.stdout"}
{"timestamp":"2026-02-09T08:28:34.835275Z","level":"info","event":" Uploaded facts/fact_race_results/year=2019/data.parquet (409 rows)","logger":"task.stdout"}
{"timestamp":"2026-02-09T08:28:34.835778Z","level":"info","event":"Year 2019: 409 rows","logger":"task.stdout"}
{"timestamp":"2026-02-09T08:28:34.872225Z","level":"info","event":" Uploaded facts/fact_race_results/year=2020/data.parquet (313 rows)","logger":"task.stdout"}
{"timestamp":"2026-02-09T08:28:34.874296Z","level":"info","event":"Year 2020: 313 rows","logger":"task.stdout"}
{"timestamp":"2026-02-09T08:28:34.890717Z","level":"info","event":" Uploaded facts/fact_race_results/year=2021/data.parquet (397 rows)","logger":"task.stdout"}
{"timestamp":"2026-02-09T08:28:34.895215Z","level":"info","event":"Year 2021: 397 rows","logger":"task.stdout"}
{"timestamp":"2026-02-09T08:28:34.903680Z","level":"info","event":" Uploaded facts/fact_race_results/year=2022/data.parquet (410 rows)","logger":"task.stdout"}
{"timestamp":"2026-02-09T08:28:34.907278Z","level":"info","event":"Year 2022: 410 rows","logger":"task.stdout"}
{"timestamp":"2026-02-09T08:28:34.916326Z","level":"info","event":" Uploaded facts/fact_race_results/year=2023/data.parquet (230 rows)","logger":"task.stdout"}
{"timestamp":"2026-02-09T08:28:34.916857Z","level":"info","event":"Year 2023: 230 rows","logger":"task.stdout"}
{"timestamp":"2026-02-09T08:28:34.987254Z","level":"info","event":"Done. Returned value was: 4502","logger":"airflow.task.operators.airflow.providers.standard.operators.python.PythonOperator","filename":"python.py","lineno":216}
{"timestamp":"2026-02-09T08:28:34.987604Z","level":"info","event":"Pushing xcom","ti":"RuntimeTaskInstance(id=UUID('019c4183-6bff-7510-8195-8d7278030019'), task_id='transform_fact_race_results', dag_id='csv_bronze_to_silver', run_id='manual__2026-02-09T08:27:36+00:00', try_number=1, dag_version_id=UUID('019c416b-b74f-7cbe-bc3c-77c22eb19784'), map_index=-1, hostname='ced332f26f0a', context_carrier={}, task=<Task(PythonOperator): transform_fact_race_results>, bundle_instance=LocalDagBundle(name=dags-folder), max_tries=1, start_date=datetime.datetime(2026, 2, 9, 8, 28, 10, 850601, tzinfo=datetime.timezone.utc), end_date=None, state=<TaskInstanceState.RUNNING: 'running'>, is_mapped=False, rendered_map_index=None)","logger":"task","filename":"task_runner.py","lineno":1450}
{"timestamp":"2026-02-09T08:28:35.039770Z","level":"info","event":"Task instance in success state","logger":"task.stdout"}
{"timestamp":"2026-02-09T08:28:35.040107Z","level":"info","event":" Previous state of the Task instance: TaskInstanceState.RUNNING","logger":"task.stdout"}
{"timestamp":"2026-02-09T08:28:35.040487Z","level":"info","event":"Task operator:<Task(PythonOperator): transform_fact_race_results>","logger":"task.stdout"}
