{"timestamp":"2026-02-16T11:27:05.894815Z","level":"info","event":"DAG bundles loaded: dags-folder","logger":"airflow.dag_processing.bundles.manager.DagBundlesManager","filename":"manager.py","lineno":179}
{"timestamp":"2026-02-16T11:27:05.901983Z","level":"info","event":"Filling up the DagBag from /opt/airflow/dags/weekly_streaming_pipeline.py","logger":"airflow.models.dagbag.DagBag","filename":"dagbag.py","lineno":593}
{"timestamp":"2026-02-16T11:27:09.771851Z","level":"info","event":"","logger":"task.stdout"}
{"timestamp":"2026-02-16T11:27:09.772938Z","level":"info","event":"[PRODUCER] Starting fact_pitstops production...","logger":"task.stdout"}
{"timestamp":"2026-02-16T11:27:09.775775Z","level":"info","event":"<BrokerConnection client_id=f1-streaming-pipeline, node_id=bootstrap-0 host=kafka:29092 <connecting> [IPv4 ('172.18.0.4', 29092)]>: connecting to kafka:29092 [('172.18.0.4', 29092) IPv4]","logger":"kafka.conn","filename":"conn.py","lineno":395}
{"timestamp":"2026-02-16T11:27:09.783813Z","level":"info","event":"<BrokerConnection client_id=f1-streaming-pipeline, node_id=bootstrap-0 host=kafka:29092 <checking_api_versions_recv> [IPv4 ('172.18.0.4', 29092)]>: Broker version identified as 2.6","logger":"kafka.conn","filename":"conn.py","lineno":615}
{"timestamp":"2026-02-16T11:27:09.787455Z","level":"info","event":"<BrokerConnection client_id=f1-streaming-pipeline, node_id=bootstrap-0 host=kafka:29092 <connected> [IPv4 ('172.18.0.4', 29092)]>: Connection complete.","logger":"kafka.conn","filename":"conn.py","lineno":456}
{"timestamp":"2026-02-16T11:27:09.792159Z","level":"info","event":"","logger":"task.stdout"}
{"timestamp":"2026-02-16T11:27:09.793329Z","level":"info","event":"======================================================================","logger":"task.stdout"}
{"timestamp":"2026-02-16T11:27:09.793993Z","level":"info","event":"PRODUCING PITSTOPS FOR 2026 → Kafka Topic: fact-pitstops","logger":"task.stdout"}
{"timestamp":"2026-02-16T11:27:09.794576Z","level":"info","event":"======================================================================","logger":"task.stdout"}
{"timestamp":"2026-02-16T11:27:09.795029Z","level":"info","event":"","logger":"task.stdout"}
{"timestamp":"2026-02-16T11:27:09.795528Z","level":"info","event":"","logger":"task.stdout"}
{"timestamp":"2026-02-16T11:27:09.795991Z","level":"info","event":"======================================================================","logger":"task.stdout"}
{"timestamp":"2026-02-16T11:27:09.796483Z","level":"info","event":"SCRAPING PIT STOPS FROM ERGAST API: 2026-2026","logger":"task.stdout"}
{"timestamp":"2026-02-16T11:27:09.796933Z","level":"info","event":"======================================================================","logger":"task.stdout"}
{"timestamp":"2026-02-16T11:27:09.797404Z","level":"info","event":"","logger":"task.stdout"}
{"timestamp":"2026-02-16T11:27:09.797853Z","level":"info","event":"","logger":"task.stdout"}
{"timestamp":"2026-02-16T11:27:09.798391Z","level":"info","event":"======================================================================","logger":"task.stdout"}
{"timestamp":"2026-02-16T11:27:09.798914Z","level":"info","event":"SCRAPING PIT STOPS FOR 2026","logger":"task.stdout"}
{"timestamp":"2026-02-16T11:27:09.799384Z","level":"info","event":"======================================================================","logger":"task.stdout"}
{"timestamp":"2026-02-16T11:27:09.799834Z","level":"info","event":"","logger":"task.stdout"}
{"timestamp":"2026-02-16T11:27:09.800487Z","level":"info","event":"Fetching pit stops for 2026 Round 1...","logger":"task.stdout"}
{"timestamp":"2026-02-16T11:27:13.834589Z","level":"info","event":"  No data for 2026 Round 1","logger":"task.stdout"}
{"timestamp":"2026-02-16T11:27:13.835274Z","level":"info","event":"Fetching pit stops for 2026 Round 2...","logger":"task.stdout"}
{"timestamp":"2026-02-16T11:27:17.374293Z","level":"info","event":"  No data for 2026 Round 2","logger":"task.stdout"}
{"timestamp":"2026-02-16T11:27:17.374907Z","level":"info","event":"Fetching pit stops for 2026 Round 3...","logger":"task.stdout"}
{"timestamp":"2026-02-16T11:27:21.374674Z","level":"info","event":"  No data for 2026 Round 3","logger":"task.stdout"}
{"timestamp":"2026-02-16T11:27:21.375296Z","level":"info","event":"  Stopping: 3 consecutive empty rounds detected","logger":"task.stdout"}
{"timestamp":"2026-02-16T11:27:21.375823Z","level":"info","event":"","logger":"task.stdout"}
{"timestamp":"2026-02-16T11:27:21.376366Z","level":"info","event":"Total pit stops for 2026: 0","logger":"task.stdout"}
{"timestamp":"2026-02-16T11:27:21.391267Z","level":"info","event":"","logger":"task.stdout"}
{"timestamp":"2026-02-16T11:27:21.391868Z","level":"info","event":"======================================================================","logger":"task.stdout"}
{"timestamp":"2026-02-16T11:27:21.392355Z","level":"info","event":"SCRAPING COMPLETE","logger":"task.stdout"}
{"timestamp":"2026-02-16T11:27:21.392879Z","level":"info","event":"Total pit stops: 0","logger":"task.stdout"}
{"timestamp":"2026-02-16T11:27:21.393398Z","level":"info","event":"Years covered: 2026-2026","logger":"task.stdout"}
{"timestamp":"2026-02-16T11:27:21.393895Z","level":"info","event":"======================================================================","logger":"task.stdout"}
{"timestamp":"2026-02-16T11:27:21.394229Z","level":"info","event":"","logger":"task.stdout"}
{"timestamp":"2026-02-16T11:27:21.394730Z","level":"info","event":"Transforming API data to Silver schema...","logger":"task.stdout"}
{"timestamp":"2026-02-16T11:27:21.395169Z","level":"info","event":"No data found - returning empty DataFrame with schema: ['driver_ref', 'race_year', 'race_round', 'stop_number', 'lap', 'pit_time', 'duration_seconds', 'year', 'source', 'created_at']","logger":"task.stdout"}
{"timestamp":"2026-02-16T11:27:21.395642Z","level":"info","event":"⚠️  No pitstop records found for 2026","logger":"task.stdout"}
{"timestamp":"2026-02-16T11:27:21.377910Z","level":"info","event":"<KafkaProducer client_id=f1-streaming-pipeline transactional_id=None>: Closing the Kafka producer with 9223372036.0 secs timeout.","logger":"kafka.producer.kafka","filename":"kafka.py","lineno":630}
{"timestamp":"2026-02-16T11:27:21.378512Z","level":"info","event":"<BrokerConnection client_id=f1-streaming-pipeline, node_id=bootstrap-0 host=kafka:29092 <connected> [IPv4 ('172.18.0.4', 29092)]>: Closing connection. ","logger":"kafka.conn","filename":"conn.py","lineno":936}
{"timestamp":"2026-02-16T11:27:21.412971Z","level":"info","event":"[PRODUCER] Completed: {'sent': 0, 'failed': 0}","logger":"task.stdout"}
{"timestamp":"2026-02-16T11:27:21.414355Z","level":"info","event":"Done. Returned value was: {'sent': 0, 'failed': 0}","logger":"airflow.task.operators.airflow.providers.standard.operators.python.PythonOperator","filename":"python.py","lineno":216}
{"timestamp":"2026-02-16T11:27:21.414759Z","level":"info","event":"Pushing xcom","ti":"RuntimeTaskInstance(id=UUID('019c6634-2e24-729e-ad70-b4a05f4c5acc'), task_id='produce_fact_pitstops', dag_id='weekly_streaming_f1_etl', run_id='manual__2026-02-16T11:27:00+00:00', try_number=1, dag_version_id=UUID('019c61bd-e638-74f5-b658-bbd5e8d757b9'), map_index=-1, hostname='8ca1c3cee112', context_carrier={}, task=<Task(PythonOperator): produce_fact_pitstops>, bundle_instance=LocalDagBundle(name=dags-folder), max_tries=2, start_date=datetime.datetime(2026, 2, 16, 11, 27, 5, 263187, tzinfo=datetime.timezone.utc), end_date=None, state=<TaskInstanceState.RUNNING: 'running'>, is_mapped=False, rendered_map_index=None)","logger":"task","filename":"task_runner.py","lineno":1450}
