{"timestamp":"2026-02-18T12:48:08.377582Z","level":"info","event":"DAG bundles loaded: dags-folder","logger":"airflow.dag_processing.bundles.manager.DagBundlesManager","filename":"manager.py","lineno":179}
{"timestamp":"2026-02-18T12:48:08.378707Z","level":"info","event":"Filling up the DagBag from /opt/airflow/dags/csv_bronze_to_silver.py","logger":"airflow.models.dagbag.DagBag","filename":"dagbag.py","lineno":593}
{"timestamp":"2026-02-18T12:48:08.892983Z","level":"info","event":"============================================================","logger":"task.stdout"}
{"timestamp":"2026-02-18T12:48:08.893621Z","level":"info","event":"EXTRACT: Reading Bronze CSV and uploading to MinIO","logger":"task.stdout"}
{"timestamp":"2026-02-18T12:48:08.893989Z","level":"info","event":"============================================================","logger":"task.stdout"}
{"timestamp":"2026-02-18T12:48:08.894265Z","level":"info","event":"STEP 1: Reading CSV with low_memory=False...","logger":"task.stdout"}
{"timestamp":"2026-02-18T12:48:19.048098Z","level":"info","event":"STEP 2: Loaded 518,417 rows from CSV","logger":"task.stdout"}
{"timestamp":"2026-02-18T12:48:19.048414Z","level":"info","event":"STEP 3: Cleaning data types...","logger":"task.stdout"}
{"timestamp":"2026-02-18T12:48:19.294905Z","level":"info","event":"  Fixed 'alt' column: float64","logger":"task.stdout"}
{"timestamp":"2026-02-18T12:48:20.303389Z","level":"info","event":"  Converted position to numeric","logger":"task.stdout"}
{"timestamp":"2026-02-18T12:48:20.572417Z","level":"info","event":"  Converted positionText to numeric","logger":"task.stdout"}
{"timestamp":"2026-02-18T12:48:21.517024Z","level":"info","event":"  Converted milliseconds to numeric","logger":"task.stdout"}
{"timestamp":"2026-02-18T12:48:21.803545Z","level":"info","event":"  Converted fastestLap to numeric","logger":"task.stdout"}
{"timestamp":"2026-02-18T12:48:22.543698Z","level":"info","event":"  Converted fastestLapSpeed to numeric","logger":"task.stdout"}
{"timestamp":"2026-02-18T12:48:31.454784Z","level":"info","event":"  Converted number_drivers to numeric","logger":"task.stdout"}
{"timestamp":"2026-02-18T12:48:37.872148Z","level":"info","event":"  Converted duration to numeric","logger":"task.stdout"}
{"timestamp":"2026-02-18T12:48:38.421216Z","level":"info","event":"STEP 4: Initializing MinIO and creating buckets if needed...","logger":"task.stdout"}
{"timestamp":"2026-02-18T12:48:38.425174Z","level":"info","event":"  Bucket f1-bronze already exists","logger":"task.stdout"}
{"timestamp":"2026-02-18T12:48:38.427552Z","level":"info","event":"  Bucket f1-silver already exists","logger":"task.stdout"}
{"timestamp":"2026-02-18T12:48:38.427997Z","level":"info","event":"STEP 5: Uploading to MinIO...","logger":"task.stdout"}
{"timestamp":"2026-02-18T12:48:40.521189Z","level":"info","event":"Uploaded raw_data/f1_data.parquet (518417 rows)","logger":"task.stdout"}
{"timestamp":"2026-02-18T12:48:40.531584Z","level":"info","event":"STEP 6: Upload complete!","logger":"task.stdout"}
{"timestamp":"2026-02-18T12:48:40.606311Z","level":"info","event":"Done. Returned value was: 518417","logger":"airflow.task.operators.airflow.providers.standard.operators.python.PythonOperator","filename":"python.py","lineno":216}
{"timestamp":"2026-02-18T12:48:40.606607Z","level":"info","event":"Pushing xcom","ti":"RuntimeTaskInstance(id=UUID('019c70cb-2501-76f1-a0db-b2a52cc5c5ca'), task_id='extract_bronze', dag_id='csv_bronze_to_silver', run_id='manual__2026-02-18T12:48:07.267077+00:00', try_number=1, dag_version_id=UUID('019c6ff5-bd25-7820-9704-b1e246fc82fa'), map_index=-1, hostname='e4702b2ecf8f', context_carrier={}, task=<Task(PythonOperator): extract_bronze>, bundle_instance=LocalDagBundle(name=dags-folder), max_tries=1, start_date=datetime.datetime(2026, 2, 18, 12, 48, 8, 337806, tzinfo=datetime.timezone.utc), end_date=None, state=<TaskInstanceState.RUNNING: 'running'>, is_mapped=False, rendered_map_index=None)","logger":"task","filename":"task_runner.py","lineno":1450}
