{"timestamp":"2026-02-16T15:12:55.352014Z","level":"info","event":"DAG bundles loaded: dags-folder","logger":"airflow.dag_processing.bundles.manager.DagBundlesManager","filename":"manager.py","lineno":179}
{"timestamp":"2026-02-16T15:12:55.365329Z","level":"info","event":"Filling up the DagBag from /opt/airflow/dags/all_silver_to_gold.py","logger":"airflow.models.dagbag.DagBag","filename":"dagbag.py","lineno":593}
{"timestamp":"2026-02-16T15:12:57.420039Z","level":"info","event":"TRANSFORM: fact_pitstops -> Gold PostgreSQL","logger":"task.stdout"}
{"timestamp":"2026-02-16T15:12:57.542921Z","level":"info","event":" Downloaded facts/fact_pitstops/year=2012/data.parquet (946 rows)","logger":"task.stdout"}
{"timestamp":"2026-02-16T15:12:57.566106Z","level":"info","event":" Downloaded facts/fact_pitstops/year=2013/data.parquet (951 rows)","logger":"task.stdout"}
{"timestamp":"2026-02-16T15:12:57.604736Z","level":"info","event":" Downloaded facts/fact_pitstops/year=2014/data.parquet (816 rows)","logger":"task.stdout"}
{"timestamp":"2026-02-16T15:12:57.649608Z","level":"info","event":" Downloaded facts/fact_pitstops/year=2015/data.parquet (741 rows)","logger":"task.stdout"}
{"timestamp":"2026-02-16T15:12:57.660672Z","level":"info","event":" Downloaded facts/fact_pitstops/year=2016/data.parquet (989 rows)","logger":"task.stdout"}
{"timestamp":"2026-02-16T15:12:57.675526Z","level":"info","event":" Downloaded facts/fact_pitstops/year=2017/data.parquet (694 rows)","logger":"task.stdout"}
{"timestamp":"2026-02-16T15:12:57.703863Z","level":"info","event":" Downloaded facts/fact_pitstops/year=2018/data.parquet (536 rows)","logger":"task.stdout"}
{"timestamp":"2026-02-16T15:12:57.719444Z","level":"info","event":" Downloaded facts/fact_pitstops/year=2019/data.parquet (650 rows)","logger":"task.stdout"}
{"timestamp":"2026-02-16T15:12:57.742748Z","level":"info","event":" Downloaded facts/fact_pitstops/year=2020/data.parquet (594 rows)","logger":"task.stdout"}
{"timestamp":"2026-02-16T15:12:57.761087Z","level":"info","event":" Downloaded facts/fact_pitstops/year=2021/data.parquet (798 rows)","logger":"task.stdout"}
{"timestamp":"2026-02-16T15:12:57.773823Z","level":"info","event":" Downloaded facts/fact_pitstops/year=2022/data.parquet (805 rows)","logger":"task.stdout"}
{"timestamp":"2026-02-16T15:12:57.789536Z","level":"info","event":" Downloaded facts/fact_pitstops/year=2023/data.parquet (455 rows)","logger":"task.stdout"}
{"timestamp":"2026-02-16T15:12:57.810565Z","level":"info","event":" Downloaded facts/fact_pitstops/year=2024/data.parquet (825 rows)","logger":"task.stdout"}
{"timestamp":"2026-02-16T15:12:57.830158Z","level":"info","event":" Downloaded facts/fact_pitstops/year=2025/data.parquet (821 rows)","logger":"task.stdout"}
{"timestamp":"2026-02-16T15:12:57.837268Z","level":"info","event":"Error reading facts/fact_pitstops/year=2026/data.parquet: S3 operation failed; code: NoSuchKey, message: The specified key does not exist., resource: /f1-silver/facts/fact_pitstops/year=2026/data.parquet, request_id: 1894C2D5FF6D2B99, host_id: dd9025bab4ad464b049177c95eb6ebf374d3b3fd1af9251148b658df7ac2e3e8, bucket_name: f1-silver, object_name: facts/fact_pitstops/year=2026/data.parquet","logger":"task.stdout"}
{"timestamp":"2026-02-16T15:12:57.846252Z","level":"info","event":"Error reading facts/fact_pitstops/year=2027/data.parquet: S3 operation failed; code: NoSuchKey, message: The specified key does not exist., resource: /f1-silver/facts/fact_pitstops/year=2027/data.parquet, request_id: 1894C2D5FFDC5F50, host_id: dd9025bab4ad464b049177c95eb6ebf374d3b3fd1af9251148b658df7ac2e3e8, bucket_name: f1-silver, object_name: facts/fact_pitstops/year=2027/data.parquet","logger":"task.stdout"}
{"timestamp":"2026-02-16T15:12:57.850260Z","level":"info","event":"Error reading facts/fact_pitstops/year=2028/data.parquet: S3 operation failed; code: NoSuchKey, message: The specified key does not exist., resource: /f1-silver/facts/fact_pitstops/year=2028/data.parquet, request_id: 1894C2D600539339, host_id: dd9025bab4ad464b049177c95eb6ebf374d3b3fd1af9251148b658df7ac2e3e8, bucket_name: f1-silver, object_name: facts/fact_pitstops/year=2028/data.parquet","logger":"task.stdout"}
{"timestamp":"2026-02-16T15:12:57.857873Z","level":"info","event":"Error reading facts/fact_pitstops/year=2029/data.parquet: S3 operation failed; code: NoSuchKey, message: The specified key does not exist., resource: /f1-silver/facts/fact_pitstops/year=2029/data.parquet, request_id: 1894C2D600B1E393, host_id: dd9025bab4ad464b049177c95eb6ebf374d3b3fd1af9251148b658df7ac2e3e8, bucket_name: f1-silver, object_name: facts/fact_pitstops/year=2029/data.parquet","logger":"task.stdout"}
{"timestamp":"2026-02-16T15:12:57.863885Z","level":"info","event":"Error reading facts/fact_pitstops/year=2030/data.parquet: S3 operation failed; code: NoSuchKey, message: The specified key does not exist., resource: /f1-silver/facts/fact_pitstops/year=2030/data.parquet, request_id: 1894C2D6011710B2, host_id: dd9025bab4ad464b049177c95eb6ebf374d3b3fd1af9251148b658df7ac2e3e8, bucket_name: f1-silver, object_name: facts/fact_pitstops/year=2030/data.parquet","logger":"task.stdout"}
{"timestamp":"2026-02-16T15:12:57.932337Z","level":"info","event":"Transformed 10621 pitstops","logger":"task.stdout"}
{"timestamp":"2026-02-16T15:12:57.935014Z","level":"info","event":"Transformed 10621 race results","logger":"task.stdout"}
{"timestamp":"2026-02-16T15:13:07.596525Z","level":"info","event":"Loaded 10621 pitstops to PostgreSQL","logger":"task.stdout"}
{"timestamp":"2026-02-16T15:13:07.599246Z","level":"info","event":"Done. Returned value was: 10621","logger":"airflow.task.operators.airflow.providers.standard.operators.python.PythonOperator","filename":"python.py","lineno":216}
{"timestamp":"2026-02-16T15:13:07.599913Z","level":"info","event":"Pushing xcom","ti":"RuntimeTaskInstance(id=UUID('019c6702-cdc7-76df-a486-08e0969e5cdd'), task_id='transform_gold_fact_pitstops', dag_id='all_silver_to_gold', run_id='manual__2026-02-16T15:12:41+00:00', try_number=1, dag_version_id=UUID('019c66aa-799f-705c-84ff-183cd8aa535c'), map_index=-1, hostname='9ffd7d06cb04', context_carrier={}, task=<Task(PythonOperator): transform_gold_fact_pitstops>, bundle_instance=LocalDagBundle(name=dags-folder), max_tries=1, start_date=datetime.datetime(2026, 2, 16, 15, 12, 55, 109520, tzinfo=datetime.timezone.utc), end_date=None, state=<TaskInstanceState.RUNNING: 'running'>, is_mapped=False, rendered_map_index=None)","logger":"task","filename":"task_runner.py","lineno":1450}
