{"timestamp":"2026-02-15T12:35:03.748587Z","level":"info","event":"DAG bundles loaded: dags-folder","logger":"airflow.dag_processing.bundles.manager.DagBundlesManager","filename":"manager.py","lineno":179}
{"timestamp":"2026-02-15T12:35:03.768939Z","level":"info","event":"Filling up the DagBag from /opt/airflow/dags/master_pipeline.py","logger":"airflow.models.dagbag.DagBag","filename":"dagbag.py","lineno":593}
{"timestamp":"2026-02-15T12:35:04.160330Z","level":"warning","event":"The `airflow.operators.trigger_dagrun.TriggerDagRunOperator` attribute is deprecated. Please use `'airflow.providers.standard.operators.trigger_dagrun.TriggerDagRunOperator'`.","category":"DeprecatedImportWarning","filename":"/opt/airflow/dags/master_pipeline.py","lineno":34,"logger":"py.warnings"}
{"timestamp":"2026-02-15T12:35:04.160845Z","level":"warning","event":"The `airflow.operators.python.PythonOperator` attribute is deprecated. Please use `'airflow.providers.standard.operators.python.PythonOperator'`.","category":"DeprecatedImportWarning","filename":"/opt/airflow/dags/master_pipeline.py","lineno":35,"logger":"py.warnings"}
{"timestamp":"2026-02-15T12:35:04.420548Z","level":"info","event":"","logger":"task.stdout"}
{"timestamp":"2026-02-15T12:35:04.422502Z","level":"info","event":"================================================================================","logger":"task.stdout"}
{"timestamp":"2026-02-15T12:35:04.423813Z","level":"info","event":"F1 ETL MASTER PIPELINE STARTED","logger":"task.stdout"}
{"timestamp":"2026-02-15T12:35:04.425233Z","level":"info","event":"================================================================================","logger":"task.stdout"}
{"timestamp":"2026-02-15T12:35:04.426523Z","level":"info","event":"","logger":"task.stdout"}
{"timestamp":"2026-02-15T12:35:04.427174Z","level":"info","event":"Pipeline Flow:","logger":"task.stdout"}
{"timestamp":"2026-02-15T12:35:04.428561Z","level":"info","event":"  1. CSV → Silver (Dimensions + Facts)","logger":"task.stdout"}
{"timestamp":"2026-02-15T12:35:04.429316Z","level":"info","event":"  2-5. API Dimensions → Silver (PARALLEL)","logger":"task.stdout"}
{"timestamp":"2026-02-15T12:35:04.429920Z","level":"info","event":"     ├─ Constructors","logger":"task.stdout"}
{"timestamp":"2026-02-15T12:35:04.430701Z","level":"info","event":"     ├─ Drivers","logger":"task.stdout"}
{"timestamp":"2026-02-15T12:35:04.431404Z","level":"info","event":"     ├─ Circuits","logger":"task.stdout"}
{"timestamp":"2026-02-15T12:35:04.432024Z","level":"info","event":"     └─ Races","logger":"task.stdout"}
{"timestamp":"2026-02-15T12:35:04.432794Z","level":"info","event":"  6-10. API Facts → Silver (PARALLEL)","logger":"task.stdout"}
{"timestamp":"2026-02-15T12:35:04.433636Z","level":"info","event":"      ├─ Results","logger":"task.stdout"}
{"timestamp":"2026-02-15T12:35:04.434898Z","level":"info","event":"      ├─ Laps","logger":"task.stdout"}
{"timestamp":"2026-02-15T12:35:04.436169Z","level":"info","event":"      ├─ Pitstops","logger":"task.stdout"}
{"timestamp":"2026-02-15T12:35:04.436896Z","level":"info","event":"      ├─ Driver Standings","logger":"task.stdout"}
{"timestamp":"2026-02-15T12:35:04.437478Z","level":"info","event":"      └─ Constructor Standings","logger":"task.stdout"}
{"timestamp":"2026-02-15T12:35:04.438255Z","level":"info","event":"  11. Silver → Gold (PostgreSQL)","logger":"task.stdout"}
{"timestamp":"2026-02-15T12:35:04.438923Z","level":"info","event":"","logger":"task.stdout"}
{"timestamp":"2026-02-15T12:35:04.439496Z","level":"info","event":"================================================================================","logger":"task.stdout"}
{"timestamp":"2026-02-15T12:35:04.440119Z","level":"info","event":"","logger":"task.stdout"}
{"timestamp":"2026-02-15T12:35:04.417354Z","level":"info","event":"Done. Returned value was: None","logger":"airflow.task.operators.airflow.providers.standard.operators.python.PythonOperator","filename":"python.py","lineno":216}
