{"timestamp":"2026-02-09T10:10:25.502008Z","level":"info","event":"DAG bundles loaded: dags-folder, example_dags","logger":"airflow.dag_processing.bundles.manager.DagBundlesManager","filename":"manager.py","lineno":179}
{"timestamp":"2026-02-09T10:10:25.506679Z","level":"info","event":"Filling up the DagBag from /opt/airflow/dags/api_etl/api_circuits_bronze_to_silver.py","logger":"airflow.models.dagbag.DagBag","filename":"dagbag.py","lineno":593}
{"timestamp":"2026-02-09T10:10:25.733679Z","level":"info","event":"Task instance is in running state","logger":"task.stdout"}
{"timestamp":"2026-02-09T10:10:25.734310Z","level":"info","event":" Previous state of the Task instance: TaskInstanceState.QUEUED","logger":"task.stdout"}
{"timestamp":"2026-02-09T10:10:25.734688Z","level":"info","event":"Current task name:backfill_dim_constructor","logger":"task.stdout"}
{"timestamp":"2026-02-09T10:10:25.735035Z","level":"info","event":"Dag name:api_circuits_bronze_to_silver","logger":"task.stdout"}
{"timestamp":"2026-02-09T10:10:25.739338Z","level":"info","event":"======================================================================","logger":"task.stdout"}
{"timestamp":"2026-02-09T10:10:25.739779Z","level":"info","event":"F1 CIRCUIT BACKFILL: ERGAST API → SILVER","logger":"task.stdout"}
{"timestamp":"2026-02-09T10:10:25.740105Z","level":"info","event":"======================================================================","logger":"task.stdout"}
{"timestamp":"2026-02-09T10:10:25.741747Z","level":"info","event":"","logger":"task.stdout"}
{"timestamp":"2026-02-09T10:10:25.742093Z","level":"info","event":"[STEP 1] Scraping API...","logger":"task.stdout"}
{"timestamp":"2026-02-09T10:10:25.742417Z","level":"info","event":"","logger":"task.stdout"}
{"timestamp":"2026-02-09T10:10:25.742732Z","level":"info","event":"======================================================================","logger":"task.stdout"}
{"timestamp":"2026-02-09T10:10:25.743049Z","level":"info","event":"SCRAPING CIRCUITS FROM API: 2011-2025","logger":"task.stdout"}
{"timestamp":"2026-02-09T10:10:25.743328Z","level":"info","event":"======================================================================","logger":"task.stdout"}
{"timestamp":"2026-02-09T10:10:25.743604Z","level":"info","event":"","logger":"task.stdout"}
{"timestamp":"2026-02-09T10:10:25.743871Z","level":"info","event":"Fetching circuits for 2011...","logger":"task.stdout"}
{"timestamp":"2026-02-09T10:10:37.721849Z","level":"info","event":"19 circuits found","logger":"task.stdout"}
{"timestamp":"2026-02-09T10:10:37.722205Z","level":"info","event":"Fetching circuits for 2012...","logger":"task.stdout"}
{"timestamp":"2026-02-09T10:10:50.752042Z","level":"info","event":"20 circuits found","logger":"task.stdout"}
{"timestamp":"2026-02-09T10:10:50.752584Z","level":"info","event":"Fetching circuits for 2013...","logger":"task.stdout"}
{"timestamp":"2026-02-09T10:11:04.927826Z","level":"info","event":"19 circuits found","logger":"task.stdout"}
{"timestamp":"2026-02-09T10:11:04.928290Z","level":"info","event":"Fetching circuits for 2014...","logger":"task.stdout"}
{"timestamp":"2026-02-09T10:11:15.930470Z","level":"info","event":"19 circuits found","logger":"task.stdout"}
{"timestamp":"2026-02-09T10:11:15.930754Z","level":"info","event":"Fetching circuits for 2015...","logger":"task.stdout"}
{"timestamp":"2026-02-09T10:11:28.976482Z","level":"info","event":"19 circuits found","logger":"task.stdout"}
{"timestamp":"2026-02-09T10:11:28.977105Z","level":"info","event":"Fetching circuits for 2016...","logger":"task.stdout"}
{"timestamp":"2026-02-09T10:11:41.523038Z","level":"info","event":"21 circuits found","logger":"task.stdout"}
{"timestamp":"2026-02-09T10:11:41.523391Z","level":"info","event":"Fetching circuits for 2017...","logger":"task.stdout"}
{"timestamp":"2026-02-09T10:11:55.550389Z","level":"info","event":"20 circuits found","logger":"task.stdout"}
{"timestamp":"2026-02-09T10:11:55.551090Z","level":"info","event":"Fetching circuits for 2018...","logger":"task.stdout"}
{"timestamp":"2026-02-09T10:12:07.696807Z","level":"info","event":"21 circuits found","logger":"task.stdout"}
{"timestamp":"2026-02-09T10:12:07.697211Z","level":"info","event":"Fetching circuits for 2019...","logger":"task.stdout"}
{"timestamp":"2026-02-09T10:12:20.048897Z","level":"info","event":"21 circuits found","logger":"task.stdout"}
{"timestamp":"2026-02-09T10:12:20.049264Z","level":"info","event":"Fetching circuits for 2020...","logger":"task.stdout"}
{"timestamp":"2026-02-09T10:12:30.520614Z","level":"info","event":"14 circuits found","logger":"task.stdout"}
{"timestamp":"2026-02-09T10:12:30.521090Z","level":"info","event":"Fetching circuits for 2021...","logger":"task.stdout"}
{"timestamp":"2026-02-09T10:12:42.333172Z","level":"info","event":"21 circuits found","logger":"task.stdout"}
{"timestamp":"2026-02-09T10:12:42.333770Z","level":"info","event":"Fetching circuits for 2022...","logger":"task.stdout"}
{"timestamp":"2026-02-09T10:12:53.444531Z","level":"info","event":"22 circuits found","logger":"task.stdout"}
{"timestamp":"2026-02-09T10:12:53.444951Z","level":"info","event":"Fetching circuits for 2023...","logger":"task.stdout"}
{"timestamp":"2026-02-09T10:13:08.187847Z","level":"info","event":"22 circuits found","logger":"task.stdout"}
{"timestamp":"2026-02-09T10:13:08.190161Z","level":"info","event":"Fetching circuits for 2024...","logger":"task.stdout"}
{"timestamp":"2026-02-09T10:13:20.431041Z","level":"info","event":"24 circuits found","logger":"task.stdout"}
{"timestamp":"2026-02-09T10:13:20.431640Z","level":"info","event":"Fetching circuits for 2025...","logger":"task.stdout"}
{"timestamp":"2026-02-09T10:13:34.282623Z","level":"info","event":"24 circuits found","logger":"task.stdout"}
{"timestamp":"2026-02-09T10:13:34.283330Z","level":"info","event":"","logger":"task.stdout"}
{"timestamp":"2026-02-09T10:13:34.283870Z","level":"info","event":"======================================================================","logger":"task.stdout"}
{"timestamp":"2026-02-09T10:13:34.284088Z","level":"info","event":"SCRAPING COMPLETE","logger":"task.stdout"}
{"timestamp":"2026-02-09T10:13:34.284354Z","level":"info","event":"Total records: 306","logger":"task.stdout"}
{"timestamp":"2026-02-09T10:13:34.284697Z","level":"info","event":"Unique constructors (by circuitId): 35","logger":"task.stdout"}
{"timestamp":"2026-02-09T10:13:34.284975Z","level":"info","event":"Years covered: 2011-2025","logger":"task.stdout"}
{"timestamp":"2026-02-09T10:13:34.285230Z","level":"info","event":"======================================================================","logger":"task.stdout"}
{"timestamp":"2026-02-09T10:13:34.285493Z","level":"info","event":"","logger":"task.stdout"}
{"timestamp":"2026-02-09T10:13:34.285759Z","level":"info","event":"API scraping complete: 306 circuit records","logger":"task.stdout"}
{"timestamp":"2026-02-09T10:13:34.286008Z","level":"info","event":"","logger":"task.stdout"}
{"timestamp":"2026-02-09T10:13:34.286553Z","level":"info","event":"[STEP 2] Transforming to Silver schema...","logger":"task.stdout"}
{"timestamp":"2026-02-09T10:13:34.282471Z","level":"error","event":"Task failed with exception","logger":"task","filename":"task_runner.py","lineno":1078,"error_detail":[{"exc_type":"AttributeError","exc_value":"'CircuitScrapper' object has no attribute 'transform_to_silver_schema'","exc_notes":[],"syntax_error":null,"is_cause":false,"frames":[{"filename":"/home/airflow/.local/lib/python3.12/site-packages/airflow/sdk/execution_time/task_runner.py","lineno":1004,"name":"run"},{"filename":"/home/airflow/.local/lib/python3.12/site-packages/airflow/sdk/execution_time/task_runner.py","lineno":1405,"name":"_execute_task"},{"filename":"/home/airflow/.local/lib/python3.12/site-packages/airflow/sdk/bases/operator.py","lineno":417,"name":"wrapper"},{"filename":"/home/airflow/.local/lib/python3.12/site-packages/airflow/providers/standard/operators/python.py","lineno":214,"name":"execute"},{"filename":"/home/airflow/.local/lib/python3.12/site-packages/airflow/providers/standard/operators/python.py","lineno":237,"name":"execute_callable"},{"filename":"/home/airflow/.local/lib/python3.12/site-packages/airflow/sdk/execution_time/callback_runner.py","lineno":82,"name":"run"},{"filename":"/opt/airflow/dags/api_etl/api_circuits_bronze_to_silver.py","lineno":180,"name":"backfill_dim_circuit"}],"is_group":false,"exceptions":[]}]}
{"timestamp":"2026-02-09T10:13:34.310310Z","level":"info","event":"Task instance in failure state","logger":"task.stdout"}
{"timestamp":"2026-02-09T10:13:34.310703Z","level":"info","event":"Task start","logger":"task.stdout"}
{"timestamp":"2026-02-09T10:13:34.314585Z","level":"info","event":"Task:<Task(PythonOperator): backfill_dim_constructor>","logger":"task.stdout"}
{"timestamp":"2026-02-09T10:13:34.314957Z","level":"info","event":"Failure caused by 'CircuitScrapper' object has no attribute 'transform_to_silver_schema'","logger":"task.stdout"}
