{"timestamp":"2026-02-26T18:21:25.267259Z","level":"info","event":"DAG bundles loaded: dags-folder","logger":"airflow.dag_processing.bundles.manager.DagBundlesManager","filename":"manager.py","lineno":179}
{"timestamp":"2026-02-26T18:21:25.346947Z","level":"info","event":"Filling up the DagBag from /opt/airflow/dags/weekly_f1_pipeline.py","logger":"airflow.models.dagbag.DagBag","filename":"dagbag.py","lineno":593}
{"timestamp":"2026-02-26T18:21:45.880283Z","level":"warning","event":"The `airflow.utils.task_group.TaskGroup` attribute is deprecated. Please use `'airflow.sdk.TaskGroup'`.","category":"DeprecatedImportWarning","filename":"/opt/airflow/dags/weekly_f1_pipeline.py","lineno":36,"logger":"py.warnings"}
{"timestamp":"2026-02-26T18:21:45.886410Z","level":"warning","event":"The `airflow.operators.trigger_dagrun.TriggerDagRunOperator` attribute is deprecated. Please use `'airflow.providers.standard.operators.trigger_dagrun.TriggerDagRunOperator'`.","category":"DeprecatedImportWarning","filename":"/opt/airflow/dags/kafka_producer_pipeline.py","lineno":35,"logger":"py.warnings"}
{"timestamp":"2026-02-26T18:21:46.149788Z","level":"info","event":"======================================================================","logger":"task.stdout"}
{"timestamp":"2026-02-26T18:21:46.154171Z","level":"info","event":"CONSUMER: f1.dim.drivers -> dimensions.driver","logger":"task.stdout"}
{"timestamp":"2026-02-26T18:21:46.155243Z","level":"info","event":"======================================================================","logger":"task.stdout"}
{"timestamp":"2026-02-26T18:21:46.158160Z","level":"info","event":"  Connecting to Kafka, topic='f1.dim.drivers', group='f1-incremental-consumers'","logger":"task.stdout"}
{"timestamp":"2026-02-26T18:21:46.167862Z","level":"info","event":"<BrokerConnection client_id=kafka-python-2.2.0, node_id=bootstrap-0 host=kafka:29092 <connecting> [IPv4 ('172.18.0.3', 29092)]>: connecting to kafka:29092 [('172.18.0.3', 29092) IPv4]","logger":"kafka.conn","filename":"conn.py","lineno":395}
{"timestamp":"2026-02-26T18:21:46.227375Z","level":"info","event":"<BrokerConnection client_id=kafka-python-2.2.0, node_id=bootstrap-0 host=kafka:29092 <checking_api_versions_recv> [IPv4 ('172.18.0.3', 29092)]>: Broker version identified as 2.6","logger":"kafka.conn","filename":"conn.py","lineno":615}
{"timestamp":"2026-02-26T18:21:46.250471Z","level":"info","event":"<BrokerConnection client_id=kafka-python-2.2.0, node_id=bootstrap-0 host=kafka:29092 <connected> [IPv4 ('172.18.0.3', 29092)]>: Connection complete.","logger":"kafka.conn","filename":"conn.py","lineno":456}
{"timestamp":"2026-02-26T18:21:46.259598Z","level":"info","event":"Updating subscribed topics to: ('f1.dim.drivers',)","logger":"kafka.consumer.subscription_state","filename":"subscription_state.py","lineno":177}
{"timestamp":"2026-02-26T18:21:46.316945Z","level":"info","event":"<BrokerConnection client_id=kafka-python-2.2.0, node_id=1 host=kafka:29092 <connecting> [IPv4 ('172.18.0.3', 29092)]>: connecting to kafka:29092 [('172.18.0.3', 29092) IPv4]","logger":"kafka.conn","filename":"conn.py","lineno":395}
{"timestamp":"2026-02-26T18:21:46.319234Z","level":"info","event":"<BrokerConnection client_id=kafka-python-2.2.0, node_id=1 host=kafka:29092 <connected> [IPv4 ('172.18.0.3', 29092)]>: Connection complete.","logger":"kafka.conn","filename":"conn.py","lineno":456}
{"timestamp":"2026-02-26T18:21:46.319660Z","level":"info","event":"<BrokerConnection client_id=kafka-python-2.2.0, node_id=bootstrap-0 host=kafka:29092 <connected> [IPv4 ('172.18.0.3', 29092)]>: Closing connection. ","logger":"kafka.conn","filename":"conn.py","lineno":936}
{"timestamp":"2026-02-26T18:21:46.477384Z","level":"info","event":"Coordinator for group/f1-incremental-consumers is BrokerMetadata(nodeId='coordinator-1', host='kafka', port=29092, rack=None)","logger":"kafka.cluster","filename":"cluster.py","lineno":398}
{"timestamp":"2026-02-26T18:21:46.477788Z","level":"info","event":"Discovered coordinator coordinator-1 for group f1-incremental-consumers","logger":"kafka.coordinator","filename":"base.py","lineno":745}
{"timestamp":"2026-02-26T18:21:46.479069Z","level":"info","event":"Starting new heartbeat thread","logger":"kafka.coordinator","filename":"base.py","lineno":796}
{"timestamp":"2026-02-26T18:21:46.501796Z","level":"info","event":"Revoking previously assigned partitions set() for group f1-incremental-consumers","logger":"kafka.coordinator.consumer","filename":"consumer.py","lineno":357}
{"timestamp":"2026-02-26T18:21:46.516976Z","level":"info","event":"<BrokerConnection client_id=kafka-python-2.2.0, node_id=coordinator-1 host=kafka:29092 <connecting> [IPv4 ('172.18.0.3', 29092)]>: connecting to kafka:29092 [('172.18.0.3', 29092) IPv4]","logger":"kafka.conn","filename":"conn.py","lineno":395}
{"timestamp":"2026-02-26T18:21:46.549023Z","level":"info","event":"<BrokerConnection client_id=kafka-python-2.2.0, node_id=coordinator-1 host=kafka:29092 <connected> [IPv4 ('172.18.0.3', 29092)]>: Connection complete.","logger":"kafka.conn","filename":"conn.py","lineno":456}
{"timestamp":"2026-02-26T18:21:46.650865Z","level":"info","event":"(Re-)joining group f1-incremental-consumers","logger":"kafka.coordinator","filename":"base.py","lineno":500}
{"timestamp":"2026-02-26T18:21:46.845863Z","level":"warning","event":"Marking the coordinator dead (node coordinator-1) for group f1-incremental-consumers: [Error 16] NotCoordinatorError.","logger":"kafka.coordinator","filename":"base.py","lineno":767}
{"timestamp":"2026-02-26T18:21:47.044257Z","level":"info","event":"Coordinator for group/f1-incremental-consumers is BrokerMetadata(nodeId='coordinator-1', host='kafka', port=29092, rack=None)","logger":"kafka.cluster","filename":"cluster.py","lineno":398}
{"timestamp":"2026-02-26T18:21:47.099061Z","level":"info","event":"Discovered coordinator coordinator-1 for group f1-incremental-consumers","logger":"kafka.coordinator","filename":"base.py","lineno":745}
{"timestamp":"2026-02-26T18:21:47.099555Z","level":"info","event":"(Re-)joining group f1-incremental-consumers","logger":"kafka.coordinator","filename":"base.py","lineno":500}
{"timestamp":"2026-02-26T18:21:47.176977Z","level":"warning","event":"Marking the coordinator dead (node coordinator-1) for group f1-incremental-consumers: [Error 16] NotCoordinatorError.","logger":"kafka.coordinator","filename":"base.py","lineno":767}
{"timestamp":"2026-02-26T18:21:47.388244Z","level":"info","event":"Coordinator for group/f1-incremental-consumers is BrokerMetadata(nodeId='coordinator-1', host='kafka', port=29092, rack=None)","logger":"kafka.cluster","filename":"cluster.py","lineno":398}
{"timestamp":"2026-02-26T18:21:47.427319Z","level":"info","event":"Discovered coordinator coordinator-1 for group f1-incremental-consumers","logger":"kafka.coordinator","filename":"base.py","lineno":745}
{"timestamp":"2026-02-26T18:21:47.438339Z","level":"info","event":"(Re-)joining group f1-incremental-consumers","logger":"kafka.coordinator","filename":"base.py","lineno":500}
{"timestamp":"2026-02-26T18:21:47.581442Z","level":"warning","event":"Marking the coordinator dead (node coordinator-1) for group f1-incremental-consumers: [Error 16] NotCoordinatorError.","logger":"kafka.coordinator","filename":"base.py","lineno":767}
{"timestamp":"2026-02-26T18:21:47.846705Z","level":"info","event":"Coordinator for group/f1-incremental-consumers is BrokerMetadata(nodeId='coordinator-1', host='kafka', port=29092, rack=None)","logger":"kafka.cluster","filename":"cluster.py","lineno":398}
{"timestamp":"2026-02-26T18:21:47.847257Z","level":"info","event":"Discovered coordinator coordinator-1 for group f1-incremental-consumers","logger":"kafka.coordinator","filename":"base.py","lineno":745}
{"timestamp":"2026-02-26T18:21:47.847767Z","level":"info","event":"(Re-)joining group f1-incremental-consumers","logger":"kafka.coordinator","filename":"base.py","lineno":500}
{"timestamp":"2026-02-26T18:21:47.914809Z","level":"warning","event":"Marking the coordinator dead (node coordinator-1) for group f1-incremental-consumers: [Error 16] NotCoordinatorError.","logger":"kafka.coordinator","filename":"base.py","lineno":767}
{"timestamp":"2026-02-26T18:21:48.074090Z","level":"info","event":"Coordinator for group/f1-incremental-consumers is BrokerMetadata(nodeId='coordinator-1', host='kafka', port=29092, rack=None)","logger":"kafka.cluster","filename":"cluster.py","lineno":398}
{"timestamp":"2026-02-26T18:21:48.074611Z","level":"info","event":"Discovered coordinator coordinator-1 for group f1-incremental-consumers","logger":"kafka.coordinator","filename":"base.py","lineno":745}
{"timestamp":"2026-02-26T18:21:48.086282Z","level":"info","event":"(Re-)joining group f1-incremental-consumers","logger":"kafka.coordinator","filename":"base.py","lineno":500}
{"timestamp":"2026-02-26T18:21:48.118930Z","level":"warning","event":"Marking the coordinator dead (node coordinator-1) for group f1-incremental-consumers: [Error 16] NotCoordinatorError.","logger":"kafka.coordinator","filename":"base.py","lineno":767}
{"timestamp":"2026-02-26T18:21:48.279086Z","level":"info","event":"Coordinator for group/f1-incremental-consumers is BrokerMetadata(nodeId='coordinator-1', host='kafka', port=29092, rack=None)","logger":"kafka.cluster","filename":"cluster.py","lineno":398}
{"timestamp":"2026-02-26T18:21:48.279594Z","level":"info","event":"Discovered coordinator coordinator-1 for group f1-incremental-consumers","logger":"kafka.coordinator","filename":"base.py","lineno":745}
{"timestamp":"2026-02-26T18:21:48.280111Z","level":"info","event":"(Re-)joining group f1-incremental-consumers","logger":"kafka.coordinator","filename":"base.py","lineno":500}
{"timestamp":"2026-02-26T18:21:48.330748Z","level":"warning","event":"Marking the coordinator dead (node coordinator-1) for group f1-incremental-consumers: [Error 16] NotCoordinatorError.","logger":"kafka.coordinator","filename":"base.py","lineno":767}
{"timestamp":"2026-02-26T18:21:48.480590Z","level":"info","event":"Coordinator for group/f1-incremental-consumers is BrokerMetadata(nodeId='coordinator-1', host='kafka', port=29092, rack=None)","logger":"kafka.cluster","filename":"cluster.py","lineno":398}
{"timestamp":"2026-02-26T18:21:48.481001Z","level":"info","event":"Discovered coordinator coordinator-1 for group f1-incremental-consumers","logger":"kafka.coordinator","filename":"base.py","lineno":745}
{"timestamp":"2026-02-26T18:21:48.481913Z","level":"info","event":"(Re-)joining group f1-incremental-consumers","logger":"kafka.coordinator","filename":"base.py","lineno":500}
{"timestamp":"2026-02-26T18:21:48.571028Z","level":"warning","event":"Marking the coordinator dead (node coordinator-1) for group f1-incremental-consumers: [Error 16] NotCoordinatorError.","logger":"kafka.coordinator","filename":"base.py","lineno":767}
{"timestamp":"2026-02-26T18:21:48.689416Z","level":"info","event":"Coordinator for group/f1-incremental-consumers is BrokerMetadata(nodeId='coordinator-1', host='kafka', port=29092, rack=None)","logger":"kafka.cluster","filename":"cluster.py","lineno":398}
{"timestamp":"2026-02-26T18:21:48.698739Z","level":"info","event":"Discovered coordinator coordinator-1 for group f1-incremental-consumers","logger":"kafka.coordinator","filename":"base.py","lineno":745}
{"timestamp":"2026-02-26T18:21:48.699290Z","level":"info","event":"(Re-)joining group f1-incremental-consumers","logger":"kafka.coordinator","filename":"base.py","lineno":500}
{"timestamp":"2026-02-26T18:21:48.732685Z","level":"warning","event":"Marking the coordinator dead (node coordinator-1) for group f1-incremental-consumers: [Error 16] NotCoordinatorError.","logger":"kafka.coordinator","filename":"base.py","lineno":767}
{"timestamp":"2026-02-26T18:21:48.846552Z","level":"info","event":"Coordinator for group/f1-incremental-consumers is BrokerMetadata(nodeId='coordinator-1', host='kafka', port=29092, rack=None)","logger":"kafka.cluster","filename":"cluster.py","lineno":398}
{"timestamp":"2026-02-26T18:21:48.847161Z","level":"info","event":"Discovered coordinator coordinator-1 for group f1-incremental-consumers","logger":"kafka.coordinator","filename":"base.py","lineno":745}
{"timestamp":"2026-02-26T18:21:48.847750Z","level":"info","event":"(Re-)joining group f1-incremental-consumers","logger":"kafka.coordinator","filename":"base.py","lineno":500}
{"timestamp":"2026-02-26T18:21:48.866897Z","level":"warning","event":"Marking the coordinator dead (node coordinator-1) for group f1-incremental-consumers: [Error 16] NotCoordinatorError.","logger":"kafka.coordinator","filename":"base.py","lineno":767}
{"timestamp":"2026-02-26T18:21:49.012546Z","level":"info","event":"Coordinator for group/f1-incremental-consumers is BrokerMetadata(nodeId='coordinator-1', host='kafka', port=29092, rack=None)","logger":"kafka.cluster","filename":"cluster.py","lineno":398}
{"timestamp":"2026-02-26T18:21:49.012834Z","level":"info","event":"Discovered coordinator coordinator-1 for group f1-incremental-consumers","logger":"kafka.coordinator","filename":"base.py","lineno":745}
{"timestamp":"2026-02-26T18:21:49.013074Z","level":"info","event":"(Re-)joining group f1-incremental-consumers","logger":"kafka.coordinator","filename":"base.py","lineno":500}
{"timestamp":"2026-02-26T18:21:49.034392Z","level":"warning","event":"Marking the coordinator dead (node coordinator-1) for group f1-incremental-consumers: [Error 16] NotCoordinatorError.","logger":"kafka.coordinator","filename":"base.py","lineno":767}
{"timestamp":"2026-02-26T18:21:50.032825Z","level":"info","event":"Coordinator for group/f1-incremental-consumers is BrokerMetadata(nodeId='coordinator-1', host='kafka', port=29092, rack=None)","logger":"kafka.cluster","filename":"cluster.py","lineno":398}
{"timestamp":"2026-02-26T18:21:50.033182Z","level":"info","event":"Discovered coordinator coordinator-1 for group f1-incremental-consumers","logger":"kafka.coordinator","filename":"base.py","lineno":745}
{"timestamp":"2026-02-26T18:21:50.033728Z","level":"info","event":"(Re-)joining group f1-incremental-consumers","logger":"kafka.coordinator","filename":"base.py","lineno":500}
{"timestamp":"2026-02-26T18:21:50.087193Z","level":"warning","event":"Marking the coordinator dead (node coordinator-1) for group f1-incremental-consumers: [Error 16] NotCoordinatorError.","logger":"kafka.coordinator","filename":"base.py","lineno":767}
{"timestamp":"2026-02-26T18:21:50.256684Z","level":"info","event":"Coordinator for group/f1-incremental-consumers is BrokerMetadata(nodeId='coordinator-1', host='kafka', port=29092, rack=None)","logger":"kafka.cluster","filename":"cluster.py","lineno":398}
{"timestamp":"2026-02-26T18:21:50.285331Z","level":"info","event":"Discovered coordinator coordinator-1 for group f1-incremental-consumers","logger":"kafka.coordinator","filename":"base.py","lineno":745}
{"timestamp":"2026-02-26T18:21:50.286015Z","level":"info","event":"(Re-)joining group f1-incremental-consumers","logger":"kafka.coordinator","filename":"base.py","lineno":500}
{"timestamp":"2026-02-26T18:21:50.345395Z","level":"warning","event":"Marking the coordinator dead (node coordinator-1) for group f1-incremental-consumers: [Error 16] NotCoordinatorError.","logger":"kafka.coordinator","filename":"base.py","lineno":767}
{"timestamp":"2026-02-26T18:21:50.523159Z","level":"info","event":"Coordinator for group/f1-incremental-consumers is BrokerMetadata(nodeId='coordinator-1', host='kafka', port=29092, rack=None)","logger":"kafka.cluster","filename":"cluster.py","lineno":398}
{"timestamp":"2026-02-26T18:21:50.523575Z","level":"info","event":"Discovered coordinator coordinator-1 for group f1-incremental-consumers","logger":"kafka.coordinator","filename":"base.py","lineno":745}
{"timestamp":"2026-02-26T18:21:50.524045Z","level":"info","event":"(Re-)joining group f1-incremental-consumers","logger":"kafka.coordinator","filename":"base.py","lineno":500}
{"timestamp":"2026-02-26T18:21:50.702241Z","level":"warning","event":"Marking the coordinator dead (node coordinator-1) for group f1-incremental-consumers: [Error 16] NotCoordinatorError.","logger":"kafka.coordinator","filename":"base.py","lineno":767}
{"timestamp":"2026-02-26T18:21:50.883675Z","level":"info","event":"Coordinator for group/f1-incremental-consumers is BrokerMetadata(nodeId='coordinator-1', host='kafka', port=29092, rack=None)","logger":"kafka.cluster","filename":"cluster.py","lineno":398}
{"timestamp":"2026-02-26T18:21:50.884233Z","level":"info","event":"Discovered coordinator coordinator-1 for group f1-incremental-consumers","logger":"kafka.coordinator","filename":"base.py","lineno":745}
{"timestamp":"2026-02-26T18:21:50.884932Z","level":"info","event":"(Re-)joining group f1-incremental-consumers","logger":"kafka.coordinator","filename":"base.py","lineno":500}
{"timestamp":"2026-02-26T18:21:50.923946Z","level":"warning","event":"Marking the coordinator dead (node coordinator-1) for group f1-incremental-consumers: [Error 16] NotCoordinatorError.","logger":"kafka.coordinator","filename":"base.py","lineno":767}
{"timestamp":"2026-02-26T18:21:51.132126Z","level":"info","event":"Coordinator for group/f1-incremental-consumers is BrokerMetadata(nodeId='coordinator-1', host='kafka', port=29092, rack=None)","logger":"kafka.cluster","filename":"cluster.py","lineno":398}
{"timestamp":"2026-02-26T18:21:51.135373Z","level":"info","event":"Discovered coordinator coordinator-1 for group f1-incremental-consumers","logger":"kafka.coordinator","filename":"base.py","lineno":745}
{"timestamp":"2026-02-26T18:21:51.136064Z","level":"info","event":"(Re-)joining group f1-incremental-consumers","logger":"kafka.coordinator","filename":"base.py","lineno":500}
{"timestamp":"2026-02-26T18:21:51.183280Z","level":"warning","event":"Marking the coordinator dead (node coordinator-1) for group f1-incremental-consumers: [Error 16] NotCoordinatorError.","logger":"kafka.coordinator","filename":"base.py","lineno":767}
{"timestamp":"2026-02-26T18:21:51.368206Z","level":"info","event":"Coordinator for group/f1-incremental-consumers is BrokerMetadata(nodeId='coordinator-1', host='kafka', port=29092, rack=None)","logger":"kafka.cluster","filename":"cluster.py","lineno":398}
{"timestamp":"2026-02-26T18:21:51.368745Z","level":"info","event":"Discovered coordinator coordinator-1 for group f1-incremental-consumers","logger":"kafka.coordinator","filename":"base.py","lineno":745}
{"timestamp":"2026-02-26T18:21:51.369391Z","level":"info","event":"(Re-)joining group f1-incremental-consumers","logger":"kafka.coordinator","filename":"base.py","lineno":500}
{"timestamp":"2026-02-26T18:21:51.452669Z","level":"warning","event":"Marking the coordinator dead (node coordinator-1) for group f1-incremental-consumers: [Error 16] NotCoordinatorError.","logger":"kafka.coordinator","filename":"base.py","lineno":767}
{"timestamp":"2026-02-26T18:21:51.603039Z","level":"info","event":"Coordinator for group/f1-incremental-consumers is BrokerMetadata(nodeId='coordinator-1', host='kafka', port=29092, rack=None)","logger":"kafka.cluster","filename":"cluster.py","lineno":398}
{"timestamp":"2026-02-26T18:21:51.603408Z","level":"info","event":"Discovered coordinator coordinator-1 for group f1-incremental-consumers","logger":"kafka.coordinator","filename":"base.py","lineno":745}
{"timestamp":"2026-02-26T18:21:51.603750Z","level":"info","event":"(Re-)joining group f1-incremental-consumers","logger":"kafka.coordinator","filename":"base.py","lineno":500}
{"timestamp":"2026-02-26T18:21:51.687560Z","level":"warning","event":"Marking the coordinator dead (node coordinator-1) for group f1-incremental-consumers: [Error 16] NotCoordinatorError.","logger":"kafka.coordinator","filename":"base.py","lineno":767}
{"timestamp":"2026-02-26T18:21:51.830599Z","level":"info","event":"Coordinator for group/f1-incremental-consumers is BrokerMetadata(nodeId='coordinator-1', host='kafka', port=29092, rack=None)","logger":"kafka.cluster","filename":"cluster.py","lineno":398}
{"timestamp":"2026-02-26T18:21:51.831007Z","level":"info","event":"Discovered coordinator coordinator-1 for group f1-incremental-consumers","logger":"kafka.coordinator","filename":"base.py","lineno":745}
{"timestamp":"2026-02-26T18:21:51.831417Z","level":"info","event":"(Re-)joining group f1-incremental-consumers","logger":"kafka.coordinator","filename":"base.py","lineno":500}
{"timestamp":"2026-02-26T18:21:51.894349Z","level":"warning","event":"Marking the coordinator dead (node coordinator-1) for group f1-incremental-consumers: [Error 16] NotCoordinatorError.","logger":"kafka.coordinator","filename":"base.py","lineno":767}
{"timestamp":"2026-02-26T18:21:52.001702Z","level":"info","event":"Coordinator for group/f1-incremental-consumers is BrokerMetadata(nodeId='coordinator-1', host='kafka', port=29092, rack=None)","logger":"kafka.cluster","filename":"cluster.py","lineno":398}
{"timestamp":"2026-02-26T18:21:52.004125Z","level":"info","event":"Discovered coordinator coordinator-1 for group f1-incremental-consumers","logger":"kafka.coordinator","filename":"base.py","lineno":745}
{"timestamp":"2026-02-26T18:21:52.004658Z","level":"info","event":"(Re-)joining group f1-incremental-consumers","logger":"kafka.coordinator","filename":"base.py","lineno":500}
{"timestamp":"2026-02-26T18:21:52.018019Z","level":"warning","event":"Marking the coordinator dead (node coordinator-1) for group f1-incremental-consumers: [Error 16] NotCoordinatorError.","logger":"kafka.coordinator","filename":"base.py","lineno":767}
{"timestamp":"2026-02-26T18:21:52.156666Z","level":"info","event":"Coordinator for group/f1-incremental-consumers is BrokerMetadata(nodeId='coordinator-1', host='kafka', port=29092, rack=None)","logger":"kafka.cluster","filename":"cluster.py","lineno":398}
{"timestamp":"2026-02-26T18:21:52.163182Z","level":"info","event":"Discovered coordinator coordinator-1 for group f1-incremental-consumers","logger":"kafka.coordinator","filename":"base.py","lineno":745}
{"timestamp":"2026-02-26T18:21:52.165852Z","level":"info","event":"(Re-)joining group f1-incremental-consumers","logger":"kafka.coordinator","filename":"base.py","lineno":500}
{"timestamp":"2026-02-26T18:21:52.207361Z","level":"warning","event":"Marking the coordinator dead (node coordinator-1) for group f1-incremental-consumers: [Error 16] NotCoordinatorError.","logger":"kafka.coordinator","filename":"base.py","lineno":767}
{"timestamp":"2026-02-26T18:21:52.372485Z","level":"info","event":"Coordinator for group/f1-incremental-consumers is BrokerMetadata(nodeId='coordinator-1', host='kafka', port=29092, rack=None)","logger":"kafka.cluster","filename":"cluster.py","lineno":398}
{"timestamp":"2026-02-26T18:21:52.373004Z","level":"info","event":"Discovered coordinator coordinator-1 for group f1-incremental-consumers","logger":"kafka.coordinator","filename":"base.py","lineno":745}
{"timestamp":"2026-02-26T18:21:52.380067Z","level":"info","event":"(Re-)joining group f1-incremental-consumers","logger":"kafka.coordinator","filename":"base.py","lineno":500}
{"timestamp":"2026-02-26T18:21:52.395360Z","level":"warning","event":"Marking the coordinator dead (node coordinator-1) for group f1-incremental-consumers: [Error 16] NotCoordinatorError.","logger":"kafka.coordinator","filename":"base.py","lineno":767}
{"timestamp":"2026-02-26T18:21:52.566234Z","level":"info","event":"Coordinator for group/f1-incremental-consumers is BrokerMetadata(nodeId='coordinator-1', host='kafka', port=29092, rack=None)","logger":"kafka.cluster","filename":"cluster.py","lineno":398}
{"timestamp":"2026-02-26T18:21:52.586537Z","level":"info","event":"Discovered coordinator coordinator-1 for group f1-incremental-consumers","logger":"kafka.coordinator","filename":"base.py","lineno":745}
{"timestamp":"2026-02-26T18:21:52.587143Z","level":"info","event":"(Re-)joining group f1-incremental-consumers","logger":"kafka.coordinator","filename":"base.py","lineno":500}
{"timestamp":"2026-02-26T18:21:52.647496Z","level":"warning","event":"Marking the coordinator dead (node coordinator-1) for group f1-incremental-consumers: [Error 16] NotCoordinatorError.","logger":"kafka.coordinator","filename":"base.py","lineno":767}
{"timestamp":"2026-02-26T18:21:52.848640Z","level":"info","event":"Coordinator for group/f1-incremental-consumers is BrokerMetadata(nodeId='coordinator-1', host='kafka', port=29092, rack=None)","logger":"kafka.cluster","filename":"cluster.py","lineno":398}
{"timestamp":"2026-02-26T18:21:52.849076Z","level":"info","event":"Discovered coordinator coordinator-1 for group f1-incremental-consumers","logger":"kafka.coordinator","filename":"base.py","lineno":745}
{"timestamp":"2026-02-26T18:21:52.869896Z","level":"info","event":"(Re-)joining group f1-incremental-consumers","logger":"kafka.coordinator","filename":"base.py","lineno":500}
{"timestamp":"2026-02-26T18:21:52.910947Z","level":"warning","event":"Marking the coordinator dead (node coordinator-1) for group f1-incremental-consumers: [Error 16] NotCoordinatorError.","logger":"kafka.coordinator","filename":"base.py","lineno":767}
{"timestamp":"2026-02-26T18:21:53.072903Z","level":"info","event":"Coordinator for group/f1-incremental-consumers is BrokerMetadata(nodeId='coordinator-1', host='kafka', port=29092, rack=None)","logger":"kafka.cluster","filename":"cluster.py","lineno":398}
{"timestamp":"2026-02-26T18:21:53.073374Z","level":"info","event":"Discovered coordinator coordinator-1 for group f1-incremental-consumers","logger":"kafka.coordinator","filename":"base.py","lineno":745}
{"timestamp":"2026-02-26T18:21:53.073890Z","level":"info","event":"(Re-)joining group f1-incremental-consumers","logger":"kafka.coordinator","filename":"base.py","lineno":500}
{"timestamp":"2026-02-26T18:21:53.119339Z","level":"warning","event":"Marking the coordinator dead (node coordinator-1) for group f1-incremental-consumers: [Error 16] NotCoordinatorError.","logger":"kafka.coordinator","filename":"base.py","lineno":767}
{"timestamp":"2026-02-26T18:21:53.272961Z","level":"info","event":"Coordinator for group/f1-incremental-consumers is BrokerMetadata(nodeId='coordinator-1', host='kafka', port=29092, rack=None)","logger":"kafka.cluster","filename":"cluster.py","lineno":398}
{"timestamp":"2026-02-26T18:21:53.290770Z","level":"info","event":"Discovered coordinator coordinator-1 for group f1-incremental-consumers","logger":"kafka.coordinator","filename":"base.py","lineno":745}
{"timestamp":"2026-02-26T18:21:53.296852Z","level":"info","event":"(Re-)joining group f1-incremental-consumers","logger":"kafka.coordinator","filename":"base.py","lineno":500}
{"timestamp":"2026-02-26T18:21:53.374656Z","level":"warning","event":"Marking the coordinator dead (node coordinator-1) for group f1-incremental-consumers: [Error 16] NotCoordinatorError.","logger":"kafka.coordinator","filename":"base.py","lineno":767}
{"timestamp":"2026-02-26T18:21:53.505649Z","level":"info","event":"Coordinator for group/f1-incremental-consumers is BrokerMetadata(nodeId='coordinator-1', host='kafka', port=29092, rack=None)","logger":"kafka.cluster","filename":"cluster.py","lineno":398}
{"timestamp":"2026-02-26T18:21:53.511928Z","level":"info","event":"Discovered coordinator coordinator-1 for group f1-incremental-consumers","logger":"kafka.coordinator","filename":"base.py","lineno":745}
{"timestamp":"2026-02-26T18:21:53.512524Z","level":"info","event":"(Re-)joining group f1-incremental-consumers","logger":"kafka.coordinator","filename":"base.py","lineno":500}
{"timestamp":"2026-02-26T18:21:53.539737Z","level":"warning","event":"Marking the coordinator dead (node coordinator-1) for group f1-incremental-consumers: [Error 16] NotCoordinatorError.","logger":"kafka.coordinator","filename":"base.py","lineno":767}
{"timestamp":"2026-02-26T18:21:53.708018Z","level":"info","event":"Coordinator for group/f1-incremental-consumers is BrokerMetadata(nodeId='coordinator-1', host='kafka', port=29092, rack=None)","logger":"kafka.cluster","filename":"cluster.py","lineno":398}
{"timestamp":"2026-02-26T18:21:53.714619Z","level":"info","event":"Discovered coordinator coordinator-1 for group f1-incremental-consumers","logger":"kafka.coordinator","filename":"base.py","lineno":745}
{"timestamp":"2026-02-26T18:21:53.715940Z","level":"info","event":"(Re-)joining group f1-incremental-consumers","logger":"kafka.coordinator","filename":"base.py","lineno":500}
{"timestamp":"2026-02-26T18:21:53.793176Z","level":"warning","event":"Marking the coordinator dead (node coordinator-1) for group f1-incremental-consumers: [Error 16] NotCoordinatorError.","logger":"kafka.coordinator","filename":"base.py","lineno":767}
{"timestamp":"2026-02-26T18:21:53.952187Z","level":"info","event":"Coordinator for group/f1-incremental-consumers is BrokerMetadata(nodeId='coordinator-1', host='kafka', port=29092, rack=None)","logger":"kafka.cluster","filename":"cluster.py","lineno":398}
{"timestamp":"2026-02-26T18:21:53.955748Z","level":"info","event":"Discovered coordinator coordinator-1 for group f1-incremental-consumers","logger":"kafka.coordinator","filename":"base.py","lineno":745}
{"timestamp":"2026-02-26T18:21:53.956635Z","level":"info","event":"(Re-)joining group f1-incremental-consumers","logger":"kafka.coordinator","filename":"base.py","lineno":500}
{"timestamp":"2026-02-26T18:21:53.983756Z","level":"warning","event":"Marking the coordinator dead (node coordinator-1) for group f1-incremental-consumers: [Error 16] NotCoordinatorError.","logger":"kafka.coordinator","filename":"base.py","lineno":767}
{"timestamp":"2026-02-26T18:21:54.203370Z","level":"info","event":"Coordinator for group/f1-incremental-consumers is BrokerMetadata(nodeId='coordinator-1', host='kafka', port=29092, rack=None)","logger":"kafka.cluster","filename":"cluster.py","lineno":398}
{"timestamp":"2026-02-26T18:21:54.203928Z","level":"info","event":"Discovered coordinator coordinator-1 for group f1-incremental-consumers","logger":"kafka.coordinator","filename":"base.py","lineno":745}
{"timestamp":"2026-02-26T18:21:54.204328Z","level":"info","event":"(Re-)joining group f1-incremental-consumers","logger":"kafka.coordinator","filename":"base.py","lineno":500}
{"timestamp":"2026-02-26T18:21:54.258566Z","level":"warning","event":"Marking the coordinator dead (node coordinator-1) for group f1-incremental-consumers: [Error 16] NotCoordinatorError.","logger":"kafka.coordinator","filename":"base.py","lineno":767}
{"timestamp":"2026-02-26T18:21:54.423182Z","level":"info","event":"Coordinator for group/f1-incremental-consumers is BrokerMetadata(nodeId='coordinator-1', host='kafka', port=29092, rack=None)","logger":"kafka.cluster","filename":"cluster.py","lineno":398}
{"timestamp":"2026-02-26T18:21:54.423798Z","level":"info","event":"Discovered coordinator coordinator-1 for group f1-incremental-consumers","logger":"kafka.coordinator","filename":"base.py","lineno":745}
{"timestamp":"2026-02-26T18:21:54.440299Z","level":"info","event":"(Re-)joining group f1-incremental-consumers","logger":"kafka.coordinator","filename":"base.py","lineno":500}
{"timestamp":"2026-02-26T18:21:54.530006Z","level":"warning","event":"Marking the coordinator dead (node coordinator-1) for group f1-incremental-consumers: [Error 16] NotCoordinatorError.","logger":"kafka.coordinator","filename":"base.py","lineno":767}
{"timestamp":"2026-02-26T18:21:54.769129Z","level":"info","event":"Coordinator for group/f1-incremental-consumers is BrokerMetadata(nodeId='coordinator-1', host='kafka', port=29092, rack=None)","logger":"kafka.cluster","filename":"cluster.py","lineno":398}
{"timestamp":"2026-02-26T18:21:54.769618Z","level":"info","event":"Discovered coordinator coordinator-1 for group f1-incremental-consumers","logger":"kafka.coordinator","filename":"base.py","lineno":745}
{"timestamp":"2026-02-26T18:21:54.770228Z","level":"info","event":"(Re-)joining group f1-incremental-consumers","logger":"kafka.coordinator","filename":"base.py","lineno":500}
{"timestamp":"2026-02-26T18:21:54.899722Z","level":"warning","event":"Marking the coordinator dead (node coordinator-1) for group f1-incremental-consumers: [Error 16] NotCoordinatorError.","logger":"kafka.coordinator","filename":"base.py","lineno":767}
{"timestamp":"2026-02-26T18:21:55.045880Z","level":"info","event":"Coordinator for group/f1-incremental-consumers is BrokerMetadata(nodeId='coordinator-1', host='kafka', port=29092, rack=None)","logger":"kafka.cluster","filename":"cluster.py","lineno":398}
{"timestamp":"2026-02-26T18:21:55.062913Z","level":"info","event":"Discovered coordinator coordinator-1 for group f1-incremental-consumers","logger":"kafka.coordinator","filename":"base.py","lineno":745}
{"timestamp":"2026-02-26T18:21:55.064024Z","level":"info","event":"(Re-)joining group f1-incremental-consumers","logger":"kafka.coordinator","filename":"base.py","lineno":500}
{"timestamp":"2026-02-26T18:21:55.611288Z","level":"info","event":"(Re-)joining group f1-incremental-consumers","logger":"kafka.coordinator","filename":"base.py","lineno":500}
{"timestamp":"2026-02-26T18:21:56.759088Z","level":"info","event":"Successfully joined group f1-incremental-consumers with generation 1","logger":"kafka.coordinator","filename":"base.py","lineno":390}
{"timestamp":"2026-02-26T18:21:56.761287Z","level":"info","event":"Updated partition assignment: []","logger":"kafka.consumer.subscription_state","filename":"subscription_state.py","lineno":246}
{"timestamp":"2026-02-26T18:21:56.761674Z","level":"info","event":"Setting newly assigned partitions set() for group f1-incremental-consumers","logger":"kafka.coordinator.consumer","filename":"consumer.py","lineno":248}
{"timestamp":"2026-02-26T18:21:59.840382Z","level":"warning","event":"Heartbeat failed for group f1-incremental-consumers because it is rebalancing","logger":"kafka.coordinator","filename":"base.py","lineno":898}
{"timestamp":"2026-02-26T18:21:59.841581Z","level":"info","event":"Revoking previously assigned partitions set() for group f1-incremental-consumers","logger":"kafka.coordinator.consumer","filename":"consumer.py","lineno":357}
{"timestamp":"2026-02-26T18:21:59.841988Z","level":"info","event":"(Re-)joining group f1-incremental-consumers","logger":"kafka.coordinator","filename":"base.py","lineno":500}
{"timestamp":"2026-02-26T18:21:59.940830Z","level":"info","event":"Successfully joined group f1-incremental-consumers with generation 2","logger":"kafka.coordinator","filename":"base.py","lineno":390}
{"timestamp":"2026-02-26T18:21:59.941466Z","level":"info","event":"Updated partition assignment: [TopicPartition(topic='f1.dim.drivers', partition=0)]","logger":"kafka.consumer.subscription_state","filename":"subscription_state.py","lineno":246}
{"timestamp":"2026-02-26T18:21:59.941929Z","level":"info","event":"Setting newly assigned partitions {TopicPartition(topic='f1.dim.drivers', partition=0)} for group f1-incremental-consumers","logger":"kafka.coordinator.consumer","filename":"consumer.py","lineno":248}
{"timestamp":"2026-02-26T18:22:00.143288Z","level":"info","event":"Resetting offset for partition TopicPartition(topic='f1.dim.drivers', partition=0) to offset 0.","logger":"kafka.consumer.fetcher","filename":"fetcher.py","lineno":407}
{"timestamp":"2026-02-26T18:22:16.459150Z","level":"info","event":"Stopping heartbeat thread","logger":"kafka.coordinator","filename":"base.py","lineno":810}
{"timestamp":"2026-02-26T18:22:19.498652Z","level":"warning","event":"Heartbeat thread did not fully terminate during close","logger":"kafka.coordinator","filename":"base.py","lineno":1013}
{"timestamp":"2026-02-26T18:22:19.499831Z","level":"info","event":"Leaving consumer group (f1-incremental-consumers).","logger":"kafka.coordinator","filename":"base.py","lineno":841}
{"timestamp":"2026-02-26T18:22:19.516444Z","level":"warning","event":"Heartbeat failed for group f1-incremental-consumers because it is rebalancing","logger":"kafka.coordinator","filename":"base.py","lineno":898}
{"timestamp":"2026-02-26T18:22:19.540951Z","level":"info","event":"<BrokerConnection client_id=kafka-python-2.2.0, node_id=1 host=kafka:29092 <connected> [IPv4 ('172.18.0.3', 29092)]>: Closing connection. ","logger":"kafka.conn","filename":"conn.py","lineno":936}
{"timestamp":"2026-02-26T18:22:19.568983Z","level":"info","event":"<BrokerConnection client_id=kafka-python-2.2.0, node_id=coordinator-1 host=kafka:29092 <connected> [IPv4 ('172.18.0.3', 29092)]>: Closing connection. ","logger":"kafka.conn","filename":"conn.py","lineno":936}
{"timestamp":"2026-02-26T18:22:19.589178Z","level":"info","event":"  Read 2 messages from topic 'f1.dim.drivers'","logger":"task.stdout"}
{"timestamp":"2026-02-26T18:22:21.693147Z","level":"error","event":"Task failed with exception","logger":"task","filename":"task_runner.py","lineno":1078,"error_detail":[{"exc_type":"ProgrammingError","exc_value":"(psycopg2.errors.InvalidSchemaName) schema \"dimensions\" does not exist\nLINE 2: CREATE TABLE dimensions.driver (\n                     ^\n\n[SQL: \nCREATE TABLE dimensions.driver (\n\tdriver_key BIGINT, \n\tdriver_id BIGINT, \n\tdriver_ref TEXT, \n\tdriver_number BIGINT, \n\tdriver_code TEXT, \n\tdriver_forename TEXT, \n\tdriver_surname TEXT, \n\tdriver_dob TIMESTAMP WITHOUT TIME ZONE, \n\tdriver_nationality TEXT, \n\tdriver_url FLOAT(53), \n\tcreated_at TIMESTAMP WITHOUT TIME ZONE, \n\tsource TEXT\n)\n\n]\n(Background on this error at: https://sqlalche.me/e/14/f405)","exc_notes":[],"syntax_error":null,"is_cause":false,"frames":[{"filename":"/home/airflow/.local/lib/python3.12/site-packages/airflow/sdk/execution_time/task_runner.py","lineno":1004,"name":"run"},{"filename":"/home/airflow/.local/lib/python3.12/site-packages/airflow/sdk/execution_time/task_runner.py","lineno":1405,"name":"_execute_task"},{"filename":"/home/airflow/.local/lib/python3.12/site-packages/airflow/sdk/bases/operator.py","lineno":417,"name":"wrapper"},{"filename":"/home/airflow/.local/lib/python3.12/site-packages/airflow/providers/standard/operators/python.py","lineno":214,"name":"execute"},{"filename":"/home/airflow/.local/lib/python3.12/site-packages/airflow/providers/standard/operators/python.py","lineno":237,"name":"execute_callable"},{"filename":"/home/airflow/.local/lib/python3.12/site-packages/airflow/sdk/execution_time/callback_runner.py","lineno":82,"name":"run"},{"filename":"/opt/airflow/dags/kafka_consumer_pipeline.py","lineno":213,"name":"consume_drivers"},{"filename":"/opt/airflow/dags/kafka_consumer_pipeline.py","lineno":142,"name":"_insert_new_records"},{"filename":"/home/airflow/.local/lib/python3.12/site-packages/pandas/util/_decorators.py","lineno":333,"name":"wrapper"},{"filename":"/home/airflow/.local/lib/python3.12/site-packages/pandas/core/generic.py","lineno":3008,"name":"to_sql"},{"filename":"/home/airflow/.local/lib/python3.12/site-packages/pandas/io/sql.py","lineno":788,"name":"to_sql"},{"filename":"/home/airflow/.local/lib/python3.12/site-packages/pandas/io/sql.py","lineno":1948,"name":"to_sql"},{"filename":"/home/airflow/.local/lib/python3.12/site-packages/pandas/io/sql.py","lineno":1852,"name":"prep_table"},{"filename":"/home/airflow/.local/lib/python3.12/site-packages/pandas/io/sql.py","lineno":936,"name":"create"},{"filename":"/home/airflow/.local/lib/python3.12/site-packages/pandas/io/sql.py","lineno":922,"name":"_execute_create"},{"filename":"/home/airflow/.local/lib/python3.12/site-packages/sqlalchemy/sql/schema.py","lineno":962,"name":"create"},{"filename":"/home/airflow/.local/lib/python3.12/site-packages/sqlalchemy/engine/base.py","lineno":2221,"name":"_run_ddl_visitor"},{"filename":"/home/airflow/.local/lib/python3.12/site-packages/sqlalchemy/sql/visitors.py","lineno":524,"name":"traverse_single"},{"filename":"/home/airflow/.local/lib/python3.12/site-packages/sqlalchemy/sql/ddl.py","lineno":899,"name":"visit_table"},{"filename":"/home/airflow/.local/lib/python3.12/site-packages/sqlalchemy/engine/base.py","lineno":1385,"name":"execute"},{"filename":"/home/airflow/.local/lib/python3.12/site-packages/sqlalchemy/sql/ddl.py","lineno":80,"name":"_execute_on_connection"},{"filename":"/home/airflow/.local/lib/python3.12/site-packages/sqlalchemy/engine/base.py","lineno":1477,"name":"_execute_ddl"},{"filename":"/home/airflow/.local/lib/python3.12/site-packages/sqlalchemy/engine/base.py","lineno":1953,"name":"_execute_context"},{"filename":"/home/airflow/.local/lib/python3.12/site-packages/sqlalchemy/engine/base.py","lineno":2134,"name":"_handle_dbapi_exception"},{"filename":"/home/airflow/.local/lib/python3.12/site-packages/sqlalchemy/util/compat.py","lineno":211,"name":"raise_"},{"filename":"/home/airflow/.local/lib/python3.12/site-packages/sqlalchemy/engine/base.py","lineno":1910,"name":"_execute_context"},{"filename":"/home/airflow/.local/lib/python3.12/site-packages/sqlalchemy/engine/default.py","lineno":736,"name":"do_execute"}],"is_group":false,"exceptions":[]},{"exc_type":"InvalidSchemaName","exc_value":"schema \"dimensions\" does not exist\nLINE 2: CREATE TABLE dimensions.driver (\n                     ^\n","exc_notes":[],"syntax_error":null,"is_cause":true,"frames":[{"filename":"/home/airflow/.local/lib/python3.12/site-packages/sqlalchemy/engine/base.py","lineno":1910,"name":"_execute_context"},{"filename":"/home/airflow/.local/lib/python3.12/site-packages/sqlalchemy/engine/default.py","lineno":736,"name":"do_execute"}],"is_group":false,"exceptions":[]}]}
