{"timestamp":"2026-02-18T09:07:06.962228Z","level":"info","event":"DAG bundles loaded: dags-folder","logger":"airflow.dag_processing.bundles.manager.DagBundlesManager","filename":"manager.py","lineno":179}
{"timestamp":"2026-02-18T09:07:06.964559Z","level":"info","event":"Filling up the DagBag from /opt/airflow/dags/kafka_consumer_pipeline.py","logger":"airflow.models.dagbag.DagBag","filename":"dagbag.py","lineno":593}
{"timestamp":"2026-02-18T09:07:08.296147Z","level":"info","event":"======================================================================","logger":"task.stdout"}
{"timestamp":"2026-02-18T09:07:08.296968Z","level":"info","event":"CONSUMER: f1.fact.pitstops -> facts.pitstops","logger":"task.stdout"}
{"timestamp":"2026-02-18T09:07:08.297243Z","level":"info","event":"======================================================================","logger":"task.stdout"}
{"timestamp":"2026-02-18T09:07:08.297620Z","level":"info","event":"  Connecting to Kafka, topic='f1.fact.pitstops', group='f1-incremental-consumers'","logger":"task.stdout"}
{"timestamp":"2026-02-18T09:07:08.305704Z","level":"info","event":"<BrokerConnection client_id=kafka-python-2.2.0, node_id=bootstrap-0 host=kafka:29092 <connecting> [IPv4 ('172.18.0.3', 29092)]>: connecting to kafka:29092 [('172.18.0.3', 29092) IPv4]","logger":"kafka.conn","filename":"conn.py","lineno":395}
{"timestamp":"2026-02-18T09:07:08.308076Z","level":"info","event":"<BrokerConnection client_id=kafka-python-2.2.0, node_id=bootstrap-0 host=kafka:29092 <checking_api_versions_recv> [IPv4 ('172.18.0.3', 29092)]>: Broker version identified as 2.6","logger":"kafka.conn","filename":"conn.py","lineno":615}
{"timestamp":"2026-02-18T09:07:08.308678Z","level":"info","event":"<BrokerConnection client_id=kafka-python-2.2.0, node_id=bootstrap-0 host=kafka:29092 <connected> [IPv4 ('172.18.0.3', 29092)]>: Connection complete.","logger":"kafka.conn","filename":"conn.py","lineno":456}
{"timestamp":"2026-02-18T09:07:08.310692Z","level":"info","event":"Updating subscribed topics to: ('f1.fact.pitstops',)","logger":"kafka.consumer.subscription_state","filename":"subscription_state.py","lineno":177}
{"timestamp":"2026-02-18T09:07:08.441922Z","level":"info","event":"<BrokerConnection client_id=kafka-python-2.2.0, node_id=1 host=kafka:29092 <connecting> [IPv4 ('172.18.0.3', 29092)]>: connecting to kafka:29092 [('172.18.0.3', 29092) IPv4]","logger":"kafka.conn","filename":"conn.py","lineno":395}
{"timestamp":"2026-02-18T09:07:08.442338Z","level":"info","event":"<BrokerConnection client_id=kafka-python-2.2.0, node_id=1 host=kafka:29092 <connected> [IPv4 ('172.18.0.3', 29092)]>: Connection complete.","logger":"kafka.conn","filename":"conn.py","lineno":456}
{"timestamp":"2026-02-18T09:07:08.448013Z","level":"info","event":"<BrokerConnection client_id=kafka-python-2.2.0, node_id=bootstrap-0 host=kafka:29092 <connected> [IPv4 ('172.18.0.3', 29092)]>: Closing connection. ","logger":"kafka.conn","filename":"conn.py","lineno":936}
{"timestamp":"2026-02-18T09:07:08.582937Z","level":"info","event":"Coordinator for group/f1-incremental-consumers is BrokerMetadata(nodeId='coordinator-1', host='kafka', port=29092, rack=None)","logger":"kafka.cluster","filename":"cluster.py","lineno":398}
{"timestamp":"2026-02-18T09:07:08.583089Z","level":"info","event":"Discovered coordinator coordinator-1 for group f1-incremental-consumers","logger":"kafka.coordinator","filename":"base.py","lineno":745}
{"timestamp":"2026-02-18T09:07:08.583226Z","level":"info","event":"Starting new heartbeat thread","logger":"kafka.coordinator","filename":"base.py","lineno":796}
{"timestamp":"2026-02-18T09:07:08.585888Z","level":"info","event":"Revoking previously assigned partitions set() for group f1-incremental-consumers","logger":"kafka.coordinator.consumer","filename":"consumer.py","lineno":357}
{"timestamp":"2026-02-18T09:07:08.593937Z","level":"info","event":"<BrokerConnection client_id=kafka-python-2.2.0, node_id=coordinator-1 host=kafka:29092 <connecting> [IPv4 ('172.18.0.3', 29092)]>: connecting to kafka:29092 [('172.18.0.3', 29092) IPv4]","logger":"kafka.conn","filename":"conn.py","lineno":395}
{"timestamp":"2026-02-18T09:07:08.602903Z","level":"info","event":"<BrokerConnection client_id=kafka-python-2.2.0, node_id=coordinator-1 host=kafka:29092 <connected> [IPv4 ('172.18.0.3', 29092)]>: Connection complete.","logger":"kafka.conn","filename":"conn.py","lineno":456}
{"timestamp":"2026-02-18T09:07:08.703835Z","level":"info","event":"(Re-)joining group f1-incremental-consumers","logger":"kafka.coordinator","filename":"base.py","lineno":500}
{"timestamp":"2026-02-18T09:07:08.711888Z","level":"info","event":"(Re-)joining group f1-incremental-consumers","logger":"kafka.coordinator","filename":"base.py","lineno":500}
{"timestamp":"2026-02-18T09:07:08.724267Z","level":"info","event":"Elected group leader -- performing partition assignments using range","logger":"kafka.coordinator","filename":"base.py","lineno":563}
{"timestamp":"2026-02-18T09:07:08.739366Z","level":"info","event":"Successfully joined group f1-incremental-consumers with generation 5","logger":"kafka.coordinator","filename":"base.py","lineno":390}
{"timestamp":"2026-02-18T09:07:08.740521Z","level":"info","event":"Updated partition assignment: [TopicPartition(topic='f1.fact.pitstops', partition=0)]","logger":"kafka.consumer.subscription_state","filename":"subscription_state.py","lineno":246}
{"timestamp":"2026-02-18T09:07:08.740909Z","level":"info","event":"Setting newly assigned partitions {TopicPartition(topic='f1.fact.pitstops', partition=0)} for group f1-incremental-consumers","logger":"kafka.coordinator.consumer","filename":"consumer.py","lineno":248}
{"timestamp":"2026-02-18T09:07:08.771727Z","level":"info","event":"Resetting offset for partition TopicPartition(topic='f1.fact.pitstops', partition=0) to offset 0.","logger":"kafka.consumer.fetcher","filename":"fetcher.py","lineno":407}
{"timestamp":"2026-02-18T09:07:11.766096Z","level":"warning","event":"Heartbeat failed for group f1-incremental-consumers because it is rebalancing","logger":"kafka.coordinator","filename":"base.py","lineno":898}
{"timestamp":"2026-02-18T09:07:11.767179Z","level":"info","event":"Revoking previously assigned partitions {TopicPartition(topic='f1.fact.pitstops', partition=0)} for group f1-incremental-consumers","logger":"kafka.coordinator.consumer","filename":"consumer.py","lineno":357}
{"timestamp":"2026-02-18T09:07:11.767354Z","level":"info","event":"(Re-)joining group f1-incremental-consumers","logger":"kafka.coordinator","filename":"base.py","lineno":500}
{"timestamp":"2026-02-18T09:07:11.772810Z","level":"info","event":"Elected group leader -- performing partition assignments using range","logger":"kafka.coordinator","filename":"base.py","lineno":563}
{"timestamp":"2026-02-18T09:07:11.773022Z","level":"warning","event":"No partition metadata for topic f1.fact.driver_standings","logger":"kafka.coordinator.assignors.range","filename":"range.py","lineno":47}
{"timestamp":"2026-02-18T09:07:11.773107Z","level":"warning","event":"No partition metadata for topic f1.fact.laps","logger":"kafka.coordinator.assignors.range","filename":"range.py","lineno":47}
{"timestamp":"2026-02-18T09:07:11.773179Z","level":"warning","event":"No partition metadata for topic f1.fact.results","logger":"kafka.coordinator.assignors.range","filename":"range.py","lineno":47}
{"timestamp":"2026-02-18T09:07:11.786889Z","level":"info","event":"Successfully joined group f1-incremental-consumers with generation 6","logger":"kafka.coordinator","filename":"base.py","lineno":390}
{"timestamp":"2026-02-18T09:07:11.787074Z","level":"info","event":"Updated partition assignment: [TopicPartition(topic='f1.fact.pitstops', partition=0)]","logger":"kafka.consumer.subscription_state","filename":"subscription_state.py","lineno":246}
{"timestamp":"2026-02-18T09:07:11.787159Z","level":"info","event":"Setting newly assigned partitions {TopicPartition(topic='f1.fact.pitstops', partition=0)} for group f1-incremental-consumers","logger":"kafka.coordinator.consumer","filename":"consumer.py","lineno":248}
{"timestamp":"2026-02-18T09:07:11.990045Z","level":"info","event":"Revoking previously assigned partitions {TopicPartition(topic='f1.fact.pitstops', partition=0)} for group f1-incremental-consumers","logger":"kafka.coordinator.consumer","filename":"consumer.py","lineno":357}
{"timestamp":"2026-02-18T09:07:11.990228Z","level":"info","event":"(Re-)joining group f1-incremental-consumers","logger":"kafka.coordinator","filename":"base.py","lineno":500}
{"timestamp":"2026-02-18T09:07:11.999885Z","level":"info","event":"Resetting offset for partition TopicPartition(topic='f1.fact.pitstops', partition=0) to offset 0.","logger":"kafka.consumer.fetcher","filename":"fetcher.py","lineno":407}
{"timestamp":"2026-02-18T09:07:14.843814Z","level":"info","event":"Elected group leader -- performing partition assignments using range","logger":"kafka.coordinator","filename":"base.py","lineno":563}
{"timestamp":"2026-02-18T09:07:14.858837Z","level":"info","event":"Successfully joined group f1-incremental-consumers with generation 7","logger":"kafka.coordinator","filename":"base.py","lineno":390}
{"timestamp":"2026-02-18T09:07:14.859071Z","level":"info","event":"Updated partition assignment: [TopicPartition(topic='f1.fact.pitstops', partition=0)]","logger":"kafka.consumer.subscription_state","filename":"subscription_state.py","lineno":246}
{"timestamp":"2026-02-18T09:07:14.860255Z","level":"info","event":"Setting newly assigned partitions {TopicPartition(topic='f1.fact.pitstops', partition=0)} for group f1-incremental-consumers","logger":"kafka.coordinator.consumer","filename":"consumer.py","lineno":248}
{"timestamp":"2026-02-18T09:07:14.874446Z","level":"info","event":"Resetting offset for partition TopicPartition(topic='f1.fact.pitstops', partition=0) to offset 0.","logger":"kafka.consumer.fetcher","filename":"fetcher.py","lineno":407}
{"timestamp":"2026-02-18T09:07:20.863531Z","level":"warning","event":"Heartbeat failed for group f1-incremental-consumers because it is rebalancing","logger":"kafka.coordinator","filename":"base.py","lineno":898}
{"timestamp":"2026-02-18T09:07:20.863721Z","level":"info","event":"Revoking previously assigned partitions {TopicPartition(topic='f1.fact.pitstops', partition=0)} for group f1-incremental-consumers","logger":"kafka.coordinator.consumer","filename":"consumer.py","lineno":357}
{"timestamp":"2026-02-18T09:07:20.863828Z","level":"info","event":"(Re-)joining group f1-incremental-consumers","logger":"kafka.coordinator","filename":"base.py","lineno":500}
{"timestamp":"2026-02-18T09:07:20.883961Z","level":"info","event":"Elected group leader -- performing partition assignments using range","logger":"kafka.coordinator","filename":"base.py","lineno":563}
{"timestamp":"2026-02-18T09:07:20.884187Z","level":"warning","event":"No partition metadata for topic f1.fact.constructor_standings","logger":"kafka.coordinator.assignors.range","filename":"range.py","lineno":47}
{"timestamp":"2026-02-18T09:07:20.889222Z","level":"info","event":"Successfully joined group f1-incremental-consumers with generation 8","logger":"kafka.coordinator","filename":"base.py","lineno":390}
{"timestamp":"2026-02-18T09:07:20.889418Z","level":"info","event":"Updated partition assignment: [TopicPartition(topic='f1.fact.pitstops', partition=0)]","logger":"kafka.consumer.subscription_state","filename":"subscription_state.py","lineno":246}
{"timestamp":"2026-02-18T09:07:20.889508Z","level":"info","event":"Setting newly assigned partitions {TopicPartition(topic='f1.fact.pitstops', partition=0)} for group f1-incremental-consumers","logger":"kafka.coordinator.consumer","filename":"consumer.py","lineno":248}
{"timestamp":"2026-02-18T09:07:21.193268Z","level":"info","event":"Revoking previously assigned partitions {TopicPartition(topic='f1.fact.pitstops', partition=0)} for group f1-incremental-consumers","logger":"kafka.coordinator.consumer","filename":"consumer.py","lineno":357}
{"timestamp":"2026-02-18T09:07:21.193421Z","level":"info","event":"(Re-)joining group f1-incremental-consumers","logger":"kafka.coordinator","filename":"base.py","lineno":500}
{"timestamp":"2026-02-18T09:07:21.194991Z","level":"info","event":"Resetting offset for partition TopicPartition(topic='f1.fact.pitstops', partition=0) to offset 0.","logger":"kafka.consumer.fetcher","filename":"fetcher.py","lineno":407}
{"timestamp":"2026-02-18T09:07:26.455828Z","level":"info","event":"Elected group leader -- performing partition assignments using range","logger":"kafka.coordinator","filename":"base.py","lineno":563}
{"timestamp":"2026-02-18T09:07:26.466280Z","level":"error","event":"Task failed with exception","logger":"task","filename":"task_runner.py","lineno":1078,"error_detail":[{"exc_type":"CommitFailedError","exc_value":"CommitFailedError: Commit cannot be completed since the group has already\n            rebalanced and assigned the partitions to another member.\n            This means that the time between subsequent calls to poll()\n            was longer than the configured max_poll_interval_ms, which\n            typically implies that the poll loop is spending too much\n            time message processing. You can address this either by\n            increasing the rebalance timeout with max_poll_interval_ms,\n            or by reducing the maximum size of batches returned in poll()\n            with max_poll_records.\n            ","exc_notes":[],"syntax_error":null,"is_cause":false,"frames":[{"filename":"/home/airflow/.local/lib/python3.12/site-packages/airflow/sdk/execution_time/task_runner.py","lineno":1004,"name":"run"},{"filename":"/home/airflow/.local/lib/python3.12/site-packages/airflow/sdk/execution_time/task_runner.py","lineno":1405,"name":"_execute_task"},{"filename":"/home/airflow/.local/lib/python3.12/site-packages/airflow/sdk/bases/operator.py","lineno":417,"name":"wrapper"},{"filename":"/home/airflow/.local/lib/python3.12/site-packages/airflow/providers/standard/operators/python.py","lineno":214,"name":"execute"},{"filename":"/home/airflow/.local/lib/python3.12/site-packages/airflow/providers/standard/operators/python.py","lineno":237,"name":"execute_callable"},{"filename":"/home/airflow/.local/lib/python3.12/site-packages/airflow/sdk/execution_time/callback_runner.py","lineno":82,"name":"run"},{"filename":"/opt/airflow/dags/kafka_consumer_pipeline.py","lineno":357,"name":"consume_pitstops"},{"filename":"/opt/airflow/dags/kafka_consumer_pipeline.py","lineno":107,"name":"_read_topic"},{"filename":"/opt/airflow/dags/utils/kafka_helper.py","lineno":63,"name":"commit"},{"filename":"/home/airflow/.local/lib/python3.12/site-packages/kafka/consumer/group.py","lineno":567,"name":"commit"},{"filename":"/home/airflow/.local/lib/python3.12/site-packages/kafka/coordinator/consumer.py","lineno":540,"name":"commit_offsets_sync"}],"is_group":false,"exceptions":[]}]}
