{"timestamp":"2026-02-16T17:59:30.529085Z","level":"info","event":"DAG bundles loaded: dags-folder","logger":"airflow.dag_processing.bundles.manager.DagBundlesManager","filename":"manager.py","lineno":179}
{"timestamp":"2026-02-16T17:59:30.536662Z","level":"info","event":"Filling up the DagBag from /opt/airflow/dags/csv_bronze_to_silver.py","logger":"airflow.models.dagbag.DagBag","filename":"dagbag.py","lineno":593}
{"timestamp":"2026-02-16T17:59:31.889191Z","level":"info","event":"TRANSFORM: fact_pitstops → Silver (Parquet with surrogate key)","logger":"task.stdout"}
{"timestamp":"2026-02-16T17:59:41.021344Z","level":"info","event":" Downloaded raw_data/f1_data.parquet (518417 rows)","logger":"task.stdout"}
{"timestamp":"2026-02-16T17:59:41.749535Z","level":"info","event":" Downloaded dimensions/dim_driver/dim_driver.parquet (65 rows)","logger":"task.stdout"}
{"timestamp":"2026-02-16T17:59:41.778322Z","level":"info","event":" Downloaded dimensions/dim_constructor/dim_constructor.parquet (20 rows)","logger":"task.stdout"}
{"timestamp":"2026-02-16T17:59:41.802986Z","level":"info","event":" Downloaded dimensions/dim_race/dim_race.parquet (232 rows)","logger":"task.stdout"}
{"timestamp":"2026-02-16T17:59:41.843486Z","level":"info","event":" Downloaded dimensions/dim_time/dim_time.parquet (6940 rows)","logger":"task.stdout"}
{"timestamp":"2026-02-16T17:59:42.894586Z","level":"info","event":"Generated 8975 pitstops with surrogate keys","logger":"task.stdout"}
{"timestamp":"2026-02-16T17:59:43.435701Z","level":"info","event":"Uploaded facts/fact_pitstops/year=2012/data.parquet (946 rows)","logger":"task.stdout"}
{"timestamp":"2026-02-16T17:59:43.446993Z","level":"info","event":"Year 2012: 946 rows","logger":"task.stdout"}
{"timestamp":"2026-02-16T17:59:43.579543Z","level":"info","event":"Uploaded facts/fact_pitstops/year=2013/data.parquet (951 rows)","logger":"task.stdout"}
{"timestamp":"2026-02-16T17:59:43.581312Z","level":"info","event":"Year 2013: 951 rows","logger":"task.stdout"}
{"timestamp":"2026-02-16T17:59:43.641702Z","level":"info","event":"Uploaded facts/fact_pitstops/year=2014/data.parquet (816 rows)","logger":"task.stdout"}
{"timestamp":"2026-02-16T17:59:43.644436Z","level":"info","event":"Year 2014: 816 rows","logger":"task.stdout"}
{"timestamp":"2026-02-16T17:59:43.740142Z","level":"info","event":"Uploaded facts/fact_pitstops/year=2015/data.parquet (741 rows)","logger":"task.stdout"}
{"timestamp":"2026-02-16T17:59:43.741297Z","level":"info","event":"Year 2015: 741 rows","logger":"task.stdout"}
{"timestamp":"2026-02-16T17:59:43.869311Z","level":"info","event":"Uploaded facts/fact_pitstops/year=2016/data.parquet (989 rows)","logger":"task.stdout"}
{"timestamp":"2026-02-16T17:59:43.871020Z","level":"info","event":"Year 2016: 989 rows","logger":"task.stdout"}
{"timestamp":"2026-02-16T17:59:43.929460Z","level":"info","event":"Uploaded facts/fact_pitstops/year=2017/data.parquet (694 rows)","logger":"task.stdout"}
{"timestamp":"2026-02-16T17:59:43.930296Z","level":"info","event":"Year 2017: 694 rows","logger":"task.stdout"}
{"timestamp":"2026-02-16T17:59:43.981881Z","level":"info","event":"Uploaded facts/fact_pitstops/year=2018/data.parquet (536 rows)","logger":"task.stdout"}
{"timestamp":"2026-02-16T17:59:43.982892Z","level":"info","event":"Year 2018: 536 rows","logger":"task.stdout"}
{"timestamp":"2026-02-16T17:59:44.046371Z","level":"info","event":"Uploaded facts/fact_pitstops/year=2019/data.parquet (650 rows)","logger":"task.stdout"}
{"timestamp":"2026-02-16T17:59:44.047108Z","level":"info","event":"Year 2019: 650 rows","logger":"task.stdout"}
{"timestamp":"2026-02-16T17:59:44.109175Z","level":"info","event":"Uploaded facts/fact_pitstops/year=2020/data.parquet (594 rows)","logger":"task.stdout"}
{"timestamp":"2026-02-16T17:59:44.109791Z","level":"info","event":"Year 2020: 594 rows","logger":"task.stdout"}
{"timestamp":"2026-02-16T17:59:44.164842Z","level":"info","event":"Uploaded facts/fact_pitstops/year=2021/data.parquet (798 rows)","logger":"task.stdout"}
{"timestamp":"2026-02-16T17:59:44.165907Z","level":"info","event":"Year 2021: 798 rows","logger":"task.stdout"}
{"timestamp":"2026-02-16T17:59:44.218885Z","level":"info","event":"Uploaded facts/fact_pitstops/year=2022/data.parquet (805 rows)","logger":"task.stdout"}
{"timestamp":"2026-02-16T17:59:44.223032Z","level":"info","event":"Year 2022: 805 rows","logger":"task.stdout"}
{"timestamp":"2026-02-16T17:59:44.266034Z","level":"info","event":"Uploaded facts/fact_pitstops/year=2023/data.parquet (455 rows)","logger":"task.stdout"}
{"timestamp":"2026-02-16T17:59:44.269477Z","level":"info","event":"Year 2023: 455 rows","logger":"task.stdout"}
{"timestamp":"2026-02-16T17:59:44.487774Z","level":"info","event":"Done. Returned value was: 8975","logger":"airflow.task.operators.airflow.providers.standard.operators.python.PythonOperator","filename":"python.py","lineno":216}
{"timestamp":"2026-02-16T17:59:44.488641Z","level":"info","event":"Pushing xcom","ti":"RuntimeTaskInstance(id=UUID('019c679b-725d-7926-8251-34b4006a9389'), task_id='transform_fact_pitstops', dag_id='csv_bronze_to_silver', run_id='manual__2026-02-16T17:53:47+00:00', try_number=1, dag_version_id=UUID('019c66aa-7007-78d1-af11-b9790b68fac5'), map_index=-1, hostname='9ffd7d06cb04', context_carrier={}, task=<Task(PythonOperator): transform_fact_pitstops>, bundle_instance=LocalDagBundle(name=dags-folder), max_tries=1, start_date=datetime.datetime(2026, 2, 16, 17, 59, 30, 216306, tzinfo=datetime.timezone.utc), end_date=None, state=<TaskInstanceState.RUNNING: 'running'>, is_mapped=False, rendered_map_index=None)","logger":"task","filename":"task_runner.py","lineno":1450}
