{"timestamp":"2026-02-13T09:12:06.476162Z","level":"info","event":"DAG bundles loaded: dags-folder","logger":"airflow.dag_processing.bundles.manager.DagBundlesManager","filename":"manager.py","lineno":179}
{"timestamp":"2026-02-13T09:12:06.486611Z","level":"info","event":"Filling up the DagBag from /opt/airflow/dags/master_pipeline.py","logger":"airflow.models.dagbag.DagBag","filename":"dagbag.py","lineno":593}
{"timestamp":"2026-02-13T09:12:06.530980Z","level":"warning","event":"The `airflow.operators.trigger_dagrun.TriggerDagRunOperator` attribute is deprecated. Please use `'airflow.providers.standard.operators.trigger_dagrun.TriggerDagRunOperator'`.","category":"DeprecatedImportWarning","filename":"/opt/airflow/dags/master_pipeline.py","lineno":34,"logger":"py.warnings"}
{"timestamp":"2026-02-13T09:12:06.531349Z","level":"warning","event":"The `airflow.operators.python.PythonOperator` attribute is deprecated. Please use `'airflow.providers.standard.operators.python.PythonOperator'`.","category":"DeprecatedImportWarning","filename":"/opt/airflow/dags/master_pipeline.py","lineno":35,"logger":"py.warnings"}
{"timestamp":"2026-02-13T09:12:06.876760Z","level":"info","event":"Triggering Dag Run.","trigger_dag_id":"api_laps_bronze_to_silver","logger":"task","filename":"task_runner.py","lineno":1146}
{"timestamp":"2026-02-13T09:12:06.908633Z","level":"info","event":"Dag Run triggered successfully.","trigger_dag_id":"api_laps_bronze_to_silver","logger":"task","filename":"task_runner.py","lineno":1180}
{"timestamp":"2026-02-13T09:12:06.921648Z","level":"info","event":"Waiting for dag run to complete execution in allowed state.","dag_id":"api_laps_bronze_to_silver","run_id":"manual__2026-02-13T09:12:06.594142+00:00","allowed_state":["success"],"logger":"task","filename":"task_runner.py","lineno":1207}
{"timestamp":"2026-02-13T09:12:36.926391Z","level":"info","event":"Waiting for dag run to complete execution in allowed state.","dag_id":"api_laps_bronze_to_silver","run_id":"manual__2026-02-13T09:12:06.594142+00:00","allowed_state":["success"],"logger":"task","filename":"task_runner.py","lineno":1207}
{"timestamp":"2026-02-13T09:13:06.932377Z","level":"info","event":"Waiting for dag run to complete execution in allowed state.","dag_id":"api_laps_bronze_to_silver","run_id":"manual__2026-02-13T09:12:06.594142+00:00","allowed_state":["success"],"logger":"task","filename":"task_runner.py","lineno":1207}
{"timestamp":"2026-02-13T09:13:36.937113Z","level":"info","event":"Waiting for dag run to complete execution in allowed state.","dag_id":"api_laps_bronze_to_silver","run_id":"manual__2026-02-13T09:12:06.594142+00:00","allowed_state":["success"],"logger":"task","filename":"task_runner.py","lineno":1207}
{"timestamp":"2026-02-13T09:14:06.943924Z","level":"info","event":"Waiting for dag run to complete execution in allowed state.","dag_id":"api_laps_bronze_to_silver","run_id":"manual__2026-02-13T09:12:06.594142+00:00","allowed_state":["success"],"logger":"task","filename":"task_runner.py","lineno":1207}
{"timestamp":"2026-02-13T09:14:36.948763Z","level":"info","event":"Waiting for dag run to complete execution in allowed state.","dag_id":"api_laps_bronze_to_silver","run_id":"manual__2026-02-13T09:12:06.594142+00:00","allowed_state":["success"],"logger":"task","filename":"task_runner.py","lineno":1207}
{"timestamp":"2026-02-13T09:15:06.953455Z","level":"info","event":"Waiting for dag run to complete execution in allowed state.","dag_id":"api_laps_bronze_to_silver","run_id":"manual__2026-02-13T09:12:06.594142+00:00","allowed_state":["success"],"logger":"task","filename":"task_runner.py","lineno":1207}
{"timestamp":"2026-02-13T09:15:37.019403Z","level":"info","event":"Waiting for dag run to complete execution in allowed state.","dag_id":"api_laps_bronze_to_silver","run_id":"manual__2026-02-13T09:12:06.594142+00:00","allowed_state":["success"],"logger":"task","filename":"task_runner.py","lineno":1207}
{"timestamp":"2026-02-13T09:16:07.025078Z","level":"info","event":"Waiting for dag run to complete execution in allowed state.","dag_id":"api_laps_bronze_to_silver","run_id":"manual__2026-02-13T09:12:06.594142+00:00","allowed_state":["success"],"logger":"task","filename":"task_runner.py","lineno":1207}
{"timestamp":"2026-02-13T09:16:37.030242Z","level":"info","event":"Waiting for dag run to complete execution in allowed state.","dag_id":"api_laps_bronze_to_silver","run_id":"manual__2026-02-13T09:12:06.594142+00:00","allowed_state":["success"],"logger":"task","filename":"task_runner.py","lineno":1207}
{"timestamp":"2026-02-13T09:17:07.035730Z","level":"info","event":"Waiting for dag run to complete execution in allowed state.","dag_id":"api_laps_bronze_to_silver","run_id":"manual__2026-02-13T09:12:06.594142+00:00","allowed_state":["success"],"logger":"task","filename":"task_runner.py","lineno":1207}
{"timestamp":"2026-02-13T09:17:37.040611Z","level":"info","event":"Waiting for dag run to complete execution in allowed state.","dag_id":"api_laps_bronze_to_silver","run_id":"manual__2026-02-13T09:12:06.594142+00:00","allowed_state":["success"],"logger":"task","filename":"task_runner.py","lineno":1207}
{"timestamp":"2026-02-13T09:18:07.060928Z","level":"info","event":"Waiting for dag run to complete execution in allowed state.","dag_id":"api_laps_bronze_to_silver","run_id":"manual__2026-02-13T09:12:06.594142+00:00","allowed_state":["success"],"logger":"task","filename":"task_runner.py","lineno":1207}
{"timestamp":"2026-02-13T09:18:37.061315Z","level":"info","event":"Waiting for dag run to complete execution in allowed state.","dag_id":"api_laps_bronze_to_silver","run_id":"manual__2026-02-13T09:12:06.594142+00:00","allowed_state":["success"],"logger":"task","filename":"task_runner.py","lineno":1207}
{"timestamp":"2026-02-13T09:19:07.066041Z","level":"info","event":"Waiting for dag run to complete execution in allowed state.","dag_id":"api_laps_bronze_to_silver","run_id":"manual__2026-02-13T09:12:06.594142+00:00","allowed_state":["success"],"logger":"task","filename":"task_runner.py","lineno":1207}
{"timestamp":"2026-02-13T09:19:37.069064Z","level":"info","event":"Waiting for dag run to complete execution in allowed state.","dag_id":"api_laps_bronze_to_silver","run_id":"manual__2026-02-13T09:12:06.594142+00:00","allowed_state":["success"],"logger":"task","filename":"task_runner.py","lineno":1207}
{"timestamp":"2026-02-13T09:20:07.083441Z","level":"info","event":"Waiting for dag run to complete execution in allowed state.","dag_id":"api_laps_bronze_to_silver","run_id":"manual__2026-02-13T09:12:06.594142+00:00","allowed_state":["success"],"logger":"task","filename":"task_runner.py","lineno":1207}
{"timestamp":"2026-02-13T09:20:37.090650Z","level":"info","event":"Waiting for dag run to complete execution in allowed state.","dag_id":"api_laps_bronze_to_silver","run_id":"manual__2026-02-13T09:12:06.594142+00:00","allowed_state":["success"],"logger":"task","filename":"task_runner.py","lineno":1207}
{"timestamp":"2026-02-13T09:21:07.098908Z","level":"info","event":"Waiting for dag run to complete execution in allowed state.","dag_id":"api_laps_bronze_to_silver","run_id":"manual__2026-02-13T09:12:06.594142+00:00","allowed_state":["success"],"logger":"task","filename":"task_runner.py","lineno":1207}
{"timestamp":"2026-02-13T09:21:37.103999Z","level":"info","event":"Waiting for dag run to complete execution in allowed state.","dag_id":"api_laps_bronze_to_silver","run_id":"manual__2026-02-13T09:12:06.594142+00:00","allowed_state":["success"],"logger":"task","filename":"task_runner.py","lineno":1207}
{"timestamp":"2026-02-13T09:22:07.110506Z","level":"info","event":"DagRun finished with allowed state.","dag_id":"api_laps_bronze_to_silver","state":"success","logger":"task","filename":"task_runner.py","lineno":1232}
