{"timestamp":"2026-02-09T11:21:49.724584Z","level":"info","event":"DAG bundles loaded: dags-folder, example_dags","logger":"airflow.dag_processing.bundles.manager.DagBundlesManager","filename":"manager.py","lineno":179}
{"timestamp":"2026-02-09T11:21:49.728703Z","level":"info","event":"Filling up the DagBag from /opt/airflow/dags/csv_bronze_to_silver.py","logger":"airflow.models.dagbag.DagBag","filename":"dagbag.py","lineno":593}
{"timestamp":"2026-02-09T11:21:50.105339Z","level":"info","event":"Task instance is in running state","logger":"task.stdout"}
{"timestamp":"2026-02-09T11:21:50.105904Z","level":"info","event":" Previous state of the Task instance: TaskInstanceState.QUEUED","logger":"task.stdout"}
{"timestamp":"2026-02-09T11:21:50.106178Z","level":"info","event":"Current task name:transform_dim_race","logger":"task.stdout"}
{"timestamp":"2026-02-09T11:21:50.106414Z","level":"info","event":"Dag name:csv_bronze_to_silver","logger":"task.stdout"}
{"timestamp":"2026-02-09T11:21:50.107614Z","level":"info","event":"TRANSFORM: dim_race → Silver (Parquet with surrogate key)","logger":"task.stdout"}
{"timestamp":"2026-02-09T11:21:59.232501Z","level":"warning","event":"Columns (7,8,13,14,17,42,45,63) have mixed types. Specify dtype option on import or set low_memory=False.","category":"DtypeWarning","filename":"/opt/airflow/dags/csv_bronze_to_silver.py","lineno":182,"logger":"py.warnings"}
{"timestamp":"2026-02-09T11:22:00.691022Z","level":"warning","event":"Could not infer format, so each element will be parsed individually, falling back to `dateutil`. To ensure parsing is consistent and as-expected, please specify a format.","category":"UserWarning","filename":"/opt/airflow/dags/csv_bronze_to_silver.py","lineno":215,"logger":"py.warnings"}
{"timestamp":"2026-02-09T11:22:00.695254Z","level":"warning","event":"Could not infer format, so each element will be parsed individually, falling back to `dateutil`. To ensure parsing is consistent and as-expected, please specify a format.","category":"UserWarning","filename":"/opt/airflow/dags/csv_bronze_to_silver.py","lineno":216,"logger":"py.warnings"}
{"timestamp":"2026-02-09T11:22:00.697776Z","level":"warning","event":"Could not infer format, so each element will be parsed individually, falling back to `dateutil`. To ensure parsing is consistent and as-expected, please specify a format.","category":"UserWarning","filename":"/opt/airflow/dags/csv_bronze_to_silver.py","lineno":217,"logger":"py.warnings"}
{"timestamp":"2026-02-09T11:22:00.700951Z","level":"warning","event":"Could not infer format, so each element will be parsed individually, falling back to `dateutil`. To ensure parsing is consistent and as-expected, please specify a format.","category":"UserWarning","filename":"/opt/airflow/dags/csv_bronze_to_silver.py","lineno":218,"logger":"py.warnings"}
{"timestamp":"2026-02-09T11:22:00.703818Z","level":"warning","event":"Could not infer format, so each element will be parsed individually, falling back to `dateutil`. To ensure parsing is consistent and as-expected, please specify a format.","category":"UserWarning","filename":"/opt/airflow/dags/csv_bronze_to_silver.py","lineno":219,"logger":"py.warnings"}
{"timestamp":"2026-02-09T11:22:00.706691Z","level":"warning","event":"Could not infer format, so each element will be parsed individually, falling back to `dateutil`. To ensure parsing is consistent and as-expected, please specify a format.","category":"UserWarning","filename":"/opt/airflow/dags/csv_bronze_to_silver.py","lineno":220,"logger":"py.warnings"}
{"timestamp":"2026-02-09T11:22:00.708102Z","level":"warning","event":"Could not infer format, so each element will be parsed individually, falling back to `dateutil`. To ensure parsing is consistent and as-expected, please specify a format.","category":"UserWarning","filename":"/opt/airflow/dags/csv_bronze_to_silver.py","lineno":221,"logger":"py.warnings"}
{"timestamp":"2026-02-09T11:22:00.710626Z","level":"warning","event":"Could not infer format, so each element will be parsed individually, falling back to `dateutil`. To ensure parsing is consistent and as-expected, please specify a format.","category":"UserWarning","filename":"/opt/airflow/dags/csv_bronze_to_silver.py","lineno":222,"logger":"py.warnings"}
{"timestamp":"2026-02-09T11:22:00.712136Z","level":"warning","event":"Could not infer format, so each element will be parsed individually, falling back to `dateutil`. To ensure parsing is consistent and as-expected, please specify a format.","category":"UserWarning","filename":"/opt/airflow/dags/csv_bronze_to_silver.py","lineno":223,"logger":"py.warnings"}
{"timestamp":"2026-02-09T11:22:00.714024Z","level":"warning","event":"Could not infer format, so each element will be parsed individually, falling back to `dateutil`. To ensure parsing is consistent and as-expected, please specify a format.","category":"UserWarning","filename":"/opt/airflow/dags/csv_bronze_to_silver.py","lineno":224,"logger":"py.warnings"}
{"timestamp":"2026-02-09T11:22:00.715697Z","level":"warning","event":"Could not infer format, so each element will be parsed individually, falling back to `dateutil`. To ensure parsing is consistent and as-expected, please specify a format.","category":"UserWarning","filename":"/opt/airflow/dags/csv_bronze_to_silver.py","lineno":225,"logger":"py.warnings"}
{"timestamp":"2026-02-09T11:22:01.041905Z","level":"info","event":" Downloaded dimensions/dim_circuit/dim_circuit.parquet (34 rows)","logger":"task.stdout"}
{"timestamp":"2026-02-09T11:22:01.048894Z","level":"info","event":"Generated 232 races with surrogate keys","logger":"task.stdout"}
{"timestamp":"2026-02-09T11:22:01.074219Z","level":"info","event":" Uploaded dimensions/dim_race/dim_race.parquet (232 rows)","logger":"task.stdout"}
{"timestamp":"2026-02-09T11:22:01.167679Z","level":"info","event":"Done. Returned value was: 232","logger":"airflow.task.operators.airflow.providers.standard.operators.python.PythonOperator","filename":"python.py","lineno":216}
{"timestamp":"2026-02-09T11:22:01.168067Z","level":"info","event":"Pushing xcom","ti":"RuntimeTaskInstance(id=UUID('019c4222-c132-7f05-906b-a6fdf3ee4130'), task_id='transform_dim_race', dag_id='csv_bronze_to_silver', run_id='manual__2026-02-09T11:21:38+00:00', try_number=1, dag_version_id=UUID('019c416b-b74f-7cbe-bc3c-77c22eb19784'), map_index=-1, hostname='ced332f26f0a', context_carrier={}, task=<Task(PythonOperator): transform_dim_race>, bundle_instance=LocalDagBundle(name=dags-folder), max_tries=1, start_date=datetime.datetime(2026, 2, 9, 11, 21, 48, 579089, tzinfo=datetime.timezone.utc), end_date=None, state=<TaskInstanceState.RUNNING: 'running'>, is_mapped=False, rendered_map_index=None)","logger":"task","filename":"task_runner.py","lineno":1450}
{"timestamp":"2026-02-09T11:22:01.197515Z","level":"info","event":"Task instance in success state","logger":"task.stdout"}
{"timestamp":"2026-02-09T11:22:01.197846Z","level":"info","event":" Previous state of the Task instance: TaskInstanceState.RUNNING","logger":"task.stdout"}
{"timestamp":"2026-02-09T11:22:01.199209Z","level":"info","event":"Task operator:<Task(PythonOperator): transform_dim_race>","logger":"task.stdout"}
