{"timestamp":"2026-02-15T15:03:44.777707Z","level":"info","event":"DAG bundles loaded: dags-folder","logger":"airflow.dag_processing.bundles.manager.DagBundlesManager","filename":"manager.py","lineno":179}
{"timestamp":"2026-02-15T15:03:44.785483Z","level":"info","event":"Filling up the DagBag from /opt/airflow/dags/weekly_streaming_pipeline.py","logger":"airflow.models.dagbag.DagBag","filename":"dagbag.py","lineno":593}
{"timestamp":"2026-02-15T15:03:50.257578Z","level":"warning","event":"The `airflow.operators.trigger_dagrun.TriggerDagRunOperator` attribute is deprecated. Please use `'airflow.providers.standard.operators.trigger_dagrun.TriggerDagRunOperator'`.","category":"DeprecatedImportWarning","filename":"/opt/airflow/dags/weekly_streaming_pipeline.py","lineno":18,"logger":"py.warnings"}
{"timestamp":"2026-02-15T15:03:50.432485Z","level":"info","event":"","logger":"task.stdout"}
{"timestamp":"2026-02-15T15:03:50.434871Z","level":"info","event":"[PRODUCER] Starting fact_results production...","logger":"task.stdout"}
{"timestamp":"2026-02-15T15:03:50.435733Z","level":"info","event":"<BrokerConnection client_id=f1-streaming-pipeline, node_id=bootstrap-0 host=kafka:29092 <connecting> [IPv4 ('172.18.0.4', 29092)]>: connecting to kafka:29092 [('172.18.0.4', 29092) IPv4]","logger":"kafka.conn","filename":"conn.py","lineno":395}
{"timestamp":"2026-02-15T15:03:50.460442Z","level":"info","event":"<BrokerConnection client_id=f1-streaming-pipeline, node_id=bootstrap-0 host=kafka:29092 <checking_api_versions_recv> [IPv4 ('172.18.0.4', 29092)]>: Broker version identified as 2.6","logger":"kafka.conn","filename":"conn.py","lineno":615}
{"timestamp":"2026-02-15T15:03:50.494151Z","level":"info","event":"<BrokerConnection client_id=f1-streaming-pipeline, node_id=bootstrap-0 host=kafka:29092 <connected> [IPv4 ('172.18.0.4', 29092)]>: Connection complete.","logger":"kafka.conn","filename":"conn.py","lineno":456}
{"timestamp":"2026-02-15T15:03:50.524793Z","level":"info","event":"","logger":"task.stdout"}
{"timestamp":"2026-02-15T15:03:50.531511Z","level":"info","event":"======================================================================","logger":"task.stdout"}
{"timestamp":"2026-02-15T15:03:50.538671Z","level":"info","event":"PRODUCING RESULTS FOR 2026 → Kafka Topic: fact-results","logger":"task.stdout"}
{"timestamp":"2026-02-15T15:03:50.546162Z","level":"info","event":"======================================================================","logger":"task.stdout"}
{"timestamp":"2026-02-15T15:03:50.552109Z","level":"info","event":"","logger":"task.stdout"}
{"timestamp":"2026-02-15T15:03:50.555914Z","level":"info","event":"","logger":"task.stdout"}
{"timestamp":"2026-02-15T15:03:50.557132Z","level":"info","event":"======================================================================","logger":"task.stdout"}
{"timestamp":"2026-02-15T15:03:50.558089Z","level":"info","event":"SCRAPING RACE RESULTS FROM ERGAST API: 2026-2026","logger":"task.stdout"}
{"timestamp":"2026-02-15T15:03:50.559536Z","level":"info","event":"======================================================================","logger":"task.stdout"}
{"timestamp":"2026-02-15T15:03:50.560331Z","level":"info","event":"","logger":"task.stdout"}
{"timestamp":"2026-02-15T15:03:50.566133Z","level":"info","event":"Fetching race results for 2026...","logger":"task.stdout"}
{"timestamp":"2026-02-15T15:04:14.523483Z","level":"info","event":"0 results found across 0 races","logger":"task.stdout"}
{"timestamp":"2026-02-15T15:04:14.528134Z","level":"info","event":"","logger":"task.stdout"}
{"timestamp":"2026-02-15T15:04:14.528856Z","level":"info","event":"======================================================================","logger":"task.stdout"}
{"timestamp":"2026-02-15T15:04:14.529443Z","level":"info","event":"SCRAPING COMPLETE","logger":"task.stdout"}
{"timestamp":"2026-02-15T15:04:14.530006Z","level":"info","event":"Total records: 0","logger":"task.stdout"}
{"timestamp":"2026-02-15T15:04:14.530475Z","level":"info","event":"Years covered: 2026-2026","logger":"task.stdout"}
{"timestamp":"2026-02-15T15:04:14.530971Z","level":"info","event":"======================================================================","logger":"task.stdout"}
{"timestamp":"2026-02-15T15:04:14.531647Z","level":"info","event":"","logger":"task.stdout"}
{"timestamp":"2026-02-15T15:04:14.532178Z","level":"info","event":"Transforming API data to Silver schema...","logger":"task.stdout"}
{"timestamp":"2026-02-15T15:04:14.528493Z","level":"error","event":"Task failed with exception","logger":"task","filename":"task_runner.py","lineno":1078,"error_detail":[{"exc_type":"KeyError","exc_value":"'Driver'","exc_notes":[],"syntax_error":null,"is_cause":false,"frames":[{"filename":"/home/airflow/.local/lib/python3.12/site-packages/airflow/sdk/execution_time/task_runner.py","lineno":1004,"name":"run"},{"filename":"/home/airflow/.local/lib/python3.12/site-packages/airflow/sdk/execution_time/task_runner.py","lineno":1405,"name":"_execute_task"},{"filename":"/home/airflow/.local/lib/python3.12/site-packages/airflow/sdk/bases/operator.py","lineno":417,"name":"wrapper"},{"filename":"/home/airflow/.local/lib/python3.12/site-packages/airflow/providers/standard/operators/python.py","lineno":214,"name":"execute"},{"filename":"/home/airflow/.local/lib/python3.12/site-packages/airflow/providers/standard/operators/python.py","lineno":237,"name":"execute_callable"},{"filename":"/home/airflow/.local/lib/python3.12/site-packages/airflow/sdk/execution_time/callback_runner.py","lineno":82,"name":"run"},{"filename":"/opt/airflow/dags/weekly_streaming_pipeline.py","lineno":106,"name":"produce_results"},{"filename":"/opt/airflow/dags/streaming/kafka_producers.py","lineno":325,"name":"produce_current_year"},{"filename":"/opt/airflow/dags/utils/scraper/result.py","lineno":184,"name":"transform_to_silver_schema"},{"filename":"/home/airflow/.local/lib/python3.12/site-packages/pandas/core/frame.py","lineno":3893,"name":"__getitem__"},{"filename":"/home/airflow/.local/lib/python3.12/site-packages/pandas/core/indexes/range.py","lineno":418,"name":"get_loc"}],"is_group":false,"exceptions":[]}]}
