{"timestamp":"2026-02-18T09:23:04.624589Z","level":"info","event":"DAG bundles loaded: dags-folder","logger":"airflow.dag_processing.bundles.manager.DagBundlesManager","filename":"manager.py","lineno":179}
{"timestamp":"2026-02-18T09:23:04.625896Z","level":"info","event":"Filling up the DagBag from /opt/airflow/dags/all_silver_to_gold.py","logger":"airflow.models.dagbag.DagBag","filename":"dagbag.py","lineno":593}
{"timestamp":"2026-02-18T09:23:05.292127Z","level":"info","event":"TRANSFORM: fact_laps -> Gold PostgreSQL","logger":"task.stdout"}
{"timestamp":"2026-02-18T09:23:05.366803Z","level":"info","event":" Downloaded facts/fact_laps/year=2012/data.parquet (25184 rows)","logger":"task.stdout"}
{"timestamp":"2026-02-18T09:23:05.380456Z","level":"info","event":" Downloaded facts/fact_laps/year=2013/data.parquet (22707 rows)","logger":"task.stdout"}
{"timestamp":"2026-02-18T09:23:05.392568Z","level":"info","event":" Downloaded facts/fact_laps/year=2014/data.parquet (20874 rows)","logger":"task.stdout"}
{"timestamp":"2026-02-18T09:23:05.407098Z","level":"info","event":" Downloaded facts/fact_laps/year=2015/data.parquet (19785 rows)","logger":"task.stdout"}
{"timestamp":"2026-02-18T09:23:05.419075Z","level":"info","event":" Downloaded facts/fact_laps/year=2016/data.parquet (24366 rows)","logger":"task.stdout"}
{"timestamp":"2026-02-18T09:23:05.429499Z","level":"info","event":" Downloaded facts/fact_laps/year=2017/data.parquet (20016 rows)","logger":"task.stdout"}
{"timestamp":"2026-02-18T09:23:05.445577Z","level":"info","event":" Downloaded facts/fact_laps/year=2018/data.parquet (21935 rows)","logger":"task.stdout"}
{"timestamp":"2026-02-18T09:23:05.500987Z","level":"info","event":" Downloaded facts/fact_laps/year=2019/data.parquet (23429 rows)","logger":"task.stdout"}
{"timestamp":"2026-02-18T09:23:05.529004Z","level":"info","event":" Downloaded facts/fact_laps/year=2020/data.parquet (18207 rows)","logger":"task.stdout"}
{"timestamp":"2026-02-18T09:23:05.556146Z","level":"info","event":" Downloaded facts/fact_laps/year=2021/data.parquet (23505 rows)","logger":"task.stdout"}
{"timestamp":"2026-02-18T09:23:05.571169Z","level":"info","event":" Downloaded facts/fact_laps/year=2022/data.parquet (23284 rows)","logger":"task.stdout"}
{"timestamp":"2026-02-18T09:23:05.587511Z","level":"info","event":" Downloaded facts/fact_laps/year=2023/data.parquet (13544 rows)","logger":"task.stdout"}
{"timestamp":"2026-02-18T09:23:05.594321Z","level":"info","event":" Downloaded facts/fact_laps/year=2024/data.parquet (720 rows)","logger":"task.stdout"}
{"timestamp":"2026-02-18T09:23:05.598622Z","level":"info","event":" Downloaded facts/fact_laps/year=2025/data.parquet (720 rows)","logger":"task.stdout"}
{"timestamp":"2026-02-18T09:23:05.603288Z","level":"info","event":"Error reading facts/fact_laps/year=2026/data.parquet: S3 operation failed; code: NoSuchKey, message: The specified key does not exist., resource: /f1-silver/facts/fact_laps/year=2026/data.parquet, request_id: 18954CE77F7206BF, host_id: dd9025bab4ad464b049177c95eb6ebf374d3b3fd1af9251148b658df7ac2e3e8, bucket_name: f1-silver, object_name: facts/fact_laps/year=2026/data.parquet","logger":"task.stdout"}
{"timestamp":"2026-02-18T09:23:05.604977Z","level":"info","event":"Error reading facts/fact_laps/year=2027/data.parquet: S3 operation failed; code: NoSuchKey, message: The specified key does not exist., resource: /f1-silver/facts/fact_laps/year=2027/data.parquet, request_id: 18954CE77FB7E45C, host_id: dd9025bab4ad464b049177c95eb6ebf374d3b3fd1af9251148b658df7ac2e3e8, bucket_name: f1-silver, object_name: facts/fact_laps/year=2027/data.parquet","logger":"task.stdout"}
{"timestamp":"2026-02-18T09:23:05.607964Z","level":"info","event":"Error reading facts/fact_laps/year=2028/data.parquet: S3 operation failed; code: NoSuchKey, message: The specified key does not exist., resource: /f1-silver/facts/fact_laps/year=2028/data.parquet, request_id: 18954CE77FD5C67F, host_id: dd9025bab4ad464b049177c95eb6ebf374d3b3fd1af9251148b658df7ac2e3e8, bucket_name: f1-silver, object_name: facts/fact_laps/year=2028/data.parquet","logger":"task.stdout"}
{"timestamp":"2026-02-18T09:23:05.608721Z","level":"info","event":"Error reading facts/fact_laps/year=2029/data.parquet: S3 operation failed; code: NoSuchKey, message: The specified key does not exist., resource: /f1-silver/facts/fact_laps/year=2029/data.parquet, request_id: 18954CE77FED9767, host_id: dd9025bab4ad464b049177c95eb6ebf374d3b3fd1af9251148b658df7ac2e3e8, bucket_name: f1-silver, object_name: facts/fact_laps/year=2029/data.parquet","logger":"task.stdout"}
{"timestamp":"2026-02-18T09:23:05.610202Z","level":"info","event":"Error reading facts/fact_laps/year=2030/data.parquet: S3 operation failed; code: NoSuchKey, message: The specified key does not exist., resource: /f1-silver/facts/fact_laps/year=2030/data.parquet, request_id: 18954CE7800A6879, host_id: dd9025bab4ad464b049177c95eb6ebf374d3b3fd1af9251148b658df7ac2e3e8, bucket_name: f1-silver, object_name: facts/fact_laps/year=2030/data.parquet","logger":"task.stdout"}
{"timestamp":"2026-02-18T09:23:05.661602Z","level":"info","event":"Transformed 258276 laps","logger":"task.stdout"}
{"timestamp":"2026-02-18T09:23:05.687412Z","level":"info","event":"Transformed 258276 race results","logger":"task.stdout"}
{"timestamp":"2026-02-18T09:23:55.001193Z","level":"info","event":"Loaded 258276 laps to PostgreSQL","logger":"task.stdout"}
{"timestamp":"2026-02-18T09:23:55.008903Z","level":"info","event":"Done. Returned value was: 258276","logger":"airflow.task.operators.airflow.providers.standard.operators.python.PythonOperator","filename":"python.py","lineno":216}
{"timestamp":"2026-02-18T09:23:55.009157Z","level":"info","event":"Pushing xcom","ti":"RuntimeTaskInstance(id=UUID('019c700f-55c3-7fd5-bce3-987182ced504'), task_id='transform_gold_fact_laps', dag_id='all_silver_to_gold', run_id='manual__2026-02-18T09:22:58+00:00', try_number=1, dag_version_id=UUID('019c6ff5-c1db-71c8-9961-2ef21089ac83'), map_index=-1, hostname='e4702b2ecf8f', context_carrier={}, task=<Task(PythonOperator): transform_gold_fact_laps>, bundle_instance=LocalDagBundle(name=dags-folder), max_tries=1, start_date=datetime.datetime(2026, 2, 18, 9, 23, 4, 510298, tzinfo=datetime.timezone.utc), end_date=None, state=<TaskInstanceState.RUNNING: 'running'>, is_mapped=False, rendered_map_index=None)","logger":"task","filename":"task_runner.py","lineno":1450}
