{"timestamp":"2026-02-18T12:00:28.230175Z","level":"info","event":"DAG bundles loaded: dags-folder","logger":"airflow.dag_processing.bundles.manager.DagBundlesManager","filename":"manager.py","lineno":179}
{"timestamp":"2026-02-18T12:00:28.237963Z","level":"info","event":"Filling up the DagBag from /opt/airflow/dags/all_silver_to_gold.py","logger":"airflow.models.dagbag.DagBag","filename":"dagbag.py","lineno":593}
{"timestamp":"2026-02-18T12:00:29.196332Z","level":"info","event":"TRANSFORM: fact_pitstops -> Gold PostgreSQL","logger":"task.stdout"}
{"timestamp":"2026-02-18T12:00:29.237858Z","level":"info","event":" Downloaded facts/fact_pitstops/year=2012/data.parquet (946 rows)","logger":"task.stdout"}
{"timestamp":"2026-02-18T12:00:29.258005Z","level":"info","event":" Downloaded facts/fact_pitstops/year=2013/data.parquet (951 rows)","logger":"task.stdout"}
{"timestamp":"2026-02-18T12:00:29.262764Z","level":"info","event":" Downloaded facts/fact_pitstops/year=2014/data.parquet (816 rows)","logger":"task.stdout"}
{"timestamp":"2026-02-18T12:00:29.277042Z","level":"info","event":" Downloaded facts/fact_pitstops/year=2015/data.parquet (741 rows)","logger":"task.stdout"}
{"timestamp":"2026-02-18T12:00:29.282299Z","level":"info","event":" Downloaded facts/fact_pitstops/year=2016/data.parquet (989 rows)","logger":"task.stdout"}
{"timestamp":"2026-02-18T12:00:29.287432Z","level":"info","event":" Downloaded facts/fact_pitstops/year=2017/data.parquet (694 rows)","logger":"task.stdout"}
{"timestamp":"2026-02-18T12:00:29.292566Z","level":"info","event":" Downloaded facts/fact_pitstops/year=2018/data.parquet (536 rows)","logger":"task.stdout"}
{"timestamp":"2026-02-18T12:00:29.298115Z","level":"info","event":" Downloaded facts/fact_pitstops/year=2019/data.parquet (650 rows)","logger":"task.stdout"}
{"timestamp":"2026-02-18T12:00:29.305829Z","level":"info","event":" Downloaded facts/fact_pitstops/year=2020/data.parquet (594 rows)","logger":"task.stdout"}
{"timestamp":"2026-02-18T12:00:29.310963Z","level":"info","event":" Downloaded facts/fact_pitstops/year=2021/data.parquet (798 rows)","logger":"task.stdout"}
{"timestamp":"2026-02-18T12:00:29.316007Z","level":"info","event":" Downloaded facts/fact_pitstops/year=2022/data.parquet (805 rows)","logger":"task.stdout"}
{"timestamp":"2026-02-18T12:00:29.323591Z","level":"info","event":" Downloaded facts/fact_pitstops/year=2023/data.parquet (455 rows)","logger":"task.stdout"}
{"timestamp":"2026-02-18T12:00:29.329619Z","level":"info","event":" Downloaded facts/fact_pitstops/year=2024/data.parquet (825 rows)","logger":"task.stdout"}
{"timestamp":"2026-02-18T12:00:29.344185Z","level":"info","event":" Downloaded facts/fact_pitstops/year=2025/data.parquet (821 rows)","logger":"task.stdout"}
{"timestamp":"2026-02-18T12:00:29.355263Z","level":"info","event":"Error reading facts/fact_pitstops/year=2026/data.parquet: S3 operation failed; code: NoSuchKey, message: The specified key does not exist., resource: /f1-silver/facts/fact_pitstops/year=2026/data.parquet, request_id: 1895557E4A95417C, host_id: dd9025bab4ad464b049177c95eb6ebf374d3b3fd1af9251148b658df7ac2e3e8, bucket_name: f1-silver, object_name: facts/fact_pitstops/year=2026/data.parquet","logger":"task.stdout"}
{"timestamp":"2026-02-18T12:00:29.360337Z","level":"info","event":"Error reading facts/fact_pitstops/year=2027/data.parquet: S3 operation failed; code: NoSuchKey, message: The specified key does not exist., resource: /f1-silver/facts/fact_pitstops/year=2027/data.parquet, request_id: 1895557E4B354FEF, host_id: dd9025bab4ad464b049177c95eb6ebf374d3b3fd1af9251148b658df7ac2e3e8, bucket_name: f1-silver, object_name: facts/fact_pitstops/year=2027/data.parquet","logger":"task.stdout"}
{"timestamp":"2026-02-18T12:00:29.364981Z","level":"info","event":"Error reading facts/fact_pitstops/year=2028/data.parquet: S3 operation failed; code: NoSuchKey, message: The specified key does not exist., resource: /f1-silver/facts/fact_pitstops/year=2028/data.parquet, request_id: 1895557E4B83A96F, host_id: dd9025bab4ad464b049177c95eb6ebf374d3b3fd1af9251148b658df7ac2e3e8, bucket_name: f1-silver, object_name: facts/fact_pitstops/year=2028/data.parquet","logger":"task.stdout"}
{"timestamp":"2026-02-18T12:00:29.370960Z","level":"info","event":"Error reading facts/fact_pitstops/year=2029/data.parquet: S3 operation failed; code: NoSuchKey, message: The specified key does not exist., resource: /f1-silver/facts/fact_pitstops/year=2029/data.parquet, request_id: 1895557E4BCE4F34, host_id: dd9025bab4ad464b049177c95eb6ebf374d3b3fd1af9251148b658df7ac2e3e8, bucket_name: f1-silver, object_name: facts/fact_pitstops/year=2029/data.parquet","logger":"task.stdout"}
{"timestamp":"2026-02-18T12:00:29.373996Z","level":"info","event":"Error reading facts/fact_pitstops/year=2030/data.parquet: S3 operation failed; code: NoSuchKey, message: The specified key does not exist., resource: /f1-silver/facts/fact_pitstops/year=2030/data.parquet, request_id: 1895557E4C23F46F, host_id: dd9025bab4ad464b049177c95eb6ebf374d3b3fd1af9251148b658df7ac2e3e8, bucket_name: f1-silver, object_name: facts/fact_pitstops/year=2030/data.parquet","logger":"task.stdout"}
{"timestamp":"2026-02-18T12:00:29.416437Z","level":"info","event":"Transformed 10621 pitstops","logger":"task.stdout"}
{"timestamp":"2026-02-18T12:00:34.203907Z","level":"info","event":"Loaded 10621 pitstops to PostgreSQL","logger":"task.stdout"}
{"timestamp":"2026-02-18T12:00:34.205027Z","level":"info","event":"Done. Returned value was: 10621","logger":"airflow.task.operators.airflow.providers.standard.operators.python.PythonOperator","filename":"python.py","lineno":216}
{"timestamp":"2026-02-18T12:00:34.205265Z","level":"info","event":"Pushing xcom","ti":"RuntimeTaskInstance(id=UUID('019c709f-6079-7182-8712-c63dfc64b6d1'), task_id='transform_gold_fact_pitstops', dag_id='all_silver_to_gold', run_id='manual__2026-02-18T12:00:17+00:00', try_number=1, dag_version_id=UUID('019c7096-9280-704d-86af-ca0eabfa38c5'), map_index=-1, hostname='e4702b2ecf8f', context_carrier={}, task=<Task(PythonOperator): transform_gold_fact_pitstops>, bundle_instance=LocalDagBundle(name=dags-folder), max_tries=1, start_date=datetime.datetime(2026, 2, 18, 12, 0, 28, 120583, tzinfo=datetime.timezone.utc), end_date=None, state=<TaskInstanceState.RUNNING: 'running'>, is_mapped=False, rendered_map_index=None)","logger":"task","filename":"task_runner.py","lineno":1450}
