{"timestamp":"2026-02-26T21:08:03.620733Z","level":"info","event":"DAG bundles loaded: dags-folder","logger":"airflow.dag_processing.bundles.manager.DagBundlesManager","filename":"manager.py","lineno":179}
{"timestamp":"2026-02-26T21:08:03.712915Z","level":"info","event":"Filling up the DagBag from /opt/airflow/dags/api_circuits_bronze_to_silver.py","logger":"airflow.models.dagbag.DagBag","filename":"dagbag.py","lineno":593}
{"timestamp":"2026-02-26T21:08:27.717629Z","level":"info","event":"======================================================================","logger":"task.stdout"}
{"timestamp":"2026-02-26T21:08:27.720624Z","level":"info","event":"F1 CIRCUIT BACKFILL: ERGAST API → SILVER","logger":"task.stdout"}
{"timestamp":"2026-02-26T21:08:27.724570Z","level":"info","event":"======================================================================","logger":"task.stdout"}
{"timestamp":"2026-02-26T21:08:27.838757Z","level":"info","event":"","logger":"task.stdout"}
{"timestamp":"2026-02-26T21:08:27.843623Z","level":"info","event":"[STEP 1] Scraping API...","logger":"task.stdout"}
{"timestamp":"2026-02-26T21:08:27.844825Z","level":"info","event":"","logger":"task.stdout"}
{"timestamp":"2026-02-26T21:08:27.853912Z","level":"info","event":"======================================================================","logger":"task.stdout"}
{"timestamp":"2026-02-26T21:08:27.857652Z","level":"info","event":"SCRAPING ALL CIRCUITS FROM API","logger":"task.stdout"}
{"timestamp":"2026-02-26T21:08:27.860489Z","level":"info","event":"======================================================================","logger":"task.stdout"}
{"timestamp":"2026-02-26T21:08:27.861825Z","level":"info","event":"","logger":"task.stdout"}
{"timestamp":"2026-02-26T21:08:27.870498Z","level":"info","event":"Fetching circuits (offset=0, limit=100)...","logger":"task.stdout"}
{"timestamp":"2026-02-26T21:08:52.790683Z","level":"info","event":"Fetched 78 circuits (total so far: 78/78)","logger":"task.stdout"}
{"timestamp":"2026-02-26T21:08:52.819121Z","level":"info","event":"","logger":"task.stdout"}
{"timestamp":"2026-02-26T21:08:52.824972Z","level":"info","event":"======================================================================","logger":"task.stdout"}
{"timestamp":"2026-02-26T21:08:52.826341Z","level":"info","event":"SCRAPING COMPLETE","logger":"task.stdout"}
{"timestamp":"2026-02-26T21:08:52.827101Z","level":"info","event":"Total records: 78","logger":"task.stdout"}
{"timestamp":"2026-02-26T21:08:52.830183Z","level":"info","event":"Unique circuits (by circuitId): 78","logger":"task.stdout"}
{"timestamp":"2026-02-26T21:08:52.843426Z","level":"info","event":"======================================================================","logger":"task.stdout"}
{"timestamp":"2026-02-26T21:08:52.844194Z","level":"info","event":"","logger":"task.stdout"}
{"timestamp":"2026-02-26T21:08:52.844823Z","level":"info","event":"API scraping complete: 78 circuit records","logger":"task.stdout"}
{"timestamp":"2026-02-26T21:08:52.845482Z","level":"info","event":"","logger":"task.stdout"}
{"timestamp":"2026-02-26T21:08:52.846092Z","level":"info","event":"[STEP 2] Transforming to Silver schema...","logger":"task.stdout"}
{"timestamp":"2026-02-26T21:08:52.846666Z","level":"info","event":"Transforming API data to Silver schema...","logger":"task.stdout"}
{"timestamp":"2026-02-26T21:08:52.847364Z","level":"info","event":"Deduplication: 78 records → 78 unique circuits","logger":"task.stdout"}
{"timestamp":"2026-02-26T21:08:52.848144Z","level":"info","event":"Sorted by circuitId for stable circuit_id generation","logger":"task.stdout"}
{"timestamp":"2026-02-26T21:08:52.886183Z","level":"info","event":"Transformed 78 circuits to Silver schema","logger":"task.stdout"}
{"timestamp":"2026-02-26T21:08:52.896327Z","level":"info","event":"Source: api","logger":"task.stdout"}
{"timestamp":"2026-02-26T21:08:52.899427Z","level":"info","event":"circuit_id range: 10001 - 10078","logger":"task.stdout"}
{"timestamp":"2026-02-26T21:08:52.900478Z","level":"info","event":"Transformation complete: 78 unique constructors","logger":"task.stdout"}
{"timestamp":"2026-02-26T21:08:52.901598Z","level":"info","event":"circuit_id range: 10001 - 10078","logger":"task.stdout"}
{"timestamp":"2026-02-26T21:08:52.902522Z","level":"info","event":"","logger":"task.stdout"}
{"timestamp":"2026-02-26T21:08:52.903431Z","level":"info","event":"[STEP 3] Loading existing Silver data...","logger":"task.stdout"}
{"timestamp":"2026-02-26T21:08:53.343577Z","level":"info","event":" Downloaded dimensions/dim_circuit/dim_circuit.parquet (34 rows)","logger":"task.stdout"}
{"timestamp":"2026-02-26T21:08:53.344401Z","level":"info","event":"Loaded 34 existing circuits from Silver","logger":"task.stdout"}
{"timestamp":"2026-02-26T21:08:53.376768Z","level":"info","event":"Existing sources: {'f1_data.csv': 34}","logger":"task.stdout"}
{"timestamp":"2026-02-26T21:08:53.380613Z","level":"info","event":"CSV circuit_id range: 1 - 79","logger":"task.stdout"}
{"timestamp":"2026-02-26T21:08:53.381740Z","level":"info","event":"","logger":"task.stdout"}
{"timestamp":"2026-02-26T21:08:53.389226Z","level":"info","event":"[STEP 4] Merging API data with existing Silver...","logger":"task.stdout"}
{"timestamp":"2026-02-26T21:08:53.390187Z","level":"info","event":"","logger":"task.stdout"}
{"timestamp":"2026-02-26T21:08:53.395508Z","level":"info","event":"  Merge Configuration:","logger":"task.stdout"}
{"timestamp":"2026-02-26T21:08:53.415425Z","level":"info","event":"Existing constructors: 34","logger":"task.stdout"}
{"timestamp":"2026-02-26T21:08:53.416367Z","level":"info","event":"New API constructors: 78","logger":"task.stdout"}
{"timestamp":"2026-02-26T21:08:53.417312Z","level":"info","event":"Merge key: constructor_ref (PRIMARY natural key)","logger":"task.stdout"}
{"timestamp":"2026-02-26T21:08:53.418253Z","level":"info","event":"CSV priority: YES (skip API for CSV constructors)","logger":"task.stdout"}
{"timestamp":"2026-02-26T21:08:53.520635Z","level":"info","event":"","logger":"task.stdout"}
{"timestamp":"2026-02-26T21:08:53.521843Z","level":"info","event":"  Current max circuit_key: 34","logger":"task.stdout"}
{"timestamp":"2026-02-26T21:08:53.522696Z","level":"info","event":"","logger":"task.stdout"}
{"timestamp":"2026-02-26T21:08:53.531466Z","level":"info","event":"  Processing 78 API constructors:","logger":"task.stdout"}
{"timestamp":"2026-02-26T21:08:53.532399Z","level":"info","event":"","logger":"task.stdout"}
{"timestamp":"2026-02-26T21:08:53.533218Z","level":"info","event":"ADD: adelaide             (new circuit from API, circuit_id10001)","logger":"task.stdout"}
{"timestamp":"2026-02-26T21:08:53.534177Z","level":"info","event":"ADD: ain-diab             (new circuit from API, circuit_id10002)","logger":"task.stdout"}
{"timestamp":"2026-02-26T21:08:53.523550Z","level":"warning","event":"The behavior of DataFrame concatenation with empty or all-NA entries is deprecated. In a future version, this will no longer exclude empty or all-NA columns when determining the result dtypes. To retain the old behavior, exclude the relevant entries before the concat operation.","category":"FutureWarning","filename":"/opt/airflow/dags/api_circuits_bronze_to_silver.py","lineno":94,"logger":"py.warnings"}
{"timestamp":"2026-02-26T21:08:53.553731Z","level":"warning","event":"The behavior of DataFrame concatenation with empty or all-NA entries is deprecated. In a future version, this will no longer exclude empty or all-NA columns when determining the result dtypes. To retain the old behavior, exclude the relevant entries before the concat operation.","category":"FutureWarning","filename":"/opt/airflow/dags/api_circuits_bronze_to_silver.py","lineno":94,"logger":"py.warnings"}
{"timestamp":"2026-02-26T21:08:53.580929Z","level":"info","event":"ADD: aintree              (new circuit from API, circuit_id10003)","logger":"task.stdout"}
{"timestamp":"2026-02-26T21:08:53.586392Z","level":"warning","event":"The behavior of DataFrame concatenation with empty or all-NA entries is deprecated. In a future version, this will no longer exclude empty or all-NA columns when determining the result dtypes. To retain the old behavior, exclude the relevant entries before the concat operation.","category":"FutureWarning","filename":"/opt/airflow/dags/api_circuits_bronze_to_silver.py","lineno":94,"logger":"py.warnings"}
{"timestamp":"2026-02-26T21:08:53.591690Z","level":"info","event":"SKIP: albert_park          (CSV priority)","logger":"task.stdout"}
{"timestamp":"2026-02-26T21:08:53.592971Z","level":"info","event":"SKIP: americas             (CSV priority)","logger":"task.stdout"}
{"timestamp":"2026-02-26T21:08:53.611438Z","level":"info","event":"ADD: anderstorp           (new circuit from API, circuit_id10006)","logger":"task.stdout"}
{"timestamp":"2026-02-26T21:08:53.612482Z","level":"info","event":"ADD: avus                 (new circuit from API, circuit_id10007)","logger":"task.stdout"}
{"timestamp":"2026-02-26T21:08:53.604709Z","level":"warning","event":"The behavior of DataFrame concatenation with empty or all-NA entries is deprecated. In a future version, this will no longer exclude empty or all-NA columns when determining the result dtypes. To retain the old behavior, exclude the relevant entries before the concat operation.","category":"FutureWarning","filename":"/opt/airflow/dags/api_circuits_bronze_to_silver.py","lineno":94,"logger":"py.warnings"}
{"timestamp":"2026-02-26T21:08:53.617835Z","level":"warning","event":"The behavior of DataFrame concatenation with empty or all-NA entries is deprecated. In a future version, this will no longer exclude empty or all-NA columns when determining the result dtypes. To retain the old behavior, exclude the relevant entries before the concat operation.","category":"FutureWarning","filename":"/opt/airflow/dags/api_circuits_bronze_to_silver.py","lineno":94,"logger":"py.warnings"}
{"timestamp":"2026-02-26T21:08:53.635462Z","level":"info","event":"SKIP: bahrain              (CSV priority)","logger":"task.stdout"}
{"timestamp":"2026-02-26T21:08:53.637997Z","level":"info","event":"SKIP: baku                 (CSV priority)","logger":"task.stdout"}
{"timestamp":"2026-02-26T21:08:53.643441Z","level":"info","event":"ADD: boavista             (new circuit from API, circuit_id10010)","logger":"task.stdout"}
{"timestamp":"2026-02-26T21:08:53.656112Z","level":"warning","event":"The behavior of DataFrame concatenation with empty or all-NA entries is deprecated. In a future version, this will no longer exclude empty or all-NA columns when determining the result dtypes. To retain the old behavior, exclude the relevant entries before the concat operation.","category":"FutureWarning","filename":"/opt/airflow/dags/api_circuits_bronze_to_silver.py","lineno":94,"logger":"py.warnings"}
{"timestamp":"2026-02-26T21:08:53.664033Z","level":"info","event":"ADD: brands_hatch         (new circuit from API, circuit_id10011)","logger":"task.stdout"}
{"timestamp":"2026-02-26T21:08:53.684107Z","level":"warning","event":"The behavior of DataFrame concatenation with empty or all-NA entries is deprecated. In a future version, this will no longer exclude empty or all-NA columns when determining the result dtypes. To retain the old behavior, exclude the relevant entries before the concat operation.","category":"FutureWarning","filename":"/opt/airflow/dags/api_circuits_bronze_to_silver.py","lineno":94,"logger":"py.warnings"}
{"timestamp":"2026-02-26T21:08:53.695553Z","level":"info","event":"ADD: bremgarten           (new circuit from API, circuit_id10012)","logger":"task.stdout"}
{"timestamp":"2026-02-26T21:08:53.703599Z","level":"warning","event":"The behavior of DataFrame concatenation with empty or all-NA entries is deprecated. In a future version, this will no longer exclude empty or all-NA columns when determining the result dtypes. To retain the old behavior, exclude the relevant entries before the concat operation.","category":"FutureWarning","filename":"/opt/airflow/dags/api_circuits_bronze_to_silver.py","lineno":94,"logger":"py.warnings"}
{"timestamp":"2026-02-26T21:08:53.717868Z","level":"info","event":"SKIP: buddh                (CSV priority)","logger":"task.stdout"}
{"timestamp":"2026-02-26T21:08:53.728418Z","level":"info","event":"SKIP: catalunya            (CSV priority)","logger":"task.stdout"}
{"timestamp":"2026-02-26T21:08:53.729596Z","level":"info","event":"ADD: charade              (new circuit from API, circuit_id10015)","logger":"task.stdout"}
{"timestamp":"2026-02-26T21:08:53.742940Z","level":"warning","event":"The behavior of DataFrame concatenation with empty or all-NA entries is deprecated. In a future version, this will no longer exclude empty or all-NA columns when determining the result dtypes. To retain the old behavior, exclude the relevant entries before the concat operation.","category":"FutureWarning","filename":"/opt/airflow/dags/api_circuits_bronze_to_silver.py","lineno":94,"logger":"py.warnings"}
{"timestamp":"2026-02-26T21:08:53.751546Z","level":"info","event":"ADD: dallas               (new circuit from API, circuit_id10016)","logger":"task.stdout"}
{"timestamp":"2026-02-26T21:08:53.755052Z","level":"warning","event":"The behavior of DataFrame concatenation with empty or all-NA entries is deprecated. In a future version, this will no longer exclude empty or all-NA columns when determining the result dtypes. To retain the old behavior, exclude the relevant entries before the concat operation.","category":"FutureWarning","filename":"/opt/airflow/dags/api_circuits_bronze_to_silver.py","lineno":94,"logger":"py.warnings"}
{"timestamp":"2026-02-26T21:08:53.760563Z","level":"info","event":"ADD: detroit              (new circuit from API, circuit_id10017)","logger":"task.stdout"}
{"timestamp":"2026-02-26T21:08:53.774778Z","level":"warning","event":"The behavior of DataFrame concatenation with empty or all-NA entries is deprecated. In a future version, this will no longer exclude empty or all-NA columns when determining the result dtypes. To retain the old behavior, exclude the relevant entries before the concat operation.","category":"FutureWarning","filename":"/opt/airflow/dags/api_circuits_bronze_to_silver.py","lineno":94,"logger":"py.warnings"}
{"timestamp":"2026-02-26T21:08:53.781964Z","level":"info","event":"ADD: dijon                (new circuit from API, circuit_id10018)","logger":"task.stdout"}
{"timestamp":"2026-02-26T21:08:53.813959Z","level":"warning","event":"The behavior of DataFrame concatenation with empty or all-NA entries is deprecated. In a future version, this will no longer exclude empty or all-NA columns when determining the result dtypes. To retain the old behavior, exclude the relevant entries before the concat operation.","category":"FutureWarning","filename":"/opt/airflow/dags/api_circuits_bronze_to_silver.py","lineno":94,"logger":"py.warnings"}
{"timestamp":"2026-02-26T21:08:53.827688Z","level":"info","event":"ADD: donington            (new circuit from API, circuit_id10019)","logger":"task.stdout"}
{"timestamp":"2026-02-26T21:08:53.831820Z","level":"warning","event":"The behavior of DataFrame concatenation with empty or all-NA entries is deprecated. In a future version, this will no longer exclude empty or all-NA columns when determining the result dtypes. To retain the old behavior, exclude the relevant entries before the concat operation.","category":"FutureWarning","filename":"/opt/airflow/dags/api_circuits_bronze_to_silver.py","lineno":94,"logger":"py.warnings"}
{"timestamp":"2026-02-26T21:08:53.869885Z","level":"info","event":"ADD: essarts              (new circuit from API, circuit_id10020)","logger":"task.stdout"}
{"timestamp":"2026-02-26T21:08:53.875403Z","level":"info","event":"ADD: estoril              (new circuit from API, circuit_id10021)","logger":"task.stdout"}
{"timestamp":"2026-02-26T21:08:53.878356Z","level":"info","event":"ADD: fuji                 (new circuit from API, circuit_id10022)","logger":"task.stdout"}
{"timestamp":"2026-02-26T21:08:53.849087Z","level":"warning","event":"The behavior of DataFrame concatenation with empty or all-NA entries is deprecated. In a future version, this will no longer exclude empty or all-NA columns when determining the result dtypes. To retain the old behavior, exclude the relevant entries before the concat operation.","category":"FutureWarning","filename":"/opt/airflow/dags/api_circuits_bronze_to_silver.py","lineno":94,"logger":"py.warnings"}
{"timestamp":"2026-02-26T21:08:53.862990Z","level":"warning","event":"The behavior of DataFrame concatenation with empty or all-NA entries is deprecated. In a future version, this will no longer exclude empty or all-NA columns when determining the result dtypes. To retain the old behavior, exclude the relevant entries before the concat operation.","category":"FutureWarning","filename":"/opt/airflow/dags/api_circuits_bronze_to_silver.py","lineno":94,"logger":"py.warnings"}
{"timestamp":"2026-02-26T21:08:53.876262Z","level":"warning","event":"The behavior of DataFrame concatenation with empty or all-NA entries is deprecated. In a future version, this will no longer exclude empty or all-NA columns when determining the result dtypes. To retain the old behavior, exclude the relevant entries before the concat operation.","category":"FutureWarning","filename":"/opt/airflow/dags/api_circuits_bronze_to_silver.py","lineno":94,"logger":"py.warnings"}
{"timestamp":"2026-02-26T21:08:53.895553Z","level":"info","event":"ADD: galvez               (new circuit from API, circuit_id10023)","logger":"task.stdout"}
{"timestamp":"2026-02-26T21:08:53.906206Z","level":"warning","event":"The behavior of DataFrame concatenation with empty or all-NA entries is deprecated. In a future version, this will no longer exclude empty or all-NA columns when determining the result dtypes. To retain the old behavior, exclude the relevant entries before the concat operation.","category":"FutureWarning","filename":"/opt/airflow/dags/api_circuits_bronze_to_silver.py","lineno":94,"logger":"py.warnings"}
{"timestamp":"2026-02-26T21:08:53.912743Z","level":"info","event":"ADD: george               (new circuit from API, circuit_id10024)","logger":"task.stdout"}
{"timestamp":"2026-02-26T21:08:53.922444Z","level":"warning","event":"The behavior of DataFrame concatenation with empty or all-NA entries is deprecated. In a future version, this will no longer exclude empty or all-NA columns when determining the result dtypes. To retain the old behavior, exclude the relevant entries before the concat operation.","category":"FutureWarning","filename":"/opt/airflow/dags/api_circuits_bronze_to_silver.py","lineno":94,"logger":"py.warnings"}
{"timestamp":"2026-02-26T21:08:53.938280Z","level":"info","event":"SKIP: hockenheimring       (CSV priority)","logger":"task.stdout"}
{"timestamp":"2026-02-26T21:08:53.947542Z","level":"info","event":"SKIP: hungaroring          (CSV priority)","logger":"task.stdout"}
{"timestamp":"2026-02-26T21:08:53.954272Z","level":"info","event":"SKIP: imola                (CSV priority)","logger":"task.stdout"}
{"timestamp":"2026-02-26T21:08:53.956049Z","level":"info","event":"ADD: indianapolis         (new circuit from API, circuit_id10028)","logger":"task.stdout"}
{"timestamp":"2026-02-26T21:08:53.962917Z","level":"warning","event":"The behavior of DataFrame concatenation with empty or all-NA entries is deprecated. In a future version, this will no longer exclude empty or all-NA columns when determining the result dtypes. To retain the old behavior, exclude the relevant entries before the concat operation.","category":"FutureWarning","filename":"/opt/airflow/dags/api_circuits_bronze_to_silver.py","lineno":94,"logger":"py.warnings"}
{"timestamp":"2026-02-26T21:08:53.974134Z","level":"info","event":"SKIP: interlagos           (CSV priority)","logger":"task.stdout"}
{"timestamp":"2026-02-26T21:08:53.998462Z","level":"info","event":"SKIP: istanbul             (CSV priority)","logger":"task.stdout"}
{"timestamp":"2026-02-26T21:08:54.007706Z","level":"info","event":"ADD: jacarepagua          (new circuit from API, circuit_id10031)","logger":"task.stdout"}
{"timestamp":"2026-02-26T21:08:54.010940Z","level":"warning","event":"The behavior of DataFrame concatenation with empty or all-NA entries is deprecated. In a future version, this will no longer exclude empty or all-NA columns when determining the result dtypes. To retain the old behavior, exclude the relevant entries before the concat operation.","category":"FutureWarning","filename":"/opt/airflow/dags/api_circuits_bronze_to_silver.py","lineno":94,"logger":"py.warnings"}
{"timestamp":"2026-02-26T21:08:54.019519Z","level":"info","event":"ADD: jarama               (new circuit from API, circuit_id10032)","logger":"task.stdout"}
{"timestamp":"2026-02-26T21:08:54.025790Z","level":"warning","event":"The behavior of DataFrame concatenation with empty or all-NA entries is deprecated. In a future version, this will no longer exclude empty or all-NA columns when determining the result dtypes. To retain the old behavior, exclude the relevant entries before the concat operation.","category":"FutureWarning","filename":"/opt/airflow/dags/api_circuits_bronze_to_silver.py","lineno":94,"logger":"py.warnings"}
{"timestamp":"2026-02-26T21:08:54.035591Z","level":"info","event":"SKIP: jeddah               (CSV priority)","logger":"task.stdout"}
{"timestamp":"2026-02-26T21:08:54.036547Z","level":"info","event":"ADD: jerez                (new circuit from API, circuit_id10034)","logger":"task.stdout"}
{"timestamp":"2026-02-26T21:08:54.050586Z","level":"warning","event":"The behavior of DataFrame concatenation with empty or all-NA entries is deprecated. In a future version, this will no longer exclude empty or all-NA columns when determining the result dtypes. To retain the old behavior, exclude the relevant entries before the concat operation.","category":"FutureWarning","filename":"/opt/airflow/dags/api_circuits_bronze_to_silver.py","lineno":94,"logger":"py.warnings"}
{"timestamp":"2026-02-26T21:08:54.056017Z","level":"info","event":"ADD: kyalami              (new circuit from API, circuit_id10035)","logger":"task.stdout"}
{"timestamp":"2026-02-26T21:08:54.066798Z","level":"warning","event":"The behavior of DataFrame concatenation with empty or all-NA entries is deprecated. In a future version, this will no longer exclude empty or all-NA columns when determining the result dtypes. To retain the old behavior, exclude the relevant entries before the concat operation.","category":"FutureWarning","filename":"/opt/airflow/dags/api_circuits_bronze_to_silver.py","lineno":94,"logger":"py.warnings"}
{"timestamp":"2026-02-26T21:08:54.070051Z","level":"info","event":"ADD: las_vegas            (new circuit from API, circuit_id10036)","logger":"task.stdout"}
{"timestamp":"2026-02-26T21:08:54.081126Z","level":"warning","event":"The behavior of DataFrame concatenation with empty or all-NA entries is deprecated. In a future version, this will no longer exclude empty or all-NA columns when determining the result dtypes. To retain the old behavior, exclude the relevant entries before the concat operation.","category":"FutureWarning","filename":"/opt/airflow/dags/api_circuits_bronze_to_silver.py","lineno":94,"logger":"py.warnings"}
{"timestamp":"2026-02-26T21:08:54.088465Z","level":"info","event":"ADD: lemans               (new circuit from API, circuit_id10037)","logger":"task.stdout"}
{"timestamp":"2026-02-26T21:08:54.092935Z","level":"warning","event":"The behavior of DataFrame concatenation with empty or all-NA entries is deprecated. In a future version, this will no longer exclude empty or all-NA columns when determining the result dtypes. To retain the old behavior, exclude the relevant entries before the concat operation.","category":"FutureWarning","filename":"/opt/airflow/dags/api_circuits_bronze_to_silver.py","lineno":94,"logger":"py.warnings"}
{"timestamp":"2026-02-26T21:08:54.099632Z","level":"info","event":"ADD: long_beach           (new circuit from API, circuit_id10038)","logger":"task.stdout"}
{"timestamp":"2026-02-26T21:08:54.103953Z","level":"warning","event":"The behavior of DataFrame concatenation with empty or all-NA entries is deprecated. In a future version, this will no longer exclude empty or all-NA columns when determining the result dtypes. To retain the old behavior, exclude the relevant entries before the concat operation.","category":"FutureWarning","filename":"/opt/airflow/dags/api_circuits_bronze_to_silver.py","lineno":94,"logger":"py.warnings"}
{"timestamp":"2026-02-26T21:08:54.107002Z","level":"info","event":"SKIP: losail               (CSV priority)","logger":"task.stdout"}
{"timestamp":"2026-02-26T21:08:54.108118Z","level":"info","event":"ADD: madring              (new circuit from API, circuit_id10040)","logger":"task.stdout"}
{"timestamp":"2026-02-26T21:08:54.116605Z","level":"warning","event":"The behavior of DataFrame concatenation with empty or all-NA entries is deprecated. In a future version, this will no longer exclude empty or all-NA columns when determining the result dtypes. To retain the old behavior, exclude the relevant entries before the concat operation.","category":"FutureWarning","filename":"/opt/airflow/dags/api_circuits_bronze_to_silver.py","lineno":94,"logger":"py.warnings"}
{"timestamp":"2026-02-26T21:08:54.118578Z","level":"info","event":"ADD: magny_cours          (new circuit from API, circuit_id10041)","logger":"task.stdout"}
{"timestamp":"2026-02-26T21:08:54.130647Z","level":"warning","event":"The behavior of DataFrame concatenation with empty or all-NA entries is deprecated. In a future version, this will no longer exclude empty or all-NA columns when determining the result dtypes. To retain the old behavior, exclude the relevant entries before the concat operation.","category":"FutureWarning","filename":"/opt/airflow/dags/api_circuits_bronze_to_silver.py","lineno":94,"logger":"py.warnings"}
{"timestamp":"2026-02-26T21:08:54.135429Z","level":"info","event":"SKIP: marina_bay           (CSV priority)","logger":"task.stdout"}
{"timestamp":"2026-02-26T21:08:54.137904Z","level":"info","event":"SKIP: miami                (CSV priority)","logger":"task.stdout"}
{"timestamp":"2026-02-26T21:08:54.147450Z","level":"info","event":"SKIP: monaco               (CSV priority)","logger":"task.stdout"}
{"timestamp":"2026-02-26T21:08:54.148345Z","level":"info","event":"ADD: monsanto             (new circuit from API, circuit_id10045)","logger":"task.stdout"}
{"timestamp":"2026-02-26T21:08:54.154498Z","level":"warning","event":"The behavior of DataFrame concatenation with empty or all-NA entries is deprecated. In a future version, this will no longer exclude empty or all-NA columns when determining the result dtypes. To retain the old behavior, exclude the relevant entries before the concat operation.","category":"FutureWarning","filename":"/opt/airflow/dags/api_circuits_bronze_to_silver.py","lineno":94,"logger":"py.warnings"}
{"timestamp":"2026-02-26T21:08:54.160708Z","level":"info","event":"ADD: montjuic             (new circuit from API, circuit_id10046)","logger":"task.stdout"}
{"timestamp":"2026-02-26T21:08:54.172386Z","level":"warning","event":"The behavior of DataFrame concatenation with empty or all-NA entries is deprecated. In a future version, this will no longer exclude empty or all-NA columns when determining the result dtypes. To retain the old behavior, exclude the relevant entries before the concat operation.","category":"FutureWarning","filename":"/opt/airflow/dags/api_circuits_bronze_to_silver.py","lineno":94,"logger":"py.warnings"}
{"timestamp":"2026-02-26T21:08:54.187719Z","level":"info","event":"SKIP: monza                (CSV priority)","logger":"task.stdout"}
{"timestamp":"2026-02-26T21:08:54.188699Z","level":"info","event":"ADD: mosport              (new circuit from API, circuit_id10048)","logger":"task.stdout"}
{"timestamp":"2026-02-26T21:08:54.197577Z","level":"warning","event":"The behavior of DataFrame concatenation with empty or all-NA entries is deprecated. In a future version, this will no longer exclude empty or all-NA columns when determining the result dtypes. To retain the old behavior, exclude the relevant entries before the concat operation.","category":"FutureWarning","filename":"/opt/airflow/dags/api_circuits_bronze_to_silver.py","lineno":94,"logger":"py.warnings"}
{"timestamp":"2026-02-26T21:08:54.211492Z","level":"info","event":"SKIP: mugello              (CSV priority)","logger":"task.stdout"}
{"timestamp":"2026-02-26T21:08:54.215408Z","level":"info","event":"ADD: nivelles             (new circuit from API, circuit_id10050)","logger":"task.stdout"}
{"timestamp":"2026-02-26T21:08:54.216084Z","level":"warning","event":"The behavior of DataFrame concatenation with empty or all-NA entries is deprecated. In a future version, this will no longer exclude empty or all-NA columns when determining the result dtypes. To retain the old behavior, exclude the relevant entries before the concat operation.","category":"FutureWarning","filename":"/opt/airflow/dags/api_circuits_bronze_to_silver.py","lineno":94,"logger":"py.warnings"}
{"timestamp":"2026-02-26T21:08:54.224403Z","level":"info","event":"SKIP: nurburgring          (CSV priority)","logger":"task.stdout"}
{"timestamp":"2026-02-26T21:08:54.225420Z","level":"info","event":"ADD: okayama              (new circuit from API, circuit_id10052)","logger":"task.stdout"}
{"timestamp":"2026-02-26T21:08:54.230971Z","level":"warning","event":"The behavior of DataFrame concatenation with empty or all-NA entries is deprecated. In a future version, this will no longer exclude empty or all-NA columns when determining the result dtypes. To retain the old behavior, exclude the relevant entries before the concat operation.","category":"FutureWarning","filename":"/opt/airflow/dags/api_circuits_bronze_to_silver.py","lineno":94,"logger":"py.warnings"}
{"timestamp":"2026-02-26T21:08:54.237021Z","level":"info","event":"ADD: pedralbes            (new circuit from API, circuit_id10053)","logger":"task.stdout"}
{"timestamp":"2026-02-26T21:08:54.245365Z","level":"warning","event":"The behavior of DataFrame concatenation with empty or all-NA entries is deprecated. In a future version, this will no longer exclude empty or all-NA columns when determining the result dtypes. To retain the old behavior, exclude the relevant entries before the concat operation.","category":"FutureWarning","filename":"/opt/airflow/dags/api_circuits_bronze_to_silver.py","lineno":94,"logger":"py.warnings"}
{"timestamp":"2026-02-26T21:08:54.246611Z","level":"info","event":"ADD: pescara              (new circuit from API, circuit_id10054)","logger":"task.stdout"}
{"timestamp":"2026-02-26T21:08:54.256594Z","level":"warning","event":"The behavior of DataFrame concatenation with empty or all-NA entries is deprecated. In a future version, this will no longer exclude empty or all-NA columns when determining the result dtypes. To retain the old behavior, exclude the relevant entries before the concat operation.","category":"FutureWarning","filename":"/opt/airflow/dags/api_circuits_bronze_to_silver.py","lineno":94,"logger":"py.warnings"}
{"timestamp":"2026-02-26T21:08:54.258935Z","level":"info","event":"ADD: phoenix              (new circuit from API, circuit_id10055)","logger":"task.stdout"}
{"timestamp":"2026-02-26T21:08:54.277148Z","level":"warning","event":"The behavior of DataFrame concatenation with empty or all-NA entries is deprecated. In a future version, this will no longer exclude empty or all-NA columns when determining the result dtypes. To retain the old behavior, exclude the relevant entries before the concat operation.","category":"FutureWarning","filename":"/opt/airflow/dags/api_circuits_bronze_to_silver.py","lineno":94,"logger":"py.warnings"}
{"timestamp":"2026-02-26T21:08:54.282241Z","level":"info","event":"SKIP: portimao             (CSV priority)","logger":"task.stdout"}
{"timestamp":"2026-02-26T21:08:54.296750Z","level":"info","event":"SKIP: red_bull_ring        (CSV priority)","logger":"task.stdout"}
{"timestamp":"2026-02-26T21:08:54.298474Z","level":"info","event":"ADD: reims                (new circuit from API, circuit_id10058)","logger":"task.stdout"}
{"timestamp":"2026-02-26T21:08:54.306767Z","level":"warning","event":"The behavior of DataFrame concatenation with empty or all-NA entries is deprecated. In a future version, this will no longer exclude empty or all-NA columns when determining the result dtypes. To retain the old behavior, exclude the relevant entries before the concat operation.","category":"FutureWarning","filename":"/opt/airflow/dags/api_circuits_bronze_to_silver.py","lineno":94,"logger":"py.warnings"}
{"timestamp":"2026-02-26T21:08:54.313607Z","level":"info","event":"SKIP: ricard               (CSV priority)","logger":"task.stdout"}
{"timestamp":"2026-02-26T21:08:54.314890Z","level":"info","event":"ADD: riverside            (new circuit from API, circuit_id10060)","logger":"task.stdout"}
{"timestamp":"2026-02-26T21:08:54.322414Z","level":"warning","event":"The behavior of DataFrame concatenation with empty or all-NA entries is deprecated. In a future version, this will no longer exclude empty or all-NA columns when determining the result dtypes. To retain the old behavior, exclude the relevant entries before the concat operation.","category":"FutureWarning","filename":"/opt/airflow/dags/api_circuits_bronze_to_silver.py","lineno":94,"logger":"py.warnings"}
{"timestamp":"2026-02-26T21:08:54.332590Z","level":"info","event":"SKIP: rodriguez            (CSV priority)","logger":"task.stdout"}
{"timestamp":"2026-02-26T21:08:54.335188Z","level":"info","event":"ADD: sebring              (new circuit from API, circuit_id10062)","logger":"task.stdout"}
{"timestamp":"2026-02-26T21:08:54.357962Z","level":"warning","event":"The behavior of DataFrame concatenation with empty or all-NA entries is deprecated. In a future version, this will no longer exclude empty or all-NA columns when determining the result dtypes. To retain the old behavior, exclude the relevant entries before the concat operation.","category":"FutureWarning","filename":"/opt/airflow/dags/api_circuits_bronze_to_silver.py","lineno":94,"logger":"py.warnings"}
{"timestamp":"2026-02-26T21:08:54.366976Z","level":"info","event":"SKIP: sepang               (CSV priority)","logger":"task.stdout"}
{"timestamp":"2026-02-26T21:08:54.372205Z","level":"info","event":"SKIP: shanghai             (CSV priority)","logger":"task.stdout"}
{"timestamp":"2026-02-26T21:08:54.377617Z","level":"info","event":"SKIP: silverstone          (CSV priority)","logger":"task.stdout"}
{"timestamp":"2026-02-26T21:08:54.380489Z","level":"info","event":"SKIP: sochi                (CSV priority)","logger":"task.stdout"}
{"timestamp":"2026-02-26T21:08:54.386373Z","level":"info","event":"SKIP: spa                  (CSV priority)","logger":"task.stdout"}
{"timestamp":"2026-02-26T21:08:54.394546Z","level":"info","event":"SKIP: suzuka               (CSV priority)","logger":"task.stdout"}
{"timestamp":"2026-02-26T21:08:54.398155Z","level":"info","event":"ADD: tremblant            (new circuit from API, circuit_id10069)","logger":"task.stdout"}
{"timestamp":"2026-02-26T21:08:54.409195Z","level":"warning","event":"The behavior of DataFrame concatenation with empty or all-NA entries is deprecated. In a future version, this will no longer exclude empty or all-NA columns when determining the result dtypes. To retain the old behavior, exclude the relevant entries before the concat operation.","category":"FutureWarning","filename":"/opt/airflow/dags/api_circuits_bronze_to_silver.py","lineno":94,"logger":"py.warnings"}
{"timestamp":"2026-02-26T21:08:54.413125Z","level":"info","event":"SKIP: valencia             (CSV priority)","logger":"task.stdout"}
{"timestamp":"2026-02-26T21:08:54.417043Z","level":"info","event":"ADD: vegas                (new circuit from API, circuit_id10071)","logger":"task.stdout"}
{"timestamp":"2026-02-26T21:08:54.422902Z","level":"warning","event":"The behavior of DataFrame concatenation with empty or all-NA entries is deprecated. In a future version, this will no longer exclude empty or all-NA columns when determining the result dtypes. To retain the old behavior, exclude the relevant entries before the concat operation.","category":"FutureWarning","filename":"/opt/airflow/dags/api_circuits_bronze_to_silver.py","lineno":94,"logger":"py.warnings"}
{"timestamp":"2026-02-26T21:08:54.426360Z","level":"info","event":"SKIP: villeneuve           (CSV priority)","logger":"task.stdout"}
{"timestamp":"2026-02-26T21:08:54.427525Z","level":"info","event":"ADD: watkins_glen         (new circuit from API, circuit_id10073)","logger":"task.stdout"}
{"timestamp":"2026-02-26T21:08:54.434638Z","level":"warning","event":"The behavior of DataFrame concatenation with empty or all-NA entries is deprecated. In a future version, this will no longer exclude empty or all-NA columns when determining the result dtypes. To retain the old behavior, exclude the relevant entries before the concat operation.","category":"FutureWarning","filename":"/opt/airflow/dags/api_circuits_bronze_to_silver.py","lineno":94,"logger":"py.warnings"}
{"timestamp":"2026-02-26T21:08:54.440782Z","level":"info","event":"SKIP: yas_marina           (CSV priority)","logger":"task.stdout"}
{"timestamp":"2026-02-26T21:08:54.444285Z","level":"info","event":"SKIP: yeongam              (CSV priority)","logger":"task.stdout"}
{"timestamp":"2026-02-26T21:08:54.449664Z","level":"info","event":"SKIP: zandvoort            (CSV priority)","logger":"task.stdout"}
{"timestamp":"2026-02-26T21:08:54.451436Z","level":"info","event":"ADD: zeltweg              (new circuit from API, circuit_id10077)","logger":"task.stdout"}
{"timestamp":"2026-02-26T21:08:54.458550Z","level":"warning","event":"The behavior of DataFrame concatenation with empty or all-NA entries is deprecated. In a future version, this will no longer exclude empty or all-NA columns when determining the result dtypes. To retain the old behavior, exclude the relevant entries before the concat operation.","category":"FutureWarning","filename":"/opt/airflow/dags/api_circuits_bronze_to_silver.py","lineno":94,"logger":"py.warnings"}
{"timestamp":"2026-02-26T21:08:54.463922Z","level":"info","event":"ADD: zolder               (new circuit from API, circuit_id10078)","logger":"task.stdout"}
{"timestamp":"2026-02-26T21:08:54.469301Z","level":"warning","event":"The behavior of DataFrame concatenation with empty or all-NA entries is deprecated. In a future version, this will no longer exclude empty or all-NA columns when determining the result dtypes. To retain the old behavior, exclude the relevant entries before the concat operation.","category":"FutureWarning","filename":"/opt/airflow/dags/api_circuits_bronze_to_silver.py","lineno":94,"logger":"py.warnings"}
{"timestamp":"2026-02-26T21:08:54.470976Z","level":"info","event":"Merge complete: 78 total constructors","logger":"task.stdout"}
{"timestamp":"2026-02-26T21:08:54.472513Z","level":"info","event":"","logger":"task.stdout"}
{"timestamp":"2026-02-26T21:08:54.475581Z","level":"info","event":"[STEP 5] Writing to Silver layer...","logger":"task.stdout"}
{"timestamp":"2026-02-26T21:08:54.571301Z","level":"info","event":"Uploaded dimensions/dim_circuit/dim_circuit.parquet (78 rows)","logger":"task.stdout"}
{"timestamp":"2026-02-26T21:08:54.572286Z","level":"info","event":"Written to: s3://f1-silver/dimensions/dim_circuit/dim_circuit.parquet","logger":"task.stdout"}
{"timestamp":"2026-02-26T21:08:54.578600Z","level":"info","event":"","logger":"task.stdout"}
{"timestamp":"2026-02-26T21:08:54.580718Z","level":"info","event":"======================================================================","logger":"task.stdout"}
{"timestamp":"2026-02-26T21:08:54.582674Z","level":"info","event":"BACKFILL SUMMARY","logger":"task.stdout"}
{"timestamp":"2026-02-26T21:08:54.583431Z","level":"info","event":"======================================================================","logger":"task.stdout"}
{"timestamp":"2026-02-26T21:08:54.585098Z","level":"info","event":"  Existing circuits in Silver: 34","logger":"task.stdout"}
{"timestamp":"2026-02-26T21:08:54.589122Z","level":"info","event":"  API circuits scraped: 78","logger":"task.stdout"}
{"timestamp":"2026-02-26T21:08:54.591015Z","level":"info","event":"  Final constructor count: 78","logger":"task.stdout"}
{"timestamp":"2026-02-26T21:08:54.593587Z","level":"info","event":"  New constructors added: 44","logger":"task.stdout"}
{"timestamp":"2026-02-26T21:08:54.599846Z","level":"info","event":"","logger":"task.stdout"}
{"timestamp":"2026-02-26T21:08:54.602883Z","level":"info","event":"  Final source breakdown:","logger":"task.stdout"}
{"timestamp":"2026-02-26T21:08:54.603695Z","level":"info","event":"    api            : 44","logger":"task.stdout"}
{"timestamp":"2026-02-26T21:08:54.604501Z","level":"info","event":"    f1_data.csv    : 34","logger":"task.stdout"}
{"timestamp":"2026-02-26T21:08:54.605295Z","level":"info","event":"","logger":"task.stdout"}
{"timestamp":"2026-02-26T21:08:54.606088Z","level":"info","event":"  circuit_id ranges:","logger":"task.stdout"}
{"timestamp":"2026-02-26T21:08:54.606880Z","level":"info","event":"f1_data.csv    : 1 - 79","logger":"task.stdout"}
{"timestamp":"2026-02-26T21:08:54.607840Z","level":"info","event":"api            : 10001 - 10078","logger":"task.stdout"}
{"timestamp":"2026-02-26T21:08:54.608618Z","level":"info","event":"======================================================================","logger":"task.stdout"}
{"timestamp":"2026-02-26T21:08:54.776885Z","level":"info","event":"Done. Returned value was: {'existing_count': 34, 'api_scraped': 78, 'final_count': 78, 'new_circuits_added': 44}","logger":"airflow.task.operators.airflow.providers.standard.operators.python.PythonOperator","filename":"python.py","lineno":216}
{"timestamp":"2026-02-26T21:08:54.805370Z","level":"info","event":"Pushing xcom","ti":"RuntimeTaskInstance(id=UUID('019c9bc7-982c-7396-9e91-4ce1dc652afd'), task_id='backfill_dim_circuit', dag_id='api_circuits_bronze_to_silver', run_id='manual__2026-02-26T21:07:49.101547+00:00', try_number=1, dag_version_id=UUID('019c68fd-e631-79f1-af57-fe0107f92c19'), map_index=-1, hostname='fe5351013118', context_carrier={}, task=<Task(PythonOperator): backfill_dim_circuit>, bundle_instance=LocalDagBundle(name=dags-folder), max_tries=2, start_date=datetime.datetime(2026, 2, 26, 21, 7, 56, 785116, tzinfo=datetime.timezone.utc), end_date=None, state=<TaskInstanceState.RUNNING: 'running'>, is_mapped=False, rendered_map_index=None)","logger":"task","filename":"task_runner.py","lineno":1450}
