{"timestamp":"2026-02-09T08:34:30.838484Z","level":"info","event":"DAG bundles loaded: dags-folder, example_dags","logger":"airflow.dag_processing.bundles.manager.DagBundlesManager","filename":"manager.py","lineno":179}
{"timestamp":"2026-02-09T08:34:30.839745Z","level":"info","event":"Filling up the DagBag from /opt/airflow/dags/api_etl/api_drivers_bronze_to_silver.py","logger":"airflow.models.dagbag.DagBag","filename":"dagbag.py","lineno":593}
{"timestamp":"2026-02-09T08:34:31.001454Z","level":"info","event":"Task instance is in running state","logger":"task.stdout"}
{"timestamp":"2026-02-09T08:34:31.001871Z","level":"info","event":" Previous state of the Task instance: TaskInstanceState.QUEUED","logger":"task.stdout"}
{"timestamp":"2026-02-09T08:34:31.002095Z","level":"info","event":"Current task name:backfill_dim_driver","logger":"task.stdout"}
{"timestamp":"2026-02-09T08:34:31.002300Z","level":"info","event":"Dag name:api_drivers_bronze_to_silver","logger":"task.stdout"}
{"timestamp":"2026-02-09T08:34:31.003758Z","level":"info","event":"======================================================================","logger":"task.stdout"}
{"timestamp":"2026-02-09T08:34:31.004014Z","level":"info","event":"F1 DRIVER BACKFILL: ERGAST API → SILVER","logger":"task.stdout"}
{"timestamp":"2026-02-09T08:34:31.004227Z","level":"info","event":"======================================================================","logger":"task.stdout"}
{"timestamp":"2026-02-09T08:34:31.004479Z","level":"info","event":"","logger":"task.stdout"}
{"timestamp":"2026-02-09T08:34:31.004722Z","level":"info","event":"[STEP 1] Scraping API...","logger":"task.stdout"}
{"timestamp":"2026-02-09T08:34:31.004946Z","level":"info","event":"","logger":"task.stdout"}
{"timestamp":"2026-02-09T08:34:31.005166Z","level":"info","event":"======================================================================","logger":"task.stdout"}
{"timestamp":"2026-02-09T08:34:31.005383Z","level":"info","event":"SCRAPING DRIVERS FROM ERGAST API: 2011-2025","logger":"task.stdout"}
{"timestamp":"2026-02-09T08:34:31.005826Z","level":"info","event":"======================================================================","logger":"task.stdout"}
{"timestamp":"2026-02-09T08:34:31.006094Z","level":"info","event":"","logger":"task.stdout"}
{"timestamp":"2026-02-09T08:34:31.006381Z","level":"info","event":"Fetching drivers for 2011...","logger":"task.stdout"}
{"timestamp":"2026-02-09T08:34:31.502176Z","level":"info","event":"28 drivers found","logger":"task.stdout"}
{"timestamp":"2026-02-09T08:34:31.502618Z","level":"info","event":"Fetching drivers for 2012...","logger":"task.stdout"}
{"timestamp":"2026-02-09T08:34:31.553276Z","level":"info","event":"ERROR: API request failed for https://api.jolpi.ca/ergast/f1/2012/drivers.json","logger":"task.stdout"}
{"timestamp":"2026-02-09T08:34:31.553817Z","level":"info","event":"Reason: 429 Client Error: Too Many Requests for url: https://api.jolpi.ca/ergast/f1/2012/drivers.json","logger":"task.stdout"}
{"timestamp":"2026-02-09T08:34:31.553303Z","level":"error","event":"Task failed with exception","logger":"task","filename":"task_runner.py","lineno":1078,"error_detail":[{"exc_type":"HTTPError","exc_value":"429 Client Error: Too Many Requests for url: https://api.jolpi.ca/ergast/f1/2012/drivers.json","exc_notes":[],"syntax_error":null,"is_cause":false,"frames":[{"filename":"/home/airflow/.local/lib/python3.12/site-packages/airflow/sdk/execution_time/task_runner.py","lineno":1004,"name":"run"},{"filename":"/home/airflow/.local/lib/python3.12/site-packages/airflow/sdk/execution_time/task_runner.py","lineno":1405,"name":"_execute_task"},{"filename":"/home/airflow/.local/lib/python3.12/site-packages/airflow/sdk/bases/operator.py","lineno":417,"name":"wrapper"},{"filename":"/home/airflow/.local/lib/python3.12/site-packages/airflow/providers/standard/operators/python.py","lineno":214,"name":"execute"},{"filename":"/home/airflow/.local/lib/python3.12/site-packages/airflow/providers/standard/operators/python.py","lineno":237,"name":"execute_callable"},{"filename":"/home/airflow/.local/lib/python3.12/site-packages/airflow/sdk/execution_time/callback_runner.py","lineno":82,"name":"run"},{"filename":"/opt/airflow/dags/api_etl/api_drivers_bronze_to_silver.py","lineno":248,"name":"backfill_dim_driver"},{"filename":"/opt/airflow/dags/utils/scraper/driver.py","lineno":147,"name":"scrape_drivers_range"},{"filename":"/opt/airflow/dags/utils/scraper/driver.py","lineno":117,"name":"scrape_drivers_year"},{"filename":"/opt/airflow/dags/utils/scraper/driver.py","lineno":72,"name":"_get"},{"filename":"/home/airflow/.local/lib/python3.12/site-packages/requests/models.py","lineno":1026,"name":"raise_for_status"}],"is_group":false,"exceptions":[]}]}
{"timestamp":"2026-02-09T08:34:31.572132Z","level":"info","event":"Task instance in failure state","logger":"task.stdout"}
{"timestamp":"2026-02-09T08:34:31.576873Z","level":"info","event":"Task start","logger":"task.stdout"}
{"timestamp":"2026-02-09T08:34:31.577398Z","level":"info","event":"Task:<Task(PythonOperator): backfill_dim_driver>","logger":"task.stdout"}
{"timestamp":"2026-02-09T08:34:31.577791Z","level":"info","event":"Failure caused by 429 Client Error: Too Many Requests for url: https://api.jolpi.ca/ergast/f1/2012/drivers.json","logger":"task.stdout"}
