{"timestamp":"2026-02-18T12:49:51.647063Z","level":"info","event":"DAG bundles loaded: dags-folder","logger":"airflow.dag_processing.bundles.manager.DagBundlesManager","filename":"manager.py","lineno":179}
{"timestamp":"2026-02-18T12:49:51.648684Z","level":"info","event":"Filling up the DagBag from /opt/airflow/dags/csv_bronze_to_silver.py","logger":"airflow.models.dagbag.DagBag","filename":"dagbag.py","lineno":593}
{"timestamp":"2026-02-18T12:49:54.719059Z","level":"info","event":"TRANSFORM: fact_pitstops → Silver (Parquet with surrogate key)","logger":"task.stdout"}
{"timestamp":"2026-02-18T12:49:55.774655Z","level":"info","event":" Downloaded raw_data/f1_data.parquet (518417 rows)","logger":"task.stdout"}
{"timestamp":"2026-02-18T12:49:55.781744Z","level":"info","event":" Downloaded dimensions/dim_driver/dim_driver.parquet (65 rows)","logger":"task.stdout"}
{"timestamp":"2026-02-18T12:49:55.785794Z","level":"info","event":" Downloaded dimensions/dim_constructor/dim_constructor.parquet (20 rows)","logger":"task.stdout"}
{"timestamp":"2026-02-18T12:49:55.790696Z","level":"info","event":" Downloaded dimensions/dim_race/dim_race.parquet (232 rows)","logger":"task.stdout"}
{"timestamp":"2026-02-18T12:49:55.796349Z","level":"info","event":" Downloaded dimensions/dim_time/dim_time.parquet (6940 rows)","logger":"task.stdout"}
{"timestamp":"2026-02-18T12:49:55.980880Z","level":"info","event":"Generated 8975 pitstops with surrogate keys","logger":"task.stdout"}
{"timestamp":"2026-02-18T12:49:56.000921Z","level":"info","event":"Uploaded facts/fact_pitstops/year=2012/data.parquet (946 rows)","logger":"task.stdout"}
{"timestamp":"2026-02-18T12:49:56.002589Z","level":"info","event":"Year 2012: 946 rows","logger":"task.stdout"}
{"timestamp":"2026-02-18T12:49:56.039318Z","level":"info","event":"Uploaded facts/fact_pitstops/year=2013/data.parquet (951 rows)","logger":"task.stdout"}
{"timestamp":"2026-02-18T12:49:56.043542Z","level":"info","event":"Year 2013: 951 rows","logger":"task.stdout"}
{"timestamp":"2026-02-18T12:49:56.130447Z","level":"info","event":"Uploaded facts/fact_pitstops/year=2014/data.parquet (816 rows)","logger":"task.stdout"}
{"timestamp":"2026-02-18T12:49:56.133254Z","level":"info","event":"Year 2014: 816 rows","logger":"task.stdout"}
{"timestamp":"2026-02-18T12:49:56.151073Z","level":"info","event":"Uploaded facts/fact_pitstops/year=2015/data.parquet (741 rows)","logger":"task.stdout"}
{"timestamp":"2026-02-18T12:49:56.151571Z","level":"info","event":"Year 2015: 741 rows","logger":"task.stdout"}
{"timestamp":"2026-02-18T12:49:56.161247Z","level":"info","event":"Uploaded facts/fact_pitstops/year=2016/data.parquet (989 rows)","logger":"task.stdout"}
{"timestamp":"2026-02-18T12:49:56.161581Z","level":"info","event":"Year 2016: 989 rows","logger":"task.stdout"}
{"timestamp":"2026-02-18T12:49:56.171177Z","level":"info","event":"Uploaded facts/fact_pitstops/year=2017/data.parquet (694 rows)","logger":"task.stdout"}
{"timestamp":"2026-02-18T12:49:56.171563Z","level":"info","event":"Year 2017: 694 rows","logger":"task.stdout"}
{"timestamp":"2026-02-18T12:49:56.191172Z","level":"info","event":"Uploaded facts/fact_pitstops/year=2018/data.parquet (536 rows)","logger":"task.stdout"}
{"timestamp":"2026-02-18T12:49:56.194891Z","level":"info","event":"Year 2018: 536 rows","logger":"task.stdout"}
{"timestamp":"2026-02-18T12:49:56.216930Z","level":"info","event":"Uploaded facts/fact_pitstops/year=2019/data.parquet (650 rows)","logger":"task.stdout"}
{"timestamp":"2026-02-18T12:49:56.217306Z","level":"info","event":"Year 2019: 650 rows","logger":"task.stdout"}
{"timestamp":"2026-02-18T12:49:56.230257Z","level":"info","event":"Uploaded facts/fact_pitstops/year=2020/data.parquet (594 rows)","logger":"task.stdout"}
{"timestamp":"2026-02-18T12:49:56.230655Z","level":"info","event":"Year 2020: 594 rows","logger":"task.stdout"}
{"timestamp":"2026-02-18T12:49:56.246331Z","level":"info","event":"Uploaded facts/fact_pitstops/year=2021/data.parquet (798 rows)","logger":"task.stdout"}
{"timestamp":"2026-02-18T12:49:56.246755Z","level":"info","event":"Year 2021: 798 rows","logger":"task.stdout"}
{"timestamp":"2026-02-18T12:49:56.255559Z","level":"info","event":"Uploaded facts/fact_pitstops/year=2022/data.parquet (805 rows)","logger":"task.stdout"}
{"timestamp":"2026-02-18T12:49:56.259707Z","level":"info","event":"Year 2022: 805 rows","logger":"task.stdout"}
{"timestamp":"2026-02-18T12:49:56.266212Z","level":"info","event":"Uploaded facts/fact_pitstops/year=2023/data.parquet (455 rows)","logger":"task.stdout"}
{"timestamp":"2026-02-18T12:49:56.267570Z","level":"info","event":"Year 2023: 455 rows","logger":"task.stdout"}
{"timestamp":"2026-02-18T12:49:56.330959Z","level":"info","event":"Done. Returned value was: 8975","logger":"airflow.task.operators.airflow.providers.standard.operators.python.PythonOperator","filename":"python.py","lineno":216}
{"timestamp":"2026-02-18T12:49:56.331262Z","level":"info","event":"Pushing xcom","ti":"RuntimeTaskInstance(id=UUID('019c70cc-b8da-7d20-9996-92886110c5d3'), task_id='transform_fact_pitstops', dag_id='csv_bronze_to_silver', run_id='manual__2026-02-18T12:48:07.267077+00:00', try_number=2, dag_version_id=UUID('019c6ff5-bd25-7820-9704-b1e246fc82fa'), map_index=-1, hostname='e4702b2ecf8f', context_carrier={}, task=<Task(PythonOperator): transform_fact_pitstops>, bundle_instance=LocalDagBundle(name=dags-folder), max_tries=2, start_date=datetime.datetime(2026, 2, 18, 12, 49, 51, 355365, tzinfo=datetime.timezone.utc), end_date=None, state=<TaskInstanceState.RUNNING: 'running'>, is_mapped=False, rendered_map_index=None)","logger":"task","filename":"task_runner.py","lineno":1450}
