{"timestamp":"2026-02-16T13:22:09.099773Z","level":"info","event":"DAG bundles loaded: dags-folder","logger":"airflow.dag_processing.bundles.manager.DagBundlesManager","filename":"manager.py","lineno":179}
{"timestamp":"2026-02-16T13:22:09.102589Z","level":"info","event":"Filling up the DagBag from /opt/airflow/dags/api_pitstops_bronze_to_silver.py","logger":"airflow.models.dagbag.DagBag","filename":"dagbag.py","lineno":593}
{"timestamp":"2026-02-16T13:22:10.351217Z","level":"info","event":"======================================================================","logger":"task.stdout"}
{"timestamp":"2026-02-16T13:22:10.352484Z","level":"info","event":"F1 PIT STOPS BACKFILL: ERGAST API -> SILVER","logger":"task.stdout"}
{"timestamp":"2026-02-16T13:22:10.353647Z","level":"info","event":"======================================================================","logger":"task.stdout"}
{"timestamp":"2026-02-16T13:22:10.354495Z","level":"info","event":"","logger":"task.stdout"}
{"timestamp":"2026-02-16T13:22:10.355167Z","level":"info","event":"[STEP 1] Scraping API...","logger":"task.stdout"}
{"timestamp":"2026-02-16T13:22:10.355808Z","level":"info","event":"","logger":"task.stdout"}
{"timestamp":"2026-02-16T13:22:10.356504Z","level":"info","event":"======================================================================","logger":"task.stdout"}
{"timestamp":"2026-02-16T13:22:10.357115Z","level":"info","event":"SCRAPING PIT STOPS FROM ERGAST API: 2024-2025","logger":"task.stdout"}
{"timestamp":"2026-02-16T13:22:10.357565Z","level":"info","event":"======================================================================","logger":"task.stdout"}
{"timestamp":"2026-02-16T13:22:10.358060Z","level":"info","event":"","logger":"task.stdout"}
{"timestamp":"2026-02-16T13:22:10.358524Z","level":"info","event":"","logger":"task.stdout"}
{"timestamp":"2026-02-16T13:22:10.358906Z","level":"info","event":"======================================================================","logger":"task.stdout"}
{"timestamp":"2026-02-16T13:22:10.359309Z","level":"info","event":"SCRAPING PIT STOPS FOR 2024","logger":"task.stdout"}
{"timestamp":"2026-02-16T13:22:10.359812Z","level":"info","event":"======================================================================","logger":"task.stdout"}
{"timestamp":"2026-02-16T13:22:10.360227Z","level":"info","event":"","logger":"task.stdout"}
{"timestamp":"2026-02-16T13:22:10.360676Z","level":"info","event":"Fetching pit stops for 2024 Round 1...","logger":"task.stdout"}
{"timestamp":"2026-02-16T13:22:16.518746Z","level":"info","event":"  43 pit stops found","logger":"task.stdout"}
{"timestamp":"2026-02-16T13:22:16.519592Z","level":"info","event":"Fetching pit stops for 2024 Round 2...","logger":"task.stdout"}
{"timestamp":"2026-02-16T13:22:19.756929Z","level":"info","event":"  19 pit stops found","logger":"task.stdout"}
{"timestamp":"2026-02-16T13:22:19.757665Z","level":"info","event":"Fetching pit stops for 2024 Round 3...","logger":"task.stdout"}
{"timestamp":"2026-02-16T13:22:24.558612Z","level":"info","event":"  36 pit stops found","logger":"task.stdout"}
{"timestamp":"2026-02-16T13:22:24.559112Z","level":"info","event":"Fetching pit stops for 2024 Round 4...","logger":"task.stdout"}
{"timestamp":"2026-02-16T13:22:29.327482Z","level":"info","event":"  54 pit stops found","logger":"task.stdout"}
{"timestamp":"2026-02-16T13:22:29.328362Z","level":"info","event":"Fetching pit stops for 2024 Round 5...","logger":"task.stdout"}
{"timestamp":"2026-02-16T13:22:33.979456Z","level":"info","event":"  40 pit stops found","logger":"task.stdout"}
{"timestamp":"2026-02-16T13:22:33.980081Z","level":"info","event":"Fetching pit stops for 2024 Round 6...","logger":"task.stdout"}
{"timestamp":"2026-02-16T13:22:36.829883Z","level":"info","event":"  28 pit stops found","logger":"task.stdout"}
{"timestamp":"2026-02-16T13:22:36.830768Z","level":"info","event":"Fetching pit stops for 2024 Round 7...","logger":"task.stdout"}
{"timestamp":"2026-02-16T13:22:40.939163Z","level":"info","event":"  27 pit stops found","logger":"task.stdout"}
{"timestamp":"2026-02-16T13:22:40.939819Z","level":"info","event":"Fetching pit stops for 2024 Round 8...","logger":"task.stdout"}
{"timestamp":"2026-02-16T13:22:44.433182Z","level":"info","event":"  23 pit stops found","logger":"task.stdout"}
{"timestamp":"2026-02-16T13:22:44.433820Z","level":"info","event":"Fetching pit stops for 2024 Round 9...","logger":"task.stdout"}
{"timestamp":"2026-02-16T13:22:49.884689Z","level":"info","event":"  42 pit stops found","logger":"task.stdout"}
{"timestamp":"2026-02-16T13:22:49.885179Z","level":"info","event":"Fetching pit stops for 2024 Round 10...","logger":"task.stdout"}
{"timestamp":"2026-02-16T13:22:52.972625Z","level":"info","event":"  42 pit stops found","logger":"task.stdout"}
{"timestamp":"2026-02-16T13:22:52.973409Z","level":"info","event":"Fetching pit stops for 2024 Round 11...","logger":"task.stdout"}
{"timestamp":"2026-02-16T13:22:55.950013Z","level":"info","event":"  45 pit stops found","logger":"task.stdout"}
{"timestamp":"2026-02-16T13:22:55.950537Z","level":"info","event":"Fetching pit stops for 2024 Round 12...","logger":"task.stdout"}
{"timestamp":"2026-02-16T13:23:01.461031Z","level":"info","event":"  45 pit stops found","logger":"task.stdout"}
{"timestamp":"2026-02-16T13:23:01.461666Z","level":"info","event":"Fetching pit stops for 2024 Round 13...","logger":"task.stdout"}
{"timestamp":"2026-02-16T13:23:06.413850Z","level":"info","event":"  40 pit stops found","logger":"task.stdout"}
{"timestamp":"2026-02-16T13:23:06.414562Z","level":"info","event":"Fetching pit stops for 2024 Round 14...","logger":"task.stdout"}
{"timestamp":"2026-02-16T13:23:10.518242Z","level":"info","event":"  34 pit stops found","logger":"task.stdout"}
{"timestamp":"2026-02-16T13:23:10.519375Z","level":"info","event":"Fetching pit stops for 2024 Round 15...","logger":"task.stdout"}
{"timestamp":"2026-02-16T13:23:15.023135Z","level":"info","event":"  26 pit stops found","logger":"task.stdout"}
{"timestamp":"2026-02-16T13:23:15.023937Z","level":"info","event":"Fetching pit stops for 2024 Round 16...","logger":"task.stdout"}
{"timestamp":"2026-02-16T13:23:19.723783Z","level":"info","event":"  30 pit stops found","logger":"task.stdout"}
{"timestamp":"2026-02-16T13:23:19.724378Z","level":"info","event":"Fetching pit stops for 2024 Round 17...","logger":"task.stdout"}
{"timestamp":"2026-02-16T13:23:22.243450Z","level":"info","event":"  22 pit stops found","logger":"task.stdout"}
{"timestamp":"2026-02-16T13:23:22.244444Z","level":"info","event":"Fetching pit stops for 2024 Round 18...","logger":"task.stdout"}
{"timestamp":"2026-02-16T13:23:26.754953Z","level":"info","event":"  23 pit stops found","logger":"task.stdout"}
{"timestamp":"2026-02-16T13:23:26.755573Z","level":"info","event":"Fetching pit stops for 2024 Round 19...","logger":"task.stdout"}
{"timestamp":"2026-02-16T13:23:32.397591Z","level":"info","event":"  23 pit stops found","logger":"task.stdout"}
{"timestamp":"2026-02-16T13:23:32.398328Z","level":"info","event":"Fetching pit stops for 2024 Round 20...","logger":"task.stdout"}
{"timestamp":"2026-02-16T13:23:36.580334Z","level":"info","event":"  21 pit stops found","logger":"task.stdout"}
{"timestamp":"2026-02-16T13:23:36.580939Z","level":"info","event":"Fetching pit stops for 2024 Round 21...","logger":"task.stdout"}
{"timestamp":"2026-02-16T13:23:40.964464Z","level":"info","event":"  35 pit stops found","logger":"task.stdout"}
{"timestamp":"2026-02-16T13:23:40.965121Z","level":"info","event":"Fetching pit stops for 2024 Round 22...","logger":"task.stdout"}
{"timestamp":"2026-02-16T13:23:44.691404Z","level":"info","event":"  39 pit stops found","logger":"task.stdout"}
{"timestamp":"2026-02-16T13:23:44.692301Z","level":"info","event":"Fetching pit stops for 2024 Round 23...","logger":"task.stdout"}
{"timestamp":"2026-02-16T13:23:50.277009Z","level":"info","event":"  60 pit stops found","logger":"task.stdout"}
{"timestamp":"2026-02-16T13:23:50.277745Z","level":"info","event":"Fetching pit stops for 2024 Round 24...","logger":"task.stdout"}
{"timestamp":"2026-02-16T13:23:55.265324Z","level":"info","event":"  28 pit stops found","logger":"task.stdout"}
{"timestamp":"2026-02-16T13:23:55.265915Z","level":"info","event":"Fetching pit stops for 2024 Round 25...","logger":"task.stdout"}
{"timestamp":"2026-02-16T13:24:01.232319Z","level":"info","event":"  No data for 2024 Round 25","logger":"task.stdout"}
{"timestamp":"2026-02-16T13:24:01.233025Z","level":"info","event":"","logger":"task.stdout"}
{"timestamp":"2026-02-16T13:24:01.233680Z","level":"info","event":"Total pit stops for 2024: 825","logger":"task.stdout"}
{"timestamp":"2026-02-16T13:24:01.234358Z","level":"info","event":"","logger":"task.stdout"}
{"timestamp":"2026-02-16T13:24:01.234964Z","level":"info","event":"======================================================================","logger":"task.stdout"}
{"timestamp":"2026-02-16T13:24:01.235760Z","level":"info","event":"SCRAPING PIT STOPS FOR 2025","logger":"task.stdout"}
{"timestamp":"2026-02-16T13:24:01.236374Z","level":"info","event":"======================================================================","logger":"task.stdout"}
{"timestamp":"2026-02-16T13:24:01.236942Z","level":"info","event":"","logger":"task.stdout"}
{"timestamp":"2026-02-16T13:24:01.237551Z","level":"info","event":"Fetching pit stops for 2025 Round 1...","logger":"task.stdout"}
{"timestamp":"2026-02-16T13:24:05.967496Z","level":"info","event":"  82 pit stops found","logger":"task.stdout"}
{"timestamp":"2026-02-16T13:24:05.968227Z","level":"info","event":"Fetching pit stops for 2025 Round 2...","logger":"task.stdout"}
{"timestamp":"2026-02-16T13:24:09.893931Z","level":"info","event":"  25 pit stops found","logger":"task.stdout"}
{"timestamp":"2026-02-16T13:24:09.894486Z","level":"info","event":"Fetching pit stops for 2025 Round 3...","logger":"task.stdout"}
{"timestamp":"2026-02-16T13:24:13.616305Z","level":"info","event":"  21 pit stops found","logger":"task.stdout"}
{"timestamp":"2026-02-16T13:24:13.617001Z","level":"info","event":"Fetching pit stops for 2025 Round 4...","logger":"task.stdout"}
{"timestamp":"2026-02-16T13:24:17.506777Z","level":"info","event":"  42 pit stops found","logger":"task.stdout"}
{"timestamp":"2026-02-16T13:24:17.507787Z","level":"info","event":"Fetching pit stops for 2025 Round 5...","logger":"task.stdout"}
{"timestamp":"2026-02-16T13:24:23.511763Z","level":"info","event":"  19 pit stops found","logger":"task.stdout"}
{"timestamp":"2026-02-16T13:24:23.513006Z","level":"info","event":"Fetching pit stops for 2025 Round 6...","logger":"task.stdout"}
{"timestamp":"2026-02-16T13:24:29.916929Z","level":"info","event":"  18 pit stops found","logger":"task.stdout"}
{"timestamp":"2026-02-16T13:24:29.917634Z","level":"info","event":"Fetching pit stops for 2025 Round 7...","logger":"task.stdout"}
{"timestamp":"2026-02-16T13:24:34.535709Z","level":"info","event":"  37 pit stops found","logger":"task.stdout"}
{"timestamp":"2026-02-16T13:24:34.536742Z","level":"info","event":"Fetching pit stops for 2025 Round 8...","logger":"task.stdout"}
{"timestamp":"2026-02-16T13:24:39.690957Z","level":"info","event":"  40 pit stops found","logger":"task.stdout"}
{"timestamp":"2026-02-16T13:24:39.693960Z","level":"info","event":"Fetching pit stops for 2025 Round 9...","logger":"task.stdout"}
{"timestamp":"2026-02-16T13:24:42.269099Z","level":"info","event":"  54 pit stops found","logger":"task.stdout"}
{"timestamp":"2026-02-16T13:24:42.284554Z","level":"info","event":"Fetching pit stops for 2025 Round 10...","logger":"task.stdout"}
{"timestamp":"2026-02-16T13:24:47.095592Z","level":"info","event":"  82 pit stops found","logger":"task.stdout"}
{"timestamp":"2026-02-16T13:24:47.096023Z","level":"info","event":"Fetching pit stops for 2025 Round 11...","logger":"task.stdout"}
{"timestamp":"2026-02-16T13:24:51.519673Z","level":"info","event":"  32 pit stops found","logger":"task.stdout"}
{"timestamp":"2026-02-16T13:24:51.520277Z","level":"info","event":"Fetching pit stops for 2025 Round 12...","logger":"task.stdout"}
{"timestamp":"2026-02-16T13:24:56.193622Z","level":"info","event":"  35 pit stops found","logger":"task.stdout"}
{"timestamp":"2026-02-16T13:24:56.194232Z","level":"info","event":"Fetching pit stops for 2025 Round 13...","logger":"task.stdout"}
{"timestamp":"2026-02-16T13:24:59.058011Z","level":"info","event":"  26 pit stops found","logger":"task.stdout"}
{"timestamp":"2026-02-16T13:24:59.058771Z","level":"info","event":"Fetching pit stops for 2025 Round 14...","logger":"task.stdout"}
{"timestamp":"2026-02-16T13:25:03.645171Z","level":"info","event":"  29 pit stops found","logger":"task.stdout"}
{"timestamp":"2026-02-16T13:25:03.645771Z","level":"info","event":"Fetching pit stops for 2025 Round 15...","logger":"task.stdout"}
{"timestamp":"2026-02-16T13:25:06.562173Z","level":"info","event":"  40 pit stops found","logger":"task.stdout"}
{"timestamp":"2026-02-16T13:25:06.562873Z","level":"info","event":"Fetching pit stops for 2025 Round 16...","logger":"task.stdout"}
{"timestamp":"2026-02-16T13:25:12.276997Z","level":"info","event":"  19 pit stops found","logger":"task.stdout"}
{"timestamp":"2026-02-16T13:25:12.277617Z","level":"info","event":"Fetching pit stops for 2025 Round 17...","logger":"task.stdout"}
{"timestamp":"2026-02-16T13:25:16.961975Z","level":"info","event":"  21 pit stops found","logger":"task.stdout"}
{"timestamp":"2026-02-16T13:25:16.962547Z","level":"info","event":"Fetching pit stops for 2025 Round 18...","logger":"task.stdout"}
{"timestamp":"2026-02-16T13:25:21.202778Z","level":"info","event":"  23 pit stops found","logger":"task.stdout"}
{"timestamp":"2026-02-16T13:25:21.203518Z","level":"info","event":"Fetching pit stops for 2025 Round 19...","logger":"task.stdout"}
{"timestamp":"2026-02-16T13:25:27.066897Z","level":"info","event":"  21 pit stops found","logger":"task.stdout"}
{"timestamp":"2026-02-16T13:25:27.067454Z","level":"info","event":"Fetching pit stops for 2025 Round 20...","logger":"task.stdout"}
{"timestamp":"2026-02-16T13:25:31.713388Z","level":"info","event":"  27 pit stops found","logger":"task.stdout"}
{"timestamp":"2026-02-16T13:25:31.714048Z","level":"info","event":"Fetching pit stops for 2025 Round 21...","logger":"task.stdout"}
{"timestamp":"2026-02-16T13:25:36.276990Z","level":"info","event":"  37 pit stops found","logger":"task.stdout"}
{"timestamp":"2026-02-16T13:25:36.277481Z","level":"info","event":"Fetching pit stops for 2025 Round 22...","logger":"task.stdout"}
{"timestamp":"2026-02-16T13:25:42.003910Z","level":"info","event":"  23 pit stops found","logger":"task.stdout"}
{"timestamp":"2026-02-16T13:25:42.004561Z","level":"info","event":"Fetching pit stops for 2025 Round 23...","logger":"task.stdout"}
{"timestamp":"2026-02-16T13:25:46.309871Z","level":"info","event":"  41 pit stops found","logger":"task.stdout"}
{"timestamp":"2026-02-16T13:25:46.310643Z","level":"info","event":"Fetching pit stops for 2025 Round 24...","logger":"task.stdout"}
{"timestamp":"2026-02-16T13:25:49.350384Z","level":"info","event":"  27 pit stops found","logger":"task.stdout"}
{"timestamp":"2026-02-16T13:25:49.354503Z","level":"info","event":"Fetching pit stops for 2025 Round 25...","logger":"task.stdout"}
{"timestamp":"2026-02-16T13:25:54.912434Z","level":"info","event":"  No data for 2025 Round 25","logger":"task.stdout"}
{"timestamp":"2026-02-16T13:25:54.913114Z","level":"info","event":"","logger":"task.stdout"}
{"timestamp":"2026-02-16T13:25:54.916801Z","level":"info","event":"Total pit stops for 2025: 821","logger":"task.stdout"}
{"timestamp":"2026-02-16T13:25:54.918696Z","level":"info","event":"","logger":"task.stdout"}
{"timestamp":"2026-02-16T13:25:54.919951Z","level":"info","event":"======================================================================","logger":"task.stdout"}
{"timestamp":"2026-02-16T13:25:54.922444Z","level":"info","event":"SCRAPING COMPLETE","logger":"task.stdout"}
{"timestamp":"2026-02-16T13:25:54.929272Z","level":"info","event":"Total pit stops: 1,646","logger":"task.stdout"}
{"timestamp":"2026-02-16T13:25:54.930454Z","level":"info","event":"Years covered: 2024-2025","logger":"task.stdout"}
{"timestamp":"2026-02-16T13:25:54.932592Z","level":"info","event":"======================================================================","logger":"task.stdout"}
{"timestamp":"2026-02-16T13:25:54.935131Z","level":"info","event":"","logger":"task.stdout"}
{"timestamp":"2026-02-16T13:25:54.935740Z","level":"info","event":"API scraping complete: 1,646 pit stop records","logger":"task.stdout"}
{"timestamp":"2026-02-16T13:25:54.943431Z","level":"info","event":"","logger":"task.stdout"}
{"timestamp":"2026-02-16T13:25:54.944047Z","level":"info","event":"[STEP 2] Transforming to Silver schema...","logger":"task.stdout"}
{"timestamp":"2026-02-16T13:25:54.944674Z","level":"info","event":"Transforming API data to Silver schema...","logger":"task.stdout"}
{"timestamp":"2026-02-16T13:25:54.950610Z","level":"info","event":"Sorted by year + round + lap + stop","logger":"task.stdout"}
{"timestamp":"2026-02-16T13:25:55.010545Z","level":"info","event":"Transformed 1646 pit stops to Silver schema","logger":"task.stdout"}
{"timestamp":"2026-02-16T13:25:55.013360Z","level":"info","event":"Source: api","logger":"task.stdout"}
{"timestamp":"2026-02-16T13:25:55.017721Z","level":"info","event":"Transformation complete: 1646 pit stops","logger":"task.stdout"}
{"timestamp":"2026-02-16T13:25:55.020427Z","level":"info","event":"","logger":"task.stdout"}
{"timestamp":"2026-02-16T13:25:55.033048Z","level":"info","event":"[STEP 3] Loading dimensions for FK resolution...","logger":"task.stdout"}
{"timestamp":"2026-02-16T13:25:55.143460Z","level":"info","event":" Downloaded dimensions/dim_driver/dim_driver.parquet (81 rows)","logger":"task.stdout"}
{"timestamp":"2026-02-16T13:25:55.174227Z","level":"info","event":" Downloaded dimensions/dim_constructor/dim_constructor.parquet (21 rows)","logger":"task.stdout"}
{"timestamp":"2026-02-16T13:25:55.208736Z","level":"info","event":" Downloaded dimensions/dim_race/dim_race.parquet (280 rows)","logger":"task.stdout"}
{"timestamp":"2026-02-16T13:25:55.243821Z","level":"info","event":" Downloaded dimensions/dim_time/dim_time.parquet (6940 rows)","logger":"task.stdout"}
{"timestamp":"2026-02-16T13:25:55.258432Z","level":"info","event":"Loaded dimensions:","logger":"task.stdout"}
{"timestamp":"2026-02-16T13:25:55.268208Z","level":"info","event":"  - dim_driver: 81 drivers","logger":"task.stdout"}
{"timestamp":"2026-02-16T13:25:55.268934Z","level":"info","event":"  - dim_constructor: 21 constructors","logger":"task.stdout"}
{"timestamp":"2026-02-16T13:25:55.269495Z","level":"info","event":"  - dim_race: 280 races","logger":"task.stdout"}
{"timestamp":"2026-02-16T13:25:55.272861Z","level":"info","event":"  - dim_time: 6,940 dates","logger":"task.stdout"}
{"timestamp":"2026-02-16T13:25:55.280043Z","level":"info","event":"","logger":"task.stdout"}
{"timestamp":"2026-02-16T13:25:55.280756Z","level":"info","event":"[STEP 4] Resolving foreign keys...","logger":"task.stdout"}
{"timestamp":"2026-02-16T13:25:55.328456Z","level":"info","event":"  Building race-driver-constructor mapping from race results...","logger":"task.stdout"}
{"timestamp":"2026-02-16T13:25:55.354595Z","level":"info","event":" Downloaded facts/fact_race_results/year=2024/data.parquet (100 rows)","logger":"task.stdout"}
{"timestamp":"2026-02-16T13:25:55.554335Z","level":"info","event":" Downloaded facts/fact_race_results/year=2025/data.parquet (100 rows)","logger":"task.stdout"}
{"timestamp":"2026-02-16T13:25:55.696503Z","level":"info","event":"  Built race-driver-constructor mapping: 200 entries","logger":"task.stdout"}
{"timestamp":"2026-02-16T13:25:55.697156Z","level":"info","event":"Created lookup dictionaries:","logger":"task.stdout"}
{"timestamp":"2026-02-16T13:25:55.697813Z","level":"info","event":"  - driver_ref -> driver_key: 81 entries","logger":"task.stdout"}
{"timestamp":"2026-02-16T13:25:55.698468Z","level":"info","event":"  - race_year+race_round -> race_key: 280 entries","logger":"task.stdout"}
{"timestamp":"2026-02-16T13:25:55.698975Z","level":"info","event":"  - race_date -> time_key: 6940 entries","logger":"task.stdout"}
{"timestamp":"2026-02-16T13:25:55.792463Z","level":"info","event":"WARNING: 1264 pit stops have unresolved constructor_key!","logger":"task.stdout"}
{"timestamp":"2026-02-16T13:25:55.858105Z","level":"info","event":"All FKs resolved successfully","logger":"task.stdout"}
{"timestamp":"2026-02-16T13:25:55.858738Z","level":"info","event":"","logger":"task.stdout"}
{"timestamp":"2026-02-16T13:25:55.859237Z","level":"info","event":"[STEP 5] Loading existing Silver data...","logger":"task.stdout"}
{"timestamp":"2026-02-16T13:25:55.877277Z","level":"info","event":" Downloaded facts/fact_pitstops/year=2024/data.parquet (825 rows)","logger":"task.stdout"}
{"timestamp":"2026-02-16T13:25:55.887726Z","level":"info","event":" Downloaded facts/fact_pitstops/year=2025/data.parquet (821 rows)","logger":"task.stdout"}
{"timestamp":"2026-02-16T13:25:55.891436Z","level":"info","event":"Loaded 1,646 existing pit stops from Silver","logger":"task.stdout"}
{"timestamp":"2026-02-16T13:25:55.893216Z","level":"info","event":"Existing sources: {'api': 1646}","logger":"task.stdout"}
{"timestamp":"2026-02-16T13:25:55.893907Z","level":"info","event":"","logger":"task.stdout"}
{"timestamp":"2026-02-16T13:25:55.894443Z","level":"info","event":"[STEP 6] Merging API data with existing Silver...","logger":"task.stdout"}
{"timestamp":"2026-02-16T13:25:55.894933Z","level":"info","event":"","logger":"task.stdout"}
{"timestamp":"2026-02-16T13:25:55.895443Z","level":"info","event":"  Merge Configuration:","logger":"task.stdout"}
{"timestamp":"2026-02-16T13:25:55.896179Z","level":"info","event":"Existing pit stops: 1,646","logger":"task.stdout"}
{"timestamp":"2026-02-16T13:25:55.896799Z","level":"info","event":"New API pit stops: 1646","logger":"task.stdout"}
{"timestamp":"2026-02-16T13:25:55.897213Z","level":"info","event":"Merge key: race_year + race_round + driver_ref + stop_number","logger":"task.stdout"}
{"timestamp":"2026-02-16T13:25:55.897567Z","level":"info","event":"CSV priority: YES (skip API for CSV pit stops)","logger":"task.stdout"}
{"timestamp":"2026-02-16T13:25:55.897993Z","level":"info","event":"","logger":"task.stdout"}
{"timestamp":"2026-02-16T13:25:55.898546Z","level":"info","event":"  Processing 1646 API pit stops:","logger":"task.stdout"}
{"timestamp":"2026-02-16T13:25:55.899046Z","level":"info","event":"","logger":"task.stdout"}
{"timestamp":"2026-02-16T13:25:55.893785Z","level":"error","event":"Task failed with exception","logger":"task","filename":"task_runner.py","lineno":1078,"error_detail":[{"exc_type":"KeyError","exc_value":"'race_year'","exc_notes":[],"syntax_error":null,"is_cause":false,"frames":[{"filename":"/home/airflow/.local/lib/python3.12/site-packages/airflow/sdk/execution_time/task_runner.py","lineno":1004,"name":"run"},{"filename":"/home/airflow/.local/lib/python3.12/site-packages/airflow/sdk/execution_time/task_runner.py","lineno":1400,"name":"_execute_task"},{"filename":"/home/airflow/.local/lib/python3.12/site-packages/airflow/sdk/bases/operator.py","lineno":417,"name":"wrapper"},{"filename":"/home/airflow/.local/lib/python3.12/site-packages/airflow/providers/standard/operators/python.py","lineno":214,"name":"execute"},{"filename":"/home/airflow/.local/lib/python3.12/site-packages/airflow/providers/standard/operators/python.py","lineno":237,"name":"execute_callable"},{"filename":"/home/airflow/.local/lib/python3.12/site-packages/airflow/sdk/execution_time/callback_runner.py","lineno":82,"name":"run"},{"filename":"/opt/airflow/dags/api_pitstops_bronze_to_silver.py","lineno":385,"name":"backfill_fact_pitstops"},{"filename":"/opt/airflow/dags/api_pitstops_bronze_to_silver.py","lineno":123,"name":"merge_pitstops"},{"filename":"/home/airflow/.local/lib/python3.12/site-packages/pandas/core/frame.py","lineno":3893,"name":"__getitem__"},{"filename":"/home/airflow/.local/lib/python3.12/site-packages/pandas/core/indexes/base.py","lineno":3798,"name":"get_loc"}],"is_group":false,"exceptions":[]},{"exc_type":"KeyError","exc_value":"'race_year'","exc_notes":[],"syntax_error":null,"is_cause":true,"frames":[{"filename":"/home/airflow/.local/lib/python3.12/site-packages/pandas/core/indexes/base.py","lineno":3791,"name":"get_loc"},{"filename":"/opt/airflow/index.pyx","lineno":152,"name":"pandas._libs.index.IndexEngine.get_loc"},{"filename":"/opt/airflow/index.pyx","lineno":181,"name":"pandas._libs.index.IndexEngine.get_loc"},{"filename":"/opt/airflow/pandas/_libs/hashtable_class_helper.pxi","lineno":7080,"name":"pandas._libs.hashtable.PyObjectHashTable.get_item"},{"filename":"/opt/airflow/pandas/_libs/hashtable_class_helper.pxi","lineno":7088,"name":"pandas._libs.hashtable.PyObjectHashTable.get_item"}],"is_group":false,"exceptions":[]}]}
