{"timestamp":"2026-02-14T22:56:05.244038Z","level":"info","event":"DAG bundles loaded: dags-folder","logger":"airflow.dag_processing.bundles.manager.DagBundlesManager","filename":"manager.py","lineno":179}
{"timestamp":"2026-02-14T22:56:05.247347Z","level":"info","event":"Filling up the DagBag from /opt/airflow/dags/master_pipeline.py","logger":"airflow.models.dagbag.DagBag","filename":"dagbag.py","lineno":593}
{"timestamp":"2026-02-14T22:56:05.412225Z","level":"warning","event":"The `airflow.operators.trigger_dagrun.TriggerDagRunOperator` attribute is deprecated. Please use `'airflow.providers.standard.operators.trigger_dagrun.TriggerDagRunOperator'`.","category":"DeprecatedImportWarning","filename":"/opt/airflow/dags/master_pipeline.py","lineno":34,"logger":"py.warnings"}
{"timestamp":"2026-02-14T22:56:05.412687Z","level":"warning","event":"The `airflow.operators.python.PythonOperator` attribute is deprecated. Please use `'airflow.providers.standard.operators.python.PythonOperator'`.","category":"DeprecatedImportWarning","filename":"/opt/airflow/dags/master_pipeline.py","lineno":35,"logger":"py.warnings"}
{"timestamp":"2026-02-14T22:56:05.622173Z","level":"info","event":"","logger":"task.stdout"}
{"timestamp":"2026-02-14T22:56:05.623343Z","level":"info","event":"================================================================================","logger":"task.stdout"}
{"timestamp":"2026-02-14T22:56:05.624487Z","level":"info","event":"F1 ETL MASTER PIPELINE STARTED","logger":"task.stdout"}
{"timestamp":"2026-02-14T22:56:05.625665Z","level":"info","event":"================================================================================","logger":"task.stdout"}
{"timestamp":"2026-02-14T22:56:05.626672Z","level":"info","event":"","logger":"task.stdout"}
{"timestamp":"2026-02-14T22:56:05.627688Z","level":"info","event":"Pipeline Flow:","logger":"task.stdout"}
{"timestamp":"2026-02-14T22:56:05.628762Z","level":"info","event":"  1. CSV → Silver (Dimensions + Facts)","logger":"task.stdout"}
{"timestamp":"2026-02-14T22:56:05.629890Z","level":"info","event":"  2-5. API Dimensions → Silver (PARALLEL)","logger":"task.stdout"}
{"timestamp":"2026-02-14T22:56:05.630913Z","level":"info","event":"     ├─ Constructors","logger":"task.stdout"}
{"timestamp":"2026-02-14T22:56:05.631824Z","level":"info","event":"     ├─ Drivers","logger":"task.stdout"}
{"timestamp":"2026-02-14T22:56:05.632867Z","level":"info","event":"     ├─ Circuits","logger":"task.stdout"}
{"timestamp":"2026-02-14T22:56:05.633794Z","level":"info","event":"     └─ Races","logger":"task.stdout"}
{"timestamp":"2026-02-14T22:56:05.638340Z","level":"info","event":"  6-10. API Facts → Silver (PARALLEL)","logger":"task.stdout"}
{"timestamp":"2026-02-14T22:56:05.639689Z","level":"info","event":"      ├─ Results","logger":"task.stdout"}
{"timestamp":"2026-02-14T22:56:05.640906Z","level":"info","event":"      ├─ Laps","logger":"task.stdout"}
{"timestamp":"2026-02-14T22:56:05.644118Z","level":"info","event":"      ├─ Pitstops","logger":"task.stdout"}
{"timestamp":"2026-02-14T22:56:05.645628Z","level":"info","event":"      ├─ Driver Standings","logger":"task.stdout"}
{"timestamp":"2026-02-14T22:56:05.646721Z","level":"info","event":"      └─ Constructor Standings","logger":"task.stdout"}
{"timestamp":"2026-02-14T22:56:05.647601Z","level":"info","event":"  11. Silver → Gold (PostgreSQL)","logger":"task.stdout"}
{"timestamp":"2026-02-14T22:56:05.653116Z","level":"info","event":"","logger":"task.stdout"}
{"timestamp":"2026-02-14T22:56:05.656970Z","level":"info","event":"================================================================================","logger":"task.stdout"}
{"timestamp":"2026-02-14T22:56:05.659017Z","level":"info","event":"","logger":"task.stdout"}
{"timestamp":"2026-02-14T22:56:05.620999Z","level":"info","event":"Done. Returned value was: None","logger":"airflow.task.operators.airflow.providers.standard.operators.python.PythonOperator","filename":"python.py","lineno":216}
