{"timestamp":"2026-02-13T13:55:42.145241Z","level":"info","event":"DAG bundles loaded: dags-folder","logger":"airflow.dag_processing.bundles.manager.DagBundlesManager","filename":"manager.py","lineno":179}
{"timestamp":"2026-02-13T13:55:42.146427Z","level":"info","event":"Filling up the DagBag from /opt/airflow/dags/api_etl/api_results_bronze_to_silver.py","logger":"airflow.models.dagbag.DagBag","filename":"dagbag.py","lineno":593}
{"timestamp":"2026-02-13T13:55:42.594423Z","level":"info","event":"======================================================================","logger":"task.stdout"}
{"timestamp":"2026-02-13T13:55:42.595087Z","level":"info","event":"F1 RACE RESULTS BACKFILL: ERGAST API -> SILVER","logger":"task.stdout"}
{"timestamp":"2026-02-13T13:55:42.595356Z","level":"info","event":"======================================================================","logger":"task.stdout"}
{"timestamp":"2026-02-13T13:55:42.596837Z","level":"info","event":"","logger":"task.stdout"}
{"timestamp":"2026-02-13T13:55:42.597123Z","level":"info","event":"[STEP 1] Scraping API...","logger":"task.stdout"}
{"timestamp":"2026-02-13T13:55:42.597383Z","level":"info","event":"","logger":"task.stdout"}
{"timestamp":"2026-02-13T13:55:42.597634Z","level":"info","event":"======================================================================","logger":"task.stdout"}
{"timestamp":"2026-02-13T13:55:42.597920Z","level":"info","event":"SCRAPING RACE RESULTS FROM ERGAST API: 2024-2025","logger":"task.stdout"}
{"timestamp":"2026-02-13T13:55:42.598151Z","level":"info","event":"======================================================================","logger":"task.stdout"}
{"timestamp":"2026-02-13T13:55:42.598387Z","level":"info","event":"","logger":"task.stdout"}
{"timestamp":"2026-02-13T13:55:42.598617Z","level":"info","event":"Fetching race results for 2024...","logger":"task.stdout"}
{"timestamp":"2026-02-13T13:56:06.715696Z","level":"info","event":"100 results found across 6 races","logger":"task.stdout"}
{"timestamp":"2026-02-13T13:56:06.716189Z","level":"info","event":"Fetching race results for 2025...","logger":"task.stdout"}
{"timestamp":"2026-02-13T13:56:29.599420Z","level":"info","event":"100 results found across 5 races","logger":"task.stdout"}
{"timestamp":"2026-02-13T13:56:29.600773Z","level":"info","event":"","logger":"task.stdout"}
{"timestamp":"2026-02-13T13:56:29.601149Z","level":"info","event":"======================================================================","logger":"task.stdout"}
{"timestamp":"2026-02-13T13:56:29.601424Z","level":"info","event":"SCRAPING COMPLETE","logger":"task.stdout"}
{"timestamp":"2026-02-13T13:56:29.601695Z","level":"info","event":"Total records: 200","logger":"task.stdout"}
{"timestamp":"2026-02-13T13:56:29.601978Z","level":"info","event":"Years covered: 2024-2025","logger":"task.stdout"}
{"timestamp":"2026-02-13T13:56:29.602256Z","level":"info","event":"======================================================================","logger":"task.stdout"}
{"timestamp":"2026-02-13T13:56:29.602551Z","level":"info","event":"","logger":"task.stdout"}
{"timestamp":"2026-02-13T13:56:29.602946Z","level":"info","event":"API scraping complete: 200 result records","logger":"task.stdout"}
{"timestamp":"2026-02-13T13:56:29.603330Z","level":"info","event":"","logger":"task.stdout"}
{"timestamp":"2026-02-13T13:56:29.603600Z","level":"info","event":"[STEP 2] Transforming to Silver schema...","logger":"task.stdout"}
{"timestamp":"2026-02-13T13:56:29.603840Z","level":"info","event":"Transforming API data to Silver schema...","logger":"task.stdout"}
{"timestamp":"2026-02-13T13:56:29.614109Z","level":"info","event":"Sorted by year + round + position for stable result_id generation","logger":"task.stdout"}
{"timestamp":"2026-02-13T13:56:29.614898Z","level":"info","event":"Generated result_id: 10000001 - 10000200","logger":"task.stdout"}
{"timestamp":"2026-02-13T13:56:29.621737Z","level":"info","event":"Transformed 200 results to Silver schema","logger":"task.stdout"}
{"timestamp":"2026-02-13T13:56:29.622224Z","level":"info","event":"Source: api","logger":"task.stdout"}
{"timestamp":"2026-02-13T13:56:29.624494Z","level":"info","event":"result_id range: 10000001 - 10000200","logger":"task.stdout"}
{"timestamp":"2026-02-13T13:56:29.624814Z","level":"info","event":"Transformation complete: 200 results","logger":"task.stdout"}
{"timestamp":"2026-02-13T13:56:29.625053Z","level":"info","event":"result_id range: 10000001 - 10000200","logger":"task.stdout"}
{"timestamp":"2026-02-13T13:56:29.625385Z","level":"info","event":"","logger":"task.stdout"}
{"timestamp":"2026-02-13T13:56:29.625660Z","level":"info","event":"[STEP 3] Loading dimensions for FK resolution...","logger":"task.stdout"}
{"timestamp":"2026-02-13T13:56:29.651648Z","level":"info","event":" Downloaded dimensions/dim_driver/dim_driver.parquet (81 rows)","logger":"task.stdout"}
{"timestamp":"2026-02-13T13:56:29.655499Z","level":"info","event":" Downloaded dimensions/dim_constructor/dim_constructor.parquet (21 rows)","logger":"task.stdout"}
{"timestamp":"2026-02-13T13:56:29.661067Z","level":"info","event":" Downloaded dimensions/dim_race/dim_race.parquet (280 rows)","logger":"task.stdout"}
{"timestamp":"2026-02-13T13:56:29.666518Z","level":"info","event":" Downloaded dimensions/dim_time/dim_time.parquet (6940 rows)","logger":"task.stdout"}
{"timestamp":"2026-02-13T13:56:29.666969Z","level":"info","event":"Loaded dimensions:","logger":"task.stdout"}
{"timestamp":"2026-02-13T13:56:29.667289Z","level":"info","event":"  - dim_driver: 81 drivers","logger":"task.stdout"}
{"timestamp":"2026-02-13T13:56:29.667640Z","level":"info","event":"  - dim_constructor: 21 constructors","logger":"task.stdout"}
{"timestamp":"2026-02-13T13:56:29.667899Z","level":"info","event":"  - dim_race: 280 races","logger":"task.stdout"}
{"timestamp":"2026-02-13T13:56:29.668182Z","level":"info","event":"  - dim_time: 6,940 dates","logger":"task.stdout"}
{"timestamp":"2026-02-13T13:56:29.668521Z","level":"info","event":"","logger":"task.stdout"}
{"timestamp":"2026-02-13T13:56:29.668770Z","level":"info","event":"[STEP 4] Resolving foreign keys...","logger":"task.stdout"}
{"timestamp":"2026-02-13T13:56:29.680131Z","level":"info","event":"Created lookup dictionaries:","logger":"task.stdout"}
{"timestamp":"2026-02-13T13:56:29.680590Z","level":"info","event":"  - driver_ref -> driver_key: 81 entries","logger":"task.stdout"}
{"timestamp":"2026-02-13T13:56:29.680832Z","level":"info","event":"  - constructor_ref -> constructor_key: 21 entries","logger":"task.stdout"}
{"timestamp":"2026-02-13T13:56:29.681026Z","level":"info","event":"  - race_year+race_round -> race_key: 280 entries","logger":"task.stdout"}
{"timestamp":"2026-02-13T13:56:29.681329Z","level":"info","event":"  - race_date -> time_key: 6940 entries","logger":"task.stdout"}
{"timestamp":"2026-02-13T13:56:29.702449Z","level":"info","event":"All FKs resolved successfully","logger":"task.stdout"}
{"timestamp":"2026-02-13T13:56:29.703610Z","level":"info","event":"","logger":"task.stdout"}
{"timestamp":"2026-02-13T13:56:29.704017Z","level":"info","event":"[STEP 5] Loading existing Silver data...","logger":"task.stdout"}
{"timestamp":"2026-02-13T13:56:29.710298Z","level":"info","event":"Error reading facts/fact_race_results/year=2024/data.parquet: S3 operation failed; code: NoSuchKey, message: The specified key does not exist., resource: /f1-silver/facts/fact_race_results/year=2024/data.parquet, request_id: 1893D2EC09EE215F, host_id: dd9025bab4ad464b049177c95eb6ebf374d3b3fd1af9251148b658df7ac2e3e8, bucket_name: f1-silver, object_name: facts/fact_race_results/year=2024/data.parquet","logger":"task.stdout"}
{"timestamp":"2026-02-13T13:56:29.712304Z","level":"info","event":"Error reading facts/fact_race_results/year=2025/data.parquet: S3 operation failed; code: NoSuchKey, message: The specified key does not exist., resource: /f1-silver/facts/fact_race_results/year=2025/data.parquet, request_id: 1893D2EC0A12C5C1, host_id: dd9025bab4ad464b049177c95eb6ebf374d3b3fd1af9251148b658df7ac2e3e8, bucket_name: f1-silver, object_name: facts/fact_race_results/year=2025/data.parquet","logger":"task.stdout"}
{"timestamp":"2026-02-13T13:56:29.712924Z","level":"info","event":"No existing Silver data found (first run)","logger":"task.stdout"}
{"timestamp":"2026-02-13T13:56:29.713831Z","level":"info","event":"","logger":"task.stdout"}
{"timestamp":"2026-02-13T13:56:29.715163Z","level":"info","event":"[STEP 6] Merging API data with existing Silver...","logger":"task.stdout"}
{"timestamp":"2026-02-13T13:56:29.716361Z","level":"info","event":"","logger":"task.stdout"}
{"timestamp":"2026-02-13T13:56:29.716949Z","level":"info","event":"  Merge Configuration:","logger":"task.stdout"}
{"timestamp":"2026-02-13T13:56:29.717484Z","level":"info","event":"Existing results: 0","logger":"task.stdout"}
{"timestamp":"2026-02-13T13:56:29.717907Z","level":"info","event":"New API results: 200","logger":"task.stdout"}
{"timestamp":"2026-02-13T13:56:29.718259Z","level":"info","event":"Merge key: result_id (PRIMARY natural key)","logger":"task.stdout"}
{"timestamp":"2026-02-13T13:56:29.718549Z","level":"info","event":"CSV priority: YES (skip API for CSV results)","logger":"task.stdout"}
{"timestamp":"2026-02-13T13:56:29.718965Z","level":"info","event":"","logger":"task.stdout"}
{"timestamp":"2026-02-13T13:56:29.719278Z","level":"info","event":" FIRST RUN: No existing data, adding all API results","logger":"task.stdout"}
{"timestamp":"2026-02-13T13:56:29.719539Z","level":"info","event":"Generated result_key: 1-200","logger":"task.stdout"}
{"timestamp":"2026-02-13T13:56:29.719757Z","level":"info","event":"result_id already set: 10000001-10000200","logger":"task.stdout"}
{"timestamp":"2026-02-13T13:56:29.720262Z","level":"info","event":"Merge complete: 200 total results","logger":"task.stdout"}
{"timestamp":"2026-02-13T13:56:29.720611Z","level":"info","event":"","logger":"task.stdout"}
{"timestamp":"2026-02-13T13:56:29.720899Z","level":"info","event":"[STEP 7] Writing to Silver layer (partitioned by year)...","logger":"task.stdout"}
{"timestamp":"2026-02-13T13:56:29.715324Z","level":"error","event":"Task failed with exception","logger":"task","filename":"task_runner.py","lineno":1078,"error_detail":[{"exc_type":"KeyError","exc_value":"\"['status_id'] not in index\"","exc_notes":[],"syntax_error":null,"is_cause":false,"frames":[{"filename":"/home/airflow/.local/lib/python3.12/site-packages/airflow/sdk/execution_time/task_runner.py","lineno":1004,"name":"run"},{"filename":"/home/airflow/.local/lib/python3.12/site-packages/airflow/sdk/execution_time/task_runner.py","lineno":1405,"name":"_execute_task"},{"filename":"/home/airflow/.local/lib/python3.12/site-packages/airflow/sdk/bases/operator.py","lineno":417,"name":"wrapper"},{"filename":"/home/airflow/.local/lib/python3.12/site-packages/airflow/providers/standard/operators/python.py","lineno":214,"name":"execute"},{"filename":"/home/airflow/.local/lib/python3.12/site-packages/airflow/providers/standard/operators/python.py","lineno":237,"name":"execute_callable"},{"filename":"/home/airflow/.local/lib/python3.12/site-packages/airflow/sdk/execution_time/callback_runner.py","lineno":82,"name":"run"},{"filename":"/opt/airflow/dags/api_etl/api_results_bronze_to_silver.py","lineno":456,"name":"backfill_fact_race_results"},{"filename":"/home/airflow/.local/lib/python3.12/site-packages/pandas/core/frame.py","lineno":3899,"name":"__getitem__"},{"filename":"/home/airflow/.local/lib/python3.12/site-packages/pandas/core/indexes/base.py","lineno":6115,"name":"_get_indexer_strict"},{"filename":"/home/airflow/.local/lib/python3.12/site-packages/pandas/core/indexes/base.py","lineno":6179,"name":"_raise_if_missing"}],"is_group":false,"exceptions":[]}]}
