{"timestamp":"2026-02-05T08:10:48.361931Z","level":"info","event":"DAG bundles loaded: dags-folder, example_dags","logger":"airflow.dag_processing.bundles.manager.DagBundlesManager","filename":"manager.py","lineno":179}
{"timestamp":"2026-02-05T08:10:48.363649Z","level":"info","event":"Filling up the DagBag from /opt/airflow/dags/f1_etl_bronze_to_silver.py","logger":"airflow.models.dagbag.DagBag","filename":"dagbag.py","lineno":593}
{"timestamp":"2026-02-05T08:10:48.801597Z","level":"info","event":"Task instance is in running state","logger":"task.stdout"}
{"timestamp":"2026-02-05T08:10:48.802095Z","level":"info","event":" Previous state of the Task instance: TaskInstanceState.QUEUED","logger":"task.stdout"}
{"timestamp":"2026-02-05T08:10:48.802499Z","level":"info","event":"Current task name:transform_fact_race_results","logger":"task.stdout"}
{"timestamp":"2026-02-05T08:10:48.802713Z","level":"info","event":"Dag name:f1_etl_pipeline_silver","logger":"task.stdout"}
{"timestamp":"2026-02-05T08:10:48.807057Z","level":"info","event":"TRANSFORM: fact_race_results → Silver (Parquet with surrogate keys)","logger":"task.stdout"}
{"timestamp":"2026-02-05T08:11:03.691007Z","level":"warning","event":"Columns (7,8,13,14,17,42,45,63) have mixed types. Specify dtype option on import or set low_memory=False.","category":"DtypeWarning","filename":"/opt/airflow/dags/f1_etl_bronze_to_silver.py","lineno":296,"logger":"py.warnings"}
{"timestamp":"2026-02-05T08:11:06.607824Z","level":"info","event":" Downloaded dimensions/dim_driver/dim_driver.parquet (65 rows)","logger":"task.stdout"}
{"timestamp":"2026-02-05T08:11:06.644711Z","level":"info","event":" Downloaded dimensions/dim_constructor/dim_constructor.parquet (20 rows)","logger":"task.stdout"}
{"timestamp":"2026-02-05T08:11:06.645099Z","level":"info","event":" Downloaded dimensions/dim_race/dim_race.parquet (232 rows)","logger":"task.stdout"}
{"timestamp":"2026-02-05T08:11:06.652863Z","level":"info","event":" Downloaded dimensions/dim_time/dim_time.parquet (6940 rows)","logger":"task.stdout"}
{"timestamp":"2026-02-05T08:11:07.620787Z","level":"info","event":"Transformed 4,502 race results with surrogate keys","logger":"task.stdout"}
{"timestamp":"2026-02-05T08:11:07.741178Z","level":"info","event":" Uploaded facts/fact_race_results/year=2012/data.parquet (447 rows)","logger":"task.stdout"}
{"timestamp":"2026-02-05T08:11:07.741713Z","level":"info","event":"Year 2012: 447 rows","logger":"task.stdout"}
{"timestamp":"2026-02-05T08:11:07.778016Z","level":"info","event":" Uploaded facts/fact_race_results/year=2013/data.parquet (401 rows)","logger":"task.stdout"}
{"timestamp":"2026-02-05T08:11:07.778708Z","level":"info","event":"Year 2013: 401 rows","logger":"task.stdout"}
{"timestamp":"2026-02-05T08:11:07.813714Z","level":"info","event":" Uploaded facts/fact_race_results/year=2014/data.parquet (378 rows)","logger":"task.stdout"}
{"timestamp":"2026-02-05T08:11:07.814184Z","level":"info","event":"Year 2014: 378 rows","logger":"task.stdout"}
{"timestamp":"2026-02-05T08:11:07.848240Z","level":"info","event":" Uploaded facts/fact_race_results/year=2015/data.parquet (347 rows)","logger":"task.stdout"}
{"timestamp":"2026-02-05T08:11:07.848597Z","level":"info","event":"Year 2015: 347 rows","logger":"task.stdout"}
{"timestamp":"2026-02-05T08:11:07.892179Z","level":"info","event":" Uploaded facts/fact_race_results/year=2016/data.parquet (431 rows)","logger":"task.stdout"}
{"timestamp":"2026-02-05T08:11:07.892841Z","level":"info","event":"Year 2016: 431 rows","logger":"task.stdout"}
{"timestamp":"2026-02-05T08:11:07.915893Z","level":"info","event":" Uploaded facts/fact_race_results/year=2017/data.parquet (357 rows)","logger":"task.stdout"}
{"timestamp":"2026-02-05T08:11:07.916694Z","level":"info","event":"Year 2017: 357 rows","logger":"task.stdout"}
{"timestamp":"2026-02-05T08:11:07.940755Z","level":"info","event":" Uploaded facts/fact_race_results/year=2018/data.parquet (382 rows)","logger":"task.stdout"}
{"timestamp":"2026-02-05T08:11:07.942097Z","level":"info","event":"Year 2018: 382 rows","logger":"task.stdout"}
{"timestamp":"2026-02-05T08:11:07.971883Z","level":"info","event":" Uploaded facts/fact_race_results/year=2019/data.parquet (409 rows)","logger":"task.stdout"}
{"timestamp":"2026-02-05T08:11:07.973069Z","level":"info","event":"Year 2019: 409 rows","logger":"task.stdout"}
{"timestamp":"2026-02-05T08:11:07.995196Z","level":"info","event":" Uploaded facts/fact_race_results/year=2020/data.parquet (313 rows)","logger":"task.stdout"}
{"timestamp":"2026-02-05T08:11:07.996106Z","level":"info","event":"Year 2020: 313 rows","logger":"task.stdout"}
{"timestamp":"2026-02-05T08:11:08.018390Z","level":"info","event":" Uploaded facts/fact_race_results/year=2021/data.parquet (397 rows)","logger":"task.stdout"}
{"timestamp":"2026-02-05T08:11:08.019825Z","level":"info","event":"Year 2021: 397 rows","logger":"task.stdout"}
{"timestamp":"2026-02-05T08:11:08.068654Z","level":"info","event":" Uploaded facts/fact_race_results/year=2022/data.parquet (410 rows)","logger":"task.stdout"}
{"timestamp":"2026-02-05T08:11:08.072345Z","level":"info","event":"Year 2022: 410 rows","logger":"task.stdout"}
{"timestamp":"2026-02-05T08:11:08.103529Z","level":"info","event":" Uploaded facts/fact_race_results/year=2023/data.parquet (230 rows)","logger":"task.stdout"}
{"timestamp":"2026-02-05T08:11:08.104302Z","level":"info","event":"Year 2023: 230 rows","logger":"task.stdout"}
{"timestamp":"2026-02-05T08:11:08.249391Z","level":"info","event":"Done. Returned value was: 4502","logger":"airflow.task.operators.airflow.providers.standard.operators.python.PythonOperator","filename":"python.py","lineno":216}
{"timestamp":"2026-02-05T08:11:08.252322Z","level":"info","event":"Pushing xcom","ti":"RuntimeTaskInstance(id=UUID('019c2cd9-f2dc-7543-a92b-16ef9a938f67'), task_id='transform_fact_race_results', dag_id='f1_etl_pipeline_silver', run_id='manual__2026-02-05T08:10:05+00:00', try_number=1, dag_version_id=UUID('019c23fb-91df-7f16-83e9-4bd5f07abd13'), map_index=-1, hostname='75a141cc4b31', context_carrier={}, task=<Task(PythonOperator): transform_fact_race_results>, bundle_instance=LocalDagBundle(name=dags-folder), max_tries=1, start_date=datetime.datetime(2026, 2, 5, 8, 10, 47, 541971, tzinfo=datetime.timezone.utc), end_date=None, state=<TaskInstanceState.RUNNING: 'running'>, is_mapped=False, rendered_map_index=None)","logger":"task","filename":"task_runner.py","lineno":1450}
{"timestamp":"2026-02-05T08:11:08.371227Z","level":"info","event":"Task instance in success state","logger":"task.stdout"}
{"timestamp":"2026-02-05T08:11:08.373961Z","level":"info","event":" Previous state of the Task instance: TaskInstanceState.RUNNING","logger":"task.stdout"}
{"timestamp":"2026-02-05T08:11:08.374371Z","level":"info","event":"Task operator:<Task(PythonOperator): transform_fact_race_results>","logger":"task.stdout"}
