{"timestamp":"2026-02-15T16:53:58.858227Z","level":"info","event":"DAG bundles loaded: dags-folder","logger":"airflow.dag_processing.bundles.manager.DagBundlesManager","filename":"manager.py","lineno":179}
{"timestamp":"2026-02-15T16:53:58.862900Z","level":"info","event":"Filling up the DagBag from /opt/airflow/dags/weekly_streaming_pipeline.py","logger":"airflow.models.dagbag.DagBag","filename":"dagbag.py","lineno":593}
{"timestamp":"2026-02-15T16:54:00.862806Z","level":"info","event":"","logger":"task.stdout"}
{"timestamp":"2026-02-15T16:54:00.863838Z","level":"info","event":"[CONSUMER] Starting fact_laps consumption...","logger":"task.stdout"}
{"timestamp":"2026-02-15T16:54:00.866298Z","level":"info","event":"<BrokerConnection client_id=kafka-python-2.2.0, node_id=bootstrap-0 host=kafka:29092 <connecting> [IPv4 ('172.18.0.4', 29092)]>: connecting to kafka:29092 [('172.18.0.4', 29092) IPv4]","logger":"kafka.conn","filename":"conn.py","lineno":395}
{"timestamp":"2026-02-15T16:54:00.872259Z","level":"info","event":"<BrokerConnection client_id=kafka-python-2.2.0, node_id=bootstrap-0 host=kafka:29092 <checking_api_versions_recv> [IPv4 ('172.18.0.4', 29092)]>: Broker version identified as 2.6","logger":"kafka.conn","filename":"conn.py","lineno":615}
{"timestamp":"2026-02-15T16:54:00.874259Z","level":"info","event":"<BrokerConnection client_id=kafka-python-2.2.0, node_id=bootstrap-0 host=kafka:29092 <connected> [IPv4 ('172.18.0.4', 29092)]>: Connection complete.","logger":"kafka.conn","filename":"conn.py","lineno":456}
{"timestamp":"2026-02-15T16:54:00.876771Z","level":"info","event":"Updating subscribed topics to: ('fact-laps',)","logger":"kafka.consumer.subscription_state","filename":"subscription_state.py","lineno":177}
{"timestamp":"2026-02-15T16:54:00.880205Z","level":"info","event":"","logger":"task.stdout"}
{"timestamp":"2026-02-15T16:54:00.881693Z","level":"info","event":"======================================================================","logger":"task.stdout"}
{"timestamp":"2026-02-15T16:54:00.882664Z","level":"info","event":"CONSUMING: fact-laps → facts/fact_laps/fact_laps.parquet","logger":"task.stdout"}
{"timestamp":"2026-02-15T16:54:00.883468Z","level":"info","event":"======================================================================","logger":"task.stdout"}
{"timestamp":"2026-02-15T16:54:00.891131Z","level":"info","event":"","logger":"task.stdout"}
{"timestamp":"2026-02-15T16:54:01.190370Z","level":"info","event":" Downloaded facts/fact_laps/fact_laps.parquet (256836 rows)","logger":"task.stdout"}
{"timestamp":"2026-02-15T16:54:01.191916Z","level":"info","event":" Loaded 256836 existing records from Silver","logger":"task.stdout"}
{"timestamp":"2026-02-15T16:54:01.192666Z","level":"info","event":"  Loading lookup table: dim_driver","logger":"task.stdout"}
{"timestamp":"2026-02-15T16:54:01.201668Z","level":"info","event":" Downloaded dimensions/dim_driver/dim_driver.parquet (81 rows)","logger":"task.stdout"}
{"timestamp":"2026-02-15T16:54:01.202446Z","level":"info","event":"Loaded 81 mappings","logger":"task.stdout"}
{"timestamp":"2026-02-15T16:54:01.203007Z","level":"info","event":"  Loading lookup table: dim_race","logger":"task.stdout"}
{"timestamp":"2026-02-15T16:54:01.215035Z","level":"info","event":" Downloaded dimensions/dim_race/dim_race.parquet (280 rows)","logger":"task.stdout"}
{"timestamp":"2026-02-15T16:54:01.216863Z","level":"info","event":"    ⚠️  year_round column missing - creating it from race_year + race_round","logger":"task.stdout"}
{"timestamp":"2026-02-15T16:54:01.220888Z","level":"info","event":"Loaded 280 mappings","logger":"task.stdout"}
{"timestamp":"2026-02-15T16:54:01.326804Z","level":"info","event":"<BrokerConnection client_id=kafka-python-2.2.0, node_id=1 host=kafka:29092 <connecting> [IPv4 ('172.18.0.4', 29092)]>: connecting to kafka:29092 [('172.18.0.4', 29092) IPv4]","logger":"kafka.conn","filename":"conn.py","lineno":395}
{"timestamp":"2026-02-15T16:54:01.327727Z","level":"info","event":"<BrokerConnection client_id=kafka-python-2.2.0, node_id=1 host=kafka:29092 <connected> [IPv4 ('172.18.0.4', 29092)]>: Connection complete.","logger":"kafka.conn","filename":"conn.py","lineno":456}
{"timestamp":"2026-02-15T16:54:01.328077Z","level":"info","event":"<BrokerConnection client_id=kafka-python-2.2.0, node_id=bootstrap-0 host=kafka:29092 <connected> [IPv4 ('172.18.0.4', 29092)]>: Closing connection. ","logger":"kafka.conn","filename":"conn.py","lineno":936}
{"timestamp":"2026-02-15T16:54:01.430699Z","level":"info","event":"Coordinator for group/f1-silver-consumers is BrokerMetadata(nodeId='coordinator-1', host='kafka', port=29092, rack=None)","logger":"kafka.cluster","filename":"cluster.py","lineno":398}
{"timestamp":"2026-02-15T16:54:01.431089Z","level":"info","event":"Discovered coordinator coordinator-1 for group f1-silver-consumers","logger":"kafka.coordinator","filename":"base.py","lineno":745}
{"timestamp":"2026-02-15T16:54:01.431458Z","level":"info","event":"Starting new heartbeat thread","logger":"kafka.coordinator","filename":"base.py","lineno":796}
{"timestamp":"2026-02-15T16:54:01.432811Z","level":"info","event":"Revoking previously assigned partitions set() for group f1-silver-consumers","logger":"kafka.coordinator.consumer","filename":"consumer.py","lineno":357}
{"timestamp":"2026-02-15T16:54:01.434675Z","level":"info","event":"<BrokerConnection client_id=kafka-python-2.2.0, node_id=coordinator-1 host=kafka:29092 <connecting> [IPv4 ('172.18.0.4', 29092)]>: connecting to kafka:29092 [('172.18.0.4', 29092) IPv4]","logger":"kafka.conn","filename":"conn.py","lineno":395}
{"timestamp":"2026-02-15T16:54:01.435622Z","level":"info","event":"<BrokerConnection client_id=kafka-python-2.2.0, node_id=coordinator-1 host=kafka:29092 <connected> [IPv4 ('172.18.0.4', 29092)]>: Connection complete.","logger":"kafka.conn","filename":"conn.py","lineno":456}
{"timestamp":"2026-02-15T16:54:01.537486Z","level":"info","event":"(Re-)joining group f1-silver-consumers","logger":"kafka.coordinator","filename":"base.py","lineno":500}
{"timestamp":"2026-02-15T16:54:01.540696Z","level":"info","event":"(Re-)joining group f1-silver-consumers","logger":"kafka.coordinator","filename":"base.py","lineno":500}
{"timestamp":"2026-02-15T16:54:11.159680Z","level":"info","event":"Successfully joined group f1-silver-consumers with generation 14","logger":"kafka.coordinator","filename":"base.py","lineno":390}
{"timestamp":"2026-02-15T16:54:11.160119Z","level":"info","event":"Updated partition assignment: []","logger":"kafka.consumer.subscription_state","filename":"subscription_state.py","lineno":246}
{"timestamp":"2026-02-15T16:54:11.160348Z","level":"info","event":"Setting newly assigned partitions set() for group f1-silver-consumers","logger":"kafka.coordinator.consumer","filename":"consumer.py","lineno":248}
{"timestamp":"2026-02-15T16:54:14.168135Z","level":"warning","event":"Heartbeat failed for group f1-silver-consumers because it is rebalancing","logger":"kafka.coordinator","filename":"base.py","lineno":898}
{"timestamp":"2026-02-15T16:54:14.168913Z","level":"info","event":"Revoking previously assigned partitions set() for group f1-silver-consumers","logger":"kafka.coordinator.consumer","filename":"consumer.py","lineno":357}
{"timestamp":"2026-02-15T16:54:14.169226Z","level":"info","event":"(Re-)joining group f1-silver-consumers","logger":"kafka.coordinator","filename":"base.py","lineno":500}
{"timestamp":"2026-02-15T16:54:14.193473Z","level":"info","event":"Successfully joined group f1-silver-consumers with generation 15","logger":"kafka.coordinator","filename":"base.py","lineno":390}
{"timestamp":"2026-02-15T16:54:14.193948Z","level":"info","event":"Updated partition assignment: [TopicPartition(topic='fact-laps', partition=0)]","logger":"kafka.consumer.subscription_state","filename":"subscription_state.py","lineno":246}
{"timestamp":"2026-02-15T16:54:14.194226Z","level":"info","event":"Setting newly assigned partitions {TopicPartition(topic='fact-laps', partition=0)} for group f1-silver-consumers","logger":"kafka.coordinator.consumer","filename":"consumer.py","lineno":248}
{"timestamp":"2026-02-15T16:54:14.208464Z","level":"info","event":"Resetting offset for partition TopicPartition(topic='fact-laps', partition=0) to offset 0.","logger":"kafka.consumer.fetcher","filename":"fetcher.py","lineno":407}
{"timestamp":"2026-02-15T17:13:55.536814Z","level":"warning","event":"Heartbeat failed for group f1-silver-consumers because it is rebalancing","logger":"kafka.coordinator","filename":"base.py","lineno":898}
{"timestamp":"2026-02-15T17:13:55.537159Z","level":"info","event":"Revoking previously assigned partitions {TopicPartition(topic='fact-laps', partition=0)} for group f1-silver-consumers","logger":"kafka.coordinator.consumer","filename":"consumer.py","lineno":357}
{"timestamp":"2026-02-15T17:13:55.537317Z","level":"info","event":"(Re-)joining group f1-silver-consumers","logger":"kafka.coordinator","filename":"base.py","lineno":500}
{"timestamp":"2026-02-15T17:13:59.296126Z","level":"info","event":"Successfully joined group f1-silver-consumers with generation 16","logger":"kafka.coordinator","filename":"base.py","lineno":390}
{"timestamp":"2026-02-15T17:13:59.296918Z","level":"info","event":"Updated partition assignment: [TopicPartition(topic='fact-laps', partition=0)]","logger":"kafka.consumer.subscription_state","filename":"subscription_state.py","lineno":246}
{"timestamp":"2026-02-15T17:13:59.297300Z","level":"info","event":"Setting newly assigned partitions {TopicPartition(topic='fact-laps', partition=0)} for group f1-silver-consumers","logger":"kafka.coordinator.consumer","filename":"consumer.py","lineno":248}
{"timestamp":"2026-02-15T17:13:59.316239Z","level":"info","event":"Resetting offset for partition TopicPartition(topic='fact-laps', partition=0) to offset 0.","logger":"kafka.consumer.fetcher","filename":"fetcher.py","lineno":407}
{"timestamp":"2026-02-15T17:14:11.316697Z","level":"warning","event":"Heartbeat failed for group f1-silver-consumers because it is rebalancing","logger":"kafka.coordinator","filename":"base.py","lineno":898}
{"timestamp":"2026-02-15T17:14:11.317098Z","level":"info","event":"Revoking previously assigned partitions {TopicPartition(topic='fact-laps', partition=0)} for group f1-silver-consumers","logger":"kafka.coordinator.consumer","filename":"consumer.py","lineno":357}
{"timestamp":"2026-02-15T17:14:11.317433Z","level":"info","event":"(Re-)joining group f1-silver-consumers","logger":"kafka.coordinator","filename":"base.py","lineno":500}
{"timestamp":"2026-02-15T17:14:11.343074Z","level":"info","event":"Successfully joined group f1-silver-consumers with generation 17","logger":"kafka.coordinator","filename":"base.py","lineno":390}
{"timestamp":"2026-02-15T17:14:11.346582Z","level":"info","event":"Updated partition assignment: [TopicPartition(topic='fact-laps', partition=0)]","logger":"kafka.consumer.subscription_state","filename":"subscription_state.py","lineno":246}
{"timestamp":"2026-02-15T17:14:11.349345Z","level":"info","event":"Setting newly assigned partitions {TopicPartition(topic='fact-laps', partition=0)} for group f1-silver-consumers","logger":"kafka.coordinator.consumer","filename":"consumer.py","lineno":248}
{"timestamp":"2026-02-15T17:14:11.410432Z","level":"info","event":"Resetting offset for partition TopicPartition(topic='fact-laps', partition=0) to offset 0.","logger":"kafka.consumer.fetcher","filename":"fetcher.py","lineno":407}
{"timestamp":"2026-02-15T17:14:14.347156Z","level":"warning","event":"Heartbeat failed for group f1-silver-consumers because it is rebalancing","logger":"kafka.coordinator","filename":"base.py","lineno":898}
{"timestamp":"2026-02-15T17:14:14.348540Z","level":"info","event":"Revoking previously assigned partitions {TopicPartition(topic='fact-laps', partition=0)} for group f1-silver-consumers","logger":"kafka.coordinator.consumer","filename":"consumer.py","lineno":357}
{"timestamp":"2026-02-15T17:14:14.348852Z","level":"info","event":"(Re-)joining group f1-silver-consumers","logger":"kafka.coordinator","filename":"base.py","lineno":500}
{"timestamp":"2026-02-15T17:14:14.366221Z","level":"info","event":"Successfully joined group f1-silver-consumers with generation 18","logger":"kafka.coordinator","filename":"base.py","lineno":390}
{"timestamp":"2026-02-15T17:14:14.366638Z","level":"info","event":"Updated partition assignment: [TopicPartition(topic='fact-laps', partition=0)]","logger":"kafka.consumer.subscription_state","filename":"subscription_state.py","lineno":246}
{"timestamp":"2026-02-15T17:14:14.366951Z","level":"info","event":"Setting newly assigned partitions {TopicPartition(topic='fact-laps', partition=0)} for group f1-silver-consumers","logger":"kafka.coordinator.consumer","filename":"consumer.py","lineno":248}
{"timestamp":"2026-02-15T17:14:14.418543Z","level":"info","event":"Resetting offset for partition TopicPartition(topic='fact-laps', partition=0) to offset 0.","logger":"kafka.consumer.fetcher","filename":"fetcher.py","lineno":407}
{"timestamp":"2026-02-15T17:15:05.414742Z","level":"warning","event":"Heartbeat failed for group f1-silver-consumers because it is rebalancing","logger":"kafka.coordinator","filename":"base.py","lineno":898}
{"timestamp":"2026-02-15T17:15:05.415595Z","level":"info","event":"Revoking previously assigned partitions {TopicPartition(topic='fact-laps', partition=0)} for group f1-silver-consumers","logger":"kafka.coordinator.consumer","filename":"consumer.py","lineno":357}
{"timestamp":"2026-02-15T17:15:05.415965Z","level":"info","event":"(Re-)joining group f1-silver-consumers","logger":"kafka.coordinator","filename":"base.py","lineno":500}
{"timestamp":"2026-02-15T17:15:10.432574Z","level":"info","event":"(Re-)joining group f1-silver-consumers","logger":"kafka.coordinator","filename":"base.py","lineno":500}
{"timestamp":"2026-02-15T17:15:19.442692Z","level":"info","event":"(Re-)joining group f1-silver-consumers","logger":"kafka.coordinator","filename":"base.py","lineno":500}
{"timestamp":"2026-02-15T17:15:34.670385Z","level":"error","event":"Server indicated the task shouldn't be running anymore. Terminating process","detail":{"detail":{"reason":"not_found","message":"Task Instance not found"}},"logger":"task"}
{"timestamp":"2026-02-15T17:15:38.555715Z","level":"info","event":"(Re-)joining group f1-silver-consumers","logger":"kafka.coordinator","filename":"base.py","lineno":500}
{"timestamp":"2026-02-15T17:15:39.715716Z","level":"error","event":"Task killed!","logger":"task"}
