{"timestamp":"2026-02-18T12:50:13.342392Z","level":"info","event":"DAG bundles loaded: dags-folder","logger":"airflow.dag_processing.bundles.manager.DagBundlesManager","filename":"manager.py","lineno":179}
{"timestamp":"2026-02-18T12:50:13.345187Z","level":"info","event":"Filling up the DagBag from /opt/airflow/dags/api_drivers_bronze_to_silver.py","logger":"airflow.models.dagbag.DagBag","filename":"dagbag.py","lineno":593}
{"timestamp":"2026-02-18T12:50:14.470857Z","level":"info","event":"======================================================================","logger":"task.stdout"}
{"timestamp":"2026-02-18T12:50:14.471986Z","level":"info","event":"F1 DRIVER BACKFILL: ERGAST API → SILVER","logger":"task.stdout"}
{"timestamp":"2026-02-18T12:50:14.472554Z","level":"info","event":"======================================================================","logger":"task.stdout"}
{"timestamp":"2026-02-18T12:50:14.474313Z","level":"info","event":"","logger":"task.stdout"}
{"timestamp":"2026-02-18T12:50:14.475367Z","level":"info","event":"[STEP 1] Scraping API...","logger":"task.stdout"}
{"timestamp":"2026-02-18T12:50:14.475619Z","level":"info","event":"","logger":"task.stdout"}
{"timestamp":"2026-02-18T12:50:14.476347Z","level":"info","event":"======================================================================","logger":"task.stdout"}
{"timestamp":"2026-02-18T12:50:14.476550Z","level":"info","event":"SCRAPING DRIVERS FROM ERGAST API: 2024-2025","logger":"task.stdout"}
{"timestamp":"2026-02-18T12:50:14.477532Z","level":"info","event":"======================================================================","logger":"task.stdout"}
{"timestamp":"2026-02-18T12:50:14.478144Z","level":"info","event":"","logger":"task.stdout"}
{"timestamp":"2026-02-18T12:50:14.478392Z","level":"info","event":"Fetching drivers for 2024...","logger":"task.stdout"}
{"timestamp":"2026-02-18T12:50:38.996916Z","level":"info","event":"25 drivers found","logger":"task.stdout"}
{"timestamp":"2026-02-18T12:50:38.997284Z","level":"info","event":"Fetching drivers for 2025...","logger":"task.stdout"}
{"timestamp":"2026-02-18T12:51:02.256210Z","level":"info","event":"30 drivers found","logger":"task.stdout"}
{"timestamp":"2026-02-18T12:51:02.261769Z","level":"info","event":"","logger":"task.stdout"}
{"timestamp":"2026-02-18T12:51:02.262155Z","level":"info","event":"======================================================================","logger":"task.stdout"}
{"timestamp":"2026-02-18T12:51:02.262441Z","level":"info","event":"SCRAPING COMPLETE","logger":"task.stdout"}
{"timestamp":"2026-02-18T12:51:02.262694Z","level":"info","event":"Total records: 55","logger":"task.stdout"}
{"timestamp":"2026-02-18T12:51:02.262919Z","level":"info","event":"Unique drivers (by driverId): 36","logger":"task.stdout"}
{"timestamp":"2026-02-18T12:51:02.263524Z","level":"info","event":"Years covered: 2024-2025","logger":"task.stdout"}
{"timestamp":"2026-02-18T12:51:02.263964Z","level":"info","event":"======================================================================","logger":"task.stdout"}
{"timestamp":"2026-02-18T12:51:02.264200Z","level":"info","event":"","logger":"task.stdout"}
{"timestamp":"2026-02-18T12:51:02.264484Z","level":"info","event":"API scraping complete: 55 driver records","logger":"task.stdout"}
{"timestamp":"2026-02-18T12:51:02.264764Z","level":"info","event":"","logger":"task.stdout"}
{"timestamp":"2026-02-18T12:51:02.265036Z","level":"info","event":"[STEP 2] Transforming to Silver schema...","logger":"task.stdout"}
{"timestamp":"2026-02-18T12:51:02.265239Z","level":"info","event":"Transforming API data to Silver schema...","logger":"task.stdout"}
{"timestamp":"2026-02-18T12:51:02.265452Z","level":"info","event":"Deduplication: 55 records → 36 unique drivers","logger":"task.stdout"}
{"timestamp":"2026-02-18T12:51:02.265827Z","level":"info","event":"Sorted by driverId (alphabetically) for stable driver_id generation","logger":"task.stdout"}
{"timestamp":"2026-02-18T12:51:02.266052Z","level":"info","event":"  Generated driver_id: 10001 - 10036","logger":"task.stdout"}
{"timestamp":"2026-02-18T12:51:02.275801Z","level":"info","event":"Transformed 36 drivers to Silver schema","logger":"task.stdout"}
{"timestamp":"2026-02-18T12:51:02.276951Z","level":"info","event":"Source: api","logger":"task.stdout"}
{"timestamp":"2026-02-18T12:51:02.278142Z","level":"info","event":"driver_id range: 10001 - 10036","logger":"task.stdout"}
{"timestamp":"2026-02-18T12:51:02.279210Z","level":"info","event":"Transformation complete: 36 unique drivers","logger":"task.stdout"}
{"timestamp":"2026-02-18T12:51:02.279696Z","level":"info","event":"driver_id range: 10001 - 10036","logger":"task.stdout"}
{"timestamp":"2026-02-18T12:51:02.285286Z","level":"info","event":"","logger":"task.stdout"}
{"timestamp":"2026-02-18T12:51:02.285574Z","level":"info","event":"[STEP 3] Loading existing Silver data...","logger":"task.stdout"}
{"timestamp":"2026-02-18T12:51:02.298368Z","level":"info","event":" Downloaded dimensions/dim_driver/dim_driver.parquet (65 rows)","logger":"task.stdout"}
{"timestamp":"2026-02-18T12:51:02.298814Z","level":"info","event":"Loaded 65 existing drivers from Silver","logger":"task.stdout"}
{"timestamp":"2026-02-18T12:51:02.299162Z","level":"info","event":"Existing sources: {'f1_data.csv': 65}","logger":"task.stdout"}
{"timestamp":"2026-02-18T12:51:02.299476Z","level":"info","event":"CSV driver_id range: 1 - 858","logger":"task.stdout"}
{"timestamp":"2026-02-18T12:51:02.299730Z","level":"info","event":"","logger":"task.stdout"}
{"timestamp":"2026-02-18T12:51:02.300178Z","level":"info","event":"[STEP 4] Merging API data with existing Silver...","logger":"task.stdout"}
{"timestamp":"2026-02-18T12:51:02.300488Z","level":"info","event":"","logger":"task.stdout"}
{"timestamp":"2026-02-18T12:51:02.300751Z","level":"info","event":"  Merge Configuration:","logger":"task.stdout"}
{"timestamp":"2026-02-18T12:51:02.301040Z","level":"info","event":"Existing drivers: 65","logger":"task.stdout"}
{"timestamp":"2026-02-18T12:51:02.301296Z","level":"info","event":"New API drivers: 36","logger":"task.stdout"}
{"timestamp":"2026-02-18T12:51:02.301558Z","level":"info","event":"Merge key: driver_ref (PRIMARY natural key)","logger":"task.stdout"}
{"timestamp":"2026-02-18T12:51:02.301793Z","level":"info","event":"CSV priority: YES (skip API for CSV drivers)","logger":"task.stdout"}
{"timestamp":"2026-02-18T12:51:02.302082Z","level":"info","event":"","logger":"task.stdout"}
{"timestamp":"2026-02-18T12:51:02.302459Z","level":"info","event":"  Current max driver_key: 65","logger":"task.stdout"}
{"timestamp":"2026-02-18T12:51:02.302790Z","level":"info","event":"","logger":"task.stdout"}
{"timestamp":"2026-02-18T12:51:02.303201Z","level":"info","event":"  Processing 36 API drivers:","logger":"task.stdout"}
{"timestamp":"2026-02-18T12:51:02.303589Z","level":"info","event":"","logger":"task.stdout"}
{"timestamp":"2026-02-18T12:51:02.303921Z","level":"info","event":"SKIP: albon                (CSV priority)","logger":"task.stdout"}
{"timestamp":"2026-02-18T12:51:02.304189Z","level":"info","event":"SKIP: alonso               (CSV priority)","logger":"task.stdout"}
{"timestamp":"2026-02-18T12:51:02.304552Z","level":"info","event":"ADD: antonelli            (new driver from API, driver_id=10003)","logger":"task.stdout"}
{"timestamp":"2026-02-18T12:51:02.306139Z","level":"info","event":"ADD: arthur_leclerc       (new driver from API, driver_id=10004)","logger":"task.stdout"}
{"timestamp":"2026-02-18T12:51:02.308047Z","level":"info","event":"ADD: arvid_lindblad       (new driver from API, driver_id=10005)","logger":"task.stdout"}
{"timestamp":"2026-02-18T12:51:02.309703Z","level":"info","event":"ADD: ayumu_iwasa          (new driver from API, driver_id=10006)","logger":"task.stdout"}
{"timestamp":"2026-02-18T12:51:02.311373Z","level":"info","event":"ADD: bearman              (new driver from API, driver_id=10007)","logger":"task.stdout"}
{"timestamp":"2026-02-18T12:51:02.312965Z","level":"info","event":"ADD: bortoleto            (new driver from API, driver_id=10008)","logger":"task.stdout"}
{"timestamp":"2026-02-18T12:51:02.315119Z","level":"info","event":"SKIP: bottas               (CSV priority)","logger":"task.stdout"}
{"timestamp":"2026-02-18T12:51:02.315585Z","level":"info","event":"ADD: cian_shields         (new driver from API, driver_id=10010)","logger":"task.stdout"}
{"timestamp":"2026-02-18T12:51:02.317416Z","level":"info","event":"ADD: colapinto            (new driver from API, driver_id=10011)","logger":"task.stdout"}
{"timestamp":"2026-02-18T12:51:02.318991Z","level":"info","event":"ADD: doohan               (new driver from API, driver_id=10012)","logger":"task.stdout"}
{"timestamp":"2026-02-18T12:51:02.320806Z","level":"info","event":"SKIP: gasly                (CSV priority)","logger":"task.stdout"}
{"timestamp":"2026-02-18T12:51:02.321157Z","level":"info","event":"ADD: hadjar               (new driver from API, driver_id=10014)","logger":"task.stdout"}
{"timestamp":"2026-02-18T12:51:02.322831Z","level":"info","event":"SKIP: hamilton             (CSV priority)","logger":"task.stdout"}
{"timestamp":"2026-02-18T12:51:02.323347Z","level":"info","event":"SKIP: hulkenberg           (CSV priority)","logger":"task.stdout"}
{"timestamp":"2026-02-18T12:51:02.323651Z","level":"info","event":"ADD: jak_crawford         (new driver from API, driver_id=10017)","logger":"task.stdout"}
{"timestamp":"2026-02-18T12:51:02.325611Z","level":"info","event":"SKIP: kevin_magnussen      (CSV priority)","logger":"task.stdout"}
{"timestamp":"2026-02-18T12:51:02.325960Z","level":"info","event":"ADD: lawson               (new driver from API, driver_id=10019)","logger":"task.stdout"}
{"timestamp":"2026-02-18T12:51:02.327631Z","level":"info","event":"SKIP: leclerc              (CSV priority)","logger":"task.stdout"}
{"timestamp":"2026-02-18T12:51:02.327980Z","level":"info","event":"ADD: luke_browning        (new driver from API, driver_id=10021)","logger":"task.stdout"}
{"timestamp":"2026-02-18T12:51:02.329862Z","level":"info","event":"SKIP: max_verstappen       (CSV priority)","logger":"task.stdout"}
{"timestamp":"2026-02-18T12:51:02.330392Z","level":"info","event":"SKIP: norris               (CSV priority)","logger":"task.stdout"}
{"timestamp":"2026-02-18T12:51:02.330928Z","level":"info","event":"SKIP: ocon                 (CSV priority)","logger":"task.stdout"}
{"timestamp":"2026-02-18T12:51:02.331221Z","level":"info","event":"ADD: patricio_o_ward      (new driver from API, driver_id=10025)","logger":"task.stdout"}
{"timestamp":"2026-02-18T12:51:02.333097Z","level":"info","event":"ADD: paul_aron            (new driver from API, driver_id=10026)","logger":"task.stdout"}
{"timestamp":"2026-02-18T12:51:02.335589Z","level":"info","event":"SKIP: perez                (CSV priority)","logger":"task.stdout"}
{"timestamp":"2026-02-18T12:51:02.336197Z","level":"info","event":"SKIP: piastri              (CSV priority)","logger":"task.stdout"}
{"timestamp":"2026-02-18T12:51:02.336837Z","level":"info","event":"SKIP: ricciardo            (CSV priority)","logger":"task.stdout"}
{"timestamp":"2026-02-18T12:51:02.337421Z","level":"info","event":"SKIP: russell              (CSV priority)","logger":"task.stdout"}
{"timestamp":"2026-02-18T12:51:02.337747Z","level":"info","event":"ADD: ryo_hirakawa         (new driver from API, driver_id=10031)","logger":"task.stdout"}
{"timestamp":"2026-02-18T12:51:02.339857Z","level":"info","event":"SKIP: sainz                (CSV priority)","logger":"task.stdout"}
{"timestamp":"2026-02-18T12:51:02.340483Z","level":"info","event":"SKIP: sargeant             (CSV priority)","logger":"task.stdout"}
{"timestamp":"2026-02-18T12:51:02.341123Z","level":"info","event":"SKIP: stroll               (CSV priority)","logger":"task.stdout"}
{"timestamp":"2026-02-18T12:51:02.341734Z","level":"info","event":"SKIP: tsunoda              (CSV priority)","logger":"task.stdout"}
{"timestamp":"2026-02-18T12:51:02.342414Z","level":"info","event":"SKIP: zhou                 (CSV priority)","logger":"task.stdout"}
{"timestamp":"2026-02-18T12:51:02.342797Z","level":"info","event":"Merge complete: 81 total drivers","logger":"task.stdout"}
{"timestamp":"2026-02-18T12:51:02.343167Z","level":"info","event":"","logger":"task.stdout"}
{"timestamp":"2026-02-18T12:51:02.343508Z","level":"info","event":"[STEP 5] Writing to Silver layer...","logger":"task.stdout"}
{"timestamp":"2026-02-18T12:51:02.354183Z","level":"info","event":"Uploaded dimensions/dim_driver/dim_driver.parquet (81 rows)","logger":"task.stdout"}
{"timestamp":"2026-02-18T12:51:02.354550Z","level":"info","event":"Written to: s3://f1-silver/dimensions/dim_driver/dim_driver.parquet","logger":"task.stdout"}
{"timestamp":"2026-02-18T12:51:02.354906Z","level":"info","event":"","logger":"task.stdout"}
{"timestamp":"2026-02-18T12:51:02.355129Z","level":"info","event":"======================================================================","logger":"task.stdout"}
{"timestamp":"2026-02-18T12:51:02.355374Z","level":"info","event":"BACKFILL SUMMARY","logger":"task.stdout"}
{"timestamp":"2026-02-18T12:51:02.355575Z","level":"info","event":"======================================================================","logger":"task.stdout"}
{"timestamp":"2026-02-18T12:51:02.355816Z","level":"info","event":"  Existing drivers in Silver: 65","logger":"task.stdout"}
{"timestamp":"2026-02-18T12:51:02.356060Z","level":"info","event":"  API drivers scraped: 36","logger":"task.stdout"}
{"timestamp":"2026-02-18T12:51:02.356257Z","level":"info","event":"  Final driver count: 81","logger":"task.stdout"}
{"timestamp":"2026-02-18T12:51:02.356457Z","level":"info","event":"  New drivers added: 16","logger":"task.stdout"}
{"timestamp":"2026-02-18T12:51:02.356690Z","level":"info","event":"","logger":"task.stdout"}
{"timestamp":"2026-02-18T12:51:02.356939Z","level":"info","event":"  Final source breakdown:","logger":"task.stdout"}
{"timestamp":"2026-02-18T12:51:02.357205Z","level":"info","event":"    f1_data.csv    : 65","logger":"task.stdout"}
{"timestamp":"2026-02-18T12:51:02.357517Z","level":"info","event":"    api            : 16","logger":"task.stdout"}
{"timestamp":"2026-02-18T12:51:02.357773Z","level":"info","event":"","logger":"task.stdout"}
{"timestamp":"2026-02-18T12:51:02.358032Z","level":"info","event":"  driver_id ranges:","logger":"task.stdout"}
{"timestamp":"2026-02-18T12:51:02.358396Z","level":"info","event":"    f1_data.csv    : 1 - 858","logger":"task.stdout"}
{"timestamp":"2026-02-18T12:51:02.358640Z","level":"info","event":"    api            : 10003 - 10031","logger":"task.stdout"}
{"timestamp":"2026-02-18T12:51:02.358939Z","level":"info","event":"======================================================================","logger":"task.stdout"}
{"timestamp":"2026-02-18T12:51:02.379690Z","level":"info","event":"Done. Returned value was: {'existing_count': 65, 'api_scraped': 36, 'final_count': 81, 'new_drivers_added': 16}","logger":"airflow.task.operators.airflow.providers.standard.operators.python.PythonOperator","filename":"python.py","lineno":216}
{"timestamp":"2026-02-18T12:51:02.380030Z","level":"info","event":"Pushing xcom","ti":"RuntimeTaskInstance(id=UUID('019c70cd-0ede-7dd4-8cc1-194c407a157e'), task_id='backfill_dim_driver', dag_id='api_drivers_bronze_to_silver', run_id='manual__2026-02-18T12:50:11.969174+00:00', try_number=1, dag_version_id=UUID('019c6ff5-c679-75e3-a0dd-f64f71952547'), map_index=-1, hostname='e4702b2ecf8f', context_carrier={}, task=<Task(PythonOperator): backfill_dim_driver>, bundle_instance=LocalDagBundle(name=dags-folder), max_tries=2, start_date=datetime.datetime(2026, 2, 18, 12, 50, 13, 188717, tzinfo=datetime.timezone.utc), end_date=None, state=<TaskInstanceState.RUNNING: 'running'>, is_mapped=False, rendered_map_index=None)","logger":"task","filename":"task_runner.py","lineno":1450}
