{"timestamp":"2026-02-15T12:38:06.292244Z","level":"info","event":"DAG bundles loaded: dags-folder","logger":"airflow.dag_processing.bundles.manager.DagBundlesManager","filename":"manager.py","lineno":179}
{"timestamp":"2026-02-15T12:38:06.296454Z","level":"info","event":"Filling up the DagBag from /opt/airflow/dags/csv_bronze_to_silver.py","logger":"airflow.models.dagbag.DagBag","filename":"dagbag.py","lineno":593}
{"timestamp":"2026-02-15T12:38:14.180365Z","level":"info","event":"TRANSFORM: fact_race_results → Silver (Parquet with surrogate keys)","logger":"task.stdout"}
{"timestamp":"2026-02-15T12:38:15.289440Z","level":"info","event":" Downloaded raw_data/f1_data.parquet (518417 rows)","logger":"task.stdout"}
{"timestamp":"2026-02-15T12:38:15.301124Z","level":"info","event":" Downloaded dimensions/dim_driver/dim_driver.parquet (65 rows)","logger":"task.stdout"}
{"timestamp":"2026-02-15T12:38:15.307965Z","level":"info","event":" Downloaded dimensions/dim_constructor/dim_constructor.parquet (20 rows)","logger":"task.stdout"}
{"timestamp":"2026-02-15T12:38:15.316912Z","level":"info","event":" Downloaded dimensions/dim_race/dim_race.parquet (232 rows)","logger":"task.stdout"}
{"timestamp":"2026-02-15T12:38:15.328496Z","level":"info","event":" Downloaded dimensions/dim_time/dim_time.parquet (6940 rows)","logger":"task.stdout"}
{"timestamp":"2026-02-15T12:38:15.612252Z","level":"info","event":"Transformed 4,502 race results with surrogate keys","logger":"task.stdout"}
{"timestamp":"2026-02-15T12:38:15.633512Z","level":"info","event":"Uploaded facts/fact_race_results/year=2012/data.parquet (447 rows)","logger":"task.stdout"}
{"timestamp":"2026-02-15T12:38:15.635515Z","level":"info","event":"Year 2012: 447 rows","logger":"task.stdout"}
{"timestamp":"2026-02-15T12:38:15.654063Z","level":"info","event":"Uploaded facts/fact_race_results/year=2013/data.parquet (401 rows)","logger":"task.stdout"}
{"timestamp":"2026-02-15T12:38:15.654714Z","level":"info","event":"Year 2013: 401 rows","logger":"task.stdout"}
{"timestamp":"2026-02-15T12:38:15.676173Z","level":"info","event":"Uploaded facts/fact_race_results/year=2014/data.parquet (378 rows)","logger":"task.stdout"}
{"timestamp":"2026-02-15T12:38:15.676894Z","level":"info","event":"Year 2014: 378 rows","logger":"task.stdout"}
{"timestamp":"2026-02-15T12:38:15.693068Z","level":"info","event":"Uploaded facts/fact_race_results/year=2015/data.parquet (347 rows)","logger":"task.stdout"}
{"timestamp":"2026-02-15T12:38:15.693800Z","level":"info","event":"Year 2015: 347 rows","logger":"task.stdout"}
{"timestamp":"2026-02-15T12:38:15.709357Z","level":"info","event":"Uploaded facts/fact_race_results/year=2016/data.parquet (431 rows)","logger":"task.stdout"}
{"timestamp":"2026-02-15T12:38:15.710017Z","level":"info","event":"Year 2016: 431 rows","logger":"task.stdout"}
{"timestamp":"2026-02-15T12:38:15.727155Z","level":"info","event":"Uploaded facts/fact_race_results/year=2017/data.parquet (357 rows)","logger":"task.stdout"}
{"timestamp":"2026-02-15T12:38:15.727831Z","level":"info","event":"Year 2017: 357 rows","logger":"task.stdout"}
{"timestamp":"2026-02-15T12:38:15.746737Z","level":"info","event":"Uploaded facts/fact_race_results/year=2018/data.parquet (382 rows)","logger":"task.stdout"}
{"timestamp":"2026-02-15T12:38:15.747533Z","level":"info","event":"Year 2018: 382 rows","logger":"task.stdout"}
{"timestamp":"2026-02-15T12:38:15.764037Z","level":"info","event":"Uploaded facts/fact_race_results/year=2019/data.parquet (409 rows)","logger":"task.stdout"}
{"timestamp":"2026-02-15T12:38:15.764761Z","level":"info","event":"Year 2019: 409 rows","logger":"task.stdout"}
{"timestamp":"2026-02-15T12:38:15.780299Z","level":"info","event":"Uploaded facts/fact_race_results/year=2020/data.parquet (313 rows)","logger":"task.stdout"}
{"timestamp":"2026-02-15T12:38:15.780997Z","level":"info","event":"Year 2020: 313 rows","logger":"task.stdout"}
{"timestamp":"2026-02-15T12:38:15.796482Z","level":"info","event":"Uploaded facts/fact_race_results/year=2021/data.parquet (397 rows)","logger":"task.stdout"}
{"timestamp":"2026-02-15T12:38:15.797095Z","level":"info","event":"Year 2021: 397 rows","logger":"task.stdout"}
{"timestamp":"2026-02-15T12:38:15.812757Z","level":"info","event":"Uploaded facts/fact_race_results/year=2022/data.parquet (410 rows)","logger":"task.stdout"}
{"timestamp":"2026-02-15T12:38:15.813411Z","level":"info","event":"Year 2022: 410 rows","logger":"task.stdout"}
{"timestamp":"2026-02-15T12:38:15.830193Z","level":"info","event":"Uploaded facts/fact_race_results/year=2023/data.parquet (230 rows)","logger":"task.stdout"}
{"timestamp":"2026-02-15T12:38:15.830870Z","level":"info","event":"Year 2023: 230 rows","logger":"task.stdout"}
{"timestamp":"2026-02-15T12:38:15.911518Z","level":"info","event":"Done. Returned value was: 4502","logger":"airflow.task.operators.airflow.providers.standard.operators.python.PythonOperator","filename":"python.py","lineno":216}
{"timestamp":"2026-02-15T12:38:15.912840Z","level":"info","event":"Pushing xcom","ti":"RuntimeTaskInstance(id=UUID('019c613f-6107-74f5-a992-3f6108e3feea'), task_id='transform_fact_race_results', dag_id='csv_bronze_to_silver', run_id='manual__2026-02-15T12:20:50+00:00', try_number=1, dag_version_id=UUID('019c6126-3181-7df9-993d-5541bed48f46'), map_index=-1, hostname='ccdbd1e211da', context_carrier={}, task=<Task(PythonOperator): transform_fact_race_results>, bundle_instance=LocalDagBundle(name=dags-folder), max_tries=1, start_date=datetime.datetime(2026, 2, 15, 12, 38, 5, 492784, tzinfo=datetime.timezone.utc), end_date=None, state=<TaskInstanceState.RUNNING: 'running'>, is_mapped=False, rendered_map_index=None)","logger":"task","filename":"task_runner.py","lineno":1450}
