{"timestamp":"2026-02-06T15:33:51.234530Z","level":"info","event":"DAG bundles loaded: dags-folder, example_dags","logger":"airflow.dag_processing.bundles.manager.DagBundlesManager","filename":"manager.py","lineno":179}
{"timestamp":"2026-02-06T15:33:51.235632Z","level":"info","event":"Filling up the DagBag from /opt/airflow/dags/f1_etl_api_bronze_to_silver.py","logger":"airflow.models.dagbag.DagBag","filename":"dagbag.py","lineno":593}
{"timestamp":"2026-02-06T15:33:51.427259Z","level":"info","event":"Task instance is in running state","logger":"task.stdout"}
{"timestamp":"2026-02-06T15:33:51.427829Z","level":"info","event":" Previous state of the Task instance: TaskInstanceState.QUEUED","logger":"task.stdout"}
{"timestamp":"2026-02-06T15:33:51.428084Z","level":"info","event":"Current task name:backfill_dim_driver","logger":"task.stdout"}
{"timestamp":"2026-02-06T15:33:51.428284Z","level":"info","event":"Dag name:f1_etl_api_bronze_to_silver","logger":"task.stdout"}
{"timestamp":"2026-02-06T15:33:51.430032Z","level":"info","event":"======================================================================","logger":"task.stdout"}
{"timestamp":"2026-02-06T15:33:51.430500Z","level":"info","event":"F1 DRIVER BACKFILL: ERGAST API → SILVER","logger":"task.stdout"}
{"timestamp":"2026-02-06T15:33:51.430751Z","level":"info","event":"======================================================================","logger":"task.stdout"}
{"timestamp":"2026-02-06T15:33:51.431523Z","level":"info","event":"","logger":"task.stdout"}
{"timestamp":"2026-02-06T15:33:51.431873Z","level":"info","event":"[STEP 1] Scraping API...","logger":"task.stdout"}
{"timestamp":"2026-02-06T15:33:51.432096Z","level":"info","event":"","logger":"task.stdout"}
{"timestamp":"2026-02-06T15:33:51.432304Z","level":"info","event":"======================================================================","logger":"task.stdout"}
{"timestamp":"2026-02-06T15:33:51.432556Z","level":"info","event":"SCRAPING DRIVERS FROM ERGAST API: 2011-2025","logger":"task.stdout"}
{"timestamp":"2026-02-06T15:33:51.432789Z","level":"info","event":"======================================================================","logger":"task.stdout"}
{"timestamp":"2026-02-06T15:33:51.433052Z","level":"info","event":"","logger":"task.stdout"}
{"timestamp":"2026-02-06T15:33:51.434226Z","level":"info","event":"","logger":"task.stdout"}
{"timestamp":"2026-02-06T15:33:51.434487Z","level":"info","event":"======================================================================","logger":"task.stdout"}
{"timestamp":"2026-02-06T15:33:51.434734Z","level":"info","event":"SCRAPING COMPLETE","logger":"task.stdout"}
{"timestamp":"2026-02-06T15:33:51.434941Z","level":"info","event":"Total records: 0","logger":"task.stdout"}
{"timestamp":"2026-02-06T15:33:51.434326Z","level":"error","event":"Task failed with exception","logger":"task","filename":"task_runner.py","lineno":1078,"error_detail":[{"exc_type":"KeyError","exc_value":"'driverId'","exc_notes":[],"syntax_error":null,"is_cause":false,"frames":[{"filename":"/home/airflow/.local/lib/python3.12/site-packages/airflow/sdk/execution_time/task_runner.py","lineno":1004,"name":"run"},{"filename":"/home/airflow/.local/lib/python3.12/site-packages/airflow/sdk/execution_time/task_runner.py","lineno":1405,"name":"_execute_task"},{"filename":"/home/airflow/.local/lib/python3.12/site-packages/airflow/sdk/bases/operator.py","lineno":417,"name":"wrapper"},{"filename":"/home/airflow/.local/lib/python3.12/site-packages/airflow/providers/standard/operators/python.py","lineno":214,"name":"execute"},{"filename":"/home/airflow/.local/lib/python3.12/site-packages/airflow/providers/standard/operators/python.py","lineno":237,"name":"execute_callable"},{"filename":"/home/airflow/.local/lib/python3.12/site-packages/airflow/sdk/execution_time/callback_runner.py","lineno":82,"name":"run"},{"filename":"/opt/airflow/dags/f1_etl_api_bronze_to_silver.py","lineno":73,"name":"backfill_dim_driver"},{"filename":"/opt/airflow/dags/utils/api_scraper.py","lineno":152,"name":"scrape_drivers_range"},{"filename":"/home/airflow/.local/lib/python3.12/site-packages/pandas/core/frame.py","lineno":3893,"name":"__getitem__"},{"filename":"/home/airflow/.local/lib/python3.12/site-packages/pandas/core/indexes/range.py","lineno":418,"name":"get_loc"}],"is_group":false,"exceptions":[]}]}
{"timestamp":"2026-02-06T15:33:51.461669Z","level":"info","event":"Task instance in failure state","logger":"task.stdout"}
{"timestamp":"2026-02-06T15:33:51.462793Z","level":"info","event":"Task start","logger":"task.stdout"}
{"timestamp":"2026-02-06T15:33:51.463124Z","level":"info","event":"Task:<Task(PythonOperator): backfill_dim_driver>","logger":"task.stdout"}
{"timestamp":"2026-02-06T15:33:51.463346Z","level":"info","event":"Failure caused by 'driverId'","logger":"task.stdout"}
