{"timestamp":"2026-02-16T14:08:44.986849Z","level":"info","event":"DAG bundles loaded: dags-folder","logger":"airflow.dag_processing.bundles.manager.DagBundlesManager","filename":"manager.py","lineno":179}
{"timestamp":"2026-02-16T14:08:44.988941Z","level":"info","event":"Filling up the DagBag from /opt/airflow/dags/master_pipeline.py","logger":"airflow.models.dagbag.DagBag","filename":"dagbag.py","lineno":593}
{"timestamp":"2026-02-16T14:08:45.028911Z","level":"warning","event":"The `airflow.operators.trigger_dagrun.TriggerDagRunOperator` attribute is deprecated. Please use `'airflow.providers.standard.operators.trigger_dagrun.TriggerDagRunOperator'`.","category":"DeprecatedImportWarning","filename":"/opt/airflow/dags/master_pipeline.py","lineno":34,"logger":"py.warnings"}
{"timestamp":"2026-02-16T14:08:45.029121Z","level":"warning","event":"The `airflow.operators.python.PythonOperator` attribute is deprecated. Please use `'airflow.providers.standard.operators.python.PythonOperator'`.","category":"DeprecatedImportWarning","filename":"/opt/airflow/dags/master_pipeline.py","lineno":35,"logger":"py.warnings"}
{"timestamp":"2026-02-16T14:08:45.117668Z","level":"info","event":"","logger":"task.stdout"}
{"timestamp":"2026-02-16T14:08:45.118355Z","level":"info","event":"================================================================================","logger":"task.stdout"}
{"timestamp":"2026-02-16T14:08:45.118881Z","level":"info","event":"F1 ETL MASTER PIPELINE STARTED","logger":"task.stdout"}
{"timestamp":"2026-02-16T14:08:45.119356Z","level":"info","event":"================================================================================","logger":"task.stdout"}
{"timestamp":"2026-02-16T14:08:45.119816Z","level":"info","event":"","logger":"task.stdout"}
{"timestamp":"2026-02-16T14:08:45.120324Z","level":"info","event":"Pipeline Flow:","logger":"task.stdout"}
{"timestamp":"2026-02-16T14:08:45.120878Z","level":"info","event":"  1. CSV → Silver (Dimensions + Facts)","logger":"task.stdout"}
{"timestamp":"2026-02-16T14:08:45.121385Z","level":"info","event":"  2-5. API Dimensions → Silver (PARALLEL)","logger":"task.stdout"}
{"timestamp":"2026-02-16T14:08:45.121884Z","level":"info","event":"     ├─ Constructors","logger":"task.stdout"}
{"timestamp":"2026-02-16T14:08:45.122364Z","level":"info","event":"     ├─ Drivers","logger":"task.stdout"}
{"timestamp":"2026-02-16T14:08:45.122883Z","level":"info","event":"     ├─ Circuits","logger":"task.stdout"}
{"timestamp":"2026-02-16T14:08:45.123412Z","level":"info","event":"     └─ Races","logger":"task.stdout"}
{"timestamp":"2026-02-16T14:08:45.123983Z","level":"info","event":"  6-10. API Facts → Silver (PARALLEL)","logger":"task.stdout"}
{"timestamp":"2026-02-16T14:08:45.124739Z","level":"info","event":"      ├─ Results","logger":"task.stdout"}
{"timestamp":"2026-02-16T14:08:45.125967Z","level":"info","event":"      ├─ Laps","logger":"task.stdout"}
{"timestamp":"2026-02-16T14:08:45.126680Z","level":"info","event":"      ├─ Pitstops","logger":"task.stdout"}
{"timestamp":"2026-02-16T14:08:45.127840Z","level":"info","event":"      ├─ Driver Standings","logger":"task.stdout"}
{"timestamp":"2026-02-16T14:08:45.128525Z","level":"info","event":"      └─ Constructor Standings","logger":"task.stdout"}
{"timestamp":"2026-02-16T14:08:45.129176Z","level":"info","event":"  11. Silver → Gold (PostgreSQL)","logger":"task.stdout"}
{"timestamp":"2026-02-16T14:08:45.129714Z","level":"info","event":"","logger":"task.stdout"}
{"timestamp":"2026-02-16T14:08:45.130291Z","level":"info","event":"================================================================================","logger":"task.stdout"}
{"timestamp":"2026-02-16T14:08:45.130804Z","level":"info","event":"","logger":"task.stdout"}
{"timestamp":"2026-02-16T14:08:45.117666Z","level":"info","event":"Done. Returned value was: None","logger":"airflow.task.operators.airflow.providers.standard.operators.python.PythonOperator","filename":"python.py","lineno":216}
