{"timestamp":"2026-02-18T12:22:11.520112Z","level":"info","event":"DAG bundles loaded: dags-folder","logger":"airflow.dag_processing.bundles.manager.DagBundlesManager","filename":"manager.py","lineno":179}
{"timestamp":"2026-02-18T12:22:11.527230Z","level":"info","event":"Filling up the DagBag from /opt/airflow/dags/api_results_bronze_to_silver.py","logger":"airflow.models.dagbag.DagBag","filename":"dagbag.py","lineno":593}
{"timestamp":"2026-02-18T12:22:13.863625Z","level":"info","event":"======================================================================","logger":"task.stdout"}
{"timestamp":"2026-02-18T12:22:13.864147Z","level":"info","event":"F1 RACE RESULTS BACKFILL: ERGAST API -> SILVER","logger":"task.stdout"}
{"timestamp":"2026-02-18T12:22:13.864426Z","level":"info","event":"======================================================================","logger":"task.stdout"}
{"timestamp":"2026-02-18T12:22:13.864755Z","level":"info","event":"","logger":"task.stdout"}
{"timestamp":"2026-02-18T12:22:13.865458Z","level":"info","event":"[STEP 1] Scraping API...","logger":"task.stdout"}
{"timestamp":"2026-02-18T12:22:13.867472Z","level":"info","event":"","logger":"task.stdout"}
{"timestamp":"2026-02-18T12:22:13.867842Z","level":"info","event":"======================================================================","logger":"task.stdout"}
{"timestamp":"2026-02-18T12:22:13.870083Z","level":"info","event":"SCRAPING RACE RESULTS FROM ERGAST API: 2024-2025","logger":"task.stdout"}
{"timestamp":"2026-02-18T12:22:13.870403Z","level":"info","event":"======================================================================","logger":"task.stdout"}
{"timestamp":"2026-02-18T12:22:13.870632Z","level":"info","event":"","logger":"task.stdout"}
{"timestamp":"2026-02-18T12:22:13.870831Z","level":"info","event":"Fetching race results for 2024...","logger":"task.stdout"}
{"timestamp":"2026-02-18T12:22:36.083311Z","level":"info","event":"100 results found across 6 races","logger":"task.stdout"}
{"timestamp":"2026-02-18T12:22:36.083906Z","level":"info","event":"Fetching race results for 2025...","logger":"task.stdout"}
{"timestamp":"2026-02-18T12:22:59.903958Z","level":"info","event":"100 results found across 5 races","logger":"task.stdout"}
{"timestamp":"2026-02-18T12:22:59.905289Z","level":"info","event":"","logger":"task.stdout"}
{"timestamp":"2026-02-18T12:22:59.905781Z","level":"info","event":"======================================================================","logger":"task.stdout"}
{"timestamp":"2026-02-18T12:22:59.906203Z","level":"info","event":"SCRAPING COMPLETE","logger":"task.stdout"}
{"timestamp":"2026-02-18T12:22:59.906539Z","level":"info","event":"Total records: 200","logger":"task.stdout"}
{"timestamp":"2026-02-18T12:22:59.906792Z","level":"info","event":"Years covered: 2024-2025","logger":"task.stdout"}
{"timestamp":"2026-02-18T12:22:59.907150Z","level":"info","event":"======================================================================","logger":"task.stdout"}
{"timestamp":"2026-02-18T12:22:59.907480Z","level":"info","event":"","logger":"task.stdout"}
{"timestamp":"2026-02-18T12:22:59.907824Z","level":"info","event":"API scraping complete: 200 result records","logger":"task.stdout"}
{"timestamp":"2026-02-18T12:22:59.908083Z","level":"info","event":"","logger":"task.stdout"}
{"timestamp":"2026-02-18T12:22:59.908316Z","level":"info","event":"[STEP 2] Transforming to Silver schema...","logger":"task.stdout"}
{"timestamp":"2026-02-18T12:22:59.908664Z","level":"info","event":"Transforming API data to Silver schema...","logger":"task.stdout"}
{"timestamp":"2026-02-18T12:22:59.916458Z","level":"info","event":"Sorted by year + round + position for stable result_id generation","logger":"task.stdout"}
{"timestamp":"2026-02-18T12:22:59.916941Z","level":"info","event":"Generated result_id: 10000001 - 10000200","logger":"task.stdout"}
{"timestamp":"2026-02-18T12:22:59.923229Z","level":"info","event":"Transformed 200 results to Silver schema","logger":"task.stdout"}
{"timestamp":"2026-02-18T12:22:59.923662Z","level":"info","event":"Source: api","logger":"task.stdout"}
{"timestamp":"2026-02-18T12:22:59.924159Z","level":"info","event":"result_id range: 10000001 - 10000200","logger":"task.stdout"}
{"timestamp":"2026-02-18T12:22:59.924658Z","level":"info","event":"Transformation complete: 200 results","logger":"task.stdout"}
{"timestamp":"2026-02-18T12:22:59.925078Z","level":"info","event":"result_id range: 10000001 - 10000200","logger":"task.stdout"}
{"timestamp":"2026-02-18T12:22:59.925409Z","level":"info","event":"","logger":"task.stdout"}
{"timestamp":"2026-02-18T12:22:59.925822Z","level":"info","event":"[STEP 3] Loading dimensions for FK resolution...","logger":"task.stdout"}
{"timestamp":"2026-02-18T12:22:59.944699Z","level":"info","event":" Downloaded dimensions/dim_driver/dim_driver.parquet (81 rows)","logger":"task.stdout"}
{"timestamp":"2026-02-18T12:22:59.948186Z","level":"info","event":" Downloaded dimensions/dim_constructor/dim_constructor.parquet (21 rows)","logger":"task.stdout"}
{"timestamp":"2026-02-18T12:22:59.953413Z","level":"info","event":" Downloaded dimensions/dim_race/dim_race.parquet (280 rows)","logger":"task.stdout"}
{"timestamp":"2026-02-18T12:22:59.960322Z","level":"info","event":" Downloaded dimensions/dim_time/dim_time.parquet (6940 rows)","logger":"task.stdout"}
{"timestamp":"2026-02-18T12:22:59.960777Z","level":"info","event":"Loaded dimensions:","logger":"task.stdout"}
{"timestamp":"2026-02-18T12:22:59.961192Z","level":"info","event":"  - dim_driver: 81 drivers","logger":"task.stdout"}
{"timestamp":"2026-02-18T12:22:59.961575Z","level":"info","event":"  - dim_constructor: 21 constructors","logger":"task.stdout"}
{"timestamp":"2026-02-18T12:22:59.961935Z","level":"info","event":"  - dim_race: 280 races","logger":"task.stdout"}
{"timestamp":"2026-02-18T12:22:59.962310Z","level":"info","event":"  - dim_time: 6,940 dates","logger":"task.stdout"}
{"timestamp":"2026-02-18T12:22:59.962652Z","level":"info","event":"","logger":"task.stdout"}
{"timestamp":"2026-02-18T12:22:59.963002Z","level":"info","event":"[STEP 4] Resolving foreign keys...","logger":"task.stdout"}
{"timestamp":"2026-02-18T12:22:59.972350Z","level":"info","event":"Created lookup dictionaries:","logger":"task.stdout"}
{"timestamp":"2026-02-18T12:22:59.972869Z","level":"info","event":"  - driver_ref -> driver_key: 81 entries","logger":"task.stdout"}
{"timestamp":"2026-02-18T12:22:59.973365Z","level":"info","event":"  - constructor_ref -> constructor_key: 21 entries","logger":"task.stdout"}
{"timestamp":"2026-02-18T12:22:59.973710Z","level":"info","event":"  - race_year+race_round -> race_key: 280 entries","logger":"task.stdout"}
{"timestamp":"2026-02-18T12:22:59.973992Z","level":"info","event":"  - race_date -> time_key: 6940 entries","logger":"task.stdout"}
{"timestamp":"2026-02-18T12:22:59.989895Z","level":"info","event":"All FKs resolved successfully","logger":"task.stdout"}
{"timestamp":"2026-02-18T12:22:59.990380Z","level":"info","event":"","logger":"task.stdout"}
{"timestamp":"2026-02-18T12:22:59.990761Z","level":"info","event":"[STEP 5] Loading existing Silver data...","logger":"task.stdout"}
{"timestamp":"2026-02-18T12:22:59.994841Z","level":"info","event":"Error reading facts/fact_race_results/year=2024/data.parquet: S3 operation failed; code: NoSuchKey, message: The specified key does not exist., resource: /f1-silver/facts/fact_race_results/year=2024/data.parquet, request_id: 189556B8C351EBB2, host_id: dd9025bab4ad464b049177c95eb6ebf374d3b3fd1af9251148b658df7ac2e3e8, bucket_name: f1-silver, object_name: facts/fact_race_results/year=2024/data.parquet","logger":"task.stdout"}
{"timestamp":"2026-02-18T12:22:59.996324Z","level":"info","event":"Error reading facts/fact_race_results/year=2025/data.parquet: S3 operation failed; code: NoSuchKey, message: The specified key does not exist., resource: /f1-silver/facts/fact_race_results/year=2025/data.parquet, request_id: 189556B8C394D52B, host_id: dd9025bab4ad464b049177c95eb6ebf374d3b3fd1af9251148b658df7ac2e3e8, bucket_name: f1-silver, object_name: facts/fact_race_results/year=2025/data.parquet","logger":"task.stdout"}
{"timestamp":"2026-02-18T12:22:59.996760Z","level":"info","event":"No existing Silver data found (first run)","logger":"task.stdout"}
{"timestamp":"2026-02-18T12:22:59.997157Z","level":"info","event":"","logger":"task.stdout"}
{"timestamp":"2026-02-18T12:22:59.997439Z","level":"info","event":"[STEP 6] Merging API data with existing Silver...","logger":"task.stdout"}
{"timestamp":"2026-02-18T12:22:59.997722Z","level":"info","event":"","logger":"task.stdout"}
{"timestamp":"2026-02-18T12:22:59.998020Z","level":"info","event":"  Merge Configuration:","logger":"task.stdout"}
{"timestamp":"2026-02-18T12:22:59.998283Z","level":"info","event":"Existing results: 0","logger":"task.stdout"}
{"timestamp":"2026-02-18T12:22:59.998548Z","level":"info","event":"New API results: 200","logger":"task.stdout"}
{"timestamp":"2026-02-18T12:22:59.998789Z","level":"info","event":"Merge key: result_id (PRIMARY natural key)","logger":"task.stdout"}
{"timestamp":"2026-02-18T12:22:59.999080Z","level":"info","event":"CSV priority: YES (skip API for CSV results)","logger":"task.stdout"}
{"timestamp":"2026-02-18T12:22:59.999329Z","level":"info","event":"","logger":"task.stdout"}
{"timestamp":"2026-02-18T12:22:59.999580Z","level":"info","event":" FIRST RUN: No existing data, adding all API results","logger":"task.stdout"}
{"timestamp":"2026-02-18T12:22:59.999887Z","level":"info","event":"Generated result_key: 1-200","logger":"task.stdout"}
{"timestamp":"2026-02-18T12:23:00.000137Z","level":"info","event":"result_id already set: 10000001-10000200","logger":"task.stdout"}
{"timestamp":"2026-02-18T12:23:00.000377Z","level":"info","event":"Merge complete: 200 total results","logger":"task.stdout"}
{"timestamp":"2026-02-18T12:23:00.000891Z","level":"info","event":"","logger":"task.stdout"}
{"timestamp":"2026-02-18T12:23:00.001146Z","level":"info","event":"[STEP 7] Writing to Silver layer (partitioned by year)...","logger":"task.stdout"}
{"timestamp":"2026-02-18T12:23:00.013008Z","level":"info","event":"Uploaded facts/fact_race_results/year=2024/data.parquet (100 rows)","logger":"task.stdout"}
{"timestamp":"2026-02-18T12:23:00.013496Z","level":"info","event":"  Year 2024: 100 results written","logger":"task.stdout"}
{"timestamp":"2026-02-18T12:23:00.025114Z","level":"info","event":"Uploaded facts/fact_race_results/year=2025/data.parquet (100 rows)","logger":"task.stdout"}
{"timestamp":"2026-02-18T12:23:00.025689Z","level":"info","event":"  Year 2025: 100 results written","logger":"task.stdout"}
{"timestamp":"2026-02-18T12:23:00.026299Z","level":"info","event":"Written to: s3://f1-silver/facts/fact_race_results/year=*/data.parquet","logger":"task.stdout"}
{"timestamp":"2026-02-18T12:23:00.026752Z","level":"info","event":"","logger":"task.stdout"}
{"timestamp":"2026-02-18T12:23:00.027131Z","level":"info","event":"======================================================================","logger":"task.stdout"}
{"timestamp":"2026-02-18T12:23:00.027437Z","level":"info","event":"BACKFILL SUMMARY","logger":"task.stdout"}
{"timestamp":"2026-02-18T12:23:00.027741Z","level":"info","event":"======================================================================","logger":"task.stdout"}
{"timestamp":"2026-02-18T12:23:00.028120Z","level":"info","event":"  Existing results in Silver: 0","logger":"task.stdout"}
{"timestamp":"2026-02-18T12:23:00.028395Z","level":"info","event":"  API results scraped: 200","logger":"task.stdout"}
{"timestamp":"2026-02-18T12:23:00.028702Z","level":"info","event":"  Final result count: 200","logger":"task.stdout"}
{"timestamp":"2026-02-18T12:23:00.029009Z","level":"info","event":"  New results added: 200","logger":"task.stdout"}
{"timestamp":"2026-02-18T12:23:00.029312Z","level":"info","event":"","logger":"task.stdout"}
{"timestamp":"2026-02-18T12:23:00.029609Z","level":"info","event":"  Final source breakdown:","logger":"task.stdout"}
{"timestamp":"2026-02-18T12:23:00.029895Z","level":"info","event":"    api            : 200","logger":"task.stdout"}
{"timestamp":"2026-02-18T12:23:00.030182Z","level":"info","event":"","logger":"task.stdout"}
{"timestamp":"2026-02-18T12:23:00.030427Z","level":"info","event":"  result_id ranges:","logger":"task.stdout"}
{"timestamp":"2026-02-18T12:23:00.030710Z","level":"info","event":"    api            : 10000001 - 10000200","logger":"task.stdout"}
{"timestamp":"2026-02-18T12:23:00.030943Z","level":"info","event":"======================================================================","logger":"task.stdout"}
{"timestamp":"2026-02-18T12:23:00.045610Z","level":"info","event":"Done. Returned value was: {'existing_count': 0, 'api_scraped': 200, 'final_count': 200, 'new_results_added': 200}","logger":"airflow.task.operators.airflow.providers.standard.operators.python.PythonOperator","filename":"python.py","lineno":216}
{"timestamp":"2026-02-18T12:23:00.045999Z","level":"info","event":"Pushing xcom","ti":"RuntimeTaskInstance(id=UUID('019c70b3-6195-7877-8e5d-9359d89b38d2'), task_id='backfill_fact_race_results', dag_id='api_results_bronze_to_silver', run_id='manual__2026-02-18T12:22:09.194151+00:00', try_number=1, dag_version_id=UUID('019c6ff5-c82c-7766-93e3-bb61480ea0bb'), map_index=-1, hostname='e4702b2ecf8f', context_carrier={}, task=<Task(PythonOperator): backfill_fact_race_results>, bundle_instance=LocalDagBundle(name=dags-folder), max_tries=2, start_date=datetime.datetime(2026, 2, 18, 12, 22, 11, 403239, tzinfo=datetime.timezone.utc), end_date=None, state=<TaskInstanceState.RUNNING: 'running'>, is_mapped=False, rendered_map_index=None)","logger":"task","filename":"task_runner.py","lineno":1450}
