{"timestamp":"2026-02-13T14:41:53.429350Z","level":"info","event":"DAG bundles loaded: dags-folder","logger":"airflow.dag_processing.bundles.manager.DagBundlesManager","filename":"manager.py","lineno":179}
{"timestamp":"2026-02-13T14:41:53.434048Z","level":"info","event":"Filling up the DagBag from /opt/airflow/dags/api_etl/api_pitstops_bronze_to_silver.py","logger":"airflow.models.dagbag.DagBag","filename":"dagbag.py","lineno":593}
{"timestamp":"2026-02-13T14:41:53.866775Z","level":"info","event":"======================================================================","logger":"task.stdout"}
{"timestamp":"2026-02-13T14:41:53.867274Z","level":"info","event":"F1 PIT STOPS BACKFILL: ERGAST API -> SILVER","logger":"task.stdout"}
{"timestamp":"2026-02-13T14:41:53.867540Z","level":"info","event":"======================================================================","logger":"task.stdout"}
{"timestamp":"2026-02-13T14:41:53.867934Z","level":"info","event":"","logger":"task.stdout"}
{"timestamp":"2026-02-13T14:41:53.868218Z","level":"info","event":"[STEP 1] Scraping API...","logger":"task.stdout"}
{"timestamp":"2026-02-13T14:41:53.868525Z","level":"info","event":"","logger":"task.stdout"}
{"timestamp":"2026-02-13T14:41:53.868803Z","level":"info","event":"======================================================================","logger":"task.stdout"}
{"timestamp":"2026-02-13T14:41:53.869083Z","level":"info","event":"SCRAPING PIT STOPS FROM ERGAST API: 2024-2024","logger":"task.stdout"}
{"timestamp":"2026-02-13T14:41:53.869340Z","level":"info","event":"======================================================================","logger":"task.stdout"}
{"timestamp":"2026-02-13T14:41:53.869624Z","level":"info","event":"","logger":"task.stdout"}
{"timestamp":"2026-02-13T14:41:53.869888Z","level":"info","event":"","logger":"task.stdout"}
{"timestamp":"2026-02-13T14:41:53.870139Z","level":"info","event":"======================================================================","logger":"task.stdout"}
{"timestamp":"2026-02-13T14:41:53.870399Z","level":"info","event":"SCRAPING PIT STOPS FOR 2024","logger":"task.stdout"}
{"timestamp":"2026-02-13T14:41:53.870639Z","level":"info","event":"======================================================================","logger":"task.stdout"}
{"timestamp":"2026-02-13T14:41:53.870868Z","level":"info","event":"","logger":"task.stdout"}
{"timestamp":"2026-02-13T14:41:53.871069Z","level":"info","event":"Fetching pit stops for 2024 Round 1...","logger":"task.stdout"}
{"timestamp":"2026-02-13T14:41:59.763304Z","level":"info","event":"  43 pit stops found","logger":"task.stdout"}
{"timestamp":"2026-02-13T14:41:59.763961Z","level":"info","event":"Fetching pit stops for 2024 Round 2...","logger":"task.stdout"}
{"timestamp":"2026-02-13T14:42:04.311547Z","level":"info","event":"  19 pit stops found","logger":"task.stdout"}
{"timestamp":"2026-02-13T14:42:04.311930Z","level":"info","event":"Fetching pit stops for 2024 Round 3...","logger":"task.stdout"}
{"timestamp":"2026-02-13T14:42:08.909831Z","level":"info","event":"  36 pit stops found","logger":"task.stdout"}
{"timestamp":"2026-02-13T14:42:08.913772Z","level":"info","event":"Fetching pit stops for 2024 Round 4...","logger":"task.stdout"}
{"timestamp":"2026-02-13T14:42:13.573603Z","level":"info","event":"  54 pit stops found","logger":"task.stdout"}
{"timestamp":"2026-02-13T14:42:13.574193Z","level":"info","event":"Fetching pit stops for 2024 Round 5...","logger":"task.stdout"}
{"timestamp":"2026-02-13T14:42:18.000775Z","level":"info","event":"  40 pit stops found","logger":"task.stdout"}
{"timestamp":"2026-02-13T14:42:18.001200Z","level":"info","event":"Fetching pit stops for 2024 Round 6...","logger":"task.stdout"}
{"timestamp":"2026-02-13T14:42:20.361298Z","level":"info","event":"  28 pit stops found","logger":"task.stdout"}
{"timestamp":"2026-02-13T14:42:20.361853Z","level":"info","event":"Fetching pit stops for 2024 Round 7...","logger":"task.stdout"}
{"timestamp":"2026-02-13T14:42:23.683839Z","level":"info","event":"  27 pit stops found","logger":"task.stdout"}
{"timestamp":"2026-02-13T14:42:23.684537Z","level":"info","event":"Fetching pit stops for 2024 Round 8...","logger":"task.stdout"}
{"timestamp":"2026-02-13T14:42:27.529915Z","level":"info","event":"  23 pit stops found","logger":"task.stdout"}
{"timestamp":"2026-02-13T14:42:27.530278Z","level":"info","event":"Fetching pit stops for 2024 Round 9...","logger":"task.stdout"}
{"timestamp":"2026-02-13T14:42:33.223627Z","level":"info","event":"  42 pit stops found","logger":"task.stdout"}
{"timestamp":"2026-02-13T14:42:33.223987Z","level":"info","event":"Fetching pit stops for 2024 Round 10...","logger":"task.stdout"}
{"timestamp":"2026-02-13T14:42:36.707247Z","level":"info","event":"  42 pit stops found","logger":"task.stdout"}
{"timestamp":"2026-02-13T14:42:36.707732Z","level":"info","event":"Fetching pit stops for 2024 Round 11...","logger":"task.stdout"}
{"timestamp":"2026-02-13T14:42:41.380846Z","level":"info","event":"  45 pit stops found","logger":"task.stdout"}
{"timestamp":"2026-02-13T14:42:41.381431Z","level":"info","event":"Fetching pit stops for 2024 Round 12...","logger":"task.stdout"}
{"timestamp":"2026-02-13T14:42:45.561419Z","level":"info","event":"  45 pit stops found","logger":"task.stdout"}
{"timestamp":"2026-02-13T14:42:45.561833Z","level":"info","event":"Fetching pit stops for 2024 Round 13...","logger":"task.stdout"}
{"timestamp":"2026-02-13T14:42:49.695410Z","level":"info","event":"  40 pit stops found","logger":"task.stdout"}
{"timestamp":"2026-02-13T14:42:49.695861Z","level":"info","event":"Fetching pit stops for 2024 Round 14...","logger":"task.stdout"}
{"timestamp":"2026-02-13T14:42:56.233829Z","level":"info","event":"  34 pit stops found","logger":"task.stdout"}
{"timestamp":"2026-02-13T14:42:56.234320Z","level":"info","event":"Fetching pit stops for 2024 Round 15...","logger":"task.stdout"}
{"timestamp":"2026-02-13T14:43:00.437347Z","level":"info","event":"  26 pit stops found","logger":"task.stdout"}
{"timestamp":"2026-02-13T14:43:00.437795Z","level":"info","event":"Fetching pit stops for 2024 Round 16...","logger":"task.stdout"}
{"timestamp":"2026-02-13T14:43:04.905810Z","level":"info","event":"  30 pit stops found","logger":"task.stdout"}
{"timestamp":"2026-02-13T14:43:04.907385Z","level":"info","event":"Fetching pit stops for 2024 Round 17...","logger":"task.stdout"}
{"timestamp":"2026-02-13T14:43:09.821329Z","level":"info","event":"  22 pit stops found","logger":"task.stdout"}
{"timestamp":"2026-02-13T14:43:09.821975Z","level":"info","event":"Fetching pit stops for 2024 Round 18...","logger":"task.stdout"}
{"timestamp":"2026-02-13T14:43:14.748477Z","level":"info","event":"  23 pit stops found","logger":"task.stdout"}
{"timestamp":"2026-02-13T14:43:14.748831Z","level":"info","event":"Fetching pit stops for 2024 Round 19...","logger":"task.stdout"}
{"timestamp":"2026-02-13T14:43:19.439533Z","level":"info","event":"  23 pit stops found","logger":"task.stdout"}
{"timestamp":"2026-02-13T14:43:19.439996Z","level":"info","event":"Fetching pit stops for 2024 Round 20...","logger":"task.stdout"}
{"timestamp":"2026-02-13T14:43:23.500680Z","level":"info","event":"  21 pit stops found","logger":"task.stdout"}
{"timestamp":"2026-02-13T14:43:23.501103Z","level":"info","event":"Fetching pit stops for 2024 Round 21...","logger":"task.stdout"}
{"timestamp":"2026-02-13T14:43:27.996925Z","level":"info","event":"  35 pit stops found","logger":"task.stdout"}
{"timestamp":"2026-02-13T14:43:28.000227Z","level":"info","event":"Fetching pit stops for 2024 Round 22...","logger":"task.stdout"}
{"timestamp":"2026-02-13T14:43:32.077153Z","level":"info","event":"  39 pit stops found","logger":"task.stdout"}
{"timestamp":"2026-02-13T14:43:32.077663Z","level":"info","event":"Fetching pit stops for 2024 Round 23...","logger":"task.stdout"}
{"timestamp":"2026-02-13T14:43:36.022390Z","level":"info","event":"  60 pit stops found","logger":"task.stdout"}
{"timestamp":"2026-02-13T14:43:36.045012Z","level":"info","event":"Fetching pit stops for 2024 Round 24...","logger":"task.stdout"}
{"timestamp":"2026-02-13T14:43:42.781135Z","level":"info","event":"  28 pit stops found","logger":"task.stdout"}
{"timestamp":"2026-02-13T14:43:42.781590Z","level":"info","event":"Fetching pit stops for 2024 Round 25...","logger":"task.stdout"}
{"timestamp":"2026-02-13T14:43:48.480282Z","level":"info","event":"  No data for 2024 Round 25","logger":"task.stdout"}
{"timestamp":"2026-02-13T14:43:48.480714Z","level":"info","event":"","logger":"task.stdout"}
{"timestamp":"2026-02-13T14:43:48.481078Z","level":"info","event":"Total pit stops for 2024: 825","logger":"task.stdout"}
{"timestamp":"2026-02-13T14:43:48.481386Z","level":"info","event":"","logger":"task.stdout"}
{"timestamp":"2026-02-13T14:43:48.481741Z","level":"info","event":"======================================================================","logger":"task.stdout"}
{"timestamp":"2026-02-13T14:43:48.482096Z","level":"info","event":"SCRAPING COMPLETE","logger":"task.stdout"}
{"timestamp":"2026-02-13T14:43:48.482430Z","level":"info","event":"Total pit stops: 825","logger":"task.stdout"}
{"timestamp":"2026-02-13T14:43:48.482727Z","level":"info","event":"Years covered: 2024-2024","logger":"task.stdout"}
{"timestamp":"2026-02-13T14:43:48.483015Z","level":"info","event":"======================================================================","logger":"task.stdout"}
{"timestamp":"2026-02-13T14:43:48.483291Z","level":"info","event":"","logger":"task.stdout"}
{"timestamp":"2026-02-13T14:43:48.483551Z","level":"info","event":"API scraping complete: 825 pit stop records","logger":"task.stdout"}
{"timestamp":"2026-02-13T14:43:48.483790Z","level":"info","event":"","logger":"task.stdout"}
{"timestamp":"2026-02-13T14:43:48.483980Z","level":"info","event":"[STEP 2] Transforming to Silver schema...","logger":"task.stdout"}
{"timestamp":"2026-02-13T14:43:48.484186Z","level":"info","event":"Transforming API data to Silver schema...","logger":"task.stdout"}
{"timestamp":"2026-02-13T14:43:48.484463Z","level":"info","event":"Sorted by year + round + lap + stop","logger":"task.stdout"}
{"timestamp":"2026-02-13T14:43:48.487865Z","level":"info","event":"Transformed 825 pit stops to Silver schema","logger":"task.stdout"}
{"timestamp":"2026-02-13T14:43:48.488215Z","level":"info","event":"Source: api","logger":"task.stdout"}
{"timestamp":"2026-02-13T14:43:48.488503Z","level":"info","event":"Transformation complete: 825 pit stops","logger":"task.stdout"}
{"timestamp":"2026-02-13T14:43:48.488780Z","level":"info","event":"","logger":"task.stdout"}
{"timestamp":"2026-02-13T14:43:48.489042Z","level":"info","event":"[STEP 3] Loading dimensions for FK resolution...","logger":"task.stdout"}
{"timestamp":"2026-02-13T14:43:48.521769Z","level":"info","event":" Downloaded dimensions/dim_driver/dim_driver.parquet (70 rows)","logger":"task.stdout"}
{"timestamp":"2026-02-13T14:43:48.526470Z","level":"info","event":" Downloaded dimensions/dim_constructor/dim_constructor.parquet (21 rows)","logger":"task.stdout"}
{"timestamp":"2026-02-13T14:43:48.532587Z","level":"info","event":" Downloaded dimensions/dim_race/dim_race.parquet (256 rows)","logger":"task.stdout"}
{"timestamp":"2026-02-13T14:43:48.539381Z","level":"info","event":" Downloaded dimensions/dim_time/dim_time.parquet (6940 rows)","logger":"task.stdout"}
{"timestamp":"2026-02-13T14:43:48.544275Z","level":"info","event":"Loaded dimensions:","logger":"task.stdout"}
{"timestamp":"2026-02-13T14:43:48.544690Z","level":"info","event":"  - dim_driver: 70 drivers","logger":"task.stdout"}
{"timestamp":"2026-02-13T14:43:48.544905Z","level":"info","event":"  - dim_constructor: 21 constructors","logger":"task.stdout"}
{"timestamp":"2026-02-13T14:43:48.545162Z","level":"info","event":"  - dim_race: 256 races","logger":"task.stdout"}
{"timestamp":"2026-02-13T14:43:48.545427Z","level":"info","event":"  - dim_time: 6,940 dates","logger":"task.stdout"}
{"timestamp":"2026-02-13T14:43:48.545615Z","level":"info","event":"","logger":"task.stdout"}
{"timestamp":"2026-02-13T14:43:48.545904Z","level":"info","event":"[STEP 4] Resolving foreign keys...","logger":"task.stdout"}
{"timestamp":"2026-02-13T14:43:48.551184Z","level":"info","event":"  Building race-driver-constructor mapping from race results...","logger":"task.stdout"}
{"timestamp":"2026-02-13T14:43:48.556919Z","level":"info","event":" Downloaded facts/fact_race_results/year=2024/data.parquet (100 rows)","logger":"task.stdout"}
{"timestamp":"2026-02-13T14:43:48.573927Z","level":"info","event":"  Built race-driver-constructor mapping: 100 entries","logger":"task.stdout"}
{"timestamp":"2026-02-13T14:43:48.574191Z","level":"info","event":"Created lookup dictionaries:","logger":"task.stdout"}
{"timestamp":"2026-02-13T14:43:48.574456Z","level":"info","event":"  - driver_ref -> driver_key: 70 entries","logger":"task.stdout"}
{"timestamp":"2026-02-13T14:43:48.574633Z","level":"info","event":"  - race_year+race_round -> race_key: 256 entries","logger":"task.stdout"}
{"timestamp":"2026-02-13T14:43:48.574832Z","level":"info","event":"  - race_date -> time_key: 6940 entries","logger":"task.stdout"}
{"timestamp":"2026-02-13T14:43:48.584855Z","level":"info","event":"WARNING: 632 pit stops have unresolved constructor_key!","logger":"task.stdout"}
{"timestamp":"2026-02-13T14:43:48.599276Z","level":"info","event":"All FKs resolved successfully","logger":"task.stdout"}
{"timestamp":"2026-02-13T14:43:48.599567Z","level":"info","event":"","logger":"task.stdout"}
{"timestamp":"2026-02-13T14:43:48.599801Z","level":"info","event":"[STEP 5] Loading existing Silver data...","logger":"task.stdout"}
{"timestamp":"2026-02-13T14:43:48.601111Z","level":"info","event":"Error reading facts/fact_pitstops/year=2024/data.parquet: S3 operation failed; code: NoSuchKey, message: The specified key does not exist., resource: /f1-silver/facts/fact_pitstops/year=2024/data.parquet, request_id: 1893D581051C4318, host_id: dd9025bab4ad464b049177c95eb6ebf374d3b3fd1af9251148b658df7ac2e3e8, bucket_name: f1-silver, object_name: facts/fact_pitstops/year=2024/data.parquet","logger":"task.stdout"}
{"timestamp":"2026-02-13T14:43:48.601396Z","level":"info","event":"No existing Silver data found (first run)","logger":"task.stdout"}
{"timestamp":"2026-02-13T14:43:48.601693Z","level":"info","event":"","logger":"task.stdout"}
{"timestamp":"2026-02-13T14:43:48.601925Z","level":"info","event":"[STEP 6] Merging API data with existing Silver...","logger":"task.stdout"}
{"timestamp":"2026-02-13T14:43:48.602141Z","level":"info","event":"","logger":"task.stdout"}
{"timestamp":"2026-02-13T14:43:48.602354Z","level":"info","event":"  Merge Configuration:","logger":"task.stdout"}
{"timestamp":"2026-02-13T14:43:48.602574Z","level":"info","event":"Existing pit stops: 0","logger":"task.stdout"}
{"timestamp":"2026-02-13T14:43:48.602798Z","level":"info","event":"New API pit stops: 825","logger":"task.stdout"}
{"timestamp":"2026-02-13T14:43:48.603044Z","level":"info","event":"Merge key: race_year + race_round + driver_ref + stop_number","logger":"task.stdout"}
{"timestamp":"2026-02-13T14:43:48.603257Z","level":"info","event":"CSV priority: YES (skip API for CSV pit stops)","logger":"task.stdout"}
{"timestamp":"2026-02-13T14:43:48.603477Z","level":"info","event":"","logger":"task.stdout"}
{"timestamp":"2026-02-13T14:43:48.603753Z","level":"info","event":"  FIRST RUN: No existing data, adding all API pit stops","logger":"task.stdout"}
{"timestamp":"2026-02-13T14:43:48.604022Z","level":"info","event":"  Generated pitstop_key: 1-825","logger":"task.stdout"}
{"timestamp":"2026-02-13T14:43:48.604316Z","level":"info","event":"Merge complete: 825 total pit stops","logger":"task.stdout"}
{"timestamp":"2026-02-13T14:43:48.604519Z","level":"info","event":"","logger":"task.stdout"}
{"timestamp":"2026-02-13T14:43:48.604719Z","level":"info","event":"[STEP 7] Writing to Silver layer (partitioned by year)...","logger":"task.stdout"}
{"timestamp":"2026-02-13T14:43:48.615129Z","level":"info","event":" Uploaded facts/fact_pitstops/year=2024/data.parquet (825 rows)","logger":"task.stdout"}
{"timestamp":"2026-02-13T14:43:48.616059Z","level":"info","event":"  Year 2024: 825 pit stops written","logger":"task.stdout"}
{"timestamp":"2026-02-13T14:43:48.616415Z","level":"info","event":"Written to: s3://f1-silver/facts/fact_pitstops/year=*/data.parquet","logger":"task.stdout"}
{"timestamp":"2026-02-13T14:43:48.616847Z","level":"info","event":"","logger":"task.stdout"}
{"timestamp":"2026-02-13T14:43:48.617156Z","level":"info","event":"======================================================================","logger":"task.stdout"}
{"timestamp":"2026-02-13T14:43:48.617414Z","level":"info","event":"BACKFILL SUMMARY","logger":"task.stdout"}
{"timestamp":"2026-02-13T14:43:48.617662Z","level":"info","event":"======================================================================","logger":"task.stdout"}
{"timestamp":"2026-02-13T14:43:48.617906Z","level":"info","event":"  Existing pit stops in Silver: 0","logger":"task.stdout"}
{"timestamp":"2026-02-13T14:43:48.622174Z","level":"info","event":"  API pit stops scraped: 825","logger":"task.stdout"}
{"timestamp":"2026-02-13T14:43:48.622658Z","level":"info","event":"  Final pit stop count: 825","logger":"task.stdout"}
{"timestamp":"2026-02-13T14:43:48.622966Z","level":"info","event":"  New pit stops added: 825","logger":"task.stdout"}
{"timestamp":"2026-02-13T14:43:48.623286Z","level":"info","event":"","logger":"task.stdout"}
{"timestamp":"2026-02-13T14:43:48.623538Z","level":"info","event":"  Final source breakdown:","logger":"task.stdout"}
{"timestamp":"2026-02-13T14:43:48.623827Z","level":"info","event":"    api            : 825","logger":"task.stdout"}
{"timestamp":"2026-02-13T14:43:48.624062Z","level":"info","event":"======================================================================","logger":"task.stdout"}
{"timestamp":"2026-02-13T14:43:48.635968Z","level":"info","event":"Done. Returned value was: {'existing_count': 0, 'api_scraped': 825, 'final_count': 825, 'new_pitstops_added': 825}","logger":"airflow.task.operators.airflow.providers.standard.operators.python.PythonOperator","filename":"python.py","lineno":216}
{"timestamp":"2026-02-13T14:43:48.636346Z","level":"info","event":"Pushing xcom","ti":"RuntimeTaskInstance(id=UUID('019c5773-7da0-7fd3-b8fe-6e6952712e66'), task_id='backfill_fact_pitstops', dag_id='api_pitstops_bronze_to_silver', run_id='manual__2026-02-13T14:41:51+00:00', try_number=1, dag_version_id=UUID('019c4d6a-4e3c-7468-8489-32126267c9ad'), map_index=-1, hostname='6dc0edc1fac9', context_carrier={}, task=<Task(PythonOperator): backfill_fact_pitstops>, bundle_instance=LocalDagBundle(name=dags-folder), max_tries=2, start_date=datetime.datetime(2026, 2, 13, 14, 41, 53, 384744, tzinfo=datetime.timezone.utc), end_date=None, state=<TaskInstanceState.RUNNING: 'running'>, is_mapped=False, rendered_map_index=None)","logger":"task","filename":"task_runner.py","lineno":1450}
