{"timestamp":"2026-02-15T16:00:04.212046Z","level":"info","event":"DAG bundles loaded: dags-folder","logger":"airflow.dag_processing.bundles.manager.DagBundlesManager","filename":"manager.py","lineno":179}
{"timestamp":"2026-02-15T16:00:04.225564Z","level":"info","event":"Filling up the DagBag from /opt/airflow/dags/weekly_streaming_pipeline.py","logger":"airflow.models.dagbag.DagBag","filename":"dagbag.py","lineno":593}
{"timestamp":"2026-02-15T16:00:10.385324Z","level":"info","event":"","logger":"task.stdout"}
{"timestamp":"2026-02-15T16:00:10.387225Z","level":"info","event":"[PRODUCER] Starting fact_laps production...","logger":"task.stdout"}
{"timestamp":"2026-02-15T16:00:10.395530Z","level":"info","event":"<BrokerConnection client_id=f1-streaming-pipeline, node_id=bootstrap-0 host=kafka:29092 <connecting> [IPv4 ('172.18.0.4', 29092)]>: connecting to kafka:29092 [('172.18.0.4', 29092) IPv4]","logger":"kafka.conn","filename":"conn.py","lineno":395}
{"timestamp":"2026-02-15T16:00:10.419001Z","level":"info","event":"<BrokerConnection client_id=f1-streaming-pipeline, node_id=bootstrap-0 host=kafka:29092 <checking_api_versions_recv> [IPv4 ('172.18.0.4', 29092)]>: Broker version identified as 2.6","logger":"kafka.conn","filename":"conn.py","lineno":615}
{"timestamp":"2026-02-15T16:00:10.426087Z","level":"info","event":"<BrokerConnection client_id=f1-streaming-pipeline, node_id=bootstrap-0 host=kafka:29092 <connected> [IPv4 ('172.18.0.4', 29092)]>: Connection complete.","logger":"kafka.conn","filename":"conn.py","lineno":456}
{"timestamp":"2026-02-15T16:00:10.449094Z","level":"info","event":"","logger":"task.stdout"}
{"timestamp":"2026-02-15T16:00:10.454188Z","level":"info","event":"======================================================================","logger":"task.stdout"}
{"timestamp":"2026-02-15T16:00:10.456233Z","level":"info","event":"PRODUCING LAPS FOR 2026 → Kafka Topic: fact-laps","logger":"task.stdout"}
{"timestamp":"2026-02-15T16:00:10.456963Z","level":"info","event":"======================================================================","logger":"task.stdout"}
{"timestamp":"2026-02-15T16:00:10.457627Z","level":"info","event":"","logger":"task.stdout"}
{"timestamp":"2026-02-15T16:00:10.458289Z","level":"info","event":"","logger":"task.stdout"}
{"timestamp":"2026-02-15T16:00:10.458883Z","level":"info","event":"======================================================================","logger":"task.stdout"}
{"timestamp":"2026-02-15T16:00:10.459593Z","level":"info","event":"SCRAPING LAP TIMES FROM ERGAST API: 2026-2026","logger":"task.stdout"}
{"timestamp":"2026-02-15T16:00:10.460257Z","level":"info","event":"======================================================================","logger":"task.stdout"}
{"timestamp":"2026-02-15T16:00:10.472237Z","level":"info","event":"","logger":"task.stdout"}
{"timestamp":"2026-02-15T16:00:10.473398Z","level":"info","event":"","logger":"task.stdout"}
{"timestamp":"2026-02-15T16:00:10.474349Z","level":"info","event":"Scraping laps for 2026...","logger":"task.stdout"}
{"timestamp":"2026-02-15T16:00:33.038810Z","level":"info","event":"  Found 24 rounds in 2026","logger":"task.stdout"}
{"timestamp":"2026-02-15T16:00:33.039553Z","level":"info","event":"  Fetching laps for 2026 Round 1...","logger":"task.stdout"}
{"timestamp":"2026-02-15T16:00:56.442583Z","level":"info","event":"  No data for 2026 Round 1","logger":"task.stdout"}
{"timestamp":"2026-02-15T16:00:56.443280Z","level":"info","event":"  Fetching laps for 2026 Round 2...","logger":"task.stdout"}
{"timestamp":"2026-02-15T16:01:18.868474Z","level":"info","event":"  No data for 2026 Round 2","logger":"task.stdout"}
{"timestamp":"2026-02-15T16:01:18.869400Z","level":"info","event":"  Fetching laps for 2026 Round 3...","logger":"task.stdout"}
{"timestamp":"2026-02-15T16:01:39.595887Z","level":"info","event":"  No data for 2026 Round 3","logger":"task.stdout"}
{"timestamp":"2026-02-15T16:01:39.596593Z","level":"info","event":"  Fetching laps for 2026 Round 4...","logger":"task.stdout"}
{"timestamp":"2026-02-15T16:02:01.519215Z","level":"info","event":"  No data for 2026 Round 4","logger":"task.stdout"}
{"timestamp":"2026-02-15T16:02:01.520117Z","level":"info","event":"  Fetching laps for 2026 Round 5...","logger":"task.stdout"}
{"timestamp":"2026-02-15T16:02:22.288867Z","level":"info","event":"  No data for 2026 Round 5","logger":"task.stdout"}
{"timestamp":"2026-02-15T16:02:22.289432Z","level":"info","event":"  Fetching laps for 2026 Round 6...","logger":"task.stdout"}
{"timestamp":"2026-02-15T16:02:45.872801Z","level":"info","event":"  No data for 2026 Round 6","logger":"task.stdout"}
{"timestamp":"2026-02-15T16:02:45.873231Z","level":"info","event":"  Fetching laps for 2026 Round 7...","logger":"task.stdout"}
{"timestamp":"2026-02-15T16:03:08.197335Z","level":"info","event":"  No data for 2026 Round 7","logger":"task.stdout"}
{"timestamp":"2026-02-15T16:03:08.197955Z","level":"info","event":"  Fetching laps for 2026 Round 8...","logger":"task.stdout"}
{"timestamp":"2026-02-15T16:03:32.059137Z","level":"info","event":"  No data for 2026 Round 8","logger":"task.stdout"}
{"timestamp":"2026-02-15T16:03:32.059739Z","level":"info","event":"  Fetching laps for 2026 Round 9...","logger":"task.stdout"}
{"timestamp":"2026-02-15T16:03:52.744110Z","level":"info","event":"  No data for 2026 Round 9","logger":"task.stdout"}
{"timestamp":"2026-02-15T16:03:52.744726Z","level":"info","event":"  Fetching laps for 2026 Round 10...","logger":"task.stdout"}
{"timestamp":"2026-02-15T16:04:14.163534Z","level":"info","event":"  No data for 2026 Round 10","logger":"task.stdout"}
{"timestamp":"2026-02-15T16:04:14.164641Z","level":"info","event":"  Fetching laps for 2026 Round 11...","logger":"task.stdout"}
{"timestamp":"2026-02-15T16:04:35.274470Z","level":"info","event":"  No data for 2026 Round 11","logger":"task.stdout"}
{"timestamp":"2026-02-15T16:04:35.274835Z","level":"info","event":"  Fetching laps for 2026 Round 12...","logger":"task.stdout"}
{"timestamp":"2026-02-15T16:04:59.661034Z","level":"info","event":"  No data for 2026 Round 12","logger":"task.stdout"}
{"timestamp":"2026-02-15T16:04:59.661588Z","level":"info","event":"  Fetching laps for 2026 Round 13...","logger":"task.stdout"}
{"timestamp":"2026-02-15T16:05:10.503676Z","level":"info","event":"<BrokerConnection client_id=f1-streaming-pipeline, node_id=1 host=kafka:29092 <connecting> [IPv4 ('172.18.0.4', 29092)]>: connecting to kafka:29092 [('172.18.0.4', 29092) IPv4]","logger":"kafka.conn","filename":"conn.py","lineno":395}
{"timestamp":"2026-02-15T16:05:10.504488Z","level":"info","event":"<BrokerConnection client_id=f1-streaming-pipeline, node_id=1 host=kafka:29092 <connected> [IPv4 ('172.18.0.4', 29092)]>: Connection complete.","logger":"kafka.conn","filename":"conn.py","lineno":456}
{"timestamp":"2026-02-15T16:05:10.504866Z","level":"info","event":"<BrokerConnection client_id=f1-streaming-pipeline, node_id=bootstrap-0 host=kafka:29092 <connected> [IPv4 ('172.18.0.4', 29092)]>: Closing connection. ","logger":"kafka.conn","filename":"conn.py","lineno":936}
{"timestamp":"2026-02-15T16:05:21.165924Z","level":"info","event":"  No data for 2026 Round 13","logger":"task.stdout"}
{"timestamp":"2026-02-15T16:05:21.166890Z","level":"info","event":"  Fetching laps for 2026 Round 14...","logger":"task.stdout"}
{"timestamp":"2026-02-15T16:05:44.240813Z","level":"info","event":"  No data for 2026 Round 14","logger":"task.stdout"}
{"timestamp":"2026-02-15T16:05:44.241398Z","level":"info","event":"  Fetching laps for 2026 Round 15...","logger":"task.stdout"}
{"timestamp":"2026-02-15T16:06:07.304313Z","level":"info","event":"  No data for 2026 Round 15","logger":"task.stdout"}
{"timestamp":"2026-02-15T16:06:07.304991Z","level":"info","event":"  Fetching laps for 2026 Round 16...","logger":"task.stdout"}
{"timestamp":"2026-02-15T16:06:29.395426Z","level":"info","event":"  No data for 2026 Round 16","logger":"task.stdout"}
{"timestamp":"2026-02-15T16:06:29.396033Z","level":"info","event":"  Fetching laps for 2026 Round 17...","logger":"task.stdout"}
{"timestamp":"2026-02-15T16:06:52.440529Z","level":"info","event":"  No data for 2026 Round 17","logger":"task.stdout"}
{"timestamp":"2026-02-15T16:06:52.441181Z","level":"info","event":"  Fetching laps for 2026 Round 18...","logger":"task.stdout"}
{"timestamp":"2026-02-15T16:07:13.819823Z","level":"info","event":"  No data for 2026 Round 18","logger":"task.stdout"}
{"timestamp":"2026-02-15T16:07:13.820450Z","level":"info","event":"  Fetching laps for 2026 Round 19...","logger":"task.stdout"}
{"timestamp":"2026-02-15T16:07:37.869849Z","level":"info","event":"  No data for 2026 Round 19","logger":"task.stdout"}
{"timestamp":"2026-02-15T16:07:37.870386Z","level":"info","event":"  Fetching laps for 2026 Round 20...","logger":"task.stdout"}
{"timestamp":"2026-02-15T16:08:00.371950Z","level":"info","event":"  No data for 2026 Round 20","logger":"task.stdout"}
{"timestamp":"2026-02-15T16:08:00.372568Z","level":"info","event":"  Fetching laps for 2026 Round 21...","logger":"task.stdout"}
{"timestamp":"2026-02-15T16:08:24.432739Z","level":"info","event":"  No data for 2026 Round 21","logger":"task.stdout"}
{"timestamp":"2026-02-15T16:08:24.433289Z","level":"info","event":"  Fetching laps for 2026 Round 22...","logger":"task.stdout"}
{"timestamp":"2026-02-15T16:08:45.682355Z","level":"info","event":"  No data for 2026 Round 22","logger":"task.stdout"}
{"timestamp":"2026-02-15T16:08:45.683007Z","level":"info","event":"  Fetching laps for 2026 Round 23...","logger":"task.stdout"}
{"timestamp":"2026-02-15T16:09:08.430436Z","level":"info","event":"  No data for 2026 Round 23","logger":"task.stdout"}
{"timestamp":"2026-02-15T16:09:08.431018Z","level":"info","event":"  Fetching laps for 2026 Round 24...","logger":"task.stdout"}
{"timestamp":"2026-02-15T16:09:30.726739Z","level":"info","event":"  No data for 2026 Round 24","logger":"task.stdout"}
{"timestamp":"2026-02-15T16:09:30.731691Z","level":"info","event":"Total laps for 2026: 0","logger":"task.stdout"}
{"timestamp":"2026-02-15T16:09:30.732237Z","level":"info","event":"","logger":"task.stdout"}
{"timestamp":"2026-02-15T16:09:30.732714Z","level":"info","event":"======================================================================","logger":"task.stdout"}
{"timestamp":"2026-02-15T16:09:30.733116Z","level":"info","event":"SCRAPING COMPLETE","logger":"task.stdout"}
{"timestamp":"2026-02-15T16:09:30.733511Z","level":"info","event":"Total records: 0","logger":"task.stdout"}
{"timestamp":"2026-02-15T16:09:30.734067Z","level":"info","event":"Years covered: 2026-2026","logger":"task.stdout"}
{"timestamp":"2026-02-15T16:09:30.734467Z","level":"info","event":"======================================================================","logger":"task.stdout"}
{"timestamp":"2026-02-15T16:09:30.734826Z","level":"info","event":"","logger":"task.stdout"}
{"timestamp":"2026-02-15T16:09:30.735188Z","level":"info","event":"Transforming API data to Silver schema...","logger":"task.stdout"}
{"timestamp":"2026-02-15T16:09:30.735529Z","level":"info","event":"⚠️  No data found - returning empty list","logger":"task.stdout"}
{"timestamp":"2026-02-15T16:09:30.735930Z","level":"info","event":"⚠️  No lap records found for 2026","logger":"task.stdout"}
{"timestamp":"2026-02-15T16:09:30.725676Z","level":"info","event":"<KafkaProducer client_id=f1-streaming-pipeline transactional_id=None>: Closing the Kafka producer with 9223372036.0 secs timeout.","logger":"kafka.producer.kafka","filename":"kafka.py","lineno":630}
{"timestamp":"2026-02-15T16:09:30.727482Z","level":"info","event":"<BrokerConnection client_id=f1-streaming-pipeline, node_id=1 host=kafka:29092 <connected> [IPv4 ('172.18.0.4', 29092)]>: Closing connection. ","logger":"kafka.conn","filename":"conn.py","lineno":936}
{"timestamp":"2026-02-15T16:09:30.766624Z","level":"info","event":"[PRODUCER] Completed: {'sent': 0, 'failed': 0}","logger":"task.stdout"}
{"timestamp":"2026-02-15T16:09:30.767507Z","level":"info","event":"Done. Returned value was: {'sent': 0, 'failed': 0}","logger":"airflow.task.operators.airflow.providers.standard.operators.python.PythonOperator","filename":"python.py","lineno":216}
{"timestamp":"2026-02-15T16:09:30.769329Z","level":"info","event":"Pushing xcom","ti":"RuntimeTaskInstance(id=UUID('019c6207-b636-724c-b8f1-50f0cca308c4'), task_id='produce_fact_laps', dag_id='weekly_streaming_f1_etl', run_id='manual__2026-02-15T15:59:56+00:00', try_number=1, dag_version_id=UUID('019c61bd-e638-74f5-b658-bbd5e8d757b9'), map_index=-1, hostname='eaafa8aeb24e', context_carrier={}, task=<Task(PythonOperator): produce_fact_laps>, bundle_instance=LocalDagBundle(name=dags-folder), max_tries=2, start_date=datetime.datetime(2026, 2, 15, 16, 0, 3, 178628, tzinfo=datetime.timezone.utc), end_date=None, state=<TaskInstanceState.RUNNING: 'running'>, is_mapped=False, rendered_map_index=None)","logger":"task","filename":"task_runner.py","lineno":1450}
