{"timestamp":"2026-02-10T10:21:50.853006Z","level":"info","event":"DAG bundles loaded: dags-folder","logger":"airflow.dag_processing.bundles.manager.DagBundlesManager","filename":"manager.py","lineno":179}
{"timestamp":"2026-02-10T10:21:50.854010Z","level":"info","event":"Filling up the DagBag from /opt/airflow/dags/api_etl/api_results_bronze_to_silver.py","logger":"airflow.models.dagbag.DagBag","filename":"dagbag.py","lineno":593}
{"timestamp":"2026-02-10T10:21:51.310663Z","level":"info","event":"======================================================================","logger":"task.stdout"}
{"timestamp":"2026-02-10T10:21:51.311399Z","level":"info","event":"F1 RACE RESULTS BACKFILL: ERGAST API -> SILVER","logger":"task.stdout"}
{"timestamp":"2026-02-10T10:21:51.311896Z","level":"info","event":"======================================================================","logger":"task.stdout"}
{"timestamp":"2026-02-10T10:21:51.316424Z","level":"info","event":"","logger":"task.stdout"}
{"timestamp":"2026-02-10T10:21:51.320026Z","level":"info","event":"[STEP 1] Scraping API...","logger":"task.stdout"}
{"timestamp":"2026-02-10T10:21:51.322361Z","level":"info","event":"","logger":"task.stdout"}
{"timestamp":"2026-02-10T10:21:51.322840Z","level":"info","event":"======================================================================","logger":"task.stdout"}
{"timestamp":"2026-02-10T10:21:51.323218Z","level":"info","event":"SCRAPING RACE RESULTS FROM ERGAST API: 2011-2012","logger":"task.stdout"}
{"timestamp":"2026-02-10T10:21:51.323512Z","level":"info","event":"======================================================================","logger":"task.stdout"}
{"timestamp":"2026-02-10T10:21:51.323799Z","level":"info","event":"","logger":"task.stdout"}
{"timestamp":"2026-02-10T10:21:51.324064Z","level":"info","event":"Fetching race results for 2011...","logger":"task.stdout"}
{"timestamp":"2026-02-10T10:22:14.581974Z","level":"info","event":"100 results found across 5 races","logger":"task.stdout"}
{"timestamp":"2026-02-10T10:22:14.582493Z","level":"info","event":"Fetching race results for 2012...","logger":"task.stdout"}
{"timestamp":"2026-02-10T10:22:36.651844Z","level":"info","event":"100 results found across 5 races","logger":"task.stdout"}
{"timestamp":"2026-02-10T10:22:36.653444Z","level":"info","event":"","logger":"task.stdout"}
{"timestamp":"2026-02-10T10:22:36.655578Z","level":"info","event":"======================================================================","logger":"task.stdout"}
{"timestamp":"2026-02-10T10:22:36.656767Z","level":"info","event":"SCRAPING COMPLETE","logger":"task.stdout"}
{"timestamp":"2026-02-10T10:22:36.657083Z","level":"info","event":"Total records: 200","logger":"task.stdout"}
{"timestamp":"2026-02-10T10:22:36.657463Z","level":"info","event":"Years covered: 2011-2012","logger":"task.stdout"}
{"timestamp":"2026-02-10T10:22:36.657716Z","level":"info","event":"======================================================================","logger":"task.stdout"}
{"timestamp":"2026-02-10T10:22:36.658032Z","level":"info","event":"","logger":"task.stdout"}
{"timestamp":"2026-02-10T10:22:36.658280Z","level":"info","event":"API scraping complete: 200 result records","logger":"task.stdout"}
{"timestamp":"2026-02-10T10:22:36.658611Z","level":"info","event":"","logger":"task.stdout"}
{"timestamp":"2026-02-10T10:22:36.658945Z","level":"info","event":"[STEP 2] Transforming to Silver schema...","logger":"task.stdout"}
{"timestamp":"2026-02-10T10:22:36.659287Z","level":"info","event":"Transforming API data to Silver schema...","logger":"task.stdout"}
{"timestamp":"2026-02-10T10:22:36.673946Z","level":"info","event":"Sorted by year + round + position for stable result_id generation","logger":"task.stdout"}
{"timestamp":"2026-02-10T10:22:36.676123Z","level":"info","event":"Transformed 200 results to Silver schema","logger":"task.stdout"}
{"timestamp":"2026-02-10T10:22:36.676577Z","level":"info","event":"Source: api","logger":"task.stdout"}
{"timestamp":"2026-02-10T10:22:36.678035Z","level":"info","event":"Transformation complete: 200 results","logger":"task.stdout"}
{"timestamp":"2026-02-10T10:22:36.676245Z","level":"error","event":"Task failed with exception","logger":"task","filename":"task_runner.py","lineno":1078,"error_detail":[{"exc_type":"KeyError","exc_value":"'result_id'","exc_notes":[],"syntax_error":null,"is_cause":false,"frames":[{"filename":"/home/airflow/.local/lib/python3.12/site-packages/airflow/sdk/execution_time/task_runner.py","lineno":1004,"name":"run"},{"filename":"/home/airflow/.local/lib/python3.12/site-packages/airflow/sdk/execution_time/task_runner.py","lineno":1405,"name":"_execute_task"},{"filename":"/home/airflow/.local/lib/python3.12/site-packages/airflow/sdk/bases/operator.py","lineno":417,"name":"wrapper"},{"filename":"/home/airflow/.local/lib/python3.12/site-packages/airflow/providers/standard/operators/python.py","lineno":214,"name":"execute"},{"filename":"/home/airflow/.local/lib/python3.12/site-packages/airflow/providers/standard/operators/python.py","lineno":237,"name":"execute_callable"},{"filename":"/home/airflow/.local/lib/python3.12/site-packages/airflow/sdk/execution_time/callback_runner.py","lineno":82,"name":"run"},{"filename":"/opt/airflow/dags/api_etl/api_results_bronze_to_silver.py","lineno":280,"name":"backfill_fact_race_results"},{"filename":"/home/airflow/.local/lib/python3.12/site-packages/pandas/core/frame.py","lineno":3893,"name":"__getitem__"},{"filename":"/home/airflow/.local/lib/python3.12/site-packages/pandas/core/indexes/base.py","lineno":3798,"name":"get_loc"}],"is_group":false,"exceptions":[]},{"exc_type":"KeyError","exc_value":"'result_id'","exc_notes":[],"syntax_error":null,"is_cause":true,"frames":[{"filename":"/home/airflow/.local/lib/python3.12/site-packages/pandas/core/indexes/base.py","lineno":3791,"name":"get_loc"},{"filename":"/opt/airflow/index.pyx","lineno":152,"name":"pandas._libs.index.IndexEngine.get_loc"},{"filename":"/opt/airflow/index.pyx","lineno":181,"name":"pandas._libs.index.IndexEngine.get_loc"},{"filename":"/opt/airflow/pandas/_libs/hashtable_class_helper.pxi","lineno":7080,"name":"pandas._libs.hashtable.PyObjectHashTable.get_item"},{"filename":"/opt/airflow/pandas/_libs/hashtable_class_helper.pxi","lineno":7088,"name":"pandas._libs.hashtable.PyObjectHashTable.get_item"}],"is_group":false,"exceptions":[]}]}
