{"timestamp":"2026-02-16T10:14:05.455558Z","level":"info","event":"DAG bundles loaded: dags-folder","logger":"airflow.dag_processing.bundles.manager.DagBundlesManager","filename":"manager.py","lineno":179}
{"timestamp":"2026-02-16T10:14:05.473225Z","level":"info","event":"Filling up the DagBag from /opt/airflow/dags/weekly_streaming_pipeline.py","logger":"airflow.models.dagbag.DagBag","filename":"dagbag.py","lineno":593}
{"timestamp":"2026-02-16T10:14:12.610410Z","level":"info","event":"","logger":"task.stdout"}
{"timestamp":"2026-02-16T10:14:12.635428Z","level":"info","event":"[PRODUCER] Starting fact_driver_standings production...","logger":"task.stdout"}
{"timestamp":"2026-02-16T10:14:12.619396Z","level":"info","event":"<BrokerConnection client_id=f1-streaming-pipeline, node_id=bootstrap-0 host=kafka:29092 <connecting> [IPv4 ('172.18.0.4', 29092)]>: connecting to kafka:29092 [('172.18.0.4', 29092) IPv4]","logger":"kafka.conn","filename":"conn.py","lineno":395}
{"timestamp":"2026-02-16T10:14:12.641264Z","level":"info","event":"<BrokerConnection client_id=f1-streaming-pipeline, node_id=bootstrap-0 host=kafka:29092 <checking_api_versions_recv> [IPv4 ('172.18.0.4', 29092)]>: Broker version identified as 2.6","logger":"kafka.conn","filename":"conn.py","lineno":615}
{"timestamp":"2026-02-16T10:14:12.648645Z","level":"info","event":"<BrokerConnection client_id=f1-streaming-pipeline, node_id=bootstrap-0 host=kafka:29092 <connected> [IPv4 ('172.18.0.4', 29092)]>: Connection complete.","logger":"kafka.conn","filename":"conn.py","lineno":456}
{"timestamp":"2026-02-16T10:14:12.656777Z","level":"info","event":"","logger":"task.stdout"}
{"timestamp":"2026-02-16T10:14:12.658618Z","level":"info","event":"======================================================================","logger":"task.stdout"}
{"timestamp":"2026-02-16T10:14:12.661178Z","level":"info","event":"PRODUCING DRIVER STANDINGS FOR 2026 → Kafka Topic: fact-driver-standings","logger":"task.stdout"}
{"timestamp":"2026-02-16T10:14:12.662066Z","level":"info","event":"======================================================================","logger":"task.stdout"}
{"timestamp":"2026-02-16T10:14:12.662973Z","level":"info","event":"","logger":"task.stdout"}
{"timestamp":"2026-02-16T10:14:12.667531Z","level":"info","event":"","logger":"task.stdout"}
{"timestamp":"2026-02-16T10:14:12.668336Z","level":"info","event":"======================================================================","logger":"task.stdout"}
{"timestamp":"2026-02-16T10:14:12.669141Z","level":"info","event":"SCRAPING DRIVER STANDINGS FROM ERGAST API: 2026-2026","logger":"task.stdout"}
{"timestamp":"2026-02-16T10:14:12.669922Z","level":"info","event":"======================================================================","logger":"task.stdout"}
{"timestamp":"2026-02-16T10:14:12.670692Z","level":"info","event":"","logger":"task.stdout"}
{"timestamp":"2026-02-16T10:14:12.671485Z","level":"info","event":"Fetching driver standings for 2026...","logger":"task.stdout"}
{"timestamp":"2026-02-16T10:14:36.936041Z","level":"info","event":"0 standings found for 2026","logger":"task.stdout"}
{"timestamp":"2026-02-16T10:14:36.947941Z","level":"info","event":"","logger":"task.stdout"}
{"timestamp":"2026-02-16T10:14:36.948835Z","level":"info","event":"======================================================================","logger":"task.stdout"}
{"timestamp":"2026-02-16T10:14:36.949684Z","level":"info","event":"SCRAPING COMPLETE","logger":"task.stdout"}
{"timestamp":"2026-02-16T10:14:36.950408Z","level":"info","event":"Total records: 0","logger":"task.stdout"}
{"timestamp":"2026-02-16T10:14:36.959896Z","level":"info","event":"Years covered: 2026-2026","logger":"task.stdout"}
{"timestamp":"2026-02-16T10:14:36.962356Z","level":"info","event":"======================================================================","logger":"task.stdout"}
{"timestamp":"2026-02-16T10:14:36.963335Z","level":"info","event":"","logger":"task.stdout"}
{"timestamp":"2026-02-16T10:14:36.964146Z","level":"info","event":"Transforming API data to Silver schema...","logger":"task.stdout"}
{"timestamp":"2026-02-16T10:14:36.965316Z","level":"info","event":"No data found - returning empty DataFrame with schema: ['ds_id', 'driver_ref', 'constructor_ref', 'race_year', 'race_round', 'ds_position', 'ds_points', 'ds_wins', 'year', 'source', 'created_at']","logger":"task.stdout"}
{"timestamp":"2026-02-16T10:14:36.972138Z","level":"info","event":"⚠️  No driver standings found for 2026","logger":"task.stdout"}
{"timestamp":"2026-02-16T10:14:36.959423Z","level":"info","event":"<KafkaProducer client_id=f1-streaming-pipeline transactional_id=None>: Closing the Kafka producer with 9223372036.0 secs timeout.","logger":"kafka.producer.kafka","filename":"kafka.py","lineno":630}
{"timestamp":"2026-02-16T10:14:36.967143Z","level":"info","event":"<BrokerConnection client_id=f1-streaming-pipeline, node_id=bootstrap-0 host=kafka:29092 <connected> [IPv4 ('172.18.0.4', 29092)]>: Closing connection. ","logger":"kafka.conn","filename":"conn.py","lineno":936}
{"timestamp":"2026-02-16T10:14:37.107289Z","level":"info","event":"[PRODUCER] Completed: {'sent': 0, 'failed': 0}","logger":"task.stdout"}
{"timestamp":"2026-02-16T10:14:37.110112Z","level":"info","event":"Done. Returned value was: {'sent': 0, 'failed': 0}","logger":"airflow.task.operators.airflow.providers.standard.operators.python.PythonOperator","filename":"python.py","lineno":216}
{"timestamp":"2026-02-16T10:14:37.120825Z","level":"info","event":"Pushing xcom","ti":"RuntimeTaskInstance(id=UUID('019c65f0-169d-7f83-b103-1eee257ed5e7'), task_id='produce_fact_driver_standings', dag_id='weekly_streaming_f1_etl', run_id='manual__2026-02-16T10:12:37+00:00', try_number=1, dag_version_id=UUID('019c61bd-e638-74f5-b658-bbd5e8d757b9'), map_index=-1, hostname='8ca1c3cee112', context_carrier={}, task=<Task(PythonOperator): produce_fact_driver_standings>, bundle_instance=LocalDagBundle(name=dags-folder), max_tries=2, start_date=datetime.datetime(2026, 2, 16, 10, 14, 4, 650985, tzinfo=datetime.timezone.utc), end_date=None, state=<TaskInstanceState.RUNNING: 'running'>, is_mapped=False, rendered_map_index=None)","logger":"task","filename":"task_runner.py","lineno":1450}
