{"timestamp":"2026-02-16T10:14:05.302332Z","level":"info","event":"DAG bundles loaded: dags-folder","logger":"airflow.dag_processing.bundles.manager.DagBundlesManager","filename":"manager.py","lineno":179}
{"timestamp":"2026-02-16T10:14:05.328465Z","level":"info","event":"Filling up the DagBag from /opt/airflow/dags/weekly_streaming_pipeline.py","logger":"airflow.models.dagbag.DagBag","filename":"dagbag.py","lineno":593}
{"timestamp":"2026-02-16T10:14:11.102961Z","level":"info","event":"","logger":"task.stdout"}
{"timestamp":"2026-02-16T10:14:11.107145Z","level":"info","event":"[PRODUCER] Starting dim_constructor production...","logger":"task.stdout"}
{"timestamp":"2026-02-16T10:14:11.128180Z","level":"info","event":"<BrokerConnection client_id=f1-streaming-pipeline, node_id=bootstrap-0 host=kafka:29092 <connecting> [IPv4 ('172.18.0.4', 29092)]>: connecting to kafka:29092 [('172.18.0.4', 29092) IPv4]","logger":"kafka.conn","filename":"conn.py","lineno":395}
{"timestamp":"2026-02-16T10:14:11.160995Z","level":"info","event":"<BrokerConnection client_id=f1-streaming-pipeline, node_id=bootstrap-0 host=kafka:29092 <checking_api_versions_recv> [IPv4 ('172.18.0.4', 29092)]>: Broker version identified as 2.6","logger":"kafka.conn","filename":"conn.py","lineno":615}
{"timestamp":"2026-02-16T10:14:11.164951Z","level":"info","event":"<BrokerConnection client_id=f1-streaming-pipeline, node_id=bootstrap-0 host=kafka:29092 <connected> [IPv4 ('172.18.0.4', 29092)]>: Connection complete.","logger":"kafka.conn","filename":"conn.py","lineno":456}
{"timestamp":"2026-02-16T10:14:11.242325Z","level":"info","event":"","logger":"task.stdout"}
{"timestamp":"2026-02-16T10:14:11.245037Z","level":"info","event":"======================================================================","logger":"task.stdout"}
{"timestamp":"2026-02-16T10:14:11.252353Z","level":"info","event":"PRODUCING CONSTRUCTORS FOR 2026 → Kafka Topic: dim-constructor","logger":"task.stdout"}
{"timestamp":"2026-02-16T10:14:11.253513Z","level":"info","event":"======================================================================","logger":"task.stdout"}
{"timestamp":"2026-02-16T10:14:11.270804Z","level":"info","event":"","logger":"task.stdout"}
{"timestamp":"2026-02-16T10:14:11.272437Z","level":"info","event":"","logger":"task.stdout"}
{"timestamp":"2026-02-16T10:14:11.276542Z","level":"info","event":"======================================================================","logger":"task.stdout"}
{"timestamp":"2026-02-16T10:14:11.278051Z","level":"info","event":"SCRAPING CONSTRUCTORS FROM API: 2026-2026","logger":"task.stdout"}
{"timestamp":"2026-02-16T10:14:11.296030Z","level":"info","event":"======================================================================","logger":"task.stdout"}
{"timestamp":"2026-02-16T10:14:11.297193Z","level":"info","event":"","logger":"task.stdout"}
{"timestamp":"2026-02-16T10:14:11.298260Z","level":"info","event":"Fetching constructors for 2026...","logger":"task.stdout"}
{"timestamp":"2026-02-16T10:14:33.805665Z","level":"info","event":"11 constructors found","logger":"task.stdout"}
{"timestamp":"2026-02-16T10:14:33.823383Z","level":"info","event":"","logger":"task.stdout"}
{"timestamp":"2026-02-16T10:14:33.825288Z","level":"info","event":"======================================================================","logger":"task.stdout"}
{"timestamp":"2026-02-16T10:14:33.848580Z","level":"info","event":"SCRAPING COMPLETE","logger":"task.stdout"}
{"timestamp":"2026-02-16T10:14:33.860125Z","level":"info","event":"Total records: 11","logger":"task.stdout"}
{"timestamp":"2026-02-16T10:14:33.876083Z","level":"info","event":"Unique constructors (by constructorId): 11","logger":"task.stdout"}
{"timestamp":"2026-02-16T10:14:33.889169Z","level":"info","event":"Years covered: 2026-2026","logger":"task.stdout"}
{"timestamp":"2026-02-16T10:14:33.893074Z","level":"info","event":"======================================================================","logger":"task.stdout"}
{"timestamp":"2026-02-16T10:14:33.903331Z","level":"info","event":"","logger":"task.stdout"}
{"timestamp":"2026-02-16T10:14:33.907129Z","level":"info","event":"Transforming API data to Silver schema...","logger":"task.stdout"}
{"timestamp":"2026-02-16T10:14:33.926092Z","level":"info","event":"Deduplication: 11 records → 11 unique constructors","logger":"task.stdout"}
{"timestamp":"2026-02-16T10:14:33.943941Z","level":"info","event":"Sorted by constructorId (alphabetically) for stable constructor_id generation","logger":"task.stdout"}
{"timestamp":"2026-02-16T10:14:33.961798Z","level":"info","event":"Generated constructor_id: 10001 - 10011","logger":"task.stdout"}
{"timestamp":"2026-02-16T10:14:33.971559Z","level":"info","event":"Transformed 11 constructors to Silver schema","logger":"task.stdout"}
{"timestamp":"2026-02-16T10:14:33.983944Z","level":"info","event":"Source: api","logger":"task.stdout"}
{"timestamp":"2026-02-16T10:14:33.999839Z","level":"info","event":"constructor_id range: 10001 - 10011","logger":"task.stdout"}
{"timestamp":"2026-02-16T10:14:34.001239Z","level":"info","event":"Scraped 11 constructors for 2026","logger":"task.stdout"}
{"timestamp":"2026-02-16T10:14:34.006183Z","level":"info","event":" Sent to dim-constructor | Key: alpine | Partition: 0","logger":"task.stdout"}
{"timestamp":"2026-02-16T10:14:33.867066Z","level":"info","event":"<BrokerConnection client_id=f1-streaming-pipeline, node_id=1 host=kafka:29092 <connecting> [IPv4 ('172.18.0.4', 29092)]>: connecting to kafka:29092 [('172.18.0.4', 29092) IPv4]","logger":"kafka.conn","filename":"conn.py","lineno":395}
{"timestamp":"2026-02-16T10:14:33.869098Z","level":"info","event":"<BrokerConnection client_id=f1-streaming-pipeline, node_id=1 host=kafka:29092 <connected> [IPv4 ('172.18.0.4', 29092)]>: Connection complete.","logger":"kafka.conn","filename":"conn.py","lineno":456}
{"timestamp":"2026-02-16T10:14:33.869739Z","level":"info","event":"<BrokerConnection client_id=f1-streaming-pipeline, node_id=bootstrap-0 host=kafka:29092 <connected> [IPv4 ('172.18.0.4', 29092)]>: Closing connection. ","logger":"kafka.conn","filename":"conn.py","lineno":936}
{"timestamp":"2026-02-16T10:14:34.069756Z","level":"info","event":" Sent to dim-constructor | Key: aston_martin | Partition: 0","logger":"task.stdout"}
{"timestamp":"2026-02-16T10:14:34.084504Z","level":"info","event":" Sent to dim-constructor | Key: audi | Partition: 0","logger":"task.stdout"}
{"timestamp":"2026-02-16T10:14:34.093140Z","level":"info","event":" Sent to dim-constructor | Key: cadillac | Partition: 0","logger":"task.stdout"}
{"timestamp":"2026-02-16T10:14:34.094358Z","level":"info","event":" Sent to dim-constructor | Key: ferrari | Partition: 0","logger":"task.stdout"}
{"timestamp":"2026-02-16T10:14:34.100023Z","level":"info","event":" Sent to dim-constructor | Key: haas | Partition: 0","logger":"task.stdout"}
{"timestamp":"2026-02-16T10:14:34.103052Z","level":"info","event":" Sent to dim-constructor | Key: mclaren | Partition: 0","logger":"task.stdout"}
{"timestamp":"2026-02-16T10:14:34.106092Z","level":"info","event":" Sent to dim-constructor | Key: mercedes | Partition: 0","logger":"task.stdout"}
{"timestamp":"2026-02-16T10:14:34.113584Z","level":"info","event":" Sent to dim-constructor | Key: rb | Partition: 0","logger":"task.stdout"}
{"timestamp":"2026-02-16T10:14:34.116237Z","level":"info","event":" Sent to dim-constructor | Key: red_bull | Partition: 0","logger":"task.stdout"}
{"timestamp":"2026-02-16T10:14:34.142355Z","level":"info","event":" Sent to dim-constructor | Key: williams | Partition: 0","logger":"task.stdout"}
{"timestamp":"2026-02-16T10:14:34.152705Z","level":"info","event":"","logger":"task.stdout"}
{"timestamp":"2026-02-16T10:14:34.160756Z","level":"info","event":"📊 Batch Stats for dim-constructor:","logger":"task.stdout"}
{"timestamp":"2026-02-16T10:14:34.162061Z","level":"info","event":"    Sent: 11","logger":"task.stdout"}
{"timestamp":"2026-02-16T10:14:34.172729Z","level":"info","event":"   ❌ Failed: 0","logger":"task.stdout"}
{"timestamp":"2026-02-16T10:14:34.090846Z","level":"info","event":"<KafkaProducer client_id=f1-streaming-pipeline transactional_id=None>: Closing the Kafka producer with 9223372036.0 secs timeout.","logger":"kafka.producer.kafka","filename":"kafka.py","lineno":630}
{"timestamp":"2026-02-16T10:14:34.092400Z","level":"info","event":"<BrokerConnection client_id=f1-streaming-pipeline, node_id=1 host=kafka:29092 <connected> [IPv4 ('172.18.0.4', 29092)]>: Closing connection. ","logger":"kafka.conn","filename":"conn.py","lineno":936}
{"timestamp":"2026-02-16T10:14:34.339251Z","level":"info","event":"[PRODUCER] Completed: {'sent': 11, 'failed': 0}","logger":"task.stdout"}
{"timestamp":"2026-02-16T10:14:34.318905Z","level":"info","event":"Done. Returned value was: {'sent': 11, 'failed': 0}","logger":"airflow.task.operators.airflow.providers.standard.operators.python.PythonOperator","filename":"python.py","lineno":216}
{"timestamp":"2026-02-16T10:14:34.319954Z","level":"info","event":"Pushing xcom","ti":"RuntimeTaskInstance(id=UUID('019c65f0-1697-7fd7-9dbf-71ba35b7df73'), task_id='produce_dim_constructor', dag_id='weekly_streaming_f1_etl', run_id='manual__2026-02-16T10:12:37+00:00', try_number=1, dag_version_id=UUID('019c61bd-e638-74f5-b658-bbd5e8d757b9'), map_index=-1, hostname='8ca1c3cee112', context_carrier={}, task=<Task(PythonOperator): produce_dim_constructor>, bundle_instance=LocalDagBundle(name=dags-folder), max_tries=2, start_date=datetime.datetime(2026, 2, 16, 10, 14, 4, 519152, tzinfo=datetime.timezone.utc), end_date=None, state=<TaskInstanceState.RUNNING: 'running'>, is_mapped=False, rendered_map_index=None)","logger":"task","filename":"task_runner.py","lineno":1450}
