{"timestamp":"2026-02-13T13:49:53.063547Z","level":"info","event":"DAG bundles loaded: dags-folder","logger":"airflow.dag_processing.bundles.manager.DagBundlesManager","filename":"manager.py","lineno":179}
{"timestamp":"2026-02-13T13:49:53.064576Z","level":"info","event":"Filling up the DagBag from /opt/airflow/dags/master_pipeline.py","logger":"airflow.models.dagbag.DagBag","filename":"dagbag.py","lineno":593}
{"timestamp":"2026-02-13T13:49:53.114736Z","level":"warning","event":"The `airflow.operators.trigger_dagrun.TriggerDagRunOperator` attribute is deprecated. Please use `'airflow.providers.standard.operators.trigger_dagrun.TriggerDagRunOperator'`.","category":"DeprecatedImportWarning","filename":"/opt/airflow/dags/master_pipeline.py","lineno":34,"logger":"py.warnings"}
{"timestamp":"2026-02-13T13:49:53.114871Z","level":"warning","event":"The `airflow.operators.python.PythonOperator` attribute is deprecated. Please use `'airflow.providers.standard.operators.python.PythonOperator'`.","category":"DeprecatedImportWarning","filename":"/opt/airflow/dags/master_pipeline.py","lineno":35,"logger":"py.warnings"}
{"timestamp":"2026-02-13T13:49:53.484087Z","level":"info","event":"Triggering Dag Run.","trigger_dag_id":"api_pitstops_bronze_to_silver","logger":"task","filename":"task_runner.py","lineno":1146}
{"timestamp":"2026-02-13T13:49:53.503931Z","level":"info","event":"Dag Run triggered successfully.","trigger_dag_id":"api_pitstops_bronze_to_silver","logger":"task","filename":"task_runner.py","lineno":1180}
{"timestamp":"2026-02-13T13:49:53.514869Z","level":"info","event":"Waiting for dag run to complete execution in allowed state.","dag_id":"api_pitstops_bronze_to_silver","run_id":"manual__2026-02-13T13:49:53.185712+00:00","allowed_state":["success"],"logger":"task","filename":"task_runner.py","lineno":1207}
{"timestamp":"2026-02-13T13:50:23.524708Z","level":"info","event":"Waiting for dag run to complete execution in allowed state.","dag_id":"api_pitstops_bronze_to_silver","run_id":"manual__2026-02-13T13:49:53.185712+00:00","allowed_state":["success"],"logger":"task","filename":"task_runner.py","lineno":1207}
{"timestamp":"2026-02-13T13:50:53.532952Z","level":"info","event":"Waiting for dag run to complete execution in allowed state.","dag_id":"api_pitstops_bronze_to_silver","run_id":"manual__2026-02-13T13:49:53.185712+00:00","allowed_state":["success"],"logger":"task","filename":"task_runner.py","lineno":1207}
{"timestamp":"2026-02-13T13:51:23.538264Z","level":"info","event":"Waiting for dag run to complete execution in allowed state.","dag_id":"api_pitstops_bronze_to_silver","run_id":"manual__2026-02-13T13:49:53.185712+00:00","allowed_state":["success"],"logger":"task","filename":"task_runner.py","lineno":1207}
{"timestamp":"2026-02-13T13:51:53.542904Z","level":"info","event":"Waiting for dag run to complete execution in allowed state.","dag_id":"api_pitstops_bronze_to_silver","run_id":"manual__2026-02-13T13:49:53.185712+00:00","allowed_state":["success"],"logger":"task","filename":"task_runner.py","lineno":1207}
{"timestamp":"2026-02-13T13:52:23.547574Z","level":"info","event":"Waiting for dag run to complete execution in allowed state.","dag_id":"api_pitstops_bronze_to_silver","run_id":"manual__2026-02-13T13:49:53.185712+00:00","allowed_state":["success"],"logger":"task","filename":"task_runner.py","lineno":1207}
{"timestamp":"2026-02-13T13:52:53.552268Z","level":"info","event":"Waiting for dag run to complete execution in allowed state.","dag_id":"api_pitstops_bronze_to_silver","run_id":"manual__2026-02-13T13:49:53.185712+00:00","allowed_state":["success"],"logger":"task","filename":"task_runner.py","lineno":1207}
{"timestamp":"2026-02-13T13:53:23.557505Z","level":"info","event":"Waiting for dag run to complete execution in allowed state.","dag_id":"api_pitstops_bronze_to_silver","run_id":"manual__2026-02-13T13:49:53.185712+00:00","allowed_state":["success"],"logger":"task","filename":"task_runner.py","lineno":1207}
{"timestamp":"2026-02-13T13:53:53.562254Z","level":"info","event":"Waiting for dag run to complete execution in allowed state.","dag_id":"api_pitstops_bronze_to_silver","run_id":"manual__2026-02-13T13:49:53.185712+00:00","allowed_state":["success"],"logger":"task","filename":"task_runner.py","lineno":1207}
{"timestamp":"2026-02-13T13:54:23.567723Z","level":"info","event":"Waiting for dag run to complete execution in allowed state.","dag_id":"api_pitstops_bronze_to_silver","run_id":"manual__2026-02-13T13:49:53.185712+00:00","allowed_state":["success"],"logger":"task","filename":"task_runner.py","lineno":1207}
{"timestamp":"2026-02-13T13:54:53.574160Z","level":"info","event":"Waiting for dag run to complete execution in allowed state.","dag_id":"api_pitstops_bronze_to_silver","run_id":"manual__2026-02-13T13:49:53.185712+00:00","allowed_state":["success"],"logger":"task","filename":"task_runner.py","lineno":1207}
{"timestamp":"2026-02-13T13:55:23.587506Z","level":"info","event":"Waiting for dag run to complete execution in allowed state.","dag_id":"api_pitstops_bronze_to_silver","run_id":"manual__2026-02-13T13:49:53.185712+00:00","allowed_state":["success"],"logger":"task","filename":"task_runner.py","lineno":1207}
{"timestamp":"2026-02-13T13:55:53.593815Z","level":"info","event":"Waiting for dag run to complete execution in allowed state.","dag_id":"api_pitstops_bronze_to_silver","run_id":"manual__2026-02-13T13:49:53.185712+00:00","allowed_state":["success"],"logger":"task","filename":"task_runner.py","lineno":1207}
{"timestamp":"2026-02-13T13:56:23.600810Z","level":"info","event":"Waiting for dag run to complete execution in allowed state.","dag_id":"api_pitstops_bronze_to_silver","run_id":"manual__2026-02-13T13:49:53.185712+00:00","allowed_state":["success"],"logger":"task","filename":"task_runner.py","lineno":1207}
{"timestamp":"2026-02-13T13:56:53.606932Z","level":"info","event":"Waiting for dag run to complete execution in allowed state.","dag_id":"api_pitstops_bronze_to_silver","run_id":"manual__2026-02-13T13:49:53.185712+00:00","allowed_state":["success"],"logger":"task","filename":"task_runner.py","lineno":1207}
{"timestamp":"2026-02-13T13:57:23.612482Z","level":"info","event":"Waiting for dag run to complete execution in allowed state.","dag_id":"api_pitstops_bronze_to_silver","run_id":"manual__2026-02-13T13:49:53.185712+00:00","allowed_state":["success"],"logger":"task","filename":"task_runner.py","lineno":1207}
{"timestamp":"2026-02-13T13:57:53.628266Z","level":"info","event":"Waiting for dag run to complete execution in allowed state.","dag_id":"api_pitstops_bronze_to_silver","run_id":"manual__2026-02-13T13:49:53.185712+00:00","allowed_state":["success"],"logger":"task","filename":"task_runner.py","lineno":1207}
{"timestamp":"2026-02-13T13:58:23.633434Z","level":"info","event":"Waiting for dag run to complete execution in allowed state.","dag_id":"api_pitstops_bronze_to_silver","run_id":"manual__2026-02-13T13:49:53.185712+00:00","allowed_state":["success"],"logger":"task","filename":"task_runner.py","lineno":1207}
{"timestamp":"2026-02-13T13:58:53.638166Z","level":"info","event":"Waiting for dag run to complete execution in allowed state.","dag_id":"api_pitstops_bronze_to_silver","run_id":"manual__2026-02-13T13:49:53.185712+00:00","allowed_state":["success"],"logger":"task","filename":"task_runner.py","lineno":1207}
{"timestamp":"2026-02-13T13:59:23.646762Z","level":"info","event":"Waiting for dag run to complete execution in allowed state.","dag_id":"api_pitstops_bronze_to_silver","run_id":"manual__2026-02-13T13:49:53.185712+00:00","allowed_state":["success"],"logger":"task","filename":"task_runner.py","lineno":1207}
{"timestamp":"2026-02-13T13:59:53.651907Z","level":"info","event":"Waiting for dag run to complete execution in allowed state.","dag_id":"api_pitstops_bronze_to_silver","run_id":"manual__2026-02-13T13:49:53.185712+00:00","allowed_state":["success"],"logger":"task","filename":"task_runner.py","lineno":1207}
{"timestamp":"2026-02-13T14:00:23.656615Z","level":"info","event":"Waiting for dag run to complete execution in allowed state.","dag_id":"api_pitstops_bronze_to_silver","run_id":"manual__2026-02-13T13:49:53.185712+00:00","allowed_state":["success"],"logger":"task","filename":"task_runner.py","lineno":1207}
{"timestamp":"2026-02-13T14:00:53.666151Z","level":"info","event":"Waiting for dag run to complete execution in allowed state.","dag_id":"api_pitstops_bronze_to_silver","run_id":"manual__2026-02-13T13:49:53.185712+00:00","allowed_state":["success"],"logger":"task","filename":"task_runner.py","lineno":1207}
{"timestamp":"2026-02-13T14:01:23.673167Z","level":"info","event":"Waiting for dag run to complete execution in allowed state.","dag_id":"api_pitstops_bronze_to_silver","run_id":"manual__2026-02-13T13:49:53.185712+00:00","allowed_state":["success"],"logger":"task","filename":"task_runner.py","lineno":1207}
{"timestamp":"2026-02-13T14:01:53.678519Z","level":"info","event":"Waiting for dag run to complete execution in allowed state.","dag_id":"api_pitstops_bronze_to_silver","run_id":"manual__2026-02-13T13:49:53.185712+00:00","allowed_state":["success"],"logger":"task","filename":"task_runner.py","lineno":1207}
{"timestamp":"2026-02-13T14:02:23.719082Z","level":"info","event":"Waiting for dag run to complete execution in allowed state.","dag_id":"api_pitstops_bronze_to_silver","run_id":"manual__2026-02-13T13:49:53.185712+00:00","allowed_state":["success"],"logger":"task","filename":"task_runner.py","lineno":1207}
{"timestamp":"2026-02-13T14:02:53.725616Z","level":"info","event":"Waiting for dag run to complete execution in allowed state.","dag_id":"api_pitstops_bronze_to_silver","run_id":"manual__2026-02-13T13:49:53.185712+00:00","allowed_state":["success"],"logger":"task","filename":"task_runner.py","lineno":1207}
{"timestamp":"2026-02-13T14:03:23.733206Z","level":"info","event":"Waiting for dag run to complete execution in allowed state.","dag_id":"api_pitstops_bronze_to_silver","run_id":"manual__2026-02-13T13:49:53.185712+00:00","allowed_state":["success"],"logger":"task","filename":"task_runner.py","lineno":1207}
{"timestamp":"2026-02-13T14:03:53.738632Z","level":"info","event":"Waiting for dag run to complete execution in allowed state.","dag_id":"api_pitstops_bronze_to_silver","run_id":"manual__2026-02-13T13:49:53.185712+00:00","allowed_state":["success"],"logger":"task","filename":"task_runner.py","lineno":1207}
{"timestamp":"2026-02-13T14:04:23.745032Z","level":"info","event":"Waiting for dag run to complete execution in allowed state.","dag_id":"api_pitstops_bronze_to_silver","run_id":"manual__2026-02-13T13:49:53.185712+00:00","allowed_state":["success"],"logger":"task","filename":"task_runner.py","lineno":1207}
{"timestamp":"2026-02-13T14:04:53.750168Z","level":"info","event":"Waiting for dag run to complete execution in allowed state.","dag_id":"api_pitstops_bronze_to_silver","run_id":"manual__2026-02-13T13:49:53.185712+00:00","allowed_state":["success"],"logger":"task","filename":"task_runner.py","lineno":1207}
{"timestamp":"2026-02-13T14:05:23.755550Z","level":"info","event":"Waiting for dag run to complete execution in allowed state.","dag_id":"api_pitstops_bronze_to_silver","run_id":"manual__2026-02-13T13:49:53.185712+00:00","allowed_state":["success"],"logger":"task","filename":"task_runner.py","lineno":1207}
{"timestamp":"2026-02-13T14:05:53.761438Z","level":"info","event":"Waiting for dag run to complete execution in allowed state.","dag_id":"api_pitstops_bronze_to_silver","run_id":"manual__2026-02-13T13:49:53.185712+00:00","allowed_state":["success"],"logger":"task","filename":"task_runner.py","lineno":1207}
{"timestamp":"2026-02-13T14:06:23.884469Z","level":"info","event":"Waiting for dag run to complete execution in allowed state.","dag_id":"api_pitstops_bronze_to_silver","run_id":"manual__2026-02-13T13:49:53.185712+00:00","allowed_state":["success"],"logger":"task","filename":"task_runner.py","lineno":1207}
{"timestamp":"2026-02-13T14:06:53.890910Z","level":"info","event":"Waiting for dag run to complete execution in allowed state.","dag_id":"api_pitstops_bronze_to_silver","run_id":"manual__2026-02-13T13:49:53.185712+00:00","allowed_state":["success"],"logger":"task","filename":"task_runner.py","lineno":1207}
{"timestamp":"2026-02-13T14:07:23.897177Z","level":"info","event":"Waiting for dag run to complete execution in allowed state.","dag_id":"api_pitstops_bronze_to_silver","run_id":"manual__2026-02-13T13:49:53.185712+00:00","allowed_state":["success"],"logger":"task","filename":"task_runner.py","lineno":1207}
{"timestamp":"2026-02-13T14:07:53.903585Z","level":"info","event":"Waiting for dag run to complete execution in allowed state.","dag_id":"api_pitstops_bronze_to_silver","run_id":"manual__2026-02-13T13:49:53.185712+00:00","allowed_state":["success"],"logger":"task","filename":"task_runner.py","lineno":1207}
{"timestamp":"2026-02-13T14:08:23.909978Z","level":"info","event":"Waiting for dag run to complete execution in allowed state.","dag_id":"api_pitstops_bronze_to_silver","run_id":"manual__2026-02-13T13:49:53.185712+00:00","allowed_state":["success"],"logger":"task","filename":"task_runner.py","lineno":1207}
{"timestamp":"2026-02-13T14:08:53.916189Z","level":"info","event":"Waiting for dag run to complete execution in allowed state.","dag_id":"api_pitstops_bronze_to_silver","run_id":"manual__2026-02-13T13:49:53.185712+00:00","allowed_state":["success"],"logger":"task","filename":"task_runner.py","lineno":1207}
{"timestamp":"2026-02-13T14:09:23.921571Z","level":"info","event":"Waiting for dag run to complete execution in allowed state.","dag_id":"api_pitstops_bronze_to_silver","run_id":"manual__2026-02-13T13:49:53.185712+00:00","allowed_state":["success"],"logger":"task","filename":"task_runner.py","lineno":1207}
{"timestamp":"2026-02-13T14:09:53.927359Z","level":"info","event":"Waiting for dag run to complete execution in allowed state.","dag_id":"api_pitstops_bronze_to_silver","run_id":"manual__2026-02-13T13:49:53.185712+00:00","allowed_state":["success"],"logger":"task","filename":"task_runner.py","lineno":1207}
{"timestamp":"2026-02-13T14:10:23.933193Z","level":"info","event":"Waiting for dag run to complete execution in allowed state.","dag_id":"api_pitstops_bronze_to_silver","run_id":"manual__2026-02-13T13:49:53.185712+00:00","allowed_state":["success"],"logger":"task","filename":"task_runner.py","lineno":1207}
{"timestamp":"2026-02-13T14:10:53.939796Z","level":"info","event":"Waiting for dag run to complete execution in allowed state.","dag_id":"api_pitstops_bronze_to_silver","run_id":"manual__2026-02-13T13:49:53.185712+00:00","allowed_state":["success"],"logger":"task","filename":"task_runner.py","lineno":1207}
{"timestamp":"2026-02-13T14:11:23.948429Z","level":"error","event":"DagRun finished with failed state.","dag_id":"api_pitstops_bronze_to_silver","state":"failed","logger":"task","filename":"task_runner.py","lineno":1221}
