{"timestamp":"2026-02-12T15:16:36.480560Z","level":"info","event":"DAG bundles loaded: dags-folder","logger":"airflow.dag_processing.bundles.manager.DagBundlesManager","filename":"manager.py","lineno":179}
{"timestamp":"2026-02-12T15:16:36.496392Z","level":"info","event":"Filling up the DagBag from /opt/airflow/dags/api_etl/api_drivers_bronze_to_silver.py","logger":"airflow.models.dagbag.DagBag","filename":"dagbag.py","lineno":593}
{"timestamp":"2026-02-12T15:16:38.357263Z","level":"info","event":"======================================================================","logger":"task.stdout"}
{"timestamp":"2026-02-12T15:16:38.358324Z","level":"info","event":"F1 DRIVER BACKFILL: ERGAST API → SILVER","logger":"task.stdout"}
{"timestamp":"2026-02-12T15:16:38.359148Z","level":"info","event":"======================================================================","logger":"task.stdout"}
{"timestamp":"2026-02-12T15:16:38.671349Z","level":"info","event":"","logger":"task.stdout"}
{"timestamp":"2026-02-12T15:16:38.674342Z","level":"info","event":"[STEP 1] Scraping API...","logger":"task.stdout"}
{"timestamp":"2026-02-12T15:16:38.675037Z","level":"info","event":"","logger":"task.stdout"}
{"timestamp":"2026-02-12T15:16:38.682351Z","level":"info","event":"======================================================================","logger":"task.stdout"}
{"timestamp":"2026-02-12T15:16:38.682959Z","level":"info","event":"SCRAPING DRIVERS FROM ERGAST API: 2024-2025","logger":"task.stdout"}
{"timestamp":"2026-02-12T15:16:38.683297Z","level":"info","event":"======================================================================","logger":"task.stdout"}
{"timestamp":"2026-02-12T15:16:38.683603Z","level":"info","event":"","logger":"task.stdout"}
{"timestamp":"2026-02-12T15:16:38.683829Z","level":"info","event":"Fetching drivers for 2024...","logger":"task.stdout"}
{"timestamp":"2026-02-12T15:17:02.886190Z","level":"info","event":"25 drivers found","logger":"task.stdout"}
{"timestamp":"2026-02-12T15:17:02.886751Z","level":"info","event":"Fetching drivers for 2025...","logger":"task.stdout"}
{"timestamp":"2026-02-12T15:17:24.220772Z","level":"info","event":"30 drivers found","logger":"task.stdout"}
{"timestamp":"2026-02-12T15:17:24.225201Z","level":"info","event":"","logger":"task.stdout"}
{"timestamp":"2026-02-12T15:17:24.225624Z","level":"info","event":"======================================================================","logger":"task.stdout"}
{"timestamp":"2026-02-12T15:17:24.225982Z","level":"info","event":"SCRAPING COMPLETE","logger":"task.stdout"}
{"timestamp":"2026-02-12T15:17:24.226335Z","level":"info","event":"Total records: 55","logger":"task.stdout"}
{"timestamp":"2026-02-12T15:17:24.226749Z","level":"info","event":"Unique drivers (by driverId): 36","logger":"task.stdout"}
{"timestamp":"2026-02-12T15:17:24.227070Z","level":"info","event":"Years covered: 2024-2025","logger":"task.stdout"}
{"timestamp":"2026-02-12T15:17:24.227345Z","level":"info","event":"======================================================================","logger":"task.stdout"}
{"timestamp":"2026-02-12T15:17:24.227591Z","level":"info","event":"","logger":"task.stdout"}
{"timestamp":"2026-02-12T15:17:24.227897Z","level":"info","event":"API scraping complete: 55 driver records","logger":"task.stdout"}
{"timestamp":"2026-02-12T15:17:24.228131Z","level":"info","event":"","logger":"task.stdout"}
{"timestamp":"2026-02-12T15:17:24.228391Z","level":"info","event":"[STEP 2] Transforming to Silver schema...","logger":"task.stdout"}
{"timestamp":"2026-02-12T15:17:24.228647Z","level":"info","event":"Transforming API data to Silver schema...","logger":"task.stdout"}
{"timestamp":"2026-02-12T15:17:24.229535Z","level":"info","event":"Deduplication: 55 records → 36 unique drivers","logger":"task.stdout"}
{"timestamp":"2026-02-12T15:17:24.231277Z","level":"info","event":"Sorted by driverId (alphabetically) for stable driver_id generation","logger":"task.stdout"}
{"timestamp":"2026-02-12T15:17:24.234639Z","level":"info","event":"  Generated driver_id: 10001 - 10036","logger":"task.stdout"}
{"timestamp":"2026-02-12T15:17:24.251660Z","level":"info","event":"Transformed 36 drivers to Silver schema","logger":"task.stdout"}
{"timestamp":"2026-02-12T15:17:24.252196Z","level":"info","event":"Source: ergast_api","logger":"task.stdout"}
{"timestamp":"2026-02-12T15:17:24.252632Z","level":"info","event":"driver_id range: 10001 - 10036","logger":"task.stdout"}
{"timestamp":"2026-02-12T15:17:24.252963Z","level":"info","event":"Transformation complete: 36 unique drivers","logger":"task.stdout"}
{"timestamp":"2026-02-12T15:17:24.253387Z","level":"info","event":"driver_id range: 10001 - 10036","logger":"task.stdout"}
{"timestamp":"2026-02-12T15:17:24.253716Z","level":"info","event":"","logger":"task.stdout"}
{"timestamp":"2026-02-12T15:17:24.254132Z","level":"info","event":"[STEP 3] Loading existing Silver data...","logger":"task.stdout"}
{"timestamp":"2026-02-12T15:17:24.310912Z","level":"info","event":" Downloaded dimensions/dim_driver/dim_driver.parquet (65 rows)","logger":"task.stdout"}
{"timestamp":"2026-02-12T15:17:24.311403Z","level":"info","event":"Loaded 65 existing drivers from Silver","logger":"task.stdout"}
{"timestamp":"2026-02-12T15:17:24.311786Z","level":"info","event":"Existing sources: {'f1_data.csv': 65}","logger":"task.stdout"}
{"timestamp":"2026-02-12T15:17:24.312179Z","level":"info","event":"CSV driver_id range: 1 - 858","logger":"task.stdout"}
{"timestamp":"2026-02-12T15:17:24.312580Z","level":"info","event":"","logger":"task.stdout"}
{"timestamp":"2026-02-12T15:17:24.312908Z","level":"info","event":"[STEP 4] Merging API data with existing Silver...","logger":"task.stdout"}
{"timestamp":"2026-02-12T15:17:24.314334Z","level":"info","event":"","logger":"task.stdout"}
{"timestamp":"2026-02-12T15:17:24.314737Z","level":"info","event":"  Merge Configuration:","logger":"task.stdout"}
{"timestamp":"2026-02-12T15:17:24.315106Z","level":"info","event":"Existing drivers: 65","logger":"task.stdout"}
{"timestamp":"2026-02-12T15:17:24.315451Z","level":"info","event":"New API drivers: 36","logger":"task.stdout"}
{"timestamp":"2026-02-12T15:17:24.315820Z","level":"info","event":"Merge key: driver_ref (PRIMARY natural key)","logger":"task.stdout"}
{"timestamp":"2026-02-12T15:17:24.316179Z","level":"info","event":"CSV priority: YES (skip API for CSV drivers)","logger":"task.stdout"}
{"timestamp":"2026-02-12T15:17:24.316606Z","level":"info","event":"","logger":"task.stdout"}
{"timestamp":"2026-02-12T15:17:24.316960Z","level":"info","event":"  Current max driver_key: 65","logger":"task.stdout"}
{"timestamp":"2026-02-12T15:17:24.317281Z","level":"info","event":"","logger":"task.stdout"}
{"timestamp":"2026-02-12T15:17:24.317631Z","level":"info","event":"  Processing 36 API drivers:","logger":"task.stdout"}
{"timestamp":"2026-02-12T15:17:24.317976Z","level":"info","event":"","logger":"task.stdout"}
{"timestamp":"2026-02-12T15:17:24.318319Z","level":"info","event":"SKIP: albon                (CSV priority)","logger":"task.stdout"}
{"timestamp":"2026-02-12T15:17:24.318712Z","level":"info","event":"SKIP: alonso               (CSV priority)","logger":"task.stdout"}
{"timestamp":"2026-02-12T15:17:24.319076Z","level":"info","event":"ADD: antonelli            (new driver from API, driver_id=10003)","logger":"task.stdout"}
{"timestamp":"2026-02-12T15:17:24.321483Z","level":"info","event":"ADD: arthur_leclerc       (new driver from API, driver_id=10004)","logger":"task.stdout"}
{"timestamp":"2026-02-12T15:17:24.324411Z","level":"info","event":"ADD: arvid_lindblad       (new driver from API, driver_id=10005)","logger":"task.stdout"}
{"timestamp":"2026-02-12T15:17:24.326213Z","level":"info","event":"ADD: ayumu_iwasa          (new driver from API, driver_id=10006)","logger":"task.stdout"}
{"timestamp":"2026-02-12T15:17:24.327835Z","level":"info","event":"ADD: bearman              (new driver from API, driver_id=10007)","logger":"task.stdout"}
{"timestamp":"2026-02-12T15:17:24.329329Z","level":"info","event":"ADD: bortoleto            (new driver from API, driver_id=10008)","logger":"task.stdout"}
{"timestamp":"2026-02-12T15:17:24.331702Z","level":"info","event":"SKIP: bottas               (CSV priority)","logger":"task.stdout"}
{"timestamp":"2026-02-12T15:17:24.332277Z","level":"info","event":"ADD: cian_shields         (new driver from API, driver_id=10010)","logger":"task.stdout"}
{"timestamp":"2026-02-12T15:17:24.333552Z","level":"info","event":"ADD: colapinto            (new driver from API, driver_id=10011)","logger":"task.stdout"}
{"timestamp":"2026-02-12T15:17:24.334813Z","level":"info","event":"ADD: doohan               (new driver from API, driver_id=10012)","logger":"task.stdout"}
{"timestamp":"2026-02-12T15:17:24.336679Z","level":"info","event":"SKIP: gasly                (CSV priority)","logger":"task.stdout"}
{"timestamp":"2026-02-12T15:17:24.338094Z","level":"info","event":"ADD: hadjar               (new driver from API, driver_id=10014)","logger":"task.stdout"}
{"timestamp":"2026-02-12T15:17:24.340313Z","level":"info","event":"SKIP: hamilton             (CSV priority)","logger":"task.stdout"}
{"timestamp":"2026-02-12T15:17:24.340821Z","level":"info","event":"SKIP: hulkenberg           (CSV priority)","logger":"task.stdout"}
{"timestamp":"2026-02-12T15:17:24.341158Z","level":"info","event":"ADD: jak_crawford         (new driver from API, driver_id=10017)","logger":"task.stdout"}
{"timestamp":"2026-02-12T15:17:24.342758Z","level":"info","event":"SKIP: kevin_magnussen      (CSV priority)","logger":"task.stdout"}
{"timestamp":"2026-02-12T15:17:24.343124Z","level":"info","event":"ADD: lawson               (new driver from API, driver_id=10019)","logger":"task.stdout"}
{"timestamp":"2026-02-12T15:17:24.344455Z","level":"info","event":"SKIP: leclerc              (CSV priority)","logger":"task.stdout"}
{"timestamp":"2026-02-12T15:17:24.344814Z","level":"info","event":"ADD: luke_browning        (new driver from API, driver_id=10021)","logger":"task.stdout"}
{"timestamp":"2026-02-12T15:17:24.347806Z","level":"info","event":"SKIP: max_verstappen       (CSV priority)","logger":"task.stdout"}
{"timestamp":"2026-02-12T15:17:24.348338Z","level":"info","event":"SKIP: norris               (CSV priority)","logger":"task.stdout"}
{"timestamp":"2026-02-12T15:17:24.348675Z","level":"info","event":"SKIP: ocon                 (CSV priority)","logger":"task.stdout"}
{"timestamp":"2026-02-12T15:17:24.349878Z","level":"info","event":"ADD: patricio_o_ward      (new driver from API, driver_id=10025)","logger":"task.stdout"}
{"timestamp":"2026-02-12T15:17:24.350286Z","level":"info","event":"ADD: paul_aron            (new driver from API, driver_id=10026)","logger":"task.stdout"}
{"timestamp":"2026-02-12T15:17:24.352466Z","level":"info","event":"SKIP: perez                (CSV priority)","logger":"task.stdout"}
{"timestamp":"2026-02-12T15:17:24.353293Z","level":"info","event":"SKIP: piastri              (CSV priority)","logger":"task.stdout"}
{"timestamp":"2026-02-12T15:17:24.353696Z","level":"info","event":"SKIP: ricciardo            (CSV priority)","logger":"task.stdout"}
{"timestamp":"2026-02-12T15:17:24.354146Z","level":"info","event":"SKIP: russell              (CSV priority)","logger":"task.stdout"}
{"timestamp":"2026-02-12T15:17:24.354561Z","level":"info","event":"ADD: ryo_hirakawa         (new driver from API, driver_id=10031)","logger":"task.stdout"}
{"timestamp":"2026-02-12T15:17:24.355673Z","level":"info","event":"SKIP: sainz                (CSV priority)","logger":"task.stdout"}
{"timestamp":"2026-02-12T15:17:24.356126Z","level":"info","event":"SKIP: sargeant             (CSV priority)","logger":"task.stdout"}
{"timestamp":"2026-02-12T15:17:24.356530Z","level":"info","event":"SKIP: stroll               (CSV priority)","logger":"task.stdout"}
{"timestamp":"2026-02-12T15:17:24.357194Z","level":"info","event":"SKIP: tsunoda              (CSV priority)","logger":"task.stdout"}
{"timestamp":"2026-02-12T15:17:24.357860Z","level":"info","event":"SKIP: zhou                 (CSV priority)","logger":"task.stdout"}
{"timestamp":"2026-02-12T15:17:24.358314Z","level":"info","event":"Merge complete: 81 total drivers","logger":"task.stdout"}
{"timestamp":"2026-02-12T15:17:24.358717Z","level":"info","event":"","logger":"task.stdout"}
{"timestamp":"2026-02-12T15:17:24.359167Z","level":"info","event":"[STEP 5] Writing to Silver layer...","logger":"task.stdout"}
{"timestamp":"2026-02-12T15:17:24.368904Z","level":"info","event":" Uploaded dimensions/dim_driver/dim_driver.parquet (81 rows)","logger":"task.stdout"}
{"timestamp":"2026-02-12T15:17:24.369364Z","level":"info","event":"Written to: s3://f1-silver/dimensions/dim_driver/dim_driver.parquet","logger":"task.stdout"}
{"timestamp":"2026-02-12T15:17:24.369750Z","level":"info","event":"","logger":"task.stdout"}
{"timestamp":"2026-02-12T15:17:24.370126Z","level":"info","event":"======================================================================","logger":"task.stdout"}
{"timestamp":"2026-02-12T15:17:24.370593Z","level":"info","event":"BACKFILL SUMMARY","logger":"task.stdout"}
{"timestamp":"2026-02-12T15:17:24.370952Z","level":"info","event":"======================================================================","logger":"task.stdout"}
{"timestamp":"2026-02-12T15:17:24.371363Z","level":"info","event":"  Existing drivers in Silver: 65","logger":"task.stdout"}
{"timestamp":"2026-02-12T15:17:24.371797Z","level":"info","event":"  API drivers scraped: 36","logger":"task.stdout"}
{"timestamp":"2026-02-12T15:17:24.372206Z","level":"info","event":"  Final driver count: 81","logger":"task.stdout"}
{"timestamp":"2026-02-12T15:17:24.372553Z","level":"info","event":"  New drivers added: 16","logger":"task.stdout"}
{"timestamp":"2026-02-12T15:17:24.372869Z","level":"info","event":"","logger":"task.stdout"}
{"timestamp":"2026-02-12T15:17:24.373139Z","level":"info","event":"  Final source breakdown:","logger":"task.stdout"}
{"timestamp":"2026-02-12T15:17:24.373391Z","level":"info","event":"    f1_data.csv    : 65","logger":"task.stdout"}
{"timestamp":"2026-02-12T15:17:24.373606Z","level":"info","event":"    api            : 16","logger":"task.stdout"}
{"timestamp":"2026-02-12T15:17:24.373881Z","level":"info","event":"","logger":"task.stdout"}
{"timestamp":"2026-02-12T15:17:24.374111Z","level":"info","event":"  driver_id ranges:","logger":"task.stdout"}
{"timestamp":"2026-02-12T15:17:24.374366Z","level":"info","event":"    f1_data.csv    : 1 - 858","logger":"task.stdout"}
{"timestamp":"2026-02-12T15:17:24.374620Z","level":"info","event":"    api            : 10003 - 10031","logger":"task.stdout"}
{"timestamp":"2026-02-12T15:17:24.374821Z","level":"info","event":"======================================================================","logger":"task.stdout"}
{"timestamp":"2026-02-12T15:17:24.387964Z","level":"info","event":"Done. Returned value was: {'existing_count': 65, 'api_scraped': 36, 'final_count': 81, 'new_drivers_added': 16}","logger":"airflow.task.operators.airflow.providers.standard.operators.python.PythonOperator","filename":"python.py","lineno":216}
{"timestamp":"2026-02-12T15:17:24.389530Z","level":"info","event":"Pushing xcom","ti":"RuntimeTaskInstance(id=UUID('019c526c-e644-742e-9ce3-7fe69b994045'), task_id='backfill_dim_driver', dag_id='api_drivers_bronze_to_silver', run_id='manual__2026-02-12T15:16:33.639421+00:00', try_number=1, dag_version_id=UUID('019c4cbe-51e0-7f43-b3df-66d7066dfe40'), map_index=-1, hostname='6dc0edc1fac9', context_carrier={}, task=<Task(PythonOperator): backfill_dim_driver>, bundle_instance=LocalDagBundle(name=dags-folder), max_tries=2, start_date=datetime.datetime(2026, 2, 12, 15, 16, 36, 78775, tzinfo=datetime.timezone.utc), end_date=None, state=<TaskInstanceState.RUNNING: 'running'>, is_mapped=False, rendered_map_index=None)","logger":"task","filename":"task_runner.py","lineno":1450}
