{"timestamp":"2026-02-11T13:44:46.843779Z","level":"info","event":"DAG bundles loaded: dags-folder","logger":"airflow.dag_processing.bundles.manager.DagBundlesManager","filename":"manager.py","lineno":179}
{"timestamp":"2026-02-11T13:44:46.892662Z","level":"info","event":"Filling up the DagBag from /opt/airflow/dags/api_etl/api_constructorStandings_bronze.to_silver.py","logger":"airflow.models.dagbag.DagBag","filename":"dagbag.py","lineno":593}
{"timestamp":"2026-02-11T13:44:48.277335Z","level":"info","event":"======================================================================","logger":"task.stdout"}
{"timestamp":"2026-02-11T13:44:48.277765Z","level":"info","event":"F1 CONSTRUCTOR STANDINGS BACKFILL: ERGAST API -> SILVER","logger":"task.stdout"}
{"timestamp":"2026-02-11T13:44:48.278135Z","level":"info","event":"======================================================================","logger":"task.stdout"}
{"timestamp":"2026-02-11T13:44:48.288567Z","level":"info","event":"","logger":"task.stdout"}
{"timestamp":"2026-02-11T13:44:48.288870Z","level":"info","event":"[STEP 1] Scraping API...","logger":"task.stdout"}
{"timestamp":"2026-02-11T13:44:48.289113Z","level":"info","event":"","logger":"task.stdout"}
{"timestamp":"2026-02-11T13:44:48.289364Z","level":"info","event":"======================================================================","logger":"task.stdout"}
{"timestamp":"2026-02-11T13:44:48.289567Z","level":"info","event":"SCRAPING CONSTRUCTOR STANDINGS FROM ERGAST API: 2025-2025","logger":"task.stdout"}
{"timestamp":"2026-02-11T13:44:48.289818Z","level":"info","event":"======================================================================","logger":"task.stdout"}
{"timestamp":"2026-02-11T13:44:48.290109Z","level":"info","event":"","logger":"task.stdout"}
{"timestamp":"2026-02-11T13:44:48.290340Z","level":"info","event":"Fetching constructor standings for 2025...","logger":"task.stdout"}
{"timestamp":"2026-02-11T13:45:10.376065Z","level":"info","event":"10 standings found for 2025","logger":"task.stdout"}
{"timestamp":"2026-02-11T13:45:10.379081Z","level":"info","event":"","logger":"task.stdout"}
{"timestamp":"2026-02-11T13:45:10.379688Z","level":"info","event":"======================================================================","logger":"task.stdout"}
{"timestamp":"2026-02-11T13:45:10.380159Z","level":"info","event":"SCRAPING COMPLETE","logger":"task.stdout"}
{"timestamp":"2026-02-11T13:45:10.380529Z","level":"info","event":"Total records: 10","logger":"task.stdout"}
{"timestamp":"2026-02-11T13:45:10.380833Z","level":"info","event":"Years covered: 2025-2025","logger":"task.stdout"}
{"timestamp":"2026-02-11T13:45:10.388141Z","level":"info","event":"Unique races: 1","logger":"task.stdout"}
{"timestamp":"2026-02-11T13:45:10.388559Z","level":"info","event":"======================================================================","logger":"task.stdout"}
{"timestamp":"2026-02-11T13:45:10.389712Z","level":"info","event":"","logger":"task.stdout"}
{"timestamp":"2026-02-11T13:45:10.389997Z","level":"info","event":"API scraping complete: 10 standing records","logger":"task.stdout"}
{"timestamp":"2026-02-11T13:45:10.390301Z","level":"info","event":"","logger":"task.stdout"}
{"timestamp":"2026-02-11T13:45:10.390617Z","level":"info","event":"[STEP 2] Transforming to Silver schema...","logger":"task.stdout"}
{"timestamp":"2026-02-11T13:45:10.390895Z","level":"info","event":"Transforming API data to Silver schema...","logger":"task.stdout"}
{"timestamp":"2026-02-11T13:45:10.391490Z","level":"info","event":"Sorted by year + round + position","logger":"task.stdout"}
{"timestamp":"2026-02-11T13:45:10.392121Z","level":"info","event":"Generated cs_id: 10000001 - 10000010","logger":"task.stdout"}
{"timestamp":"2026-02-11T13:45:10.399037Z","level":"info","event":"Transformed 10 standings to Silver schema","logger":"task.stdout"}
{"timestamp":"2026-02-11T13:45:10.399570Z","level":"info","event":"Source: api","logger":"task.stdout"}
{"timestamp":"2026-02-11T13:45:10.400053Z","level":"info","event":"cs_id range: 10000001 - 10000010","logger":"task.stdout"}
{"timestamp":"2026-02-11T13:45:10.400443Z","level":"info","event":"Transformation complete: 10 standings","logger":"task.stdout"}
{"timestamp":"2026-02-11T13:45:10.400906Z","level":"info","event":"cs_id range: 10000001 - 10000010","logger":"task.stdout"}
{"timestamp":"2026-02-11T13:45:10.401286Z","level":"info","event":"","logger":"task.stdout"}
{"timestamp":"2026-02-11T13:45:10.401681Z","level":"info","event":"[STEP 3] Loading dimensions for FK resolution...","logger":"task.stdout"}
{"timestamp":"2026-02-11T13:45:10.448001Z","level":"info","event":" Downloaded dimensions/dim_constructor/dim_constructor.parquet (21 rows)","logger":"task.stdout"}
{"timestamp":"2026-02-11T13:45:10.453813Z","level":"info","event":" Downloaded dimensions/dim_race/dim_race.parquet (256 rows)","logger":"task.stdout"}
{"timestamp":"2026-02-11T13:45:10.458934Z","level":"info","event":" Downloaded dimensions/dim_time/dim_time.parquet (6940 rows)","logger":"task.stdout"}
{"timestamp":"2026-02-11T13:45:10.459413Z","level":"info","event":"Loaded dimensions:","logger":"task.stdout"}
{"timestamp":"2026-02-11T13:45:10.459776Z","level":"info","event":"  - dim_constructor: 21 constructors","logger":"task.stdout"}
{"timestamp":"2026-02-11T13:45:10.460129Z","level":"info","event":"  - dim_race: 256 races","logger":"task.stdout"}
{"timestamp":"2026-02-11T13:45:10.460414Z","level":"info","event":"  - dim_time: 6,940 dates","logger":"task.stdout"}
{"timestamp":"2026-02-11T13:45:10.460701Z","level":"info","event":"","logger":"task.stdout"}
{"timestamp":"2026-02-11T13:45:10.460984Z","level":"info","event":"[STEP 4] Resolving foreign keys...","logger":"task.stdout"}
{"timestamp":"2026-02-11T13:45:10.469476Z","level":"info","event":"Created lookup dictionaries:","logger":"task.stdout"}
{"timestamp":"2026-02-11T13:45:10.469973Z","level":"info","event":"  - constructor_ref -> constructor_key: 21 entries","logger":"task.stdout"}
{"timestamp":"2026-02-11T13:45:10.470352Z","level":"info","event":"  - race_year+race_round -> race_key: 256 entries","logger":"task.stdout"}
{"timestamp":"2026-02-11T13:45:10.470765Z","level":"info","event":"  - race_date -> time_key: 6940 entries","logger":"task.stdout"}
{"timestamp":"2026-02-11T13:45:10.484713Z","level":"info","event":"All FKs resolved successfully","logger":"task.stdout"}
{"timestamp":"2026-02-11T13:45:10.485409Z","level":"info","event":"","logger":"task.stdout"}
{"timestamp":"2026-02-11T13:45:10.485748Z","level":"info","event":"[STEP 5] Loading existing Silver data...","logger":"task.stdout"}
{"timestamp":"2026-02-11T13:45:10.489064Z","level":"info","event":" Downloaded facts/fact_constructor_standings/fact_constructor_standings.parquet (2398 rows)","logger":"task.stdout"}
{"timestamp":"2026-02-11T13:45:10.489566Z","level":"info","event":"Loaded 2,398 existing standings from Silver","logger":"task.stdout"}
{"timestamp":"2026-02-11T13:45:10.490050Z","level":"info","event":"Existing sources: {'f1_data.csv': 2398}","logger":"task.stdout"}
{"timestamp":"2026-02-11T13:45:10.490445Z","level":"info","event":"","logger":"task.stdout"}
{"timestamp":"2026-02-11T13:45:10.490931Z","level":"info","event":"[STEP 6] Merging API data with existing Silver...","logger":"task.stdout"}
{"timestamp":"2026-02-11T13:45:10.491741Z","level":"info","event":"","logger":"task.stdout"}
{"timestamp":"2026-02-11T13:45:10.492346Z","level":"info","event":"  Merge Configuration:","logger":"task.stdout"}
{"timestamp":"2026-02-11T13:45:10.492578Z","level":"info","event":"Existing standings: 2,398","logger":"task.stdout"}
{"timestamp":"2026-02-11T13:45:10.492865Z","level":"info","event":"New API standings: 10","logger":"task.stdout"}
{"timestamp":"2026-02-11T13:45:10.493242Z","level":"info","event":"Merge key: cs_id (PRIMARY natural key)","logger":"task.stdout"}
{"timestamp":"2026-02-11T13:45:10.493616Z","level":"info","event":"","logger":"task.stdout"}
{"timestamp":"2026-02-11T13:45:10.496273Z","level":"info","event":"  Current max cs_key: 2398","logger":"task.stdout"}
{"timestamp":"2026-02-11T13:45:10.497120Z","level":"info","event":"","logger":"task.stdout"}
{"timestamp":"2026-02-11T13:45:10.498005Z","level":"info","event":"  Processing 10 API standings:","logger":"task.stdout"}
{"timestamp":"2026-02-11T13:45:10.499133Z","level":"info","event":"","logger":"task.stdout"}
{"timestamp":"2026-02-11T13:45:10.500876Z","level":"info","event":"ADD: cs_id=10000001 (new standing from API)","logger":"task.stdout"}
{"timestamp":"2026-02-11T13:45:10.501334Z","level":"info","event":"ADD: cs_id=10000002 (new standing from API)","logger":"task.stdout"}
{"timestamp":"2026-02-11T13:45:10.502797Z","level":"info","event":"ADD: cs_id=10000003 (new standing from API)","logger":"task.stdout"}
{"timestamp":"2026-02-11T13:45:10.504431Z","level":"info","event":"ADD: cs_id=10000004 (new standing from API)","logger":"task.stdout"}
{"timestamp":"2026-02-11T13:45:10.505238Z","level":"info","event":"ADD: cs_id=10000005 (new standing from API)","logger":"task.stdout"}
{"timestamp":"2026-02-11T13:45:10.506139Z","level":"info","event":"ADD: cs_id=10000006 (new standing from API)","logger":"task.stdout"}
{"timestamp":"2026-02-11T13:45:10.507141Z","level":"info","event":"ADD: cs_id=10000007 (new standing from API)","logger":"task.stdout"}
{"timestamp":"2026-02-11T13:45:10.508550Z","level":"info","event":"ADD: cs_id=10000008 (new standing from API)","logger":"task.stdout"}
{"timestamp":"2026-02-11T13:45:10.509118Z","level":"info","event":"ADD: cs_id=10000009 (new standing from API)","logger":"task.stdout"}
{"timestamp":"2026-02-11T13:45:10.510599Z","level":"info","event":"ADD: cs_id=10000010 (new standing from API)","logger":"task.stdout"}
{"timestamp":"2026-02-11T13:45:10.513557Z","level":"info","event":"Merge complete: 2,408 total standings","logger":"task.stdout"}
{"timestamp":"2026-02-11T13:45:10.514682Z","level":"info","event":"","logger":"task.stdout"}
{"timestamp":"2026-02-11T13:45:10.515087Z","level":"info","event":"[STEP 7] Writing to Silver layer...","logger":"task.stdout"}
{"timestamp":"2026-02-11T13:45:10.537603Z","level":"info","event":" Uploaded facts/fact_constructor_standings/fact_constructor_standings.parquet (2408 rows)","logger":"task.stdout"}
{"timestamp":"2026-02-11T13:45:10.538181Z","level":"info","event":"Written to: s3://f1-silver/facts/fact_constructor_standings/fact_constructor_standings.parquet","logger":"task.stdout"}
{"timestamp":"2026-02-11T13:45:10.538904Z","level":"info","event":"","logger":"task.stdout"}
{"timestamp":"2026-02-11T13:45:10.539192Z","level":"info","event":"======================================================================","logger":"task.stdout"}
{"timestamp":"2026-02-11T13:45:10.539816Z","level":"info","event":"BACKFILL SUMMARY","logger":"task.stdout"}
{"timestamp":"2026-02-11T13:45:10.541103Z","level":"info","event":"======================================================================","logger":"task.stdout"}
{"timestamp":"2026-02-11T13:45:10.541518Z","level":"info","event":"  Existing standings in Silver: 2,398","logger":"task.stdout"}
{"timestamp":"2026-02-11T13:45:10.541872Z","level":"info","event":"  API standings scraped: 10","logger":"task.stdout"}
{"timestamp":"2026-02-11T13:45:10.542232Z","level":"info","event":"  Final standing count: 2,408","logger":"task.stdout"}
{"timestamp":"2026-02-11T13:45:10.542512Z","level":"info","event":"  New standings added: 10","logger":"task.stdout"}
{"timestamp":"2026-02-11T13:45:10.543281Z","level":"info","event":"","logger":"task.stdout"}
{"timestamp":"2026-02-11T13:45:10.543614Z","level":"info","event":"  Final source breakdown:","logger":"task.stdout"}
{"timestamp":"2026-02-11T13:45:10.543956Z","level":"info","event":"    f1_data.csv    : 2,398","logger":"task.stdout"}
{"timestamp":"2026-02-11T13:45:10.544267Z","level":"info","event":"    api            : 10","logger":"task.stdout"}
{"timestamp":"2026-02-11T13:45:10.544502Z","level":"info","event":"","logger":"task.stdout"}
{"timestamp":"2026-02-11T13:45:10.545604Z","level":"info","event":"  cs_id ranges:","logger":"task.stdout"}
{"timestamp":"2026-02-11T13:45:10.546107Z","level":"info","event":"    f1_data.csv    : 24777 - 28572","logger":"task.stdout"}
{"timestamp":"2026-02-11T13:45:10.546455Z","level":"info","event":"    api            : 10000001 - 10000010","logger":"task.stdout"}
{"timestamp":"2026-02-11T13:45:10.546791Z","level":"info","event":"======================================================================","logger":"task.stdout"}
{"timestamp":"2026-02-11T13:45:10.560146Z","level":"info","event":"Done. Returned value was: {'existing_count': 2398, 'api_scraped': 10, 'final_count': 2408, 'new_standings_added': 10}","logger":"airflow.task.operators.airflow.providers.standard.operators.python.PythonOperator","filename":"python.py","lineno":216}
{"timestamp":"2026-02-11T13:45:10.560970Z","level":"info","event":"Pushing xcom","ti":"RuntimeTaskInstance(id=UUID('019c4cf2-7153-7ece-93ee-5971b6bc9ad3'), task_id='backfill_fact_constructor_standings', dag_id='api_constructorstandings_bronze_to_silver', run_id='manual__2026-02-11T13:44:42.739103+00:00', try_number=1, dag_version_id=UUID('019c4cbe-36f3-75e7-a0f1-495208fbee8d'), map_index=-1, hostname='d105c47e2bea', context_carrier={}, task=<Task(PythonOperator): backfill_fact_constructor_standings>, bundle_instance=LocalDagBundle(name=dags-folder), max_tries=2, start_date=datetime.datetime(2026, 2, 11, 13, 44, 46, 720592, tzinfo=datetime.timezone.utc), end_date=None, state=<TaskInstanceState.RUNNING: 'running'>, is_mapped=False, rendered_map_index=None)","logger":"task","filename":"task_runner.py","lineno":1450}
