{"timestamp":"2026-02-15T16:54:04.328659Z","level":"info","event":"DAG bundles loaded: dags-folder","logger":"airflow.dag_processing.bundles.manager.DagBundlesManager","filename":"manager.py","lineno":179}
{"timestamp":"2026-02-15T16:54:04.331772Z","level":"info","event":"Filling up the DagBag from /opt/airflow/dags/weekly_streaming_pipeline.py","logger":"airflow.models.dagbag.DagBag","filename":"dagbag.py","lineno":593}
{"timestamp":"2026-02-15T16:54:06.530360Z","level":"info","event":"","logger":"task.stdout"}
{"timestamp":"2026-02-15T16:54:06.531620Z","level":"info","event":"[CONSUMER] Starting fact_driver_standings consumption...","logger":"task.stdout"}
{"timestamp":"2026-02-15T16:54:06.534093Z","level":"info","event":"<BrokerConnection client_id=kafka-python-2.2.0, node_id=bootstrap-0 host=kafka:29092 <connecting> [IPv4 ('172.18.0.4', 29092)]>: connecting to kafka:29092 [('172.18.0.4', 29092) IPv4]","logger":"kafka.conn","filename":"conn.py","lineno":395}
{"timestamp":"2026-02-15T16:54:06.540282Z","level":"info","event":"<BrokerConnection client_id=kafka-python-2.2.0, node_id=bootstrap-0 host=kafka:29092 <checking_api_versions_recv> [IPv4 ('172.18.0.4', 29092)]>: Broker version identified as 2.6","logger":"kafka.conn","filename":"conn.py","lineno":615}
{"timestamp":"2026-02-15T16:54:06.541750Z","level":"info","event":"<BrokerConnection client_id=kafka-python-2.2.0, node_id=bootstrap-0 host=kafka:29092 <connected> [IPv4 ('172.18.0.4', 29092)]>: Connection complete.","logger":"kafka.conn","filename":"conn.py","lineno":456}
{"timestamp":"2026-02-15T16:54:06.543230Z","level":"info","event":"Updating subscribed topics to: ('fact-driver-standings',)","logger":"kafka.consumer.subscription_state","filename":"subscription_state.py","lineno":177}
{"timestamp":"2026-02-15T16:54:06.544225Z","level":"info","event":"","logger":"task.stdout"}
{"timestamp":"2026-02-15T16:54:06.544629Z","level":"info","event":"======================================================================","logger":"task.stdout"}
{"timestamp":"2026-02-15T16:54:06.545036Z","level":"info","event":"CONSUMING: fact-driver-standings → facts/fact_driver_standings/fact_driver_standings.parquet","logger":"task.stdout"}
{"timestamp":"2026-02-15T16:54:06.545539Z","level":"info","event":"======================================================================","logger":"task.stdout"}
{"timestamp":"2026-02-15T16:54:06.546029Z","level":"info","event":"","logger":"task.stdout"}
{"timestamp":"2026-02-15T16:54:06.613930Z","level":"info","event":" Downloaded facts/fact_driver_standings/fact_driver_standings.parquet (4547 rows)","logger":"task.stdout"}
{"timestamp":"2026-02-15T16:54:06.614791Z","level":"info","event":" Loaded 4547 existing records from Silver","logger":"task.stdout"}
{"timestamp":"2026-02-15T16:54:06.620069Z","level":"info","event":"  Loading lookup table: dim_driver","logger":"task.stdout"}
{"timestamp":"2026-02-15T16:54:06.641261Z","level":"info","event":" Downloaded dimensions/dim_driver/dim_driver.parquet (81 rows)","logger":"task.stdout"}
{"timestamp":"2026-02-15T16:54:06.642191Z","level":"info","event":"Loaded 81 mappings","logger":"task.stdout"}
{"timestamp":"2026-02-15T16:54:06.642922Z","level":"info","event":"  Loading lookup table: dim_constructor","logger":"task.stdout"}
{"timestamp":"2026-02-15T16:54:06.653152Z","level":"info","event":" Downloaded dimensions/dim_constructor/dim_constructor.parquet (21 rows)","logger":"task.stdout"}
{"timestamp":"2026-02-15T16:54:06.654094Z","level":"info","event":"Loaded 21 mappings","logger":"task.stdout"}
{"timestamp":"2026-02-15T16:54:06.655001Z","level":"info","event":"  Loading lookup table: dim_race","logger":"task.stdout"}
{"timestamp":"2026-02-15T16:54:06.674713Z","level":"info","event":" Downloaded dimensions/dim_race/dim_race.parquet (280 rows)","logger":"task.stdout"}
{"timestamp":"2026-02-15T16:54:06.675570Z","level":"info","event":"    ⚠️  year_round column missing - creating it from race_year + race_round","logger":"task.stdout"}
{"timestamp":"2026-02-15T16:54:06.682008Z","level":"info","event":"Loaded 280 mappings","logger":"task.stdout"}
{"timestamp":"2026-02-15T16:54:06.685843Z","level":"info","event":"<BrokerConnection client_id=kafka-python-2.2.0, node_id=1 host=kafka:29092 <connecting> [IPv4 ('172.18.0.4', 29092)]>: connecting to kafka:29092 [('172.18.0.4', 29092) IPv4]","logger":"kafka.conn","filename":"conn.py","lineno":395}
{"timestamp":"2026-02-15T16:54:06.686934Z","level":"info","event":"<BrokerConnection client_id=kafka-python-2.2.0, node_id=1 host=kafka:29092 <connected> [IPv4 ('172.18.0.4', 29092)]>: Connection complete.","logger":"kafka.conn","filename":"conn.py","lineno":456}
{"timestamp":"2026-02-15T16:54:06.687382Z","level":"info","event":"<BrokerConnection client_id=kafka-python-2.2.0, node_id=bootstrap-0 host=kafka:29092 <connected> [IPv4 ('172.18.0.4', 29092)]>: Closing connection. ","logger":"kafka.conn","filename":"conn.py","lineno":936}
{"timestamp":"2026-02-15T16:54:06.799910Z","level":"info","event":"Coordinator for group/f1-silver-consumers is BrokerMetadata(nodeId='coordinator-1', host='kafka', port=29092, rack=None)","logger":"kafka.cluster","filename":"cluster.py","lineno":398}
{"timestamp":"2026-02-15T16:54:06.800355Z","level":"info","event":"Discovered coordinator coordinator-1 for group f1-silver-consumers","logger":"kafka.coordinator","filename":"base.py","lineno":745}
{"timestamp":"2026-02-15T16:54:06.800789Z","level":"info","event":"Starting new heartbeat thread","logger":"kafka.coordinator","filename":"base.py","lineno":796}
{"timestamp":"2026-02-15T16:54:06.804018Z","level":"info","event":"Revoking previously assigned partitions set() for group f1-silver-consumers","logger":"kafka.coordinator.consumer","filename":"consumer.py","lineno":357}
{"timestamp":"2026-02-15T16:54:06.806163Z","level":"info","event":"<BrokerConnection client_id=kafka-python-2.2.0, node_id=coordinator-1 host=kafka:29092 <connecting> [IPv4 ('172.18.0.4', 29092)]>: connecting to kafka:29092 [('172.18.0.4', 29092) IPv4]","logger":"kafka.conn","filename":"conn.py","lineno":395}
{"timestamp":"2026-02-15T16:54:06.807150Z","level":"info","event":"<BrokerConnection client_id=kafka-python-2.2.0, node_id=coordinator-1 host=kafka:29092 <connected> [IPv4 ('172.18.0.4', 29092)]>: Connection complete.","logger":"kafka.conn","filename":"conn.py","lineno":456}
{"timestamp":"2026-02-15T16:54:06.909846Z","level":"info","event":"(Re-)joining group f1-silver-consumers","logger":"kafka.coordinator","filename":"base.py","lineno":500}
{"timestamp":"2026-02-15T16:54:06.920761Z","level":"info","event":"(Re-)joining group f1-silver-consumers","logger":"kafka.coordinator","filename":"base.py","lineno":500}
{"timestamp":"2026-02-15T16:54:11.160804Z","level":"info","event":"Successfully joined group f1-silver-consumers with generation 14","logger":"kafka.coordinator","filename":"base.py","lineno":390}
{"timestamp":"2026-02-15T16:54:11.162028Z","level":"info","event":"Updated partition assignment: [TopicPartition(topic='fact-driver-standings', partition=0)]","logger":"kafka.consumer.subscription_state","filename":"subscription_state.py","lineno":246}
{"timestamp":"2026-02-15T16:54:11.162267Z","level":"info","event":"Setting newly assigned partitions {TopicPartition(topic='fact-driver-standings', partition=0)} for group f1-silver-consumers","logger":"kafka.coordinator.consumer","filename":"consumer.py","lineno":248}
{"timestamp":"2026-02-15T16:54:11.171149Z","level":"info","event":"Resetting offset for partition TopicPartition(topic='fact-driver-standings', partition=0) to offset 0.","logger":"kafka.consumer.fetcher","filename":"fetcher.py","lineno":407}
{"timestamp":"2026-02-15T16:54:14.170514Z","level":"warning","event":"Heartbeat failed for group f1-silver-consumers because it is rebalancing","logger":"kafka.coordinator","filename":"base.py","lineno":898}
{"timestamp":"2026-02-15T16:54:14.173246Z","level":"info","event":"Revoking previously assigned partitions {TopicPartition(topic='fact-driver-standings', partition=0)} for group f1-silver-consumers","logger":"kafka.coordinator.consumer","filename":"consumer.py","lineno":357}
{"timestamp":"2026-02-15T16:54:14.173661Z","level":"info","event":"(Re-)joining group f1-silver-consumers","logger":"kafka.coordinator","filename":"base.py","lineno":500}
{"timestamp":"2026-02-15T16:54:14.193276Z","level":"info","event":"Successfully joined group f1-silver-consumers with generation 15","logger":"kafka.coordinator","filename":"base.py","lineno":390}
{"timestamp":"2026-02-15T16:54:14.193729Z","level":"info","event":"Updated partition assignment: [TopicPartition(topic='fact-driver-standings', partition=0)]","logger":"kafka.consumer.subscription_state","filename":"subscription_state.py","lineno":246}
{"timestamp":"2026-02-15T16:54:14.193958Z","level":"info","event":"Setting newly assigned partitions {TopicPartition(topic='fact-driver-standings', partition=0)} for group f1-silver-consumers","logger":"kafka.coordinator.consumer","filename":"consumer.py","lineno":248}
{"timestamp":"2026-02-15T16:54:14.209099Z","level":"info","event":"Resetting offset for partition TopicPartition(topic='fact-driver-standings', partition=0) to offset 0.","logger":"kafka.consumer.fetcher","filename":"fetcher.py","lineno":407}
{"timestamp":"2026-02-15T17:13:55.404428Z","level":"warning","event":"Heartbeat failed for group f1-silver-consumers because it is rebalancing","logger":"kafka.coordinator","filename":"base.py","lineno":898}
{"timestamp":"2026-02-15T17:13:55.405225Z","level":"info","event":"Revoking previously assigned partitions {TopicPartition(topic='fact-driver-standings', partition=0)} for group f1-silver-consumers","logger":"kafka.coordinator.consumer","filename":"consumer.py","lineno":357}
{"timestamp":"2026-02-15T17:13:55.405684Z","level":"info","event":"(Re-)joining group f1-silver-consumers","logger":"kafka.coordinator","filename":"base.py","lineno":500}
{"timestamp":"2026-02-15T17:13:59.293115Z","level":"info","event":"Successfully joined group f1-silver-consumers with generation 16","logger":"kafka.coordinator","filename":"base.py","lineno":390}
{"timestamp":"2026-02-15T17:13:59.294072Z","level":"info","event":"Updated partition assignment: [TopicPartition(topic='fact-driver-standings', partition=0)]","logger":"kafka.consumer.subscription_state","filename":"subscription_state.py","lineno":246}
{"timestamp":"2026-02-15T17:13:59.297300Z","level":"info","event":"Setting newly assigned partitions {TopicPartition(topic='fact-driver-standings', partition=0)} for group f1-silver-consumers","logger":"kafka.coordinator.consumer","filename":"consumer.py","lineno":248}
{"timestamp":"2026-02-15T17:13:59.313067Z","level":"info","event":"Resetting offset for partition TopicPartition(topic='fact-driver-standings', partition=0) to offset 0.","logger":"kafka.consumer.fetcher","filename":"fetcher.py","lineno":407}
{"timestamp":"2026-02-15T17:14:11.309045Z","level":"warning","event":"Heartbeat failed for group f1-silver-consumers because it is rebalancing","logger":"kafka.coordinator","filename":"base.py","lineno":898}
{"timestamp":"2026-02-15T17:14:11.309754Z","level":"info","event":"Revoking previously assigned partitions {TopicPartition(topic='fact-driver-standings', partition=0)} for group f1-silver-consumers","logger":"kafka.coordinator.consumer","filename":"consumer.py","lineno":357}
{"timestamp":"2026-02-15T17:14:11.310089Z","level":"info","event":"(Re-)joining group f1-silver-consumers","logger":"kafka.coordinator","filename":"base.py","lineno":500}
{"timestamp":"2026-02-15T17:14:11.342489Z","level":"info","event":"Successfully joined group f1-silver-consumers with generation 17","logger":"kafka.coordinator","filename":"base.py","lineno":390}
{"timestamp":"2026-02-15T17:14:11.342982Z","level":"info","event":"Updated partition assignment: [TopicPartition(topic='fact-driver-standings', partition=0)]","logger":"kafka.consumer.subscription_state","filename":"subscription_state.py","lineno":246}
{"timestamp":"2026-02-15T17:14:11.343246Z","level":"info","event":"Setting newly assigned partitions {TopicPartition(topic='fact-driver-standings', partition=0)} for group f1-silver-consumers","logger":"kafka.coordinator.consumer","filename":"consumer.py","lineno":248}
{"timestamp":"2026-02-15T17:14:11.399926Z","level":"info","event":"Resetting offset for partition TopicPartition(topic='fact-driver-standings', partition=0) to offset 0.","logger":"kafka.consumer.fetcher","filename":"fetcher.py","lineno":407}
{"timestamp":"2026-02-15T17:14:14.348513Z","level":"warning","event":"Heartbeat failed for group f1-silver-consumers because it is rebalancing","logger":"kafka.coordinator","filename":"base.py","lineno":898}
{"timestamp":"2026-02-15T17:14:14.348980Z","level":"info","event":"Revoking previously assigned partitions {TopicPartition(topic='fact-driver-standings', partition=0)} for group f1-silver-consumers","logger":"kafka.coordinator.consumer","filename":"consumer.py","lineno":357}
{"timestamp":"2026-02-15T17:14:14.349238Z","level":"info","event":"(Re-)joining group f1-silver-consumers","logger":"kafka.coordinator","filename":"base.py","lineno":500}
{"timestamp":"2026-02-15T17:14:14.365872Z","level":"info","event":"Successfully joined group f1-silver-consumers with generation 18","logger":"kafka.coordinator","filename":"base.py","lineno":390}
{"timestamp":"2026-02-15T17:14:14.366336Z","level":"info","event":"Updated partition assignment: [TopicPartition(topic='fact-driver-standings', partition=0)]","logger":"kafka.consumer.subscription_state","filename":"subscription_state.py","lineno":246}
{"timestamp":"2026-02-15T17:14:14.366878Z","level":"info","event":"Setting newly assigned partitions {TopicPartition(topic='fact-driver-standings', partition=0)} for group f1-silver-consumers","logger":"kafka.coordinator.consumer","filename":"consumer.py","lineno":248}
{"timestamp":"2026-02-15T17:14:14.418457Z","level":"info","event":"Resetting offset for partition TopicPartition(topic='fact-driver-standings', partition=0) to offset 0.","logger":"kafka.consumer.fetcher","filename":"fetcher.py","lineno":407}
{"timestamp":"2026-02-15T17:15:05.405446Z","level":"warning","event":"Heartbeat failed for group f1-silver-consumers because it is rebalancing","logger":"kafka.coordinator","filename":"base.py","lineno":898}
{"timestamp":"2026-02-15T17:15:05.405950Z","level":"info","event":"Revoking previously assigned partitions {TopicPartition(topic='fact-driver-standings', partition=0)} for group f1-silver-consumers","logger":"kafka.coordinator.consumer","filename":"consumer.py","lineno":357}
{"timestamp":"2026-02-15T17:15:05.406273Z","level":"info","event":"(Re-)joining group f1-silver-consumers","logger":"kafka.coordinator","filename":"base.py","lineno":500}
{"timestamp":"2026-02-15T17:15:10.434894Z","level":"info","event":"(Re-)joining group f1-silver-consumers","logger":"kafka.coordinator","filename":"base.py","lineno":500}
{"timestamp":"2026-02-15T17:15:19.442617Z","level":"info","event":"(Re-)joining group f1-silver-consumers","logger":"kafka.coordinator","filename":"base.py","lineno":500}
{"timestamp":"2026-02-15T17:15:29.589032Z","level":"error","event":"Server indicated the task shouldn't be running anymore. Terminating process","detail":{"detail":{"reason":"not_found","message":"Task Instance not found"}},"logger":"task"}
{"timestamp":"2026-02-15T17:15:34.633459Z","level":"error","event":"Task killed!","logger":"task"}
