{"timestamp":"2026-02-04T13:18:07.014298Z","level":"info","event":"DAG bundles loaded: dags-folder, example_dags","logger":"airflow.dag_processing.bundles.manager.DagBundlesManager","filename":"manager.py","lineno":179}
{"timestamp":"2026-02-04T13:18:07.016661Z","level":"info","event":"Filling up the DagBag from /opt/airflow/dags/f1_etl_bronze_to_silver.py","logger":"airflow.models.dagbag.DagBag","filename":"dagbag.py","lineno":593}
{"timestamp":"2026-02-04T13:18:07.334122Z","level":"info","event":"Task instance is in running state","logger":"task.stdout"}
{"timestamp":"2026-02-04T13:18:07.334813Z","level":"info","event":" Previous state of the Task instance: TaskInstanceState.QUEUED","logger":"task.stdout"}
{"timestamp":"2026-02-04T13:18:07.336849Z","level":"info","event":"Current task name:transform_dim_race","logger":"task.stdout"}
{"timestamp":"2026-02-04T13:18:07.338167Z","level":"info","event":"Dag name:f1_etl_pipeline_silver","logger":"task.stdout"}
{"timestamp":"2026-02-04T13:18:07.338618Z","level":"info","event":"TRANSFORM: dim_race → Silver (Parquet with surrogate key)","logger":"task.stdout"}
{"timestamp":"2026-02-04T13:18:21.698088Z","level":"warning","event":"Columns (7,8,13,14,17,42,45,63) have mixed types. Specify dtype option on import or set low_memory=False.","category":"DtypeWarning","filename":"/opt/airflow/dags/f1_etl_bronze_to_silver.py","lineno":183,"logger":"py.warnings"}
{"timestamp":"2026-02-04T13:18:33.307352Z","level":"warning","event":"Could not infer format, so each element will be parsed individually, falling back to `dateutil`. To ensure parsing is consistent and as-expected, please specify a format.","category":"UserWarning","filename":"/opt/airflow/dags/f1_etl_bronze_to_silver.py","lineno":216,"logger":"py.warnings"}
{"timestamp":"2026-02-04T13:18:33.312482Z","level":"warning","event":"Could not infer format, so each element will be parsed individually, falling back to `dateutil`. To ensure parsing is consistent and as-expected, please specify a format.","category":"UserWarning","filename":"/opt/airflow/dags/f1_etl_bronze_to_silver.py","lineno":217,"logger":"py.warnings"}
{"timestamp":"2026-02-04T13:18:33.316556Z","level":"warning","event":"Could not infer format, so each element will be parsed individually, falling back to `dateutil`. To ensure parsing is consistent and as-expected, please specify a format.","category":"UserWarning","filename":"/opt/airflow/dags/f1_etl_bronze_to_silver.py","lineno":218,"logger":"py.warnings"}
{"timestamp":"2026-02-04T13:18:33.318855Z","level":"warning","event":"Could not infer format, so each element will be parsed individually, falling back to `dateutil`. To ensure parsing is consistent and as-expected, please specify a format.","category":"UserWarning","filename":"/opt/airflow/dags/f1_etl_bronze_to_silver.py","lineno":219,"logger":"py.warnings"}
{"timestamp":"2026-02-04T13:18:33.320270Z","level":"warning","event":"Could not infer format, so each element will be parsed individually, falling back to `dateutil`. To ensure parsing is consistent and as-expected, please specify a format.","category":"UserWarning","filename":"/opt/airflow/dags/f1_etl_bronze_to_silver.py","lineno":220,"logger":"py.warnings"}
{"timestamp":"2026-02-04T13:18:33.322606Z","level":"warning","event":"Could not infer format, so each element will be parsed individually, falling back to `dateutil`. To ensure parsing is consistent and as-expected, please specify a format.","category":"UserWarning","filename":"/opt/airflow/dags/f1_etl_bronze_to_silver.py","lineno":221,"logger":"py.warnings"}
{"timestamp":"2026-02-04T13:18:33.324428Z","level":"warning","event":"Could not infer format, so each element will be parsed individually, falling back to `dateutil`. To ensure parsing is consistent and as-expected, please specify a format.","category":"UserWarning","filename":"/opt/airflow/dags/f1_etl_bronze_to_silver.py","lineno":222,"logger":"py.warnings"}
{"timestamp":"2026-02-04T13:18:33.328489Z","level":"warning","event":"Could not infer format, so each element will be parsed individually, falling back to `dateutil`. To ensure parsing is consistent and as-expected, please specify a format.","category":"UserWarning","filename":"/opt/airflow/dags/f1_etl_bronze_to_silver.py","lineno":223,"logger":"py.warnings"}
{"timestamp":"2026-02-04T13:18:33.329774Z","level":"warning","event":"Could not infer format, so each element will be parsed individually, falling back to `dateutil`. To ensure parsing is consistent and as-expected, please specify a format.","category":"UserWarning","filename":"/opt/airflow/dags/f1_etl_bronze_to_silver.py","lineno":224,"logger":"py.warnings"}
{"timestamp":"2026-02-04T13:18:33.333714Z","level":"warning","event":"Could not infer format, so each element will be parsed individually, falling back to `dateutil`. To ensure parsing is consistent and as-expected, please specify a format.","category":"UserWarning","filename":"/opt/airflow/dags/f1_etl_bronze_to_silver.py","lineno":225,"logger":"py.warnings"}
{"timestamp":"2026-02-04T13:18:33.336406Z","level":"warning","event":"Could not infer format, so each element will be parsed individually, falling back to `dateutil`. To ensure parsing is consistent and as-expected, please specify a format.","category":"UserWarning","filename":"/opt/airflow/dags/f1_etl_bronze_to_silver.py","lineno":226,"logger":"py.warnings"}
{"timestamp":"2026-02-04T13:18:33.347969Z","level":"info","event":"Generated 232 races with surrogate keys","logger":"task.stdout"}
{"timestamp":"2026-02-04T13:18:33.723420Z","level":"info","event":" Uploaded dimensions/dim_race/dim_race.parquet (232 rows)","logger":"task.stdout"}
{"timestamp":"2026-02-04T13:18:33.879029Z","level":"info","event":"Done. Returned value was: 232","logger":"airflow.task.operators.airflow.providers.standard.operators.python.PythonOperator","filename":"python.py","lineno":216}
{"timestamp":"2026-02-04T13:18:33.896094Z","level":"info","event":"Pushing xcom","ti":"RuntimeTaskInstance(id=UUID('019c28cd-669b-7dd5-a9d8-a42a43514a57'), task_id='transform_dim_race', dag_id='f1_etl_pipeline_silver', run_id='manual__2026-02-04T13:17:54+00:00', try_number=1, dag_version_id=UUID('019c23fb-91df-7f16-83e9-4bd5f07abd13'), map_index=-1, hostname='85b967703fe5', context_carrier={}, task=<Task(PythonOperator): transform_dim_race>, bundle_instance=LocalDagBundle(name=dags-folder), max_tries=1, start_date=datetime.datetime(2026, 2, 4, 13, 18, 6, 110396, tzinfo=datetime.timezone.utc), end_date=None, state=<TaskInstanceState.RUNNING: 'running'>, is_mapped=False, rendered_map_index=None)","logger":"task","filename":"task_runner.py","lineno":1450}
{"timestamp":"2026-02-04T13:18:34.078894Z","level":"info","event":"Task instance in success state","logger":"task.stdout"}
{"timestamp":"2026-02-04T13:18:34.079173Z","level":"info","event":" Previous state of the Task instance: TaskInstanceState.RUNNING","logger":"task.stdout"}
{"timestamp":"2026-02-04T13:18:34.081497Z","level":"info","event":"Task operator:<Task(PythonOperator): transform_dim_race>","logger":"task.stdout"}
