{"timestamp":"2026-02-17T10:59:12.402315Z","level":"info","event":"DAG bundles loaded: dags-folder","logger":"airflow.dag_processing.bundles.manager.DagBundlesManager","filename":"manager.py","lineno":179}
{"timestamp":"2026-02-17T10:59:12.429312Z","level":"info","event":"Filling up the DagBag from /opt/airflow/dags/weekly_f1_pipeline.py","logger":"airflow.models.dagbag.DagBag","filename":"dagbag.py","lineno":593}
{"timestamp":"2026-02-17T10:59:16.231278Z","level":"warning","event":"The `airflow.utils.task_group.TaskGroup` attribute is deprecated. Please use `'airflow.sdk.TaskGroup'`.","category":"DeprecatedImportWarning","filename":"/opt/airflow/dags/weekly_f1_pipeline.py","lineno":36,"logger":"py.warnings"}
{"timestamp":"2026-02-17T10:59:16.231719Z","level":"warning","event":"The `airflow.operators.trigger_dagrun.TriggerDagRunOperator` attribute is deprecated. Please use `'airflow.providers.standard.operators.trigger_dagrun.TriggerDagRunOperator'`.","category":"DeprecatedImportWarning","filename":"/opt/airflow/dags/kafka_producer_pipeline.py","lineno":35,"logger":"py.warnings"}
{"timestamp":"2026-02-17T10:59:16.292607Z","level":"info","event":"======================================================================","logger":"task.stdout"}
{"timestamp":"2026-02-17T10:59:16.293434Z","level":"info","event":"PRODUCER: fact_driver_standings  (2026+)","logger":"task.stdout"}
{"timestamp":"2026-02-17T10:59:16.294328Z","level":"info","event":"======================================================================","logger":"task.stdout"}
{"timestamp":"2026-02-17T10:59:16.295508Z","level":"info","event":"","logger":"task.stdout"}
{"timestamp":"2026-02-17T10:59:16.296210Z","level":"info","event":"======================================================================","logger":"task.stdout"}
{"timestamp":"2026-02-17T10:59:16.297034Z","level":"info","event":"SCRAPING DRIVER STANDINGS FROM ERGAST API: 2026-2026","logger":"task.stdout"}
{"timestamp":"2026-02-17T10:59:16.297881Z","level":"info","event":"======================================================================","logger":"task.stdout"}
{"timestamp":"2026-02-17T10:59:16.298632Z","level":"info","event":"","logger":"task.stdout"}
{"timestamp":"2026-02-17T10:59:16.299429Z","level":"info","event":"Fetching driver standings for 2026...","logger":"task.stdout"}
{"timestamp":"2026-02-17T10:59:39.113800Z","level":"info","event":"0 standings found for 2026","logger":"task.stdout"}
{"timestamp":"2026-02-17T10:59:39.117274Z","level":"info","event":"","logger":"task.stdout"}
{"timestamp":"2026-02-17T10:59:39.117686Z","level":"info","event":"======================================================================","logger":"task.stdout"}
{"timestamp":"2026-02-17T10:59:39.117997Z","level":"info","event":"SCRAPING COMPLETE","logger":"task.stdout"}
{"timestamp":"2026-02-17T10:59:39.118395Z","level":"info","event":"Total records: 0","logger":"task.stdout"}
{"timestamp":"2026-02-17T10:59:39.118746Z","level":"info","event":"Years covered: 2026-2026","logger":"task.stdout"}
{"timestamp":"2026-02-17T10:59:39.119084Z","level":"info","event":"======================================================================","logger":"task.stdout"}
{"timestamp":"2026-02-17T10:59:39.119627Z","level":"info","event":"","logger":"task.stdout"}
{"timestamp":"2026-02-17T10:59:39.119982Z","level":"info","event":"Transforming API data to Silver schema...","logger":"task.stdout"}
{"timestamp":"2026-02-17T10:59:39.120307Z","level":"info","event":"No data found - returning empty DataFrame with schema: ['ds_id', 'driver_ref', 'constructor_ref', 'race_year', 'race_round', 'ds_position', 'ds_points', 'ds_wins', 'year', 'source', 'created_at']","logger":"task.stdout"}
{"timestamp":"2026-02-17T10:59:39.120664Z","level":"info","event":"  No driver standings data found","logger":"task.stdout"}
{"timestamp":"2026-02-17T10:59:39.140035Z","level":"info","event":"Done. Returned value was: {'new_count': 0}","logger":"airflow.task.operators.airflow.providers.standard.operators.python.PythonOperator","filename":"python.py","lineno":216}
{"timestamp":"2026-02-17T10:59:39.140429Z","level":"info","event":"Pushing xcom","ti":"RuntimeTaskInstance(id=UUID('019c6b38-f8ac-7779-867e-6759b8f5b704'), task_id='producer.scrape_publish_driver_standings', dag_id='weekly_f1_pipeline', run_id='scheduled__2026-02-16T08:00:00+00:00', try_number=1, dag_version_id=UUID('019c6b3f-6504-7762-8a07-8dc7f9afd1db'), map_index=-1, hostname='e6856ceb8334', context_carrier={}, task=<Task(PythonOperator): producer.scrape_publish_driver_standings>, bundle_instance=LocalDagBundle(name=dags-folder), max_tries=2, start_date=datetime.datetime(2026, 2, 17, 10, 59, 12, 48158, tzinfo=datetime.timezone.utc), end_date=None, state=<TaskInstanceState.RUNNING: 'running'>, is_mapped=False, rendered_map_index=None)","logger":"task","filename":"task_runner.py","lineno":1450}
{"timestamp":"2026-02-18T08:57:13.193307Z","level":"info","event":"DAG bundles loaded: dags-folder","logger":"airflow.dag_processing.bundles.manager.DagBundlesManager","filename":"manager.py","lineno":179}
{"timestamp":"2026-02-18T08:57:13.197068Z","level":"info","event":"Filling up the DagBag from /opt/airflow/dags/weekly_f1_pipeline.py","logger":"airflow.models.dagbag.DagBag","filename":"dagbag.py","lineno":593}
{"timestamp":"2026-02-18T08:57:14.446296Z","level":"warning","event":"The `airflow.utils.task_group.TaskGroup` attribute is deprecated. Please use `'airflow.sdk.TaskGroup'`.","category":"DeprecatedImportWarning","filename":"/opt/airflow/dags/weekly_f1_pipeline.py","lineno":36,"logger":"py.warnings"}
{"timestamp":"2026-02-18T08:57:14.452268Z","level":"warning","event":"The `airflow.operators.trigger_dagrun.TriggerDagRunOperator` attribute is deprecated. Please use `'airflow.providers.standard.operators.trigger_dagrun.TriggerDagRunOperator'`.","category":"DeprecatedImportWarning","filename":"/opt/airflow/dags/kafka_producer_pipeline.py","lineno":35,"logger":"py.warnings"}
{"timestamp":"2026-02-18T08:57:14.491579Z","level":"info","event":"======================================================================","logger":"task.stdout"}
{"timestamp":"2026-02-18T08:57:14.496203Z","level":"info","event":"PRODUCER: fact_driver_standings  (2026+)","logger":"task.stdout"}
{"timestamp":"2026-02-18T08:57:14.496566Z","level":"info","event":"======================================================================","logger":"task.stdout"}
{"timestamp":"2026-02-18T08:57:14.500017Z","level":"info","event":"","logger":"task.stdout"}
{"timestamp":"2026-02-18T08:57:14.500265Z","level":"info","event":"======================================================================","logger":"task.stdout"}
{"timestamp":"2026-02-18T08:57:14.500442Z","level":"info","event":"SCRAPING DRIVER STANDINGS FROM ERGAST API: 2026-2026","logger":"task.stdout"}
{"timestamp":"2026-02-18T08:57:14.500604Z","level":"info","event":"======================================================================","logger":"task.stdout"}
{"timestamp":"2026-02-18T08:57:14.500760Z","level":"info","event":"","logger":"task.stdout"}
{"timestamp":"2026-02-18T08:57:14.500927Z","level":"info","event":"Fetching driver standings for 2026...","logger":"task.stdout"}
{"timestamp":"2026-02-18T08:57:37.092825Z","level":"info","event":"0 standings found for 2026","logger":"task.stdout"}
{"timestamp":"2026-02-18T08:57:37.094223Z","level":"info","event":"","logger":"task.stdout"}
{"timestamp":"2026-02-18T08:57:37.094634Z","level":"info","event":"======================================================================","logger":"task.stdout"}
{"timestamp":"2026-02-18T08:57:37.094988Z","level":"info","event":"SCRAPING COMPLETE","logger":"task.stdout"}
{"timestamp":"2026-02-18T08:57:37.095256Z","level":"info","event":"Total records: 0","logger":"task.stdout"}
{"timestamp":"2026-02-18T08:57:37.095541Z","level":"info","event":"Years covered: 2026-2026","logger":"task.stdout"}
{"timestamp":"2026-02-18T08:57:37.095848Z","level":"info","event":"======================================================================","logger":"task.stdout"}
{"timestamp":"2026-02-18T08:57:37.096145Z","level":"info","event":"","logger":"task.stdout"}
{"timestamp":"2026-02-18T08:57:37.096461Z","level":"info","event":"Transforming API data to Silver schema...","logger":"task.stdout"}
{"timestamp":"2026-02-18T08:57:37.096784Z","level":"info","event":"No data found - returning empty DataFrame with schema: ['ds_id', 'driver_ref', 'constructor_ref', 'race_year', 'race_round', 'ds_position', 'ds_points', 'ds_wins', 'year', 'source', 'created_at']","logger":"task.stdout"}
{"timestamp":"2026-02-18T08:57:37.097101Z","level":"info","event":"  No driver standings data found","logger":"task.stdout"}
{"timestamp":"2026-02-18T08:57:37.108603Z","level":"info","event":"Done. Returned value was: {'new_count': 0}","logger":"airflow.task.operators.airflow.providers.standard.operators.python.PythonOperator","filename":"python.py","lineno":216}
{"timestamp":"2026-02-18T08:57:37.108874Z","level":"info","event":"Pushing xcom","ti":"RuntimeTaskInstance(id=UUID('019c6ff5-b481-7525-971a-f5fb69064d6c'), task_id='producer.scrape_publish_driver_standings', dag_id='weekly_f1_pipeline', run_id='scheduled__2026-02-16T08:00:00+00:00', try_number=1, dag_version_id=UUID('019c6ff5-b028-7014-b590-52b338429d0a'), map_index=-1, hostname='e4702b2ecf8f', context_carrier={}, task=<Task(PythonOperator): producer.scrape_publish_driver_standings>, bundle_instance=LocalDagBundle(name=dags-folder), max_tries=2, start_date=datetime.datetime(2026, 2, 18, 8, 57, 13, 104902, tzinfo=datetime.timezone.utc), end_date=None, state=<TaskInstanceState.RUNNING: 'running'>, is_mapped=False, rendered_map_index=None)","logger":"task","filename":"task_runner.py","lineno":1450}
