{"timestamp":"2026-02-15T13:21:50.188134Z","level":"info","event":"DAG bundles loaded: dags-folder","logger":"airflow.dag_processing.bundles.manager.DagBundlesManager","filename":"manager.py","lineno":179}
{"timestamp":"2026-02-15T13:21:50.195510Z","level":"info","event":"Filling up the DagBag from /opt/airflow/dags/api_etl/api_drivers_bronze_to_silver.py","logger":"airflow.models.dagbag.DagBag","filename":"dagbag.py","lineno":593}
{"timestamp":"2026-02-15T13:21:51.910513Z","level":"info","event":"======================================================================","logger":"task.stdout"}
{"timestamp":"2026-02-15T13:21:51.912012Z","level":"info","event":"F1 DRIVER BACKFILL: ERGAST API → SILVER","logger":"task.stdout"}
{"timestamp":"2026-02-15T13:21:51.912761Z","level":"info","event":"======================================================================","logger":"task.stdout"}
{"timestamp":"2026-02-15T13:21:51.913515Z","level":"info","event":"","logger":"task.stdout"}
{"timestamp":"2026-02-15T13:21:51.914080Z","level":"info","event":"[STEP 1] Scraping API...","logger":"task.stdout"}
{"timestamp":"2026-02-15T13:21:51.914620Z","level":"info","event":"","logger":"task.stdout"}
{"timestamp":"2026-02-15T13:21:51.915302Z","level":"info","event":"======================================================================","logger":"task.stdout"}
{"timestamp":"2026-02-15T13:21:51.915789Z","level":"info","event":"SCRAPING DRIVERS FROM ERGAST API: 2024-2025","logger":"task.stdout"}
{"timestamp":"2026-02-15T13:21:51.916302Z","level":"info","event":"======================================================================","logger":"task.stdout"}
{"timestamp":"2026-02-15T13:21:51.916860Z","level":"info","event":"","logger":"task.stdout"}
{"timestamp":"2026-02-15T13:21:51.917647Z","level":"info","event":"Fetching drivers for 2024...","logger":"task.stdout"}
{"timestamp":"2026-02-15T13:22:15.795103Z","level":"info","event":"25 drivers found","logger":"task.stdout"}
{"timestamp":"2026-02-15T13:22:15.795775Z","level":"info","event":"Fetching drivers for 2025...","logger":"task.stdout"}
{"timestamp":"2026-02-15T13:22:38.170052Z","level":"info","event":"30 drivers found","logger":"task.stdout"}
{"timestamp":"2026-02-15T13:22:38.171869Z","level":"info","event":"","logger":"task.stdout"}
{"timestamp":"2026-02-15T13:22:38.172388Z","level":"info","event":"======================================================================","logger":"task.stdout"}
{"timestamp":"2026-02-15T13:22:38.173310Z","level":"info","event":"SCRAPING COMPLETE","logger":"task.stdout"}
{"timestamp":"2026-02-15T13:22:38.173793Z","level":"info","event":"Total records: 55","logger":"task.stdout"}
{"timestamp":"2026-02-15T13:22:38.174479Z","level":"info","event":"Unique drivers (by driverId): 36","logger":"task.stdout"}
{"timestamp":"2026-02-15T13:22:38.175061Z","level":"info","event":"Years covered: 2024-2025","logger":"task.stdout"}
{"timestamp":"2026-02-15T13:22:38.175587Z","level":"info","event":"======================================================================","logger":"task.stdout"}
{"timestamp":"2026-02-15T13:22:38.176101Z","level":"info","event":"","logger":"task.stdout"}
{"timestamp":"2026-02-15T13:22:38.176589Z","level":"info","event":"API scraping complete: 55 driver records","logger":"task.stdout"}
{"timestamp":"2026-02-15T13:22:38.177081Z","level":"info","event":"","logger":"task.stdout"}
{"timestamp":"2026-02-15T13:22:38.177497Z","level":"info","event":"[STEP 2] Transforming to Silver schema...","logger":"task.stdout"}
{"timestamp":"2026-02-15T13:22:38.177967Z","level":"info","event":"Transforming API data to Silver schema...","logger":"task.stdout"}
{"timestamp":"2026-02-15T13:22:38.178301Z","level":"info","event":"Deduplication: 55 records → 36 unique drivers","logger":"task.stdout"}
{"timestamp":"2026-02-15T13:22:38.178717Z","level":"info","event":"Sorted by driverId (alphabetically) for stable driver_id generation","logger":"task.stdout"}
{"timestamp":"2026-02-15T13:22:38.179084Z","level":"info","event":"  Generated driver_id: 10001 - 10036","logger":"task.stdout"}
{"timestamp":"2026-02-15T13:22:38.182899Z","level":"info","event":"Transformed 36 drivers to Silver schema","logger":"task.stdout"}
{"timestamp":"2026-02-15T13:22:38.183431Z","level":"info","event":"Source: ergast_api","logger":"task.stdout"}
{"timestamp":"2026-02-15T13:22:38.183981Z","level":"info","event":"driver_id range: 10001 - 10036","logger":"task.stdout"}
{"timestamp":"2026-02-15T13:22:38.184532Z","level":"info","event":"Transformation complete: 36 unique drivers","logger":"task.stdout"}
{"timestamp":"2026-02-15T13:22:38.185135Z","level":"info","event":"driver_id range: 10001 - 10036","logger":"task.stdout"}
{"timestamp":"2026-02-15T13:22:38.185735Z","level":"info","event":"","logger":"task.stdout"}
{"timestamp":"2026-02-15T13:22:38.186263Z","level":"info","event":"[STEP 3] Loading existing Silver data...","logger":"task.stdout"}
{"timestamp":"2026-02-15T13:22:38.226536Z","level":"info","event":" Downloaded dimensions/dim_driver/dim_driver.parquet (65 rows)","logger":"task.stdout"}
{"timestamp":"2026-02-15T13:22:38.264717Z","level":"info","event":"Loaded 65 existing drivers from Silver","logger":"task.stdout"}
{"timestamp":"2026-02-15T13:22:38.280243Z","level":"info","event":"Existing sources: {'f1_data.csv': 65}","logger":"task.stdout"}
{"timestamp":"2026-02-15T13:22:38.280856Z","level":"info","event":"CSV driver_id range: 1 - 858","logger":"task.stdout"}
{"timestamp":"2026-02-15T13:22:38.281423Z","level":"info","event":"","logger":"task.stdout"}
{"timestamp":"2026-02-15T13:22:38.282330Z","level":"info","event":"[STEP 4] Merging API data with existing Silver...","logger":"task.stdout"}
{"timestamp":"2026-02-15T13:22:38.284190Z","level":"info","event":"","logger":"task.stdout"}
{"timestamp":"2026-02-15T13:22:38.284702Z","level":"info","event":"  Merge Configuration:","logger":"task.stdout"}
{"timestamp":"2026-02-15T13:22:38.285269Z","level":"info","event":"Existing drivers: 65","logger":"task.stdout"}
{"timestamp":"2026-02-15T13:22:38.285917Z","level":"info","event":"New API drivers: 36","logger":"task.stdout"}
{"timestamp":"2026-02-15T13:22:38.286693Z","level":"info","event":"Merge key: driver_ref (PRIMARY natural key)","logger":"task.stdout"}
{"timestamp":"2026-02-15T13:22:38.287267Z","level":"info","event":"CSV priority: YES (skip API for CSV drivers)","logger":"task.stdout"}
{"timestamp":"2026-02-15T13:22:38.287771Z","level":"info","event":"","logger":"task.stdout"}
{"timestamp":"2026-02-15T13:22:38.288539Z","level":"info","event":"  Current max driver_key: 65","logger":"task.stdout"}
{"timestamp":"2026-02-15T13:22:38.289060Z","level":"info","event":"","logger":"task.stdout"}
{"timestamp":"2026-02-15T13:22:38.289542Z","level":"info","event":"  Processing 36 API drivers:","logger":"task.stdout"}
{"timestamp":"2026-02-15T13:22:38.290092Z","level":"info","event":"","logger":"task.stdout"}
{"timestamp":"2026-02-15T13:22:38.290615Z","level":"info","event":"SKIP: albon                (CSV priority)","logger":"task.stdout"}
{"timestamp":"2026-02-15T13:22:38.291398Z","level":"info","event":"SKIP: alonso               (CSV priority)","logger":"task.stdout"}
{"timestamp":"2026-02-15T13:22:38.291939Z","level":"info","event":"ADD: antonelli            (new driver from API, driver_id=10003)","logger":"task.stdout"}
{"timestamp":"2026-02-15T13:22:38.292504Z","level":"info","event":"ADD: arthur_leclerc       (new driver from API, driver_id=10004)","logger":"task.stdout"}
{"timestamp":"2026-02-15T13:22:38.293153Z","level":"info","event":"ADD: arvid_lindblad       (new driver from API, driver_id=10005)","logger":"task.stdout"}
{"timestamp":"2026-02-15T13:22:38.293750Z","level":"info","event":"ADD: ayumu_iwasa          (new driver from API, driver_id=10006)","logger":"task.stdout"}
{"timestamp":"2026-02-15T13:22:38.301456Z","level":"info","event":"ADD: bearman              (new driver from API, driver_id=10007)","logger":"task.stdout"}
{"timestamp":"2026-02-15T13:22:38.312955Z","level":"info","event":"ADD: bortoleto            (new driver from API, driver_id=10008)","logger":"task.stdout"}
{"timestamp":"2026-02-15T13:22:38.316528Z","level":"info","event":"SKIP: bottas               (CSV priority)","logger":"task.stdout"}
{"timestamp":"2026-02-15T13:22:38.317605Z","level":"info","event":"ADD: cian_shields         (new driver from API, driver_id=10010)","logger":"task.stdout"}
{"timestamp":"2026-02-15T13:22:38.323162Z","level":"info","event":"ADD: colapinto            (new driver from API, driver_id=10011)","logger":"task.stdout"}
{"timestamp":"2026-02-15T13:22:38.327954Z","level":"info","event":"ADD: doohan               (new driver from API, driver_id=10012)","logger":"task.stdout"}
{"timestamp":"2026-02-15T13:22:38.335237Z","level":"info","event":"SKIP: gasly                (CSV priority)","logger":"task.stdout"}
{"timestamp":"2026-02-15T13:22:38.336372Z","level":"info","event":"ADD: hadjar               (new driver from API, driver_id=10014)","logger":"task.stdout"}
{"timestamp":"2026-02-15T13:22:38.343246Z","level":"info","event":"SKIP: hamilton             (CSV priority)","logger":"task.stdout"}
{"timestamp":"2026-02-15T13:22:38.345275Z","level":"info","event":"SKIP: hulkenberg           (CSV priority)","logger":"task.stdout"}
{"timestamp":"2026-02-15T13:22:38.346203Z","level":"info","event":"ADD: jak_crawford         (new driver from API, driver_id=10017)","logger":"task.stdout"}
{"timestamp":"2026-02-15T13:22:38.352823Z","level":"info","event":"SKIP: kevin_magnussen      (CSV priority)","logger":"task.stdout"}
{"timestamp":"2026-02-15T13:22:38.353614Z","level":"info","event":"ADD: lawson               (new driver from API, driver_id=10019)","logger":"task.stdout"}
{"timestamp":"2026-02-15T13:22:38.359684Z","level":"info","event":"SKIP: leclerc              (CSV priority)","logger":"task.stdout"}
{"timestamp":"2026-02-15T13:22:38.360434Z","level":"info","event":"ADD: luke_browning        (new driver from API, driver_id=10021)","logger":"task.stdout"}
{"timestamp":"2026-02-15T13:22:38.367058Z","level":"info","event":"SKIP: max_verstappen       (CSV priority)","logger":"task.stdout"}
{"timestamp":"2026-02-15T13:22:38.368900Z","level":"info","event":"SKIP: norris               (CSV priority)","logger":"task.stdout"}
{"timestamp":"2026-02-15T13:22:38.370824Z","level":"info","event":"SKIP: ocon                 (CSV priority)","logger":"task.stdout"}
{"timestamp":"2026-02-15T13:22:38.371391Z","level":"info","event":"ADD: patricio_o_ward      (new driver from API, driver_id=10025)","logger":"task.stdout"}
{"timestamp":"2026-02-15T13:22:38.376945Z","level":"info","event":"ADD: paul_aron            (new driver from API, driver_id=10026)","logger":"task.stdout"}
{"timestamp":"2026-02-15T13:22:38.381911Z","level":"info","event":"SKIP: perez                (CSV priority)","logger":"task.stdout"}
{"timestamp":"2026-02-15T13:22:38.383152Z","level":"info","event":"SKIP: piastri              (CSV priority)","logger":"task.stdout"}
{"timestamp":"2026-02-15T13:22:38.384857Z","level":"info","event":"SKIP: ricciardo            (CSV priority)","logger":"task.stdout"}
{"timestamp":"2026-02-15T13:22:38.386997Z","level":"info","event":"SKIP: russell              (CSV priority)","logger":"task.stdout"}
{"timestamp":"2026-02-15T13:22:38.387691Z","level":"info","event":"ADD: ryo_hirakawa         (new driver from API, driver_id=10031)","logger":"task.stdout"}
{"timestamp":"2026-02-15T13:22:38.392878Z","level":"info","event":"SKIP: sainz                (CSV priority)","logger":"task.stdout"}
{"timestamp":"2026-02-15T13:22:38.394591Z","level":"info","event":"SKIP: sargeant             (CSV priority)","logger":"task.stdout"}
{"timestamp":"2026-02-15T13:22:38.396018Z","level":"info","event":"SKIP: stroll               (CSV priority)","logger":"task.stdout"}
{"timestamp":"2026-02-15T13:22:38.397582Z","level":"info","event":"SKIP: tsunoda              (CSV priority)","logger":"task.stdout"}
{"timestamp":"2026-02-15T13:22:38.399017Z","level":"info","event":"SKIP: zhou                 (CSV priority)","logger":"task.stdout"}
{"timestamp":"2026-02-15T13:22:38.399499Z","level":"info","event":"Merge complete: 81 total drivers","logger":"task.stdout"}
{"timestamp":"2026-02-15T13:22:38.399931Z","level":"info","event":"","logger":"task.stdout"}
{"timestamp":"2026-02-15T13:22:38.400484Z","level":"info","event":"[STEP 5] Writing to Silver layer...","logger":"task.stdout"}
{"timestamp":"2026-02-15T13:22:38.432929Z","level":"info","event":"Uploaded dimensions/dim_driver/dim_driver.parquet (81 rows)","logger":"task.stdout"}
{"timestamp":"2026-02-15T13:22:38.433496Z","level":"info","event":"Written to: s3://f1-silver/dimensions/dim_driver/dim_driver.parquet","logger":"task.stdout"}
{"timestamp":"2026-02-15T13:22:38.434039Z","level":"info","event":"","logger":"task.stdout"}
{"timestamp":"2026-02-15T13:22:38.434543Z","level":"info","event":"======================================================================","logger":"task.stdout"}
{"timestamp":"2026-02-15T13:22:38.434950Z","level":"info","event":"BACKFILL SUMMARY","logger":"task.stdout"}
{"timestamp":"2026-02-15T13:22:38.435367Z","level":"info","event":"======================================================================","logger":"task.stdout"}
{"timestamp":"2026-02-15T13:22:38.435836Z","level":"info","event":"  Existing drivers in Silver: 65","logger":"task.stdout"}
{"timestamp":"2026-02-15T13:22:38.436215Z","level":"info","event":"  API drivers scraped: 36","logger":"task.stdout"}
{"timestamp":"2026-02-15T13:22:38.436708Z","level":"info","event":"  Final driver count: 81","logger":"task.stdout"}
{"timestamp":"2026-02-15T13:22:38.437133Z","level":"info","event":"  New drivers added: 16","logger":"task.stdout"}
{"timestamp":"2026-02-15T13:22:38.437502Z","level":"info","event":"","logger":"task.stdout"}
{"timestamp":"2026-02-15T13:22:38.437989Z","level":"info","event":"  Final source breakdown:","logger":"task.stdout"}
{"timestamp":"2026-02-15T13:22:38.438416Z","level":"info","event":"    f1_data.csv    : 65","logger":"task.stdout"}
{"timestamp":"2026-02-15T13:22:38.438829Z","level":"info","event":"    api            : 16","logger":"task.stdout"}
{"timestamp":"2026-02-15T13:22:38.439226Z","level":"info","event":"","logger":"task.stdout"}
{"timestamp":"2026-02-15T13:22:38.439604Z","level":"info","event":"  driver_id ranges:","logger":"task.stdout"}
{"timestamp":"2026-02-15T13:22:38.440173Z","level":"info","event":"    f1_data.csv    : 1 - 858","logger":"task.stdout"}
{"timestamp":"2026-02-15T13:22:38.440610Z","level":"info","event":"    api            : 10003 - 10031","logger":"task.stdout"}
{"timestamp":"2026-02-15T13:22:38.441026Z","level":"info","event":"======================================================================","logger":"task.stdout"}
{"timestamp":"2026-02-15T13:22:38.477300Z","level":"info","event":"Done. Returned value was: {'existing_count': 65, 'api_scraped': 36, 'final_count': 81, 'new_drivers_added': 16}","logger":"airflow.task.operators.airflow.providers.standard.operators.python.PythonOperator","filename":"python.py","lineno":216}
{"timestamp":"2026-02-15T13:22:38.477753Z","level":"info","event":"Pushing xcom","ti":"RuntimeTaskInstance(id=UUID('019c6176-e944-7054-af5e-6e4fee4b58ff'), task_id='backfill_dim_driver', dag_id='api_drivers_bronze_to_silver', run_id='manual__2026-02-15T13:21:47.699827+00:00', try_number=1, dag_version_id=UUID('019c6168-24db-7dfe-ab16-a86099efd755'), map_index=-1, hostname='2eb379175555', context_carrier={}, task=<Task(PythonOperator): backfill_dim_driver>, bundle_instance=LocalDagBundle(name=dags-folder), max_tries=2, start_date=datetime.datetime(2026, 2, 15, 13, 21, 50, 39457, tzinfo=datetime.timezone.utc), end_date=None, state=<TaskInstanceState.RUNNING: 'running'>, is_mapped=False, rendered_map_index=None)","logger":"task","filename":"task_runner.py","lineno":1450}
