{"timestamp":"2026-02-19T10:01:18.439144Z","level":"info","event":"DAG bundles loaded: dags-folder","logger":"airflow.dag_processing.bundles.manager.DagBundlesManager","filename":"manager.py","lineno":179}
{"timestamp":"2026-02-19T10:01:18.449694Z","level":"info","event":"Filling up the DagBag from /opt/airflow/dags/weekly_f1_pipeline.py","logger":"airflow.models.dagbag.DagBag","filename":"dagbag.py","lineno":593}
{"timestamp":"2026-02-19T10:01:19.523161Z","level":"warning","event":"The `airflow.utils.task_group.TaskGroup` attribute is deprecated. Please use `'airflow.sdk.TaskGroup'`.","category":"DeprecatedImportWarning","filename":"/opt/airflow/dags/weekly_f1_pipeline.py","lineno":36,"logger":"py.warnings"}
{"timestamp":"2026-02-19T10:01:19.523295Z","level":"warning","event":"The `airflow.operators.trigger_dagrun.TriggerDagRunOperator` attribute is deprecated. Please use `'airflow.providers.standard.operators.trigger_dagrun.TriggerDagRunOperator'`.","category":"DeprecatedImportWarning","filename":"/opt/airflow/dags/kafka_producer_pipeline.py","lineno":35,"logger":"py.warnings"}
{"timestamp":"2026-02-19T10:01:19.563493Z","level":"info","event":"======================================================================","logger":"task.stdout"}
{"timestamp":"2026-02-19T10:01:19.565645Z","level":"info","event":"PRODUCER: fact_driver_standings  (2026+)","logger":"task.stdout"}
{"timestamp":"2026-02-19T10:01:19.566176Z","level":"info","event":"======================================================================","logger":"task.stdout"}
{"timestamp":"2026-02-19T10:01:19.567263Z","level":"info","event":"","logger":"task.stdout"}
{"timestamp":"2026-02-19T10:01:19.567503Z","level":"info","event":"======================================================================","logger":"task.stdout"}
{"timestamp":"2026-02-19T10:01:19.567706Z","level":"info","event":"SCRAPING DRIVER STANDINGS FROM ERGAST API: 2026-2026","logger":"task.stdout"}
{"timestamp":"2026-02-19T10:01:19.567943Z","level":"info","event":"======================================================================","logger":"task.stdout"}
{"timestamp":"2026-02-19T10:01:19.568162Z","level":"info","event":"","logger":"task.stdout"}
{"timestamp":"2026-02-19T10:01:19.568983Z","level":"info","event":"Fetching driver standings for 2026...","logger":"task.stdout"}
{"timestamp":"2026-02-19T10:01:42.906864Z","level":"info","event":"0 standings found for 2026","logger":"task.stdout"}
{"timestamp":"2026-02-19T10:01:42.910353Z","level":"info","event":"","logger":"task.stdout"}
{"timestamp":"2026-02-19T10:01:42.910839Z","level":"info","event":"======================================================================","logger":"task.stdout"}
{"timestamp":"2026-02-19T10:01:42.911224Z","level":"info","event":"SCRAPING COMPLETE","logger":"task.stdout"}
{"timestamp":"2026-02-19T10:01:42.911622Z","level":"info","event":"Total records: 0","logger":"task.stdout"}
{"timestamp":"2026-02-19T10:01:42.911982Z","level":"info","event":"Years covered: 2026-2026","logger":"task.stdout"}
{"timestamp":"2026-02-19T10:01:42.912334Z","level":"info","event":"======================================================================","logger":"task.stdout"}
{"timestamp":"2026-02-19T10:01:42.912714Z","level":"info","event":"","logger":"task.stdout"}
{"timestamp":"2026-02-19T10:01:42.913103Z","level":"info","event":"Transforming API data to Silver schema...","logger":"task.stdout"}
{"timestamp":"2026-02-19T10:01:42.913446Z","level":"info","event":"No data found - returning empty DataFrame with schema: ['ds_id', 'driver_ref', 'constructor_ref', 'race_year', 'race_round', 'ds_position', 'ds_points', 'ds_wins', 'year', 'source', 'created_at']","logger":"task.stdout"}
{"timestamp":"2026-02-19T10:01:42.913778Z","level":"info","event":"  No driver standings data found","logger":"task.stdout"}
{"timestamp":"2026-02-19T10:01:42.925487Z","level":"info","event":"Done. Returned value was: {'new_count': 0}","logger":"airflow.task.operators.airflow.providers.standard.operators.python.PythonOperator","filename":"python.py","lineno":216}
{"timestamp":"2026-02-19T10:01:42.925788Z","level":"info","event":"Pushing xcom","ti":"RuntimeTaskInstance(id=UUID('019c7557-dab9-7c8e-9469-10ad8127af24'), task_id='producer.scrape_publish_driver_standings', dag_id='weekly_f1_pipeline', run_id='manual__2026-02-19T10:00:16+00:00', try_number=1, dag_version_id=UUID('019c6ff5-b028-7014-b590-52b338429d0a'), map_index=-1, hostname='89430fcc2ad4', context_carrier={}, task=<Task(PythonOperator): producer.scrape_publish_driver_standings>, bundle_instance=LocalDagBundle(name=dags-folder), max_tries=2, start_date=datetime.datetime(2026, 2, 19, 10, 1, 18, 274370, tzinfo=datetime.timezone.utc), end_date=None, state=<TaskInstanceState.RUNNING: 'running'>, is_mapped=False, rendered_map_index=None)","logger":"task","filename":"task_runner.py","lineno":1450}
