{"timestamp":"2026-02-15T13:21:50.412473Z","level":"info","event":"DAG bundles loaded: dags-folder","logger":"airflow.dag_processing.bundles.manager.DagBundlesManager","filename":"manager.py","lineno":179}
{"timestamp":"2026-02-15T13:21:50.419561Z","level":"info","event":"Filling up the DagBag from /opt/airflow/dags/api_etl/api_circuits_bronze_to_silver.py","logger":"airflow.models.dagbag.DagBag","filename":"dagbag.py","lineno":593}
{"timestamp":"2026-02-15T13:21:52.142356Z","level":"info","event":"======================================================================","logger":"task.stdout"}
{"timestamp":"2026-02-15T13:21:52.143134Z","level":"info","event":"F1 CIRCUIT BACKFILL: ERGAST API → SILVER","logger":"task.stdout"}
{"timestamp":"2026-02-15T13:21:52.146098Z","level":"info","event":"======================================================================","logger":"task.stdout"}
{"timestamp":"2026-02-15T13:21:52.151703Z","level":"info","event":"","logger":"task.stdout"}
{"timestamp":"2026-02-15T13:21:52.152192Z","level":"info","event":"[STEP 1] Scraping API...","logger":"task.stdout"}
{"timestamp":"2026-02-15T13:21:52.152579Z","level":"info","event":"","logger":"task.stdout"}
{"timestamp":"2026-02-15T13:21:52.152949Z","level":"info","event":"======================================================================","logger":"task.stdout"}
{"timestamp":"2026-02-15T13:21:52.153340Z","level":"info","event":"SCRAPING CIRCUITS FROM API: 2024-2025","logger":"task.stdout"}
{"timestamp":"2026-02-15T13:21:52.153782Z","level":"info","event":"======================================================================","logger":"task.stdout"}
{"timestamp":"2026-02-15T13:21:52.154152Z","level":"info","event":"","logger":"task.stdout"}
{"timestamp":"2026-02-15T13:21:52.154516Z","level":"info","event":"Fetching circuits for 2024...","logger":"task.stdout"}
{"timestamp":"2026-02-15T13:22:16.233309Z","level":"info","event":"24 circuits found","logger":"task.stdout"}
{"timestamp":"2026-02-15T13:22:16.233852Z","level":"info","event":"Fetching circuits for 2025...","logger":"task.stdout"}
{"timestamp":"2026-02-15T13:22:39.392302Z","level":"info","event":"24 circuits found","logger":"task.stdout"}
{"timestamp":"2026-02-15T13:22:39.393956Z","level":"info","event":"","logger":"task.stdout"}
{"timestamp":"2026-02-15T13:22:39.394761Z","level":"info","event":"======================================================================","logger":"task.stdout"}
{"timestamp":"2026-02-15T13:22:39.395360Z","level":"info","event":"SCRAPING COMPLETE","logger":"task.stdout"}
{"timestamp":"2026-02-15T13:22:39.399739Z","level":"info","event":"Total records: 48","logger":"task.stdout"}
{"timestamp":"2026-02-15T13:22:39.402395Z","level":"info","event":"Unique constructors (by circuitId): 24","logger":"task.stdout"}
{"timestamp":"2026-02-15T13:22:39.402868Z","level":"info","event":"Years covered: 2024-2025","logger":"task.stdout"}
{"timestamp":"2026-02-15T13:22:39.404257Z","level":"info","event":"======================================================================","logger":"task.stdout"}
{"timestamp":"2026-02-15T13:22:39.404859Z","level":"info","event":"","logger":"task.stdout"}
{"timestamp":"2026-02-15T13:22:39.405479Z","level":"info","event":"API scraping complete: 48 circuit records","logger":"task.stdout"}
{"timestamp":"2026-02-15T13:22:39.407846Z","level":"info","event":"","logger":"task.stdout"}
{"timestamp":"2026-02-15T13:22:39.408317Z","level":"info","event":"[STEP 2] Transforming to Silver schema...","logger":"task.stdout"}
{"timestamp":"2026-02-15T13:22:39.408762Z","level":"info","event":"Transforming API data to Silver schema...","logger":"task.stdout"}
{"timestamp":"2026-02-15T13:22:39.412208Z","level":"info","event":"Deduplication: 48 records → 24 unique constructors","logger":"task.stdout"}
{"timestamp":"2026-02-15T13:22:39.412664Z","level":"info","event":"Sorted by circuitId for stable circuit_id generation","logger":"task.stdout"}
{"timestamp":"2026-02-15T13:22:39.413053Z","level":"info","event":"Transformed 24 circuits to Silver schema","logger":"task.stdout"}
{"timestamp":"2026-02-15T13:22:39.413509Z","level":"info","event":"Source: api","logger":"task.stdout"}
{"timestamp":"2026-02-15T13:22:39.413927Z","level":"info","event":"circuit_id range: 10001 - 10024","logger":"task.stdout"}
{"timestamp":"2026-02-15T13:22:39.414362Z","level":"info","event":"Transformation complete: 24 unique constructors","logger":"task.stdout"}
{"timestamp":"2026-02-15T13:22:39.414872Z","level":"info","event":"circuit_id range: 10001 - 10024","logger":"task.stdout"}
{"timestamp":"2026-02-15T13:22:39.415329Z","level":"info","event":"","logger":"task.stdout"}
{"timestamp":"2026-02-15T13:22:39.415855Z","level":"info","event":"[STEP 3] Loading existing Silver data...","logger":"task.stdout"}
{"timestamp":"2026-02-15T13:22:39.433087Z","level":"info","event":" Downloaded dimensions/dim_circuit/dim_circuit.parquet (34 rows)","logger":"task.stdout"}
{"timestamp":"2026-02-15T13:22:39.433533Z","level":"info","event":"Loaded 34 existing circuits from Silver","logger":"task.stdout"}
{"timestamp":"2026-02-15T13:22:39.433993Z","level":"info","event":"Existing sources: {'f1_data.csv': 34}","logger":"task.stdout"}
{"timestamp":"2026-02-15T13:22:39.434559Z","level":"info","event":"CSV circuit_id range: 1 - 79","logger":"task.stdout"}
{"timestamp":"2026-02-15T13:22:39.435000Z","level":"info","event":"","logger":"task.stdout"}
{"timestamp":"2026-02-15T13:22:39.435438Z","level":"info","event":"[STEP 4] Merging API data with existing Silver...","logger":"task.stdout"}
{"timestamp":"2026-02-15T13:22:39.435860Z","level":"info","event":"","logger":"task.stdout"}
{"timestamp":"2026-02-15T13:22:39.436244Z","level":"info","event":"  Merge Configuration:","logger":"task.stdout"}
{"timestamp":"2026-02-15T13:22:39.436707Z","level":"info","event":"Existing constructors: 34","logger":"task.stdout"}
{"timestamp":"2026-02-15T13:22:39.437122Z","level":"info","event":"New API constructors: 24","logger":"task.stdout"}
{"timestamp":"2026-02-15T13:22:39.437537Z","level":"info","event":"Merge key: constructor_ref (PRIMARY natural key)","logger":"task.stdout"}
{"timestamp":"2026-02-15T13:22:39.437931Z","level":"info","event":"CSV priority: YES (skip API for CSV constructors)","logger":"task.stdout"}
{"timestamp":"2026-02-15T13:22:39.438392Z","level":"info","event":"","logger":"task.stdout"}
{"timestamp":"2026-02-15T13:22:39.438858Z","level":"info","event":"  Current max circuit_key: 34","logger":"task.stdout"}
{"timestamp":"2026-02-15T13:22:39.439315Z","level":"info","event":"","logger":"task.stdout"}
{"timestamp":"2026-02-15T13:22:39.439766Z","level":"info","event":"  Processing 24 API constructors:","logger":"task.stdout"}
{"timestamp":"2026-02-15T13:22:39.440115Z","level":"info","event":"","logger":"task.stdout"}
{"timestamp":"2026-02-15T13:22:39.440574Z","level":"info","event":"SKIP: albert_park          (CSV priority)","logger":"task.stdout"}
{"timestamp":"2026-02-15T13:22:39.441081Z","level":"info","event":"SKIP: americas             (CSV priority)","logger":"task.stdout"}
{"timestamp":"2026-02-15T13:22:39.441563Z","level":"info","event":"SKIP: bahrain              (CSV priority)","logger":"task.stdout"}
{"timestamp":"2026-02-15T13:22:39.442088Z","level":"info","event":"SKIP: baku                 (CSV priority)","logger":"task.stdout"}
{"timestamp":"2026-02-15T13:22:39.442606Z","level":"info","event":"SKIP: catalunya            (CSV priority)","logger":"task.stdout"}
{"timestamp":"2026-02-15T13:22:39.443321Z","level":"info","event":"SKIP: hungaroring          (CSV priority)","logger":"task.stdout"}
{"timestamp":"2026-02-15T13:22:39.444307Z","level":"info","event":"SKIP: imola                (CSV priority)","logger":"task.stdout"}
{"timestamp":"2026-02-15T13:22:39.445235Z","level":"info","event":"SKIP: interlagos           (CSV priority)","logger":"task.stdout"}
{"timestamp":"2026-02-15T13:22:39.446118Z","level":"info","event":"SKIP: jeddah               (CSV priority)","logger":"task.stdout"}
{"timestamp":"2026-02-15T13:22:39.447041Z","level":"info","event":"SKIP: losail               (CSV priority)","logger":"task.stdout"}
{"timestamp":"2026-02-15T13:22:39.447909Z","level":"info","event":"SKIP: marina_bay           (CSV priority)","logger":"task.stdout"}
{"timestamp":"2026-02-15T13:22:39.448934Z","level":"info","event":"SKIP: miami                (CSV priority)","logger":"task.stdout"}
{"timestamp":"2026-02-15T13:22:39.449824Z","level":"info","event":"SKIP: monaco               (CSV priority)","logger":"task.stdout"}
{"timestamp":"2026-02-15T13:22:39.450779Z","level":"info","event":"SKIP: monza                (CSV priority)","logger":"task.stdout"}
{"timestamp":"2026-02-15T13:22:39.451750Z","level":"info","event":"SKIP: red_bull_ring        (CSV priority)","logger":"task.stdout"}
{"timestamp":"2026-02-15T13:22:39.452781Z","level":"info","event":"SKIP: rodriguez            (CSV priority)","logger":"task.stdout"}
{"timestamp":"2026-02-15T13:22:39.453754Z","level":"info","event":"SKIP: shanghai             (CSV priority)","logger":"task.stdout"}
{"timestamp":"2026-02-15T13:22:39.454763Z","level":"info","event":"SKIP: silverstone          (CSV priority)","logger":"task.stdout"}
{"timestamp":"2026-02-15T13:22:39.455844Z","level":"info","event":"SKIP: spa                  (CSV priority)","logger":"task.stdout"}
{"timestamp":"2026-02-15T13:22:39.456908Z","level":"info","event":"SKIP: suzuka               (CSV priority)","logger":"task.stdout"}
{"timestamp":"2026-02-15T13:22:39.457530Z","level":"info","event":"ADD: vegas                (new circuit from API, circuit_id10021)","logger":"task.stdout"}
{"timestamp":"2026-02-15T13:22:39.463768Z","level":"warning","event":"The behavior of DataFrame concatenation with empty or all-NA entries is deprecated. In a future version, this will no longer exclude empty or all-NA columns when determining the result dtypes. To retain the old behavior, exclude the relevant entries before the concat operation.","category":"FutureWarning","filename":"/opt/airflow/dags/api_etl/api_circuits_bronze_to_silver.py","lineno":95,"logger":"py.warnings"}
{"timestamp":"2026-02-15T13:22:39.465545Z","level":"info","event":"SKIP: villeneuve           (CSV priority)","logger":"task.stdout"}
{"timestamp":"2026-02-15T13:22:39.466323Z","level":"info","event":"SKIP: yas_marina           (CSV priority)","logger":"task.stdout"}
{"timestamp":"2026-02-15T13:22:39.467042Z","level":"info","event":"SKIP: zandvoort            (CSV priority)","logger":"task.stdout"}
{"timestamp":"2026-02-15T13:22:39.467492Z","level":"info","event":"Merge complete: 35 total constructors","logger":"task.stdout"}
{"timestamp":"2026-02-15T13:22:39.468008Z","level":"info","event":"","logger":"task.stdout"}
{"timestamp":"2026-02-15T13:22:39.468603Z","level":"info","event":"[STEP 5] Writing to Silver layer...","logger":"task.stdout"}
{"timestamp":"2026-02-15T13:22:39.488174Z","level":"info","event":"Uploaded dimensions/dim_circuit/dim_circuit.parquet (35 rows)","logger":"task.stdout"}
{"timestamp":"2026-02-15T13:22:39.488906Z","level":"info","event":"Written to: s3://f1-silver/dimensions/dim_circuit/dim_circuit.parquet","logger":"task.stdout"}
{"timestamp":"2026-02-15T13:22:39.489383Z","level":"info","event":"","logger":"task.stdout"}
{"timestamp":"2026-02-15T13:22:39.489982Z","level":"info","event":"======================================================================","logger":"task.stdout"}
{"timestamp":"2026-02-15T13:22:39.490456Z","level":"info","event":"BACKFILL SUMMARY","logger":"task.stdout"}
{"timestamp":"2026-02-15T13:22:39.490972Z","level":"info","event":"======================================================================","logger":"task.stdout"}
{"timestamp":"2026-02-15T13:22:39.491467Z","level":"info","event":"  Existing circuits in Silver: 34","logger":"task.stdout"}
{"timestamp":"2026-02-15T13:22:39.491996Z","level":"info","event":"  API circuits scraped: 24","logger":"task.stdout"}
{"timestamp":"2026-02-15T13:22:39.492534Z","level":"info","event":"  Final constructor count: 35","logger":"task.stdout"}
{"timestamp":"2026-02-15T13:22:39.492998Z","level":"info","event":"  New constructors added: 1","logger":"task.stdout"}
{"timestamp":"2026-02-15T13:22:39.493549Z","level":"info","event":"","logger":"task.stdout"}
{"timestamp":"2026-02-15T13:22:39.494005Z","level":"info","event":"  Final source breakdown:","logger":"task.stdout"}
{"timestamp":"2026-02-15T13:22:39.494463Z","level":"info","event":"    f1_data.csv    : 34","logger":"task.stdout"}
{"timestamp":"2026-02-15T13:22:39.494918Z","level":"info","event":"    api            : 1","logger":"task.stdout"}
{"timestamp":"2026-02-15T13:22:39.495331Z","level":"info","event":"","logger":"task.stdout"}
{"timestamp":"2026-02-15T13:22:39.495748Z","level":"info","event":"  circuit_id ranges:","logger":"task.stdout"}
{"timestamp":"2026-02-15T13:22:39.496155Z","level":"info","event":"f1_data.csv    : 1 - 79","logger":"task.stdout"}
{"timestamp":"2026-02-15T13:22:39.496580Z","level":"info","event":"api            : 10021 - 10021","logger":"task.stdout"}
{"timestamp":"2026-02-15T13:22:39.497009Z","level":"info","event":"======================================================================","logger":"task.stdout"}
{"timestamp":"2026-02-15T13:22:39.515963Z","level":"info","event":"Done. Returned value was: {'existing_count': 34, 'api_scraped': 24, 'final_count': 35, 'new_circuits_added': 1}","logger":"airflow.task.operators.airflow.providers.standard.operators.python.PythonOperator","filename":"python.py","lineno":216}
{"timestamp":"2026-02-15T13:22:39.516627Z","level":"info","event":"Pushing xcom","ti":"RuntimeTaskInstance(id=UUID('019c6176-e9d8-7ab8-aba7-06855742de5d'), task_id='backfill_dim_circuit', dag_id='api_circuits_bronze_to_silver', run_id='manual__2026-02-15T13:21:48.256785+00:00', try_number=1, dag_version_id=UUID('019c6168-24d9-7e13-aa0e-1bb35aa9f4c2'), map_index=-1, hostname='2eb379175555', context_carrier={}, task=<Task(PythonOperator): backfill_dim_circuit>, bundle_instance=LocalDagBundle(name=dags-folder), max_tries=2, start_date=datetime.datetime(2026, 2, 15, 13, 21, 50, 121837, tzinfo=datetime.timezone.utc), end_date=None, state=<TaskInstanceState.RUNNING: 'running'>, is_mapped=False, rendered_map_index=None)","logger":"task","filename":"task_runner.py","lineno":1450}
