{"timestamp":"2026-02-18T12:22:18.963191Z","level":"info","event":"DAG bundles loaded: dags-folder","logger":"airflow.dag_processing.bundles.manager.DagBundlesManager","filename":"manager.py","lineno":179}
{"timestamp":"2026-02-18T12:22:18.991595Z","level":"info","event":"Filling up the DagBag from /opt/airflow/dags/api_pitstops_bronze_to_silver.py","logger":"airflow.models.dagbag.DagBag","filename":"dagbag.py","lineno":593}
{"timestamp":"2026-02-18T12:22:20.646485Z","level":"info","event":"======================================================================","logger":"task.stdout"}
{"timestamp":"2026-02-18T12:22:20.651457Z","level":"info","event":"F1 PIT STOPS BACKFILL: ERGAST API -> SILVER","logger":"task.stdout"}
{"timestamp":"2026-02-18T12:22:20.651820Z","level":"info","event":"======================================================================","logger":"task.stdout"}
{"timestamp":"2026-02-18T12:22:20.668615Z","level":"info","event":"","logger":"task.stdout"}
{"timestamp":"2026-02-18T12:22:20.669401Z","level":"info","event":"[STEP 1] Scraping API...","logger":"task.stdout"}
{"timestamp":"2026-02-18T12:22:20.669736Z","level":"info","event":"","logger":"task.stdout"}
{"timestamp":"2026-02-18T12:22:20.674370Z","level":"info","event":"======================================================================","logger":"task.stdout"}
{"timestamp":"2026-02-18T12:22:20.674923Z","level":"info","event":"SCRAPING PIT STOPS FROM ERGAST API: 2024-2025","logger":"task.stdout"}
{"timestamp":"2026-02-18T12:22:20.677231Z","level":"info","event":"======================================================================","logger":"task.stdout"}
{"timestamp":"2026-02-18T12:22:20.677619Z","level":"info","event":"","logger":"task.stdout"}
{"timestamp":"2026-02-18T12:22:20.677869Z","level":"info","event":"","logger":"task.stdout"}
{"timestamp":"2026-02-18T12:22:20.678075Z","level":"info","event":"======================================================================","logger":"task.stdout"}
{"timestamp":"2026-02-18T12:22:20.678271Z","level":"info","event":"SCRAPING PIT STOPS FOR 2024","logger":"task.stdout"}
{"timestamp":"2026-02-18T12:22:20.678467Z","level":"info","event":"======================================================================","logger":"task.stdout"}
{"timestamp":"2026-02-18T12:22:20.678673Z","level":"info","event":"","logger":"task.stdout"}
{"timestamp":"2026-02-18T12:22:20.678871Z","level":"info","event":"Fetching pit stops for 2024 Round 1...","logger":"task.stdout"}
{"timestamp":"2026-02-18T12:22:26.732603Z","level":"info","event":"  43 pit stops found","logger":"task.stdout"}
{"timestamp":"2026-02-18T12:22:26.733004Z","level":"info","event":"Fetching pit stops for 2024 Round 2...","logger":"task.stdout"}
{"timestamp":"2026-02-18T12:22:32.646746Z","level":"info","event":"  19 pit stops found","logger":"task.stdout"}
{"timestamp":"2026-02-18T12:22:32.647134Z","level":"info","event":"Fetching pit stops for 2024 Round 3...","logger":"task.stdout"}
{"timestamp":"2026-02-18T12:22:38.582423Z","level":"info","event":"  36 pit stops found","logger":"task.stdout"}
{"timestamp":"2026-02-18T12:22:38.582821Z","level":"info","event":"Fetching pit stops for 2024 Round 4...","logger":"task.stdout"}
{"timestamp":"2026-02-18T12:22:44.290326Z","level":"info","event":"  54 pit stops found","logger":"task.stdout"}
{"timestamp":"2026-02-18T12:22:44.291234Z","level":"info","event":"Fetching pit stops for 2024 Round 5...","logger":"task.stdout"}
{"timestamp":"2026-02-18T12:22:48.621661Z","level":"info","event":"  40 pit stops found","logger":"task.stdout"}
{"timestamp":"2026-02-18T12:22:48.622044Z","level":"info","event":"Fetching pit stops for 2024 Round 6...","logger":"task.stdout"}
{"timestamp":"2026-02-18T12:22:54.663597Z","level":"info","event":"  28 pit stops found","logger":"task.stdout"}
{"timestamp":"2026-02-18T12:22:54.664115Z","level":"info","event":"Fetching pit stops for 2024 Round 7...","logger":"task.stdout"}
{"timestamp":"2026-02-18T12:22:59.558567Z","level":"info","event":"  27 pit stops found","logger":"task.stdout"}
{"timestamp":"2026-02-18T12:22:59.573566Z","level":"info","event":"Fetching pit stops for 2024 Round 8...","logger":"task.stdout"}
{"timestamp":"2026-02-18T12:23:05.305908Z","level":"info","event":"  23 pit stops found","logger":"task.stdout"}
{"timestamp":"2026-02-18T12:23:05.313040Z","level":"info","event":"Fetching pit stops for 2024 Round 9...","logger":"task.stdout"}
{"timestamp":"2026-02-18T12:23:10.305865Z","level":"info","event":"  42 pit stops found","logger":"task.stdout"}
{"timestamp":"2026-02-18T12:23:10.307304Z","level":"info","event":"Fetching pit stops for 2024 Round 10...","logger":"task.stdout"}
{"timestamp":"2026-02-18T12:23:15.790227Z","level":"info","event":"  42 pit stops found","logger":"task.stdout"}
{"timestamp":"2026-02-18T12:23:15.790713Z","level":"info","event":"Fetching pit stops for 2024 Round 11...","logger":"task.stdout"}
{"timestamp":"2026-02-18T12:23:20.374007Z","level":"info","event":"  45 pit stops found","logger":"task.stdout"}
{"timestamp":"2026-02-18T12:23:20.379314Z","level":"info","event":"Fetching pit stops for 2024 Round 12...","logger":"task.stdout"}
{"timestamp":"2026-02-18T12:23:23.249439Z","level":"info","event":"  45 pit stops found","logger":"task.stdout"}
{"timestamp":"2026-02-18T12:23:23.249903Z","level":"info","event":"Fetching pit stops for 2024 Round 13...","logger":"task.stdout"}
{"timestamp":"2026-02-18T12:23:29.035672Z","level":"info","event":"  40 pit stops found","logger":"task.stdout"}
{"timestamp":"2026-02-18T12:23:29.036056Z","level":"info","event":"Fetching pit stops for 2024 Round 14...","logger":"task.stdout"}
{"timestamp":"2026-02-18T12:23:35.768478Z","level":"info","event":"  34 pit stops found","logger":"task.stdout"}
{"timestamp":"2026-02-18T12:23:35.768786Z","level":"info","event":"Fetching pit stops for 2024 Round 15...","logger":"task.stdout"}
{"timestamp":"2026-02-18T12:23:41.283597Z","level":"info","event":"  26 pit stops found","logger":"task.stdout"}
{"timestamp":"2026-02-18T12:23:41.285518Z","level":"info","event":"Fetching pit stops for 2024 Round 16...","logger":"task.stdout"}
{"timestamp":"2026-02-18T12:23:47.676248Z","level":"info","event":"  30 pit stops found","logger":"task.stdout"}
{"timestamp":"2026-02-18T12:23:47.676554Z","level":"info","event":"Fetching pit stops for 2024 Round 17...","logger":"task.stdout"}
{"timestamp":"2026-02-18T12:23:51.996596Z","level":"info","event":"  22 pit stops found","logger":"task.stdout"}
{"timestamp":"2026-02-18T12:23:51.996985Z","level":"info","event":"Fetching pit stops for 2024 Round 18...","logger":"task.stdout"}
{"timestamp":"2026-02-18T12:23:56.182270Z","level":"info","event":"  23 pit stops found","logger":"task.stdout"}
{"timestamp":"2026-02-18T12:23:56.182636Z","level":"info","event":"Fetching pit stops for 2024 Round 19...","logger":"task.stdout"}
{"timestamp":"2026-02-18T12:24:00.461498Z","level":"info","event":"  23 pit stops found","logger":"task.stdout"}
{"timestamp":"2026-02-18T12:24:00.462228Z","level":"info","event":"Fetching pit stops for 2024 Round 20...","logger":"task.stdout"}
{"timestamp":"2026-02-18T12:24:03.886013Z","level":"info","event":"  21 pit stops found","logger":"task.stdout"}
{"timestamp":"2026-02-18T12:24:03.886517Z","level":"info","event":"Fetching pit stops for 2024 Round 21...","logger":"task.stdout"}
{"timestamp":"2026-02-18T12:24:09.211163Z","level":"info","event":"  35 pit stops found","logger":"task.stdout"}
{"timestamp":"2026-02-18T12:24:09.211548Z","level":"info","event":"Fetching pit stops for 2024 Round 22...","logger":"task.stdout"}
{"timestamp":"2026-02-18T12:24:13.840037Z","level":"info","event":"  39 pit stops found","logger":"task.stdout"}
{"timestamp":"2026-02-18T12:24:13.840520Z","level":"info","event":"Fetching pit stops for 2024 Round 23...","logger":"task.stdout"}
{"timestamp":"2026-02-18T12:24:18.486942Z","level":"info","event":"  60 pit stops found","logger":"task.stdout"}
{"timestamp":"2026-02-18T12:24:18.487448Z","level":"info","event":"Fetching pit stops for 2024 Round 24...","logger":"task.stdout"}
{"timestamp":"2026-02-18T12:24:23.727514Z","level":"info","event":"  28 pit stops found","logger":"task.stdout"}
{"timestamp":"2026-02-18T12:24:23.732075Z","level":"info","event":"Fetching pit stops for 2024 Round 25...","logger":"task.stdout"}
{"timestamp":"2026-02-18T12:24:27.299528Z","level":"info","event":"  No data for 2024 Round 25","logger":"task.stdout"}
{"timestamp":"2026-02-18T12:24:27.299911Z","level":"info","event":"","logger":"task.stdout"}
{"timestamp":"2026-02-18T12:24:27.300239Z","level":"info","event":"Total pit stops for 2024: 825","logger":"task.stdout"}
{"timestamp":"2026-02-18T12:24:27.300715Z","level":"info","event":"","logger":"task.stdout"}
{"timestamp":"2026-02-18T12:24:27.301042Z","level":"info","event":"======================================================================","logger":"task.stdout"}
{"timestamp":"2026-02-18T12:24:27.301441Z","level":"info","event":"SCRAPING PIT STOPS FOR 2025","logger":"task.stdout"}
{"timestamp":"2026-02-18T12:24:27.301713Z","level":"info","event":"======================================================================","logger":"task.stdout"}
{"timestamp":"2026-02-18T12:24:27.302064Z","level":"info","event":"","logger":"task.stdout"}
{"timestamp":"2026-02-18T12:24:27.302427Z","level":"info","event":"Fetching pit stops for 2025 Round 1...","logger":"task.stdout"}
{"timestamp":"2026-02-18T12:24:31.535068Z","level":"info","event":"  82 pit stops found","logger":"task.stdout"}
{"timestamp":"2026-02-18T12:24:31.535652Z","level":"info","event":"Fetching pit stops for 2025 Round 2...","logger":"task.stdout"}
{"timestamp":"2026-02-18T12:24:37.799967Z","level":"info","event":"  25 pit stops found","logger":"task.stdout"}
{"timestamp":"2026-02-18T12:24:37.800660Z","level":"info","event":"Fetching pit stops for 2025 Round 3...","logger":"task.stdout"}
{"timestamp":"2026-02-18T12:24:44.086392Z","level":"info","event":"  21 pit stops found","logger":"task.stdout"}
{"timestamp":"2026-02-18T12:24:44.086992Z","level":"info","event":"Fetching pit stops for 2025 Round 4...","logger":"task.stdout"}
{"timestamp":"2026-02-18T12:24:48.095276Z","level":"info","event":"  42 pit stops found","logger":"task.stdout"}
{"timestamp":"2026-02-18T12:24:48.095766Z","level":"info","event":"Fetching pit stops for 2025 Round 5...","logger":"task.stdout"}
{"timestamp":"2026-02-18T12:24:50.972335Z","level":"info","event":"  19 pit stops found","logger":"task.stdout"}
{"timestamp":"2026-02-18T12:24:50.973005Z","level":"info","event":"Fetching pit stops for 2025 Round 6...","logger":"task.stdout"}
{"timestamp":"2026-02-18T12:24:57.433693Z","level":"info","event":"  18 pit stops found","logger":"task.stdout"}
{"timestamp":"2026-02-18T12:24:57.434187Z","level":"info","event":"Fetching pit stops for 2025 Round 7...","logger":"task.stdout"}
{"timestamp":"2026-02-18T12:25:03.061394Z","level":"info","event":"  37 pit stops found","logger":"task.stdout"}
{"timestamp":"2026-02-18T12:25:03.061852Z","level":"info","event":"Fetching pit stops for 2025 Round 8...","logger":"task.stdout"}
{"timestamp":"2026-02-18T12:25:06.971300Z","level":"info","event":"  40 pit stops found","logger":"task.stdout"}
{"timestamp":"2026-02-18T12:25:06.972006Z","level":"info","event":"Fetching pit stops for 2025 Round 9...","logger":"task.stdout"}
{"timestamp":"2026-02-18T12:25:12.399206Z","level":"info","event":"  54 pit stops found","logger":"task.stdout"}
{"timestamp":"2026-02-18T12:25:12.399885Z","level":"info","event":"Fetching pit stops for 2025 Round 10...","logger":"task.stdout"}
{"timestamp":"2026-02-18T12:25:15.577573Z","level":"info","event":"  82 pit stops found","logger":"task.stdout"}
{"timestamp":"2026-02-18T12:25:15.577967Z","level":"info","event":"Fetching pit stops for 2025 Round 11...","logger":"task.stdout"}
{"timestamp":"2026-02-18T12:25:20.833349Z","level":"info","event":"  32 pit stops found","logger":"task.stdout"}
{"timestamp":"2026-02-18T12:25:20.833811Z","level":"info","event":"Fetching pit stops for 2025 Round 12...","logger":"task.stdout"}
{"timestamp":"2026-02-18T12:25:26.741856Z","level":"info","event":"  35 pit stops found","logger":"task.stdout"}
{"timestamp":"2026-02-18T12:25:26.742512Z","level":"info","event":"Fetching pit stops for 2025 Round 13...","logger":"task.stdout"}
{"timestamp":"2026-02-18T12:25:32.846436Z","level":"info","event":"  26 pit stops found","logger":"task.stdout"}
{"timestamp":"2026-02-18T12:25:32.846782Z","level":"info","event":"Fetching pit stops for 2025 Round 14...","logger":"task.stdout"}
{"timestamp":"2026-02-18T12:25:38.208122Z","level":"info","event":"  29 pit stops found","logger":"task.stdout"}
{"timestamp":"2026-02-18T12:25:38.208570Z","level":"info","event":"Fetching pit stops for 2025 Round 15...","logger":"task.stdout"}
{"timestamp":"2026-02-18T12:25:43.462921Z","level":"info","event":"  40 pit stops found","logger":"task.stdout"}
{"timestamp":"2026-02-18T12:25:43.463666Z","level":"info","event":"Fetching pit stops for 2025 Round 16...","logger":"task.stdout"}
{"timestamp":"2026-02-18T12:25:49.899400Z","level":"info","event":"  19 pit stops found","logger":"task.stdout"}
{"timestamp":"2026-02-18T12:25:49.900692Z","level":"info","event":"Fetching pit stops for 2025 Round 17...","logger":"task.stdout"}
{"timestamp":"2026-02-18T12:25:55.054701Z","level":"info","event":"  21 pit stops found","logger":"task.stdout"}
{"timestamp":"2026-02-18T12:25:55.055147Z","level":"info","event":"Fetching pit stops for 2025 Round 18...","logger":"task.stdout"}
{"timestamp":"2026-02-18T12:26:00.716795Z","level":"info","event":"  23 pit stops found","logger":"task.stdout"}
{"timestamp":"2026-02-18T12:26:00.717395Z","level":"info","event":"Fetching pit stops for 2025 Round 19...","logger":"task.stdout"}
{"timestamp":"2026-02-18T12:26:07.265492Z","level":"info","event":"  21 pit stops found","logger":"task.stdout"}
{"timestamp":"2026-02-18T12:26:07.266918Z","level":"info","event":"Fetching pit stops for 2025 Round 20...","logger":"task.stdout"}
{"timestamp":"2026-02-18T12:26:10.850590Z","level":"info","event":"  27 pit stops found","logger":"task.stdout"}
{"timestamp":"2026-02-18T12:26:10.851412Z","level":"info","event":"Fetching pit stops for 2025 Round 21...","logger":"task.stdout"}
{"timestamp":"2026-02-18T12:26:14.531401Z","level":"info","event":"  37 pit stops found","logger":"task.stdout"}
{"timestamp":"2026-02-18T12:26:14.531760Z","level":"info","event":"Fetching pit stops for 2025 Round 22...","logger":"task.stdout"}
{"timestamp":"2026-02-18T12:26:19.510839Z","level":"info","event":"  23 pit stops found","logger":"task.stdout"}
{"timestamp":"2026-02-18T12:26:19.512123Z","level":"info","event":"Fetching pit stops for 2025 Round 23...","logger":"task.stdout"}
{"timestamp":"2026-02-18T12:26:24.572645Z","level":"info","event":"  41 pit stops found","logger":"task.stdout"}
{"timestamp":"2026-02-18T12:26:24.573109Z","level":"info","event":"Fetching pit stops for 2025 Round 24...","logger":"task.stdout"}
{"timestamp":"2026-02-18T12:26:29.229059Z","level":"info","event":"  27 pit stops found","logger":"task.stdout"}
{"timestamp":"2026-02-18T12:26:29.229628Z","level":"info","event":"Fetching pit stops for 2025 Round 25...","logger":"task.stdout"}
{"timestamp":"2026-02-18T12:26:33.203864Z","level":"info","event":"  No data for 2025 Round 25","logger":"task.stdout"}
{"timestamp":"2026-02-18T12:26:33.204352Z","level":"info","event":"","logger":"task.stdout"}
{"timestamp":"2026-02-18T12:26:33.204733Z","level":"info","event":"Total pit stops for 2025: 821","logger":"task.stdout"}
{"timestamp":"2026-02-18T12:26:33.214813Z","level":"info","event":"","logger":"task.stdout"}
{"timestamp":"2026-02-18T12:26:33.215289Z","level":"info","event":"======================================================================","logger":"task.stdout"}
{"timestamp":"2026-02-18T12:26:33.215677Z","level":"info","event":"SCRAPING COMPLETE","logger":"task.stdout"}
{"timestamp":"2026-02-18T12:26:33.215945Z","level":"info","event":"Total pit stops: 1,646","logger":"task.stdout"}
{"timestamp":"2026-02-18T12:26:33.216254Z","level":"info","event":"Years covered: 2024-2025","logger":"task.stdout"}
{"timestamp":"2026-02-18T12:26:33.216623Z","level":"info","event":"======================================================================","logger":"task.stdout"}
{"timestamp":"2026-02-18T12:26:33.217060Z","level":"info","event":"","logger":"task.stdout"}
{"timestamp":"2026-02-18T12:26:33.217431Z","level":"info","event":"API scraping complete: 1,646 pit stop records","logger":"task.stdout"}
{"timestamp":"2026-02-18T12:26:33.217764Z","level":"info","event":"","logger":"task.stdout"}
{"timestamp":"2026-02-18T12:26:33.218086Z","level":"info","event":"[STEP 2] Transforming to Silver schema...","logger":"task.stdout"}
{"timestamp":"2026-02-18T12:26:33.218364Z","level":"info","event":"Transforming API data to Silver schema...","logger":"task.stdout"}
{"timestamp":"2026-02-18T12:26:33.230218Z","level":"info","event":"Sorted by year + round + lap + stop","logger":"task.stdout"}
{"timestamp":"2026-02-18T12:26:33.239844Z","level":"info","event":"Transformed 1646 pit stops to Silver schema","logger":"task.stdout"}
{"timestamp":"2026-02-18T12:26:33.240226Z","level":"info","event":"Source: api","logger":"task.stdout"}
{"timestamp":"2026-02-18T12:26:33.240633Z","level":"info","event":"Transformation complete: 1646 pit stops","logger":"task.stdout"}
{"timestamp":"2026-02-18T12:26:33.241107Z","level":"info","event":"","logger":"task.stdout"}
{"timestamp":"2026-02-18T12:26:33.241378Z","level":"info","event":"[STEP 3] Loading dimensions for FK resolution...","logger":"task.stdout"}
{"timestamp":"2026-02-18T12:26:33.286342Z","level":"info","event":" Downloaded dimensions/dim_driver/dim_driver.parquet (81 rows)","logger":"task.stdout"}
{"timestamp":"2026-02-18T12:26:33.288967Z","level":"info","event":" Downloaded dimensions/dim_constructor/dim_constructor.parquet (21 rows)","logger":"task.stdout"}
{"timestamp":"2026-02-18T12:26:33.294096Z","level":"info","event":" Downloaded dimensions/dim_race/dim_race.parquet (280 rows)","logger":"task.stdout"}
{"timestamp":"2026-02-18T12:26:33.299169Z","level":"info","event":" Downloaded dimensions/dim_time/dim_time.parquet (6940 rows)","logger":"task.stdout"}
{"timestamp":"2026-02-18T12:26:33.300146Z","level":"info","event":"Loaded dimensions:","logger":"task.stdout"}
{"timestamp":"2026-02-18T12:26:33.300552Z","level":"info","event":"  - dim_driver: 81 drivers","logger":"task.stdout"}
{"timestamp":"2026-02-18T12:26:33.300889Z","level":"info","event":"  - dim_constructor: 21 constructors","logger":"task.stdout"}
{"timestamp":"2026-02-18T12:26:33.301242Z","level":"info","event":"  - dim_race: 280 races","logger":"task.stdout"}
{"timestamp":"2026-02-18T12:26:33.301573Z","level":"info","event":"  - dim_time: 6,940 dates","logger":"task.stdout"}
{"timestamp":"2026-02-18T12:26:33.301879Z","level":"info","event":"","logger":"task.stdout"}
{"timestamp":"2026-02-18T12:26:33.302302Z","level":"info","event":"[STEP 4] Resolving foreign keys...","logger":"task.stdout"}
{"timestamp":"2026-02-18T12:26:33.313260Z","level":"info","event":"  Building race-driver-constructor mapping from race results...","logger":"task.stdout"}
{"timestamp":"2026-02-18T12:26:33.320056Z","level":"info","event":" Downloaded facts/fact_race_results/year=2024/data.parquet (100 rows)","logger":"task.stdout"}
{"timestamp":"2026-02-18T12:26:33.343528Z","level":"info","event":" Downloaded facts/fact_race_results/year=2025/data.parquet (100 rows)","logger":"task.stdout"}
{"timestamp":"2026-02-18T12:26:33.360717Z","level":"info","event":"  Built race-driver-constructor mapping: 200 entries","logger":"task.stdout"}
{"timestamp":"2026-02-18T12:26:33.361223Z","level":"info","event":"Created lookup dictionaries:","logger":"task.stdout"}
{"timestamp":"2026-02-18T12:26:33.361663Z","level":"info","event":"  - driver_ref -> driver_key: 81 entries","logger":"task.stdout"}
{"timestamp":"2026-02-18T12:26:33.362074Z","level":"info","event":"  - race_year+race_round -> race_key: 280 entries","logger":"task.stdout"}
{"timestamp":"2026-02-18T12:26:33.362432Z","level":"info","event":"  - race_date -> time_key: 6940 entries","logger":"task.stdout"}
{"timestamp":"2026-02-18T12:26:33.380701Z","level":"info","event":"WARNING: 1264 pit stops have unresolved constructor_key!","logger":"task.stdout"}
{"timestamp":"2026-02-18T12:26:33.401131Z","level":"info","event":"All FKs resolved successfully","logger":"task.stdout"}
{"timestamp":"2026-02-18T12:26:33.401660Z","level":"info","event":"","logger":"task.stdout"}
{"timestamp":"2026-02-18T12:26:33.402451Z","level":"info","event":"[STEP 5] Loading existing Silver data...","logger":"task.stdout"}
{"timestamp":"2026-02-18T12:26:33.414697Z","level":"info","event":" Downloaded facts/fact_pitstops/year=2012/data.parquet (946 rows)","logger":"task.stdout"}
{"timestamp":"2026-02-18T12:26:33.419372Z","level":"info","event":" Downloaded facts/fact_pitstops/year=2013/data.parquet (951 rows)","logger":"task.stdout"}
{"timestamp":"2026-02-18T12:26:33.423604Z","level":"info","event":" Downloaded facts/fact_pitstops/year=2014/data.parquet (816 rows)","logger":"task.stdout"}
{"timestamp":"2026-02-18T12:26:33.428190Z","level":"info","event":" Downloaded facts/fact_pitstops/year=2015/data.parquet (741 rows)","logger":"task.stdout"}
{"timestamp":"2026-02-18T12:26:33.432930Z","level":"info","event":" Downloaded facts/fact_pitstops/year=2016/data.parquet (989 rows)","logger":"task.stdout"}
{"timestamp":"2026-02-18T12:26:33.437878Z","level":"info","event":" Downloaded facts/fact_pitstops/year=2017/data.parquet (694 rows)","logger":"task.stdout"}
{"timestamp":"2026-02-18T12:26:33.442098Z","level":"info","event":" Downloaded facts/fact_pitstops/year=2018/data.parquet (536 rows)","logger":"task.stdout"}
{"timestamp":"2026-02-18T12:26:33.447167Z","level":"info","event":" Downloaded facts/fact_pitstops/year=2019/data.parquet (650 rows)","logger":"task.stdout"}
{"timestamp":"2026-02-18T12:26:33.451373Z","level":"info","event":" Downloaded facts/fact_pitstops/year=2020/data.parquet (594 rows)","logger":"task.stdout"}
{"timestamp":"2026-02-18T12:26:33.455450Z","level":"info","event":" Downloaded facts/fact_pitstops/year=2021/data.parquet (798 rows)","logger":"task.stdout"}
{"timestamp":"2026-02-18T12:26:33.459706Z","level":"info","event":" Downloaded facts/fact_pitstops/year=2022/data.parquet (805 rows)","logger":"task.stdout"}
{"timestamp":"2026-02-18T12:26:33.464360Z","level":"info","event":" Downloaded facts/fact_pitstops/year=2023/data.parquet (455 rows)","logger":"task.stdout"}
{"timestamp":"2026-02-18T12:26:33.467275Z","level":"info","event":"Loaded 8,975 existing pit stops from Silver","logger":"task.stdout"}
{"timestamp":"2026-02-18T12:26:33.468143Z","level":"info","event":"Existing sources: {'f1_data.csv': 8975}","logger":"task.stdout"}
{"timestamp":"2026-02-18T12:26:33.468810Z","level":"info","event":"","logger":"task.stdout"}
{"timestamp":"2026-02-18T12:26:33.469390Z","level":"info","event":"[STEP 6] Merging API data with existing Silver...","logger":"task.stdout"}
{"timestamp":"2026-02-18T12:26:33.469681Z","level":"info","event":"","logger":"task.stdout"}
{"timestamp":"2026-02-18T12:26:33.469997Z","level":"info","event":"  Merge Configuration:","logger":"task.stdout"}
{"timestamp":"2026-02-18T12:26:33.471046Z","level":"info","event":"Existing pit stops: 8,975","logger":"task.stdout"}
{"timestamp":"2026-02-18T12:26:33.471404Z","level":"info","event":"New API pit stops: 1646","logger":"task.stdout"}
{"timestamp":"2026-02-18T12:26:33.473826Z","level":"info","event":"Merge key: race_key + driver_key + stop_number","logger":"task.stdout"}
{"timestamp":"2026-02-18T12:26:33.474302Z","level":"info","event":"CSV priority: YES (skip API for CSV pit stops)","logger":"task.stdout"}
{"timestamp":"2026-02-18T12:26:33.474674Z","level":"info","event":"","logger":"task.stdout"}
{"timestamp":"2026-02-18T12:26:33.474988Z","level":"info","event":"  Processing 1646 API pit stops:","logger":"task.stdout"}
{"timestamp":"2026-02-18T12:26:33.475238Z","level":"info","event":"","logger":"task.stdout"}
{"timestamp":"2026-02-18T12:26:33.496745Z","level":"info","event":"  CSV pit stops (preserved): 8,975","logger":"task.stdout"}
{"timestamp":"2026-02-18T12:26:33.497244Z","level":"info","event":"  API pit stops (skipped - CSV exists): 0","logger":"task.stdout"}
{"timestamp":"2026-02-18T12:26:33.497589Z","level":"info","event":"  API pit stops (to add): 1,646","logger":"task.stdout"}
{"timestamp":"2026-02-18T12:26:33.522900Z","level":"info","event":"Merge complete: 10,621 total pit stops","logger":"task.stdout"}
{"timestamp":"2026-02-18T12:26:33.523325Z","level":"info","event":"","logger":"task.stdout"}
{"timestamp":"2026-02-18T12:26:33.523686Z","level":"info","event":"[STEP 7] Writing to Silver layer (partitioned by year)...","logger":"task.stdout"}
{"timestamp":"2026-02-18T12:26:33.544316Z","level":"info","event":"Uploaded facts/fact_pitstops/year=2012/data.parquet (946 rows)","logger":"task.stdout"}
{"timestamp":"2026-02-18T12:26:33.544793Z","level":"info","event":"  Year 2012: 946 pit stops written","logger":"task.stdout"}
{"timestamp":"2026-02-18T12:26:33.556819Z","level":"info","event":"Uploaded facts/fact_pitstops/year=2013/data.parquet (951 rows)","logger":"task.stdout"}
{"timestamp":"2026-02-18T12:26:33.557255Z","level":"info","event":"  Year 2013: 951 pit stops written","logger":"task.stdout"}
{"timestamp":"2026-02-18T12:26:33.567738Z","level":"info","event":"Uploaded facts/fact_pitstops/year=2014/data.parquet (816 rows)","logger":"task.stdout"}
{"timestamp":"2026-02-18T12:26:33.568323Z","level":"info","event":"  Year 2014: 816 pit stops written","logger":"task.stdout"}
{"timestamp":"2026-02-18T12:26:33.578544Z","level":"info","event":"Uploaded facts/fact_pitstops/year=2015/data.parquet (741 rows)","logger":"task.stdout"}
{"timestamp":"2026-02-18T12:26:33.578973Z","level":"info","event":"  Year 2015: 741 pit stops written","logger":"task.stdout"}
{"timestamp":"2026-02-18T12:26:33.589291Z","level":"info","event":"Uploaded facts/fact_pitstops/year=2016/data.parquet (989 rows)","logger":"task.stdout"}
{"timestamp":"2026-02-18T12:26:33.589800Z","level":"info","event":"  Year 2016: 989 pit stops written","logger":"task.stdout"}
{"timestamp":"2026-02-18T12:26:33.599591Z","level":"info","event":"Uploaded facts/fact_pitstops/year=2017/data.parquet (694 rows)","logger":"task.stdout"}
{"timestamp":"2026-02-18T12:26:33.600143Z","level":"info","event":"  Year 2017: 694 pit stops written","logger":"task.stdout"}
{"timestamp":"2026-02-18T12:26:33.610810Z","level":"info","event":"Uploaded facts/fact_pitstops/year=2018/data.parquet (536 rows)","logger":"task.stdout"}
{"timestamp":"2026-02-18T12:26:33.611194Z","level":"info","event":"  Year 2018: 536 pit stops written","logger":"task.stdout"}
{"timestamp":"2026-02-18T12:26:33.621756Z","level":"info","event":"Uploaded facts/fact_pitstops/year=2019/data.parquet (650 rows)","logger":"task.stdout"}
{"timestamp":"2026-02-18T12:26:33.622252Z","level":"info","event":"  Year 2019: 650 pit stops written","logger":"task.stdout"}
{"timestamp":"2026-02-18T12:26:33.631774Z","level":"info","event":"Uploaded facts/fact_pitstops/year=2020/data.parquet (594 rows)","logger":"task.stdout"}
{"timestamp":"2026-02-18T12:26:33.635638Z","level":"info","event":"  Year 2020: 594 pit stops written","logger":"task.stdout"}
{"timestamp":"2026-02-18T12:26:33.642951Z","level":"info","event":"Uploaded facts/fact_pitstops/year=2021/data.parquet (798 rows)","logger":"task.stdout"}
{"timestamp":"2026-02-18T12:26:33.643364Z","level":"info","event":"  Year 2021: 798 pit stops written","logger":"task.stdout"}
{"timestamp":"2026-02-18T12:26:33.653939Z","level":"info","event":"Uploaded facts/fact_pitstops/year=2022/data.parquet (805 rows)","logger":"task.stdout"}
{"timestamp":"2026-02-18T12:26:33.657277Z","level":"info","event":"  Year 2022: 805 pit stops written","logger":"task.stdout"}
{"timestamp":"2026-02-18T12:26:33.663994Z","level":"info","event":"Uploaded facts/fact_pitstops/year=2023/data.parquet (455 rows)","logger":"task.stdout"}
{"timestamp":"2026-02-18T12:26:33.664448Z","level":"info","event":"  Year 2023: 455 pit stops written","logger":"task.stdout"}
{"timestamp":"2026-02-18T12:26:33.672670Z","level":"info","event":"Uploaded facts/fact_pitstops/year=2024/data.parquet (825 rows)","logger":"task.stdout"}
{"timestamp":"2026-02-18T12:26:33.675199Z","level":"info","event":"  Year 2024: 825 pit stops written","logger":"task.stdout"}
{"timestamp":"2026-02-18T12:26:33.680781Z","level":"info","event":"Uploaded facts/fact_pitstops/year=2025/data.parquet (821 rows)","logger":"task.stdout"}
{"timestamp":"2026-02-18T12:26:33.681203Z","level":"info","event":"  Year 2025: 821 pit stops written","logger":"task.stdout"}
{"timestamp":"2026-02-18T12:26:33.681497Z","level":"info","event":"Written to: s3://f1-silver/facts/fact_pitstops/year=*/data.parquet","logger":"task.stdout"}
{"timestamp":"2026-02-18T12:26:33.681730Z","level":"info","event":"","logger":"task.stdout"}
{"timestamp":"2026-02-18T12:26:33.681978Z","level":"info","event":"======================================================================","logger":"task.stdout"}
{"timestamp":"2026-02-18T12:26:33.682306Z","level":"info","event":"BACKFILL SUMMARY","logger":"task.stdout"}
{"timestamp":"2026-02-18T12:26:33.682593Z","level":"info","event":"======================================================================","logger":"task.stdout"}
{"timestamp":"2026-02-18T12:26:33.682930Z","level":"info","event":"  Existing pit stops in Silver: 8,975","logger":"task.stdout"}
{"timestamp":"2026-02-18T12:26:33.683303Z","level":"info","event":"  API pit stops scraped: 1646","logger":"task.stdout"}
{"timestamp":"2026-02-18T12:26:33.683602Z","level":"info","event":"  Final pit stop count: 10,621","logger":"task.stdout"}
{"timestamp":"2026-02-18T12:26:33.684001Z","level":"info","event":"  New pit stops added: 1646","logger":"task.stdout"}
{"timestamp":"2026-02-18T12:26:33.684395Z","level":"info","event":"","logger":"task.stdout"}
{"timestamp":"2026-02-18T12:26:33.684688Z","level":"info","event":"  Final source breakdown:","logger":"task.stdout"}
{"timestamp":"2026-02-18T12:26:33.684933Z","level":"info","event":"    f1_data.csv    : 8,975","logger":"task.stdout"}
{"timestamp":"2026-02-18T12:26:33.685203Z","level":"info","event":"    api            : 1,646","logger":"task.stdout"}
{"timestamp":"2026-02-18T12:26:33.685516Z","level":"info","event":"======================================================================","logger":"task.stdout"}
{"timestamp":"2026-02-18T12:26:33.702966Z","level":"info","event":"Done. Returned value was: {'existing_count': 8975, 'api_scraped': 1646, 'final_count': 10621, 'new_pitstops_added': 1646}","logger":"airflow.task.operators.airflow.providers.standard.operators.python.PythonOperator","filename":"python.py","lineno":216}
{"timestamp":"2026-02-18T12:26:33.703949Z","level":"info","event":"Pushing xcom","ti":"RuntimeTaskInstance(id=UUID('019c70b3-6361-7ef5-91c1-39ad7e28c080'), task_id='backfill_fact_pitstops', dag_id='api_pitstops_bronze_to_silver', run_id='manual__2026-02-18T12:22:09.356008+00:00', try_number=1, dag_version_id=UUID('019c6ff5-c380-7174-a335-d767ea1778a8'), map_index=-1, hostname='e4702b2ecf8f', context_carrier={}, task=<Task(PythonOperator): backfill_fact_pitstops>, bundle_instance=LocalDagBundle(name=dags-folder), max_tries=2, start_date=datetime.datetime(2026, 2, 18, 12, 22, 17, 233943, tzinfo=datetime.timezone.utc), end_date=None, state=<TaskInstanceState.RUNNING: 'running'>, is_mapped=False, rendered_map_index=None)","logger":"task","filename":"task_runner.py","lineno":1450}
