{"timestamp":"2026-02-16T11:17:50.817011Z","level":"info","event":"DAG bundles loaded: dags-folder","logger":"airflow.dag_processing.bundles.manager.DagBundlesManager","filename":"manager.py","lineno":179}
{"timestamp":"2026-02-16T11:17:50.822494Z","level":"info","event":"Filling up the DagBag from /opt/airflow/dags/weekly_streaming_pipeline.py","logger":"airflow.models.dagbag.DagBag","filename":"dagbag.py","lineno":593}
{"timestamp":"2026-02-16T11:17:57.442393Z","level":"info","event":"","logger":"task.stdout"}
{"timestamp":"2026-02-16T11:17:57.443697Z","level":"info","event":"[CONSUMER] Starting dim_driver consumption...","logger":"task.stdout"}
{"timestamp":"2026-02-16T11:17:57.455933Z","level":"info","event":"<BrokerConnection client_id=kafka-python-2.2.0, node_id=bootstrap-0 host=kafka:29092 <connecting> [IPv4 ('172.18.0.4', 29092)]>: connecting to kafka:29092 [('172.18.0.4', 29092) IPv4]","logger":"kafka.conn","filename":"conn.py","lineno":395}
{"timestamp":"2026-02-16T11:17:57.510527Z","level":"info","event":"<BrokerConnection client_id=kafka-python-2.2.0, node_id=bootstrap-0 host=kafka:29092 <checking_api_versions_recv> [IPv4 ('172.18.0.4', 29092)]>: Broker version identified as 2.6","logger":"kafka.conn","filename":"conn.py","lineno":615}
{"timestamp":"2026-02-16T11:17:57.513553Z","level":"info","event":"<BrokerConnection client_id=kafka-python-2.2.0, node_id=bootstrap-0 host=kafka:29092 <connected> [IPv4 ('172.18.0.4', 29092)]>: Connection complete.","logger":"kafka.conn","filename":"conn.py","lineno":456}
{"timestamp":"2026-02-16T11:17:57.536033Z","level":"info","event":"Updating subscribed topics to: ('dim-driver',)","logger":"kafka.consumer.subscription_state","filename":"subscription_state.py","lineno":177}
{"timestamp":"2026-02-16T11:17:57.540713Z","level":"info","event":"","logger":"task.stdout"}
{"timestamp":"2026-02-16T11:17:57.546464Z","level":"info","event":"======================================================================","logger":"task.stdout"}
{"timestamp":"2026-02-16T11:17:57.550504Z","level":"info","event":"CONSUMING: dim-driver → dimensions/dim_driver/dim_driver.parquet","logger":"task.stdout"}
{"timestamp":"2026-02-16T11:17:57.552948Z","level":"info","event":"======================================================================","logger":"task.stdout"}
{"timestamp":"2026-02-16T11:17:57.555486Z","level":"info","event":"","logger":"task.stdout"}
{"timestamp":"2026-02-16T11:17:57.870486Z","level":"info","event":" Downloaded dimensions/dim_driver/dim_driver.parquet (82 rows)","logger":"task.stdout"}
{"timestamp":"2026-02-16T11:17:57.872688Z","level":"info","event":" Loaded 82 existing records from Silver","logger":"task.stdout"}
{"timestamp":"2026-02-16T11:17:57.887187Z","level":"info","event":"<BrokerConnection client_id=kafka-python-2.2.0, node_id=1 host=kafka:29092 <connecting> [IPv4 ('172.18.0.4', 29092)]>: connecting to kafka:29092 [('172.18.0.4', 29092) IPv4]","logger":"kafka.conn","filename":"conn.py","lineno":395}
{"timestamp":"2026-02-16T11:17:57.893577Z","level":"info","event":"<BrokerConnection client_id=kafka-python-2.2.0, node_id=1 host=kafka:29092 <connected> [IPv4 ('172.18.0.4', 29092)]>: Connection complete.","logger":"kafka.conn","filename":"conn.py","lineno":456}
{"timestamp":"2026-02-16T11:17:57.898783Z","level":"info","event":"<BrokerConnection client_id=kafka-python-2.2.0, node_id=bootstrap-0 host=kafka:29092 <connected> [IPv4 ('172.18.0.4', 29092)]>: Closing connection. ","logger":"kafka.conn","filename":"conn.py","lineno":936}
{"timestamp":"2026-02-16T11:17:58.017544Z","level":"info","event":"Coordinator for group/f1-silver-consumers is BrokerMetadata(nodeId='coordinator-1', host='kafka', port=29092, rack=None)","logger":"kafka.cluster","filename":"cluster.py","lineno":398}
{"timestamp":"2026-02-16T11:17:58.018438Z","level":"info","event":"Discovered coordinator coordinator-1 for group f1-silver-consumers","logger":"kafka.coordinator","filename":"base.py","lineno":745}
{"timestamp":"2026-02-16T11:17:58.019365Z","level":"info","event":"Starting new heartbeat thread","logger":"kafka.coordinator","filename":"base.py","lineno":796}
{"timestamp":"2026-02-16T11:17:58.028659Z","level":"info","event":"Revoking previously assigned partitions set() for group f1-silver-consumers","logger":"kafka.coordinator.consumer","filename":"consumer.py","lineno":357}
{"timestamp":"2026-02-16T11:17:58.033731Z","level":"info","event":"<BrokerConnection client_id=kafka-python-2.2.0, node_id=coordinator-1 host=kafka:29092 <connecting> [IPv4 ('172.18.0.4', 29092)]>: connecting to kafka:29092 [('172.18.0.4', 29092) IPv4]","logger":"kafka.conn","filename":"conn.py","lineno":395}
{"timestamp":"2026-02-16T11:17:58.042830Z","level":"info","event":"<BrokerConnection client_id=kafka-python-2.2.0, node_id=coordinator-1 host=kafka:29092 <connected> [IPv4 ('172.18.0.4', 29092)]>: Connection complete.","logger":"kafka.conn","filename":"conn.py","lineno":456}
{"timestamp":"2026-02-16T11:17:58.157551Z","level":"info","event":"(Re-)joining group f1-silver-consumers","logger":"kafka.coordinator","filename":"base.py","lineno":500}
{"timestamp":"2026-02-16T11:17:58.172898Z","level":"info","event":"(Re-)joining group f1-silver-consumers","logger":"kafka.coordinator","filename":"base.py","lineno":500}
{"timestamp":"2026-02-16T11:17:58.203534Z","level":"info","event":"Elected group leader -- performing partition assignments using range","logger":"kafka.coordinator","filename":"base.py","lineno":563}
{"timestamp":"2026-02-16T11:17:58.232620Z","level":"info","event":"Successfully joined group f1-silver-consumers with generation 17","logger":"kafka.coordinator","filename":"base.py","lineno":390}
{"timestamp":"2026-02-16T11:17:58.234305Z","level":"info","event":"Updated partition assignment: [TopicPartition(topic='dim-driver', partition=0)]","logger":"kafka.consumer.subscription_state","filename":"subscription_state.py","lineno":246}
{"timestamp":"2026-02-16T11:17:58.255137Z","level":"info","event":"Setting newly assigned partitions {TopicPartition(topic='dim-driver', partition=0)} for group f1-silver-consumers","logger":"kafka.coordinator.consumer","filename":"consumer.py","lineno":248}
{"timestamp":"2026-02-16T11:17:58.409994Z","level":"info","event":"📥 Consumed 10 messages...","logger":"task.stdout"}
{"timestamp":"2026-02-16T11:17:58.417315Z","level":"info","event":"📥 Consumed 20 messages...","logger":"task.stdout"}
{"timestamp":"2026-02-16T11:17:58.420117Z","level":"info","event":"📥 Consumed 30 messages...","logger":"task.stdout"}
{"timestamp":"2026-02-16T11:17:58.424370Z","level":"info","event":"📥 Consumed 40 messages...","logger":"task.stdout"}
{"timestamp":"2026-02-16T11:18:01.244996Z","level":"warning","event":"Heartbeat failed for group f1-silver-consumers because it is rebalancing","logger":"kafka.coordinator","filename":"base.py","lineno":898}
{"timestamp":"2026-02-16T11:18:01.246090Z","level":"info","event":"Revoking previously assigned partitions {TopicPartition(topic='dim-driver', partition=0)} for group f1-silver-consumers","logger":"kafka.coordinator.consumer","filename":"consumer.py","lineno":357}
{"timestamp":"2026-02-16T11:18:01.246834Z","level":"info","event":"(Re-)joining group f1-silver-consumers","logger":"kafka.coordinator","filename":"base.py","lineno":500}
{"timestamp":"2026-02-16T11:18:01.275955Z","level":"info","event":"Elected group leader -- performing partition assignments using range","logger":"kafka.coordinator","filename":"base.py","lineno":563}
{"timestamp":"2026-02-16T11:18:01.276986Z","level":"warning","event":"No partition metadata for topic fact-driver-standings","logger":"kafka.coordinator.assignors.range","filename":"range.py","lineno":47}
{"timestamp":"2026-02-16T11:18:01.277533Z","level":"warning","event":"No partition metadata for topic dim-race","logger":"kafka.coordinator.assignors.range","filename":"range.py","lineno":47}
{"timestamp":"2026-02-16T11:18:01.280156Z","level":"warning","event":"No partition metadata for topic dim-constructor","logger":"kafka.coordinator.assignors.range","filename":"range.py","lineno":47}
{"timestamp":"2026-02-16T11:18:01.280812Z","level":"warning","event":"No partition metadata for topic fact-results","logger":"kafka.coordinator.assignors.range","filename":"range.py","lineno":47}
{"timestamp":"2026-02-16T11:18:01.282705Z","level":"warning","event":"No partition metadata for topic dim-circuit","logger":"kafka.coordinator.assignors.range","filename":"range.py","lineno":47}
{"timestamp":"2026-02-16T11:18:01.327481Z","level":"info","event":"Successfully joined group f1-silver-consumers with generation 18","logger":"kafka.coordinator","filename":"base.py","lineno":390}
{"timestamp":"2026-02-16T11:18:01.371701Z","level":"info","event":"Updated partition assignment: [TopicPartition(topic='dim-driver', partition=0)]","logger":"kafka.consumer.subscription_state","filename":"subscription_state.py","lineno":246}
{"timestamp":"2026-02-16T11:18:01.389174Z","level":"info","event":"Setting newly assigned partitions {TopicPartition(topic='dim-driver', partition=0)} for group f1-silver-consumers","logger":"kafka.coordinator.consumer","filename":"consumer.py","lineno":248}
{"timestamp":"2026-02-16T11:18:01.747087Z","level":"info","event":"Revoking previously assigned partitions {TopicPartition(topic='dim-driver', partition=0)} for group f1-silver-consumers","logger":"kafka.coordinator.consumer","filename":"consumer.py","lineno":357}
{"timestamp":"2026-02-16T11:18:01.748431Z","level":"info","event":"(Re-)joining group f1-silver-consumers","logger":"kafka.coordinator","filename":"base.py","lineno":500}
{"timestamp":"2026-02-16T11:18:03.434106Z","level":"info","event":"","logger":"task.stdout"}
{"timestamp":"2026-02-16T11:18:03.439945Z","level":"info","event":"📊 Processing 44 new records from Kafka","logger":"task.stdout"}
{"timestamp":"2026-02-16T11:18:03.441079Z","level":"info","event":"    Columns in new data: ['driver_ref', 'driver_number', 'driver_code', 'driver_forename', 'driver_surname', 'driver_dob', 'driver_nationality', 'driver_url', 'driver_id', 'source', 'created_at']","logger":"task.stdout"}
{"timestamp":"2026-02-16T11:18:03.462842Z","level":"info","event":"🔄 Updated: driver_ref=albon","logger":"task.stdout"}
{"timestamp":"2026-02-16T11:18:03.477474Z","level":"info","event":"🔄 Updated: driver_ref=alonso","logger":"task.stdout"}
{"timestamp":"2026-02-16T11:18:03.494125Z","level":"info","event":"🔄 Updated: driver_ref=antonelli","logger":"task.stdout"}
{"timestamp":"2026-02-16T11:18:03.505635Z","level":"info","event":"🔄 Updated: driver_ref=bearman","logger":"task.stdout"}
{"timestamp":"2026-02-16T11:18:03.524120Z","level":"info","event":"🔄 Updated: driver_ref=bortoleto","logger":"task.stdout"}
{"timestamp":"2026-02-16T11:18:03.543015Z","level":"info","event":"🔄 Updated: driver_ref=bottas","logger":"task.stdout"}
{"timestamp":"2026-02-16T11:18:03.564314Z","level":"info","event":"🔄 Updated: driver_ref=colapinto","logger":"task.stdout"}
{"timestamp":"2026-02-16T11:18:03.587285Z","level":"info","event":"🔄 Updated: driver_ref=gasly","logger":"task.stdout"}
{"timestamp":"2026-02-16T11:18:03.610459Z","level":"info","event":"🔄 Updated: driver_ref=hadjar","logger":"task.stdout"}
{"timestamp":"2026-02-16T11:18:03.630507Z","level":"info","event":"🔄 Updated: driver_ref=hamilton","logger":"task.stdout"}
{"timestamp":"2026-02-16T11:18:03.647723Z","level":"info","event":"🔄 Updated: driver_ref=hulkenberg","logger":"task.stdout"}
{"timestamp":"2026-02-16T11:18:03.677327Z","level":"info","event":"🔄 Updated: driver_ref=lawson","logger":"task.stdout"}
{"timestamp":"2026-02-16T11:18:03.702408Z","level":"info","event":"🔄 Updated: driver_ref=leclerc","logger":"task.stdout"}
{"timestamp":"2026-02-16T11:18:03.720043Z","level":"info","event":"🔄 Updated: driver_ref=lindblad","logger":"task.stdout"}
{"timestamp":"2026-02-16T11:18:03.734761Z","level":"info","event":"🔄 Updated: driver_ref=max_verstappen","logger":"task.stdout"}
{"timestamp":"2026-02-16T11:18:03.745381Z","level":"info","event":"🔄 Updated: driver_ref=norris","logger":"task.stdout"}
{"timestamp":"2026-02-16T11:18:03.759424Z","level":"info","event":"🔄 Updated: driver_ref=ocon","logger":"task.stdout"}
{"timestamp":"2026-02-16T11:18:03.770941Z","level":"info","event":"🔄 Updated: driver_ref=perez","logger":"task.stdout"}
{"timestamp":"2026-02-16T11:18:03.784368Z","level":"info","event":"🔄 Updated: driver_ref=piastri","logger":"task.stdout"}
{"timestamp":"2026-02-16T11:18:03.798422Z","level":"info","event":"🔄 Updated: driver_ref=russell","logger":"task.stdout"}
{"timestamp":"2026-02-16T11:18:03.808436Z","level":"info","event":"🔄 Updated: driver_ref=sainz","logger":"task.stdout"}
{"timestamp":"2026-02-16T11:18:03.819232Z","level":"info","event":"🔄 Updated: driver_ref=stroll","logger":"task.stdout"}
{"timestamp":"2026-02-16T11:18:03.833189Z","level":"info","event":"🔄 Updated: driver_ref=albon","logger":"task.stdout"}
{"timestamp":"2026-02-16T11:18:03.845223Z","level":"info","event":"🔄 Updated: driver_ref=alonso","logger":"task.stdout"}
{"timestamp":"2026-02-16T11:18:03.862986Z","level":"info","event":"🔄 Updated: driver_ref=antonelli","logger":"task.stdout"}
{"timestamp":"2026-02-16T11:18:03.875269Z","level":"info","event":"🔄 Updated: driver_ref=bearman","logger":"task.stdout"}
{"timestamp":"2026-02-16T11:18:03.898391Z","level":"info","event":"🔄 Updated: driver_ref=bortoleto","logger":"task.stdout"}
{"timestamp":"2026-02-16T11:18:03.913978Z","level":"info","event":"🔄 Updated: driver_ref=bottas","logger":"task.stdout"}
{"timestamp":"2026-02-16T11:18:03.927957Z","level":"info","event":"🔄 Updated: driver_ref=colapinto","logger":"task.stdout"}
{"timestamp":"2026-02-16T11:18:03.940301Z","level":"info","event":"🔄 Updated: driver_ref=gasly","logger":"task.stdout"}
{"timestamp":"2026-02-16T11:18:03.962194Z","level":"info","event":"🔄 Updated: driver_ref=hadjar","logger":"task.stdout"}
{"timestamp":"2026-02-16T11:18:03.978065Z","level":"info","event":"🔄 Updated: driver_ref=hamilton","logger":"task.stdout"}
{"timestamp":"2026-02-16T11:18:03.996882Z","level":"info","event":"🔄 Updated: driver_ref=hulkenberg","logger":"task.stdout"}
{"timestamp":"2026-02-16T11:18:04.011397Z","level":"info","event":"🔄 Updated: driver_ref=lawson","logger":"task.stdout"}
{"timestamp":"2026-02-16T11:18:04.031207Z","level":"info","event":"🔄 Updated: driver_ref=leclerc","logger":"task.stdout"}
{"timestamp":"2026-02-16T11:18:04.051666Z","level":"info","event":"🔄 Updated: driver_ref=lindblad","logger":"task.stdout"}
{"timestamp":"2026-02-16T11:18:04.069080Z","level":"info","event":"🔄 Updated: driver_ref=max_verstappen","logger":"task.stdout"}
{"timestamp":"2026-02-16T11:18:04.083925Z","level":"info","event":"🔄 Updated: driver_ref=norris","logger":"task.stdout"}
{"timestamp":"2026-02-16T11:18:04.099629Z","level":"info","event":"🔄 Updated: driver_ref=ocon","logger":"task.stdout"}
{"timestamp":"2026-02-16T11:18:04.127956Z","level":"info","event":"🔄 Updated: driver_ref=perez","logger":"task.stdout"}
{"timestamp":"2026-02-16T11:18:04.152780Z","level":"info","event":"🔄 Updated: driver_ref=piastri","logger":"task.stdout"}
{"timestamp":"2026-02-16T11:18:04.171513Z","level":"info","event":"🔄 Updated: driver_ref=russell","logger":"task.stdout"}
{"timestamp":"2026-02-16T11:18:04.189107Z","level":"info","event":"🔄 Updated: driver_ref=sainz","logger":"task.stdout"}
{"timestamp":"2026-02-16T11:18:04.206472Z","level":"info","event":"🔄 Updated: driver_ref=stroll","logger":"task.stdout"}
{"timestamp":"2026-02-16T11:18:04.367344Z","level":"info","event":"Uploaded dimensions/dim_driver/dim_driver.parquet (82 rows)","logger":"task.stdout"}
{"timestamp":"2026-02-16T11:18:04.375329Z","level":"info","event":"","logger":"task.stdout"}
{"timestamp":"2026-02-16T11:18:04.378444Z","level":"info","event":" Written to Silver: dimensions/dim_driver/dim_driver.parquet","logger":"task.stdout"}
{"timestamp":"2026-02-16T11:18:06.452420Z","level":"info","event":"Elected group leader -- performing partition assignments using range","logger":"kafka.coordinator","filename":"base.py","lineno":563}
{"timestamp":"2026-02-16T11:18:06.457165Z","level":"warning","event":"No partition metadata for topic fact-constructor-standings","logger":"kafka.coordinator.assignors.range","filename":"range.py","lineno":47}
{"timestamp":"2026-02-16T11:18:06.480200Z","level":"info","event":"Successfully joined group f1-silver-consumers with generation -1","logger":"kafka.coordinator","filename":"base.py","lineno":390}
{"timestamp":"2026-02-16T11:18:06.481960Z","level":"error","event":"Task failed with exception","logger":"task","filename":"task_runner.py","lineno":1078,"error_detail":[{"exc_type":"CommitFailedError","exc_value":"CommitFailedError: Commit cannot be completed since the group has already\n            rebalanced and assigned the partitions to another member.\n            This means that the time between subsequent calls to poll()\n            was longer than the configured max_poll_interval_ms, which\n            typically implies that the poll loop is spending too much\n            time message processing. You can address this either by\n            increasing the rebalance timeout with max_poll_interval_ms,\n            or by reducing the maximum size of batches returned in poll()\n            with max_poll_records.\n            ","exc_notes":[],"syntax_error":null,"is_cause":false,"frames":[{"filename":"/home/airflow/.local/lib/python3.12/site-packages/airflow/sdk/execution_time/task_runner.py","lineno":1004,"name":"run"},{"filename":"/home/airflow/.local/lib/python3.12/site-packages/airflow/sdk/execution_time/task_runner.py","lineno":1405,"name":"_execute_task"},{"filename":"/home/airflow/.local/lib/python3.12/site-packages/airflow/sdk/bases/operator.py","lineno":417,"name":"wrapper"},{"filename":"/home/airflow/.local/lib/python3.12/site-packages/airflow/providers/standard/operators/python.py","lineno":214,"name":"execute"},{"filename":"/home/airflow/.local/lib/python3.12/site-packages/airflow/providers/standard/operators/python.py","lineno":237,"name":"execute_callable"},{"filename":"/home/airflow/.local/lib/python3.12/site-packages/airflow/sdk/execution_time/callback_runner.py","lineno":82,"name":"run"},{"filename":"/opt/airflow/dags/weekly_streaming_pipeline.py","lineno":160,"name":"consume_drivers"},{"filename":"/opt/airflow/dags/streaming/kafka_consumers.py","lineno":293,"name":"consume"},{"filename":"/opt/airflow/dags/streaming/kafka_consumers.py","lineno":202,"name":"consume_and_merge"},{"filename":"/home/airflow/.local/lib/python3.12/site-packages/kafka/consumer/group.py","lineno":567,"name":"commit"},{"filename":"/home/airflow/.local/lib/python3.12/site-packages/kafka/coordinator/consumer.py","lineno":540,"name":"commit_offsets_sync"}],"is_group":false,"exceptions":[]}]}
