{"timestamp":"2026-02-26T22:05:41.103018Z","level":"info","event":"DAG bundles loaded: dags-folder","logger":"airflow.dag_processing.bundles.manager.DagBundlesManager","filename":"manager.py","lineno":179}
{"timestamp":"2026-02-26T22:05:41.129833Z","level":"info","event":"Filling up the DagBag from /opt/airflow/dags/weekly_f1_pipeline.py","logger":"airflow.models.dagbag.DagBag","filename":"dagbag.py","lineno":593}
{"timestamp":"2026-02-26T22:05:53.213649Z","level":"warning","event":"The `airflow.utils.task_group.TaskGroup` attribute is deprecated. Please use `'airflow.sdk.TaskGroup'`.","category":"DeprecatedImportWarning","filename":"/opt/airflow/dags/weekly_f1_pipeline.py","lineno":36,"logger":"py.warnings"}
{"timestamp":"2026-02-26T22:05:53.213944Z","level":"warning","event":"The `airflow.operators.trigger_dagrun.TriggerDagRunOperator` attribute is deprecated. Please use `'airflow.providers.standard.operators.trigger_dagrun.TriggerDagRunOperator'`.","category":"DeprecatedImportWarning","filename":"/opt/airflow/dags/kafka_producer_pipeline.py","lineno":35,"logger":"py.warnings"}
{"timestamp":"2026-02-26T22:05:54.406413Z","level":"info","event":"======================================================================","logger":"task.stdout"}
{"timestamp":"2026-02-26T22:05:54.428887Z","level":"info","event":"PRODUCER: fact_laps  (2026+)","logger":"task.stdout"}
{"timestamp":"2026-02-26T22:05:54.481193Z","level":"info","event":"======================================================================","logger":"task.stdout"}
{"timestamp":"2026-02-26T22:05:54.489064Z","level":"info","event":"","logger":"task.stdout"}
{"timestamp":"2026-02-26T22:05:54.496688Z","level":"info","event":"======================================================================","logger":"task.stdout"}
{"timestamp":"2026-02-26T22:05:54.499668Z","level":"info","event":"SCRAPING LAP TIMES FROM ERGAST API: 2026-2026","logger":"task.stdout"}
{"timestamp":"2026-02-26T22:05:54.509962Z","level":"info","event":"======================================================================","logger":"task.stdout"}
{"timestamp":"2026-02-26T22:05:54.517364Z","level":"info","event":"","logger":"task.stdout"}
{"timestamp":"2026-02-26T22:05:54.526162Z","level":"info","event":"","logger":"task.stdout"}
{"timestamp":"2026-02-26T22:05:54.532712Z","level":"info","event":"Scraping laps for 2026...","logger":"task.stdout"}
{"timestamp":"2026-02-26T22:06:17.499544Z","level":"info","event":"  Found 24 rounds in 2026","logger":"task.stdout"}
{"timestamp":"2026-02-26T22:06:17.503575Z","level":"info","event":"  Fetching laps for 2026 Round 1...","logger":"task.stdout"}
{"timestamp":"2026-02-26T22:06:40.416396Z","level":"info","event":"  No data for 2026 Round 1","logger":"task.stdout"}
{"timestamp":"2026-02-26T22:06:40.417367Z","level":"info","event":"  Fetching laps for 2026 Round 2...","logger":"task.stdout"}
{"timestamp":"2026-02-26T22:07:04.669150Z","level":"info","event":"  No data for 2026 Round 2","logger":"task.stdout"}
{"timestamp":"2026-02-26T22:07:04.670169Z","level":"info","event":"  Fetching laps for 2026 Round 3...","logger":"task.stdout"}
{"timestamp":"2026-02-26T22:07:27.443224Z","level":"info","event":"  No data for 2026 Round 3","logger":"task.stdout"}
{"timestamp":"2026-02-26T22:07:27.444981Z","level":"info","event":"  Fetching laps for 2026 Round 4...","logger":"task.stdout"}
{"timestamp":"2026-02-26T22:07:49.375122Z","level":"info","event":"  No data for 2026 Round 4","logger":"task.stdout"}
{"timestamp":"2026-02-26T22:07:49.380843Z","level":"info","event":"  Fetching laps for 2026 Round 5...","logger":"task.stdout"}
{"timestamp":"2026-02-26T22:08:12.155380Z","level":"info","event":"  No data for 2026 Round 5","logger":"task.stdout"}
{"timestamp":"2026-02-26T22:08:12.156274Z","level":"info","event":"  Fetching laps for 2026 Round 6...","logger":"task.stdout"}
{"timestamp":"2026-02-26T22:08:35.552038Z","level":"info","event":"  No data for 2026 Round 6","logger":"task.stdout"}
{"timestamp":"2026-02-26T22:08:35.555119Z","level":"info","event":"  Fetching laps for 2026 Round 7...","logger":"task.stdout"}
{"timestamp":"2026-02-26T22:08:57.964086Z","level":"info","event":"  No data for 2026 Round 7","logger":"task.stdout"}
{"timestamp":"2026-02-26T22:08:57.969445Z","level":"info","event":"  Fetching laps for 2026 Round 8...","logger":"task.stdout"}
{"timestamp":"2026-02-26T22:09:20.985871Z","level":"info","event":"  No data for 2026 Round 8","logger":"task.stdout"}
{"timestamp":"2026-02-26T22:09:20.986548Z","level":"info","event":"  Fetching laps for 2026 Round 9...","logger":"task.stdout"}
{"timestamp":"2026-02-26T22:09:42.912340Z","level":"info","event":"  No data for 2026 Round 9","logger":"task.stdout"}
{"timestamp":"2026-02-26T22:09:42.916474Z","level":"info","event":"  Fetching laps for 2026 Round 10...","logger":"task.stdout"}
{"timestamp":"2026-02-26T22:10:03.352085Z","level":"info","event":"  No data for 2026 Round 10","logger":"task.stdout"}
{"timestamp":"2026-02-26T22:10:03.360027Z","level":"info","event":"  Fetching laps for 2026 Round 11...","logger":"task.stdout"}
{"timestamp":"2026-02-26T22:10:27.701961Z","level":"info","event":"  No data for 2026 Round 11","logger":"task.stdout"}
{"timestamp":"2026-02-26T22:10:27.703325Z","level":"info","event":"  Fetching laps for 2026 Round 12...","logger":"task.stdout"}
{"timestamp":"2026-02-26T22:10:51.038787Z","level":"info","event":"  No data for 2026 Round 12","logger":"task.stdout"}
{"timestamp":"2026-02-26T22:10:51.039940Z","level":"info","event":"  Fetching laps for 2026 Round 13...","logger":"task.stdout"}
{"timestamp":"2026-02-26T22:11:13.264915Z","level":"info","event":"  No data for 2026 Round 13","logger":"task.stdout"}
{"timestamp":"2026-02-26T22:11:13.266734Z","level":"info","event":"  Fetching laps for 2026 Round 14...","logger":"task.stdout"}
{"timestamp":"2026-02-26T22:11:36.051923Z","level":"info","event":"  No data for 2026 Round 14","logger":"task.stdout"}
{"timestamp":"2026-02-26T22:11:36.054871Z","level":"info","event":"  Fetching laps for 2026 Round 15...","logger":"task.stdout"}
{"timestamp":"2026-02-26T22:11:58.403008Z","level":"info","event":"  No data for 2026 Round 15","logger":"task.stdout"}
{"timestamp":"2026-02-26T22:11:58.403944Z","level":"info","event":"  Fetching laps for 2026 Round 16...","logger":"task.stdout"}
{"timestamp":"2026-02-26T22:12:21.174885Z","level":"info","event":"  No data for 2026 Round 16","logger":"task.stdout"}
{"timestamp":"2026-02-26T22:12:21.181681Z","level":"info","event":"  Fetching laps for 2026 Round 17...","logger":"task.stdout"}
{"timestamp":"2026-02-26T22:12:45.486653Z","level":"info","event":"  No data for 2026 Round 17","logger":"task.stdout"}
{"timestamp":"2026-02-26T22:12:45.489527Z","level":"info","event":"  Fetching laps for 2026 Round 18...","logger":"task.stdout"}
{"timestamp":"2026-02-26T22:13:06.576112Z","level":"info","event":"  No data for 2026 Round 18","logger":"task.stdout"}
{"timestamp":"2026-02-26T22:13:06.577406Z","level":"info","event":"  Fetching laps for 2026 Round 19...","logger":"task.stdout"}
{"timestamp":"2026-02-26T22:13:30.992357Z","level":"info","event":"  No data for 2026 Round 19","logger":"task.stdout"}
{"timestamp":"2026-02-26T22:13:30.993524Z","level":"info","event":"  Fetching laps for 2026 Round 20...","logger":"task.stdout"}
{"timestamp":"2026-02-26T22:13:54.360088Z","level":"info","event":"  No data for 2026 Round 20","logger":"task.stdout"}
{"timestamp":"2026-02-26T22:13:54.362250Z","level":"info","event":"  Fetching laps for 2026 Round 21...","logger":"task.stdout"}
{"timestamp":"2026-02-26T22:14:16.386434Z","level":"info","event":"  No data for 2026 Round 21","logger":"task.stdout"}
{"timestamp":"2026-02-26T22:14:16.387374Z","level":"info","event":"  Fetching laps for 2026 Round 22...","logger":"task.stdout"}
{"timestamp":"2026-02-26T22:14:39.529347Z","level":"info","event":"  No data for 2026 Round 22","logger":"task.stdout"}
{"timestamp":"2026-02-26T22:14:39.530287Z","level":"info","event":"  Fetching laps for 2026 Round 23...","logger":"task.stdout"}
{"timestamp":"2026-02-26T22:15:03.889248Z","level":"info","event":"  No data for 2026 Round 23","logger":"task.stdout"}
{"timestamp":"2026-02-26T22:15:03.920160Z","level":"info","event":"  Fetching laps for 2026 Round 24...","logger":"task.stdout"}
{"timestamp":"2026-02-26T22:15:28.515893Z","level":"info","event":"  No data for 2026 Round 24","logger":"task.stdout"}
{"timestamp":"2026-02-26T22:15:28.516730Z","level":"info","event":"Total laps for 2026: 0","logger":"task.stdout"}
{"timestamp":"2026-02-26T22:15:28.540317Z","level":"info","event":"","logger":"task.stdout"}
{"timestamp":"2026-02-26T22:15:28.544477Z","level":"info","event":"======================================================================","logger":"task.stdout"}
{"timestamp":"2026-02-26T22:15:28.546462Z","level":"info","event":"SCRAPING COMPLETE","logger":"task.stdout"}
{"timestamp":"2026-02-26T22:15:28.547889Z","level":"info","event":"Total records: 0","logger":"task.stdout"}
{"timestamp":"2026-02-26T22:15:28.549596Z","level":"info","event":"Years covered: 2026-2026","logger":"task.stdout"}
{"timestamp":"2026-02-26T22:15:28.550330Z","level":"info","event":"======================================================================","logger":"task.stdout"}
{"timestamp":"2026-02-26T22:15:28.552615Z","level":"info","event":"","logger":"task.stdout"}
{"timestamp":"2026-02-26T22:15:28.553597Z","level":"info","event":"Transforming API data to Silver schema...","logger":"task.stdout"}
{"timestamp":"2026-02-26T22:15:28.558091Z","level":"info","event":"⚠️  No data found - returning empty list","logger":"task.stdout"}
{"timestamp":"2026-02-26T22:15:28.563865Z","level":"info","event":"  No lap data found","logger":"task.stdout"}
{"timestamp":"2026-02-26T22:15:28.657854Z","level":"info","event":"Done. Returned value was: {'new_count': 0}","logger":"airflow.task.operators.airflow.providers.standard.operators.python.PythonOperator","filename":"python.py","lineno":216}
{"timestamp":"2026-02-26T22:15:28.663630Z","level":"info","event":"Pushing xcom","ti":"RuntimeTaskInstance(id=UUID('019c9bfb-739d-72e8-945e-655dd79673c0'), task_id='producer.scrape_publish_laps', dag_id='weekly_f1_pipeline', run_id='manual__2026-02-26T21:46:06+00:00', try_number=2, dag_version_id=UUID('019c9b22-04c8-7f8f-ba9f-baa49cc3678d'), map_index=-1, hostname='fe5351013118', context_carrier={}, task=<Task(PythonOperator): producer.scrape_publish_laps>, bundle_instance=LocalDagBundle(name=dags-folder), max_tries=3, start_date=datetime.datetime(2026, 2, 26, 22, 5, 40, 278957, tzinfo=datetime.timezone.utc), end_date=None, state=<TaskInstanceState.RUNNING: 'running'>, is_mapped=False, rendered_map_index=None)","logger":"task","filename":"task_runner.py","lineno":1450}
