{"timestamp":"2026-02-13T09:12:07.882685Z","level":"info","event":"DAG bundles loaded: dags-folder","logger":"airflow.dag_processing.bundles.manager.DagBundlesManager","filename":"manager.py","lineno":179}
{"timestamp":"2026-02-13T09:12:07.891535Z","level":"info","event":"Filling up the DagBag from /opt/airflow/dags/api_etl/api_pitstops_bronze_to_silver.py","logger":"airflow.models.dagbag.DagBag","filename":"dagbag.py","lineno":593}
{"timestamp":"2026-02-13T09:12:08.804313Z","level":"info","event":"======================================================================","logger":"task.stdout"}
{"timestamp":"2026-02-13T09:12:08.810098Z","level":"info","event":"F1 PIT STOPS BACKFILL: ERGAST API -> SILVER","logger":"task.stdout"}
{"timestamp":"2026-02-13T09:12:08.810553Z","level":"info","event":"======================================================================","logger":"task.stdout"}
{"timestamp":"2026-02-13T09:12:08.813162Z","level":"info","event":"","logger":"task.stdout"}
{"timestamp":"2026-02-13T09:12:08.813538Z","level":"info","event":"[STEP 1] Scraping API...","logger":"task.stdout"}
{"timestamp":"2026-02-13T09:12:08.813841Z","level":"info","event":"","logger":"task.stdout"}
{"timestamp":"2026-02-13T09:12:08.814142Z","level":"info","event":"======================================================================","logger":"task.stdout"}
{"timestamp":"2026-02-13T09:12:08.814348Z","level":"info","event":"SCRAPING PIT STOPS FROM ERGAST API: 2024-2024","logger":"task.stdout"}
{"timestamp":"2026-02-13T09:12:08.814597Z","level":"info","event":"======================================================================","logger":"task.stdout"}
{"timestamp":"2026-02-13T09:12:08.814774Z","level":"info","event":"","logger":"task.stdout"}
{"timestamp":"2026-02-13T09:12:08.815130Z","level":"info","event":"","logger":"task.stdout"}
{"timestamp":"2026-02-13T09:12:08.815510Z","level":"info","event":"======================================================================","logger":"task.stdout"}
{"timestamp":"2026-02-13T09:12:08.815714Z","level":"info","event":"SCRAPING PIT STOPS FOR 2024","logger":"task.stdout"}
{"timestamp":"2026-02-13T09:12:08.816064Z","level":"info","event":"======================================================================","logger":"task.stdout"}
{"timestamp":"2026-02-13T09:12:08.816321Z","level":"info","event":"","logger":"task.stdout"}
{"timestamp":"2026-02-13T09:12:08.816641Z","level":"info","event":"Fetching pit stops for 2024 Round 1...","logger":"task.stdout"}
{"timestamp":"2026-02-13T09:12:14.593039Z","level":"info","event":"  43 pit stops found","logger":"task.stdout"}
{"timestamp":"2026-02-13T09:12:14.600772Z","level":"info","event":"Fetching pit stops for 2024 Round 2...","logger":"task.stdout"}
{"timestamp":"2026-02-13T09:12:18.753137Z","level":"info","event":"  19 pit stops found","logger":"task.stdout"}
{"timestamp":"2026-02-13T09:12:18.753439Z","level":"info","event":"Fetching pit stops for 2024 Round 3...","logger":"task.stdout"}
{"timestamp":"2026-02-13T09:12:23.040859Z","level":"info","event":"  36 pit stops found","logger":"task.stdout"}
{"timestamp":"2026-02-13T09:12:23.042758Z","level":"info","event":"Fetching pit stops for 2024 Round 4...","logger":"task.stdout"}
{"timestamp":"2026-02-13T09:12:29.464486Z","level":"info","event":"  54 pit stops found","logger":"task.stdout"}
{"timestamp":"2026-02-13T09:12:29.464863Z","level":"info","event":"Fetching pit stops for 2024 Round 5...","logger":"task.stdout"}
{"timestamp":"2026-02-13T09:12:32.396407Z","level":"info","event":"  40 pit stops found","logger":"task.stdout"}
{"timestamp":"2026-02-13T09:12:32.396737Z","level":"info","event":"Fetching pit stops for 2024 Round 6...","logger":"task.stdout"}
{"timestamp":"2026-02-13T09:12:36.618776Z","level":"info","event":"  28 pit stops found","logger":"task.stdout"}
{"timestamp":"2026-02-13T09:12:36.619325Z","level":"info","event":"Fetching pit stops for 2024 Round 7...","logger":"task.stdout"}
{"timestamp":"2026-02-13T09:12:40.310260Z","level":"info","event":"  27 pit stops found","logger":"task.stdout"}
{"timestamp":"2026-02-13T09:12:40.313628Z","level":"info","event":"Fetching pit stops for 2024 Round 8...","logger":"task.stdout"}
{"timestamp":"2026-02-13T09:12:43.996969Z","level":"info","event":"  23 pit stops found","logger":"task.stdout"}
{"timestamp":"2026-02-13T09:12:43.997322Z","level":"info","event":"Fetching pit stops for 2024 Round 9...","logger":"task.stdout"}
{"timestamp":"2026-02-13T09:12:48.389434Z","level":"info","event":"  42 pit stops found","logger":"task.stdout"}
{"timestamp":"2026-02-13T09:12:48.390019Z","level":"info","event":"Fetching pit stops for 2024 Round 10...","logger":"task.stdout"}
{"timestamp":"2026-02-13T09:12:52.167366Z","level":"info","event":"  42 pit stops found","logger":"task.stdout"}
{"timestamp":"2026-02-13T09:12:52.179500Z","level":"info","event":"Fetching pit stops for 2024 Round 11...","logger":"task.stdout"}
{"timestamp":"2026-02-13T09:12:58.673713Z","level":"info","event":"  45 pit stops found","logger":"task.stdout"}
{"timestamp":"2026-02-13T09:12:58.674202Z","level":"info","event":"Fetching pit stops for 2024 Round 12...","logger":"task.stdout"}
{"timestamp":"2026-02-13T09:13:03.576476Z","level":"info","event":"  45 pit stops found","logger":"task.stdout"}
{"timestamp":"2026-02-13T09:13:03.609077Z","level":"info","event":"Fetching pit stops for 2024 Round 13...","logger":"task.stdout"}
{"timestamp":"2026-02-13T09:13:09.378313Z","level":"info","event":"  40 pit stops found","logger":"task.stdout"}
{"timestamp":"2026-02-13T09:13:09.378843Z","level":"info","event":"Fetching pit stops for 2024 Round 14...","logger":"task.stdout"}
{"timestamp":"2026-02-13T09:13:12.845481Z","level":"info","event":"  34 pit stops found","logger":"task.stdout"}
{"timestamp":"2026-02-13T09:13:12.845919Z","level":"info","event":"Fetching pit stops for 2024 Round 15...","logger":"task.stdout"}
{"timestamp":"2026-02-13T09:13:18.060529Z","level":"info","event":"  26 pit stops found","logger":"task.stdout"}
{"timestamp":"2026-02-13T09:13:18.064766Z","level":"info","event":"Fetching pit stops for 2024 Round 16...","logger":"task.stdout"}
{"timestamp":"2026-02-13T09:13:21.594244Z","level":"info","event":"  30 pit stops found","logger":"task.stdout"}
{"timestamp":"2026-02-13T09:13:21.594709Z","level":"info","event":"Fetching pit stops for 2024 Round 17...","logger":"task.stdout"}
{"timestamp":"2026-02-13T09:13:24.592051Z","level":"info","event":"  22 pit stops found","logger":"task.stdout"}
{"timestamp":"2026-02-13T09:13:24.592416Z","level":"info","event":"Fetching pit stops for 2024 Round 18...","logger":"task.stdout"}
{"timestamp":"2026-02-13T09:13:29.295009Z","level":"info","event":"  23 pit stops found","logger":"task.stdout"}
{"timestamp":"2026-02-13T09:13:29.295677Z","level":"info","event":"Fetching pit stops for 2024 Round 19...","logger":"task.stdout"}
{"timestamp":"2026-02-13T09:13:33.082777Z","level":"info","event":"  23 pit stops found","logger":"task.stdout"}
{"timestamp":"2026-02-13T09:13:33.083243Z","level":"info","event":"Fetching pit stops for 2024 Round 20...","logger":"task.stdout"}
{"timestamp":"2026-02-13T09:13:36.749128Z","level":"info","event":"  21 pit stops found","logger":"task.stdout"}
{"timestamp":"2026-02-13T09:13:36.749730Z","level":"info","event":"Fetching pit stops for 2024 Round 21...","logger":"task.stdout"}
{"timestamp":"2026-02-13T09:13:41.022909Z","level":"info","event":"  35 pit stops found","logger":"task.stdout"}
{"timestamp":"2026-02-13T09:13:41.023578Z","level":"info","event":"Fetching pit stops for 2024 Round 22...","logger":"task.stdout"}
{"timestamp":"2026-02-13T09:13:46.052590Z","level":"info","event":"  39 pit stops found","logger":"task.stdout"}
{"timestamp":"2026-02-13T09:13:46.053008Z","level":"info","event":"Fetching pit stops for 2024 Round 23...","logger":"task.stdout"}
{"timestamp":"2026-02-13T09:13:52.078788Z","level":"info","event":"  60 pit stops found","logger":"task.stdout"}
{"timestamp":"2026-02-13T09:13:52.081004Z","level":"info","event":"Fetching pit stops for 2024 Round 24...","logger":"task.stdout"}
{"timestamp":"2026-02-13T09:13:57.154118Z","level":"info","event":"  28 pit stops found","logger":"task.stdout"}
{"timestamp":"2026-02-13T09:13:57.154585Z","level":"info","event":"Fetching pit stops for 2024 Round 25...","logger":"task.stdout"}
{"timestamp":"2026-02-13T09:14:02.632439Z","level":"info","event":"  No data for 2024 Round 25","logger":"task.stdout"}
{"timestamp":"2026-02-13T09:14:02.633932Z","level":"info","event":"","logger":"task.stdout"}
{"timestamp":"2026-02-13T09:14:02.636688Z","level":"info","event":"Total pit stops for 2024: 825","logger":"task.stdout"}
{"timestamp":"2026-02-13T09:14:02.636999Z","level":"info","event":"","logger":"task.stdout"}
{"timestamp":"2026-02-13T09:14:02.637392Z","level":"info","event":"======================================================================","logger":"task.stdout"}
{"timestamp":"2026-02-13T09:14:02.637655Z","level":"info","event":"SCRAPING COMPLETE","logger":"task.stdout"}
{"timestamp":"2026-02-13T09:14:02.637900Z","level":"info","event":"Total pit stops: 825","logger":"task.stdout"}
{"timestamp":"2026-02-13T09:14:02.638126Z","level":"info","event":"Years covered: 2024-2024","logger":"task.stdout"}
{"timestamp":"2026-02-13T09:14:02.638425Z","level":"info","event":"======================================================================","logger":"task.stdout"}
{"timestamp":"2026-02-13T09:14:02.641936Z","level":"info","event":"","logger":"task.stdout"}
{"timestamp":"2026-02-13T09:14:02.646083Z","level":"info","event":"API scraping complete: 825 pit stop records","logger":"task.stdout"}
{"timestamp":"2026-02-13T09:14:02.646393Z","level":"info","event":"","logger":"task.stdout"}
{"timestamp":"2026-02-13T09:14:02.646617Z","level":"info","event":"[STEP 2] Transforming to Silver schema...","logger":"task.stdout"}
{"timestamp":"2026-02-13T09:14:02.646842Z","level":"info","event":"Transforming API data to Silver schema...","logger":"task.stdout"}
{"timestamp":"2026-02-13T09:14:02.647109Z","level":"info","event":"Transformed 825 pit stops to Silver schema","logger":"task.stdout"}
{"timestamp":"2026-02-13T09:14:02.671258Z","level":"info","event":"Source: api","logger":"task.stdout"}
{"timestamp":"2026-02-13T09:14:02.672811Z","level":"info","event":"Transformation complete: 825 pit stops","logger":"task.stdout"}
{"timestamp":"2026-02-13T09:14:02.673253Z","level":"info","event":"","logger":"task.stdout"}
{"timestamp":"2026-02-13T09:14:02.673621Z","level":"info","event":"[STEP 3] Loading dimensions for FK resolution...","logger":"task.stdout"}
{"timestamp":"2026-02-13T09:14:02.715141Z","level":"info","event":" Downloaded dimensions/dim_driver/dim_driver.parquet (70 rows)","logger":"task.stdout"}
{"timestamp":"2026-02-13T09:14:02.723525Z","level":"info","event":" Downloaded dimensions/dim_race/dim_race.parquet (256 rows)","logger":"task.stdout"}
{"timestamp":"2026-02-13T09:14:02.730946Z","level":"info","event":" Downloaded dimensions/dim_time/dim_time.parquet (6940 rows)","logger":"task.stdout"}
{"timestamp":"2026-02-13T09:14:02.731383Z","level":"info","event":"Loaded dimensions:","logger":"task.stdout"}
{"timestamp":"2026-02-13T09:14:02.731573Z","level":"info","event":"  - dim_driver: 70 drivers","logger":"task.stdout"}
{"timestamp":"2026-02-13T09:14:02.731788Z","level":"info","event":"  - dim_race: 256 races","logger":"task.stdout"}
{"timestamp":"2026-02-13T09:14:02.732444Z","level":"info","event":"  - dim_time: 6,940 dates","logger":"task.stdout"}
{"timestamp":"2026-02-13T09:14:02.732796Z","level":"info","event":"","logger":"task.stdout"}
{"timestamp":"2026-02-13T09:14:02.733100Z","level":"info","event":"[STEP 4] Resolving foreign keys...","logger":"task.stdout"}
{"timestamp":"2026-02-13T09:14:02.749936Z","level":"info","event":"Created lookup dictionaries:","logger":"task.stdout"}
{"timestamp":"2026-02-13T09:14:02.750286Z","level":"info","event":"  - driver_ref -> driver_key: 70 entries","logger":"task.stdout"}
{"timestamp":"2026-02-13T09:14:02.750472Z","level":"info","event":"  - race_year+race_round -> race_key: 256 entries","logger":"task.stdout"}
{"timestamp":"2026-02-13T09:14:02.754228Z","level":"info","event":"  - race_date -> time_key: 6940 entries","logger":"task.stdout"}
{"timestamp":"2026-02-13T09:14:02.766647Z","level":"info","event":"All FKs resolved successfully","logger":"task.stdout"}
{"timestamp":"2026-02-13T09:14:02.767097Z","level":"info","event":"","logger":"task.stdout"}
{"timestamp":"2026-02-13T09:14:02.767352Z","level":"info","event":"[STEP 5] Loading existing Silver data...","logger":"task.stdout"}
{"timestamp":"2026-02-13T09:14:02.774328Z","level":"info","event":" Downloaded facts/fact_pitstops/year=2024/data.parquet (825 rows)","logger":"task.stdout"}
{"timestamp":"2026-02-13T09:14:02.774852Z","level":"info","event":"Loaded 825 existing pit stops from Silver","logger":"task.stdout"}
{"timestamp":"2026-02-13T09:14:02.775671Z","level":"info","event":"Existing sources: {'api': 825}","logger":"task.stdout"}
{"timestamp":"2026-02-13T09:14:02.776084Z","level":"info","event":"","logger":"task.stdout"}
{"timestamp":"2026-02-13T09:14:02.776322Z","level":"info","event":"[STEP 6] Merging API data with existing Silver...","logger":"task.stdout"}
{"timestamp":"2026-02-13T09:14:02.776527Z","level":"info","event":"","logger":"task.stdout"}
{"timestamp":"2026-02-13T09:14:02.776819Z","level":"info","event":"  Merge Configuration:","logger":"task.stdout"}
{"timestamp":"2026-02-13T09:14:02.777018Z","level":"info","event":"Existing pit stops: 825","logger":"task.stdout"}
{"timestamp":"2026-02-13T09:14:02.777346Z","level":"info","event":"New API pit stops: 825","logger":"task.stdout"}
{"timestamp":"2026-02-13T09:14:02.777579Z","level":"info","event":"Merge key: race_year + race_round + driver_ref + stop_number","logger":"task.stdout"}
{"timestamp":"2026-02-13T09:14:02.777805Z","level":"info","event":"CSV priority: YES (skip API for CSV pit stops)","logger":"task.stdout"}
{"timestamp":"2026-02-13T09:14:02.778027Z","level":"info","event":"","logger":"task.stdout"}
{"timestamp":"2026-02-13T09:14:02.778227Z","level":"info","event":"  Processing 825 API pit stops:","logger":"task.stdout"}
{"timestamp":"2026-02-13T09:14:02.778422Z","level":"info","event":"","logger":"task.stdout"}
{"timestamp":"2026-02-13T09:14:02.780379Z","level":"error","event":"Task failed with exception","logger":"task","filename":"task_runner.py","lineno":1078,"error_detail":[{"exc_type":"KeyError","exc_value":"'race_year'","exc_notes":[],"syntax_error":null,"is_cause":false,"frames":[{"filename":"/home/airflow/.local/lib/python3.12/site-packages/airflow/sdk/execution_time/task_runner.py","lineno":1004,"name":"run"},{"filename":"/home/airflow/.local/lib/python3.12/site-packages/airflow/sdk/execution_time/task_runner.py","lineno":1400,"name":"_execute_task"},{"filename":"/home/airflow/.local/lib/python3.12/site-packages/airflow/sdk/bases/operator.py","lineno":417,"name":"wrapper"},{"filename":"/home/airflow/.local/lib/python3.12/site-packages/airflow/providers/standard/operators/python.py","lineno":214,"name":"execute"},{"filename":"/home/airflow/.local/lib/python3.12/site-packages/airflow/providers/standard/operators/python.py","lineno":237,"name":"execute_callable"},{"filename":"/home/airflow/.local/lib/python3.12/site-packages/airflow/sdk/execution_time/callback_runner.py","lineno":82,"name":"run"},{"filename":"/opt/airflow/dags/api_etl/api_pitstops_bronze_to_silver.py","lineno":322,"name":"backfill_fact_pitstops"},{"filename":"/opt/airflow/dags/api_etl/api_pitstops_bronze_to_silver.py","lineno":116,"name":"merge_pitstops"},{"filename":"/home/airflow/.local/lib/python3.12/site-packages/pandas/core/frame.py","lineno":3893,"name":"__getitem__"},{"filename":"/home/airflow/.local/lib/python3.12/site-packages/pandas/core/indexes/base.py","lineno":3798,"name":"get_loc"}],"is_group":false,"exceptions":[]},{"exc_type":"KeyError","exc_value":"'race_year'","exc_notes":[],"syntax_error":null,"is_cause":true,"frames":[{"filename":"/home/airflow/.local/lib/python3.12/site-packages/pandas/core/indexes/base.py","lineno":3791,"name":"get_loc"},{"filename":"/opt/airflow/index.pyx","lineno":152,"name":"pandas._libs.index.IndexEngine.get_loc"},{"filename":"/opt/airflow/index.pyx","lineno":181,"name":"pandas._libs.index.IndexEngine.get_loc"},{"filename":"/opt/airflow/pandas/_libs/hashtable_class_helper.pxi","lineno":7080,"name":"pandas._libs.hashtable.PyObjectHashTable.get_item"},{"filename":"/opt/airflow/pandas/_libs/hashtable_class_helper.pxi","lineno":7088,"name":"pandas._libs.hashtable.PyObjectHashTable.get_item"}],"is_group":false,"exceptions":[]}]}
