{"timestamp":"2026-02-09T14:11:18.818937Z","level":"info","event":"DAG bundles loaded: dags-folder, example_dags","logger":"airflow.dag_processing.bundles.manager.DagBundlesManager","filename":"manager.py","lineno":179}
{"timestamp":"2026-02-09T14:11:18.820132Z","level":"info","event":"Filling up the DagBag from /opt/airflow/dags/api_etl/api_circuits_bronze_to_silver.py","logger":"airflow.models.dagbag.DagBag","filename":"dagbag.py","lineno":593}
{"timestamp":"2026-02-09T14:11:18.978439Z","level":"info","event":"Task instance is in running state","logger":"task.stdout"}
{"timestamp":"2026-02-09T14:11:18.981452Z","level":"info","event":" Previous state of the Task instance: TaskInstanceState.QUEUED","logger":"task.stdout"}
{"timestamp":"2026-02-09T14:11:18.981839Z","level":"info","event":"Current task name:backfill_dim_circuit","logger":"task.stdout"}
{"timestamp":"2026-02-09T14:11:18.982113Z","level":"info","event":"Dag name:api_circuits_bronze_to_silver","logger":"task.stdout"}
{"timestamp":"2026-02-09T14:11:18.982405Z","level":"info","event":"======================================================================","logger":"task.stdout"}
{"timestamp":"2026-02-09T14:11:18.982647Z","level":"info","event":"F1 CIRCUIT BACKFILL: ERGAST API → SILVER","logger":"task.stdout"}
{"timestamp":"2026-02-09T14:11:18.983012Z","level":"info","event":"======================================================================","logger":"task.stdout"}
{"timestamp":"2026-02-09T14:11:18.983264Z","level":"info","event":"","logger":"task.stdout"}
{"timestamp":"2026-02-09T14:11:18.983543Z","level":"info","event":"[STEP 1] Scraping API...","logger":"task.stdout"}
{"timestamp":"2026-02-09T14:11:18.983886Z","level":"info","event":"","logger":"task.stdout"}
{"timestamp":"2026-02-09T14:11:18.984216Z","level":"info","event":"======================================================================","logger":"task.stdout"}
{"timestamp":"2026-02-09T14:11:18.984457Z","level":"info","event":"SCRAPING CIRCUITS FROM API: 2011-2025","logger":"task.stdout"}
{"timestamp":"2026-02-09T14:11:18.984770Z","level":"info","event":"======================================================================","logger":"task.stdout"}
{"timestamp":"2026-02-09T14:11:18.985050Z","level":"info","event":"","logger":"task.stdout"}
{"timestamp":"2026-02-09T14:11:18.985298Z","level":"info","event":"Fetching circuits for 2011...","logger":"task.stdout"}
{"timestamp":"2026-02-09T14:11:42.037140Z","level":"info","event":"19 circuits found","logger":"task.stdout"}
{"timestamp":"2026-02-09T14:11:42.037654Z","level":"info","event":"Fetching circuits for 2012...","logger":"task.stdout"}
{"timestamp":"2026-02-09T14:11:43.406784Z","level":"info","event":"Rate limit hit! Waiting 30s before retry 1/6...","logger":"task.stdout"}
{"timestamp":"2026-02-09T14:12:13.852144Z","level":"info","event":"Rate limit hit! Waiting 60s before retry 2/6...","logger":"task.stdout"}
{"timestamp":"2026-02-09T14:13:14.547907Z","level":"info","event":"Rate limit hit! Waiting 94s before retry 3/6...","logger":"task.stdout"}
{"timestamp":"2026-02-09T14:15:09.473072Z","level":"info","event":"20 circuits found","logger":"task.stdout"}
{"timestamp":"2026-02-09T14:15:09.473453Z","level":"info","event":"Fetching circuits for 2013...","logger":"task.stdout"}
{"timestamp":"2026-02-09T14:15:33.434574Z","level":"info","event":"19 circuits found","logger":"task.stdout"}
{"timestamp":"2026-02-09T14:15:33.434909Z","level":"info","event":"Fetching circuits for 2014...","logger":"task.stdout"}
{"timestamp":"2026-02-09T14:15:34.520934Z","level":"info","event":"Rate limit hit! Waiting 31s before retry 1/6...","logger":"task.stdout"}
{"timestamp":"2026-02-09T14:16:28.269006Z","level":"info","event":"19 circuits found","logger":"task.stdout"}
{"timestamp":"2026-02-09T14:16:28.269521Z","level":"info","event":"Fetching circuits for 2015...","logger":"task.stdout"}
{"timestamp":"2026-02-09T14:16:49.605362Z","level":"info","event":"19 circuits found","logger":"task.stdout"}
{"timestamp":"2026-02-09T14:16:49.607636Z","level":"info","event":"Fetching circuits for 2016...","logger":"task.stdout"}
{"timestamp":"2026-02-09T14:16:50.205741Z","level":"info","event":"Rate limit hit! Waiting 32s before retry 1/6...","logger":"task.stdout"}
{"timestamp":"2026-02-09T14:17:44.013640Z","level":"info","event":"21 circuits found","logger":"task.stdout"}
{"timestamp":"2026-02-09T14:17:44.014193Z","level":"info","event":"Fetching circuits for 2017...","logger":"task.stdout"}
{"timestamp":"2026-02-09T14:18:06.153545Z","level":"info","event":"20 circuits found","logger":"task.stdout"}
{"timestamp":"2026-02-09T14:18:06.154005Z","level":"info","event":"Fetching circuits for 2018...","logger":"task.stdout"}
{"timestamp":"2026-02-09T14:18:08.689759Z","level":"info","event":"Rate limit hit! Waiting 34s before retry 1/6...","logger":"task.stdout"}
{"timestamp":"2026-02-09T14:18:43.043906Z","level":"info","event":"Rate limit hit! Waiting 64s before retry 2/6...","logger":"task.stdout"}
{"timestamp":"2026-02-09T14:19:47.934148Z","level":"info","event":"Rate limit hit! Waiting 91s before retry 3/6...","logger":"task.stdout"}
{"timestamp":"2026-02-09T14:21:40.388327Z","level":"info","event":"21 circuits found","logger":"task.stdout"}
{"timestamp":"2026-02-09T14:21:40.388897Z","level":"info","event":"Fetching circuits for 2019...","logger":"task.stdout"}
{"timestamp":"2026-02-09T14:21:40.863508Z","level":"info","event":"Rate limit hit! Waiting 31s before retry 1/6...","logger":"task.stdout"}
{"timestamp":"2026-02-09T14:22:12.466784Z","level":"info","event":"Rate limit hit! Waiting 64s before retry 2/6...","logger":"task.stdout"}
{"timestamp":"2026-02-09T14:23:38.529853Z","level":"info","event":"21 circuits found","logger":"task.stdout"}
{"timestamp":"2026-02-09T14:23:38.530445Z","level":"info","event":"Fetching circuits for 2020...","logger":"task.stdout"}
{"timestamp":"2026-02-09T14:23:38.968124Z","level":"info","event":"Rate limit hit! Waiting 31s before retry 1/6...","logger":"task.stdout"}
{"timestamp":"2026-02-09T14:24:10.613655Z","level":"info","event":"Rate limit hit! Waiting 62s before retry 2/6...","logger":"task.stdout"}
{"timestamp":"2026-02-09T14:25:33.168985Z","level":"info","event":"14 circuits found","logger":"task.stdout"}
{"timestamp":"2026-02-09T14:25:33.169425Z","level":"info","event":"Fetching circuits for 2021...","logger":"task.stdout"}
{"timestamp":"2026-02-09T14:25:54.880991Z","level":"info","event":"21 circuits found","logger":"task.stdout"}
{"timestamp":"2026-02-09T14:25:54.897549Z","level":"info","event":"Fetching circuits for 2022...","logger":"task.stdout"}
{"timestamp":"2026-02-09T14:25:55.548223Z","level":"info","event":"Rate limit hit! Waiting 34s before retry 1/6...","logger":"task.stdout"}
{"timestamp":"2026-02-09T14:26:29.771612Z","level":"info","event":"Rate limit hit! Waiting 62s before retry 2/6...","logger":"task.stdout"}
{"timestamp":"2026-02-09T14:27:31.911564Z","level":"info","event":"Rate limit hit! Waiting 92s before retry 3/6...","logger":"task.stdout"}
{"timestamp":"2026-02-09T14:29:05.028042Z","level":"info","event":"Rate limit hit! Waiting 124s before retry 4/6...","logger":"task.stdout"}
{"timestamp":"2026-02-09T14:31:09.975596Z","level":"info","event":"Rate limit hit! Waiting 154s before retry 5/6...","logger":"task.stdout"}
{"timestamp":"2026-02-09T14:33:44.895346Z","level":"info","event":"Rate limit hit! Waiting 183s before retry 6/6...","logger":"task.stdout"}
{"timestamp":"2026-02-09T14:36:48.864507Z","level":"error","event":"Task failed with exception","logger":"task","filename":"task_runner.py","lineno":1078,"error_detail":[{"exc_type":"HTTPError","exc_value":"Failed after 6 retries: https://api.jolpi.ca/ergast/f1/2022/circuits.json","exc_notes":[],"syntax_error":null,"is_cause":false,"frames":[{"filename":"/home/airflow/.local/lib/python3.12/site-packages/airflow/sdk/execution_time/task_runner.py","lineno":1004,"name":"run"},{"filename":"/home/airflow/.local/lib/python3.12/site-packages/airflow/sdk/execution_time/task_runner.py","lineno":1405,"name":"_execute_task"},{"filename":"/home/airflow/.local/lib/python3.12/site-packages/airflow/sdk/bases/operator.py","lineno":417,"name":"wrapper"},{"filename":"/home/airflow/.local/lib/python3.12/site-packages/airflow/providers/standard/operators/python.py","lineno":214,"name":"execute"},{"filename":"/home/airflow/.local/lib/python3.12/site-packages/airflow/providers/standard/operators/python.py","lineno":237,"name":"execute_callable"},{"filename":"/home/airflow/.local/lib/python3.12/site-packages/airflow/sdk/execution_time/callback_runner.py","lineno":82,"name":"run"},{"filename":"/opt/airflow/dags/api_etl/api_circuits_bronze_to_silver.py","lineno":170,"name":"backfill_dim_circuit"},{"filename":"/opt/airflow/dags/utils/scraper/circuit.py","lineno":74,"name":"scrape_circuits_range"},{"filename":"/opt/airflow/dags/utils/scraper/circuit.py","lineno":59,"name":"scrape_circuits_year"},{"filename":"/opt/airflow/dags/utils/scraper/circuit.py","lineno":53,"name":"_get"}],"is_group":false,"exceptions":[]}]}
{"timestamp":"2026-02-09T14:36:48.889856Z","level":"info","event":"Task instance in failure state","logger":"task.stdout"}
{"timestamp":"2026-02-09T14:36:48.890366Z","level":"info","event":"Task start","logger":"task.stdout"}
{"timestamp":"2026-02-09T14:36:48.894196Z","level":"info","event":"Task:<Task(PythonOperator): backfill_dim_circuit>","logger":"task.stdout"}
{"timestamp":"2026-02-09T14:36:48.894609Z","level":"info","event":"Failure caused by Failed after 6 retries: https://api.jolpi.ca/ergast/f1/2022/circuits.json","logger":"task.stdout"}
