{"timestamp":"2026-02-13T14:06:50.911757Z","level":"info","event":"DAG bundles loaded: dags-folder","logger":"airflow.dag_processing.bundles.manager.DagBundlesManager","filename":"manager.py","lineno":179}
{"timestamp":"2026-02-13T14:06:50.914041Z","level":"info","event":"Filling up the DagBag from /opt/airflow/dags/api_etl/api_results_bronze_to_silver.py","logger":"airflow.models.dagbag.DagBag","filename":"dagbag.py","lineno":593}
{"timestamp":"2026-02-13T14:06:51.334289Z","level":"info","event":"======================================================================","logger":"task.stdout"}
{"timestamp":"2026-02-13T14:06:51.334743Z","level":"info","event":"F1 RACE RESULTS BACKFILL: ERGAST API -> SILVER","logger":"task.stdout"}
{"timestamp":"2026-02-13T14:06:51.335011Z","level":"info","event":"======================================================================","logger":"task.stdout"}
{"timestamp":"2026-02-13T14:06:51.335271Z","level":"info","event":"","logger":"task.stdout"}
{"timestamp":"2026-02-13T14:06:51.335474Z","level":"info","event":"[STEP 1] Scraping API...","logger":"task.stdout"}
{"timestamp":"2026-02-13T14:06:51.335693Z","level":"info","event":"","logger":"task.stdout"}
{"timestamp":"2026-02-13T14:06:51.335926Z","level":"info","event":"======================================================================","logger":"task.stdout"}
{"timestamp":"2026-02-13T14:06:51.336140Z","level":"info","event":"SCRAPING RACE RESULTS FROM ERGAST API: 2024-2025","logger":"task.stdout"}
{"timestamp":"2026-02-13T14:06:51.336364Z","level":"info","event":"======================================================================","logger":"task.stdout"}
{"timestamp":"2026-02-13T14:06:51.336581Z","level":"info","event":"","logger":"task.stdout"}
{"timestamp":"2026-02-13T14:06:51.336783Z","level":"info","event":"Fetching race results for 2024...","logger":"task.stdout"}
{"timestamp":"2026-02-13T14:07:12.268714Z","level":"info","event":"100 results found across 6 races","logger":"task.stdout"}
{"timestamp":"2026-02-13T14:07:12.269174Z","level":"info","event":"Fetching race results for 2025...","logger":"task.stdout"}
{"timestamp":"2026-02-13T14:07:34.238782Z","level":"info","event":"100 results found across 5 races","logger":"task.stdout"}
{"timestamp":"2026-02-13T14:07:34.242833Z","level":"info","event":"","logger":"task.stdout"}
{"timestamp":"2026-02-13T14:07:34.243126Z","level":"info","event":"======================================================================","logger":"task.stdout"}
{"timestamp":"2026-02-13T14:07:34.243356Z","level":"info","event":"SCRAPING COMPLETE","logger":"task.stdout"}
{"timestamp":"2026-02-13T14:07:34.243714Z","level":"info","event":"Total records: 200","logger":"task.stdout"}
{"timestamp":"2026-02-13T14:07:34.243951Z","level":"info","event":"Years covered: 2024-2025","logger":"task.stdout"}
{"timestamp":"2026-02-13T14:07:34.244174Z","level":"info","event":"======================================================================","logger":"task.stdout"}
{"timestamp":"2026-02-13T14:07:34.244389Z","level":"info","event":"","logger":"task.stdout"}
{"timestamp":"2026-02-13T14:07:34.244613Z","level":"info","event":"API scraping complete: 200 result records","logger":"task.stdout"}
{"timestamp":"2026-02-13T14:07:34.244883Z","level":"info","event":"","logger":"task.stdout"}
{"timestamp":"2026-02-13T14:07:34.245237Z","level":"info","event":"[STEP 2] Transforming to Silver schema...","logger":"task.stdout"}
{"timestamp":"2026-02-13T14:07:34.245458Z","level":"info","event":"Transforming API data to Silver schema...","logger":"task.stdout"}
{"timestamp":"2026-02-13T14:07:34.257036Z","level":"info","event":"Sorted by year + round + position for stable result_id generation","logger":"task.stdout"}
{"timestamp":"2026-02-13T14:07:34.258954Z","level":"info","event":"Generated result_id: 10000001 - 10000200","logger":"task.stdout"}
{"timestamp":"2026-02-13T14:07:34.269237Z","level":"info","event":"Transformed 200 results to Silver schema","logger":"task.stdout"}
{"timestamp":"2026-02-13T14:07:34.269582Z","level":"info","event":"Source: api","logger":"task.stdout"}
{"timestamp":"2026-02-13T14:07:34.269896Z","level":"info","event":"result_id range: 10000001 - 10000200","logger":"task.stdout"}
{"timestamp":"2026-02-13T14:07:34.270099Z","level":"info","event":"Transformation complete: 200 results","logger":"task.stdout"}
{"timestamp":"2026-02-13T14:07:34.270332Z","level":"info","event":"result_id range: 10000001 - 10000200","logger":"task.stdout"}
{"timestamp":"2026-02-13T14:07:34.270657Z","level":"info","event":"","logger":"task.stdout"}
{"timestamp":"2026-02-13T14:07:34.271468Z","level":"info","event":"[STEP 3] Loading dimensions for FK resolution...","logger":"task.stdout"}
{"timestamp":"2026-02-13T14:07:34.300258Z","level":"info","event":" Downloaded dimensions/dim_driver/dim_driver.parquet (81 rows)","logger":"task.stdout"}
{"timestamp":"2026-02-13T14:07:34.306147Z","level":"info","event":" Downloaded dimensions/dim_constructor/dim_constructor.parquet (21 rows)","logger":"task.stdout"}
{"timestamp":"2026-02-13T14:07:34.316720Z","level":"info","event":" Downloaded dimensions/dim_race/dim_race.parquet (280 rows)","logger":"task.stdout"}
{"timestamp":"2026-02-13T14:07:34.322175Z","level":"info","event":" Downloaded dimensions/dim_time/dim_time.parquet (6940 rows)","logger":"task.stdout"}
{"timestamp":"2026-02-13T14:07:34.322950Z","level":"info","event":"Loaded dimensions:","logger":"task.stdout"}
{"timestamp":"2026-02-13T14:07:34.324697Z","level":"info","event":"  - dim_driver: 81 drivers","logger":"task.stdout"}
{"timestamp":"2026-02-13T14:07:34.325523Z","level":"info","event":"  - dim_constructor: 21 constructors","logger":"task.stdout"}
{"timestamp":"2026-02-13T14:07:34.325790Z","level":"info","event":"  - dim_race: 280 races","logger":"task.stdout"}
{"timestamp":"2026-02-13T14:07:34.325995Z","level":"info","event":"  - dim_time: 6,940 dates","logger":"task.stdout"}
{"timestamp":"2026-02-13T14:07:34.326196Z","level":"info","event":"","logger":"task.stdout"}
{"timestamp":"2026-02-13T14:07:34.326397Z","level":"info","event":"[STEP 4] Resolving foreign keys...","logger":"task.stdout"}
{"timestamp":"2026-02-13T14:07:34.339731Z","level":"info","event":"Created lookup dictionaries:","logger":"task.stdout"}
{"timestamp":"2026-02-13T14:07:34.340326Z","level":"info","event":"  - driver_ref -> driver_key: 81 entries","logger":"task.stdout"}
{"timestamp":"2026-02-13T14:07:34.343761Z","level":"info","event":"  - constructor_ref -> constructor_key: 21 entries","logger":"task.stdout"}
{"timestamp":"2026-02-13T14:07:34.344292Z","level":"info","event":"  - race_year+race_round -> race_key: 280 entries","logger":"task.stdout"}
{"timestamp":"2026-02-13T14:07:34.346765Z","level":"info","event":"  - race_date -> time_key: 6940 entries","logger":"task.stdout"}
{"timestamp":"2026-02-13T14:07:34.368651Z","level":"info","event":"All FKs resolved successfully","logger":"task.stdout"}
{"timestamp":"2026-02-13T14:07:34.369774Z","level":"info","event":"","logger":"task.stdout"}
{"timestamp":"2026-02-13T14:07:34.370720Z","level":"info","event":"[STEP 5] Loading existing Silver data...","logger":"task.stdout"}
{"timestamp":"2026-02-13T14:07:34.371888Z","level":"info","event":"Error reading facts/fact_race_results/year=2024/data.parquet: S3 operation failed; code: NoSuchKey, message: The specified key does not exist., resource: /f1-silver/facts/fact_race_results/year=2024/data.parquet, request_id: 1893D386CAA722C5, host_id: dd9025bab4ad464b049177c95eb6ebf374d3b3fd1af9251148b658df7ac2e3e8, bucket_name: f1-silver, object_name: facts/fact_race_results/year=2024/data.parquet","logger":"task.stdout"}
{"timestamp":"2026-02-13T14:07:34.372228Z","level":"info","event":"Error reading facts/fact_race_results/year=2025/data.parquet: S3 operation failed; code: NoSuchKey, message: The specified key does not exist., resource: /f1-silver/facts/fact_race_results/year=2025/data.parquet, request_id: 1893D386CAC3BB20, host_id: dd9025bab4ad464b049177c95eb6ebf374d3b3fd1af9251148b658df7ac2e3e8, bucket_name: f1-silver, object_name: facts/fact_race_results/year=2025/data.parquet","logger":"task.stdout"}
{"timestamp":"2026-02-13T14:07:34.372820Z","level":"info","event":"No existing Silver data found (first run)","logger":"task.stdout"}
{"timestamp":"2026-02-13T14:07:34.373166Z","level":"info","event":"","logger":"task.stdout"}
{"timestamp":"2026-02-13T14:07:34.376861Z","level":"info","event":"[STEP 6] Merging API data with existing Silver...","logger":"task.stdout"}
{"timestamp":"2026-02-13T14:07:34.379078Z","level":"info","event":"","logger":"task.stdout"}
{"timestamp":"2026-02-13T14:07:34.381369Z","level":"info","event":"  Merge Configuration:","logger":"task.stdout"}
{"timestamp":"2026-02-13T14:07:34.381753Z","level":"info","event":"Existing results: 0","logger":"task.stdout"}
{"timestamp":"2026-02-13T14:07:34.381960Z","level":"info","event":"New API results: 200","logger":"task.stdout"}
{"timestamp":"2026-02-13T14:07:34.382147Z","level":"info","event":"Merge key: result_id (PRIMARY natural key)","logger":"task.stdout"}
{"timestamp":"2026-02-13T14:07:34.382332Z","level":"info","event":"CSV priority: YES (skip API for CSV results)","logger":"task.stdout"}
{"timestamp":"2026-02-13T14:07:34.385108Z","level":"info","event":"","logger":"task.stdout"}
{"timestamp":"2026-02-13T14:07:34.385511Z","level":"info","event":" FIRST RUN: No existing data, adding all API results","logger":"task.stdout"}
{"timestamp":"2026-02-13T14:07:34.385847Z","level":"info","event":"Generated result_key: 1-200","logger":"task.stdout"}
{"timestamp":"2026-02-13T14:07:34.386112Z","level":"info","event":"result_id already set: 10000001-10000200","logger":"task.stdout"}
{"timestamp":"2026-02-13T14:07:34.386352Z","level":"info","event":"Merge complete: 200 total results","logger":"task.stdout"}
{"timestamp":"2026-02-13T14:07:34.386549Z","level":"info","event":"","logger":"task.stdout"}
{"timestamp":"2026-02-13T14:07:34.386797Z","level":"info","event":"[STEP 7] Writing to Silver layer (partitioned by year)...","logger":"task.stdout"}
{"timestamp":"2026-02-13T14:07:34.391271Z","level":"info","event":" Uploaded facts/fact_race_results/year=2024/data.parquet (100 rows)","logger":"task.stdout"}
{"timestamp":"2026-02-13T14:07:34.394133Z","level":"info","event":"  Year 2024: 100 results written","logger":"task.stdout"}
{"timestamp":"2026-02-13T14:07:34.400102Z","level":"info","event":" Uploaded facts/fact_race_results/year=2025/data.parquet (100 rows)","logger":"task.stdout"}
{"timestamp":"2026-02-13T14:07:34.400534Z","level":"info","event":"  Year 2025: 100 results written","logger":"task.stdout"}
{"timestamp":"2026-02-13T14:07:34.400783Z","level":"info","event":"Written to: s3://f1-silver/facts/fact_race_results/year=*/data.parquet","logger":"task.stdout"}
{"timestamp":"2026-02-13T14:07:34.400988Z","level":"info","event":"","logger":"task.stdout"}
{"timestamp":"2026-02-13T14:07:34.401183Z","level":"info","event":"======================================================================","logger":"task.stdout"}
{"timestamp":"2026-02-13T14:07:34.401384Z","level":"info","event":"BACKFILL SUMMARY","logger":"task.stdout"}
{"timestamp":"2026-02-13T14:07:34.401609Z","level":"info","event":"======================================================================","logger":"task.stdout"}
{"timestamp":"2026-02-13T14:07:34.401844Z","level":"info","event":"  Existing results in Silver: 0","logger":"task.stdout"}
{"timestamp":"2026-02-13T14:07:34.402055Z","level":"info","event":"  API results scraped: 200","logger":"task.stdout"}
{"timestamp":"2026-02-13T14:07:34.402226Z","level":"info","event":"  Final result count: 200","logger":"task.stdout"}
{"timestamp":"2026-02-13T14:07:34.402442Z","level":"info","event":"  New results added: 200","logger":"task.stdout"}
{"timestamp":"2026-02-13T14:07:34.402795Z","level":"info","event":"","logger":"task.stdout"}
{"timestamp":"2026-02-13T14:07:34.403005Z","level":"info","event":"  Final source breakdown:","logger":"task.stdout"}
{"timestamp":"2026-02-13T14:07:34.403264Z","level":"info","event":"    api            : 200","logger":"task.stdout"}
{"timestamp":"2026-02-13T14:07:34.404715Z","level":"info","event":"","logger":"task.stdout"}
{"timestamp":"2026-02-13T14:07:34.405130Z","level":"info","event":"  result_id ranges:","logger":"task.stdout"}
{"timestamp":"2026-02-13T14:07:34.405498Z","level":"info","event":"    api            : 10000001 - 10000200","logger":"task.stdout"}
{"timestamp":"2026-02-13T14:07:34.406203Z","level":"info","event":"======================================================================","logger":"task.stdout"}
{"timestamp":"2026-02-13T14:07:34.479787Z","level":"info","event":"Done. Returned value was: {'existing_count': 0, 'api_scraped': 200, 'final_count': 200, 'new_results_added': 200}","logger":"airflow.task.operators.airflow.providers.standard.operators.python.PythonOperator","filename":"python.py","lineno":216}
{"timestamp":"2026-02-13T14:07:34.480137Z","level":"info","event":"Pushing xcom","ti":"RuntimeTaskInstance(id=UUID('019c5753-681c-708e-8353-1c1b87520817'), task_id='backfill_fact_race_results', dag_id='api_results_bronze_to_silver', run_id='manual__2026-02-13T14:06:49.735760+00:00', try_number=1, dag_version_id=UUID('019c4cbe-e291-76f5-ae42-bd3f3666cd2c'), map_index=-1, hostname='6dc0edc1fac9', context_carrier={}, task=<Task(PythonOperator): backfill_fact_race_results>, bundle_instance=LocalDagBundle(name=dags-folder), max_tries=2, start_date=datetime.datetime(2026, 2, 13, 14, 6, 50, 845879, tzinfo=datetime.timezone.utc), end_date=None, state=<TaskInstanceState.RUNNING: 'running'>, is_mapped=False, rendered_map_index=None)","logger":"task","filename":"task_runner.py","lineno":1450}
