{"timestamp":"2026-02-09T10:24:00.794489Z","level":"info","event":"DAG bundles loaded: dags-folder, example_dags","logger":"airflow.dag_processing.bundles.manager.DagBundlesManager","filename":"manager.py","lineno":179}
{"timestamp":"2026-02-09T10:24:00.795497Z","level":"info","event":"Filling up the DagBag from /opt/airflow/dags/api_etl/api_circuits_bronze_to_silver.py","logger":"airflow.models.dagbag.DagBag","filename":"dagbag.py","lineno":593}
{"timestamp":"2026-02-09T10:24:01.007663Z","level":"info","event":"Task instance is in running state","logger":"task.stdout"}
{"timestamp":"2026-02-09T10:24:01.009091Z","level":"info","event":" Previous state of the Task instance: TaskInstanceState.QUEUED","logger":"task.stdout"}
{"timestamp":"2026-02-09T10:24:01.009468Z","level":"info","event":"Current task name:backfill_dim_constructor","logger":"task.stdout"}
{"timestamp":"2026-02-09T10:24:01.009703Z","level":"info","event":"Dag name:api_circuits_bronze_to_silver","logger":"task.stdout"}
{"timestamp":"2026-02-09T10:24:01.009963Z","level":"info","event":"======================================================================","logger":"task.stdout"}
{"timestamp":"2026-02-09T10:24:01.010153Z","level":"info","event":"F1 CIRCUIT BACKFILL: ERGAST API → SILVER","logger":"task.stdout"}
{"timestamp":"2026-02-09T10:24:01.010342Z","level":"info","event":"======================================================================","logger":"task.stdout"}
{"timestamp":"2026-02-09T10:24:01.010715Z","level":"info","event":"","logger":"task.stdout"}
{"timestamp":"2026-02-09T10:24:01.010940Z","level":"info","event":"[STEP 1] Scraping API...","logger":"task.stdout"}
{"timestamp":"2026-02-09T10:24:01.011147Z","level":"info","event":"","logger":"task.stdout"}
{"timestamp":"2026-02-09T10:24:01.011346Z","level":"info","event":"======================================================================","logger":"task.stdout"}
{"timestamp":"2026-02-09T10:24:01.011576Z","level":"info","event":"SCRAPING CIRCUITS FROM API: 2011-2025","logger":"task.stdout"}
{"timestamp":"2026-02-09T10:24:01.011775Z","level":"info","event":"======================================================================","logger":"task.stdout"}
{"timestamp":"2026-02-09T10:24:01.011969Z","level":"info","event":"","logger":"task.stdout"}
{"timestamp":"2026-02-09T10:24:01.012165Z","level":"info","event":"Fetching circuits for 2011...","logger":"task.stdout"}
{"timestamp":"2026-02-09T10:24:13.310018Z","level":"info","event":"19 circuits found","logger":"task.stdout"}
{"timestamp":"2026-02-09T10:24:13.310682Z","level":"info","event":"Fetching circuits for 2012...","logger":"task.stdout"}
{"timestamp":"2026-02-09T10:24:26.255292Z","level":"info","event":"20 circuits found","logger":"task.stdout"}
{"timestamp":"2026-02-09T10:24:26.255735Z","level":"info","event":"Fetching circuits for 2013...","logger":"task.stdout"}
{"timestamp":"2026-02-09T10:24:38.241361Z","level":"info","event":"19 circuits found","logger":"task.stdout"}
{"timestamp":"2026-02-09T10:24:38.241801Z","level":"info","event":"Fetching circuits for 2014...","logger":"task.stdout"}
{"timestamp":"2026-02-09T10:24:49.111445Z","level":"info","event":"19 circuits found","logger":"task.stdout"}
{"timestamp":"2026-02-09T10:24:49.111808Z","level":"info","event":"Fetching circuits for 2015...","logger":"task.stdout"}
{"timestamp":"2026-02-09T10:25:00.760267Z","level":"info","event":"19 circuits found","logger":"task.stdout"}
{"timestamp":"2026-02-09T10:25:00.760988Z","level":"info","event":"Fetching circuits for 2016...","logger":"task.stdout"}
{"timestamp":"2026-02-09T10:25:14.410802Z","level":"info","event":"21 circuits found","logger":"task.stdout"}
{"timestamp":"2026-02-09T10:25:14.411176Z","level":"info","event":"Fetching circuits for 2017...","logger":"task.stdout"}
{"timestamp":"2026-02-09T10:25:26.864840Z","level":"info","event":"20 circuits found","logger":"task.stdout"}
{"timestamp":"2026-02-09T10:25:26.865256Z","level":"info","event":"Fetching circuits for 2018...","logger":"task.stdout"}
{"timestamp":"2026-02-09T10:25:38.904284Z","level":"info","event":"21 circuits found","logger":"task.stdout"}
{"timestamp":"2026-02-09T10:25:38.904974Z","level":"info","event":"Fetching circuits for 2019...","logger":"task.stdout"}
{"timestamp":"2026-02-09T10:25:53.682523Z","level":"info","event":"21 circuits found","logger":"task.stdout"}
{"timestamp":"2026-02-09T10:25:53.682910Z","level":"info","event":"Fetching circuits for 2020...","logger":"task.stdout"}
{"timestamp":"2026-02-09T10:26:04.547185Z","level":"info","event":"14 circuits found","logger":"task.stdout"}
{"timestamp":"2026-02-09T10:26:04.547703Z","level":"info","event":"Fetching circuits for 2021...","logger":"task.stdout"}
{"timestamp":"2026-02-09T10:26:18.335134Z","level":"info","event":"21 circuits found","logger":"task.stdout"}
{"timestamp":"2026-02-09T10:26:18.335759Z","level":"info","event":"Fetching circuits for 2022...","logger":"task.stdout"}
{"timestamp":"2026-02-09T10:26:30.963695Z","level":"info","event":"22 circuits found","logger":"task.stdout"}
{"timestamp":"2026-02-09T10:26:30.964271Z","level":"info","event":"Fetching circuits for 2023...","logger":"task.stdout"}
{"timestamp":"2026-02-09T10:26:43.373743Z","level":"info","event":"22 circuits found","logger":"task.stdout"}
{"timestamp":"2026-02-09T10:26:43.374373Z","level":"info","event":"Fetching circuits for 2024...","logger":"task.stdout"}
{"timestamp":"2026-02-09T10:26:55.812039Z","level":"info","event":"24 circuits found","logger":"task.stdout"}
{"timestamp":"2026-02-09T10:26:55.812438Z","level":"info","event":"Fetching circuits for 2025...","logger":"task.stdout"}
{"timestamp":"2026-02-09T10:27:06.390357Z","level":"info","event":"24 circuits found","logger":"task.stdout"}
{"timestamp":"2026-02-09T10:27:06.395322Z","level":"info","event":"","logger":"task.stdout"}
{"timestamp":"2026-02-09T10:27:06.395776Z","level":"info","event":"======================================================================","logger":"task.stdout"}
{"timestamp":"2026-02-09T10:27:06.396162Z","level":"info","event":"SCRAPING COMPLETE","logger":"task.stdout"}
{"timestamp":"2026-02-09T10:27:06.396523Z","level":"info","event":"Total records: 306","logger":"task.stdout"}
{"timestamp":"2026-02-09T10:27:06.397049Z","level":"info","event":"Unique constructors (by circuitId): 35","logger":"task.stdout"}
{"timestamp":"2026-02-09T10:27:06.397479Z","level":"info","event":"Years covered: 2011-2025","logger":"task.stdout"}
{"timestamp":"2026-02-09T10:27:06.397841Z","level":"info","event":"======================================================================","logger":"task.stdout"}
{"timestamp":"2026-02-09T10:27:06.398251Z","level":"info","event":"","logger":"task.stdout"}
{"timestamp":"2026-02-09T10:27:06.398695Z","level":"info","event":"API scraping complete: 306 circuit records","logger":"task.stdout"}
{"timestamp":"2026-02-09T10:27:06.399055Z","level":"info","event":"","logger":"task.stdout"}
{"timestamp":"2026-02-09T10:27:06.399403Z","level":"info","event":"[STEP 2] Transforming to Silver schema...","logger":"task.stdout"}
{"timestamp":"2026-02-09T10:27:06.401030Z","level":"info","event":"Transforming API data to Silver schema...","logger":"task.stdout"}
{"timestamp":"2026-02-09T10:27:06.401358Z","level":"info","event":"Deduplication: 306 records → 35 unique constructors","logger":"task.stdout"}
{"timestamp":"2026-02-09T10:27:06.401613Z","level":"info","event":"Sorted by circuitId for stable circuit_id generation","logger":"task.stdout"}
{"timestamp":"2026-02-09T10:27:06.401898Z","level":"info","event":"Transformed 35 circuits to Silver schema","logger":"task.stdout"}
{"timestamp":"2026-02-09T10:27:06.402120Z","level":"info","event":"Source: api","logger":"task.stdout"}
{"timestamp":"2026-02-09T10:27:06.402434Z","level":"info","event":"circuit_id range: 10001 - 10035","logger":"task.stdout"}
{"timestamp":"2026-02-09T10:27:06.402714Z","level":"info","event":"Transformation complete: 35 unique constructors","logger":"task.stdout"}
{"timestamp":"2026-02-09T10:27:06.402972Z","level":"info","event":"circuit_id range: 10001 - 10035","logger":"task.stdout"}
{"timestamp":"2026-02-09T10:27:06.403195Z","level":"info","event":"","logger":"task.stdout"}
{"timestamp":"2026-02-09T10:27:06.403461Z","level":"info","event":"[STEP 3] Loading existing Silver data...","logger":"task.stdout"}
{"timestamp":"2026-02-09T10:27:06.429002Z","level":"info","event":" Downloaded dimensions/dim_circuit/dim_circuit.parquet (34 rows)","logger":"task.stdout"}
{"timestamp":"2026-02-09T10:27:06.429483Z","level":"info","event":"Loaded 34 existing circuits from Silver","logger":"task.stdout"}
{"timestamp":"2026-02-09T10:27:06.429973Z","level":"info","event":"Existing sources: {'f1_data.csv': 34}","logger":"task.stdout"}
{"timestamp":"2026-02-09T10:27:06.430448Z","level":"info","event":"CSV circuit_id range: 1 - 79","logger":"task.stdout"}
{"timestamp":"2026-02-09T10:27:06.430806Z","level":"info","event":"","logger":"task.stdout"}
{"timestamp":"2026-02-09T10:27:06.431180Z","level":"info","event":"[STEP 4] Merging API data with existing Silver...","logger":"task.stdout"}
{"timestamp":"2026-02-09T10:27:06.431587Z","level":"info","event":"","logger":"task.stdout"}
{"timestamp":"2026-02-09T10:27:06.432220Z","level":"info","event":"  Merge Configuration:","logger":"task.stdout"}
{"timestamp":"2026-02-09T10:27:06.432607Z","level":"info","event":"Existing constructors: 34","logger":"task.stdout"}
{"timestamp":"2026-02-09T10:27:06.433005Z","level":"info","event":"New API constructors: 35","logger":"task.stdout"}
{"timestamp":"2026-02-09T10:27:06.433371Z","level":"info","event":"Merge key: constructor_ref (PRIMARY natural key)","logger":"task.stdout"}
{"timestamp":"2026-02-09T10:27:06.433579Z","level":"info","event":"CSV priority: YES (skip API for CSV constructors)","logger":"task.stdout"}
{"timestamp":"2026-02-09T10:27:06.433922Z","level":"info","event":"","logger":"task.stdout"}
{"timestamp":"2026-02-09T10:27:06.434272Z","level":"info","event":"  Current max circuit_key: 34","logger":"task.stdout"}
{"timestamp":"2026-02-09T10:27:06.434671Z","level":"info","event":"","logger":"task.stdout"}
{"timestamp":"2026-02-09T10:27:06.435046Z","level":"info","event":"  Processing 35 API constructors:","logger":"task.stdout"}
{"timestamp":"2026-02-09T10:27:06.435514Z","level":"info","event":"","logger":"task.stdout"}
{"timestamp":"2026-02-09T10:27:06.435916Z","level":"info","event":"SKIP: albert_park          (CSV priority)","logger":"task.stdout"}
{"timestamp":"2026-02-09T10:27:06.436301Z","level":"info","event":"SKIP: americas             (CSV priority)","logger":"task.stdout"}
{"timestamp":"2026-02-09T10:27:06.436732Z","level":"info","event":"SKIP: bahrain              (CSV priority)","logger":"task.stdout"}
{"timestamp":"2026-02-09T10:27:06.437277Z","level":"info","event":"SKIP: baku                 (CSV priority)","logger":"task.stdout"}
{"timestamp":"2026-02-09T10:27:06.437683Z","level":"info","event":"SKIP: buddh                (CSV priority)","logger":"task.stdout"}
{"timestamp":"2026-02-09T10:27:06.438082Z","level":"info","event":"SKIP: catalunya            (CSV priority)","logger":"task.stdout"}
{"timestamp":"2026-02-09T10:27:06.440302Z","level":"info","event":"SKIP: hockenheimring       (CSV priority)","logger":"task.stdout"}
{"timestamp":"2026-02-09T10:27:06.441510Z","level":"info","event":"SKIP: hungaroring          (CSV priority)","logger":"task.stdout"}
{"timestamp":"2026-02-09T10:27:06.442349Z","level":"info","event":"SKIP: imola                (CSV priority)","logger":"task.stdout"}
{"timestamp":"2026-02-09T10:27:06.443191Z","level":"info","event":"SKIP: interlagos           (CSV priority)","logger":"task.stdout"}
{"timestamp":"2026-02-09T10:27:06.443872Z","level":"info","event":"SKIP: istanbul             (CSV priority)","logger":"task.stdout"}
{"timestamp":"2026-02-09T10:27:06.444496Z","level":"info","event":"SKIP: jeddah               (CSV priority)","logger":"task.stdout"}
{"timestamp":"2026-02-09T10:27:06.445145Z","level":"info","event":"SKIP: losail               (CSV priority)","logger":"task.stdout"}
{"timestamp":"2026-02-09T10:27:06.445657Z","level":"info","event":"SKIP: marina_bay           (CSV priority)","logger":"task.stdout"}
{"timestamp":"2026-02-09T10:27:06.446172Z","level":"info","event":"SKIP: miami                (CSV priority)","logger":"task.stdout"}
{"timestamp":"2026-02-09T10:27:06.446654Z","level":"info","event":"SKIP: monaco               (CSV priority)","logger":"task.stdout"}
{"timestamp":"2026-02-09T10:27:06.447221Z","level":"info","event":"SKIP: monza                (CSV priority)","logger":"task.stdout"}
{"timestamp":"2026-02-09T10:27:06.447750Z","level":"info","event":"SKIP: mugello              (CSV priority)","logger":"task.stdout"}
{"timestamp":"2026-02-09T10:27:06.448621Z","level":"info","event":"SKIP: nurburgring          (CSV priority)","logger":"task.stdout"}
{"timestamp":"2026-02-09T10:27:06.449255Z","level":"info","event":"SKIP: portimao             (CSV priority)","logger":"task.stdout"}
{"timestamp":"2026-02-09T10:27:06.449969Z","level":"info","event":"SKIP: red_bull_ring        (CSV priority)","logger":"task.stdout"}
{"timestamp":"2026-02-09T10:27:06.450586Z","level":"info","event":"SKIP: ricard               (CSV priority)","logger":"task.stdout"}
{"timestamp":"2026-02-09T10:27:06.451223Z","level":"info","event":"SKIP: rodriguez            (CSV priority)","logger":"task.stdout"}
{"timestamp":"2026-02-09T10:27:06.451801Z","level":"info","event":"SKIP: sepang               (CSV priority)","logger":"task.stdout"}
{"timestamp":"2026-02-09T10:27:06.452346Z","level":"info","event":"SKIP: shanghai             (CSV priority)","logger":"task.stdout"}
{"timestamp":"2026-02-09T10:27:06.452904Z","level":"info","event":"SKIP: silverstone          (CSV priority)","logger":"task.stdout"}
{"timestamp":"2026-02-09T10:27:06.453468Z","level":"info","event":"SKIP: sochi                (CSV priority)","logger":"task.stdout"}
{"timestamp":"2026-02-09T10:27:06.454009Z","level":"info","event":"SKIP: spa                  (CSV priority)","logger":"task.stdout"}
{"timestamp":"2026-02-09T10:27:06.454578Z","level":"info","event":"SKIP: suzuka               (CSV priority)","logger":"task.stdout"}
{"timestamp":"2026-02-09T10:27:06.455906Z","level":"info","event":"SKIP: valencia             (CSV priority)","logger":"task.stdout"}
{"timestamp":"2026-02-09T10:27:06.456258Z","level":"info","event":"ADD: vegas                (new circuit from API, circuit_id10031)","logger":"task.stdout"}
{"timestamp":"2026-02-09T10:27:06.459587Z","level":"info","event":"SKIP: villeneuve           (CSV priority)","logger":"task.stdout"}
{"timestamp":"2026-02-09T10:27:06.460104Z","level":"info","event":"SKIP: yas_marina           (CSV priority)","logger":"task.stdout"}
{"timestamp":"2026-02-09T10:27:06.460557Z","level":"info","event":"SKIP: yeongam              (CSV priority)","logger":"task.stdout"}
{"timestamp":"2026-02-09T10:27:06.461056Z","level":"info","event":"SKIP: zandvoort            (CSV priority)","logger":"task.stdout"}
{"timestamp":"2026-02-09T10:27:06.461416Z","level":"info","event":"Merge complete: 35 total constructors","logger":"task.stdout"}
{"timestamp":"2026-02-09T10:27:06.461728Z","level":"info","event":"","logger":"task.stdout"}
{"timestamp":"2026-02-09T10:27:06.462022Z","level":"info","event":"[STEP 5] Writing to Silver layer...","logger":"task.stdout"}
{"timestamp":"2026-02-09T10:27:06.462602Z","level":"info","event":"❌ Error uploading dimensions/dim_circuit/dim_circuit.parquet: (\"Could not convert '36.1147' with type str: tried to convert to double\", 'Conversion failed for column circuit_latitude with type object')","logger":"task.stdout"}
{"timestamp":"2026-02-09T10:27:06.462714Z","level":"error","event":"Task failed with exception","logger":"task","filename":"task_runner.py","lineno":1078,"error_detail":[{"exc_type":"ArrowInvalid","exc_value":"(\"Could not convert '36.1147' with type str: tried to convert to double\", 'Conversion failed for column circuit_latitude with type object')","exc_notes":[],"syntax_error":null,"is_cause":false,"frames":[{"filename":"/home/airflow/.local/lib/python3.12/site-packages/airflow/sdk/execution_time/task_runner.py","lineno":1004,"name":"run"},{"filename":"/home/airflow/.local/lib/python3.12/site-packages/airflow/sdk/execution_time/task_runner.py","lineno":1405,"name":"_execute_task"},{"filename":"/home/airflow/.local/lib/python3.12/site-packages/airflow/sdk/bases/operator.py","lineno":417,"name":"wrapper"},{"filename":"/home/airflow/.local/lib/python3.12/site-packages/airflow/providers/standard/operators/python.py","lineno":214,"name":"execute"},{"filename":"/home/airflow/.local/lib/python3.12/site-packages/airflow/providers/standard/operators/python.py","lineno":237,"name":"execute_callable"},{"filename":"/home/airflow/.local/lib/python3.12/site-packages/airflow/sdk/execution_time/callback_runner.py","lineno":82,"name":"run"},{"filename":"/opt/airflow/dags/api_etl/api_circuits_bronze_to_silver.py","lineno":241,"name":"backfill_dim_circuit"},{"filename":"/opt/airflow/dags/utils/s3_helper.py","lineno":23,"name":"upload_parquet"},{"filename":"/opt/airflow/pyarrow/table.pxi","lineno":4751,"name":"pyarrow.lib.Table.from_pandas"},{"filename":"/home/airflow/.local/lib/python3.12/site-packages/pyarrow/pandas_compat.py","lineno":625,"name":"dataframe_to_arrays"},{"filename":"/home/airflow/.local/lib/python3.12/site-packages/pyarrow/pandas_compat.py","lineno":612,"name":"convert_column"},{"filename":"/home/airflow/.local/lib/python3.12/site-packages/pyarrow/pandas_compat.py","lineno":606,"name":"convert_column"},{"filename":"/opt/airflow/pyarrow/array.pxi","lineno":360,"name":"pyarrow.lib.array"},{"filename":"/opt/airflow/pyarrow/array.pxi","lineno":87,"name":"pyarrow.lib._ndarray_to_array"},{"filename":"/opt/airflow/pyarrow/error.pxi","lineno":92,"name":"pyarrow.lib.check_status"}],"is_group":false,"exceptions":[]}]}
{"timestamp":"2026-02-09T10:27:06.481202Z","level":"info","event":"Task instance in failure state","logger":"task.stdout"}
{"timestamp":"2026-02-09T10:27:06.481731Z","level":"info","event":"Task start","logger":"task.stdout"}
{"timestamp":"2026-02-09T10:27:06.495318Z","level":"info","event":"Task:<Task(PythonOperator): backfill_dim_constructor>","logger":"task.stdout"}
{"timestamp":"2026-02-09T10:27:06.495694Z","level":"info","event":"Failure caused by (\"Could not convert '36.1147' with type str: tried to convert to double\", 'Conversion failed for column circuit_latitude with type object')","logger":"task.stdout"}
