{"timestamp":"2026-02-11T14:39:04.072807Z","level":"info","event":"DAG bundles loaded: dags-folder","logger":"airflow.dag_processing.bundles.manager.DagBundlesManager","filename":"manager.py","lineno":179}
{"timestamp":"2026-02-11T14:39:04.074091Z","level":"info","event":"Filling up the DagBag from /opt/airflow/dags/api_etl/api_constructors_bronze_to_silver.py","logger":"airflow.models.dagbag.DagBag","filename":"dagbag.py","lineno":593}
{"timestamp":"2026-02-11T14:39:05.010949Z","level":"info","event":"======================================================================","logger":"task.stdout"}
{"timestamp":"2026-02-11T14:39:05.011281Z","level":"info","event":"F1 CONSTRUCTOR BACKFILL: ERGAST API → SILVER","logger":"task.stdout"}
{"timestamp":"2026-02-11T14:39:05.011491Z","level":"info","event":"======================================================================","logger":"task.stdout"}
{"timestamp":"2026-02-11T14:39:05.025491Z","level":"info","event":"","logger":"task.stdout"}
{"timestamp":"2026-02-11T14:39:05.025838Z","level":"info","event":"[STEP 1] Scraping API...","logger":"task.stdout"}
{"timestamp":"2026-02-11T14:39:05.026071Z","level":"info","event":"","logger":"task.stdout"}
{"timestamp":"2026-02-11T14:39:05.026282Z","level":"info","event":"======================================================================","logger":"task.stdout"}
{"timestamp":"2026-02-11T14:39:05.026483Z","level":"info","event":"SCRAPING CONSTRUCTORS FROM API: 2024-2025","logger":"task.stdout"}
{"timestamp":"2026-02-11T14:39:05.026670Z","level":"info","event":"======================================================================","logger":"task.stdout"}
{"timestamp":"2026-02-11T14:39:05.026853Z","level":"info","event":"","logger":"task.stdout"}
{"timestamp":"2026-02-11T14:39:05.027038Z","level":"info","event":"Fetching constructors for 2024...","logger":"task.stdout"}
{"timestamp":"2026-02-11T14:39:28.112276Z","level":"info","event":"10 constructors found","logger":"task.stdout"}
{"timestamp":"2026-02-11T14:39:28.112749Z","level":"info","event":"Fetching constructors for 2025...","logger":"task.stdout"}
{"timestamp":"2026-02-11T14:39:49.685894Z","level":"info","event":"10 constructors found","logger":"task.stdout"}
{"timestamp":"2026-02-11T14:39:49.687405Z","level":"info","event":"","logger":"task.stdout"}
{"timestamp":"2026-02-11T14:39:49.687857Z","level":"info","event":"======================================================================","logger":"task.stdout"}
{"timestamp":"2026-02-11T14:39:49.688225Z","level":"info","event":"SCRAPING COMPLETE","logger":"task.stdout"}
{"timestamp":"2026-02-11T14:39:49.688745Z","level":"info","event":"Total records: 20","logger":"task.stdout"}
{"timestamp":"2026-02-11T14:39:49.691174Z","level":"info","event":"Unique constructors (by constructorId): 10","logger":"task.stdout"}
{"timestamp":"2026-02-11T14:39:49.691634Z","level":"info","event":"Years covered: 2024-2025","logger":"task.stdout"}
{"timestamp":"2026-02-11T14:39:49.693978Z","level":"info","event":"======================================================================","logger":"task.stdout"}
{"timestamp":"2026-02-11T14:39:49.695269Z","level":"info","event":"","logger":"task.stdout"}
{"timestamp":"2026-02-11T14:39:49.696395Z","level":"info","event":"API scraping complete: 20 constructor records","logger":"task.stdout"}
{"timestamp":"2026-02-11T14:39:49.696782Z","level":"info","event":"","logger":"task.stdout"}
{"timestamp":"2026-02-11T14:39:49.697070Z","level":"info","event":"[STEP 2] Transforming to Silver schema...","logger":"task.stdout"}
{"timestamp":"2026-02-11T14:39:49.697440Z","level":"info","event":"Transforming API data to Silver schema...","logger":"task.stdout"}
{"timestamp":"2026-02-11T14:39:49.697747Z","level":"info","event":"Deduplication: 20 records → 10 unique constructors","logger":"task.stdout"}
{"timestamp":"2026-02-11T14:39:49.698552Z","level":"info","event":"Sorted by constructorId (alphabetically) for stable constructor_id generation","logger":"task.stdout"}
{"timestamp":"2026-02-11T14:39:49.699036Z","level":"info","event":"Generated constructor_id: 10001 - 10010","logger":"task.stdout"}
{"timestamp":"2026-02-11T14:39:49.699482Z","level":"info","event":"Transformed 10 constructors to Silver schema","logger":"task.stdout"}
{"timestamp":"2026-02-11T14:39:49.699933Z","level":"info","event":"Source: api","logger":"task.stdout"}
{"timestamp":"2026-02-11T14:39:49.700316Z","level":"info","event":"constructor_id range: 10001 - 10010","logger":"task.stdout"}
{"timestamp":"2026-02-11T14:39:49.700830Z","level":"info","event":"Transformation complete: 10 unique constructors","logger":"task.stdout"}
{"timestamp":"2026-02-11T14:39:49.701192Z","level":"info","event":"constructor_id range: 10001 - 10010","logger":"task.stdout"}
{"timestamp":"2026-02-11T14:39:49.701625Z","level":"info","event":"","logger":"task.stdout"}
{"timestamp":"2026-02-11T14:39:49.702039Z","level":"info","event":"[STEP 3] Loading existing Silver data...","logger":"task.stdout"}
{"timestamp":"2026-02-11T14:39:49.724861Z","level":"info","event":" Downloaded dimensions/dim_constructor/dim_constructor.parquet (20 rows)","logger":"task.stdout"}
{"timestamp":"2026-02-11T14:39:49.725274Z","level":"info","event":"Loaded 20 existing constructors from Silver","logger":"task.stdout"}
{"timestamp":"2026-02-11T14:39:49.725707Z","level":"info","event":"Existing sources: {'f1_data.csv': 20}","logger":"task.stdout"}
{"timestamp":"2026-02-11T14:39:49.726288Z","level":"info","event":"CSV constructor_id range: 1 - 214","logger":"task.stdout"}
{"timestamp":"2026-02-11T14:39:49.726619Z","level":"info","event":"","logger":"task.stdout"}
{"timestamp":"2026-02-11T14:39:49.726846Z","level":"info","event":"[STEP 4] Merging API data with existing Silver...","logger":"task.stdout"}
{"timestamp":"2026-02-11T14:39:49.729874Z","level":"info","event":"","logger":"task.stdout"}
{"timestamp":"2026-02-11T14:39:49.730868Z","level":"info","event":"  Merge Configuration:","logger":"task.stdout"}
{"timestamp":"2026-02-11T14:39:49.731919Z","level":"info","event":"Existing constructors: 20","logger":"task.stdout"}
{"timestamp":"2026-02-11T14:39:49.733076Z","level":"info","event":"New API constructors: 10","logger":"task.stdout"}
{"timestamp":"2026-02-11T14:39:49.733477Z","level":"info","event":"Merge key: constructor_ref (PRIMARY natural key)","logger":"task.stdout"}
{"timestamp":"2026-02-11T14:39:49.734804Z","level":"info","event":"CSV priority: YES (skip API for CSV constructors)","logger":"task.stdout"}
{"timestamp":"2026-02-11T14:39:49.735258Z","level":"info","event":"","logger":"task.stdout"}
{"timestamp":"2026-02-11T14:39:49.736761Z","level":"info","event":"  Current max constructor_key: 20","logger":"task.stdout"}
{"timestamp":"2026-02-11T14:39:49.737679Z","level":"info","event":"","logger":"task.stdout"}
{"timestamp":"2026-02-11T14:39:49.741610Z","level":"info","event":"  Processing 10 API constructors:","logger":"task.stdout"}
{"timestamp":"2026-02-11T14:39:49.742051Z","level":"info","event":"","logger":"task.stdout"}
{"timestamp":"2026-02-11T14:39:49.742382Z","level":"info","event":"SKIP: alpine               (CSV priority)","logger":"task.stdout"}
{"timestamp":"2026-02-11T14:39:49.742674Z","level":"info","event":"SKIP: aston_martin         (CSV priority)","logger":"task.stdout"}
{"timestamp":"2026-02-11T14:39:49.742935Z","level":"info","event":"SKIP: ferrari              (CSV priority)","logger":"task.stdout"}
{"timestamp":"2026-02-11T14:39:49.743182Z","level":"info","event":"SKIP: haas                 (CSV priority)","logger":"task.stdout"}
{"timestamp":"2026-02-11T14:39:49.743435Z","level":"info","event":"SKIP: mclaren              (CSV priority)","logger":"task.stdout"}
{"timestamp":"2026-02-11T14:39:49.743740Z","level":"info","event":"SKIP: mercedes             (CSV priority)","logger":"task.stdout"}
{"timestamp":"2026-02-11T14:39:49.744026Z","level":"info","event":"ADD: rb                   (new constructor from API, constructor_id=10007)","logger":"task.stdout"}
{"timestamp":"2026-02-11T14:39:49.744615Z","level":"info","event":"SKIP: red_bull             (CSV priority)","logger":"task.stdout"}
{"timestamp":"2026-02-11T14:39:49.744852Z","level":"info","event":"SKIP: sauber               (CSV priority)","logger":"task.stdout"}
{"timestamp":"2026-02-11T14:39:49.745182Z","level":"info","event":"SKIP: williams             (CSV priority)","logger":"task.stdout"}
{"timestamp":"2026-02-11T14:39:49.745459Z","level":"info","event":"Merge complete: 21 total constructors","logger":"task.stdout"}
{"timestamp":"2026-02-11T14:39:49.745838Z","level":"info","event":"","logger":"task.stdout"}
{"timestamp":"2026-02-11T14:39:49.746234Z","level":"info","event":"[STEP 5] Writing to Silver layer...","logger":"task.stdout"}
{"timestamp":"2026-02-11T14:39:49.750264Z","level":"info","event":" Uploaded dimensions/dim_constructor/dim_constructor.parquet (21 rows)","logger":"task.stdout"}
{"timestamp":"2026-02-11T14:39:49.750725Z","level":"info","event":"Written to: s3://f1-silver/dimensions/dim_constructor/dim_constructor.parquet","logger":"task.stdout"}
{"timestamp":"2026-02-11T14:39:49.751054Z","level":"info","event":"","logger":"task.stdout"}
{"timestamp":"2026-02-11T14:39:49.751574Z","level":"info","event":"======================================================================","logger":"task.stdout"}
{"timestamp":"2026-02-11T14:39:49.751913Z","level":"info","event":"BACKFILL SUMMARY","logger":"task.stdout"}
{"timestamp":"2026-02-11T14:39:49.752285Z","level":"info","event":"======================================================================","logger":"task.stdout"}
{"timestamp":"2026-02-11T14:39:49.752690Z","level":"info","event":"  Existing constructors in Silver: 20","logger":"task.stdout"}
{"timestamp":"2026-02-11T14:39:49.753049Z","level":"info","event":"  API constructors scraped: 10","logger":"task.stdout"}
{"timestamp":"2026-02-11T14:39:49.753492Z","level":"info","event":"  Final constructor count: 21","logger":"task.stdout"}
{"timestamp":"2026-02-11T14:39:49.753864Z","level":"info","event":"  New constructors added: 1","logger":"task.stdout"}
{"timestamp":"2026-02-11T14:39:49.754242Z","level":"info","event":"","logger":"task.stdout"}
{"timestamp":"2026-02-11T14:39:49.754579Z","level":"info","event":"  Final source breakdown:","logger":"task.stdout"}
{"timestamp":"2026-02-11T14:39:49.754934Z","level":"info","event":"    f1_data.csv    : 20","logger":"task.stdout"}
{"timestamp":"2026-02-11T14:39:49.755306Z","level":"info","event":"    api            : 1","logger":"task.stdout"}
{"timestamp":"2026-02-11T14:39:49.755684Z","level":"info","event":"","logger":"task.stdout"}
{"timestamp":"2026-02-11T14:39:49.756021Z","level":"info","event":"  constructor_id ranges:","logger":"task.stdout"}
{"timestamp":"2026-02-11T14:39:49.756354Z","level":"info","event":"    f1_data.csv    : 1 - 214","logger":"task.stdout"}
{"timestamp":"2026-02-11T14:39:49.756613Z","level":"info","event":"    api            : 10007 - 10007","logger":"task.stdout"}
{"timestamp":"2026-02-11T14:39:49.756885Z","level":"info","event":"======================================================================","logger":"task.stdout"}
{"timestamp":"2026-02-11T14:39:49.768929Z","level":"info","event":"Done. Returned value was: {'existing_count': 20, 'api_scraped': 10, 'final_count': 21, 'new_constructors_added': 1}","logger":"airflow.task.operators.airflow.providers.standard.operators.python.PythonOperator","filename":"python.py","lineno":216}
{"timestamp":"2026-02-11T14:39:49.769221Z","level":"info","event":"Pushing xcom","ti":"RuntimeTaskInstance(id=UUID('019c4d24-314f-79aa-8282-0fc283059cdd'), task_id='backfill_dim_constructor', dag_id='api_constructors_bronze_to_silver', run_id='manual__2026-02-11T14:39:03.113567+00:00', try_number=1, dag_version_id=UUID('019c4cbe-1057-751d-8d93-1a7c5d5d62e3'), map_index=-1, hostname='d105c47e2bea', context_carrier={}, task=<Task(PythonOperator): backfill_dim_constructor>, bundle_instance=LocalDagBundle(name=dags-folder), max_tries=2, start_date=datetime.datetime(2026, 2, 11, 14, 39, 3, 933181, tzinfo=datetime.timezone.utc), end_date=None, state=<TaskInstanceState.RUNNING: 'running'>, is_mapped=False, rendered_map_index=None)","logger":"task","filename":"task_runner.py","lineno":1450}
