{"timestamp":"2026-02-16T09:51:59.080501Z","level":"info","event":"DAG bundles loaded: dags-folder","logger":"airflow.dag_processing.bundles.manager.DagBundlesManager","filename":"manager.py","lineno":179}
{"timestamp":"2026-02-16T09:51:59.084368Z","level":"info","event":"Filling up the DagBag from /opt/airflow/dags/weekly_streaming_pipeline.py","logger":"airflow.models.dagbag.DagBag","filename":"dagbag.py","lineno":593}
{"timestamp":"2026-02-16T09:52:11.921731Z","level":"info","event":"","logger":"task.stdout"}
{"timestamp":"2026-02-16T09:52:11.923082Z","level":"info","event":"[PRODUCER] Starting fact_pitstops production...","logger":"task.stdout"}
{"timestamp":"2026-02-16T09:52:11.979861Z","level":"info","event":"<BrokerConnection client_id=f1-streaming-pipeline, node_id=bootstrap-0 host=kafka:29092 <connecting> [IPv4 ('172.18.0.6', 29092)]>: connecting to kafka:29092 [('172.18.0.6', 29092) IPv4]","logger":"kafka.conn","filename":"conn.py","lineno":395}
{"timestamp":"2026-02-16T09:52:12.085808Z","level":"info","event":"<BrokerConnection client_id=f1-streaming-pipeline, node_id=bootstrap-0 host=kafka:29092 <checking_api_versions_recv> [IPv4 ('172.18.0.6', 29092)]>: Broker version identified as 2.6","logger":"kafka.conn","filename":"conn.py","lineno":615}
{"timestamp":"2026-02-16T09:52:12.088983Z","level":"info","event":"<BrokerConnection client_id=f1-streaming-pipeline, node_id=bootstrap-0 host=kafka:29092 <connected> [IPv4 ('172.18.0.6', 29092)]>: Connection complete.","logger":"kafka.conn","filename":"conn.py","lineno":456}
{"timestamp":"2026-02-16T09:52:12.169706Z","level":"info","event":"","logger":"task.stdout"}
{"timestamp":"2026-02-16T09:52:12.250184Z","level":"info","event":"======================================================================","logger":"task.stdout"}
{"timestamp":"2026-02-16T09:52:12.269669Z","level":"info","event":"PRODUCING PITSTOPS FOR 2026 → Kafka Topic: fact-pitstops","logger":"task.stdout"}
{"timestamp":"2026-02-16T09:52:12.317749Z","level":"info","event":"======================================================================","logger":"task.stdout"}
{"timestamp":"2026-02-16T09:52:12.318636Z","level":"info","event":"","logger":"task.stdout"}
{"timestamp":"2026-02-16T09:52:12.324918Z","level":"info","event":"","logger":"task.stdout"}
{"timestamp":"2026-02-16T09:52:12.328111Z","level":"info","event":"======================================================================","logger":"task.stdout"}
{"timestamp":"2026-02-16T09:52:12.331999Z","level":"info","event":"SCRAPING PIT STOPS FROM ERGAST API: 2026-2026","logger":"task.stdout"}
{"timestamp":"2026-02-16T09:52:12.336825Z","level":"info","event":"======================================================================","logger":"task.stdout"}
{"timestamp":"2026-02-16T09:52:12.337736Z","level":"info","event":"","logger":"task.stdout"}
{"timestamp":"2026-02-16T09:52:12.347433Z","level":"info","event":"","logger":"task.stdout"}
{"timestamp":"2026-02-16T09:52:12.351523Z","level":"info","event":"======================================================================","logger":"task.stdout"}
{"timestamp":"2026-02-16T09:52:12.352893Z","level":"info","event":"SCRAPING PIT STOPS FOR 2026","logger":"task.stdout"}
{"timestamp":"2026-02-16T09:52:12.357113Z","level":"info","event":"======================================================================","logger":"task.stdout"}
{"timestamp":"2026-02-16T09:52:12.362889Z","level":"info","event":"","logger":"task.stdout"}
{"timestamp":"2026-02-16T09:52:12.364059Z","level":"info","event":"Fetching pit stops for 2026 Round 1...","logger":"task.stdout"}
{"timestamp":"2026-02-16T09:52:17.806802Z","level":"info","event":"  No data for 2026 Round 1","logger":"task.stdout"}
{"timestamp":"2026-02-16T09:52:17.807816Z","level":"info","event":"Fetching pit stops for 2026 Round 2...","logger":"task.stdout"}
{"timestamp":"2026-02-16T09:52:23.065594Z","level":"info","event":"  No data for 2026 Round 2","logger":"task.stdout"}
{"timestamp":"2026-02-16T09:52:23.068551Z","level":"info","event":"Fetching pit stops for 2026 Round 3...","logger":"task.stdout"}
{"timestamp":"2026-02-16T09:52:29.177161Z","level":"info","event":"  No data for 2026 Round 3","logger":"task.stdout"}
{"timestamp":"2026-02-16T09:52:29.180652Z","level":"info","event":"  Stopping: 3 consecutive empty rounds detected","logger":"task.stdout"}
{"timestamp":"2026-02-16T09:52:29.189935Z","level":"info","event":"","logger":"task.stdout"}
{"timestamp":"2026-02-16T09:52:29.191030Z","level":"info","event":"Total pit stops for 2026: 0","logger":"task.stdout"}
{"timestamp":"2026-02-16T09:52:29.192914Z","level":"info","event":"","logger":"task.stdout"}
{"timestamp":"2026-02-16T09:52:29.194353Z","level":"info","event":"======================================================================","logger":"task.stdout"}
{"timestamp":"2026-02-16T09:52:29.199007Z","level":"info","event":"SCRAPING COMPLETE","logger":"task.stdout"}
{"timestamp":"2026-02-16T09:52:29.200140Z","level":"info","event":"Total pit stops: 0","logger":"task.stdout"}
{"timestamp":"2026-02-16T09:52:29.201861Z","level":"info","event":"Years covered: 2026-2026","logger":"task.stdout"}
{"timestamp":"2026-02-16T09:52:29.202747Z","level":"info","event":"======================================================================","logger":"task.stdout"}
{"timestamp":"2026-02-16T09:52:29.203888Z","level":"info","event":"","logger":"task.stdout"}
{"timestamp":"2026-02-16T09:52:29.205023Z","level":"info","event":"Transforming API data to Silver schema...","logger":"task.stdout"}
{"timestamp":"2026-02-16T09:52:29.206832Z","level":"info","event":"No data found - returning empty DataFrame with schema: ['driver_ref', 'race_year', 'race_round', 'stop_number', 'lap', 'pit_time', 'duration_seconds', 'year', 'source', 'created_at']","logger":"task.stdout"}
{"timestamp":"2026-02-16T09:52:29.207805Z","level":"info","event":"⚠️  No pitstop records found for 2026","logger":"task.stdout"}
{"timestamp":"2026-02-16T09:52:29.202803Z","level":"info","event":"<KafkaProducer client_id=f1-streaming-pipeline transactional_id=None>: Closing the Kafka producer with 9223372036.0 secs timeout.","logger":"kafka.producer.kafka","filename":"kafka.py","lineno":630}
{"timestamp":"2026-02-16T09:52:29.204344Z","level":"info","event":"<BrokerConnection client_id=f1-streaming-pipeline, node_id=bootstrap-0 host=kafka:29092 <connected> [IPv4 ('172.18.0.6', 29092)]>: Closing connection. ","logger":"kafka.conn","filename":"conn.py","lineno":936}
{"timestamp":"2026-02-16T09:52:29.305622Z","level":"info","event":"[PRODUCER] Completed: {'sent': 0, 'failed': 0}","logger":"task.stdout"}
{"timestamp":"2026-02-16T09:52:29.307277Z","level":"info","event":"Done. Returned value was: {'sent': 0, 'failed': 0}","logger":"airflow.task.operators.airflow.providers.standard.operators.python.PythonOperator","filename":"python.py","lineno":216}
{"timestamp":"2026-02-16T09:52:29.308471Z","level":"info","event":"Pushing xcom","ti":"RuntimeTaskInstance(id=UUID('019c65dc-0c2c-74e5-93ef-9dd7f36af0e2'), task_id='produce_fact_pitstops', dag_id='weekly_streaming_f1_etl', run_id='scheduled__2026-02-16T03:00:00+00:00', try_number=1, dag_version_id=UUID('019c61bd-e638-74f5-b658-bbd5e8d757b9'), map_index=-1, hostname='eaafa8aeb24e', context_carrier={}, task=<Task(PythonOperator): produce_fact_pitstops>, bundle_instance=LocalDagBundle(name=dags-folder), max_tries=2, start_date=datetime.datetime(2026, 2, 16, 9, 51, 58, 290352, tzinfo=datetime.timezone.utc), end_date=None, state=<TaskInstanceState.RUNNING: 'running'>, is_mapped=False, rendered_map_index=None)","logger":"task","filename":"task_runner.py","lineno":1450}
{"timestamp":"2026-02-16T11:35:23.626008Z","level":"info","event":"DAG bundles loaded: dags-folder","logger":"airflow.dag_processing.bundles.manager.DagBundlesManager","filename":"manager.py","lineno":179}
{"timestamp":"2026-02-16T11:35:23.630300Z","level":"info","event":"Filling up the DagBag from /opt/airflow/dags/weekly_streaming_pipeline.py","logger":"airflow.models.dagbag.DagBag","filename":"dagbag.py","lineno":593}
{"timestamp":"2026-02-16T11:35:28.325257Z","level":"info","event":"","logger":"task.stdout"}
{"timestamp":"2026-02-16T11:35:28.326109Z","level":"info","event":"[PRODUCER] Starting fact_pitstops production...","logger":"task.stdout"}
{"timestamp":"2026-02-16T11:35:28.329835Z","level":"info","event":"<BrokerConnection client_id=f1-streaming-pipeline, node_id=bootstrap-0 host=kafka:29092 <connecting> [IPv4 ('172.18.0.4', 29092)]>: connecting to kafka:29092 [('172.18.0.4', 29092) IPv4]","logger":"kafka.conn","filename":"conn.py","lineno":395}
{"timestamp":"2026-02-16T11:35:28.345399Z","level":"info","event":"<BrokerConnection client_id=f1-streaming-pipeline, node_id=bootstrap-0 host=kafka:29092 <checking_api_versions_recv> [IPv4 ('172.18.0.4', 29092)]>: Broker version identified as 2.6","logger":"kafka.conn","filename":"conn.py","lineno":615}
{"timestamp":"2026-02-16T11:35:28.350837Z","level":"info","event":"<BrokerConnection client_id=f1-streaming-pipeline, node_id=bootstrap-0 host=kafka:29092 <connected> [IPv4 ('172.18.0.4', 29092)]>: Connection complete.","logger":"kafka.conn","filename":"conn.py","lineno":456}
{"timestamp":"2026-02-16T11:35:28.361422Z","level":"info","event":"","logger":"task.stdout"}
{"timestamp":"2026-02-16T11:35:28.362252Z","level":"info","event":"======================================================================","logger":"task.stdout"}
{"timestamp":"2026-02-16T11:35:28.363447Z","level":"info","event":"PRODUCING PITSTOPS FOR 2026 → Kafka Topic: fact-pitstops","logger":"task.stdout"}
{"timestamp":"2026-02-16T11:35:28.364026Z","level":"info","event":"======================================================================","logger":"task.stdout"}
{"timestamp":"2026-02-16T11:35:28.364743Z","level":"info","event":"","logger":"task.stdout"}
{"timestamp":"2026-02-16T11:35:28.365510Z","level":"info","event":"","logger":"task.stdout"}
{"timestamp":"2026-02-16T11:35:28.366171Z","level":"info","event":"======================================================================","logger":"task.stdout"}
{"timestamp":"2026-02-16T11:35:28.366922Z","level":"info","event":"SCRAPING PIT STOPS FROM ERGAST API: 2026-2026","logger":"task.stdout"}
{"timestamp":"2026-02-16T11:35:28.367495Z","level":"info","event":"======================================================================","logger":"task.stdout"}
{"timestamp":"2026-02-16T11:35:28.368022Z","level":"info","event":"","logger":"task.stdout"}
{"timestamp":"2026-02-16T11:35:28.368589Z","level":"info","event":"","logger":"task.stdout"}
{"timestamp":"2026-02-16T11:35:28.369142Z","level":"info","event":"======================================================================","logger":"task.stdout"}
{"timestamp":"2026-02-16T11:35:28.370534Z","level":"info","event":"SCRAPING PIT STOPS FOR 2026","logger":"task.stdout"}
{"timestamp":"2026-02-16T11:35:28.371143Z","level":"info","event":"======================================================================","logger":"task.stdout"}
{"timestamp":"2026-02-16T11:35:28.371999Z","level":"info","event":"","logger":"task.stdout"}
{"timestamp":"2026-02-16T11:35:28.372776Z","level":"info","event":"Fetching pit stops for 2026 Round 1...","logger":"task.stdout"}
{"timestamp":"2026-02-16T11:35:34.238197Z","level":"info","event":"  No data for 2026 Round 1","logger":"task.stdout"}
{"timestamp":"2026-02-16T11:35:34.238842Z","level":"info","event":"Fetching pit stops for 2026 Round 2...","logger":"task.stdout"}
{"timestamp":"2026-02-16T11:35:38.195638Z","level":"info","event":"  No data for 2026 Round 2","logger":"task.stdout"}
{"timestamp":"2026-02-16T11:35:38.198896Z","level":"info","event":"Fetching pit stops for 2026 Round 3...","logger":"task.stdout"}
{"timestamp":"2026-02-16T11:35:41.730006Z","level":"info","event":"  No data for 2026 Round 3","logger":"task.stdout"}
{"timestamp":"2026-02-16T11:35:41.730681Z","level":"info","event":"  Stopping: 3 consecutive empty rounds detected","logger":"task.stdout"}
{"timestamp":"2026-02-16T11:35:41.731161Z","level":"info","event":"","logger":"task.stdout"}
{"timestamp":"2026-02-16T11:35:41.731532Z","level":"info","event":"Total pit stops for 2026: 0","logger":"task.stdout"}
{"timestamp":"2026-02-16T11:35:41.749362Z","level":"info","event":"","logger":"task.stdout"}
{"timestamp":"2026-02-16T11:35:41.749988Z","level":"info","event":"======================================================================","logger":"task.stdout"}
{"timestamp":"2026-02-16T11:35:41.750535Z","level":"info","event":"SCRAPING COMPLETE","logger":"task.stdout"}
{"timestamp":"2026-02-16T11:35:41.751073Z","level":"info","event":"Total pit stops: 0","logger":"task.stdout"}
{"timestamp":"2026-02-16T11:35:41.751593Z","level":"info","event":"Years covered: 2026-2026","logger":"task.stdout"}
{"timestamp":"2026-02-16T11:35:41.752111Z","level":"info","event":"======================================================================","logger":"task.stdout"}
{"timestamp":"2026-02-16T11:35:41.752572Z","level":"info","event":"","logger":"task.stdout"}
{"timestamp":"2026-02-16T11:35:41.753106Z","level":"info","event":"Transforming API data to Silver schema...","logger":"task.stdout"}
{"timestamp":"2026-02-16T11:35:41.753640Z","level":"info","event":"No data found - returning empty DataFrame with schema: ['driver_ref', 'race_year', 'race_round', 'stop_number', 'lap', 'pit_time', 'duration_seconds', 'year', 'source', 'created_at']","logger":"task.stdout"}
{"timestamp":"2026-02-16T11:35:41.754134Z","level":"info","event":"⚠️  No pitstop records found for 2026","logger":"task.stdout"}
{"timestamp":"2026-02-16T11:35:41.735338Z","level":"info","event":"<KafkaProducer client_id=f1-streaming-pipeline transactional_id=None>: Closing the Kafka producer with 9223372036.0 secs timeout.","logger":"kafka.producer.kafka","filename":"kafka.py","lineno":630}
{"timestamp":"2026-02-16T11:35:41.735923Z","level":"info","event":"<BrokerConnection client_id=f1-streaming-pipeline, node_id=bootstrap-0 host=kafka:29092 <connected> [IPv4 ('172.18.0.4', 29092)]>: Closing connection. ","logger":"kafka.conn","filename":"conn.py","lineno":936}
{"timestamp":"2026-02-16T11:35:41.774064Z","level":"info","event":"[PRODUCER] Completed: {'sent': 0, 'failed': 0}","logger":"task.stdout"}
{"timestamp":"2026-02-16T11:35:41.775720Z","level":"info","event":"Done. Returned value was: {'sent': 0, 'failed': 0}","logger":"airflow.task.operators.airflow.providers.standard.operators.python.PythonOperator","filename":"python.py","lineno":216}
{"timestamp":"2026-02-16T11:35:41.776139Z","level":"info","event":"Pushing xcom","ti":"RuntimeTaskInstance(id=UUID('019c663b-cadd-7380-802d-b80ea0e2b00e'), task_id='produce_fact_pitstops', dag_id='weekly_streaming_f1_etl', run_id='scheduled__2026-02-16T03:00:00+00:00', try_number=1, dag_version_id=UUID('019c663b-c7a8-7abc-a3fe-4ba651367d8d'), map_index=-1, hostname='8ca1c3cee112', context_carrier={}, task=<Task(PythonOperator): produce_fact_pitstops>, bundle_instance=LocalDagBundle(name=dags-folder), max_tries=2, start_date=datetime.datetime(2026, 2, 16, 11, 35, 23, 289050, tzinfo=datetime.timezone.utc), end_date=None, state=<TaskInstanceState.RUNNING: 'running'>, is_mapped=False, rendered_map_index=None)","logger":"task","filename":"task_runner.py","lineno":1450}
