{"timestamp":"2026-02-12T08:37:51.630265Z","level":"info","event":"DAG bundles loaded: dags-folder","logger":"airflow.dag_processing.bundles.manager.DagBundlesManager","filename":"manager.py","lineno":179}
{"timestamp":"2026-02-12T08:37:51.631317Z","level":"info","event":"Filling up the DagBag from /opt/airflow/dags/api_etl/api_pitstops_bronze_to_silver.py","logger":"airflow.models.dagbag.DagBag","filename":"dagbag.py","lineno":593}
{"timestamp":"2026-02-12T08:37:52.046355Z","level":"info","event":"======================================================================","logger":"task.stdout"}
{"timestamp":"2026-02-12T08:37:52.047142Z","level":"info","event":"F1 PIT STOPS BACKFILL: ERGAST API -> SILVER","logger":"task.stdout"}
{"timestamp":"2026-02-12T08:37:52.047555Z","level":"info","event":"======================================================================","logger":"task.stdout"}
{"timestamp":"2026-02-12T08:37:52.048016Z","level":"info","event":"","logger":"task.stdout"}
{"timestamp":"2026-02-12T08:37:52.048418Z","level":"info","event":"[STEP 1] Scraping API...","logger":"task.stdout"}
{"timestamp":"2026-02-12T08:37:52.048813Z","level":"info","event":"","logger":"task.stdout"}
{"timestamp":"2026-02-12T08:37:52.049184Z","level":"info","event":"======================================================================","logger":"task.stdout"}
{"timestamp":"2026-02-12T08:37:52.049556Z","level":"info","event":"SCRAPING PIT STOPS FROM ERGAST API: 2025-2025","logger":"task.stdout"}
{"timestamp":"2026-02-12T08:37:52.049910Z","level":"info","event":"======================================================================","logger":"task.stdout"}
{"timestamp":"2026-02-12T08:37:52.050262Z","level":"info","event":"","logger":"task.stdout"}
{"timestamp":"2026-02-12T08:37:52.050617Z","level":"info","event":"","logger":"task.stdout"}
{"timestamp":"2026-02-12T08:37:52.050978Z","level":"info","event":"======================================================================","logger":"task.stdout"}
{"timestamp":"2026-02-12T08:37:52.051292Z","level":"info","event":"SCRAPING PIT STOPS FOR 2025","logger":"task.stdout"}
{"timestamp":"2026-02-12T08:37:52.051603Z","level":"info","event":"======================================================================","logger":"task.stdout"}
{"timestamp":"2026-02-12T08:37:52.051913Z","level":"info","event":"","logger":"task.stdout"}
{"timestamp":"2026-02-12T08:37:52.052221Z","level":"info","event":"Fetching pit stops for 2025 Round 1...","logger":"task.stdout"}
{"timestamp":"2026-02-12T08:37:54.432351Z","level":"info","event":"Rate limit hit! Waiting 34s before retry 1/6...","logger":"task.stdout"}
{"timestamp":"2026-02-12T08:38:49.592415Z","level":"info","event":"  82 pit stops found","logger":"task.stdout"}
{"timestamp":"2026-02-12T08:38:49.592731Z","level":"info","event":"Fetching pit stops for 2025 Round 2...","logger":"task.stdout"}
{"timestamp":"2026-02-12T08:39:12.651167Z","level":"info","event":"  25 pit stops found","logger":"task.stdout"}
{"timestamp":"2026-02-12T08:39:12.651628Z","level":"info","event":"Fetching pit stops for 2025 Round 3...","logger":"task.stdout"}
{"timestamp":"2026-02-12T08:39:35.657137Z","level":"info","event":"  21 pit stops found","logger":"task.stdout"}
{"timestamp":"2026-02-12T08:39:35.657634Z","level":"info","event":"Fetching pit stops for 2025 Round 4...","logger":"task.stdout"}
{"timestamp":"2026-02-12T08:39:57.162325Z","level":"info","event":"  42 pit stops found","logger":"task.stdout"}
{"timestamp":"2026-02-12T08:39:57.162958Z","level":"info","event":"Fetching pit stops for 2025 Round 5...","logger":"task.stdout"}
{"timestamp":"2026-02-12T08:40:20.915195Z","level":"info","event":"  19 pit stops found","logger":"task.stdout"}
{"timestamp":"2026-02-12T08:40:20.915576Z","level":"info","event":"Fetching pit stops for 2025 Round 6...","logger":"task.stdout"}
{"timestamp":"2026-02-12T08:40:42.714342Z","level":"info","event":"  18 pit stops found","logger":"task.stdout"}
{"timestamp":"2026-02-12T08:40:42.714862Z","level":"info","event":"Fetching pit stops for 2025 Round 7...","logger":"task.stdout"}
{"timestamp":"2026-02-12T08:41:04.689367Z","level":"info","event":"  37 pit stops found","logger":"task.stdout"}
{"timestamp":"2026-02-12T08:41:04.690765Z","level":"info","event":"Fetching pit stops for 2025 Round 8...","logger":"task.stdout"}
{"timestamp":"2026-02-12T08:41:25.598718Z","level":"info","event":"  40 pit stops found","logger":"task.stdout"}
{"timestamp":"2026-02-12T08:41:25.599120Z","level":"info","event":"Fetching pit stops for 2025 Round 9...","logger":"task.stdout"}
{"timestamp":"2026-02-12T08:41:49.938914Z","level":"info","event":"  54 pit stops found","logger":"task.stdout"}
{"timestamp":"2026-02-12T08:41:49.939396Z","level":"info","event":"Fetching pit stops for 2025 Round 10...","logger":"task.stdout"}
{"timestamp":"2026-02-12T08:42:12.500978Z","level":"info","event":"  82 pit stops found","logger":"task.stdout"}
{"timestamp":"2026-02-12T08:42:12.503083Z","level":"info","event":"Fetching pit stops for 2025 Round 11...","logger":"task.stdout"}
{"timestamp":"2026-02-12T08:42:34.126361Z","level":"info","event":"  32 pit stops found","logger":"task.stdout"}
{"timestamp":"2026-02-12T08:42:34.127908Z","level":"info","event":"Fetching pit stops for 2025 Round 12...","logger":"task.stdout"}
{"timestamp":"2026-02-12T08:42:55.253002Z","level":"info","event":"  35 pit stops found","logger":"task.stdout"}
{"timestamp":"2026-02-12T08:42:55.253660Z","level":"info","event":"Fetching pit stops for 2025 Round 13...","logger":"task.stdout"}
{"timestamp":"2026-02-12T08:43:16.841304Z","level":"info","event":"  26 pit stops found","logger":"task.stdout"}
{"timestamp":"2026-02-12T08:43:16.841790Z","level":"info","event":"Fetching pit stops for 2025 Round 14...","logger":"task.stdout"}
{"timestamp":"2026-02-12T08:43:38.352026Z","level":"info","event":"  29 pit stops found","logger":"task.stdout"}
{"timestamp":"2026-02-12T08:43:38.352490Z","level":"info","event":"Fetching pit stops for 2025 Round 15...","logger":"task.stdout"}
{"timestamp":"2026-02-12T08:44:01.976543Z","level":"info","event":"  40 pit stops found","logger":"task.stdout"}
{"timestamp":"2026-02-12T08:44:01.977095Z","level":"info","event":"Fetching pit stops for 2025 Round 16...","logger":"task.stdout"}
{"timestamp":"2026-02-12T08:44:25.750383Z","level":"info","event":"  19 pit stops found","logger":"task.stdout"}
{"timestamp":"2026-02-12T08:44:25.753490Z","level":"info","event":"Fetching pit stops for 2025 Round 17...","logger":"task.stdout"}
{"timestamp":"2026-02-12T08:44:47.926574Z","level":"info","event":"  21 pit stops found","logger":"task.stdout"}
{"timestamp":"2026-02-12T08:44:47.927069Z","level":"info","event":"Fetching pit stops for 2025 Round 18...","logger":"task.stdout"}
{"timestamp":"2026-02-12T08:45:08.841263Z","level":"info","event":"  23 pit stops found","logger":"task.stdout"}
{"timestamp":"2026-02-12T08:45:08.841908Z","level":"info","event":"Fetching pit stops for 2025 Round 19...","logger":"task.stdout"}
{"timestamp":"2026-02-12T08:45:30.985320Z","level":"info","event":"  21 pit stops found","logger":"task.stdout"}
{"timestamp":"2026-02-12T08:45:30.988449Z","level":"info","event":"Fetching pit stops for 2025 Round 20...","logger":"task.stdout"}
{"timestamp":"2026-02-12T08:45:52.932806Z","level":"info","event":"  27 pit stops found","logger":"task.stdout"}
{"timestamp":"2026-02-12T08:45:52.933464Z","level":"info","event":"Fetching pit stops for 2025 Round 21...","logger":"task.stdout"}
{"timestamp":"2026-02-12T08:46:16.051419Z","level":"info","event":"  37 pit stops found","logger":"task.stdout"}
{"timestamp":"2026-02-12T08:46:16.052160Z","level":"info","event":"Fetching pit stops for 2025 Round 22...","logger":"task.stdout"}
{"timestamp":"2026-02-12T08:46:36.830273Z","level":"info","event":"  23 pit stops found","logger":"task.stdout"}
{"timestamp":"2026-02-12T08:46:36.830631Z","level":"info","event":"Fetching pit stops for 2025 Round 23...","logger":"task.stdout"}
{"timestamp":"2026-02-12T08:46:58.866432Z","level":"info","event":"  41 pit stops found","logger":"task.stdout"}
{"timestamp":"2026-02-12T08:46:58.878716Z","level":"info","event":"Fetching pit stops for 2025 Round 24...","logger":"task.stdout"}
{"timestamp":"2026-02-12T08:47:22.389165Z","level":"info","event":"  27 pit stops found","logger":"task.stdout"}
{"timestamp":"2026-02-12T08:47:22.389725Z","level":"info","event":"Fetching pit stops for 2025 Round 25...","logger":"task.stdout"}
{"timestamp":"2026-02-12T08:47:45.293831Z","level":"info","event":"  No data for 2025 Round 25","logger":"task.stdout"}
{"timestamp":"2026-02-12T08:47:45.294258Z","level":"info","event":"","logger":"task.stdout"}
{"timestamp":"2026-02-12T08:47:45.294626Z","level":"info","event":"Total pit stops for 2025: 821","logger":"task.stdout"}
{"timestamp":"2026-02-12T08:47:45.297994Z","level":"info","event":"","logger":"task.stdout"}
{"timestamp":"2026-02-12T08:47:45.298373Z","level":"info","event":"======================================================================","logger":"task.stdout"}
{"timestamp":"2026-02-12T08:47:45.298664Z","level":"info","event":"SCRAPING COMPLETE","logger":"task.stdout"}
{"timestamp":"2026-02-12T08:47:45.298988Z","level":"info","event":"Total pit stops: 821","logger":"task.stdout"}
{"timestamp":"2026-02-12T08:47:45.299247Z","level":"info","event":"Years covered: 2025-2025","logger":"task.stdout"}
{"timestamp":"2026-02-12T08:47:45.299494Z","level":"info","event":"======================================================================","logger":"task.stdout"}
{"timestamp":"2026-02-12T08:47:45.299740Z","level":"info","event":"","logger":"task.stdout"}
{"timestamp":"2026-02-12T08:47:45.300088Z","level":"info","event":"API scraping complete: 821 pit stop records","logger":"task.stdout"}
{"timestamp":"2026-02-12T08:47:45.303477Z","level":"info","event":"","logger":"task.stdout"}
{"timestamp":"2026-02-12T08:47:45.303870Z","level":"info","event":"[STEP 2] Transforming to Silver schema...","logger":"task.stdout"}
{"timestamp":"2026-02-12T08:47:45.304122Z","level":"info","event":"Transforming API data to Silver schema...","logger":"task.stdout"}
{"timestamp":"2026-02-12T08:47:45.310551Z","level":"info","event":"Transformed 821 pit stops to Silver schema","logger":"task.stdout"}
{"timestamp":"2026-02-12T08:47:45.310908Z","level":"info","event":"Source: api","logger":"task.stdout"}
{"timestamp":"2026-02-12T08:47:45.311279Z","level":"info","event":"Transformation complete: 821 pit stops","logger":"task.stdout"}
{"timestamp":"2026-02-12T08:47:45.311536Z","level":"info","event":"","logger":"task.stdout"}
{"timestamp":"2026-02-12T08:47:45.311774Z","level":"info","event":"[STEP 3] Loading dimensions for FK resolution...","logger":"task.stdout"}
{"timestamp":"2026-02-12T08:47:45.379572Z","level":"info","event":" Downloaded dimensions/dim_driver/dim_driver.parquet (65 rows)","logger":"task.stdout"}
{"timestamp":"2026-02-12T08:47:45.384688Z","level":"info","event":" Downloaded dimensions/dim_race/dim_race.parquet (232 rows)","logger":"task.stdout"}
{"timestamp":"2026-02-12T08:47:45.390210Z","level":"info","event":" Downloaded dimensions/dim_time/dim_time.parquet (6940 rows)","logger":"task.stdout"}
{"timestamp":"2026-02-12T08:47:45.390653Z","level":"info","event":"Loaded dimensions:","logger":"task.stdout"}
{"timestamp":"2026-02-12T08:47:45.390982Z","level":"info","event":"  - dim_driver: 65 drivers","logger":"task.stdout"}
{"timestamp":"2026-02-12T08:47:45.391215Z","level":"info","event":"  - dim_race: 232 races","logger":"task.stdout"}
{"timestamp":"2026-02-12T08:47:45.391407Z","level":"info","event":"  - dim_time: 6,940 dates","logger":"task.stdout"}
{"timestamp":"2026-02-12T08:47:45.391629Z","level":"info","event":"","logger":"task.stdout"}
{"timestamp":"2026-02-12T08:47:45.391849Z","level":"info","event":"[STEP 4] Resolving foreign keys...","logger":"task.stdout"}
{"timestamp":"2026-02-12T08:47:45.402198Z","level":"info","event":"Created lookup dictionaries:","logger":"task.stdout"}
{"timestamp":"2026-02-12T08:47:45.402671Z","level":"info","event":"  - driver_ref -> driver_key: 65 entries","logger":"task.stdout"}
{"timestamp":"2026-02-12T08:47:45.403076Z","level":"info","event":"  - race_year+race_round -> race_key: 232 entries","logger":"task.stdout"}
{"timestamp":"2026-02-12T08:47:45.403337Z","level":"info","event":"  - race_date -> time_key: 6940 entries","logger":"task.stdout"}
{"timestamp":"2026-02-12T08:47:45.405198Z","level":"info","event":"WARNING: 234 pit stops have unresolved driver_ref!","logger":"task.stdout"}
{"timestamp":"2026-02-12T08:47:45.407147Z","level":"info","event":"WARNING: 821 pit stops have unresolved race (year+round)!","logger":"task.stdout"}
{"timestamp":"2026-02-12T08:47:45.421915Z","level":"info","event":"WARNING: 821 pit stops have unresolved time_key!","logger":"task.stdout"}
{"timestamp":"2026-02-12T08:47:45.423450Z","level":"info","event":"All FKs resolved successfully","logger":"task.stdout"}
{"timestamp":"2026-02-12T08:47:45.423810Z","level":"info","event":"","logger":"task.stdout"}
{"timestamp":"2026-02-12T08:47:45.424171Z","level":"info","event":"[STEP 5] Loading existing Silver data...","logger":"task.stdout"}
{"timestamp":"2026-02-12T08:47:45.430475Z","level":"info","event":" Downloaded facts/fact_pitstops/year=2025/data.parquet (821 rows)","logger":"task.stdout"}
{"timestamp":"2026-02-12T08:47:45.431009Z","level":"info","event":"Loaded 821 existing pit stops from Silver","logger":"task.stdout"}
{"timestamp":"2026-02-12T08:47:45.431375Z","level":"info","event":"Existing sources: {'api': 821}","logger":"task.stdout"}
{"timestamp":"2026-02-12T08:47:45.431607Z","level":"info","event":"","logger":"task.stdout"}
{"timestamp":"2026-02-12T08:47:45.431930Z","level":"info","event":"[STEP 6] Merging API data with existing Silver...","logger":"task.stdout"}
{"timestamp":"2026-02-12T08:47:45.432218Z","level":"info","event":"","logger":"task.stdout"}
{"timestamp":"2026-02-12T08:47:45.432482Z","level":"info","event":"  Merge Configuration:","logger":"task.stdout"}
{"timestamp":"2026-02-12T08:47:45.432755Z","level":"info","event":"Existing pit stops: 821","logger":"task.stdout"}
{"timestamp":"2026-02-12T08:47:45.433010Z","level":"info","event":"New API pit stops: 821","logger":"task.stdout"}
{"timestamp":"2026-02-12T08:47:45.433276Z","level":"info","event":"Merge key: race_year + race_round + driver_ref + stop_number","logger":"task.stdout"}
{"timestamp":"2026-02-12T08:47:45.433526Z","level":"info","event":"CSV priority: YES (skip API for CSV pit stops)","logger":"task.stdout"}
{"timestamp":"2026-02-12T08:47:45.433827Z","level":"info","event":"","logger":"task.stdout"}
{"timestamp":"2026-02-12T08:47:45.434082Z","level":"info","event":"  Processing 821 API pit stops:","logger":"task.stdout"}
{"timestamp":"2026-02-12T08:47:45.434281Z","level":"info","event":"","logger":"task.stdout"}
{"timestamp":"2026-02-12T08:47:45.432158Z","level":"error","event":"Task failed with exception","logger":"task","filename":"task_runner.py","lineno":1078,"error_detail":[{"exc_type":"KeyError","exc_value":"'race_year'","exc_notes":[],"syntax_error":null,"is_cause":false,"frames":[{"filename":"/home/airflow/.local/lib/python3.12/site-packages/airflow/sdk/execution_time/task_runner.py","lineno":1004,"name":"run"},{"filename":"/home/airflow/.local/lib/python3.12/site-packages/airflow/sdk/execution_time/task_runner.py","lineno":1400,"name":"_execute_task"},{"filename":"/home/airflow/.local/lib/python3.12/site-packages/airflow/sdk/bases/operator.py","lineno":417,"name":"wrapper"},{"filename":"/home/airflow/.local/lib/python3.12/site-packages/airflow/providers/standard/operators/python.py","lineno":214,"name":"execute"},{"filename":"/home/airflow/.local/lib/python3.12/site-packages/airflow/providers/standard/operators/python.py","lineno":237,"name":"execute_callable"},{"filename":"/home/airflow/.local/lib/python3.12/site-packages/airflow/sdk/execution_time/callback_runner.py","lineno":82,"name":"run"},{"filename":"/opt/airflow/dags/api_etl/api_pitstops_bronze_to_silver.py","lineno":322,"name":"backfill_fact_pitstops"},{"filename":"/opt/airflow/dags/api_etl/api_pitstops_bronze_to_silver.py","lineno":116,"name":"merge_pitstops"},{"filename":"/home/airflow/.local/lib/python3.12/site-packages/pandas/core/frame.py","lineno":3893,"name":"__getitem__"},{"filename":"/home/airflow/.local/lib/python3.12/site-packages/pandas/core/indexes/base.py","lineno":3798,"name":"get_loc"}],"is_group":false,"exceptions":[]},{"exc_type":"KeyError","exc_value":"'race_year'","exc_notes":[],"syntax_error":null,"is_cause":true,"frames":[{"filename":"/home/airflow/.local/lib/python3.12/site-packages/pandas/core/indexes/base.py","lineno":3791,"name":"get_loc"},{"filename":"/opt/airflow/index.pyx","lineno":152,"name":"pandas._libs.index.IndexEngine.get_loc"},{"filename":"/opt/airflow/index.pyx","lineno":181,"name":"pandas._libs.index.IndexEngine.get_loc"},{"filename":"/opt/airflow/pandas/_libs/hashtable_class_helper.pxi","lineno":7080,"name":"pandas._libs.hashtable.PyObjectHashTable.get_item"},{"filename":"/opt/airflow/pandas/_libs/hashtable_class_helper.pxi","lineno":7088,"name":"pandas._libs.hashtable.PyObjectHashTable.get_item"}],"is_group":false,"exceptions":[]}]}
