{"timestamp":"2026-02-15T15:07:35.847472Z","level":"info","event":"DAG bundles loaded: dags-folder","logger":"airflow.dag_processing.bundles.manager.DagBundlesManager","filename":"manager.py","lineno":179}
{"timestamp":"2026-02-15T15:07:35.860467Z","level":"info","event":"Filling up the DagBag from /opt/airflow/dags/weekly_streaming_pipeline.py","logger":"airflow.models.dagbag.DagBag","filename":"dagbag.py","lineno":593}
{"timestamp":"2026-02-15T15:07:39.831955Z","level":"warning","event":"The `airflow.operators.trigger_dagrun.TriggerDagRunOperator` attribute is deprecated. Please use `'airflow.providers.standard.operators.trigger_dagrun.TriggerDagRunOperator'`.","category":"DeprecatedImportWarning","filename":"/opt/airflow/dags/weekly_streaming_pipeline.py","lineno":18,"logger":"py.warnings"}
{"timestamp":"2026-02-15T15:07:39.935979Z","level":"info","event":"","logger":"task.stdout"}
{"timestamp":"2026-02-15T15:07:39.940014Z","level":"info","event":"[PRODUCER] Starting fact_laps production...","logger":"task.stdout"}
{"timestamp":"2026-02-15T15:07:39.948026Z","level":"info","event":"<BrokerConnection client_id=f1-streaming-pipeline, node_id=bootstrap-0 host=kafka:29092 <connecting> [IPv4 ('172.18.0.4', 29092)]>: connecting to kafka:29092 [('172.18.0.4', 29092) IPv4]","logger":"kafka.conn","filename":"conn.py","lineno":395}
{"timestamp":"2026-02-15T15:07:39.962239Z","level":"info","event":"<BrokerConnection client_id=f1-streaming-pipeline, node_id=bootstrap-0 host=kafka:29092 <checking_api_versions_recv> [IPv4 ('172.18.0.4', 29092)]>: Broker version identified as 2.6","logger":"kafka.conn","filename":"conn.py","lineno":615}
{"timestamp":"2026-02-15T15:07:39.964660Z","level":"info","event":"<BrokerConnection client_id=f1-streaming-pipeline, node_id=bootstrap-0 host=kafka:29092 <connected> [IPv4 ('172.18.0.4', 29092)]>: Connection complete.","logger":"kafka.conn","filename":"conn.py","lineno":456}
{"timestamp":"2026-02-15T15:07:39.973021Z","level":"info","event":"","logger":"task.stdout"}
{"timestamp":"2026-02-15T15:07:39.974894Z","level":"info","event":"======================================================================","logger":"task.stdout"}
{"timestamp":"2026-02-15T15:07:39.975575Z","level":"info","event":"PRODUCING LAPS FOR 2026 → Kafka Topic: fact-laps","logger":"task.stdout"}
{"timestamp":"2026-02-15T15:07:39.976151Z","level":"info","event":"======================================================================","logger":"task.stdout"}
{"timestamp":"2026-02-15T15:07:39.976776Z","level":"info","event":"","logger":"task.stdout"}
{"timestamp":"2026-02-15T15:07:39.977672Z","level":"info","event":"","logger":"task.stdout"}
{"timestamp":"2026-02-15T15:07:39.978413Z","level":"info","event":"======================================================================","logger":"task.stdout"}
{"timestamp":"2026-02-15T15:07:39.979195Z","level":"info","event":"SCRAPING LAP TIMES FROM ERGAST API: 2026-2026","logger":"task.stdout"}
{"timestamp":"2026-02-15T15:07:39.979864Z","level":"info","event":"======================================================================","logger":"task.stdout"}
{"timestamp":"2026-02-15T15:07:39.980418Z","level":"info","event":"","logger":"task.stdout"}
{"timestamp":"2026-02-15T15:07:39.981042Z","level":"info","event":"","logger":"task.stdout"}
{"timestamp":"2026-02-15T15:07:39.981677Z","level":"info","event":"Scraping laps for 2026...","logger":"task.stdout"}
{"timestamp":"2026-02-15T15:08:02.982985Z","level":"info","event":"  Found 24 rounds in 2026","logger":"task.stdout"}
{"timestamp":"2026-02-15T15:08:02.983820Z","level":"info","event":"  Fetching laps for 2026 Round 1...","logger":"task.stdout"}
{"timestamp":"2026-02-15T15:08:24.782567Z","level":"info","event":"  No data for 2026 Round 1","logger":"task.stdout"}
{"timestamp":"2026-02-15T15:08:24.783213Z","level":"info","event":"  Fetching laps for 2026 Round 2...","logger":"task.stdout"}
{"timestamp":"2026-02-15T15:08:47.537794Z","level":"info","event":"  No data for 2026 Round 2","logger":"task.stdout"}
{"timestamp":"2026-02-15T15:08:47.538548Z","level":"info","event":"  Fetching laps for 2026 Round 3...","logger":"task.stdout"}
{"timestamp":"2026-02-15T15:09:11.232222Z","level":"info","event":"  No data for 2026 Round 3","logger":"task.stdout"}
{"timestamp":"2026-02-15T15:09:11.232669Z","level":"info","event":"  Fetching laps for 2026 Round 4...","logger":"task.stdout"}
{"timestamp":"2026-02-15T15:09:34.541091Z","level":"info","event":"  No data for 2026 Round 4","logger":"task.stdout"}
{"timestamp":"2026-02-15T15:09:34.541726Z","level":"info","event":"  Fetching laps for 2026 Round 5...","logger":"task.stdout"}
{"timestamp":"2026-02-15T15:09:56.743818Z","level":"info","event":"  No data for 2026 Round 5","logger":"task.stdout"}
{"timestamp":"2026-02-15T15:09:56.744600Z","level":"info","event":"  Fetching laps for 2026 Round 6...","logger":"task.stdout"}
{"timestamp":"2026-02-15T15:10:20.965328Z","level":"info","event":"  No data for 2026 Round 6","logger":"task.stdout"}
{"timestamp":"2026-02-15T15:10:20.965878Z","level":"info","event":"  Fetching laps for 2026 Round 7...","logger":"task.stdout"}
{"timestamp":"2026-02-15T15:10:44.376977Z","level":"info","event":"  No data for 2026 Round 7","logger":"task.stdout"}
{"timestamp":"2026-02-15T15:10:44.381262Z","level":"info","event":"  Fetching laps for 2026 Round 8...","logger":"task.stdout"}
{"timestamp":"2026-02-15T15:11:06.745619Z","level":"info","event":"  No data for 2026 Round 8","logger":"task.stdout"}
{"timestamp":"2026-02-15T15:11:06.746386Z","level":"info","event":"  Fetching laps for 2026 Round 9...","logger":"task.stdout"}
{"timestamp":"2026-02-15T15:11:30.617511Z","level":"info","event":"  No data for 2026 Round 9","logger":"task.stdout"}
{"timestamp":"2026-02-15T15:11:30.618161Z","level":"info","event":"  Fetching laps for 2026 Round 10...","logger":"task.stdout"}
{"timestamp":"2026-02-15T15:11:52.949064Z","level":"info","event":"  No data for 2026 Round 10","logger":"task.stdout"}
{"timestamp":"2026-02-15T15:11:52.952217Z","level":"info","event":"  Fetching laps for 2026 Round 11...","logger":"task.stdout"}
{"timestamp":"2026-02-15T15:12:15.839124Z","level":"info","event":"  No data for 2026 Round 11","logger":"task.stdout"}
{"timestamp":"2026-02-15T15:12:15.839831Z","level":"info","event":"  Fetching laps for 2026 Round 12...","logger":"task.stdout"}
{"timestamp":"2026-02-15T15:12:38.562270Z","level":"info","event":"  No data for 2026 Round 12","logger":"task.stdout"}
{"timestamp":"2026-02-15T15:12:38.562789Z","level":"info","event":"  Fetching laps for 2026 Round 13...","logger":"task.stdout"}
{"timestamp":"2026-02-15T15:12:40.001596Z","level":"info","event":"<BrokerConnection client_id=f1-streaming-pipeline, node_id=1 host=kafka:29092 <connecting> [IPv4 ('172.18.0.4', 29092)]>: connecting to kafka:29092 [('172.18.0.4', 29092) IPv4]","logger":"kafka.conn","filename":"conn.py","lineno":395}
{"timestamp":"2026-02-15T15:12:40.002262Z","level":"info","event":"<BrokerConnection client_id=f1-streaming-pipeline, node_id=1 host=kafka:29092 <connected> [IPv4 ('172.18.0.4', 29092)]>: Connection complete.","logger":"kafka.conn","filename":"conn.py","lineno":456}
{"timestamp":"2026-02-15T15:12:40.002566Z","level":"info","event":"<BrokerConnection client_id=f1-streaming-pipeline, node_id=bootstrap-0 host=kafka:29092 <connected> [IPv4 ('172.18.0.4', 29092)]>: Closing connection. ","logger":"kafka.conn","filename":"conn.py","lineno":936}
{"timestamp":"2026-02-15T15:13:02.378352Z","level":"info","event":"  No data for 2026 Round 13","logger":"task.stdout"}
{"timestamp":"2026-02-15T15:13:02.378831Z","level":"info","event":"  Fetching laps for 2026 Round 14...","logger":"task.stdout"}
{"timestamp":"2026-02-15T15:13:27.068474Z","level":"info","event":"  No data for 2026 Round 14","logger":"task.stdout"}
{"timestamp":"2026-02-15T15:13:27.069116Z","level":"info","event":"  Fetching laps for 2026 Round 15...","logger":"task.stdout"}
{"timestamp":"2026-02-15T15:13:50.233091Z","level":"info","event":"  No data for 2026 Round 15","logger":"task.stdout"}
{"timestamp":"2026-02-15T15:13:50.234001Z","level":"info","event":"  Fetching laps for 2026 Round 16...","logger":"task.stdout"}
{"timestamp":"2026-02-15T15:14:13.918359Z","level":"info","event":"  No data for 2026 Round 16","logger":"task.stdout"}
{"timestamp":"2026-02-15T15:14:13.918884Z","level":"info","event":"  Fetching laps for 2026 Round 17...","logger":"task.stdout"}
{"timestamp":"2026-02-15T15:14:36.618524Z","level":"info","event":"  No data for 2026 Round 17","logger":"task.stdout"}
{"timestamp":"2026-02-15T15:14:36.683786Z","level":"info","event":"  Fetching laps for 2026 Round 18...","logger":"task.stdout"}
{"timestamp":"2026-02-15T15:14:57.833541Z","level":"info","event":"  No data for 2026 Round 18","logger":"task.stdout"}
{"timestamp":"2026-02-15T15:14:57.834251Z","level":"info","event":"  Fetching laps for 2026 Round 19...","logger":"task.stdout"}
{"timestamp":"2026-02-15T15:15:20.717460Z","level":"info","event":"  No data for 2026 Round 19","logger":"task.stdout"}
{"timestamp":"2026-02-15T15:15:20.717934Z","level":"info","event":"  Fetching laps for 2026 Round 20...","logger":"task.stdout"}
{"timestamp":"2026-02-15T15:15:43.568802Z","level":"info","event":"  No data for 2026 Round 20","logger":"task.stdout"}
{"timestamp":"2026-02-15T15:15:43.569402Z","level":"info","event":"  Fetching laps for 2026 Round 21...","logger":"task.stdout"}
{"timestamp":"2026-02-15T15:16:06.482664Z","level":"info","event":"  No data for 2026 Round 21","logger":"task.stdout"}
{"timestamp":"2026-02-15T15:16:06.483205Z","level":"info","event":"  Fetching laps for 2026 Round 22...","logger":"task.stdout"}
{"timestamp":"2026-02-15T15:16:27.211103Z","level":"info","event":"  No data for 2026 Round 22","logger":"task.stdout"}
{"timestamp":"2026-02-15T15:16:27.211885Z","level":"info","event":"  Fetching laps for 2026 Round 23...","logger":"task.stdout"}
{"timestamp":"2026-02-15T15:16:50.734907Z","level":"info","event":"  No data for 2026 Round 23","logger":"task.stdout"}
{"timestamp":"2026-02-15T15:16:50.735386Z","level":"info","event":"  Fetching laps for 2026 Round 24...","logger":"task.stdout"}
{"timestamp":"2026-02-15T15:17:14.610695Z","level":"info","event":"  No data for 2026 Round 24","logger":"task.stdout"}
{"timestamp":"2026-02-15T15:17:14.611229Z","level":"info","event":"Total laps for 2026: 0","logger":"task.stdout"}
{"timestamp":"2026-02-15T15:17:14.617813Z","level":"info","event":"","logger":"task.stdout"}
{"timestamp":"2026-02-15T15:17:14.618331Z","level":"info","event":"======================================================================","logger":"task.stdout"}
{"timestamp":"2026-02-15T15:17:14.618808Z","level":"info","event":"SCRAPING COMPLETE","logger":"task.stdout"}
{"timestamp":"2026-02-15T15:17:14.619251Z","level":"info","event":"Total records: 0","logger":"task.stdout"}
{"timestamp":"2026-02-15T15:17:14.619896Z","level":"info","event":"Years covered: 2026-2026","logger":"task.stdout"}
{"timestamp":"2026-02-15T15:17:14.620302Z","level":"info","event":"======================================================================","logger":"task.stdout"}
{"timestamp":"2026-02-15T15:17:14.620841Z","level":"info","event":"","logger":"task.stdout"}
{"timestamp":"2026-02-15T15:17:14.621700Z","level":"info","event":"Transforming API data to Silver schema...","logger":"task.stdout"}
{"timestamp":"2026-02-15T15:17:14.619391Z","level":"error","event":"Task failed with exception","logger":"task","filename":"task_runner.py","lineno":1078,"error_detail":[{"exc_type":"KeyError","exc_value":"'lap'","exc_notes":[],"syntax_error":null,"is_cause":false,"frames":[{"filename":"/home/airflow/.local/lib/python3.12/site-packages/airflow/sdk/execution_time/task_runner.py","lineno":1004,"name":"run"},{"filename":"/home/airflow/.local/lib/python3.12/site-packages/airflow/sdk/execution_time/task_runner.py","lineno":1405,"name":"_execute_task"},{"filename":"/home/airflow/.local/lib/python3.12/site-packages/airflow/sdk/bases/operator.py","lineno":417,"name":"wrapper"},{"filename":"/home/airflow/.local/lib/python3.12/site-packages/airflow/providers/standard/operators/python.py","lineno":214,"name":"execute"},{"filename":"/home/airflow/.local/lib/python3.12/site-packages/airflow/providers/standard/operators/python.py","lineno":237,"name":"execute_callable"},{"filename":"/home/airflow/.local/lib/python3.12/site-packages/airflow/sdk/execution_time/callback_runner.py","lineno":82,"name":"run"},{"filename":"/opt/airflow/dags/weekly_streaming_pipeline.py","lineno":116,"name":"produce_laps"},{"filename":"/opt/airflow/dags/streaming/kafka_producers.py","lineno":371,"name":"produce_current_year"},{"filename":"/opt/airflow/dags/utils/scraper/lap.py","lineno":225,"name":"transform_to_silver_schema"},{"filename":"/home/airflow/.local/lib/python3.12/site-packages/pandas/core/frame.py","lineno":3893,"name":"__getitem__"},{"filename":"/home/airflow/.local/lib/python3.12/site-packages/pandas/core/indexes/range.py","lineno":418,"name":"get_loc"}],"is_group":false,"exceptions":[]}]}
