{"timestamp":"2026-02-17T10:59:12.235705Z","level":"info","event":"DAG bundles loaded: dags-folder","logger":"airflow.dag_processing.bundles.manager.DagBundlesManager","filename":"manager.py","lineno":179}
{"timestamp":"2026-02-17T10:59:12.244072Z","level":"info","event":"Filling up the DagBag from /opt/airflow/dags/weekly_f1_pipeline.py","logger":"airflow.models.dagbag.DagBag","filename":"dagbag.py","lineno":593}
{"timestamp":"2026-02-17T10:59:16.155520Z","level":"warning","event":"The `airflow.utils.task_group.TaskGroup` attribute is deprecated. Please use `'airflow.sdk.TaskGroup'`.","category":"DeprecatedImportWarning","filename":"/opt/airflow/dags/weekly_f1_pipeline.py","lineno":36,"logger":"py.warnings"}
{"timestamp":"2026-02-17T10:59:16.156173Z","level":"warning","event":"The `airflow.operators.trigger_dagrun.TriggerDagRunOperator` attribute is deprecated. Please use `'airflow.providers.standard.operators.trigger_dagrun.TriggerDagRunOperator'`.","category":"DeprecatedImportWarning","filename":"/opt/airflow/dags/kafka_producer_pipeline.py","lineno":35,"logger":"py.warnings"}
{"timestamp":"2026-02-17T10:59:16.233037Z","level":"info","event":"======================================================================","logger":"task.stdout"}
{"timestamp":"2026-02-17T10:59:16.233769Z","level":"info","event":"PRODUCER: fact_laps  (2026+)","logger":"task.stdout"}
{"timestamp":"2026-02-17T10:59:16.234971Z","level":"info","event":"======================================================================","logger":"task.stdout"}
{"timestamp":"2026-02-17T10:59:16.235741Z","level":"info","event":"","logger":"task.stdout"}
{"timestamp":"2026-02-17T10:59:16.236522Z","level":"info","event":"======================================================================","logger":"task.stdout"}
{"timestamp":"2026-02-17T10:59:16.237290Z","level":"info","event":"SCRAPING LAP TIMES FROM ERGAST API: 2026-2026","logger":"task.stdout"}
{"timestamp":"2026-02-17T10:59:16.237875Z","level":"info","event":"======================================================================","logger":"task.stdout"}
{"timestamp":"2026-02-17T10:59:16.238356Z","level":"info","event":"","logger":"task.stdout"}
{"timestamp":"2026-02-17T10:59:16.238988Z","level":"info","event":"","logger":"task.stdout"}
{"timestamp":"2026-02-17T10:59:16.239522Z","level":"info","event":"Scraping laps for 2026...","logger":"task.stdout"}
{"timestamp":"2026-02-17T10:59:39.966340Z","level":"info","event":"  Found 24 rounds in 2026","logger":"task.stdout"}
{"timestamp":"2026-02-17T10:59:39.967004Z","level":"info","event":"  Fetching laps for 2026 Round 1...","logger":"task.stdout"}
{"timestamp":"2026-02-17T11:00:00.863722Z","level":"info","event":"  No data for 2026 Round 1","logger":"task.stdout"}
{"timestamp":"2026-02-17T11:00:00.864331Z","level":"info","event":"  Fetching laps for 2026 Round 2...","logger":"task.stdout"}
{"timestamp":"2026-02-17T11:00:23.410953Z","level":"info","event":"  No data for 2026 Round 2","logger":"task.stdout"}
{"timestamp":"2026-02-17T11:00:23.411691Z","level":"info","event":"  Fetching laps for 2026 Round 3...","logger":"task.stdout"}
{"timestamp":"2026-02-17T11:00:46.917834Z","level":"info","event":"  No data for 2026 Round 3","logger":"task.stdout"}
{"timestamp":"2026-02-17T11:00:46.918433Z","level":"info","event":"  Fetching laps for 2026 Round 4...","logger":"task.stdout"}
{"timestamp":"2026-02-17T11:01:08.952380Z","level":"info","event":"  No data for 2026 Round 4","logger":"task.stdout"}
{"timestamp":"2026-02-17T11:01:08.953045Z","level":"info","event":"  Fetching laps for 2026 Round 5...","logger":"task.stdout"}
{"timestamp":"2026-02-17T11:01:31.735826Z","level":"info","event":"  No data for 2026 Round 5","logger":"task.stdout"}
{"timestamp":"2026-02-17T11:01:31.736357Z","level":"info","event":"  Fetching laps for 2026 Round 6...","logger":"task.stdout"}
{"timestamp":"2026-02-17T11:01:54.151839Z","level":"info","event":"  No data for 2026 Round 6","logger":"task.stdout"}
{"timestamp":"2026-02-17T11:01:54.152436Z","level":"info","event":"  Fetching laps for 2026 Round 7...","logger":"task.stdout"}
{"timestamp":"2026-02-17T11:02:18.190850Z","level":"info","event":"  No data for 2026 Round 7","logger":"task.stdout"}
{"timestamp":"2026-02-17T11:02:18.191637Z","level":"info","event":"  Fetching laps for 2026 Round 8...","logger":"task.stdout"}
{"timestamp":"2026-02-17T11:02:39.314303Z","level":"info","event":"  No data for 2026 Round 8","logger":"task.stdout"}
{"timestamp":"2026-02-17T11:02:39.314962Z","level":"info","event":"  Fetching laps for 2026 Round 9...","logger":"task.stdout"}
{"timestamp":"2026-02-17T11:03:04.123755Z","level":"info","event":"  No data for 2026 Round 9","logger":"task.stdout"}
{"timestamp":"2026-02-17T11:03:04.125179Z","level":"info","event":"  Fetching laps for 2026 Round 10...","logger":"task.stdout"}
{"timestamp":"2026-02-17T11:03:27.230883Z","level":"info","event":"  No data for 2026 Round 10","logger":"task.stdout"}
{"timestamp":"2026-02-17T11:03:27.235625Z","level":"info","event":"  Fetching laps for 2026 Round 11...","logger":"task.stdout"}
{"timestamp":"2026-02-17T11:03:50.105502Z","level":"info","event":"  No data for 2026 Round 11","logger":"task.stdout"}
{"timestamp":"2026-02-17T11:03:50.105996Z","level":"info","event":"  Fetching laps for 2026 Round 12...","logger":"task.stdout"}
{"timestamp":"2026-02-17T11:04:12.505737Z","level":"info","event":"  No data for 2026 Round 12","logger":"task.stdout"}
{"timestamp":"2026-02-17T11:04:12.506647Z","level":"info","event":"  Fetching laps for 2026 Round 13...","logger":"task.stdout"}
{"timestamp":"2026-02-17T11:04:34.042916Z","level":"info","event":"  No data for 2026 Round 13","logger":"task.stdout"}
{"timestamp":"2026-02-17T11:04:34.043682Z","level":"info","event":"  Fetching laps for 2026 Round 14...","logger":"task.stdout"}
{"timestamp":"2026-02-17T11:04:56.151808Z","level":"info","event":"  No data for 2026 Round 14","logger":"task.stdout"}
{"timestamp":"2026-02-17T11:04:56.156978Z","level":"info","event":"  Fetching laps for 2026 Round 15...","logger":"task.stdout"}
{"timestamp":"2026-02-17T11:05:18.808970Z","level":"info","event":"  No data for 2026 Round 15","logger":"task.stdout"}
{"timestamp":"2026-02-17T11:05:18.813195Z","level":"info","event":"  Fetching laps for 2026 Round 16...","logger":"task.stdout"}
{"timestamp":"2026-02-17T11:05:43.231454Z","level":"info","event":"  No data for 2026 Round 16","logger":"task.stdout"}
{"timestamp":"2026-02-17T11:05:43.232055Z","level":"info","event":"  Fetching laps for 2026 Round 17...","logger":"task.stdout"}
{"timestamp":"2026-02-17T11:06:07.531508Z","level":"info","event":"  No data for 2026 Round 17","logger":"task.stdout"}
{"timestamp":"2026-02-17T11:06:07.532101Z","level":"info","event":"  Fetching laps for 2026 Round 18...","logger":"task.stdout"}
{"timestamp":"2026-02-17T11:06:30.413482Z","level":"info","event":"  No data for 2026 Round 18","logger":"task.stdout"}
{"timestamp":"2026-02-17T11:06:30.414173Z","level":"info","event":"  Fetching laps for 2026 Round 19...","logger":"task.stdout"}
{"timestamp":"2026-02-17T11:06:51.955497Z","level":"info","event":"  No data for 2026 Round 19","logger":"task.stdout"}
{"timestamp":"2026-02-17T11:06:51.956158Z","level":"info","event":"  Fetching laps for 2026 Round 20...","logger":"task.stdout"}
{"timestamp":"2026-02-17T11:07:14.865803Z","level":"info","event":"  No data for 2026 Round 20","logger":"task.stdout"}
{"timestamp":"2026-02-17T11:07:14.868256Z","level":"info","event":"  Fetching laps for 2026 Round 21...","logger":"task.stdout"}
{"timestamp":"2026-02-17T11:07:37.207633Z","level":"info","event":"  No data for 2026 Round 21","logger":"task.stdout"}
{"timestamp":"2026-02-17T11:07:37.208217Z","level":"info","event":"  Fetching laps for 2026 Round 22...","logger":"task.stdout"}
{"timestamp":"2026-02-17T11:07:57.798823Z","level":"info","event":"  No data for 2026 Round 22","logger":"task.stdout"}
{"timestamp":"2026-02-17T11:07:57.799504Z","level":"info","event":"  Fetching laps for 2026 Round 23...","logger":"task.stdout"}
{"timestamp":"2026-02-17T11:08:18.200914Z","level":"info","event":"  No data for 2026 Round 23","logger":"task.stdout"}
{"timestamp":"2026-02-17T11:08:18.201627Z","level":"info","event":"  Fetching laps for 2026 Round 24...","logger":"task.stdout"}
{"timestamp":"2026-02-17T11:08:40.780225Z","level":"info","event":"  No data for 2026 Round 24","logger":"task.stdout"}
{"timestamp":"2026-02-17T11:08:40.784255Z","level":"info","event":"Total laps for 2026: 0","logger":"task.stdout"}
{"timestamp":"2026-02-17T11:08:40.784934Z","level":"info","event":"","logger":"task.stdout"}
{"timestamp":"2026-02-17T11:08:40.785390Z","level":"info","event":"======================================================================","logger":"task.stdout"}
{"timestamp":"2026-02-17T11:08:40.785895Z","level":"info","event":"SCRAPING COMPLETE","logger":"task.stdout"}
{"timestamp":"2026-02-17T11:08:40.786370Z","level":"info","event":"Total records: 0","logger":"task.stdout"}
{"timestamp":"2026-02-17T11:08:40.786874Z","level":"info","event":"Years covered: 2026-2026","logger":"task.stdout"}
{"timestamp":"2026-02-17T11:08:40.787367Z","level":"info","event":"======================================================================","logger":"task.stdout"}
{"timestamp":"2026-02-17T11:08:40.787858Z","level":"info","event":"","logger":"task.stdout"}
{"timestamp":"2026-02-17T11:08:40.788362Z","level":"info","event":"Transforming API data to Silver schema...","logger":"task.stdout"}
{"timestamp":"2026-02-17T11:08:40.788862Z","level":"info","event":"⚠️  No data found - returning empty list","logger":"task.stdout"}
{"timestamp":"2026-02-17T11:08:40.789367Z","level":"info","event":"  No lap data found","logger":"task.stdout"}
{"timestamp":"2026-02-17T11:08:40.810238Z","level":"info","event":"Done. Returned value was: {'new_count': 0}","logger":"airflow.task.operators.airflow.providers.standard.operators.python.PythonOperator","filename":"python.py","lineno":216}
{"timestamp":"2026-02-17T11:08:40.810660Z","level":"info","event":"Pushing xcom","ti":"RuntimeTaskInstance(id=UUID('019c6b38-f8a1-7091-8f9d-97c2d046453e'), task_id='producer.scrape_publish_laps', dag_id='weekly_f1_pipeline', run_id='scheduled__2026-02-16T08:00:00+00:00', try_number=1, dag_version_id=UUID('019c6b3f-6504-7762-8a07-8dc7f9afd1db'), map_index=-1, hostname='e6856ceb8334', context_carrier={}, task=<Task(PythonOperator): producer.scrape_publish_laps>, bundle_instance=LocalDagBundle(name=dags-folder), max_tries=2, start_date=datetime.datetime(2026, 2, 17, 10, 59, 11, 371853, tzinfo=datetime.timezone.utc), end_date=None, state=<TaskInstanceState.RUNNING: 'running'>, is_mapped=False, rendered_map_index=None)","logger":"task","filename":"task_runner.py","lineno":1450}
{"timestamp":"2026-02-18T08:57:13.278204Z","level":"info","event":"DAG bundles loaded: dags-folder","logger":"airflow.dag_processing.bundles.manager.DagBundlesManager","filename":"manager.py","lineno":179}
{"timestamp":"2026-02-18T08:57:13.290064Z","level":"info","event":"Filling up the DagBag from /opt/airflow/dags/weekly_f1_pipeline.py","logger":"airflow.models.dagbag.DagBag","filename":"dagbag.py","lineno":593}
{"timestamp":"2026-02-18T08:57:14.764572Z","level":"warning","event":"The `airflow.utils.task_group.TaskGroup` attribute is deprecated. Please use `'airflow.sdk.TaskGroup'`.","category":"DeprecatedImportWarning","filename":"/opt/airflow/dags/weekly_f1_pipeline.py","lineno":36,"logger":"py.warnings"}
{"timestamp":"2026-02-18T08:57:14.764714Z","level":"warning","event":"The `airflow.operators.trigger_dagrun.TriggerDagRunOperator` attribute is deprecated. Please use `'airflow.providers.standard.operators.trigger_dagrun.TriggerDagRunOperator'`.","category":"DeprecatedImportWarning","filename":"/opt/airflow/dags/kafka_producer_pipeline.py","lineno":35,"logger":"py.warnings"}
{"timestamp":"2026-02-18T08:57:14.814470Z","level":"info","event":"======================================================================","logger":"task.stdout"}
{"timestamp":"2026-02-18T08:57:14.815312Z","level":"info","event":"PRODUCER: fact_laps  (2026+)","logger":"task.stdout"}
{"timestamp":"2026-02-18T08:57:14.815807Z","level":"info","event":"======================================================================","logger":"task.stdout"}
{"timestamp":"2026-02-18T08:57:14.818809Z","level":"info","event":"","logger":"task.stdout"}
{"timestamp":"2026-02-18T08:57:14.819866Z","level":"info","event":"======================================================================","logger":"task.stdout"}
{"timestamp":"2026-02-18T08:57:14.820776Z","level":"info","event":"SCRAPING LAP TIMES FROM ERGAST API: 2026-2026","logger":"task.stdout"}
{"timestamp":"2026-02-18T08:57:14.821200Z","level":"info","event":"======================================================================","logger":"task.stdout"}
{"timestamp":"2026-02-18T08:57:14.821548Z","level":"info","event":"","logger":"task.stdout"}
{"timestamp":"2026-02-18T08:57:14.822068Z","level":"info","event":"","logger":"task.stdout"}
{"timestamp":"2026-02-18T08:57:14.823233Z","level":"info","event":"Scraping laps for 2026...","logger":"task.stdout"}
{"timestamp":"2026-02-18T08:57:37.682542Z","level":"info","event":"  Found 24 rounds in 2026","logger":"task.stdout"}
{"timestamp":"2026-02-18T08:57:37.682943Z","level":"info","event":"  Fetching laps for 2026 Round 1...","logger":"task.stdout"}
{"timestamp":"2026-02-18T08:58:01.208338Z","level":"info","event":"  No data for 2026 Round 1","logger":"task.stdout"}
{"timestamp":"2026-02-18T08:58:01.209041Z","level":"info","event":"  Fetching laps for 2026 Round 2...","logger":"task.stdout"}
{"timestamp":"2026-02-18T08:58:06.224187Z","level":"error","event":"Server indicated the task shouldn't be running anymore. Terminating process","detail":{"detail":{"reason":"not_running","message":"TI is no longer in the running state and task should terminate","current_state":"failed"}},"logger":"task"}
{"timestamp":"2026-02-18T08:58:11.252530Z","level":"error","event":"Task killed!","logger":"task"}
