{"timestamp":"2026-02-19T10:00:22.541577Z","level":"info","event":"DAG bundles loaded: dags-folder","logger":"airflow.dag_processing.bundles.manager.DagBundlesManager","filename":"manager.py","lineno":179}
{"timestamp":"2026-02-19T10:00:22.543089Z","level":"info","event":"Filling up the DagBag from /opt/airflow/dags/weekly_f1_pipeline.py","logger":"airflow.models.dagbag.DagBag","filename":"dagbag.py","lineno":593}
{"timestamp":"2026-02-19T10:00:29.063393Z","level":"warning","event":"The `airflow.utils.task_group.TaskGroup` attribute is deprecated. Please use `'airflow.sdk.TaskGroup'`.","category":"DeprecatedImportWarning","filename":"/opt/airflow/dags/weekly_f1_pipeline.py","lineno":36,"logger":"py.warnings"}
{"timestamp":"2026-02-19T10:00:29.063554Z","level":"warning","event":"The `airflow.operators.trigger_dagrun.TriggerDagRunOperator` attribute is deprecated. Please use `'airflow.providers.standard.operators.trigger_dagrun.TriggerDagRunOperator'`.","category":"DeprecatedImportWarning","filename":"/opt/airflow/dags/kafka_producer_pipeline.py","lineno":35,"logger":"py.warnings"}
{"timestamp":"2026-02-19T10:00:29.362828Z","level":"info","event":"======================================================================","logger":"task.stdout"}
{"timestamp":"2026-02-19T10:00:29.363244Z","level":"info","event":"PRODUCER: dim_constructor  (2026+)","logger":"task.stdout"}
{"timestamp":"2026-02-19T10:00:29.363590Z","level":"info","event":"======================================================================","logger":"task.stdout"}
{"timestamp":"2026-02-19T10:00:29.367279Z","level":"info","event":"","logger":"task.stdout"}
{"timestamp":"2026-02-19T10:00:29.368000Z","level":"info","event":"======================================================================","logger":"task.stdout"}
{"timestamp":"2026-02-19T10:00:29.368285Z","level":"info","event":"SCRAPING CONSTRUCTORS FROM API: 2026-2026","logger":"task.stdout"}
{"timestamp":"2026-02-19T10:00:29.368550Z","level":"info","event":"======================================================================","logger":"task.stdout"}
{"timestamp":"2026-02-19T10:00:29.375022Z","level":"info","event":"","logger":"task.stdout"}
{"timestamp":"2026-02-19T10:00:29.377320Z","level":"info","event":"Fetching constructors for 2026...","logger":"task.stdout"}
{"timestamp":"2026-02-19T10:00:52.098123Z","level":"info","event":"11 constructors found","logger":"task.stdout"}
{"timestamp":"2026-02-19T10:00:52.099268Z","level":"info","event":"","logger":"task.stdout"}
{"timestamp":"2026-02-19T10:00:52.099675Z","level":"info","event":"======================================================================","logger":"task.stdout"}
{"timestamp":"2026-02-19T10:00:52.100072Z","level":"info","event":"SCRAPING COMPLETE","logger":"task.stdout"}
{"timestamp":"2026-02-19T10:00:52.100433Z","level":"info","event":"Total records: 11","logger":"task.stdout"}
{"timestamp":"2026-02-19T10:00:52.100860Z","level":"info","event":"Unique constructors (by constructorId): 11","logger":"task.stdout"}
{"timestamp":"2026-02-19T10:00:52.101193Z","level":"info","event":"Years covered: 2026-2026","logger":"task.stdout"}
{"timestamp":"2026-02-19T10:00:52.101562Z","level":"info","event":"======================================================================","logger":"task.stdout"}
{"timestamp":"2026-02-19T10:00:52.101980Z","level":"info","event":"","logger":"task.stdout"}
{"timestamp":"2026-02-19T10:00:52.102388Z","level":"info","event":"Transforming API data to Silver schema...","logger":"task.stdout"}
{"timestamp":"2026-02-19T10:00:52.102777Z","level":"info","event":"Deduplication: 11 records → 11 unique constructors","logger":"task.stdout"}
{"timestamp":"2026-02-19T10:00:52.103139Z","level":"info","event":"Sorted by constructorId (alphabetically) for stable constructor_id generation","logger":"task.stdout"}
{"timestamp":"2026-02-19T10:00:52.103402Z","level":"info","event":"Generated constructor_id: 10001 - 10011","logger":"task.stdout"}
{"timestamp":"2026-02-19T10:00:52.103598Z","level":"info","event":"Transformed 11 constructors to Silver schema","logger":"task.stdout"}
{"timestamp":"2026-02-19T10:00:52.104005Z","level":"info","event":"Source: api","logger":"task.stdout"}
{"timestamp":"2026-02-19T10:00:52.104388Z","level":"info","event":"constructor_id range: 10001 - 10011","logger":"task.stdout"}
{"timestamp":"2026-02-19T10:00:52.124052Z","level":"info","event":" Downloaded dimensions/dim_constructor/dim_constructor.parquet (23 rows)","logger":"task.stdout"}
{"timestamp":"2026-02-19T10:00:52.126496Z","level":"info","event":"  No new constructors found this week","logger":"task.stdout"}
{"timestamp":"2026-02-19T10:00:52.139686Z","level":"info","event":"Done. Returned value was: {'new_count': 0}","logger":"airflow.task.operators.airflow.providers.standard.operators.python.PythonOperator","filename":"python.py","lineno":216}
{"timestamp":"2026-02-19T10:00:52.139952Z","level":"info","event":"Pushing xcom","ti":"RuntimeTaskInstance(id=UUID('019c7557-dab3-7bb9-903b-f199f716524e'), task_id='producer.scrape_publish_constructors', dag_id='weekly_f1_pipeline', run_id='manual__2026-02-19T10:00:16+00:00', try_number=1, dag_version_id=UUID('019c6ff5-b028-7014-b590-52b338429d0a'), map_index=-1, hostname='89430fcc2ad4', context_carrier={}, task=<Task(PythonOperator): producer.scrape_publish_constructors>, bundle_instance=LocalDagBundle(name=dags-folder), max_tries=2, start_date=datetime.datetime(2026, 2, 19, 10, 0, 19, 700144, tzinfo=datetime.timezone.utc), end_date=None, state=<TaskInstanceState.RUNNING: 'running'>, is_mapped=False, rendered_map_index=None)","logger":"task","filename":"task_runner.py","lineno":1450}
