{"timestamp":"2026-02-13T14:56:21.667769Z","level":"info","event":"DAG bundles loaded: dags-folder","logger":"airflow.dag_processing.bundles.manager.DagBundlesManager","filename":"manager.py","lineno":179}
{"timestamp":"2026-02-13T14:56:21.669268Z","level":"info","event":"Filling up the DagBag from /opt/airflow/dags/master_pipeline.py","logger":"airflow.models.dagbag.DagBag","filename":"dagbag.py","lineno":593}
{"timestamp":"2026-02-13T14:56:21.693549Z","level":"warning","event":"The `airflow.operators.trigger_dagrun.TriggerDagRunOperator` attribute is deprecated. Please use `'airflow.providers.standard.operators.trigger_dagrun.TriggerDagRunOperator'`.","category":"DeprecatedImportWarning","filename":"/opt/airflow/dags/master_pipeline.py","lineno":34,"logger":"py.warnings"}
{"timestamp":"2026-02-13T14:56:21.693722Z","level":"warning","event":"The `airflow.operators.python.PythonOperator` attribute is deprecated. Please use `'airflow.providers.standard.operators.python.PythonOperator'`.","category":"DeprecatedImportWarning","filename":"/opt/airflow/dags/master_pipeline.py","lineno":35,"logger":"py.warnings"}
{"timestamp":"2026-02-13T14:56:21.880911Z","level":"info","event":"Triggering Dag Run.","trigger_dag_id":"csv_bronze_to_silver","logger":"task","filename":"task_runner.py","lineno":1146}
{"timestamp":"2026-02-13T14:56:21.905229Z","level":"info","event":"Dag Run triggered successfully.","trigger_dag_id":"csv_bronze_to_silver","logger":"task","filename":"task_runner.py","lineno":1180}
{"timestamp":"2026-02-13T14:56:21.916945Z","level":"info","event":"Waiting for dag run to complete execution in allowed state.","dag_id":"csv_bronze_to_silver","run_id":"manual__2026-02-13T14:56:21.717123+00:00","allowed_state":["success"],"logger":"task","filename":"task_runner.py","lineno":1207}
{"timestamp":"2026-02-13T14:56:51.944169Z","level":"info","event":"Waiting for dag run to complete execution in allowed state.","dag_id":"csv_bronze_to_silver","run_id":"manual__2026-02-13T14:56:21.717123+00:00","allowed_state":["success"],"logger":"task","filename":"task_runner.py","lineno":1207}
{"timestamp":"2026-02-13T14:57:21.951738Z","level":"info","event":"Waiting for dag run to complete execution in allowed state.","dag_id":"csv_bronze_to_silver","run_id":"manual__2026-02-13T14:56:21.717123+00:00","allowed_state":["success"],"logger":"task","filename":"task_runner.py","lineno":1207}
{"timestamp":"2026-02-13T14:57:51.957517Z","level":"info","event":"Waiting for dag run to complete execution in allowed state.","dag_id":"csv_bronze_to_silver","run_id":"manual__2026-02-13T14:56:21.717123+00:00","allowed_state":["success"],"logger":"task","filename":"task_runner.py","lineno":1207}
{"timestamp":"2026-02-13T14:58:21.967229Z","level":"info","event":"Waiting for dag run to complete execution in allowed state.","dag_id":"csv_bronze_to_silver","run_id":"manual__2026-02-13T14:56:21.717123+00:00","allowed_state":["success"],"logger":"task","filename":"task_runner.py","lineno":1207}
{"timestamp":"2026-02-13T14:58:51.975600Z","level":"info","event":"Waiting for dag run to complete execution in allowed state.","dag_id":"csv_bronze_to_silver","run_id":"manual__2026-02-13T14:56:21.717123+00:00","allowed_state":["success"],"logger":"task","filename":"task_runner.py","lineno":1207}
{"timestamp":"2026-02-13T14:59:21.985893Z","level":"info","event":"Waiting for dag run to complete execution in allowed state.","dag_id":"csv_bronze_to_silver","run_id":"manual__2026-02-13T14:56:21.717123+00:00","allowed_state":["success"],"logger":"task","filename":"task_runner.py","lineno":1207}
{"timestamp":"2026-02-13T14:59:51.992725Z","level":"info","event":"Waiting for dag run to complete execution in allowed state.","dag_id":"csv_bronze_to_silver","run_id":"manual__2026-02-13T14:56:21.717123+00:00","allowed_state":["success"],"logger":"task","filename":"task_runner.py","lineno":1207}
{"timestamp":"2026-02-13T15:00:21.998412Z","level":"info","event":"Waiting for dag run to complete execution in allowed state.","dag_id":"csv_bronze_to_silver","run_id":"manual__2026-02-13T14:56:21.717123+00:00","allowed_state":["success"],"logger":"task","filename":"task_runner.py","lineno":1207}
{"timestamp":"2026-02-13T15:00:52.004848Z","level":"info","event":"Waiting for dag run to complete execution in allowed state.","dag_id":"csv_bronze_to_silver","run_id":"manual__2026-02-13T14:56:21.717123+00:00","allowed_state":["success"],"logger":"task","filename":"task_runner.py","lineno":1207}
{"timestamp":"2026-02-13T15:01:22.010743Z","level":"info","event":"Waiting for dag run to complete execution in allowed state.","dag_id":"csv_bronze_to_silver","run_id":"manual__2026-02-13T14:56:21.717123+00:00","allowed_state":["success"],"logger":"task","filename":"task_runner.py","lineno":1207}
{"timestamp":"2026-02-13T15:01:52.016470Z","level":"info","event":"Waiting for dag run to complete execution in allowed state.","dag_id":"csv_bronze_to_silver","run_id":"manual__2026-02-13T14:56:21.717123+00:00","allowed_state":["success"],"logger":"task","filename":"task_runner.py","lineno":1207}
{"timestamp":"2026-02-13T15:02:22.026317Z","level":"info","event":"Waiting for dag run to complete execution in allowed state.","dag_id":"csv_bronze_to_silver","run_id":"manual__2026-02-13T14:56:21.717123+00:00","allowed_state":["success"],"logger":"task","filename":"task_runner.py","lineno":1207}
{"timestamp":"2026-02-13T15:02:52.032343Z","level":"info","event":"Waiting for dag run to complete execution in allowed state.","dag_id":"csv_bronze_to_silver","run_id":"manual__2026-02-13T14:56:21.717123+00:00","allowed_state":["success"],"logger":"task","filename":"task_runner.py","lineno":1207}
{"timestamp":"2026-02-13T15:03:22.038036Z","level":"info","event":"Waiting for dag run to complete execution in allowed state.","dag_id":"csv_bronze_to_silver","run_id":"manual__2026-02-13T14:56:21.717123+00:00","allowed_state":["success"],"logger":"task","filename":"task_runner.py","lineno":1207}
{"timestamp":"2026-02-13T15:03:52.043852Z","level":"info","event":"Waiting for dag run to complete execution in allowed state.","dag_id":"csv_bronze_to_silver","run_id":"manual__2026-02-13T14:56:21.717123+00:00","allowed_state":["success"],"logger":"task","filename":"task_runner.py","lineno":1207}
{"timestamp":"2026-02-13T15:04:22.050551Z","level":"info","event":"Waiting for dag run to complete execution in allowed state.","dag_id":"csv_bronze_to_silver","run_id":"manual__2026-02-13T14:56:21.717123+00:00","allowed_state":["success"],"logger":"task","filename":"task_runner.py","lineno":1207}
{"timestamp":"2026-02-13T15:04:52.056841Z","level":"info","event":"Waiting for dag run to complete execution in allowed state.","dag_id":"csv_bronze_to_silver","run_id":"manual__2026-02-13T14:56:21.717123+00:00","allowed_state":["success"],"logger":"task","filename":"task_runner.py","lineno":1207}
{"timestamp":"2026-02-13T15:05:22.063309Z","level":"info","event":"Waiting for dag run to complete execution in allowed state.","dag_id":"csv_bronze_to_silver","run_id":"manual__2026-02-13T14:56:21.717123+00:00","allowed_state":["success"],"logger":"task","filename":"task_runner.py","lineno":1207}
{"timestamp":"2026-02-13T15:05:52.069815Z","level":"info","event":"Waiting for dag run to complete execution in allowed state.","dag_id":"csv_bronze_to_silver","run_id":"manual__2026-02-13T14:56:21.717123+00:00","allowed_state":["success"],"logger":"task","filename":"task_runner.py","lineno":1207}
{"timestamp":"2026-02-13T15:06:22.075074Z","level":"info","event":"Waiting for dag run to complete execution in allowed state.","dag_id":"csv_bronze_to_silver","run_id":"manual__2026-02-13T14:56:21.717123+00:00","allowed_state":["success"],"logger":"task","filename":"task_runner.py","lineno":1207}
{"timestamp":"2026-02-13T15:06:52.080052Z","level":"info","event":"Waiting for dag run to complete execution in allowed state.","dag_id":"csv_bronze_to_silver","run_id":"manual__2026-02-13T14:56:21.717123+00:00","allowed_state":["success"],"logger":"task","filename":"task_runner.py","lineno":1207}
{"timestamp":"2026-02-13T15:07:22.085191Z","level":"info","event":"Waiting for dag run to complete execution in allowed state.","dag_id":"csv_bronze_to_silver","run_id":"manual__2026-02-13T14:56:21.717123+00:00","allowed_state":["success"],"logger":"task","filename":"task_runner.py","lineno":1207}
{"timestamp":"2026-02-13T15:07:52.139057Z","level":"info","event":"DagRun finished with allowed state.","dag_id":"csv_bronze_to_silver","state":"success","logger":"task","filename":"task_runner.py","lineno":1232}
