{"timestamp":"2026-02-16T21:26:35.445131Z","level":"info","event":"DAG bundles loaded: dags-folder","logger":"airflow.dag_processing.bundles.manager.DagBundlesManager","filename":"manager.py","lineno":179}
{"timestamp":"2026-02-16T21:26:35.454218Z","level":"info","event":"Filling up the DagBag from /opt/airflow/dags/kafka_producer_pipeline.py","logger":"airflow.models.dagbag.DagBag","filename":"dagbag.py","lineno":593}
{"timestamp":"2026-02-16T21:26:39.076424Z","level":"warning","event":"The `airflow.operators.trigger_dagrun.TriggerDagRunOperator` attribute is deprecated. Please use `'airflow.providers.standard.operators.trigger_dagrun.TriggerDagRunOperator'`.","category":"DeprecatedImportWarning","filename":"/opt/airflow/dags/kafka_producer_pipeline.py","lineno":35,"logger":"py.warnings"}
{"timestamp":"2026-02-16T21:26:39.147527Z","level":"info","event":"======================================================================","logger":"task.stdout"}
{"timestamp":"2026-02-16T21:26:39.149479Z","level":"info","event":"PRODUCER: fact_constructor_standings  (2026+)","logger":"task.stdout"}
{"timestamp":"2026-02-16T21:26:39.150279Z","level":"info","event":"======================================================================","logger":"task.stdout"}
{"timestamp":"2026-02-16T21:26:39.151198Z","level":"info","event":"","logger":"task.stdout"}
{"timestamp":"2026-02-16T21:26:39.151874Z","level":"info","event":"======================================================================","logger":"task.stdout"}
{"timestamp":"2026-02-16T21:26:39.153474Z","level":"info","event":"SCRAPING CONSTRUCTOR STANDINGS FROM ERGAST API: 2026-2026","logger":"task.stdout"}
{"timestamp":"2026-02-16T21:26:39.154462Z","level":"info","event":"======================================================================","logger":"task.stdout"}
{"timestamp":"2026-02-16T21:26:39.155423Z","level":"info","event":"","logger":"task.stdout"}
{"timestamp":"2026-02-16T21:26:39.156387Z","level":"info","event":"Fetching constructor standings for 2026...","logger":"task.stdout"}
{"timestamp":"2026-02-16T21:27:03.194764Z","level":"info","event":"0 standings found for 2026","logger":"task.stdout"}
{"timestamp":"2026-02-16T21:27:03.201607Z","level":"info","event":"","logger":"task.stdout"}
{"timestamp":"2026-02-16T21:27:03.202077Z","level":"info","event":"======================================================================","logger":"task.stdout"}
{"timestamp":"2026-02-16T21:27:03.202433Z","level":"info","event":"SCRAPING COMPLETE","logger":"task.stdout"}
{"timestamp":"2026-02-16T21:27:03.202872Z","level":"info","event":"Total records: 0","logger":"task.stdout"}
{"timestamp":"2026-02-16T21:27:03.203188Z","level":"info","event":"Years covered: 2026-2026","logger":"task.stdout"}
{"timestamp":"2026-02-16T21:27:03.203587Z","level":"info","event":"======================================================================","logger":"task.stdout"}
{"timestamp":"2026-02-16T21:27:03.203891Z","level":"info","event":"","logger":"task.stdout"}
{"timestamp":"2026-02-16T21:27:03.204198Z","level":"info","event":"Transforming API data to Silver schema...","logger":"task.stdout"}
{"timestamp":"2026-02-16T21:27:03.204569Z","level":"info","event":"No data found - returning empty DataFrame with schema: ['cs_id', 'constructor_ref', 'race_year', 'race_round', 'cs_position', 'cs_points', 'cs_wins', 'year', 'source', 'created_at']","logger":"task.stdout"}
{"timestamp":"2026-02-16T21:27:03.204967Z","level":"info","event":"  No constructor standings data found","logger":"task.stdout"}
{"timestamp":"2026-02-16T21:27:03.228731Z","level":"info","event":"Done. Returned value was: {'new_count': 0}","logger":"airflow.task.operators.airflow.providers.standard.operators.python.PythonOperator","filename":"python.py","lineno":216}
{"timestamp":"2026-02-16T21:27:03.229756Z","level":"info","event":"Pushing xcom","ti":"RuntimeTaskInstance(id=UUID('019c6858-3a4b-7898-9aa1-f8dda2168095'), task_id='scrape_publish_constructor_standings', dag_id='kafka_producer_pipeline', run_id='manual__2026-02-16T21:25:37+00:00', try_number=1, dag_version_id=UUID('019c6853-1109-7cd6-a276-8561d0e6b26e'), map_index=-1, hostname='9ffd7d06cb04', context_carrier={}, task=<Task(PythonOperator): scrape_publish_constructor_standings>, bundle_instance=LocalDagBundle(name=dags-folder), max_tries=2, start_date=datetime.datetime(2026, 2, 16, 21, 26, 35, 128394, tzinfo=datetime.timezone.utc), end_date=None, state=<TaskInstanceState.RUNNING: 'running'>, is_mapped=False, rendered_map_index=None)","logger":"task","filename":"task_runner.py","lineno":1450}
