{"timestamp":"2026-02-14T15:11:54.331986Z","level":"info","event":"DAG bundles loaded: dags-folder","logger":"airflow.dag_processing.bundles.manager.DagBundlesManager","filename":"manager.py","lineno":179}
{"timestamp":"2026-02-14T15:11:54.334068Z","level":"info","event":"Filling up the DagBag from /opt/airflow/dags/master_pipeline.py","logger":"airflow.models.dagbag.DagBag","filename":"dagbag.py","lineno":593}
{"timestamp":"2026-02-14T15:11:54.417546Z","level":"warning","event":"The `airflow.operators.trigger_dagrun.TriggerDagRunOperator` attribute is deprecated. Please use `'airflow.providers.standard.operators.trigger_dagrun.TriggerDagRunOperator'`.","category":"DeprecatedImportWarning","filename":"/opt/airflow/dags/master_pipeline.py","lineno":34,"logger":"py.warnings"}
{"timestamp":"2026-02-14T15:11:54.418121Z","level":"warning","event":"The `airflow.operators.python.PythonOperator` attribute is deprecated. Please use `'airflow.providers.standard.operators.python.PythonOperator'`.","category":"DeprecatedImportWarning","filename":"/opt/airflow/dags/master_pipeline.py","lineno":35,"logger":"py.warnings"}
{"timestamp":"2026-02-14T15:11:54.527649Z","level":"info","event":"","logger":"task.stdout"}
{"timestamp":"2026-02-14T15:11:54.528578Z","level":"info","event":"================================================================================","logger":"task.stdout"}
{"timestamp":"2026-02-14T15:11:54.529331Z","level":"info","event":"F1 ETL MASTER PIPELINE STARTED","logger":"task.stdout"}
{"timestamp":"2026-02-14T15:11:54.530086Z","level":"info","event":"================================================================================","logger":"task.stdout"}
{"timestamp":"2026-02-14T15:11:54.530983Z","level":"info","event":"","logger":"task.stdout"}
{"timestamp":"2026-02-14T15:11:54.531787Z","level":"info","event":"Pipeline Flow:","logger":"task.stdout"}
{"timestamp":"2026-02-14T15:11:54.532592Z","level":"info","event":"  1. CSV → Silver (Dimensions + Facts)","logger":"task.stdout"}
{"timestamp":"2026-02-14T15:11:54.533497Z","level":"info","event":"  2-5. API Dimensions → Silver (PARALLEL)","logger":"task.stdout"}
{"timestamp":"2026-02-14T15:11:54.534230Z","level":"info","event":"     ├─ Constructors","logger":"task.stdout"}
{"timestamp":"2026-02-14T15:11:54.534994Z","level":"info","event":"     ├─ Drivers","logger":"task.stdout"}
{"timestamp":"2026-02-14T15:11:54.535732Z","level":"info","event":"     ├─ Circuits","logger":"task.stdout"}
{"timestamp":"2026-02-14T15:11:54.536532Z","level":"info","event":"     └─ Races","logger":"task.stdout"}
{"timestamp":"2026-02-14T15:11:54.537397Z","level":"info","event":"  6-10. API Facts → Silver (PARALLEL)","logger":"task.stdout"}
{"timestamp":"2026-02-14T15:11:54.538187Z","level":"info","event":"      ├─ Results","logger":"task.stdout"}
{"timestamp":"2026-02-14T15:11:54.538954Z","level":"info","event":"      ├─ Laps","logger":"task.stdout"}
{"timestamp":"2026-02-14T15:11:54.539689Z","level":"info","event":"      ├─ Pitstops","logger":"task.stdout"}
{"timestamp":"2026-02-14T15:11:54.540435Z","level":"info","event":"      ├─ Driver Standings","logger":"task.stdout"}
{"timestamp":"2026-02-14T15:11:54.541277Z","level":"info","event":"      └─ Constructor Standings","logger":"task.stdout"}
{"timestamp":"2026-02-14T15:11:54.542001Z","level":"info","event":"  11. Silver → Gold (PostgreSQL)","logger":"task.stdout"}
{"timestamp":"2026-02-14T15:11:54.542772Z","level":"info","event":"","logger":"task.stdout"}
{"timestamp":"2026-02-14T15:11:54.543671Z","level":"info","event":"================================================================================","logger":"task.stdout"}
{"timestamp":"2026-02-14T15:11:54.544520Z","level":"info","event":"","logger":"task.stdout"}
{"timestamp":"2026-02-14T15:11:54.527615Z","level":"info","event":"Done. Returned value was: None","logger":"airflow.task.operators.airflow.providers.standard.operators.python.PythonOperator","filename":"python.py","lineno":216}
