{"timestamp":"2026-02-16T14:33:24.577077Z","level":"info","event":"DAG bundles loaded: dags-folder","logger":"airflow.dag_processing.bundles.manager.DagBundlesManager","filename":"manager.py","lineno":179}
{"timestamp":"2026-02-16T14:33:24.580010Z","level":"info","event":"Filling up the DagBag from /opt/airflow/dags/all_silver_to_gold.py","logger":"airflow.models.dagbag.DagBag","filename":"dagbag.py","lineno":593}
{"timestamp":"2026-02-16T14:33:27.775858Z","level":"info","event":"TRANSFORM: fact_laps -> Gold PostgreSQL","logger":"task.stdout"}
{"timestamp":"2026-02-16T14:33:28.057946Z","level":"info","event":" Downloaded facts/fact_laps/year=2012/data.parquet (25184 rows)","logger":"task.stdout"}
{"timestamp":"2026-02-16T14:33:28.208784Z","level":"info","event":" Downloaded facts/fact_laps/year=2013/data.parquet (22707 rows)","logger":"task.stdout"}
{"timestamp":"2026-02-16T14:33:28.259246Z","level":"info","event":" Downloaded facts/fact_laps/year=2014/data.parquet (20874 rows)","logger":"task.stdout"}
{"timestamp":"2026-02-16T14:33:28.301351Z","level":"info","event":" Downloaded facts/fact_laps/year=2015/data.parquet (19785 rows)","logger":"task.stdout"}
{"timestamp":"2026-02-16T14:33:28.352673Z","level":"info","event":" Downloaded facts/fact_laps/year=2016/data.parquet (24366 rows)","logger":"task.stdout"}
{"timestamp":"2026-02-16T14:33:28.407456Z","level":"info","event":" Downloaded facts/fact_laps/year=2017/data.parquet (20016 rows)","logger":"task.stdout"}
{"timestamp":"2026-02-16T14:33:28.463368Z","level":"info","event":" Downloaded facts/fact_laps/year=2018/data.parquet (21935 rows)","logger":"task.stdout"}
{"timestamp":"2026-02-16T14:33:28.527394Z","level":"info","event":" Downloaded facts/fact_laps/year=2019/data.parquet (23429 rows)","logger":"task.stdout"}
{"timestamp":"2026-02-16T14:33:28.580056Z","level":"info","event":" Downloaded facts/fact_laps/year=2020/data.parquet (18207 rows)","logger":"task.stdout"}
{"timestamp":"2026-02-16T14:33:28.622209Z","level":"info","event":" Downloaded facts/fact_laps/year=2021/data.parquet (23505 rows)","logger":"task.stdout"}
{"timestamp":"2026-02-16T14:33:28.717134Z","level":"info","event":" Downloaded facts/fact_laps/year=2022/data.parquet (23284 rows)","logger":"task.stdout"}
{"timestamp":"2026-02-16T14:33:28.795491Z","level":"info","event":" Downloaded facts/fact_laps/year=2023/data.parquet (13544 rows)","logger":"task.stdout"}
{"timestamp":"2026-02-16T14:33:28.825755Z","level":"info","event":" Downloaded facts/fact_laps/year=2024/data.parquet (720 rows)","logger":"task.stdout"}
{"timestamp":"2026-02-16T14:33:28.881600Z","level":"info","event":" Downloaded facts/fact_laps/year=2025/data.parquet (720 rows)","logger":"task.stdout"}
{"timestamp":"2026-02-16T14:33:28.898452Z","level":"info","event":"Error reading facts/fact_laps/year=2026/data.parquet: S3 operation failed; code: NoSuchKey, message: The specified key does not exist., resource: /f1-silver/facts/fact_laps/year=2026/data.parquet, request_id: 1894C0AE6F65D6F4, host_id: dd9025bab4ad464b049177c95eb6ebf374d3b3fd1af9251148b658df7ac2e3e8, bucket_name: f1-silver, object_name: facts/fact_laps/year=2026/data.parquet","logger":"task.stdout"}
{"timestamp":"2026-02-16T14:33:28.901489Z","level":"info","event":"Error reading facts/fact_laps/year=2027/data.parquet: S3 operation failed; code: NoSuchKey, message: The specified key does not exist., resource: /f1-silver/facts/fact_laps/year=2027/data.parquet, request_id: 1894C0AE6FFEAE4B, host_id: dd9025bab4ad464b049177c95eb6ebf374d3b3fd1af9251148b658df7ac2e3e8, bucket_name: f1-silver, object_name: facts/fact_laps/year=2027/data.parquet","logger":"task.stdout"}
{"timestamp":"2026-02-16T14:33:28.908748Z","level":"info","event":"Error reading facts/fact_laps/year=2028/data.parquet: S3 operation failed; code: NoSuchKey, message: The specified key does not exist., resource: /f1-silver/facts/fact_laps/year=2028/data.parquet, request_id: 1894C0AE7039EE63, host_id: dd9025bab4ad464b049177c95eb6ebf374d3b3fd1af9251148b658df7ac2e3e8, bucket_name: f1-silver, object_name: facts/fact_laps/year=2028/data.parquet","logger":"task.stdout"}
{"timestamp":"2026-02-16T14:33:28.919833Z","level":"info","event":"Error reading facts/fact_laps/year=2029/data.parquet: S3 operation failed; code: NoSuchKey, message: The specified key does not exist., resource: /f1-silver/facts/fact_laps/year=2029/data.parquet, request_id: 1894C0AE70A54754, host_id: dd9025bab4ad464b049177c95eb6ebf374d3b3fd1af9251148b658df7ac2e3e8, bucket_name: f1-silver, object_name: facts/fact_laps/year=2029/data.parquet","logger":"task.stdout"}
{"timestamp":"2026-02-16T14:33:28.924286Z","level":"info","event":"Error reading facts/fact_laps/year=2030/data.parquet: S3 operation failed; code: NoSuchKey, message: The specified key does not exist., resource: /f1-silver/facts/fact_laps/year=2030/data.parquet, request_id: 1894C0AE71295091, host_id: dd9025bab4ad464b049177c95eb6ebf374d3b3fd1af9251148b658df7ac2e3e8, bucket_name: f1-silver, object_name: facts/fact_laps/year=2030/data.parquet","logger":"task.stdout"}
{"timestamp":"2026-02-16T14:33:29.199312Z","level":"info","event":"Transformed 258276 laps","logger":"task.stdout"}
{"timestamp":"2026-02-16T14:33:29.282200Z","level":"info","event":"Transformed 258276 race results","logger":"task.stdout"}
{"timestamp":"2026-02-16T14:36:04.091181Z","level":"info","event":"Loaded 258276 laps to PostgreSQL","logger":"task.stdout"}
{"timestamp":"2026-02-16T14:36:04.112987Z","level":"info","event":"Done. Returned value was: 258276","logger":"airflow.task.operators.airflow.providers.standard.operators.python.PythonOperator","filename":"python.py","lineno":216}
{"timestamp":"2026-02-16T14:36:04.113486Z","level":"info","event":"Pushing xcom","ti":"RuntimeTaskInstance(id=UUID('019c66de-962b-70b1-b324-5ed6f7b632d6'), task_id='transform_gold_fact_laps', dag_id='all_silver_to_gold', run_id='manual__2026-02-16T14:33:09.082678+00:00', try_number=1, dag_version_id=UUID('019c66aa-799f-705c-84ff-183cd8aa535c'), map_index=-1, hostname='9ffd7d06cb04', context_carrier={}, task=<Task(PythonOperator): transform_gold_fact_laps>, bundle_instance=LocalDagBundle(name=dags-folder), max_tries=1, start_date=datetime.datetime(2026, 2, 16, 14, 33, 24, 378409, tzinfo=datetime.timezone.utc), end_date=None, state=<TaskInstanceState.RUNNING: 'running'>, is_mapped=False, rendered_map_index=None)","logger":"task","filename":"task_runner.py","lineno":1450}
