{"timestamp":"2026-02-13T14:30:05.918772Z","level":"info","event":"DAG bundles loaded: dags-folder","logger":"airflow.dag_processing.bundles.manager.DagBundlesManager","filename":"manager.py","lineno":179}
{"timestamp":"2026-02-13T14:30:05.919814Z","level":"info","event":"Filling up the DagBag from /opt/airflow/dags/api_etl/api_races_bronze_to_silver.py","logger":"airflow.models.dagbag.DagBag","filename":"dagbag.py","lineno":593}
{"timestamp":"2026-02-13T14:30:06.338361Z","level":"info","event":"======================================================================","logger":"task.stdout"}
{"timestamp":"2026-02-13T14:30:06.339005Z","level":"info","event":"F1 RACE BACKFILL: ERGAST API -> SILVER","logger":"task.stdout"}
{"timestamp":"2026-02-13T14:30:06.339503Z","level":"info","event":"======================================================================","logger":"task.stdout"}
{"timestamp":"2026-02-13T14:30:06.340007Z","level":"info","event":"","logger":"task.stdout"}
{"timestamp":"2026-02-13T14:30:06.340418Z","level":"info","event":"[STEP 1] Scraping API...","logger":"task.stdout"}
{"timestamp":"2026-02-13T14:30:06.340786Z","level":"info","event":"","logger":"task.stdout"}
{"timestamp":"2026-02-13T14:30:06.341189Z","level":"info","event":"======================================================================","logger":"task.stdout"}
{"timestamp":"2026-02-13T14:30:06.341591Z","level":"info","event":"SCRAPING RACES FROM ERGAST API: 2024-2024","logger":"task.stdout"}
{"timestamp":"2026-02-13T14:30:06.341994Z","level":"info","event":"======================================================================","logger":"task.stdout"}
{"timestamp":"2026-02-13T14:30:06.342396Z","level":"info","event":"","logger":"task.stdout"}
{"timestamp":"2026-02-13T14:30:06.342750Z","level":"info","event":"Fetching races for 2024...","logger":"task.stdout"}
{"timestamp":"2026-02-13T14:30:28.948787Z","level":"info","event":"24 races found","logger":"task.stdout"}
{"timestamp":"2026-02-13T14:30:28.949872Z","level":"info","event":"","logger":"task.stdout"}
{"timestamp":"2026-02-13T14:30:28.950310Z","level":"info","event":"======================================================================","logger":"task.stdout"}
{"timestamp":"2026-02-13T14:30:28.950719Z","level":"info","event":"SCRAPING COMPLETE","logger":"task.stdout"}
{"timestamp":"2026-02-13T14:30:28.951153Z","level":"info","event":"Total records: 24","logger":"task.stdout"}
{"timestamp":"2026-02-13T14:30:28.951564Z","level":"info","event":"Years covered: 2024-2024","logger":"task.stdout"}
{"timestamp":"2026-02-13T14:30:28.951964Z","level":"info","event":"======================================================================","logger":"task.stdout"}
{"timestamp":"2026-02-13T14:30:28.952339Z","level":"info","event":"","logger":"task.stdout"}
{"timestamp":"2026-02-13T14:30:28.952803Z","level":"info","event":"API scraping complete: 24 race records","logger":"task.stdout"}
{"timestamp":"2026-02-13T14:30:28.953150Z","level":"info","event":"","logger":"task.stdout"}
{"timestamp":"2026-02-13T14:30:28.953510Z","level":"info","event":"[STEP 2] Transforming to Silver schema...","logger":"task.stdout"}
{"timestamp":"2026-02-13T14:30:28.953873Z","level":"info","event":"Transforming API data to Silver schema...","logger":"task.stdout"}
{"timestamp":"2026-02-13T14:30:28.957916Z","level":"info","event":"Sorted by season + round for stable race_id generation","logger":"task.stdout"}
{"timestamp":"2026-02-13T14:30:28.959284Z","level":"info","event":"  Generated race_id: 10001 - 10024","logger":"task.stdout"}
{"timestamp":"2026-02-13T14:30:28.967033Z","level":"warning","event":"Could not infer format, so each element will be parsed individually, falling back to `dateutil`. To ensure parsing is consistent and as-expected, please specify a format.","category":"UserWarning","filename":"/opt/airflow/dags/utils/scraper/race.py","lineno":253,"logger":"py.warnings"}
{"timestamp":"2026-02-13T14:30:28.971537Z","level":"warning","event":"Could not infer format, so each element will be parsed individually, falling back to `dateutil`. To ensure parsing is consistent and as-expected, please specify a format.","category":"UserWarning","filename":"/opt/airflow/dags/utils/scraper/race.py","lineno":253,"logger":"py.warnings"}
{"timestamp":"2026-02-13T14:30:28.973420Z","level":"warning","event":"Could not infer format, so each element will be parsed individually, falling back to `dateutil`. To ensure parsing is consistent and as-expected, please specify a format.","category":"UserWarning","filename":"/opt/airflow/dags/utils/scraper/race.py","lineno":253,"logger":"py.warnings"}
{"timestamp":"2026-02-13T14:30:28.974918Z","level":"warning","event":"Could not infer format, so each element will be parsed individually, falling back to `dateutil`. To ensure parsing is consistent and as-expected, please specify a format.","category":"UserWarning","filename":"/opt/airflow/dags/utils/scraper/race.py","lineno":253,"logger":"py.warnings"}
{"timestamp":"2026-02-13T14:30:28.977807Z","level":"warning","event":"Could not infer format, so each element will be parsed individually, falling back to `dateutil`. To ensure parsing is consistent and as-expected, please specify a format.","category":"UserWarning","filename":"/opt/airflow/dags/utils/scraper/race.py","lineno":253,"logger":"py.warnings"}
{"timestamp":"2026-02-13T14:30:28.980042Z","level":"warning","event":"Could not infer format, so each element will be parsed individually, falling back to `dateutil`. To ensure parsing is consistent and as-expected, please specify a format.","category":"UserWarning","filename":"/opt/airflow/dags/utils/scraper/race.py","lineno":253,"logger":"py.warnings"}
{"timestamp":"2026-02-13T14:30:28.982056Z","level":"info","event":"Transformed 24 races to Silver schema","logger":"task.stdout"}
{"timestamp":"2026-02-13T14:30:28.982466Z","level":"info","event":"Source: api","logger":"task.stdout"}
{"timestamp":"2026-02-13T14:30:28.982845Z","level":"info","event":"race_id range: 10001 - 10024","logger":"task.stdout"}
{"timestamp":"2026-02-13T14:30:28.983282Z","level":"info","event":"Transformation complete: 24 unique races","logger":"task.stdout"}
{"timestamp":"2026-02-13T14:30:28.983679Z","level":"info","event":"race_id range: 10001 - 10024","logger":"task.stdout"}
{"timestamp":"2026-02-13T14:30:28.984237Z","level":"info","event":"","logger":"task.stdout"}
{"timestamp":"2026-02-13T14:30:28.984615Z","level":"info","event":"[STEP 3] Loading dim_circuit for FK resolution...","logger":"task.stdout"}
{"timestamp":"2026-02-13T14:30:29.009936Z","level":"info","event":" Downloaded dimensions/dim_circuit/dim_circuit.parquet (35 rows)","logger":"task.stdout"}
{"timestamp":"2026-02-13T14:30:29.010418Z","level":"info","event":"Loaded 35 circuits from Silver","logger":"task.stdout"}
{"timestamp":"2026-02-13T14:30:29.010782Z","level":"info","event":"Created circuit_ref -> circuit_key lookup (35 entries)","logger":"task.stdout"}
{"timestamp":"2026-02-13T14:30:29.011074Z","level":"info","event":"","logger":"task.stdout"}
{"timestamp":"2026-02-13T14:30:29.011362Z","level":"info","event":"[STEP 4] Resolving circuit_key FK...","logger":"task.stdout"}
{"timestamp":"2026-02-13T14:30:29.011722Z","level":"info","event":"All 24 races resolved successfully","logger":"task.stdout"}
{"timestamp":"2026-02-13T14:30:29.012750Z","level":"info","event":"","logger":"task.stdout"}
{"timestamp":"2026-02-13T14:30:29.013100Z","level":"info","event":"[STEP 5] Loading existing Silver data...","logger":"task.stdout"}
{"timestamp":"2026-02-13T14:30:29.017622Z","level":"info","event":" Downloaded dimensions/dim_race/dim_race.parquet (232 rows)","logger":"task.stdout"}
{"timestamp":"2026-02-13T14:30:29.018183Z","level":"info","event":"Loaded 232 existing races from Silver","logger":"task.stdout"}
{"timestamp":"2026-02-13T14:30:29.018701Z","level":"info","event":"Existing sources: {'f1_data.csv': 232}","logger":"task.stdout"}
{"timestamp":"2026-02-13T14:30:29.019098Z","level":"info","event":"CSV race_id range: 860 - 1110","logger":"task.stdout"}
{"timestamp":"2026-02-13T14:30:29.019475Z","level":"info","event":"","logger":"task.stdout"}
{"timestamp":"2026-02-13T14:30:29.019879Z","level":"info","event":"[STEP 6] Merging API data with existing Silver...","logger":"task.stdout"}
{"timestamp":"2026-02-13T14:30:29.020247Z","level":"info","event":"","logger":"task.stdout"}
{"timestamp":"2026-02-13T14:30:29.020587Z","level":"info","event":"  Merge Configuration:","logger":"task.stdout"}
{"timestamp":"2026-02-13T14:30:29.020919Z","level":"info","event":"Existing races: 232","logger":"task.stdout"}
{"timestamp":"2026-02-13T14:30:29.021277Z","level":"info","event":"New API races: 24","logger":"task.stdout"}
{"timestamp":"2026-02-13T14:30:29.021623Z","level":"info","event":"Merge key: race_year + race_round (COMPOSITE natural key)","logger":"task.stdout"}
{"timestamp":"2026-02-13T14:30:29.021940Z","level":"info","event":"CSV priority: YES (skip API for CSV races)","logger":"task.stdout"}
{"timestamp":"2026-02-13T14:30:29.022370Z","level":"info","event":"","logger":"task.stdout"}
{"timestamp":"2026-02-13T14:30:29.022668Z","level":"info","event":"  Current max race_key: 232","logger":"task.stdout"}
{"timestamp":"2026-02-13T14:30:29.022882Z","level":"info","event":"","logger":"task.stdout"}
{"timestamp":"2026-02-13T14:30:29.023119Z","level":"info","event":"  Processing 24 API races:","logger":"task.stdout"}
{"timestamp":"2026-02-13T14:30:29.023345Z","level":"info","event":"","logger":"task.stdout"}
{"timestamp":"2026-02-13T14:30:29.023574Z","level":"info","event":"ADD: 2024-R1 Bahrain Grand Prix     (new race from API, race_id=10001)","logger":"task.stdout"}
{"timestamp":"2026-02-13T14:30:29.023828Z","level":"info","event":"ADD: 2024-R10 Spanish Grand Prix    (new race from API, race_id=10002)","logger":"task.stdout"}
{"timestamp":"2026-02-13T14:30:29.024857Z","level":"info","event":"ADD: 2024-R11 Austrian Grand Prix   (new race from API, race_id=10003)","logger":"task.stdout"}
{"timestamp":"2026-02-13T14:30:29.027438Z","level":"info","event":"ADD: 2024-R12 British Grand Prix    (new race from API, race_id=10004)","logger":"task.stdout"}
{"timestamp":"2026-02-13T14:30:29.029739Z","level":"info","event":"ADD: 2024-R13 Hungarian Grand Prix  (new race from API, race_id=10005)","logger":"task.stdout"}
{"timestamp":"2026-02-13T14:30:29.032043Z","level":"info","event":"ADD: 2024-R14 Belgian Grand Prix    (new race from API, race_id=10006)","logger":"task.stdout"}
{"timestamp":"2026-02-13T14:30:29.034048Z","level":"info","event":"ADD: 2024-R15 Dutch Grand Prix      (new race from API, race_id=10007)","logger":"task.stdout"}
{"timestamp":"2026-02-13T14:30:29.035998Z","level":"info","event":"ADD: 2024-R16 Italian Grand Prix    (new race from API, race_id=10008)","logger":"task.stdout"}
{"timestamp":"2026-02-13T14:30:29.037953Z","level":"info","event":"ADD: 2024-R17 Azerbaijan Grand Prix (new race from API, race_id=10009)","logger":"task.stdout"}
{"timestamp":"2026-02-13T14:30:29.040280Z","level":"info","event":"ADD: 2024-R18 Singapore Grand Prix  (new race from API, race_id=10010)","logger":"task.stdout"}
{"timestamp":"2026-02-13T14:30:29.042418Z","level":"info","event":"ADD: 2024-R19 United States Grand Prix (new race from API, race_id=10011)","logger":"task.stdout"}
{"timestamp":"2026-02-13T14:30:29.044770Z","level":"info","event":"ADD: 2024-R2 Saudi Arabian Grand Prix (new race from API, race_id=10012)","logger":"task.stdout"}
{"timestamp":"2026-02-13T14:30:29.046841Z","level":"info","event":"ADD: 2024-R20 Mexico City Grand Prix (new race from API, race_id=10013)","logger":"task.stdout"}
{"timestamp":"2026-02-13T14:30:29.049106Z","level":"info","event":"ADD: 2024-R21 São Paulo Grand Prix  (new race from API, race_id=10014)","logger":"task.stdout"}
{"timestamp":"2026-02-13T14:30:29.051194Z","level":"info","event":"ADD: 2024-R22 Las Vegas Grand Prix  (new race from API, race_id=10015)","logger":"task.stdout"}
{"timestamp":"2026-02-13T14:30:29.053134Z","level":"info","event":"ADD: 2024-R23 Qatar Grand Prix      (new race from API, race_id=10016)","logger":"task.stdout"}
{"timestamp":"2026-02-13T14:30:29.055129Z","level":"info","event":"ADD: 2024-R24 Abu Dhabi Grand Prix  (new race from API, race_id=10017)","logger":"task.stdout"}
{"timestamp":"2026-02-13T14:30:29.057076Z","level":"info","event":"ADD: 2024-R3 Australian Grand Prix  (new race from API, race_id=10018)","logger":"task.stdout"}
{"timestamp":"2026-02-13T14:30:29.059172Z","level":"info","event":"ADD: 2024-R4 Japanese Grand Prix    (new race from API, race_id=10019)","logger":"task.stdout"}
{"timestamp":"2026-02-13T14:30:29.061679Z","level":"info","event":"ADD: 2024-R5 Chinese Grand Prix     (new race from API, race_id=10020)","logger":"task.stdout"}
{"timestamp":"2026-02-13T14:30:29.063751Z","level":"info","event":"ADD: 2024-R6 Miami Grand Prix       (new race from API, race_id=10021)","logger":"task.stdout"}
{"timestamp":"2026-02-13T14:30:29.065844Z","level":"info","event":"ADD: 2024-R7 Emilia Romagna Grand Prix (new race from API, race_id=10022)","logger":"task.stdout"}
{"timestamp":"2026-02-13T14:30:29.067743Z","level":"info","event":"ADD: 2024-R8 Monaco Grand Prix      (new race from API, race_id=10023)","logger":"task.stdout"}
{"timestamp":"2026-02-13T14:30:29.069866Z","level":"info","event":"ADD: 2024-R9 Canadian Grand Prix    (new race from API, race_id=10024)","logger":"task.stdout"}
{"timestamp":"2026-02-13T14:30:29.071445Z","level":"info","event":"Merge complete: 256 total races","logger":"task.stdout"}
{"timestamp":"2026-02-13T14:30:29.071863Z","level":"info","event":"","logger":"task.stdout"}
{"timestamp":"2026-02-13T14:30:29.072274Z","level":"info","event":"[STEP 7] Writing to Silver layer...","logger":"task.stdout"}
{"timestamp":"2026-02-13T14:30:29.084494Z","level":"info","event":" Uploaded dimensions/dim_race/dim_race.parquet (256 rows)","logger":"task.stdout"}
{"timestamp":"2026-02-13T14:30:29.085047Z","level":"info","event":"Written to: s3://f1-silver/dimensions/dim_race/dim_race.parquet","logger":"task.stdout"}
{"timestamp":"2026-02-13T14:30:29.085445Z","level":"info","event":"","logger":"task.stdout"}
{"timestamp":"2026-02-13T14:30:29.085766Z","level":"info","event":"======================================================================","logger":"task.stdout"}
{"timestamp":"2026-02-13T14:30:29.086063Z","level":"info","event":"BACKFILL SUMMARY","logger":"task.stdout"}
{"timestamp":"2026-02-13T14:30:29.086363Z","level":"info","event":"======================================================================","logger":"task.stdout"}
{"timestamp":"2026-02-13T14:30:29.086657Z","level":"info","event":"  Existing races in Silver: 232","logger":"task.stdout"}
{"timestamp":"2026-02-13T14:30:29.086979Z","level":"info","event":"  API races scraped: 24","logger":"task.stdout"}
{"timestamp":"2026-02-13T14:30:29.087306Z","level":"info","event":"  Final race count: 256","logger":"task.stdout"}
{"timestamp":"2026-02-13T14:30:29.087635Z","level":"info","event":"  New races added: 24","logger":"task.stdout"}
{"timestamp":"2026-02-13T14:30:29.087921Z","level":"info","event":"","logger":"task.stdout"}
{"timestamp":"2026-02-13T14:30:29.088204Z","level":"info","event":"  Final source breakdown:","logger":"task.stdout"}
{"timestamp":"2026-02-13T14:30:29.088471Z","level":"info","event":"    f1_data.csv    : 232","logger":"task.stdout"}
{"timestamp":"2026-02-13T14:30:29.088746Z","level":"info","event":"    api            : 24","logger":"task.stdout"}
{"timestamp":"2026-02-13T14:30:29.089004Z","level":"info","event":"","logger":"task.stdout"}
{"timestamp":"2026-02-13T14:30:29.089272Z","level":"info","event":"  race_id ranges:","logger":"task.stdout"}
{"timestamp":"2026-02-13T14:30:29.089528Z","level":"info","event":"    f1_data.csv    : 860 - 1110","logger":"task.stdout"}
{"timestamp":"2026-02-13T14:30:29.089783Z","level":"info","event":"    api            : 10001 - 10024","logger":"task.stdout"}
{"timestamp":"2026-02-13T14:30:29.089984Z","level":"info","event":"======================================================================","logger":"task.stdout"}
{"timestamp":"2026-02-13T14:30:29.101697Z","level":"info","event":"Done. Returned value was: {'existing_count': 232, 'api_scraped': 24, 'final_count': 256, 'new_races_added': 24}","logger":"airflow.task.operators.airflow.providers.standard.operators.python.PythonOperator","filename":"python.py","lineno":216}
{"timestamp":"2026-02-13T14:30:29.101984Z","level":"info","event":"Pushing xcom","ti":"RuntimeTaskInstance(id=UUID('019c5768-b200-7169-b118-de8194c2d24d'), task_id='backfill_dim_race', dag_id='api_races_bronze_to_silver', run_id='manual__2026-02-13T14:30:03+00:00', try_number=1, dag_version_id=UUID('019c4cbe-c494-7eeb-8eb2-a8751a0cb1c8'), map_index=-1, hostname='6dc0edc1fac9', context_carrier={}, task=<Task(PythonOperator): backfill_dim_race>, bundle_instance=LocalDagBundle(name=dags-folder), max_tries=2, start_date=datetime.datetime(2026, 2, 13, 14, 30, 5, 877594, tzinfo=datetime.timezone.utc), end_date=None, state=<TaskInstanceState.RUNNING: 'running'>, is_mapped=False, rendered_map_index=None)","logger":"task","filename":"task_runner.py","lineno":1450}
