{"timestamp":"2026-02-16T12:50:10.514766Z","level":"info","event":"DAG bundles loaded: dags-folder","logger":"airflow.dag_processing.bundles.manager.DagBundlesManager","filename":"manager.py","lineno":179}
{"timestamp":"2026-02-16T12:50:10.531801Z","level":"info","event":"Filling up the DagBag from /opt/airflow/dags/api_results_bronze_to_silver.py","logger":"airflow.models.dagbag.DagBag","filename":"dagbag.py","lineno":593}
{"timestamp":"2026-02-16T12:50:13.294761Z","level":"info","event":"======================================================================","logger":"task.stdout"}
{"timestamp":"2026-02-16T12:50:13.295778Z","level":"info","event":"F1 RACE RESULTS BACKFILL: ERGAST API -> SILVER","logger":"task.stdout"}
{"timestamp":"2026-02-16T12:50:13.296769Z","level":"info","event":"======================================================================","logger":"task.stdout"}
{"timestamp":"2026-02-16T12:50:13.321825Z","level":"info","event":"","logger":"task.stdout"}
{"timestamp":"2026-02-16T12:50:13.322575Z","level":"info","event":"[STEP 1] Scraping API...","logger":"task.stdout"}
{"timestamp":"2026-02-16T12:50:13.323380Z","level":"info","event":"","logger":"task.stdout"}
{"timestamp":"2026-02-16T12:50:13.324102Z","level":"info","event":"======================================================================","logger":"task.stdout"}
{"timestamp":"2026-02-16T12:50:13.324733Z","level":"info","event":"SCRAPING RACE RESULTS FROM ERGAST API: 2024-2025","logger":"task.stdout"}
{"timestamp":"2026-02-16T12:50:13.325345Z","level":"info","event":"======================================================================","logger":"task.stdout"}
{"timestamp":"2026-02-16T12:50:13.326047Z","level":"info","event":"","logger":"task.stdout"}
{"timestamp":"2026-02-16T12:50:13.326735Z","level":"info","event":"Fetching race results for 2024...","logger":"task.stdout"}
{"timestamp":"2026-02-16T12:50:36.777802Z","level":"info","event":"100 results found across 6 races","logger":"task.stdout"}
{"timestamp":"2026-02-16T12:50:36.778463Z","level":"info","event":"Fetching race results for 2025...","logger":"task.stdout"}
{"timestamp":"2026-02-16T12:50:58.360329Z","level":"info","event":"100 results found across 5 races","logger":"task.stdout"}
{"timestamp":"2026-02-16T12:50:58.369549Z","level":"info","event":"","logger":"task.stdout"}
{"timestamp":"2026-02-16T12:50:58.371140Z","level":"info","event":"======================================================================","logger":"task.stdout"}
{"timestamp":"2026-02-16T12:50:58.372299Z","level":"info","event":"SCRAPING COMPLETE","logger":"task.stdout"}
{"timestamp":"2026-02-16T12:50:58.372866Z","level":"info","event":"Total records: 200","logger":"task.stdout"}
{"timestamp":"2026-02-16T12:50:58.373884Z","level":"info","event":"Years covered: 2024-2025","logger":"task.stdout"}
{"timestamp":"2026-02-16T12:50:58.374643Z","level":"info","event":"======================================================================","logger":"task.stdout"}
{"timestamp":"2026-02-16T12:50:58.375348Z","level":"info","event":"","logger":"task.stdout"}
{"timestamp":"2026-02-16T12:50:58.386024Z","level":"info","event":"API scraping complete: 200 result records","logger":"task.stdout"}
{"timestamp":"2026-02-16T12:50:58.388515Z","level":"info","event":"","logger":"task.stdout"}
{"timestamp":"2026-02-16T12:50:58.389217Z","level":"info","event":"[STEP 2] Transforming to Silver schema...","logger":"task.stdout"}
{"timestamp":"2026-02-16T12:50:58.390696Z","level":"info","event":"Transforming API data to Silver schema...","logger":"task.stdout"}
{"timestamp":"2026-02-16T12:50:58.434109Z","level":"info","event":"Sorted by year + round + position for stable result_id generation","logger":"task.stdout"}
{"timestamp":"2026-02-16T12:50:58.437087Z","level":"info","event":"Generated result_id: 10000001 - 10000200","logger":"task.stdout"}
{"timestamp":"2026-02-16T12:50:58.464813Z","level":"info","event":"Transformed 200 results to Silver schema","logger":"task.stdout"}
{"timestamp":"2026-02-16T12:50:58.465358Z","level":"info","event":"Source: api","logger":"task.stdout"}
{"timestamp":"2026-02-16T12:50:58.466824Z","level":"info","event":"result_id range: 10000001 - 10000200","logger":"task.stdout"}
{"timestamp":"2026-02-16T12:50:58.467473Z","level":"info","event":"Transformation complete: 200 results","logger":"task.stdout"}
{"timestamp":"2026-02-16T12:50:58.468126Z","level":"info","event":"result_id range: 10000001 - 10000200","logger":"task.stdout"}
{"timestamp":"2026-02-16T12:50:58.468691Z","level":"info","event":"","logger":"task.stdout"}
{"timestamp":"2026-02-16T12:50:58.469257Z","level":"info","event":"[STEP 3] Loading dimensions for FK resolution...","logger":"task.stdout"}
{"timestamp":"2026-02-16T12:50:58.535189Z","level":"info","event":" Downloaded dimensions/dim_driver/dim_driver.parquet (81 rows)","logger":"task.stdout"}
{"timestamp":"2026-02-16T12:50:58.548971Z","level":"info","event":" Downloaded dimensions/dim_constructor/dim_constructor.parquet (21 rows)","logger":"task.stdout"}
{"timestamp":"2026-02-16T12:50:58.568047Z","level":"info","event":" Downloaded dimensions/dim_race/dim_race.parquet (280 rows)","logger":"task.stdout"}
{"timestamp":"2026-02-16T12:50:58.579926Z","level":"info","event":" Downloaded dimensions/dim_time/dim_time.parquet (6940 rows)","logger":"task.stdout"}
{"timestamp":"2026-02-16T12:50:58.580620Z","level":"info","event":"Loaded dimensions:","logger":"task.stdout"}
{"timestamp":"2026-02-16T12:50:58.582066Z","level":"info","event":"  - dim_driver: 81 drivers","logger":"task.stdout"}
{"timestamp":"2026-02-16T12:50:58.582594Z","level":"info","event":"  - dim_constructor: 21 constructors","logger":"task.stdout"}
{"timestamp":"2026-02-16T12:50:58.583033Z","level":"info","event":"  - dim_race: 280 races","logger":"task.stdout"}
{"timestamp":"2026-02-16T12:50:58.588113Z","level":"info","event":"  - dim_time: 6,940 dates","logger":"task.stdout"}
{"timestamp":"2026-02-16T12:50:58.588568Z","level":"info","event":"","logger":"task.stdout"}
{"timestamp":"2026-02-16T12:50:58.588968Z","level":"info","event":"[STEP 4] Resolving foreign keys...","logger":"task.stdout"}
{"timestamp":"2026-02-16T12:50:58.606857Z","level":"info","event":"Created lookup dictionaries:","logger":"task.stdout"}
{"timestamp":"2026-02-16T12:50:58.607344Z","level":"info","event":"  - driver_ref -> driver_key: 81 entries","logger":"task.stdout"}
{"timestamp":"2026-02-16T12:50:58.607856Z","level":"info","event":"  - constructor_ref -> constructor_key: 21 entries","logger":"task.stdout"}
{"timestamp":"2026-02-16T12:50:58.608366Z","level":"info","event":"  - race_year+race_round -> race_key: 280 entries","logger":"task.stdout"}
{"timestamp":"2026-02-16T12:50:58.608796Z","level":"info","event":"  - race_date -> time_key: 6940 entries","logger":"task.stdout"}
{"timestamp":"2026-02-16T12:50:58.646174Z","level":"info","event":"All FKs resolved successfully","logger":"task.stdout"}
{"timestamp":"2026-02-16T12:50:58.646786Z","level":"info","event":"","logger":"task.stdout"}
{"timestamp":"2026-02-16T12:50:58.647413Z","level":"info","event":"[STEP 5] Loading existing Silver data...","logger":"task.stdout"}
{"timestamp":"2026-02-16T12:50:58.660854Z","level":"info","event":" Downloaded facts/fact_race_results/year=2024/data.parquet (100 rows)","logger":"task.stdout"}
{"timestamp":"2026-02-16T12:50:58.673238Z","level":"info","event":" Downloaded facts/fact_race_results/year=2025/data.parquet (100 rows)","logger":"task.stdout"}
{"timestamp":"2026-02-16T12:50:58.677168Z","level":"info","event":"Loaded 200 existing results from Silver","logger":"task.stdout"}
{"timestamp":"2026-02-16T12:50:58.678726Z","level":"info","event":"Existing sources: {'api': 200}","logger":"task.stdout"}
{"timestamp":"2026-02-16T12:50:58.679484Z","level":"info","event":"","logger":"task.stdout"}
{"timestamp":"2026-02-16T12:50:58.680170Z","level":"info","event":"[STEP 6] Merging API data with existing Silver...","logger":"task.stdout"}
{"timestamp":"2026-02-16T12:50:58.680677Z","level":"info","event":"","logger":"task.stdout"}
{"timestamp":"2026-02-16T12:50:58.681164Z","level":"info","event":"  Merge Configuration:","logger":"task.stdout"}
{"timestamp":"2026-02-16T12:50:58.681749Z","level":"info","event":"Existing results: 200","logger":"task.stdout"}
{"timestamp":"2026-02-16T12:50:58.682314Z","level":"info","event":"New API results: 200","logger":"task.stdout"}
{"timestamp":"2026-02-16T12:50:58.682839Z","level":"info","event":"Merge key: result_id (PRIMARY natural key)","logger":"task.stdout"}
{"timestamp":"2026-02-16T12:50:58.683288Z","level":"info","event":"CSV priority: YES (skip API for CSV results)","logger":"task.stdout"}
{"timestamp":"2026-02-16T12:50:58.683708Z","level":"info","event":"","logger":"task.stdout"}
{"timestamp":"2026-02-16T12:50:58.684110Z","level":"info","event":"  Current max result_key: 200","logger":"task.stdout"}
{"timestamp":"2026-02-16T12:50:58.684502Z","level":"info","event":"","logger":"task.stdout"}
{"timestamp":"2026-02-16T12:50:58.684889Z","level":"info","event":"  Processing 200 API results:","logger":"task.stdout"}
{"timestamp":"2026-02-16T12:50:58.685302Z","level":"info","event":"","logger":"task.stdout"}
{"timestamp":"2026-02-16T12:50:58.688508Z","level":"info","event":"SKIP: result_id=10000001 (duplicate, no change)","logger":"task.stdout"}
{"timestamp":"2026-02-16T12:50:58.690605Z","level":"info","event":"SKIP: result_id=10000002 (duplicate, no change)","logger":"task.stdout"}
{"timestamp":"2026-02-16T12:50:58.693450Z","level":"info","event":"SKIP: result_id=10000003 (duplicate, no change)","logger":"task.stdout"}
{"timestamp":"2026-02-16T12:50:58.696173Z","level":"info","event":"SKIP: result_id=10000004 (duplicate, no change)","logger":"task.stdout"}
{"timestamp":"2026-02-16T12:50:58.699416Z","level":"info","event":"SKIP: result_id=10000005 (duplicate, no change)","logger":"task.stdout"}
{"timestamp":"2026-02-16T12:50:58.702548Z","level":"info","event":"SKIP: result_id=10000006 (duplicate, no change)","logger":"task.stdout"}
{"timestamp":"2026-02-16T12:50:58.704890Z","level":"info","event":"SKIP: result_id=10000007 (duplicate, no change)","logger":"task.stdout"}
{"timestamp":"2026-02-16T12:50:58.707186Z","level":"info","event":"SKIP: result_id=10000008 (duplicate, no change)","logger":"task.stdout"}
{"timestamp":"2026-02-16T12:50:58.709555Z","level":"info","event":"SKIP: result_id=10000009 (duplicate, no change)","logger":"task.stdout"}
{"timestamp":"2026-02-16T12:50:58.712935Z","level":"info","event":"SKIP: result_id=10000010 (duplicate, no change)","logger":"task.stdout"}
{"timestamp":"2026-02-16T12:50:58.716176Z","level":"info","event":"SKIP: result_id=10000011 (duplicate, no change)","logger":"task.stdout"}
{"timestamp":"2026-02-16T12:50:58.719539Z","level":"info","event":"SKIP: result_id=10000012 (duplicate, no change)","logger":"task.stdout"}
{"timestamp":"2026-02-16T12:50:58.723056Z","level":"info","event":"SKIP: result_id=10000013 (duplicate, no change)","logger":"task.stdout"}
{"timestamp":"2026-02-16T12:50:58.727101Z","level":"info","event":"SKIP: result_id=10000014 (duplicate, no change)","logger":"task.stdout"}
{"timestamp":"2026-02-16T12:50:58.729969Z","level":"info","event":"SKIP: result_id=10000015 (duplicate, no change)","logger":"task.stdout"}
{"timestamp":"2026-02-16T12:50:58.732895Z","level":"info","event":"SKIP: result_id=10000016 (duplicate, no change)","logger":"task.stdout"}
{"timestamp":"2026-02-16T12:50:58.735440Z","level":"info","event":"SKIP: result_id=10000017 (duplicate, no change)","logger":"task.stdout"}
{"timestamp":"2026-02-16T12:50:58.737782Z","level":"info","event":"SKIP: result_id=10000018 (duplicate, no change)","logger":"task.stdout"}
{"timestamp":"2026-02-16T12:50:58.740090Z","level":"info","event":"SKIP: result_id=10000019 (duplicate, no change)","logger":"task.stdout"}
{"timestamp":"2026-02-16T12:50:58.743751Z","level":"info","event":"SKIP: result_id=10000020 (duplicate, no change)","logger":"task.stdout"}
{"timestamp":"2026-02-16T12:50:58.746933Z","level":"info","event":"SKIP: result_id=10000021 (duplicate, no change)","logger":"task.stdout"}
{"timestamp":"2026-02-16T12:50:58.750474Z","level":"info","event":"SKIP: result_id=10000022 (duplicate, no change)","logger":"task.stdout"}
{"timestamp":"2026-02-16T12:50:58.753755Z","level":"info","event":"SKIP: result_id=10000023 (duplicate, no change)","logger":"task.stdout"}
{"timestamp":"2026-02-16T12:50:58.756106Z","level":"info","event":"SKIP: result_id=10000024 (duplicate, no change)","logger":"task.stdout"}
{"timestamp":"2026-02-16T12:50:58.758368Z","level":"info","event":"SKIP: result_id=10000025 (duplicate, no change)","logger":"task.stdout"}
{"timestamp":"2026-02-16T12:50:58.761180Z","level":"info","event":"SKIP: result_id=10000026 (duplicate, no change)","logger":"task.stdout"}
{"timestamp":"2026-02-16T12:50:58.764611Z","level":"info","event":"SKIP: result_id=10000027 (duplicate, no change)","logger":"task.stdout"}
{"timestamp":"2026-02-16T12:50:58.766732Z","level":"info","event":"SKIP: result_id=10000028 (duplicate, no change)","logger":"task.stdout"}
{"timestamp":"2026-02-16T12:50:58.769234Z","level":"info","event":"SKIP: result_id=10000029 (duplicate, no change)","logger":"task.stdout"}
{"timestamp":"2026-02-16T12:50:58.771520Z","level":"info","event":"SKIP: result_id=10000030 (duplicate, no change)","logger":"task.stdout"}
{"timestamp":"2026-02-16T12:50:58.774813Z","level":"info","event":"SKIP: result_id=10000031 (duplicate, no change)","logger":"task.stdout"}
{"timestamp":"2026-02-16T12:50:58.778810Z","level":"info","event":"SKIP: result_id=10000032 (duplicate, no change)","logger":"task.stdout"}
{"timestamp":"2026-02-16T12:50:58.781427Z","level":"info","event":"SKIP: result_id=10000033 (duplicate, no change)","logger":"task.stdout"}
{"timestamp":"2026-02-16T12:50:58.784407Z","level":"info","event":"SKIP: result_id=10000034 (duplicate, no change)","logger":"task.stdout"}
{"timestamp":"2026-02-16T12:50:58.786409Z","level":"info","event":"SKIP: result_id=10000035 (duplicate, no change)","logger":"task.stdout"}
{"timestamp":"2026-02-16T12:50:58.788904Z","level":"info","event":"SKIP: result_id=10000036 (duplicate, no change)","logger":"task.stdout"}
{"timestamp":"2026-02-16T12:50:58.790821Z","level":"info","event":"SKIP: result_id=10000037 (duplicate, no change)","logger":"task.stdout"}
{"timestamp":"2026-02-16T12:50:58.794489Z","level":"info","event":"SKIP: result_id=10000038 (duplicate, no change)","logger":"task.stdout"}
{"timestamp":"2026-02-16T12:50:58.798204Z","level":"info","event":"SKIP: result_id=10000039 (duplicate, no change)","logger":"task.stdout"}
{"timestamp":"2026-02-16T12:50:58.801395Z","level":"info","event":"SKIP: result_id=10000040 (duplicate, no change)","logger":"task.stdout"}
{"timestamp":"2026-02-16T12:50:58.804140Z","level":"info","event":"SKIP: result_id=10000041 (duplicate, no change)","logger":"task.stdout"}
{"timestamp":"2026-02-16T12:50:58.807456Z","level":"info","event":"SKIP: result_id=10000042 (duplicate, no change)","logger":"task.stdout"}
{"timestamp":"2026-02-16T12:50:58.811032Z","level":"info","event":"SKIP: result_id=10000043 (duplicate, no change)","logger":"task.stdout"}
{"timestamp":"2026-02-16T12:50:58.814564Z","level":"info","event":"SKIP: result_id=10000044 (duplicate, no change)","logger":"task.stdout"}
{"timestamp":"2026-02-16T12:50:58.817954Z","level":"info","event":"SKIP: result_id=10000045 (duplicate, no change)","logger":"task.stdout"}
{"timestamp":"2026-02-16T12:50:58.821285Z","level":"info","event":"SKIP: result_id=10000046 (duplicate, no change)","logger":"task.stdout"}
{"timestamp":"2026-02-16T12:50:58.824346Z","level":"info","event":"SKIP: result_id=10000047 (duplicate, no change)","logger":"task.stdout"}
{"timestamp":"2026-02-16T12:50:58.827674Z","level":"info","event":"SKIP: result_id=10000048 (duplicate, no change)","logger":"task.stdout"}
{"timestamp":"2026-02-16T12:50:58.830731Z","level":"info","event":"SKIP: result_id=10000049 (duplicate, no change)","logger":"task.stdout"}
{"timestamp":"2026-02-16T12:50:58.833320Z","level":"info","event":"SKIP: result_id=10000050 (duplicate, no change)","logger":"task.stdout"}
{"timestamp":"2026-02-16T12:50:58.835452Z","level":"info","event":"SKIP: result_id=10000051 (duplicate, no change)","logger":"task.stdout"}
{"timestamp":"2026-02-16T12:50:58.837677Z","level":"info","event":"SKIP: result_id=10000052 (duplicate, no change)","logger":"task.stdout"}
{"timestamp":"2026-02-16T12:50:58.840229Z","level":"info","event":"SKIP: result_id=10000053 (duplicate, no change)","logger":"task.stdout"}
{"timestamp":"2026-02-16T12:50:58.844208Z","level":"info","event":"SKIP: result_id=10000054 (duplicate, no change)","logger":"task.stdout"}
{"timestamp":"2026-02-16T12:50:58.848283Z","level":"info","event":"SKIP: result_id=10000055 (duplicate, no change)","logger":"task.stdout"}
{"timestamp":"2026-02-16T12:50:58.850265Z","level":"info","event":"SKIP: result_id=10000056 (duplicate, no change)","logger":"task.stdout"}
{"timestamp":"2026-02-16T12:50:58.853467Z","level":"info","event":"SKIP: result_id=10000057 (duplicate, no change)","logger":"task.stdout"}
{"timestamp":"2026-02-16T12:50:58.856947Z","level":"info","event":"SKIP: result_id=10000058 (duplicate, no change)","logger":"task.stdout"}
{"timestamp":"2026-02-16T12:50:58.860507Z","level":"info","event":"SKIP: result_id=10000059 (duplicate, no change)","logger":"task.stdout"}
{"timestamp":"2026-02-16T12:50:58.864677Z","level":"info","event":"SKIP: result_id=10000060 (duplicate, no change)","logger":"task.stdout"}
{"timestamp":"2026-02-16T12:50:58.871353Z","level":"info","event":"SKIP: result_id=10000061 (duplicate, no change)","logger":"task.stdout"}
{"timestamp":"2026-02-16T12:50:58.872024Z","level":"info","event":"SKIP: result_id=10000062 (duplicate, no change)","logger":"task.stdout"}
{"timestamp":"2026-02-16T12:50:58.873482Z","level":"info","event":"SKIP: result_id=10000063 (duplicate, no change)","logger":"task.stdout"}
{"timestamp":"2026-02-16T12:50:58.875855Z","level":"info","event":"SKIP: result_id=10000064 (duplicate, no change)","logger":"task.stdout"}
{"timestamp":"2026-02-16T12:50:58.879471Z","level":"info","event":"SKIP: result_id=10000065 (duplicate, no change)","logger":"task.stdout"}
{"timestamp":"2026-02-16T12:50:58.883237Z","level":"info","event":"SKIP: result_id=10000066 (duplicate, no change)","logger":"task.stdout"}
{"timestamp":"2026-02-16T12:50:58.886842Z","level":"info","event":"SKIP: result_id=10000067 (duplicate, no change)","logger":"task.stdout"}
{"timestamp":"2026-02-16T12:50:58.890070Z","level":"info","event":"SKIP: result_id=10000068 (duplicate, no change)","logger":"task.stdout"}
{"timestamp":"2026-02-16T12:50:58.893569Z","level":"info","event":"SKIP: result_id=10000069 (duplicate, no change)","logger":"task.stdout"}
{"timestamp":"2026-02-16T12:50:58.897319Z","level":"info","event":"SKIP: result_id=10000070 (duplicate, no change)","logger":"task.stdout"}
{"timestamp":"2026-02-16T12:50:58.900718Z","level":"info","event":"SKIP: result_id=10000071 (duplicate, no change)","logger":"task.stdout"}
{"timestamp":"2026-02-16T12:50:58.903357Z","level":"info","event":"SKIP: result_id=10000072 (duplicate, no change)","logger":"task.stdout"}
{"timestamp":"2026-02-16T12:50:58.906078Z","level":"info","event":"SKIP: result_id=10000073 (duplicate, no change)","logger":"task.stdout"}
{"timestamp":"2026-02-16T12:50:58.908500Z","level":"info","event":"SKIP: result_id=10000074 (duplicate, no change)","logger":"task.stdout"}
{"timestamp":"2026-02-16T12:50:58.912227Z","level":"info","event":"SKIP: result_id=10000075 (duplicate, no change)","logger":"task.stdout"}
{"timestamp":"2026-02-16T12:50:58.914924Z","level":"info","event":"SKIP: result_id=10000076 (duplicate, no change)","logger":"task.stdout"}
{"timestamp":"2026-02-16T12:50:58.917190Z","level":"info","event":"SKIP: result_id=10000077 (duplicate, no change)","logger":"task.stdout"}
{"timestamp":"2026-02-16T12:50:58.919031Z","level":"info","event":"SKIP: result_id=10000078 (duplicate, no change)","logger":"task.stdout"}
{"timestamp":"2026-02-16T12:50:58.921384Z","level":"info","event":"SKIP: result_id=10000079 (duplicate, no change)","logger":"task.stdout"}
{"timestamp":"2026-02-16T12:50:58.924760Z","level":"info","event":"SKIP: result_id=10000080 (duplicate, no change)","logger":"task.stdout"}
{"timestamp":"2026-02-16T12:50:58.928463Z","level":"info","event":"SKIP: result_id=10000081 (duplicate, no change)","logger":"task.stdout"}
{"timestamp":"2026-02-16T12:50:58.931475Z","level":"info","event":"SKIP: result_id=10000082 (duplicate, no change)","logger":"task.stdout"}
{"timestamp":"2026-02-16T12:50:58.934350Z","level":"info","event":"SKIP: result_id=10000083 (duplicate, no change)","logger":"task.stdout"}
{"timestamp":"2026-02-16T12:50:58.938855Z","level":"info","event":"SKIP: result_id=10000084 (duplicate, no change)","logger":"task.stdout"}
{"timestamp":"2026-02-16T12:50:58.941950Z","level":"info","event":"SKIP: result_id=10000085 (duplicate, no change)","logger":"task.stdout"}
{"timestamp":"2026-02-16T12:50:58.946098Z","level":"info","event":"SKIP: result_id=10000086 (duplicate, no change)","logger":"task.stdout"}
{"timestamp":"2026-02-16T12:50:58.949476Z","level":"info","event":"SKIP: result_id=10000087 (duplicate, no change)","logger":"task.stdout"}
{"timestamp":"2026-02-16T12:50:58.953162Z","level":"info","event":"SKIP: result_id=10000088 (duplicate, no change)","logger":"task.stdout"}
{"timestamp":"2026-02-16T12:50:58.957891Z","level":"info","event":"SKIP: result_id=10000089 (duplicate, no change)","logger":"task.stdout"}
{"timestamp":"2026-02-16T12:50:58.962165Z","level":"info","event":"SKIP: result_id=10000090 (duplicate, no change)","logger":"task.stdout"}
{"timestamp":"2026-02-16T12:50:58.965444Z","level":"info","event":"SKIP: result_id=10000091 (duplicate, no change)","logger":"task.stdout"}
{"timestamp":"2026-02-16T12:50:58.969087Z","level":"info","event":"SKIP: result_id=10000092 (duplicate, no change)","logger":"task.stdout"}
{"timestamp":"2026-02-16T12:50:58.972934Z","level":"info","event":"SKIP: result_id=10000093 (duplicate, no change)","logger":"task.stdout"}
{"timestamp":"2026-02-16T12:50:58.976202Z","level":"info","event":"SKIP: result_id=10000094 (duplicate, no change)","logger":"task.stdout"}
{"timestamp":"2026-02-16T12:50:58.983424Z","level":"info","event":"SKIP: result_id=10000095 (duplicate, no change)","logger":"task.stdout"}
{"timestamp":"2026-02-16T12:50:58.987183Z","level":"info","event":"SKIP: result_id=10000096 (duplicate, no change)","logger":"task.stdout"}
{"timestamp":"2026-02-16T12:50:58.993159Z","level":"info","event":"SKIP: result_id=10000097 (duplicate, no change)","logger":"task.stdout"}
{"timestamp":"2026-02-16T12:50:59.004139Z","level":"info","event":"SKIP: result_id=10000098 (duplicate, no change)","logger":"task.stdout"}
{"timestamp":"2026-02-16T12:50:59.004964Z","level":"info","event":"SKIP: result_id=10000099 (duplicate, no change)","logger":"task.stdout"}
{"timestamp":"2026-02-16T12:50:59.009041Z","level":"info","event":"SKIP: result_id=10000100 (duplicate, no change)","logger":"task.stdout"}
{"timestamp":"2026-02-16T12:50:59.020320Z","level":"info","event":"SKIP: result_id=10000101 (duplicate, no change)","logger":"task.stdout"}
{"timestamp":"2026-02-16T12:50:59.020955Z","level":"info","event":"SKIP: result_id=10000102 (duplicate, no change)","logger":"task.stdout"}
{"timestamp":"2026-02-16T12:50:59.022166Z","level":"info","event":"SKIP: result_id=10000103 (duplicate, no change)","logger":"task.stdout"}
{"timestamp":"2026-02-16T12:50:59.026799Z","level":"info","event":"SKIP: result_id=10000104 (duplicate, no change)","logger":"task.stdout"}
{"timestamp":"2026-02-16T12:50:59.031440Z","level":"info","event":"SKIP: result_id=10000105 (duplicate, no change)","logger":"task.stdout"}
{"timestamp":"2026-02-16T12:50:59.036498Z","level":"info","event":"SKIP: result_id=10000106 (duplicate, no change)","logger":"task.stdout"}
{"timestamp":"2026-02-16T12:50:59.040798Z","level":"info","event":"SKIP: result_id=10000107 (duplicate, no change)","logger":"task.stdout"}
{"timestamp":"2026-02-16T12:50:59.044581Z","level":"info","event":"SKIP: result_id=10000108 (duplicate, no change)","logger":"task.stdout"}
{"timestamp":"2026-02-16T12:50:59.049129Z","level":"info","event":"SKIP: result_id=10000109 (duplicate, no change)","logger":"task.stdout"}
{"timestamp":"2026-02-16T12:50:59.052867Z","level":"info","event":"SKIP: result_id=10000110 (duplicate, no change)","logger":"task.stdout"}
{"timestamp":"2026-02-16T12:50:59.055378Z","level":"info","event":"SKIP: result_id=10000111 (duplicate, no change)","logger":"task.stdout"}
{"timestamp":"2026-02-16T12:50:59.060164Z","level":"info","event":"SKIP: result_id=10000112 (duplicate, no change)","logger":"task.stdout"}
{"timestamp":"2026-02-16T12:50:59.063822Z","level":"info","event":"SKIP: result_id=10000113 (duplicate, no change)","logger":"task.stdout"}
{"timestamp":"2026-02-16T12:50:59.067204Z","level":"info","event":"SKIP: result_id=10000114 (duplicate, no change)","logger":"task.stdout"}
{"timestamp":"2026-02-16T12:50:59.070933Z","level":"info","event":"SKIP: result_id=10000115 (duplicate, no change)","logger":"task.stdout"}
{"timestamp":"2026-02-16T12:50:59.075261Z","level":"info","event":"SKIP: result_id=10000116 (duplicate, no change)","logger":"task.stdout"}
{"timestamp":"2026-02-16T12:50:59.081612Z","level":"info","event":"SKIP: result_id=10000117 (duplicate, no change)","logger":"task.stdout"}
{"timestamp":"2026-02-16T12:50:59.086648Z","level":"info","event":"SKIP: result_id=10000118 (duplicate, no change)","logger":"task.stdout"}
{"timestamp":"2026-02-16T12:50:59.090565Z","level":"info","event":"SKIP: result_id=10000119 (duplicate, no change)","logger":"task.stdout"}
{"timestamp":"2026-02-16T12:50:59.096641Z","level":"info","event":"SKIP: result_id=10000120 (duplicate, no change)","logger":"task.stdout"}
{"timestamp":"2026-02-16T12:50:59.099695Z","level":"info","event":"SKIP: result_id=10000121 (duplicate, no change)","logger":"task.stdout"}
{"timestamp":"2026-02-16T12:50:59.103077Z","level":"info","event":"SKIP: result_id=10000122 (duplicate, no change)","logger":"task.stdout"}
{"timestamp":"2026-02-16T12:50:59.105435Z","level":"info","event":"SKIP: result_id=10000123 (duplicate, no change)","logger":"task.stdout"}
{"timestamp":"2026-02-16T12:50:59.107622Z","level":"info","event":"SKIP: result_id=10000124 (duplicate, no change)","logger":"task.stdout"}
{"timestamp":"2026-02-16T12:50:59.112685Z","level":"info","event":"SKIP: result_id=10000125 (duplicate, no change)","logger":"task.stdout"}
{"timestamp":"2026-02-16T12:50:59.117983Z","level":"info","event":"SKIP: result_id=10000126 (duplicate, no change)","logger":"task.stdout"}
{"timestamp":"2026-02-16T12:50:59.121285Z","level":"info","event":"SKIP: result_id=10000127 (duplicate, no change)","logger":"task.stdout"}
{"timestamp":"2026-02-16T12:50:59.123653Z","level":"info","event":"SKIP: result_id=10000128 (duplicate, no change)","logger":"task.stdout"}
{"timestamp":"2026-02-16T12:50:59.129473Z","level":"info","event":"SKIP: result_id=10000129 (duplicate, no change)","logger":"task.stdout"}
{"timestamp":"2026-02-16T12:50:59.133880Z","level":"info","event":"SKIP: result_id=10000130 (duplicate, no change)","logger":"task.stdout"}
{"timestamp":"2026-02-16T12:50:59.137515Z","level":"info","event":"SKIP: result_id=10000131 (duplicate, no change)","logger":"task.stdout"}
{"timestamp":"2026-02-16T12:50:59.141287Z","level":"info","event":"SKIP: result_id=10000132 (duplicate, no change)","logger":"task.stdout"}
{"timestamp":"2026-02-16T12:50:59.144884Z","level":"info","event":"SKIP: result_id=10000133 (duplicate, no change)","logger":"task.stdout"}
{"timestamp":"2026-02-16T12:50:59.149434Z","level":"info","event":"SKIP: result_id=10000134 (duplicate, no change)","logger":"task.stdout"}
{"timestamp":"2026-02-16T12:50:59.155514Z","level":"info","event":"SKIP: result_id=10000135 (duplicate, no change)","logger":"task.stdout"}
{"timestamp":"2026-02-16T12:50:59.159471Z","level":"info","event":"SKIP: result_id=10000136 (duplicate, no change)","logger":"task.stdout"}
{"timestamp":"2026-02-16T12:50:59.163165Z","level":"info","event":"SKIP: result_id=10000137 (duplicate, no change)","logger":"task.stdout"}
{"timestamp":"2026-02-16T12:50:59.165872Z","level":"info","event":"SKIP: result_id=10000138 (duplicate, no change)","logger":"task.stdout"}
{"timestamp":"2026-02-16T12:50:59.169119Z","level":"info","event":"SKIP: result_id=10000139 (duplicate, no change)","logger":"task.stdout"}
{"timestamp":"2026-02-16T12:50:59.172120Z","level":"info","event":"SKIP: result_id=10000140 (duplicate, no change)","logger":"task.stdout"}
{"timestamp":"2026-02-16T12:50:59.175453Z","level":"info","event":"SKIP: result_id=10000141 (duplicate, no change)","logger":"task.stdout"}
{"timestamp":"2026-02-16T12:50:59.179269Z","level":"info","event":"SKIP: result_id=10000142 (duplicate, no change)","logger":"task.stdout"}
{"timestamp":"2026-02-16T12:50:59.183720Z","level":"info","event":"SKIP: result_id=10000143 (duplicate, no change)","logger":"task.stdout"}
{"timestamp":"2026-02-16T12:50:59.188075Z","level":"info","event":"SKIP: result_id=10000144 (duplicate, no change)","logger":"task.stdout"}
{"timestamp":"2026-02-16T12:50:59.192094Z","level":"info","event":"SKIP: result_id=10000145 (duplicate, no change)","logger":"task.stdout"}
{"timestamp":"2026-02-16T12:50:59.195454Z","level":"info","event":"SKIP: result_id=10000146 (duplicate, no change)","logger":"task.stdout"}
{"timestamp":"2026-02-16T12:50:59.200378Z","level":"info","event":"SKIP: result_id=10000147 (duplicate, no change)","logger":"task.stdout"}
{"timestamp":"2026-02-16T12:50:59.206908Z","level":"info","event":"SKIP: result_id=10000148 (duplicate, no change)","logger":"task.stdout"}
{"timestamp":"2026-02-16T12:50:59.214153Z","level":"info","event":"SKIP: result_id=10000149 (duplicate, no change)","logger":"task.stdout"}
{"timestamp":"2026-02-16T12:50:59.217904Z","level":"info","event":"SKIP: result_id=10000150 (duplicate, no change)","logger":"task.stdout"}
{"timestamp":"2026-02-16T12:50:59.221990Z","level":"info","event":"SKIP: result_id=10000151 (duplicate, no change)","logger":"task.stdout"}
{"timestamp":"2026-02-16T12:50:59.227004Z","level":"info","event":"SKIP: result_id=10000152 (duplicate, no change)","logger":"task.stdout"}
{"timestamp":"2026-02-16T12:50:59.233264Z","level":"info","event":"SKIP: result_id=10000153 (duplicate, no change)","logger":"task.stdout"}
{"timestamp":"2026-02-16T12:50:59.236093Z","level":"info","event":"SKIP: result_id=10000154 (duplicate, no change)","logger":"task.stdout"}
{"timestamp":"2026-02-16T12:50:59.238466Z","level":"info","event":"SKIP: result_id=10000155 (duplicate, no change)","logger":"task.stdout"}
{"timestamp":"2026-02-16T12:50:59.242521Z","level":"info","event":"SKIP: result_id=10000156 (duplicate, no change)","logger":"task.stdout"}
{"timestamp":"2026-02-16T12:50:59.246456Z","level":"info","event":"SKIP: result_id=10000157 (duplicate, no change)","logger":"task.stdout"}
{"timestamp":"2026-02-16T12:50:59.249733Z","level":"info","event":"SKIP: result_id=10000158 (duplicate, no change)","logger":"task.stdout"}
{"timestamp":"2026-02-16T12:50:59.255910Z","level":"info","event":"SKIP: result_id=10000159 (duplicate, no change)","logger":"task.stdout"}
{"timestamp":"2026-02-16T12:50:59.256570Z","level":"info","event":"SKIP: result_id=10000160 (duplicate, no change)","logger":"task.stdout"}
{"timestamp":"2026-02-16T12:50:59.258902Z","level":"info","event":"SKIP: result_id=10000161 (duplicate, no change)","logger":"task.stdout"}
{"timestamp":"2026-02-16T12:50:59.263650Z","level":"info","event":"SKIP: result_id=10000162 (duplicate, no change)","logger":"task.stdout"}
{"timestamp":"2026-02-16T12:50:59.267052Z","level":"info","event":"SKIP: result_id=10000163 (duplicate, no change)","logger":"task.stdout"}
{"timestamp":"2026-02-16T12:50:59.270339Z","level":"info","event":"SKIP: result_id=10000164 (duplicate, no change)","logger":"task.stdout"}
{"timestamp":"2026-02-16T12:50:59.273406Z","level":"info","event":"SKIP: result_id=10000165 (duplicate, no change)","logger":"task.stdout"}
{"timestamp":"2026-02-16T12:50:59.277668Z","level":"info","event":"SKIP: result_id=10000166 (duplicate, no change)","logger":"task.stdout"}
{"timestamp":"2026-02-16T12:50:59.281823Z","level":"info","event":"SKIP: result_id=10000167 (duplicate, no change)","logger":"task.stdout"}
{"timestamp":"2026-02-16T12:50:59.284421Z","level":"info","event":"SKIP: result_id=10000168 (duplicate, no change)","logger":"task.stdout"}
{"timestamp":"2026-02-16T12:50:59.287656Z","level":"info","event":"SKIP: result_id=10000169 (duplicate, no change)","logger":"task.stdout"}
{"timestamp":"2026-02-16T12:50:59.292223Z","level":"info","event":"SKIP: result_id=10000170 (duplicate, no change)","logger":"task.stdout"}
{"timestamp":"2026-02-16T12:50:59.295363Z","level":"info","event":"SKIP: result_id=10000171 (duplicate, no change)","logger":"task.stdout"}
{"timestamp":"2026-02-16T12:50:59.297995Z","level":"info","event":"SKIP: result_id=10000172 (duplicate, no change)","logger":"task.stdout"}
{"timestamp":"2026-02-16T12:50:59.300796Z","level":"info","event":"SKIP: result_id=10000173 (duplicate, no change)","logger":"task.stdout"}
{"timestamp":"2026-02-16T12:50:59.303992Z","level":"info","event":"SKIP: result_id=10000174 (duplicate, no change)","logger":"task.stdout"}
{"timestamp":"2026-02-16T12:50:59.308189Z","level":"info","event":"SKIP: result_id=10000175 (duplicate, no change)","logger":"task.stdout"}
{"timestamp":"2026-02-16T12:50:59.308859Z","level":"info","event":"SKIP: result_id=10000176 (duplicate, no change)","logger":"task.stdout"}
{"timestamp":"2026-02-16T12:50:59.313508Z","level":"info","event":"SKIP: result_id=10000177 (duplicate, no change)","logger":"task.stdout"}
{"timestamp":"2026-02-16T12:50:59.315221Z","level":"info","event":"SKIP: result_id=10000178 (duplicate, no change)","logger":"task.stdout"}
{"timestamp":"2026-02-16T12:50:59.317812Z","level":"info","event":"SKIP: result_id=10000179 (duplicate, no change)","logger":"task.stdout"}
{"timestamp":"2026-02-16T12:50:59.320781Z","level":"info","event":"SKIP: result_id=10000180 (duplicate, no change)","logger":"task.stdout"}
{"timestamp":"2026-02-16T12:50:59.324311Z","level":"info","event":"SKIP: result_id=10000181 (duplicate, no change)","logger":"task.stdout"}
{"timestamp":"2026-02-16T12:50:59.325164Z","level":"info","event":"SKIP: result_id=10000182 (duplicate, no change)","logger":"task.stdout"}
{"timestamp":"2026-02-16T12:50:59.329007Z","level":"info","event":"SKIP: result_id=10000183 (duplicate, no change)","logger":"task.stdout"}
{"timestamp":"2026-02-16T12:50:59.331151Z","level":"info","event":"SKIP: result_id=10000184 (duplicate, no change)","logger":"task.stdout"}
{"timestamp":"2026-02-16T12:50:59.333381Z","level":"info","event":"SKIP: result_id=10000185 (duplicate, no change)","logger":"task.stdout"}
{"timestamp":"2026-02-16T12:50:59.336150Z","level":"info","event":"SKIP: result_id=10000186 (duplicate, no change)","logger":"task.stdout"}
{"timestamp":"2026-02-16T12:50:59.337190Z","level":"info","event":"SKIP: result_id=10000187 (duplicate, no change)","logger":"task.stdout"}
{"timestamp":"2026-02-16T12:50:59.339778Z","level":"info","event":"SKIP: result_id=10000188 (duplicate, no change)","logger":"task.stdout"}
{"timestamp":"2026-02-16T12:50:59.341563Z","level":"info","event":"SKIP: result_id=10000189 (duplicate, no change)","logger":"task.stdout"}
{"timestamp":"2026-02-16T12:50:59.345030Z","level":"info","event":"SKIP: result_id=10000190 (duplicate, no change)","logger":"task.stdout"}
{"timestamp":"2026-02-16T12:50:59.348244Z","level":"info","event":"SKIP: result_id=10000191 (duplicate, no change)","logger":"task.stdout"}
{"timestamp":"2026-02-16T12:50:59.350960Z","level":"info","event":"SKIP: result_id=10000192 (duplicate, no change)","logger":"task.stdout"}
{"timestamp":"2026-02-16T12:50:59.354827Z","level":"info","event":"SKIP: result_id=10000193 (duplicate, no change)","logger":"task.stdout"}
{"timestamp":"2026-02-16T12:50:59.356801Z","level":"info","event":"SKIP: result_id=10000194 (duplicate, no change)","logger":"task.stdout"}
{"timestamp":"2026-02-16T12:50:59.360164Z","level":"info","event":"SKIP: result_id=10000195 (duplicate, no change)","logger":"task.stdout"}
{"timestamp":"2026-02-16T12:50:59.363570Z","level":"info","event":"SKIP: result_id=10000196 (duplicate, no change)","logger":"task.stdout"}
{"timestamp":"2026-02-16T12:50:59.366838Z","level":"info","event":"SKIP: result_id=10000197 (duplicate, no change)","logger":"task.stdout"}
{"timestamp":"2026-02-16T12:50:59.370547Z","level":"info","event":"SKIP: result_id=10000198 (duplicate, no change)","logger":"task.stdout"}
{"timestamp":"2026-02-16T12:50:59.373216Z","level":"info","event":"SKIP: result_id=10000199 (duplicate, no change)","logger":"task.stdout"}
{"timestamp":"2026-02-16T12:50:59.375387Z","level":"info","event":"SKIP: result_id=10000200 (duplicate, no change)","logger":"task.stdout"}
{"timestamp":"2026-02-16T12:50:59.380641Z","level":"info","event":"Merge complete: 200 total results","logger":"task.stdout"}
{"timestamp":"2026-02-16T12:50:59.381436Z","level":"info","event":"","logger":"task.stdout"}
{"timestamp":"2026-02-16T12:50:59.382122Z","level":"info","event":"[STEP 7] Writing to Silver layer (partitioned by year)...","logger":"task.stdout"}
{"timestamp":"2026-02-16T12:50:59.417491Z","level":"info","event":"Uploaded facts/fact_race_results/year=2024/data.parquet (100 rows)","logger":"task.stdout"}
{"timestamp":"2026-02-16T12:50:59.419605Z","level":"info","event":"  Year 2024: 100 results written","logger":"task.stdout"}
{"timestamp":"2026-02-16T12:50:59.453312Z","level":"info","event":"Uploaded facts/fact_race_results/year=2025/data.parquet (100 rows)","logger":"task.stdout"}
{"timestamp":"2026-02-16T12:50:59.454285Z","level":"info","event":"  Year 2025: 100 results written","logger":"task.stdout"}
{"timestamp":"2026-02-16T12:50:59.455155Z","level":"info","event":"Written to: s3://f1-silver/facts/fact_race_results/year=*/data.parquet","logger":"task.stdout"}
{"timestamp":"2026-02-16T12:50:59.457700Z","level":"info","event":"","logger":"task.stdout"}
{"timestamp":"2026-02-16T12:50:59.458832Z","level":"info","event":"======================================================================","logger":"task.stdout"}
{"timestamp":"2026-02-16T12:50:59.459655Z","level":"info","event":"BACKFILL SUMMARY","logger":"task.stdout"}
{"timestamp":"2026-02-16T12:50:59.460667Z","level":"info","event":"======================================================================","logger":"task.stdout"}
{"timestamp":"2026-02-16T12:50:59.461395Z","level":"info","event":"  Existing results in Silver: 200","logger":"task.stdout"}
{"timestamp":"2026-02-16T12:50:59.462063Z","level":"info","event":"  API results scraped: 200","logger":"task.stdout"}
{"timestamp":"2026-02-16T12:50:59.462694Z","level":"info","event":"  Final result count: 200","logger":"task.stdout"}
{"timestamp":"2026-02-16T12:50:59.463461Z","level":"info","event":"  New results added: 0","logger":"task.stdout"}
{"timestamp":"2026-02-16T12:50:59.464196Z","level":"info","event":"","logger":"task.stdout"}
{"timestamp":"2026-02-16T12:50:59.464881Z","level":"info","event":"  Final source breakdown:","logger":"task.stdout"}
{"timestamp":"2026-02-16T12:50:59.465552Z","level":"info","event":"    api            : 200","logger":"task.stdout"}
{"timestamp":"2026-02-16T12:50:59.466639Z","level":"info","event":"","logger":"task.stdout"}
{"timestamp":"2026-02-16T12:50:59.467202Z","level":"info","event":"  result_id ranges:","logger":"task.stdout"}
{"timestamp":"2026-02-16T12:50:59.467779Z","level":"info","event":"    api            : 10000001 - 10000200","logger":"task.stdout"}
{"timestamp":"2026-02-16T12:50:59.468361Z","level":"info","event":"======================================================================","logger":"task.stdout"}
{"timestamp":"2026-02-16T12:50:59.546208Z","level":"info","event":"Done. Returned value was: {'existing_count': 200, 'api_scraped': 200, 'final_count': 200, 'new_results_added': 0}","logger":"airflow.task.operators.airflow.providers.standard.operators.python.PythonOperator","filename":"python.py","lineno":216}
{"timestamp":"2026-02-16T12:50:59.549049Z","level":"info","event":"Pushing xcom","ti":"RuntimeTaskInstance(id=UUID('019c6680-1fb0-7e9a-8c80-64b9797bb7ee'), task_id='backfill_fact_race_results', dag_id='api_results_bronze_to_silver', run_id='manual__2026-02-16T12:49:57.853104+00:00', try_number=1, dag_version_id=UUID('019c667c-97f3-76bb-9568-d1f9140edfb6'), map_index=-1, hostname='9ffd7d06cb04', context_carrier={}, task=<Task(PythonOperator): backfill_fact_race_results>, bundle_instance=LocalDagBundle(name=dags-folder), max_tries=2, start_date=datetime.datetime(2026, 2, 16, 12, 50, 9, 966729, tzinfo=datetime.timezone.utc), end_date=None, state=<TaskInstanceState.RUNNING: 'running'>, is_mapped=False, rendered_map_index=None)","logger":"task","filename":"task_runner.py","lineno":1450}
