{"timestamp":"2026-02-16T14:12:04.849884Z","level":"info","event":"DAG bundles loaded: dags-folder","logger":"airflow.dag_processing.bundles.manager.DagBundlesManager","filename":"manager.py","lineno":179}
{"timestamp":"2026-02-16T14:12:04.852551Z","level":"info","event":"Filling up the DagBag from /opt/airflow/dags/api_pitstops_bronze_to_silver.py","logger":"airflow.models.dagbag.DagBag","filename":"dagbag.py","lineno":593}
{"timestamp":"2026-02-16T14:12:06.681226Z","level":"info","event":"======================================================================","logger":"task.stdout"}
{"timestamp":"2026-02-16T14:12:06.683855Z","level":"info","event":"F1 PIT STOPS BACKFILL: ERGAST API -> SILVER","logger":"task.stdout"}
{"timestamp":"2026-02-16T14:12:06.684570Z","level":"info","event":"======================================================================","logger":"task.stdout"}
{"timestamp":"2026-02-16T14:12:06.685376Z","level":"info","event":"","logger":"task.stdout"}
{"timestamp":"2026-02-16T14:12:06.685954Z","level":"info","event":"[STEP 1] Scraping API...","logger":"task.stdout"}
{"timestamp":"2026-02-16T14:12:06.686527Z","level":"info","event":"","logger":"task.stdout"}
{"timestamp":"2026-02-16T14:12:06.687405Z","level":"info","event":"======================================================================","logger":"task.stdout"}
{"timestamp":"2026-02-16T14:12:06.687964Z","level":"info","event":"SCRAPING PIT STOPS FROM ERGAST API: 2024-2025","logger":"task.stdout"}
{"timestamp":"2026-02-16T14:12:06.688571Z","level":"info","event":"======================================================================","logger":"task.stdout"}
{"timestamp":"2026-02-16T14:12:06.689293Z","level":"info","event":"","logger":"task.stdout"}
{"timestamp":"2026-02-16T14:12:06.689978Z","level":"info","event":"","logger":"task.stdout"}
{"timestamp":"2026-02-16T14:12:06.690686Z","level":"info","event":"======================================================================","logger":"task.stdout"}
{"timestamp":"2026-02-16T14:12:06.691338Z","level":"info","event":"SCRAPING PIT STOPS FOR 2024","logger":"task.stdout"}
{"timestamp":"2026-02-16T14:12:06.691894Z","level":"info","event":"======================================================================","logger":"task.stdout"}
{"timestamp":"2026-02-16T14:12:06.692583Z","level":"info","event":"","logger":"task.stdout"}
{"timestamp":"2026-02-16T14:12:06.693152Z","level":"info","event":"Fetching pit stops for 2024 Round 1...","logger":"task.stdout"}
{"timestamp":"2026-02-16T14:12:09.699352Z","level":"info","event":"  43 pit stops found","logger":"task.stdout"}
{"timestamp":"2026-02-16T14:12:09.699920Z","level":"info","event":"Fetching pit stops for 2024 Round 2...","logger":"task.stdout"}
{"timestamp":"2026-02-16T14:12:14.768427Z","level":"info","event":"  19 pit stops found","logger":"task.stdout"}
{"timestamp":"2026-02-16T14:12:14.769051Z","level":"info","event":"Fetching pit stops for 2024 Round 3...","logger":"task.stdout"}
{"timestamp":"2026-02-16T14:12:18.472283Z","level":"info","event":"  36 pit stops found","logger":"task.stdout"}
{"timestamp":"2026-02-16T14:12:18.472795Z","level":"info","event":"Fetching pit stops for 2024 Round 4...","logger":"task.stdout"}
{"timestamp":"2026-02-16T14:12:21.839741Z","level":"info","event":"  54 pit stops found","logger":"task.stdout"}
{"timestamp":"2026-02-16T14:12:21.840548Z","level":"info","event":"Fetching pit stops for 2024 Round 5...","logger":"task.stdout"}
{"timestamp":"2026-02-16T14:12:26.553095Z","level":"info","event":"  40 pit stops found","logger":"task.stdout"}
{"timestamp":"2026-02-16T14:12:26.553813Z","level":"info","event":"Fetching pit stops for 2024 Round 6...","logger":"task.stdout"}
{"timestamp":"2026-02-16T14:12:32.044868Z","level":"info","event":"  28 pit stops found","logger":"task.stdout"}
{"timestamp":"2026-02-16T14:12:32.047279Z","level":"info","event":"Fetching pit stops for 2024 Round 7...","logger":"task.stdout"}
{"timestamp":"2026-02-16T14:12:36.562947Z","level":"info","event":"  27 pit stops found","logger":"task.stdout"}
{"timestamp":"2026-02-16T14:12:36.564831Z","level":"info","event":"Fetching pit stops for 2024 Round 8...","logger":"task.stdout"}
{"timestamp":"2026-02-16T14:12:40.273532Z","level":"info","event":"  23 pit stops found","logger":"task.stdout"}
{"timestamp":"2026-02-16T14:12:40.274130Z","level":"info","event":"Fetching pit stops for 2024 Round 9...","logger":"task.stdout"}
{"timestamp":"2026-02-16T14:12:45.848898Z","level":"info","event":"  42 pit stops found","logger":"task.stdout"}
{"timestamp":"2026-02-16T14:12:45.849510Z","level":"info","event":"Fetching pit stops for 2024 Round 10...","logger":"task.stdout"}
{"timestamp":"2026-02-16T14:12:50.348831Z","level":"info","event":"  42 pit stops found","logger":"task.stdout"}
{"timestamp":"2026-02-16T14:12:50.349524Z","level":"info","event":"Fetching pit stops for 2024 Round 11...","logger":"task.stdout"}
{"timestamp":"2026-02-16T14:12:55.349175Z","level":"info","event":"  45 pit stops found","logger":"task.stdout"}
{"timestamp":"2026-02-16T14:12:55.349779Z","level":"info","event":"Fetching pit stops for 2024 Round 12...","logger":"task.stdout"}
{"timestamp":"2026-02-16T14:13:00.434861Z","level":"info","event":"  45 pit stops found","logger":"task.stdout"}
{"timestamp":"2026-02-16T14:13:00.435493Z","level":"info","event":"Fetching pit stops for 2024 Round 13...","logger":"task.stdout"}
{"timestamp":"2026-02-16T14:13:05.939682Z","level":"info","event":"  40 pit stops found","logger":"task.stdout"}
{"timestamp":"2026-02-16T14:13:05.940431Z","level":"info","event":"Fetching pit stops for 2024 Round 14...","logger":"task.stdout"}
{"timestamp":"2026-02-16T14:13:11.623646Z","level":"info","event":"  34 pit stops found","logger":"task.stdout"}
{"timestamp":"2026-02-16T14:13:11.624247Z","level":"info","event":"Fetching pit stops for 2024 Round 15...","logger":"task.stdout"}
{"timestamp":"2026-02-16T14:13:16.217292Z","level":"info","event":"  26 pit stops found","logger":"task.stdout"}
{"timestamp":"2026-02-16T14:13:16.217808Z","level":"info","event":"Fetching pit stops for 2024 Round 16...","logger":"task.stdout"}
{"timestamp":"2026-02-16T14:13:20.304161Z","level":"info","event":"  30 pit stops found","logger":"task.stdout"}
{"timestamp":"2026-02-16T14:13:20.304961Z","level":"info","event":"Fetching pit stops for 2024 Round 17...","logger":"task.stdout"}
{"timestamp":"2026-02-16T14:13:26.250486Z","level":"info","event":"  22 pit stops found","logger":"task.stdout"}
{"timestamp":"2026-02-16T14:13:26.251166Z","level":"info","event":"Fetching pit stops for 2024 Round 18...","logger":"task.stdout"}
{"timestamp":"2026-02-16T14:13:31.092874Z","level":"info","event":"  23 pit stops found","logger":"task.stdout"}
{"timestamp":"2026-02-16T14:13:31.093500Z","level":"info","event":"Fetching pit stops for 2024 Round 19...","logger":"task.stdout"}
{"timestamp":"2026-02-16T14:13:36.421846Z","level":"info","event":"  23 pit stops found","logger":"task.stdout"}
{"timestamp":"2026-02-16T14:13:36.422331Z","level":"info","event":"Fetching pit stops for 2024 Round 20...","logger":"task.stdout"}
{"timestamp":"2026-02-16T14:13:40.322129Z","level":"info","event":"  21 pit stops found","logger":"task.stdout"}
{"timestamp":"2026-02-16T14:13:40.325819Z","level":"info","event":"Fetching pit stops for 2024 Round 21...","logger":"task.stdout"}
{"timestamp":"2026-02-16T14:13:44.450098Z","level":"info","event":"  35 pit stops found","logger":"task.stdout"}
{"timestamp":"2026-02-16T14:13:44.450847Z","level":"info","event":"Fetching pit stops for 2024 Round 22...","logger":"task.stdout"}
{"timestamp":"2026-02-16T14:13:49.245532Z","level":"info","event":"  39 pit stops found","logger":"task.stdout"}
{"timestamp":"2026-02-16T14:13:49.246165Z","level":"info","event":"Fetching pit stops for 2024 Round 23...","logger":"task.stdout"}
{"timestamp":"2026-02-16T14:13:54.330568Z","level":"info","event":"  60 pit stops found","logger":"task.stdout"}
{"timestamp":"2026-02-16T14:13:54.331153Z","level":"info","event":"Fetching pit stops for 2024 Round 24...","logger":"task.stdout"}
{"timestamp":"2026-02-16T14:14:00.465331Z","level":"info","event":"  28 pit stops found","logger":"task.stdout"}
{"timestamp":"2026-02-16T14:14:00.466145Z","level":"info","event":"Fetching pit stops for 2024 Round 25...","logger":"task.stdout"}
{"timestamp":"2026-02-16T14:14:04.434381Z","level":"info","event":"  No data for 2024 Round 25","logger":"task.stdout"}
{"timestamp":"2026-02-16T14:14:04.434866Z","level":"info","event":"","logger":"task.stdout"}
{"timestamp":"2026-02-16T14:14:04.435304Z","level":"info","event":"Total pit stops for 2024: 825","logger":"task.stdout"}
{"timestamp":"2026-02-16T14:14:04.435788Z","level":"info","event":"","logger":"task.stdout"}
{"timestamp":"2026-02-16T14:14:04.436325Z","level":"info","event":"======================================================================","logger":"task.stdout"}
{"timestamp":"2026-02-16T14:14:04.436742Z","level":"info","event":"SCRAPING PIT STOPS FOR 2025","logger":"task.stdout"}
{"timestamp":"2026-02-16T14:14:04.437141Z","level":"info","event":"======================================================================","logger":"task.stdout"}
{"timestamp":"2026-02-16T14:14:04.437689Z","level":"info","event":"","logger":"task.stdout"}
{"timestamp":"2026-02-16T14:14:04.438164Z","level":"info","event":"Fetching pit stops for 2025 Round 1...","logger":"task.stdout"}
{"timestamp":"2026-02-16T14:14:07.272128Z","level":"info","event":"  82 pit stops found","logger":"task.stdout"}
{"timestamp":"2026-02-16T14:14:07.272587Z","level":"info","event":"Fetching pit stops for 2025 Round 2...","logger":"task.stdout"}
{"timestamp":"2026-02-16T14:14:11.482442Z","level":"info","event":"  25 pit stops found","logger":"task.stdout"}
{"timestamp":"2026-02-16T14:14:11.483068Z","level":"info","event":"Fetching pit stops for 2025 Round 3...","logger":"task.stdout"}
{"timestamp":"2026-02-16T14:14:16.488259Z","level":"info","event":"  21 pit stops found","logger":"task.stdout"}
{"timestamp":"2026-02-16T14:14:16.488832Z","level":"info","event":"Fetching pit stops for 2025 Round 4...","logger":"task.stdout"}
{"timestamp":"2026-02-16T14:14:19.134373Z","level":"info","event":"  42 pit stops found","logger":"task.stdout"}
{"timestamp":"2026-02-16T14:14:19.134894Z","level":"info","event":"Fetching pit stops for 2025 Round 5...","logger":"task.stdout"}
{"timestamp":"2026-02-16T14:14:24.180822Z","level":"info","event":"  19 pit stops found","logger":"task.stdout"}
{"timestamp":"2026-02-16T14:14:24.181675Z","level":"info","event":"Fetching pit stops for 2025 Round 6...","logger":"task.stdout"}
{"timestamp":"2026-02-16T14:14:28.531394Z","level":"info","event":"  18 pit stops found","logger":"task.stdout"}
{"timestamp":"2026-02-16T14:14:28.531947Z","level":"info","event":"Fetching pit stops for 2025 Round 7...","logger":"task.stdout"}
{"timestamp":"2026-02-16T14:14:33.447685Z","level":"info","event":"  37 pit stops found","logger":"task.stdout"}
{"timestamp":"2026-02-16T14:14:33.448423Z","level":"info","event":"Fetching pit stops for 2025 Round 8...","logger":"task.stdout"}
{"timestamp":"2026-02-16T14:14:37.166406Z","level":"info","event":"  40 pit stops found","logger":"task.stdout"}
{"timestamp":"2026-02-16T14:14:37.167087Z","level":"info","event":"Fetching pit stops for 2025 Round 9...","logger":"task.stdout"}
{"timestamp":"2026-02-16T14:14:39.785318Z","level":"info","event":"  54 pit stops found","logger":"task.stdout"}
{"timestamp":"2026-02-16T14:14:39.785988Z","level":"info","event":"Fetching pit stops for 2025 Round 10...","logger":"task.stdout"}
{"timestamp":"2026-02-16T14:14:46.075133Z","level":"info","event":"  82 pit stops found","logger":"task.stdout"}
{"timestamp":"2026-02-16T14:14:46.079475Z","level":"info","event":"Fetching pit stops for 2025 Round 11...","logger":"task.stdout"}
{"timestamp":"2026-02-16T14:14:50.733715Z","level":"info","event":"  32 pit stops found","logger":"task.stdout"}
{"timestamp":"2026-02-16T14:14:50.734351Z","level":"info","event":"Fetching pit stops for 2025 Round 12...","logger":"task.stdout"}
{"timestamp":"2026-02-16T14:14:55.817118Z","level":"info","event":"  35 pit stops found","logger":"task.stdout"}
{"timestamp":"2026-02-16T14:14:55.818050Z","level":"info","event":"Fetching pit stops for 2025 Round 13...","logger":"task.stdout"}
{"timestamp":"2026-02-16T14:15:02.369870Z","level":"info","event":"  26 pit stops found","logger":"task.stdout"}
{"timestamp":"2026-02-16T14:15:02.371839Z","level":"info","event":"Fetching pit stops for 2025 Round 14...","logger":"task.stdout"}
{"timestamp":"2026-02-16T14:15:06.417481Z","level":"info","event":"  29 pit stops found","logger":"task.stdout"}
{"timestamp":"2026-02-16T14:15:06.418152Z","level":"info","event":"Fetching pit stops for 2025 Round 15...","logger":"task.stdout"}
{"timestamp":"2026-02-16T14:15:12.769480Z","level":"info","event":"  40 pit stops found","logger":"task.stdout"}
{"timestamp":"2026-02-16T14:15:12.769990Z","level":"info","event":"Fetching pit stops for 2025 Round 16...","logger":"task.stdout"}
{"timestamp":"2026-02-16T14:15:16.325030Z","level":"info","event":"  19 pit stops found","logger":"task.stdout"}
{"timestamp":"2026-02-16T14:15:16.325477Z","level":"info","event":"Fetching pit stops for 2025 Round 17...","logger":"task.stdout"}
{"timestamp":"2026-02-16T14:15:19.433177Z","level":"info","event":"  21 pit stops found","logger":"task.stdout"}
{"timestamp":"2026-02-16T14:15:19.433938Z","level":"info","event":"Fetching pit stops for 2025 Round 18...","logger":"task.stdout"}
{"timestamp":"2026-02-16T14:15:24.238700Z","level":"info","event":"  23 pit stops found","logger":"task.stdout"}
{"timestamp":"2026-02-16T14:15:24.239323Z","level":"info","event":"Fetching pit stops for 2025 Round 19...","logger":"task.stdout"}
{"timestamp":"2026-02-16T14:15:29.621009Z","level":"info","event":"  21 pit stops found","logger":"task.stdout"}
{"timestamp":"2026-02-16T14:15:29.621678Z","level":"info","event":"Fetching pit stops for 2025 Round 20...","logger":"task.stdout"}
{"timestamp":"2026-02-16T14:15:34.951894Z","level":"info","event":"  27 pit stops found","logger":"task.stdout"}
{"timestamp":"2026-02-16T14:15:34.953275Z","level":"info","event":"Fetching pit stops for 2025 Round 21...","logger":"task.stdout"}
{"timestamp":"2026-02-16T14:15:38.115101Z","level":"info","event":"  37 pit stops found","logger":"task.stdout"}
{"timestamp":"2026-02-16T14:15:38.122659Z","level":"info","event":"Fetching pit stops for 2025 Round 22...","logger":"task.stdout"}
{"timestamp":"2026-02-16T14:15:42.147628Z","level":"info","event":"  23 pit stops found","logger":"task.stdout"}
{"timestamp":"2026-02-16T14:15:42.148250Z","level":"info","event":"Fetching pit stops for 2025 Round 23...","logger":"task.stdout"}
{"timestamp":"2026-02-16T14:15:45.926739Z","level":"info","event":"  41 pit stops found","logger":"task.stdout"}
{"timestamp":"2026-02-16T14:15:45.927328Z","level":"info","event":"Fetching pit stops for 2025 Round 24...","logger":"task.stdout"}
{"timestamp":"2026-02-16T14:15:50.300426Z","level":"info","event":"  27 pit stops found","logger":"task.stdout"}
{"timestamp":"2026-02-16T14:15:50.301077Z","level":"info","event":"Fetching pit stops for 2025 Round 25...","logger":"task.stdout"}
{"timestamp":"2026-02-16T14:15:54.897833Z","level":"info","event":"  No data for 2025 Round 25","logger":"task.stdout"}
{"timestamp":"2026-02-16T14:15:54.899788Z","level":"info","event":"","logger":"task.stdout"}
{"timestamp":"2026-02-16T14:15:54.901541Z","level":"info","event":"Total pit stops for 2025: 821","logger":"task.stdout"}
{"timestamp":"2026-02-16T14:15:54.902177Z","level":"info","event":"","logger":"task.stdout"}
{"timestamp":"2026-02-16T14:15:54.902676Z","level":"info","event":"======================================================================","logger":"task.stdout"}
{"timestamp":"2026-02-16T14:15:54.903130Z","level":"info","event":"SCRAPING COMPLETE","logger":"task.stdout"}
{"timestamp":"2026-02-16T14:15:54.903704Z","level":"info","event":"Total pit stops: 1,646","logger":"task.stdout"}
{"timestamp":"2026-02-16T14:15:54.904245Z","level":"info","event":"Years covered: 2024-2025","logger":"task.stdout"}
{"timestamp":"2026-02-16T14:15:54.904808Z","level":"info","event":"======================================================================","logger":"task.stdout"}
{"timestamp":"2026-02-16T14:15:54.907663Z","level":"info","event":"","logger":"task.stdout"}
{"timestamp":"2026-02-16T14:15:54.908253Z","level":"info","event":"API scraping complete: 1,646 pit stop records","logger":"task.stdout"}
{"timestamp":"2026-02-16T14:15:54.908790Z","level":"info","event":"","logger":"task.stdout"}
{"timestamp":"2026-02-16T14:15:54.910317Z","level":"info","event":"[STEP 2] Transforming to Silver schema...","logger":"task.stdout"}
{"timestamp":"2026-02-16T14:15:54.910866Z","level":"info","event":"Transforming API data to Silver schema...","logger":"task.stdout"}
{"timestamp":"2026-02-16T14:15:54.913193Z","level":"info","event":"Sorted by year + round + lap + stop","logger":"task.stdout"}
{"timestamp":"2026-02-16T14:15:54.928539Z","level":"info","event":"Transformed 1646 pit stops to Silver schema","logger":"task.stdout"}
{"timestamp":"2026-02-16T14:15:54.929053Z","level":"info","event":"Source: api","logger":"task.stdout"}
{"timestamp":"2026-02-16T14:15:54.929626Z","level":"info","event":"Transformation complete: 1646 pit stops","logger":"task.stdout"}
{"timestamp":"2026-02-16T14:15:54.930120Z","level":"info","event":"","logger":"task.stdout"}
{"timestamp":"2026-02-16T14:15:54.931416Z","level":"info","event":"[STEP 3] Loading dimensions for FK resolution...","logger":"task.stdout"}
{"timestamp":"2026-02-16T14:15:54.962097Z","level":"info","event":" Downloaded dimensions/dim_driver/dim_driver.parquet (81 rows)","logger":"task.stdout"}
{"timestamp":"2026-02-16T14:15:54.969019Z","level":"info","event":" Downloaded dimensions/dim_constructor/dim_constructor.parquet (21 rows)","logger":"task.stdout"}
{"timestamp":"2026-02-16T14:15:54.977412Z","level":"info","event":" Downloaded dimensions/dim_race/dim_race.parquet (280 rows)","logger":"task.stdout"}
{"timestamp":"2026-02-16T14:15:54.985710Z","level":"info","event":" Downloaded dimensions/dim_time/dim_time.parquet (6940 rows)","logger":"task.stdout"}
{"timestamp":"2026-02-16T14:15:54.986187Z","level":"info","event":"Loaded dimensions:","logger":"task.stdout"}
{"timestamp":"2026-02-16T14:15:54.986631Z","level":"info","event":"  - dim_driver: 81 drivers","logger":"task.stdout"}
{"timestamp":"2026-02-16T14:15:54.987049Z","level":"info","event":"  - dim_constructor: 21 constructors","logger":"task.stdout"}
{"timestamp":"2026-02-16T14:15:54.987543Z","level":"info","event":"  - dim_race: 280 races","logger":"task.stdout"}
{"timestamp":"2026-02-16T14:15:54.988018Z","level":"info","event":"  - dim_time: 6,940 dates","logger":"task.stdout"}
{"timestamp":"2026-02-16T14:15:54.988485Z","level":"info","event":"","logger":"task.stdout"}
{"timestamp":"2026-02-16T14:15:54.988866Z","level":"info","event":"[STEP 4] Resolving foreign keys...","logger":"task.stdout"}
{"timestamp":"2026-02-16T14:15:55.002196Z","level":"info","event":"  Building race-driver-constructor mapping from race results...","logger":"task.stdout"}
{"timestamp":"2026-02-16T14:15:55.013339Z","level":"info","event":" Downloaded facts/fact_race_results/year=2024/data.parquet (100 rows)","logger":"task.stdout"}
{"timestamp":"2026-02-16T14:15:55.058607Z","level":"info","event":" Downloaded facts/fact_race_results/year=2025/data.parquet (100 rows)","logger":"task.stdout"}
{"timestamp":"2026-02-16T14:15:55.103042Z","level":"info","event":"  Built race-driver-constructor mapping: 200 entries","logger":"task.stdout"}
{"timestamp":"2026-02-16T14:15:55.103575Z","level":"info","event":"Created lookup dictionaries:","logger":"task.stdout"}
{"timestamp":"2026-02-16T14:15:55.104008Z","level":"info","event":"  - driver_ref -> driver_key: 81 entries","logger":"task.stdout"}
{"timestamp":"2026-02-16T14:15:55.104564Z","level":"info","event":"  - race_year+race_round -> race_key: 280 entries","logger":"task.stdout"}
{"timestamp":"2026-02-16T14:15:55.105048Z","level":"info","event":"  - race_date -> time_key: 6940 entries","logger":"task.stdout"}
{"timestamp":"2026-02-16T14:15:55.140926Z","level":"info","event":"WARNING: 1264 pit stops have unresolved constructor_key!","logger":"task.stdout"}
{"timestamp":"2026-02-16T14:15:55.182389Z","level":"info","event":"All FKs resolved successfully","logger":"task.stdout"}
{"timestamp":"2026-02-16T14:15:55.182833Z","level":"info","event":"","logger":"task.stdout"}
{"timestamp":"2026-02-16T14:15:55.184588Z","level":"info","event":"[STEP 5] Loading existing Silver data...","logger":"task.stdout"}
{"timestamp":"2026-02-16T14:15:55.207183Z","level":"info","event":" Downloaded facts/fact_pitstops/year=2012/data.parquet (946 rows)","logger":"task.stdout"}
{"timestamp":"2026-02-16T14:15:55.213530Z","level":"info","event":" Downloaded facts/fact_pitstops/year=2013/data.parquet (951 rows)","logger":"task.stdout"}
{"timestamp":"2026-02-16T14:15:55.220258Z","level":"info","event":" Downloaded facts/fact_pitstops/year=2014/data.parquet (816 rows)","logger":"task.stdout"}
{"timestamp":"2026-02-16T14:15:55.227922Z","level":"info","event":" Downloaded facts/fact_pitstops/year=2015/data.parquet (741 rows)","logger":"task.stdout"}
{"timestamp":"2026-02-16T14:15:55.236430Z","level":"info","event":" Downloaded facts/fact_pitstops/year=2016/data.parquet (989 rows)","logger":"task.stdout"}
{"timestamp":"2026-02-16T14:15:55.244734Z","level":"info","event":" Downloaded facts/fact_pitstops/year=2017/data.parquet (694 rows)","logger":"task.stdout"}
{"timestamp":"2026-02-16T14:15:55.250949Z","level":"info","event":" Downloaded facts/fact_pitstops/year=2018/data.parquet (536 rows)","logger":"task.stdout"}
{"timestamp":"2026-02-16T14:15:55.257711Z","level":"info","event":" Downloaded facts/fact_pitstops/year=2019/data.parquet (650 rows)","logger":"task.stdout"}
{"timestamp":"2026-02-16T14:15:55.263698Z","level":"info","event":" Downloaded facts/fact_pitstops/year=2020/data.parquet (594 rows)","logger":"task.stdout"}
{"timestamp":"2026-02-16T14:15:55.269933Z","level":"info","event":" Downloaded facts/fact_pitstops/year=2021/data.parquet (798 rows)","logger":"task.stdout"}
{"timestamp":"2026-02-16T14:15:55.276845Z","level":"info","event":" Downloaded facts/fact_pitstops/year=2022/data.parquet (805 rows)","logger":"task.stdout"}
{"timestamp":"2026-02-16T14:15:55.283366Z","level":"info","event":" Downloaded facts/fact_pitstops/year=2023/data.parquet (455 rows)","logger":"task.stdout"}
{"timestamp":"2026-02-16T14:15:55.288775Z","level":"info","event":"Loaded 8,975 existing pit stops from Silver","logger":"task.stdout"}
{"timestamp":"2026-02-16T14:15:55.290166Z","level":"info","event":"Existing sources: {'f1_data.csv': 8975}","logger":"task.stdout"}
{"timestamp":"2026-02-16T14:15:55.290707Z","level":"info","event":"","logger":"task.stdout"}
{"timestamp":"2026-02-16T14:15:55.291133Z","level":"info","event":"[STEP 6] Merging API data with existing Silver...","logger":"task.stdout"}
{"timestamp":"2026-02-16T14:15:55.291636Z","level":"info","event":"","logger":"task.stdout"}
{"timestamp":"2026-02-16T14:15:55.292100Z","level":"info","event":"  Merge Configuration:","logger":"task.stdout"}
{"timestamp":"2026-02-16T14:15:55.292623Z","level":"info","event":"Existing pit stops: 8,975","logger":"task.stdout"}
{"timestamp":"2026-02-16T14:15:55.293124Z","level":"info","event":"New API pit stops: 1646","logger":"task.stdout"}
{"timestamp":"2026-02-16T14:15:55.293559Z","level":"info","event":"Merge key: race_key + driver_key + stop_number","logger":"task.stdout"}
{"timestamp":"2026-02-16T14:15:55.293888Z","level":"info","event":"CSV priority: YES (skip API for CSV pit stops)","logger":"task.stdout"}
{"timestamp":"2026-02-16T14:15:55.294221Z","level":"info","event":"","logger":"task.stdout"}
{"timestamp":"2026-02-16T14:15:55.294633Z","level":"info","event":"  Processing 1646 API pit stops:","logger":"task.stdout"}
{"timestamp":"2026-02-16T14:15:55.294995Z","level":"info","event":"","logger":"task.stdout"}
{"timestamp":"2026-02-16T14:15:55.345272Z","level":"info","event":"  CSV pit stops (preserved): 8,975","logger":"task.stdout"}
{"timestamp":"2026-02-16T14:15:55.345864Z","level":"info","event":"  API pit stops (skipped - CSV exists): 0","logger":"task.stdout"}
{"timestamp":"2026-02-16T14:15:55.346443Z","level":"info","event":"  API pit stops (to add): 1,646","logger":"task.stdout"}
{"timestamp":"2026-02-16T14:15:55.406712Z","level":"info","event":"Merge complete: 10,621 total pit stops","logger":"task.stdout"}
{"timestamp":"2026-02-16T14:15:55.407308Z","level":"info","event":"","logger":"task.stdout"}
{"timestamp":"2026-02-16T14:15:55.407722Z","level":"info","event":"[STEP 7] Writing to Silver layer (partitioned by year)...","logger":"task.stdout"}
{"timestamp":"2026-02-16T14:15:55.438667Z","level":"info","event":"Uploaded facts/fact_pitstops/year=2012/data.parquet (946 rows)","logger":"task.stdout"}
{"timestamp":"2026-02-16T14:15:55.439395Z","level":"info","event":"  Year 2012: 946 pit stops written","logger":"task.stdout"}
{"timestamp":"2026-02-16T14:15:55.465950Z","level":"info","event":"Uploaded facts/fact_pitstops/year=2013/data.parquet (951 rows)","logger":"task.stdout"}
{"timestamp":"2026-02-16T14:15:55.466731Z","level":"info","event":"  Year 2013: 951 pit stops written","logger":"task.stdout"}
{"timestamp":"2026-02-16T14:15:55.492012Z","level":"info","event":"Uploaded facts/fact_pitstops/year=2014/data.parquet (816 rows)","logger":"task.stdout"}
{"timestamp":"2026-02-16T14:15:55.492702Z","level":"info","event":"  Year 2014: 816 pit stops written","logger":"task.stdout"}
{"timestamp":"2026-02-16T14:15:55.519917Z","level":"info","event":"Uploaded facts/fact_pitstops/year=2015/data.parquet (741 rows)","logger":"task.stdout"}
{"timestamp":"2026-02-16T14:15:55.520599Z","level":"info","event":"  Year 2015: 741 pit stops written","logger":"task.stdout"}
{"timestamp":"2026-02-16T14:15:55.547735Z","level":"info","event":"Uploaded facts/fact_pitstops/year=2016/data.parquet (989 rows)","logger":"task.stdout"}
{"timestamp":"2026-02-16T14:15:55.548537Z","level":"info","event":"  Year 2016: 989 pit stops written","logger":"task.stdout"}
{"timestamp":"2026-02-16T14:15:55.570523Z","level":"info","event":"Uploaded facts/fact_pitstops/year=2017/data.parquet (694 rows)","logger":"task.stdout"}
{"timestamp":"2026-02-16T14:15:55.571173Z","level":"info","event":"  Year 2017: 694 pit stops written","logger":"task.stdout"}
{"timestamp":"2026-02-16T14:15:55.597369Z","level":"info","event":"Uploaded facts/fact_pitstops/year=2018/data.parquet (536 rows)","logger":"task.stdout"}
{"timestamp":"2026-02-16T14:15:55.597908Z","level":"info","event":"  Year 2018: 536 pit stops written","logger":"task.stdout"}
{"timestamp":"2026-02-16T14:15:55.621876Z","level":"info","event":"Uploaded facts/fact_pitstops/year=2019/data.parquet (650 rows)","logger":"task.stdout"}
{"timestamp":"2026-02-16T14:15:55.622661Z","level":"info","event":"  Year 2019: 650 pit stops written","logger":"task.stdout"}
{"timestamp":"2026-02-16T14:15:55.651015Z","level":"info","event":"Uploaded facts/fact_pitstops/year=2020/data.parquet (594 rows)","logger":"task.stdout"}
{"timestamp":"2026-02-16T14:15:55.651682Z","level":"info","event":"  Year 2020: 594 pit stops written","logger":"task.stdout"}
{"timestamp":"2026-02-16T14:15:55.675033Z","level":"info","event":"Uploaded facts/fact_pitstops/year=2021/data.parquet (798 rows)","logger":"task.stdout"}
{"timestamp":"2026-02-16T14:15:55.675637Z","level":"info","event":"  Year 2021: 798 pit stops written","logger":"task.stdout"}
{"timestamp":"2026-02-16T14:15:55.696571Z","level":"info","event":"Uploaded facts/fact_pitstops/year=2022/data.parquet (805 rows)","logger":"task.stdout"}
{"timestamp":"2026-02-16T14:15:55.697180Z","level":"info","event":"  Year 2022: 805 pit stops written","logger":"task.stdout"}
{"timestamp":"2026-02-16T14:15:55.716939Z","level":"info","event":"Uploaded facts/fact_pitstops/year=2023/data.parquet (455 rows)","logger":"task.stdout"}
{"timestamp":"2026-02-16T14:15:55.717483Z","level":"info","event":"  Year 2023: 455 pit stops written","logger":"task.stdout"}
{"timestamp":"2026-02-16T14:15:55.733415Z","level":"info","event":"Uploaded facts/fact_pitstops/year=2024/data.parquet (825 rows)","logger":"task.stdout"}
{"timestamp":"2026-02-16T14:15:55.734029Z","level":"info","event":"  Year 2024: 825 pit stops written","logger":"task.stdout"}
{"timestamp":"2026-02-16T14:15:55.749022Z","level":"info","event":"Uploaded facts/fact_pitstops/year=2025/data.parquet (821 rows)","logger":"task.stdout"}
{"timestamp":"2026-02-16T14:15:55.749658Z","level":"info","event":"  Year 2025: 821 pit stops written","logger":"task.stdout"}
{"timestamp":"2026-02-16T14:15:55.750041Z","level":"info","event":"Written to: s3://f1-silver/facts/fact_pitstops/year=*/data.parquet","logger":"task.stdout"}
{"timestamp":"2026-02-16T14:15:55.750460Z","level":"info","event":"","logger":"task.stdout"}
{"timestamp":"2026-02-16T14:15:55.750877Z","level":"info","event":"======================================================================","logger":"task.stdout"}
{"timestamp":"2026-02-16T14:15:55.751276Z","level":"info","event":"BACKFILL SUMMARY","logger":"task.stdout"}
{"timestamp":"2026-02-16T14:15:55.751689Z","level":"info","event":"======================================================================","logger":"task.stdout"}
{"timestamp":"2026-02-16T14:15:55.752040Z","level":"info","event":"  Existing pit stops in Silver: 8,975","logger":"task.stdout"}
{"timestamp":"2026-02-16T14:15:55.752384Z","level":"info","event":"  API pit stops scraped: 1646","logger":"task.stdout"}
{"timestamp":"2026-02-16T14:15:55.752816Z","level":"info","event":"  Final pit stop count: 10,621","logger":"task.stdout"}
{"timestamp":"2026-02-16T14:15:55.753195Z","level":"info","event":"  New pit stops added: 1646","logger":"task.stdout"}
{"timestamp":"2026-02-16T14:15:55.753620Z","level":"info","event":"","logger":"task.stdout"}
{"timestamp":"2026-02-16T14:15:55.753919Z","level":"info","event":"  Final source breakdown:","logger":"task.stdout"}
{"timestamp":"2026-02-16T14:15:55.754260Z","level":"info","event":"    f1_data.csv    : 8,975","logger":"task.stdout"}
{"timestamp":"2026-02-16T14:15:55.754591Z","level":"info","event":"    api            : 1,646","logger":"task.stdout"}
{"timestamp":"2026-02-16T14:15:55.754924Z","level":"info","event":"======================================================================","logger":"task.stdout"}
{"timestamp":"2026-02-16T14:15:55.777122Z","level":"info","event":"Done. Returned value was: {'existing_count': 8975, 'api_scraped': 1646, 'final_count': 10621, 'new_pitstops_added': 1646}","logger":"airflow.task.operators.airflow.providers.standard.operators.python.PythonOperator","filename":"python.py","lineno":216}
{"timestamp":"2026-02-16T14:15:55.777639Z","level":"info","event":"Pushing xcom","ti":"RuntimeTaskInstance(id=UUID('019c66cb-4553-77d9-95a9-c82b1ac9f9df'), task_id='backfill_fact_pitstops', dag_id='api_pitstops_bronze_to_silver', run_id='manual__2026-02-16T14:12:02.241188+00:00', try_number=1, dag_version_id=UUID('019c667c-a152-7144-918b-f6febc3441a8'), map_index=-1, hostname='9ffd7d06cb04', context_carrier={}, task=<Task(PythonOperator): backfill_fact_pitstops>, bundle_instance=LocalDagBundle(name=dags-folder), max_tries=2, start_date=datetime.datetime(2026, 2, 16, 14, 12, 4, 662671, tzinfo=datetime.timezone.utc), end_date=None, state=<TaskInstanceState.RUNNING: 'running'>, is_mapped=False, rendered_map_index=None)","logger":"task","filename":"task_runner.py","lineno":1450}
