{"timestamp":"2026-02-16T17:59:30.555474Z","level":"info","event":"DAG bundles loaded: dags-folder","logger":"airflow.dag_processing.bundles.manager.DagBundlesManager","filename":"manager.py","lineno":179}
{"timestamp":"2026-02-16T17:59:30.559602Z","level":"info","event":"Filling up the DagBag from /opt/airflow/dags/csv_bronze_to_silver.py","logger":"airflow.models.dagbag.DagBag","filename":"dagbag.py","lineno":593}
{"timestamp":"2026-02-16T17:59:31.863781Z","level":"info","event":"TRANSFORM: fact_laps → Silver (Parquet with surrogate key)","logger":"task.stdout"}
{"timestamp":"2026-02-16T17:59:41.018472Z","level":"info","event":" Downloaded raw_data/f1_data.parquet (518417 rows)","logger":"task.stdout"}
{"timestamp":"2026-02-16T17:59:41.750636Z","level":"info","event":" Downloaded dimensions/dim_driver/dim_driver.parquet (65 rows)","logger":"task.stdout"}
{"timestamp":"2026-02-16T17:59:41.784811Z","level":"info","event":" Downloaded dimensions/dim_constructor/dim_constructor.parquet (20 rows)","logger":"task.stdout"}
{"timestamp":"2026-02-16T17:59:41.842909Z","level":"info","event":" Downloaded dimensions/dim_race/dim_race.parquet (232 rows)","logger":"task.stdout"}
{"timestamp":"2026-02-16T17:59:41.863773Z","level":"info","event":" Downloaded dimensions/dim_time/dim_time.parquet (6940 rows)","logger":"task.stdout"}
{"timestamp":"2026-02-16T17:59:43.287044Z","level":"info","event":"Transformed 256836 laps with surrogate keys","logger":"task.stdout"}
{"timestamp":"2026-02-16T17:59:43.591812Z","level":"info","event":"Uploaded facts/fact_laps/year=2012/data.parquet (25184 rows)","logger":"task.stdout"}
{"timestamp":"2026-02-16T17:59:43.598573Z","level":"info","event":"Year 2012: 25184 rows","logger":"task.stdout"}
{"timestamp":"2026-02-16T17:59:43.869158Z","level":"info","event":"Uploaded facts/fact_laps/year=2013/data.parquet (22707 rows)","logger":"task.stdout"}
{"timestamp":"2026-02-16T17:59:43.870186Z","level":"info","event":"Year 2013: 22707 rows","logger":"task.stdout"}
{"timestamp":"2026-02-16T17:59:44.027528Z","level":"info","event":"Uploaded facts/fact_laps/year=2014/data.parquet (20874 rows)","logger":"task.stdout"}
{"timestamp":"2026-02-16T17:59:44.029313Z","level":"info","event":"Year 2014: 20874 rows","logger":"task.stdout"}
{"timestamp":"2026-02-16T17:59:44.165024Z","level":"info","event":"Uploaded facts/fact_laps/year=2015/data.parquet (19785 rows)","logger":"task.stdout"}
{"timestamp":"2026-02-16T17:59:44.165936Z","level":"info","event":"Year 2015: 19785 rows","logger":"task.stdout"}
{"timestamp":"2026-02-16T17:59:44.274513Z","level":"info","event":"Uploaded facts/fact_laps/year=2016/data.parquet (24366 rows)","logger":"task.stdout"}
{"timestamp":"2026-02-16T17:59:44.275550Z","level":"info","event":"Year 2016: 24366 rows","logger":"task.stdout"}
{"timestamp":"2026-02-16T17:59:44.451798Z","level":"info","event":"Uploaded facts/fact_laps/year=2017/data.parquet (20016 rows)","logger":"task.stdout"}
{"timestamp":"2026-02-16T17:59:44.456658Z","level":"info","event":"Year 2017: 20016 rows","logger":"task.stdout"}
{"timestamp":"2026-02-16T17:59:44.833900Z","level":"info","event":"Uploaded facts/fact_laps/year=2018/data.parquet (21935 rows)","logger":"task.stdout"}
{"timestamp":"2026-02-16T17:59:44.839135Z","level":"info","event":"Year 2018: 21935 rows","logger":"task.stdout"}
{"timestamp":"2026-02-16T17:59:45.124794Z","level":"info","event":"Uploaded facts/fact_laps/year=2019/data.parquet (23429 rows)","logger":"task.stdout"}
{"timestamp":"2026-02-16T17:59:45.147147Z","level":"info","event":"Year 2019: 23429 rows","logger":"task.stdout"}
{"timestamp":"2026-02-16T17:59:45.432774Z","level":"info","event":"Uploaded facts/fact_laps/year=2020/data.parquet (18207 rows)","logger":"task.stdout"}
{"timestamp":"2026-02-16T17:59:45.435387Z","level":"info","event":"Year 2020: 18207 rows","logger":"task.stdout"}
{"timestamp":"2026-02-16T17:59:45.571125Z","level":"info","event":"Uploaded facts/fact_laps/year=2021/data.parquet (23505 rows)","logger":"task.stdout"}
{"timestamp":"2026-02-16T17:59:45.582289Z","level":"info","event":"Year 2021: 23505 rows","logger":"task.stdout"}
{"timestamp":"2026-02-16T17:59:45.711196Z","level":"info","event":"Uploaded facts/fact_laps/year=2022/data.parquet (23284 rows)","logger":"task.stdout"}
{"timestamp":"2026-02-16T17:59:45.714978Z","level":"info","event":"Year 2022: 23284 rows","logger":"task.stdout"}
{"timestamp":"2026-02-16T17:59:45.810769Z","level":"info","event":"Uploaded facts/fact_laps/year=2023/data.parquet (13544 rows)","logger":"task.stdout"}
{"timestamp":"2026-02-16T17:59:45.811543Z","level":"info","event":"Year 2023: 13544 rows","logger":"task.stdout"}
{"timestamp":"2026-02-16T17:59:46.054999Z","level":"info","event":"Done. Returned value was: 256836","logger":"airflow.task.operators.airflow.providers.standard.operators.python.PythonOperator","filename":"python.py","lineno":216}
{"timestamp":"2026-02-16T17:59:46.056208Z","level":"info","event":"Pushing xcom","ti":"RuntimeTaskInstance(id=UUID('019c679b-7259-7c76-8d4e-1b3dda7d7d85'), task_id='transform_fact_laps', dag_id='csv_bronze_to_silver', run_id='manual__2026-02-16T17:53:47+00:00', try_number=1, dag_version_id=UUID('019c66aa-7007-78d1-af11-b9790b68fac5'), map_index=-1, hostname='9ffd7d06cb04', context_carrier={}, task=<Task(PythonOperator): transform_fact_laps>, bundle_instance=LocalDagBundle(name=dags-folder), max_tries=1, start_date=datetime.datetime(2026, 2, 16, 17, 59, 30, 261369, tzinfo=datetime.timezone.utc), end_date=None, state=<TaskInstanceState.RUNNING: 'running'>, is_mapped=False, rendered_map_index=None)","logger":"task","filename":"task_runner.py","lineno":1450}
