{"timestamp":"2026-02-26T21:35:11.399395Z","level":"info","event":"DAG bundles loaded: dags-folder","logger":"airflow.dag_processing.bundles.manager.DagBundlesManager","filename":"manager.py","lineno":179}
{"timestamp":"2026-02-26T21:35:11.434577Z","level":"info","event":"Filling up the DagBag from /opt/airflow/dags/all_silver_to_gold.py","logger":"airflow.models.dagbag.DagBag","filename":"dagbag.py","lineno":593}
{"timestamp":"2026-02-26T21:35:20.453781Z","level":"info","event":"TRANSFORM: fact_pitstops -> Gold PostgreSQL","logger":"task.stdout"}
{"timestamp":"2026-02-26T21:35:20.782169Z","level":"info","event":" Downloaded facts/fact_pitstops/year=2012/data.parquet (946 rows)","logger":"task.stdout"}
{"timestamp":"2026-02-26T21:35:20.846926Z","level":"info","event":" Downloaded facts/fact_pitstops/year=2013/data.parquet (951 rows)","logger":"task.stdout"}
{"timestamp":"2026-02-26T21:35:20.906538Z","level":"info","event":" Downloaded facts/fact_pitstops/year=2014/data.parquet (816 rows)","logger":"task.stdout"}
{"timestamp":"2026-02-26T21:35:21.046030Z","level":"info","event":" Downloaded facts/fact_pitstops/year=2015/data.parquet (741 rows)","logger":"task.stdout"}
{"timestamp":"2026-02-26T21:35:21.185577Z","level":"info","event":" Downloaded facts/fact_pitstops/year=2016/data.parquet (989 rows)","logger":"task.stdout"}
{"timestamp":"2026-02-26T21:35:21.319443Z","level":"info","event":" Downloaded facts/fact_pitstops/year=2017/data.parquet (694 rows)","logger":"task.stdout"}
{"timestamp":"2026-02-26T21:35:21.483366Z","level":"info","event":" Downloaded facts/fact_pitstops/year=2018/data.parquet (536 rows)","logger":"task.stdout"}
{"timestamp":"2026-02-26T21:35:21.561717Z","level":"info","event":" Downloaded facts/fact_pitstops/year=2019/data.parquet (650 rows)","logger":"task.stdout"}
{"timestamp":"2026-02-26T21:35:21.786736Z","level":"info","event":" Downloaded facts/fact_pitstops/year=2020/data.parquet (594 rows)","logger":"task.stdout"}
{"timestamp":"2026-02-26T21:35:21.890741Z","level":"info","event":" Downloaded facts/fact_pitstops/year=2021/data.parquet (798 rows)","logger":"task.stdout"}
{"timestamp":"2026-02-26T21:35:22.139551Z","level":"info","event":" Downloaded facts/fact_pitstops/year=2022/data.parquet (805 rows)","logger":"task.stdout"}
{"timestamp":"2026-02-26T21:35:22.362561Z","level":"info","event":" Downloaded facts/fact_pitstops/year=2023/data.parquet (455 rows)","logger":"task.stdout"}
{"timestamp":"2026-02-26T21:35:22.465778Z","level":"info","event":" Downloaded facts/fact_pitstops/year=2024/data.parquet (825 rows)","logger":"task.stdout"}
{"timestamp":"2026-02-26T21:35:22.677721Z","level":"info","event":" Downloaded facts/fact_pitstops/year=2025/data.parquet (821 rows)","logger":"task.stdout"}
{"timestamp":"2026-02-26T21:35:22.709817Z","level":"info","event":"Error reading facts/fact_pitstops/year=2026/data.parquet: S3 operation failed; code: NoSuchKey, message: The specified key does not exist., resource: /f1-silver/facts/fact_pitstops/year=2026/data.parquet, request_id: 1897E981F024D6D0, host_id: dd9025bab4ad464b049177c95eb6ebf374d3b3fd1af9251148b658df7ac2e3e8, bucket_name: f1-silver, object_name: facts/fact_pitstops/year=2026/data.parquet","logger":"task.stdout"}
{"timestamp":"2026-02-26T21:35:22.742229Z","level":"info","event":"Error reading facts/fact_pitstops/year=2027/data.parquet: S3 operation failed; code: NoSuchKey, message: The specified key does not exist., resource: /f1-silver/facts/fact_pitstops/year=2027/data.parquet, request_id: 1897E981F1A825EC, host_id: dd9025bab4ad464b049177c95eb6ebf374d3b3fd1af9251148b658df7ac2e3e8, bucket_name: f1-silver, object_name: facts/fact_pitstops/year=2027/data.parquet","logger":"task.stdout"}
{"timestamp":"2026-02-26T21:35:22.915450Z","level":"info","event":"Error reading facts/fact_pitstops/year=2028/data.parquet: S3 operation failed; code: NoSuchKey, message: The specified key does not exist., resource: /f1-silver/facts/fact_pitstops/year=2028/data.parquet, request_id: 1897E981F69F24C3, host_id: dd9025bab4ad464b049177c95eb6ebf374d3b3fd1af9251148b658df7ac2e3e8, bucket_name: f1-silver, object_name: facts/fact_pitstops/year=2028/data.parquet","logger":"task.stdout"}
{"timestamp":"2026-02-26T21:35:22.918128Z","level":"info","event":"Error reading facts/fact_pitstops/year=2029/data.parquet: S3 operation failed; code: NoSuchKey, message: The specified key does not exist., resource: /f1-silver/facts/fact_pitstops/year=2029/data.parquet, request_id: 1897E981FC45ABD4, host_id: dd9025bab4ad464b049177c95eb6ebf374d3b3fd1af9251148b658df7ac2e3e8, bucket_name: f1-silver, object_name: facts/fact_pitstops/year=2029/data.parquet","logger":"task.stdout"}
{"timestamp":"2026-02-26T21:35:22.973932Z","level":"info","event":"Error reading facts/fact_pitstops/year=2030/data.parquet: S3 operation failed; code: NoSuchKey, message: The specified key does not exist., resource: /f1-silver/facts/fact_pitstops/year=2030/data.parquet, request_id: 1897E981FDF9B22A, host_id: dd9025bab4ad464b049177c95eb6ebf374d3b3fd1af9251148b658df7ac2e3e8, bucket_name: f1-silver, object_name: facts/fact_pitstops/year=2030/data.parquet","logger":"task.stdout"}
{"timestamp":"2026-02-26T21:35:23.989720Z","level":"info","event":"Transformed 10621 pitstops","logger":"task.stdout"}
{"timestamp":"2026-02-26T21:35:24.041726Z","level":"info","event":"Transformed 10621 race results","logger":"task.stdout"}
{"timestamp":"2026-02-26T21:36:21.684880Z","level":"info","event":"Loaded 10621 pitstops to PostgreSQL","logger":"task.stdout"}
{"timestamp":"2026-02-26T21:36:21.660870Z","level":"info","event":"Done. Returned value was: 10621","logger":"airflow.task.operators.airflow.providers.standard.operators.python.PythonOperator","filename":"python.py","lineno":216}
{"timestamp":"2026-02-26T21:36:21.661704Z","level":"info","event":"Pushing xcom","ti":"RuntimeTaskInstance(id=UUID('019c9bdf-baab-7284-b594-1d9bfbb1dd52'), task_id='transform_gold_fact_pitstops', dag_id='all_silver_to_gold', run_id='manual__2026-02-26T21:34:14.862449+00:00', try_number=1, dag_version_id=UUID('019c5e3b-08cd-7604-b6d5-f3d0b6ae51cc'), map_index=-1, hostname='fe5351013118', context_carrier={}, task=<Task(PythonOperator): transform_gold_fact_pitstops>, bundle_instance=LocalDagBundle(name=dags-folder), max_tries=1, start_date=datetime.datetime(2026, 2, 26, 21, 35, 9, 855088, tzinfo=datetime.timezone.utc), end_date=None, state=<TaskInstanceState.RUNNING: 'running'>, is_mapped=False, rendered_map_index=None)","logger":"task","filename":"task_runner.py","lineno":1450}
