{"timestamp":"2026-02-11T11:12:07.586444Z","level":"info","event":"DAG bundles loaded: dags-folder","logger":"airflow.dag_processing.bundles.manager.DagBundlesManager","filename":"manager.py","lineno":179}
{"timestamp":"2026-02-11T11:12:07.590114Z","level":"info","event":"Filling up the DagBag from /opt/airflow/dags/api_etl/api_constructors_bronze_to_silver.py","logger":"airflow.models.dagbag.DagBag","filename":"dagbag.py","lineno":593}
{"timestamp":"2026-02-11T11:12:08.134579Z","level":"info","event":"======================================================================","logger":"task.stdout"}
{"timestamp":"2026-02-11T11:12:08.135335Z","level":"info","event":"F1 CONSTRUCTOR BACKFILL: ERGAST API → SILVER","logger":"task.stdout"}
{"timestamp":"2026-02-11T11:12:08.135670Z","level":"info","event":"======================================================================","logger":"task.stdout"}
{"timestamp":"2026-02-11T11:12:08.136069Z","level":"info","event":"","logger":"task.stdout"}
{"timestamp":"2026-02-11T11:12:08.136297Z","level":"info","event":"[STEP 1] Scraping API...","logger":"task.stdout"}
{"timestamp":"2026-02-11T11:12:08.136520Z","level":"info","event":"","logger":"task.stdout"}
{"timestamp":"2026-02-11T11:12:08.136742Z","level":"info","event":"======================================================================","logger":"task.stdout"}
{"timestamp":"2026-02-11T11:12:08.136959Z","level":"info","event":"SCRAPING CONSTRUCTORS FROM API: 2025-2025","logger":"task.stdout"}
{"timestamp":"2026-02-11T11:12:08.137149Z","level":"info","event":"======================================================================","logger":"task.stdout"}
{"timestamp":"2026-02-11T11:12:08.137330Z","level":"info","event":"","logger":"task.stdout"}
{"timestamp":"2026-02-11T11:12:08.137538Z","level":"info","event":"Fetching constructors for 2025...","logger":"task.stdout"}
{"timestamp":"2026-02-11T11:12:32.772100Z","level":"info","event":"10 constructors found","logger":"task.stdout"}
{"timestamp":"2026-02-11T11:12:32.773078Z","level":"info","event":"","logger":"task.stdout"}
{"timestamp":"2026-02-11T11:12:32.773540Z","level":"info","event":"======================================================================","logger":"task.stdout"}
{"timestamp":"2026-02-11T11:12:32.773899Z","level":"info","event":"SCRAPING COMPLETE","logger":"task.stdout"}
{"timestamp":"2026-02-11T11:12:32.774254Z","level":"info","event":"Total records: 10","logger":"task.stdout"}
{"timestamp":"2026-02-11T11:12:32.774632Z","level":"info","event":"Unique constructors (by constructorId): 10","logger":"task.stdout"}
{"timestamp":"2026-02-11T11:12:32.774981Z","level":"info","event":"Years covered: 2025-2025","logger":"task.stdout"}
{"timestamp":"2026-02-11T11:12:32.775344Z","level":"info","event":"======================================================================","logger":"task.stdout"}
{"timestamp":"2026-02-11T11:12:32.775705Z","level":"info","event":"","logger":"task.stdout"}
{"timestamp":"2026-02-11T11:12:32.776064Z","level":"info","event":"API scraping complete: 10 constructor records","logger":"task.stdout"}
{"timestamp":"2026-02-11T11:12:32.776380Z","level":"info","event":"","logger":"task.stdout"}
{"timestamp":"2026-02-11T11:12:32.776776Z","level":"info","event":"[STEP 2] Transforming to Silver schema...","logger":"task.stdout"}
{"timestamp":"2026-02-11T11:12:32.777387Z","level":"info","event":"Transforming API data to Silver schema...","logger":"task.stdout"}
{"timestamp":"2026-02-11T11:12:32.777772Z","level":"info","event":"Deduplication: 10 records → 10 unique constructors","logger":"task.stdout"}
{"timestamp":"2026-02-11T11:12:32.779089Z","level":"info","event":"Sorted by constructorId (alphabetically) for stable constructor_id generation","logger":"task.stdout"}
{"timestamp":"2026-02-11T11:12:32.779621Z","level":"info","event":"Generated constructor_id: 10001 - 10010","logger":"task.stdout"}
{"timestamp":"2026-02-11T11:12:32.782164Z","level":"info","event":"Transformed 10 constructors to Silver schema","logger":"task.stdout"}
{"timestamp":"2026-02-11T11:12:32.782523Z","level":"info","event":"Source: api","logger":"task.stdout"}
{"timestamp":"2026-02-11T11:12:32.782933Z","level":"info","event":"constructor_id range: 10001 - 10010","logger":"task.stdout"}
{"timestamp":"2026-02-11T11:12:32.783401Z","level":"info","event":"Transformation complete: 10 unique constructors","logger":"task.stdout"}
{"timestamp":"2026-02-11T11:12:32.783693Z","level":"info","event":"constructor_id range: 10001 - 10010","logger":"task.stdout"}
{"timestamp":"2026-02-11T11:12:32.784007Z","level":"info","event":"","logger":"task.stdout"}
{"timestamp":"2026-02-11T11:12:32.784319Z","level":"info","event":"[STEP 3] Loading existing Silver data...","logger":"task.stdout"}
{"timestamp":"2026-02-11T11:12:32.803190Z","level":"info","event":" Downloaded dimensions/dim_constructor/dim_constructor.parquet (20 rows)","logger":"task.stdout"}
{"timestamp":"2026-02-11T11:12:32.803640Z","level":"info","event":"Loaded 20 existing constructors from Silver","logger":"task.stdout"}
{"timestamp":"2026-02-11T11:12:32.804020Z","level":"info","event":"Existing sources: {'f1_data.csv': 20}","logger":"task.stdout"}
{"timestamp":"2026-02-11T11:12:32.804391Z","level":"info","event":"CSV constructor_id range: 1 - 214","logger":"task.stdout"}
{"timestamp":"2026-02-11T11:12:32.804730Z","level":"info","event":"","logger":"task.stdout"}
{"timestamp":"2026-02-11T11:12:32.805044Z","level":"info","event":"[STEP 4] Merging API data with existing Silver...","logger":"task.stdout"}
{"timestamp":"2026-02-11T11:12:32.805310Z","level":"info","event":"","logger":"task.stdout"}
{"timestamp":"2026-02-11T11:12:32.805656Z","level":"info","event":"  Merge Configuration:","logger":"task.stdout"}
{"timestamp":"2026-02-11T11:12:32.805948Z","level":"info","event":"Existing constructors: 20","logger":"task.stdout"}
{"timestamp":"2026-02-11T11:12:32.806236Z","level":"info","event":"New API constructors: 10","logger":"task.stdout"}
{"timestamp":"2026-02-11T11:12:32.806472Z","level":"info","event":"Merge key: constructor_ref (PRIMARY natural key)","logger":"task.stdout"}
{"timestamp":"2026-02-11T11:12:32.806786Z","level":"info","event":"CSV priority: YES (skip API for CSV constructors)","logger":"task.stdout"}
{"timestamp":"2026-02-11T11:12:32.807075Z","level":"info","event":"","logger":"task.stdout"}
{"timestamp":"2026-02-11T11:12:32.807381Z","level":"info","event":"  Current max constructor_key: 20","logger":"task.stdout"}
{"timestamp":"2026-02-11T11:12:32.807673Z","level":"info","event":"","logger":"task.stdout"}
{"timestamp":"2026-02-11T11:12:32.807978Z","level":"info","event":"  Processing 10 API constructors:","logger":"task.stdout"}
{"timestamp":"2026-02-11T11:12:32.808302Z","level":"info","event":"","logger":"task.stdout"}
{"timestamp":"2026-02-11T11:12:32.808670Z","level":"info","event":"SKIP: alpine               (CSV priority)","logger":"task.stdout"}
{"timestamp":"2026-02-11T11:12:32.808959Z","level":"info","event":"SKIP: aston_martin         (CSV priority)","logger":"task.stdout"}
{"timestamp":"2026-02-11T11:12:32.809246Z","level":"info","event":"SKIP: ferrari              (CSV priority)","logger":"task.stdout"}
{"timestamp":"2026-02-11T11:12:32.809530Z","level":"info","event":"SKIP: haas                 (CSV priority)","logger":"task.stdout"}
{"timestamp":"2026-02-11T11:12:32.809819Z","level":"info","event":"SKIP: mclaren              (CSV priority)","logger":"task.stdout"}
{"timestamp":"2026-02-11T11:12:32.810134Z","level":"info","event":"SKIP: mercedes             (CSV priority)","logger":"task.stdout"}
{"timestamp":"2026-02-11T11:12:32.810417Z","level":"info","event":"ADD: rb                   (new constructor from API, constructor_id=10007)","logger":"task.stdout"}
{"timestamp":"2026-02-11T11:12:32.811173Z","level":"info","event":"SKIP: red_bull             (CSV priority)","logger":"task.stdout"}
{"timestamp":"2026-02-11T11:12:32.811636Z","level":"info","event":"SKIP: sauber               (CSV priority)","logger":"task.stdout"}
{"timestamp":"2026-02-11T11:12:32.812085Z","level":"info","event":"SKIP: williams             (CSV priority)","logger":"task.stdout"}
{"timestamp":"2026-02-11T11:12:32.812416Z","level":"info","event":"Merge complete: 21 total constructors","logger":"task.stdout"}
{"timestamp":"2026-02-11T11:12:32.812703Z","level":"info","event":"","logger":"task.stdout"}
{"timestamp":"2026-02-11T11:12:32.812995Z","level":"info","event":"[STEP 5] Writing to Silver layer...","logger":"task.stdout"}
{"timestamp":"2026-02-11T11:12:32.822454Z","level":"info","event":" Uploaded dimensions/dim_constructor/dim_constructor.parquet (21 rows)","logger":"task.stdout"}
{"timestamp":"2026-02-11T11:12:32.822953Z","level":"info","event":"Written to: s3://f1-silver/dimensions/dim_constructor/dim_constructor.parquet","logger":"task.stdout"}
{"timestamp":"2026-02-11T11:12:32.823242Z","level":"info","event":"","logger":"task.stdout"}
{"timestamp":"2026-02-11T11:12:32.823471Z","level":"info","event":"======================================================================","logger":"task.stdout"}
{"timestamp":"2026-02-11T11:12:32.823731Z","level":"info","event":"BACKFILL SUMMARY","logger":"task.stdout"}
{"timestamp":"2026-02-11T11:12:32.823962Z","level":"info","event":"======================================================================","logger":"task.stdout"}
{"timestamp":"2026-02-11T11:12:32.824218Z","level":"info","event":"  Existing constructors in Silver: 20","logger":"task.stdout"}
{"timestamp":"2026-02-11T11:12:32.824437Z","level":"info","event":"  API constructors scraped: 10","logger":"task.stdout"}
{"timestamp":"2026-02-11T11:12:32.824689Z","level":"info","event":"  Final constructor count: 21","logger":"task.stdout"}
{"timestamp":"2026-02-11T11:12:32.824938Z","level":"info","event":"  New constructors added: 1","logger":"task.stdout"}
{"timestamp":"2026-02-11T11:12:32.825250Z","level":"info","event":"","logger":"task.stdout"}
{"timestamp":"2026-02-11T11:12:32.825487Z","level":"info","event":"  Final source breakdown:","logger":"task.stdout"}
{"timestamp":"2026-02-11T11:12:32.825744Z","level":"info","event":"    f1_data.csv    : 20","logger":"task.stdout"}
{"timestamp":"2026-02-11T11:12:32.825966Z","level":"info","event":"    api            : 1","logger":"task.stdout"}
{"timestamp":"2026-02-11T11:12:32.826222Z","level":"info","event":"","logger":"task.stdout"}
{"timestamp":"2026-02-11T11:12:32.826448Z","level":"info","event":"  constructor_id ranges:","logger":"task.stdout"}
{"timestamp":"2026-02-11T11:12:32.826778Z","level":"info","event":"    f1_data.csv    : 1 - 214","logger":"task.stdout"}
{"timestamp":"2026-02-11T11:12:32.826989Z","level":"info","event":"    api            : 10007 - 10007","logger":"task.stdout"}
{"timestamp":"2026-02-11T11:12:32.827193Z","level":"info","event":"======================================================================","logger":"task.stdout"}
{"timestamp":"2026-02-11T11:12:32.839892Z","level":"info","event":"Done. Returned value was: {'existing_count': 20, 'api_scraped': 10, 'final_count': 21, 'new_constructors_added': 1}","logger":"airflow.task.operators.airflow.providers.standard.operators.python.PythonOperator","filename":"python.py","lineno":216}
{"timestamp":"2026-02-11T11:12:32.840170Z","level":"info","event":"Pushing xcom","ti":"RuntimeTaskInstance(id=UUID('019c4c66-baf3-76ac-89f8-abeb62635369'), task_id='backfill_dim_constructor', dag_id='api_constructors_bronze_to_silver', run_id='manual__2026-02-11T11:12:05+00:00', try_number=1, dag_version_id=UUID('019c417f-2e84-7d2c-96e8-08cadbb7dff6'), map_index=-1, hostname='d105c47e2bea', context_carrier={}, task=<Task(PythonOperator): backfill_dim_constructor>, bundle_instance=LocalDagBundle(name=dags-folder), max_tries=2, start_date=datetime.datetime(2026, 2, 11, 11, 12, 7, 534036, tzinfo=datetime.timezone.utc), end_date=None, state=<TaskInstanceState.RUNNING: 'running'>, is_mapped=False, rendered_map_index=None)","logger":"task","filename":"task_runner.py","lineno":1450}
