{"timestamp":"2026-02-12T13:41:15.373871Z","level":"info","event":"DAG bundles loaded: dags-folder","logger":"airflow.dag_processing.bundles.manager.DagBundlesManager","filename":"manager.py","lineno":179}
{"timestamp":"2026-02-12T13:41:15.375268Z","level":"info","event":"Filling up the DagBag from /opt/airflow/dags/master_pipeline.py","logger":"airflow.models.dagbag.DagBag","filename":"dagbag.py","lineno":593}
{"timestamp":"2026-02-12T13:41:15.457508Z","level":"warning","event":"The `airflow.operators.trigger_dagrun.TriggerDagRunOperator` attribute is deprecated. Please use `'airflow.providers.standard.operators.trigger_dagrun.TriggerDagRunOperator'`.","category":"DeprecatedImportWarning","filename":"/opt/airflow/dags/master_pipeline.py","lineno":34,"logger":"py.warnings"}
{"timestamp":"2026-02-12T13:41:15.457635Z","level":"warning","event":"The `airflow.operators.python.PythonOperator` attribute is deprecated. Please use `'airflow.providers.standard.operators.python.PythonOperator'`.","category":"DeprecatedImportWarning","filename":"/opt/airflow/dags/master_pipeline.py","lineno":35,"logger":"py.warnings"}
{"timestamp":"2026-02-12T13:41:15.874140Z","level":"info","event":"Triggering Dag Run.","trigger_dag_id":"api_pitstops_bronze_to_silver","logger":"task","filename":"task_runner.py","lineno":1146}
{"timestamp":"2026-02-12T13:41:15.892825Z","level":"info","event":"Dag Run triggered successfully.","trigger_dag_id":"api_pitstops_bronze_to_silver","logger":"task","filename":"task_runner.py","lineno":1180}
{"timestamp":"2026-02-12T13:41:15.904943Z","level":"info","event":"Waiting for dag run to complete execution in allowed state.","dag_id":"api_pitstops_bronze_to_silver","run_id":"manual__2026-02-12T13:41:15.698968+00:00","allowed_state":["success"],"logger":"task","filename":"task_runner.py","lineno":1207}
{"timestamp":"2026-02-12T13:41:45.914011Z","level":"info","event":"Waiting for dag run to complete execution in allowed state.","dag_id":"api_pitstops_bronze_to_silver","run_id":"manual__2026-02-12T13:41:15.698968+00:00","allowed_state":["success"],"logger":"task","filename":"task_runner.py","lineno":1207}
{"timestamp":"2026-02-12T13:42:15.919066Z","level":"info","event":"Waiting for dag run to complete execution in allowed state.","dag_id":"api_pitstops_bronze_to_silver","run_id":"manual__2026-02-12T13:41:15.698968+00:00","allowed_state":["success"],"logger":"task","filename":"task_runner.py","lineno":1207}
{"timestamp":"2026-02-12T13:42:45.924921Z","level":"info","event":"Waiting for dag run to complete execution in allowed state.","dag_id":"api_pitstops_bronze_to_silver","run_id":"manual__2026-02-12T13:41:15.698968+00:00","allowed_state":["success"],"logger":"task","filename":"task_runner.py","lineno":1207}
{"timestamp":"2026-02-12T13:43:15.929714Z","level":"info","event":"Waiting for dag run to complete execution in allowed state.","dag_id":"api_pitstops_bronze_to_silver","run_id":"manual__2026-02-12T13:41:15.698968+00:00","allowed_state":["success"],"logger":"task","filename":"task_runner.py","lineno":1207}
{"timestamp":"2026-02-12T13:43:45.934937Z","level":"info","event":"Waiting for dag run to complete execution in allowed state.","dag_id":"api_pitstops_bronze_to_silver","run_id":"manual__2026-02-12T13:41:15.698968+00:00","allowed_state":["success"],"logger":"task","filename":"task_runner.py","lineno":1207}
{"timestamp":"2026-02-12T13:44:15.939994Z","level":"info","event":"Waiting for dag run to complete execution in allowed state.","dag_id":"api_pitstops_bronze_to_silver","run_id":"manual__2026-02-12T13:41:15.698968+00:00","allowed_state":["success"],"logger":"task","filename":"task_runner.py","lineno":1207}
{"timestamp":"2026-02-12T13:44:45.945126Z","level":"info","event":"Waiting for dag run to complete execution in allowed state.","dag_id":"api_pitstops_bronze_to_silver","run_id":"manual__2026-02-12T13:41:15.698968+00:00","allowed_state":["success"],"logger":"task","filename":"task_runner.py","lineno":1207}
{"timestamp":"2026-02-12T13:45:15.949325Z","level":"info","event":"Waiting for dag run to complete execution in allowed state.","dag_id":"api_pitstops_bronze_to_silver","run_id":"manual__2026-02-12T13:41:15.698968+00:00","allowed_state":["success"],"logger":"task","filename":"task_runner.py","lineno":1207}
{"timestamp":"2026-02-12T13:45:45.956123Z","level":"info","event":"Waiting for dag run to complete execution in allowed state.","dag_id":"api_pitstops_bronze_to_silver","run_id":"manual__2026-02-12T13:41:15.698968+00:00","allowed_state":["success"],"logger":"task","filename":"task_runner.py","lineno":1207}
{"timestamp":"2026-02-12T13:46:15.959933Z","level":"info","event":"Waiting for dag run to complete execution in allowed state.","dag_id":"api_pitstops_bronze_to_silver","run_id":"manual__2026-02-12T13:41:15.698968+00:00","allowed_state":["success"],"logger":"task","filename":"task_runner.py","lineno":1207}
{"timestamp":"2026-02-12T13:46:45.967387Z","level":"info","event":"Waiting for dag run to complete execution in allowed state.","dag_id":"api_pitstops_bronze_to_silver","run_id":"manual__2026-02-12T13:41:15.698968+00:00","allowed_state":["success"],"logger":"task","filename":"task_runner.py","lineno":1207}
{"timestamp":"2026-02-12T13:47:15.972638Z","level":"info","event":"Waiting for dag run to complete execution in allowed state.","dag_id":"api_pitstops_bronze_to_silver","run_id":"manual__2026-02-12T13:41:15.698968+00:00","allowed_state":["success"],"logger":"task","filename":"task_runner.py","lineno":1207}
{"timestamp":"2026-02-12T13:47:45.978914Z","level":"info","event":"Waiting for dag run to complete execution in allowed state.","dag_id":"api_pitstops_bronze_to_silver","run_id":"manual__2026-02-12T13:41:15.698968+00:00","allowed_state":["success"],"logger":"task","filename":"task_runner.py","lineno":1207}
{"timestamp":"2026-02-12T13:48:15.985675Z","level":"info","event":"Waiting for dag run to complete execution in allowed state.","dag_id":"api_pitstops_bronze_to_silver","run_id":"manual__2026-02-12T13:41:15.698968+00:00","allowed_state":["success"],"logger":"task","filename":"task_runner.py","lineno":1207}
{"timestamp":"2026-02-12T13:48:46.009923Z","level":"info","event":"Waiting for dag run to complete execution in allowed state.","dag_id":"api_pitstops_bronze_to_silver","run_id":"manual__2026-02-12T13:41:15.698968+00:00","allowed_state":["success"],"logger":"task","filename":"task_runner.py","lineno":1207}
{"timestamp":"2026-02-12T13:49:16.018057Z","level":"info","event":"Waiting for dag run to complete execution in allowed state.","dag_id":"api_pitstops_bronze_to_silver","run_id":"manual__2026-02-12T13:41:15.698968+00:00","allowed_state":["success"],"logger":"task","filename":"task_runner.py","lineno":1207}
{"timestamp":"2026-02-12T13:49:46.028175Z","level":"info","event":"Waiting for dag run to complete execution in allowed state.","dag_id":"api_pitstops_bronze_to_silver","run_id":"manual__2026-02-12T13:41:15.698968+00:00","allowed_state":["success"],"logger":"task","filename":"task_runner.py","lineno":1207}
{"timestamp":"2026-02-12T13:50:16.050209Z","level":"info","event":"Waiting for dag run to complete execution in allowed state.","dag_id":"api_pitstops_bronze_to_silver","run_id":"manual__2026-02-12T13:41:15.698968+00:00","allowed_state":["success"],"logger":"task","filename":"task_runner.py","lineno":1207}
{"timestamp":"2026-02-12T13:50:46.059916Z","level":"info","event":"Waiting for dag run to complete execution in allowed state.","dag_id":"api_pitstops_bronze_to_silver","run_id":"manual__2026-02-12T13:41:15.698968+00:00","allowed_state":["success"],"logger":"task","filename":"task_runner.py","lineno":1207}
{"timestamp":"2026-02-12T13:51:16.069342Z","level":"info","event":"Waiting for dag run to complete execution in allowed state.","dag_id":"api_pitstops_bronze_to_silver","run_id":"manual__2026-02-12T13:41:15.698968+00:00","allowed_state":["success"],"logger":"task","filename":"task_runner.py","lineno":1207}
{"timestamp":"2026-02-12T13:51:46.077973Z","level":"info","event":"Waiting for dag run to complete execution in allowed state.","dag_id":"api_pitstops_bronze_to_silver","run_id":"manual__2026-02-12T13:41:15.698968+00:00","allowed_state":["success"],"logger":"task","filename":"task_runner.py","lineno":1207}
{"timestamp":"2026-02-12T13:52:16.085071Z","level":"info","event":"Waiting for dag run to complete execution in allowed state.","dag_id":"api_pitstops_bronze_to_silver","run_id":"manual__2026-02-12T13:41:15.698968+00:00","allowed_state":["success"],"logger":"task","filename":"task_runner.py","lineno":1207}
{"timestamp":"2026-02-12T13:52:46.104218Z","level":"info","event":"Waiting for dag run to complete execution in allowed state.","dag_id":"api_pitstops_bronze_to_silver","run_id":"manual__2026-02-12T13:41:15.698968+00:00","allowed_state":["success"],"logger":"task","filename":"task_runner.py","lineno":1207}
{"timestamp":"2026-02-12T13:53:16.111565Z","level":"info","event":"Waiting for dag run to complete execution in allowed state.","dag_id":"api_pitstops_bronze_to_silver","run_id":"manual__2026-02-12T13:41:15.698968+00:00","allowed_state":["success"],"logger":"task","filename":"task_runner.py","lineno":1207}
{"timestamp":"2026-02-12T13:53:46.131651Z","level":"info","event":"Waiting for dag run to complete execution in allowed state.","dag_id":"api_pitstops_bronze_to_silver","run_id":"manual__2026-02-12T13:41:15.698968+00:00","allowed_state":["success"],"logger":"task","filename":"task_runner.py","lineno":1207}
{"timestamp":"2026-02-12T13:54:16.341960Z","level":"info","event":"Waiting for dag run to complete execution in allowed state.","dag_id":"api_pitstops_bronze_to_silver","run_id":"manual__2026-02-12T13:41:15.698968+00:00","allowed_state":["success"],"logger":"task","filename":"task_runner.py","lineno":1207}
{"timestamp":"2026-02-12T13:54:46.350331Z","level":"info","event":"Waiting for dag run to complete execution in allowed state.","dag_id":"api_pitstops_bronze_to_silver","run_id":"manual__2026-02-12T13:41:15.698968+00:00","allowed_state":["success"],"logger":"task","filename":"task_runner.py","lineno":1207}
{"timestamp":"2026-02-12T13:55:16.359920Z","level":"info","event":"Waiting for dag run to complete execution in allowed state.","dag_id":"api_pitstops_bronze_to_silver","run_id":"manual__2026-02-12T13:41:15.698968+00:00","allowed_state":["success"],"logger":"task","filename":"task_runner.py","lineno":1207}
{"timestamp":"2026-02-12T13:55:46.370311Z","level":"info","event":"Waiting for dag run to complete execution in allowed state.","dag_id":"api_pitstops_bronze_to_silver","run_id":"manual__2026-02-12T13:41:15.698968+00:00","allowed_state":["success"],"logger":"task","filename":"task_runner.py","lineno":1207}
{"timestamp":"2026-02-12T13:56:16.378900Z","level":"info","event":"Waiting for dag run to complete execution in allowed state.","dag_id":"api_pitstops_bronze_to_silver","run_id":"manual__2026-02-12T13:41:15.698968+00:00","allowed_state":["success"],"logger":"task","filename":"task_runner.py","lineno":1207}
{"timestamp":"2026-02-12T13:56:46.386216Z","level":"info","event":"Waiting for dag run to complete execution in allowed state.","dag_id":"api_pitstops_bronze_to_silver","run_id":"manual__2026-02-12T13:41:15.698968+00:00","allowed_state":["success"],"logger":"task","filename":"task_runner.py","lineno":1207}
{"timestamp":"2026-02-12T13:57:16.398052Z","level":"info","event":"Waiting for dag run to complete execution in allowed state.","dag_id":"api_pitstops_bronze_to_silver","run_id":"manual__2026-02-12T13:41:15.698968+00:00","allowed_state":["success"],"logger":"task","filename":"task_runner.py","lineno":1207}
{"timestamp":"2026-02-12T13:57:46.412240Z","level":"info","event":"Waiting for dag run to complete execution in allowed state.","dag_id":"api_pitstops_bronze_to_silver","run_id":"manual__2026-02-12T13:41:15.698968+00:00","allowed_state":["success"],"logger":"task","filename":"task_runner.py","lineno":1207}
{"timestamp":"2026-02-12T13:58:16.422024Z","level":"info","event":"Waiting for dag run to complete execution in allowed state.","dag_id":"api_pitstops_bronze_to_silver","run_id":"manual__2026-02-12T13:41:15.698968+00:00","allowed_state":["success"],"logger":"task","filename":"task_runner.py","lineno":1207}
{"timestamp":"2026-02-12T13:58:46.433789Z","level":"info","event":"Waiting for dag run to complete execution in allowed state.","dag_id":"api_pitstops_bronze_to_silver","run_id":"manual__2026-02-12T13:41:15.698968+00:00","allowed_state":["success"],"logger":"task","filename":"task_runner.py","lineno":1207}
{"timestamp":"2026-02-12T13:58:51.461998Z","level":"error","event":"Server indicated the task shouldn't be running anymore. Terminating process","detail":{"detail":{"reason":"not_running","message":"TI is no longer in the running state and task should terminate","current_state":"failed"}},"logger":"task"}
{"timestamp":"2026-02-12T13:58:56.474395Z","level":"error","event":"Task killed!","logger":"task"}
