{"timestamp":"2026-02-11T14:39:04.376545Z","level":"info","event":"DAG bundles loaded: dags-folder","logger":"airflow.dag_processing.bundles.manager.DagBundlesManager","filename":"manager.py","lineno":179}
{"timestamp":"2026-02-11T14:39:04.383353Z","level":"info","event":"Filling up the DagBag from /opt/airflow/dags/api_etl/api_circuits_bronze_to_silver.py","logger":"airflow.models.dagbag.DagBag","filename":"dagbag.py","lineno":593}
{"timestamp":"2026-02-11T14:39:05.419033Z","level":"info","event":"======================================================================","logger":"task.stdout"}
{"timestamp":"2026-02-11T14:39:05.419650Z","level":"info","event":"F1 CIRCUIT BACKFILL: ERGAST API → SILVER","logger":"task.stdout"}
{"timestamp":"2026-02-11T14:39:05.419986Z","level":"info","event":"======================================================================","logger":"task.stdout"}
{"timestamp":"2026-02-11T14:39:05.421230Z","level":"info","event":"","logger":"task.stdout"}
{"timestamp":"2026-02-11T14:39:05.421567Z","level":"info","event":"[STEP 1] Scraping API...","logger":"task.stdout"}
{"timestamp":"2026-02-11T14:39:05.421988Z","level":"info","event":"","logger":"task.stdout"}
{"timestamp":"2026-02-11T14:39:05.422419Z","level":"info","event":"======================================================================","logger":"task.stdout"}
{"timestamp":"2026-02-11T14:39:05.422844Z","level":"info","event":"SCRAPING CIRCUITS FROM API: 2025-2025","logger":"task.stdout"}
{"timestamp":"2026-02-11T14:39:05.423256Z","level":"info","event":"======================================================================","logger":"task.stdout"}
{"timestamp":"2026-02-11T14:39:05.423606Z","level":"info","event":"","logger":"task.stdout"}
{"timestamp":"2026-02-11T14:39:05.423933Z","level":"info","event":"Fetching circuits for 2025...","logger":"task.stdout"}
{"timestamp":"2026-02-11T14:39:28.234729Z","level":"info","event":"24 circuits found","logger":"task.stdout"}
{"timestamp":"2026-02-11T14:39:28.237282Z","level":"info","event":"","logger":"task.stdout"}
{"timestamp":"2026-02-11T14:39:28.237791Z","level":"info","event":"======================================================================","logger":"task.stdout"}
{"timestamp":"2026-02-11T14:39:28.238222Z","level":"info","event":"SCRAPING COMPLETE","logger":"task.stdout"}
{"timestamp":"2026-02-11T14:39:28.238640Z","level":"info","event":"Total records: 24","logger":"task.stdout"}
{"timestamp":"2026-02-11T14:39:28.239084Z","level":"info","event":"Unique constructors (by circuitId): 24","logger":"task.stdout"}
{"timestamp":"2026-02-11T14:39:28.239493Z","level":"info","event":"Years covered: 2025-2025","logger":"task.stdout"}
{"timestamp":"2026-02-11T14:39:28.239837Z","level":"info","event":"======================================================================","logger":"task.stdout"}
{"timestamp":"2026-02-11T14:39:28.240170Z","level":"info","event":"","logger":"task.stdout"}
{"timestamp":"2026-02-11T14:39:28.240520Z","level":"info","event":"API scraping complete: 24 circuit records","logger":"task.stdout"}
{"timestamp":"2026-02-11T14:39:28.240989Z","level":"info","event":"","logger":"task.stdout"}
{"timestamp":"2026-02-11T14:39:28.241368Z","level":"info","event":"[STEP 2] Transforming to Silver schema...","logger":"task.stdout"}
{"timestamp":"2026-02-11T14:39:28.241636Z","level":"info","event":"Transforming API data to Silver schema...","logger":"task.stdout"}
{"timestamp":"2026-02-11T14:39:28.241946Z","level":"info","event":"Deduplication: 24 records → 24 unique constructors","logger":"task.stdout"}
{"timestamp":"2026-02-11T14:39:28.242188Z","level":"info","event":"Sorted by circuitId for stable circuit_id generation","logger":"task.stdout"}
{"timestamp":"2026-02-11T14:39:28.245313Z","level":"info","event":"Transformed 24 circuits to Silver schema","logger":"task.stdout"}
{"timestamp":"2026-02-11T14:39:28.245792Z","level":"info","event":"Source: api","logger":"task.stdout"}
{"timestamp":"2026-02-11T14:39:28.246230Z","level":"info","event":"circuit_id range: 10001 - 10024","logger":"task.stdout"}
{"timestamp":"2026-02-11T14:39:28.246648Z","level":"info","event":"Transformation complete: 24 unique constructors","logger":"task.stdout"}
{"timestamp":"2026-02-11T14:39:28.247120Z","level":"info","event":"circuit_id range: 10001 - 10024","logger":"task.stdout"}
{"timestamp":"2026-02-11T14:39:28.247436Z","level":"info","event":"","logger":"task.stdout"}
{"timestamp":"2026-02-11T14:39:28.247798Z","level":"info","event":"[STEP 3] Loading existing Silver data...","logger":"task.stdout"}
{"timestamp":"2026-02-11T14:39:28.289786Z","level":"info","event":" Downloaded dimensions/dim_circuit/dim_circuit.parquet (34 rows)","logger":"task.stdout"}
{"timestamp":"2026-02-11T14:39:28.291668Z","level":"info","event":"Loaded 34 existing circuits from Silver","logger":"task.stdout"}
{"timestamp":"2026-02-11T14:39:28.292139Z","level":"info","event":"Existing sources: {'f1_data.csv': 34}","logger":"task.stdout"}
{"timestamp":"2026-02-11T14:39:28.292450Z","level":"info","event":"CSV circuit_id range: 1 - 79","logger":"task.stdout"}
{"timestamp":"2026-02-11T14:39:28.292740Z","level":"info","event":"","logger":"task.stdout"}
{"timestamp":"2026-02-11T14:39:28.292983Z","level":"info","event":"[STEP 4] Merging API data with existing Silver...","logger":"task.stdout"}
{"timestamp":"2026-02-11T14:39:28.296747Z","level":"info","event":"","logger":"task.stdout"}
{"timestamp":"2026-02-11T14:39:28.297181Z","level":"info","event":"  Merge Configuration:","logger":"task.stdout"}
{"timestamp":"2026-02-11T14:39:28.297514Z","level":"info","event":"Existing constructors: 34","logger":"task.stdout"}
{"timestamp":"2026-02-11T14:39:28.297775Z","level":"info","event":"New API constructors: 24","logger":"task.stdout"}
{"timestamp":"2026-02-11T14:39:28.298032Z","level":"info","event":"Merge key: constructor_ref (PRIMARY natural key)","logger":"task.stdout"}
{"timestamp":"2026-02-11T14:39:28.298309Z","level":"info","event":"CSV priority: YES (skip API for CSV constructors)","logger":"task.stdout"}
{"timestamp":"2026-02-11T14:39:28.298565Z","level":"info","event":"","logger":"task.stdout"}
{"timestamp":"2026-02-11T14:39:28.298849Z","level":"info","event":"  Current max circuit_key: 34","logger":"task.stdout"}
{"timestamp":"2026-02-11T14:39:28.299195Z","level":"info","event":"","logger":"task.stdout"}
{"timestamp":"2026-02-11T14:39:28.299421Z","level":"info","event":"  Processing 24 API constructors:","logger":"task.stdout"}
{"timestamp":"2026-02-11T14:39:28.299674Z","level":"info","event":"","logger":"task.stdout"}
{"timestamp":"2026-02-11T14:39:28.299955Z","level":"info","event":"SKIP: albert_park          (CSV priority)","logger":"task.stdout"}
{"timestamp":"2026-02-11T14:39:28.300163Z","level":"info","event":"SKIP: americas             (CSV priority)","logger":"task.stdout"}
{"timestamp":"2026-02-11T14:39:28.300412Z","level":"info","event":"SKIP: bahrain              (CSV priority)","logger":"task.stdout"}
{"timestamp":"2026-02-11T14:39:28.300614Z","level":"info","event":"SKIP: baku                 (CSV priority)","logger":"task.stdout"}
{"timestamp":"2026-02-11T14:39:28.300916Z","level":"info","event":"SKIP: catalunya            (CSV priority)","logger":"task.stdout"}
{"timestamp":"2026-02-11T14:39:28.301154Z","level":"info","event":"SKIP: hungaroring          (CSV priority)","logger":"task.stdout"}
{"timestamp":"2026-02-11T14:39:28.301407Z","level":"info","event":"SKIP: imola                (CSV priority)","logger":"task.stdout"}
{"timestamp":"2026-02-11T14:39:28.301648Z","level":"info","event":"SKIP: interlagos           (CSV priority)","logger":"task.stdout"}
{"timestamp":"2026-02-11T14:39:28.301883Z","level":"info","event":"SKIP: jeddah               (CSV priority)","logger":"task.stdout"}
{"timestamp":"2026-02-11T14:39:28.302157Z","level":"info","event":"SKIP: losail               (CSV priority)","logger":"task.stdout"}
{"timestamp":"2026-02-11T14:39:28.302380Z","level":"info","event":"SKIP: marina_bay           (CSV priority)","logger":"task.stdout"}
{"timestamp":"2026-02-11T14:39:28.302594Z","level":"info","event":"SKIP: miami                (CSV priority)","logger":"task.stdout"}
{"timestamp":"2026-02-11T14:39:28.302939Z","level":"info","event":"SKIP: monaco               (CSV priority)","logger":"task.stdout"}
{"timestamp":"2026-02-11T14:39:28.303615Z","level":"info","event":"SKIP: monza                (CSV priority)","logger":"task.stdout"}
{"timestamp":"2026-02-11T14:39:28.304362Z","level":"info","event":"SKIP: red_bull_ring        (CSV priority)","logger":"task.stdout"}
{"timestamp":"2026-02-11T14:39:28.305133Z","level":"info","event":"SKIP: rodriguez            (CSV priority)","logger":"task.stdout"}
{"timestamp":"2026-02-11T14:39:28.305825Z","level":"info","event":"SKIP: shanghai             (CSV priority)","logger":"task.stdout"}
{"timestamp":"2026-02-11T14:39:28.306540Z","level":"info","event":"SKIP: silverstone          (CSV priority)","logger":"task.stdout"}
{"timestamp":"2026-02-11T14:39:28.308114Z","level":"info","event":"SKIP: spa                  (CSV priority)","logger":"task.stdout"}
{"timestamp":"2026-02-11T14:39:28.309414Z","level":"info","event":"SKIP: suzuka               (CSV priority)","logger":"task.stdout"}
{"timestamp":"2026-02-11T14:39:28.309886Z","level":"info","event":"ADD: vegas                (new circuit from API, circuit_id10021)","logger":"task.stdout"}
{"timestamp":"2026-02-11T14:39:28.315297Z","level":"warning","event":"The behavior of DataFrame concatenation with empty or all-NA entries is deprecated. In a future version, this will no longer exclude empty or all-NA columns when determining the result dtypes. To retain the old behavior, exclude the relevant entries before the concat operation.","category":"FutureWarning","filename":"/opt/airflow/dags/api_etl/api_circuits_bronze_to_silver.py","lineno":95,"logger":"py.warnings"}
{"timestamp":"2026-02-11T14:39:28.316741Z","level":"info","event":"SKIP: villeneuve           (CSV priority)","logger":"task.stdout"}
{"timestamp":"2026-02-11T14:39:28.317373Z","level":"info","event":"SKIP: yas_marina           (CSV priority)","logger":"task.stdout"}
{"timestamp":"2026-02-11T14:39:28.318031Z","level":"info","event":"SKIP: zandvoort            (CSV priority)","logger":"task.stdout"}
{"timestamp":"2026-02-11T14:39:28.318357Z","level":"info","event":"Merge complete: 35 total constructors","logger":"task.stdout"}
{"timestamp":"2026-02-11T14:39:28.318664Z","level":"info","event":"","logger":"task.stdout"}
{"timestamp":"2026-02-11T14:39:28.318941Z","level":"info","event":"[STEP 5] Writing to Silver layer...","logger":"task.stdout"}
{"timestamp":"2026-02-11T14:39:28.336508Z","level":"info","event":" Uploaded dimensions/dim_circuit/dim_circuit.parquet (35 rows)","logger":"task.stdout"}
{"timestamp":"2026-02-11T14:39:28.337137Z","level":"info","event":"Written to: s3://f1-silver/dimensions/dim_circuit/dim_circuit.parquet","logger":"task.stdout"}
{"timestamp":"2026-02-11T14:39:28.337617Z","level":"info","event":"","logger":"task.stdout"}
{"timestamp":"2026-02-11T14:39:28.337972Z","level":"info","event":"======================================================================","logger":"task.stdout"}
{"timestamp":"2026-02-11T14:39:28.338589Z","level":"info","event":"BACKFILL SUMMARY","logger":"task.stdout"}
{"timestamp":"2026-02-11T14:39:28.338916Z","level":"info","event":"======================================================================","logger":"task.stdout"}
{"timestamp":"2026-02-11T14:39:28.339230Z","level":"info","event":"  Existing circuits in Silver: 34","logger":"task.stdout"}
{"timestamp":"2026-02-11T14:39:28.339483Z","level":"info","event":"  API circuits scraped: 24","logger":"task.stdout"}
{"timestamp":"2026-02-11T14:39:28.339888Z","level":"info","event":"  Final constructor count: 35","logger":"task.stdout"}
{"timestamp":"2026-02-11T14:39:28.340280Z","level":"info","event":"  New constructors added: 1","logger":"task.stdout"}
{"timestamp":"2026-02-11T14:39:28.340977Z","level":"info","event":"","logger":"task.stdout"}
{"timestamp":"2026-02-11T14:39:28.341369Z","level":"info","event":"  Final source breakdown:","logger":"task.stdout"}
{"timestamp":"2026-02-11T14:39:28.341662Z","level":"info","event":"    f1_data.csv    : 34","logger":"task.stdout"}
{"timestamp":"2026-02-11T14:39:28.342040Z","level":"info","event":"    api            : 1","logger":"task.stdout"}
{"timestamp":"2026-02-11T14:39:28.342300Z","level":"info","event":"","logger":"task.stdout"}
{"timestamp":"2026-02-11T14:39:28.342550Z","level":"info","event":"  circuit_id ranges:","logger":"task.stdout"}
{"timestamp":"2026-02-11T14:39:28.342762Z","level":"info","event":"f1_data.csv    : 1 - 79","logger":"task.stdout"}
{"timestamp":"2026-02-11T14:39:28.342972Z","level":"info","event":"api            : 10021 - 10021","logger":"task.stdout"}
{"timestamp":"2026-02-11T14:39:28.343192Z","level":"info","event":"======================================================================","logger":"task.stdout"}
{"timestamp":"2026-02-11T14:39:28.359379Z","level":"info","event":"Done. Returned value was: {'existing_count': 34, 'api_scraped': 24, 'final_count': 35, 'new_circuits_added': 1}","logger":"airflow.task.operators.airflow.providers.standard.operators.python.PythonOperator","filename":"python.py","lineno":216}
{"timestamp":"2026-02-11T14:39:28.359902Z","level":"info","event":"Pushing xcom","ti":"RuntimeTaskInstance(id=UUID('019c4d24-3210-705d-910e-bc01334a776c'), task_id='backfill_dim_circuit', dag_id='api_circuits_bronze_to_silver', run_id='manual__2026-02-11T14:39:03.519715+00:00', try_number=1, dag_version_id=UUID('019c4cbd-edab-747e-bce6-3e306cbba436'), map_index=-1, hostname='d105c47e2bea', context_carrier={}, task=<Task(PythonOperator): backfill_dim_circuit>, bundle_instance=LocalDagBundle(name=dags-folder), max_tries=2, start_date=datetime.datetime(2026, 2, 11, 14, 39, 4, 179372, tzinfo=datetime.timezone.utc), end_date=None, state=<TaskInstanceState.RUNNING: 'running'>, is_mapped=False, rendered_map_index=None)","logger":"task","filename":"task_runner.py","lineno":1450}
