{"timestamp":"2026-02-16T15:12:55.351059Z","level":"info","event":"DAG bundles loaded: dags-folder","logger":"airflow.dag_processing.bundles.manager.DagBundlesManager","filename":"manager.py","lineno":179}
{"timestamp":"2026-02-16T15:12:55.353877Z","level":"info","event":"Filling up the DagBag from /opt/airflow/dags/all_silver_to_gold.py","logger":"airflow.models.dagbag.DagBag","filename":"dagbag.py","lineno":593}
{"timestamp":"2026-02-16T15:12:57.355324Z","level":"info","event":"TRANSFORM: fact_laps -> Gold PostgreSQL","logger":"task.stdout"}
{"timestamp":"2026-02-16T15:12:57.496513Z","level":"info","event":" Downloaded facts/fact_laps/year=2012/data.parquet (25184 rows)","logger":"task.stdout"}
{"timestamp":"2026-02-16T15:12:57.589631Z","level":"info","event":" Downloaded facts/fact_laps/year=2013/data.parquet (22707 rows)","logger":"task.stdout"}
{"timestamp":"2026-02-16T15:12:57.664532Z","level":"info","event":" Downloaded facts/fact_laps/year=2014/data.parquet (20874 rows)","logger":"task.stdout"}
{"timestamp":"2026-02-16T15:12:57.720044Z","level":"info","event":" Downloaded facts/fact_laps/year=2015/data.parquet (19785 rows)","logger":"task.stdout"}
{"timestamp":"2026-02-16T15:12:57.780005Z","level":"info","event":" Downloaded facts/fact_laps/year=2016/data.parquet (24366 rows)","logger":"task.stdout"}
{"timestamp":"2026-02-16T15:12:57.814240Z","level":"info","event":" Downloaded facts/fact_laps/year=2017/data.parquet (20016 rows)","logger":"task.stdout"}
{"timestamp":"2026-02-16T15:12:57.873314Z","level":"info","event":" Downloaded facts/fact_laps/year=2018/data.parquet (21935 rows)","logger":"task.stdout"}
{"timestamp":"2026-02-16T15:12:57.920863Z","level":"info","event":" Downloaded facts/fact_laps/year=2019/data.parquet (23429 rows)","logger":"task.stdout"}
{"timestamp":"2026-02-16T15:12:57.972454Z","level":"info","event":" Downloaded facts/fact_laps/year=2020/data.parquet (18207 rows)","logger":"task.stdout"}
{"timestamp":"2026-02-16T15:12:58.031271Z","level":"info","event":" Downloaded facts/fact_laps/year=2021/data.parquet (23505 rows)","logger":"task.stdout"}
{"timestamp":"2026-02-16T15:12:58.078675Z","level":"info","event":" Downloaded facts/fact_laps/year=2022/data.parquet (23284 rows)","logger":"task.stdout"}
{"timestamp":"2026-02-16T15:12:58.145705Z","level":"info","event":" Downloaded facts/fact_laps/year=2023/data.parquet (13544 rows)","logger":"task.stdout"}
{"timestamp":"2026-02-16T15:12:58.168897Z","level":"info","event":" Downloaded facts/fact_laps/year=2024/data.parquet (720 rows)","logger":"task.stdout"}
{"timestamp":"2026-02-16T15:12:58.188712Z","level":"info","event":" Downloaded facts/fact_laps/year=2025/data.parquet (720 rows)","logger":"task.stdout"}
{"timestamp":"2026-02-16T15:12:58.192257Z","level":"info","event":"Error reading facts/fact_laps/year=2026/data.parquet: S3 operation failed; code: NoSuchKey, message: The specified key does not exist., resource: /f1-silver/facts/fact_laps/year=2026/data.parquet, request_id: 1894C2D6148CD430, host_id: dd9025bab4ad464b049177c95eb6ebf374d3b3fd1af9251148b658df7ac2e3e8, bucket_name: f1-silver, object_name: facts/fact_laps/year=2026/data.parquet","logger":"task.stdout"}
{"timestamp":"2026-02-16T15:12:58.197926Z","level":"info","event":"Error reading facts/fact_laps/year=2027/data.parquet: S3 operation failed; code: NoSuchKey, message: The specified key does not exist., resource: /f1-silver/facts/fact_laps/year=2027/data.parquet, request_id: 1894C2D615084C5E, host_id: dd9025bab4ad464b049177c95eb6ebf374d3b3fd1af9251148b658df7ac2e3e8, bucket_name: f1-silver, object_name: facts/fact_laps/year=2027/data.parquet","logger":"task.stdout"}
{"timestamp":"2026-02-16T15:12:58.209206Z","level":"info","event":"Error reading facts/fact_laps/year=2028/data.parquet: S3 operation failed; code: NoSuchKey, message: The specified key does not exist., resource: /f1-silver/facts/fact_laps/year=2028/data.parquet, request_id: 1894C2D6155E8579, host_id: dd9025bab4ad464b049177c95eb6ebf374d3b3fd1af9251148b658df7ac2e3e8, bucket_name: f1-silver, object_name: facts/fact_laps/year=2028/data.parquet","logger":"task.stdout"}
{"timestamp":"2026-02-16T15:12:58.211213Z","level":"info","event":"Error reading facts/fact_laps/year=2029/data.parquet: S3 operation failed; code: NoSuchKey, message: The specified key does not exist., resource: /f1-silver/facts/fact_laps/year=2029/data.parquet, request_id: 1894C2D615C3B2FB, host_id: dd9025bab4ad464b049177c95eb6ebf374d3b3fd1af9251148b658df7ac2e3e8, bucket_name: f1-silver, object_name: facts/fact_laps/year=2029/data.parquet","logger":"task.stdout"}
{"timestamp":"2026-02-16T15:12:58.217000Z","level":"info","event":"Error reading facts/fact_laps/year=2030/data.parquet: S3 operation failed; code: NoSuchKey, message: The specified key does not exist., resource: /f1-silver/facts/fact_laps/year=2030/data.parquet, request_id: 1894C2D616242707, host_id: dd9025bab4ad464b049177c95eb6ebf374d3b3fd1af9251148b658df7ac2e3e8, bucket_name: f1-silver, object_name: facts/fact_laps/year=2030/data.parquet","logger":"task.stdout"}
{"timestamp":"2026-02-16T15:12:58.583060Z","level":"info","event":"Transformed 258276 laps","logger":"task.stdout"}
{"timestamp":"2026-02-16T15:12:58.666226Z","level":"info","event":"Transformed 258276 race results","logger":"task.stdout"}
{"timestamp":"2026-02-16T15:14:37.287955Z","level":"info","event":"Loaded 258276 laps to PostgreSQL","logger":"task.stdout"}
{"timestamp":"2026-02-16T15:14:37.302288Z","level":"info","event":"Done. Returned value was: 258276","logger":"airflow.task.operators.airflow.providers.standard.operators.python.PythonOperator","filename":"python.py","lineno":216}
{"timestamp":"2026-02-16T15:14:37.302701Z","level":"info","event":"Pushing xcom","ti":"RuntimeTaskInstance(id=UUID('019c6702-cdc6-70cc-bb3d-0cdf2fa5b6a7'), task_id='transform_gold_fact_laps', dag_id='all_silver_to_gold', run_id='manual__2026-02-16T15:12:41+00:00', try_number=1, dag_version_id=UUID('019c66aa-799f-705c-84ff-183cd8aa535c'), map_index=-1, hostname='9ffd7d06cb04', context_carrier={}, task=<Task(PythonOperator): transform_gold_fact_laps>, bundle_instance=LocalDagBundle(name=dags-folder), max_tries=1, start_date=datetime.datetime(2026, 2, 16, 15, 12, 55, 111311, tzinfo=datetime.timezone.utc), end_date=None, state=<TaskInstanceState.RUNNING: 'running'>, is_mapped=False, rendered_map_index=None)","logger":"task","filename":"task_runner.py","lineno":1450}
