{"timestamp":"2026-02-14T23:34:40.021593Z","level":"info","event":"DAG bundles loaded: dags-folder","logger":"airflow.dag_processing.bundles.manager.DagBundlesManager","filename":"manager.py","lineno":179}
{"timestamp":"2026-02-14T23:34:40.079978Z","level":"info","event":"Filling up the DagBag from /opt/airflow/dags/csv_bronze_to_silver.py","logger":"airflow.models.dagbag.DagBag","filename":"dagbag.py","lineno":593}
{"timestamp":"2026-02-14T23:34:58.955464Z","level":"info","event":"============================================================","logger":"task.stdout"}
{"timestamp":"2026-02-14T23:34:58.959909Z","level":"info","event":"EXTRACT: Reading Bronze CSV and uploading to MinIO","logger":"task.stdout"}
{"timestamp":"2026-02-14T23:34:58.961262Z","level":"info","event":"============================================================","logger":"task.stdout"}
{"timestamp":"2026-02-14T23:34:58.962612Z","level":"info","event":"STEP 1: Reading CSV with low_memory=False...","logger":"task.stdout"}
{"timestamp":"2026-02-14T23:37:06.546761Z","level":"info","event":"STEP 2: Loaded 518,417 rows from CSV","logger":"task.stdout"}
{"timestamp":"2026-02-14T23:37:06.587408Z","level":"info","event":"STEP 3: Cleaning data types...","logger":"task.stdout"}
{"timestamp":"2026-02-14T23:37:13.782124Z","level":"info","event":"  Fixed 'alt' column: float64","logger":"task.stdout"}
{"timestamp":"2026-02-14T23:37:27.003359Z","level":"info","event":"  Converted position to numeric","logger":"task.stdout"}
{"timestamp":"2026-02-14T23:37:30.776539Z","level":"info","event":"  Converted positionText to numeric","logger":"task.stdout"}
{"timestamp":"2026-02-14T23:37:41.004178Z","level":"info","event":"  Converted milliseconds to numeric","logger":"task.stdout"}
{"timestamp":"2026-02-14T23:37:43.497068Z","level":"info","event":"  Converted fastestLap to numeric","logger":"task.stdout"}
{"timestamp":"2026-02-14T23:37:56.192941Z","level":"info","event":"  Converted fastestLapSpeed to numeric","logger":"task.stdout"}
{"timestamp":"2026-02-14T23:40:00.676726Z","level":"info","event":"  Converted number_drivers to numeric","logger":"task.stdout"}
{"timestamp":"2026-02-14T23:41:01.861667Z","level":"info","event":"  Converted duration to numeric","logger":"task.stdout"}
{"timestamp":"2026-02-14T23:41:04.372463Z","level":"info","event":"STEP 4: Initializing MinIO and creating buckets if needed...","logger":"task.stdout"}
{"timestamp":"2026-02-14T23:41:04.909722Z","level":"info","event":"  Bucket f1-bronze already exists","logger":"task.stdout"}
{"timestamp":"2026-02-14T23:41:04.923393Z","level":"info","event":"  Bucket f1-silver already exists","logger":"task.stdout"}
{"timestamp":"2026-02-14T23:41:04.931274Z","level":"info","event":"STEP 5: Uploading to MinIO...","logger":"task.stdout"}
{"timestamp":"2026-02-14T23:41:24.309178Z","level":"info","event":"Uploaded raw_data/f1_data.parquet (518417 rows)","logger":"task.stdout"}
{"timestamp":"2026-02-14T23:41:24.401147Z","level":"info","event":"STEP 6: Upload complete!","logger":"task.stdout"}
{"timestamp":"2026-02-14T23:41:25.051886Z","level":"info","event":"Done. Returned value was: 518417","logger":"airflow.task.operators.airflow.providers.standard.operators.python.PythonOperator","filename":"python.py","lineno":216}
{"timestamp":"2026-02-14T23:41:25.109486Z","level":"info","event":"Pushing xcom","ti":"RuntimeTaskInstance(id=UUID('019c5e7c-cb4f-79f9-86d7-2ffe0c252fef'), task_id='extract_bronze', dag_id='csv_bronze_to_silver', run_id='manual__2026-02-14T23:29:20+00:00', try_number=2, dag_version_id=UUID('019c5e3a-b3ff-7da6-aa0a-f0e5d22fad78'), map_index=-1, hostname='e328d6f6311a', context_carrier={}, task=<Task(PythonOperator): extract_bronze>, bundle_instance=LocalDagBundle(name=dags-folder), max_tries=1, start_date=datetime.datetime(2026, 2, 14, 23, 34, 25, 410175, tzinfo=datetime.timezone.utc), end_date=None, state=<TaskInstanceState.RUNNING: 'running'>, is_mapped=False, rendered_map_index=None)","logger":"task","filename":"task_runner.py","lineno":1450}
