{"timestamp":"2026-02-09T13:44:46.470647Z","level":"info","event":"DAG bundles loaded: dags-folder, example_dags","logger":"airflow.dag_processing.bundles.manager.DagBundlesManager","filename":"manager.py","lineno":179}
{"timestamp":"2026-02-09T13:44:46.471679Z","level":"info","event":"Filling up the DagBag from /opt/airflow/dags/all_silver_to_gold.py","logger":"airflow.models.dagbag.DagBag","filename":"dagbag.py","lineno":593}
{"timestamp":"2026-02-09T13:44:46.770942Z","level":"info","event":"Task instance is in running state","logger":"task.stdout"}
{"timestamp":"2026-02-09T13:44:46.771444Z","level":"info","event":" Previous state of the Task instance: TaskInstanceState.QUEUED","logger":"task.stdout"}
{"timestamp":"2026-02-09T13:44:46.771999Z","level":"info","event":"Current task name:transform_gold_fact_race_results","logger":"task.stdout"}
{"timestamp":"2026-02-09T13:44:46.777846Z","level":"info","event":"Dag name:all_silver_to_gold","logger":"task.stdout"}
{"timestamp":"2026-02-09T13:44:46.778239Z","level":"info","event":"TRANSFORM: fact_race_results -> Gold PostgreSQL","logger":"task.stdout"}
{"timestamp":"2026-02-09T13:44:46.808564Z","level":"info","event":" Downloaded facts/fact_race_results/year=2012/data.parquet (447 rows)","logger":"task.stdout"}
{"timestamp":"2026-02-09T13:44:46.814971Z","level":"info","event":" Downloaded facts/fact_race_results/year=2013/data.parquet (401 rows)","logger":"task.stdout"}
{"timestamp":"2026-02-09T13:44:46.821174Z","level":"info","event":" Downloaded facts/fact_race_results/year=2014/data.parquet (378 rows)","logger":"task.stdout"}
{"timestamp":"2026-02-09T13:44:46.829022Z","level":"info","event":" Downloaded facts/fact_race_results/year=2015/data.parquet (347 rows)","logger":"task.stdout"}
{"timestamp":"2026-02-09T13:44:46.834617Z","level":"info","event":" Downloaded facts/fact_race_results/year=2016/data.parquet (431 rows)","logger":"task.stdout"}
{"timestamp":"2026-02-09T13:44:46.842838Z","level":"info","event":" Downloaded facts/fact_race_results/year=2017/data.parquet (357 rows)","logger":"task.stdout"}
{"timestamp":"2026-02-09T13:44:46.849019Z","level":"info","event":" Downloaded facts/fact_race_results/year=2018/data.parquet (382 rows)","logger":"task.stdout"}
{"timestamp":"2026-02-09T13:44:46.855426Z","level":"info","event":" Downloaded facts/fact_race_results/year=2019/data.parquet (409 rows)","logger":"task.stdout"}
{"timestamp":"2026-02-09T13:44:46.860811Z","level":"info","event":" Downloaded facts/fact_race_results/year=2020/data.parquet (313 rows)","logger":"task.stdout"}
{"timestamp":"2026-02-09T13:44:46.866269Z","level":"info","event":" Downloaded facts/fact_race_results/year=2021/data.parquet (397 rows)","logger":"task.stdout"}
{"timestamp":"2026-02-09T13:44:46.871990Z","level":"info","event":" Downloaded facts/fact_race_results/year=2022/data.parquet (410 rows)","logger":"task.stdout"}
{"timestamp":"2026-02-09T13:44:46.877944Z","level":"info","event":" Downloaded facts/fact_race_results/year=2023/data.parquet (230 rows)","logger":"task.stdout"}
{"timestamp":"2026-02-09T13:44:46.880173Z","level":"info","event":"❌ Error reading facts/fact_race_results/year=2024/data.parquet: S3 operation failed; code: NoSuchKey, message: The specified key does not exist., resource: /f1-silver/facts/fact_race_results/year=2024/data.parquet, request_id: 189297F620DA32D0, host_id: dd9025bab4ad464b049177c95eb6ebf374d3b3fd1af9251148b658df7ac2e3e8, bucket_name: f1-silver, object_name: facts/fact_race_results/year=2024/data.parquet","logger":"task.stdout"}
{"timestamp":"2026-02-09T13:44:46.882033Z","level":"info","event":"❌ Error reading facts/fact_race_results/year=2025/data.parquet: S3 operation failed; code: NoSuchKey, message: The specified key does not exist., resource: /f1-silver/facts/fact_race_results/year=2025/data.parquet, request_id: 189297F620F8C75D, host_id: dd9025bab4ad464b049177c95eb6ebf374d3b3fd1af9251148b658df7ac2e3e8, bucket_name: f1-silver, object_name: facts/fact_race_results/year=2025/data.parquet","logger":"task.stdout"}
{"timestamp":"2026-02-09T13:44:46.884025Z","level":"info","event":"❌ Error reading facts/fact_race_results/year=2026/data.parquet: S3 operation failed; code: NoSuchKey, message: The specified key does not exist., resource: /f1-silver/facts/fact_race_results/year=2026/data.parquet, request_id: 189297F621172859, host_id: dd9025bab4ad464b049177c95eb6ebf374d3b3fd1af9251148b658df7ac2e3e8, bucket_name: f1-silver, object_name: facts/fact_race_results/year=2026/data.parquet","logger":"task.stdout"}
{"timestamp":"2026-02-09T13:44:46.885659Z","level":"info","event":"❌ Error reading facts/fact_race_results/year=2027/data.parquet: S3 operation failed; code: NoSuchKey, message: The specified key does not exist., resource: /f1-silver/facts/fact_race_results/year=2027/data.parquet, request_id: 189297F621344A2C, host_id: dd9025bab4ad464b049177c95eb6ebf374d3b3fd1af9251148b658df7ac2e3e8, bucket_name: f1-silver, object_name: facts/fact_race_results/year=2027/data.parquet","logger":"task.stdout"}
{"timestamp":"2026-02-09T13:44:46.887247Z","level":"info","event":"❌ Error reading facts/fact_race_results/year=2028/data.parquet: S3 operation failed; code: NoSuchKey, message: The specified key does not exist., resource: /f1-silver/facts/fact_race_results/year=2028/data.parquet, request_id: 189297F6214D24A1, host_id: dd9025bab4ad464b049177c95eb6ebf374d3b3fd1af9251148b658df7ac2e3e8, bucket_name: f1-silver, object_name: facts/fact_race_results/year=2028/data.parquet","logger":"task.stdout"}
{"timestamp":"2026-02-09T13:44:46.889575Z","level":"info","event":"❌ Error reading facts/fact_race_results/year=2029/data.parquet: S3 operation failed; code: NoSuchKey, message: The specified key does not exist., resource: /f1-silver/facts/fact_race_results/year=2029/data.parquet, request_id: 189297F62161E75E, host_id: dd9025bab4ad464b049177c95eb6ebf374d3b3fd1af9251148b658df7ac2e3e8, bucket_name: f1-silver, object_name: facts/fact_race_results/year=2029/data.parquet","logger":"task.stdout"}
{"timestamp":"2026-02-09T13:44:46.889870Z","level":"info","event":"❌ Error reading facts/fact_race_results/year=2030/data.parquet: S3 operation failed; code: NoSuchKey, message: The specified key does not exist., resource: /f1-silver/facts/fact_race_results/year=2030/data.parquet, request_id: 189297F62172919E, host_id: dd9025bab4ad464b049177c95eb6ebf374d3b3fd1af9251148b658df7ac2e3e8, bucket_name: f1-silver, object_name: facts/fact_race_results/year=2030/data.parquet","logger":"task.stdout"}
{"timestamp":"2026-02-09T13:44:46.906345Z","level":"info","event":"Transformed 4502 race results","logger":"task.stdout"}
{"timestamp":"2026-02-09T13:44:49.354406Z","level":"info","event":"Loaded 4502 race results to PostgreSQL","logger":"task.stdout"}
{"timestamp":"2026-02-09T13:44:49.355419Z","level":"info","event":"Done. Returned value was: 4502","logger":"airflow.task.operators.airflow.providers.standard.operators.python.PythonOperator","filename":"python.py","lineno":216}
{"timestamp":"2026-02-09T13:44:49.355691Z","level":"info","event":"Pushing xcom","ti":"RuntimeTaskInstance(id=UUID('019c42a5-aa6f-7a18-8d89-85fc95efc2af'), task_id='transform_gold_fact_race_results', dag_id='all_silver_to_gold', run_id='manual__2026-02-09T13:44:36+00:00', try_number=1, dag_version_id=UUID('019c416b-ee2a-7dae-ab28-a437bee97c66'), map_index=-1, hostname='ced332f26f0a', context_carrier={}, task=<Task(PythonOperator): transform_gold_fact_race_results>, bundle_instance=LocalDagBundle(name=dags-folder), max_tries=1, start_date=datetime.datetime(2026, 2, 9, 13, 44, 45, 868435, tzinfo=datetime.timezone.utc), end_date=None, state=<TaskInstanceState.RUNNING: 'running'>, is_mapped=False, rendered_map_index=None)","logger":"task","filename":"task_runner.py","lineno":1450}
{"timestamp":"2026-02-09T13:44:49.418388Z","level":"info","event":"Task instance in success state","logger":"task.stdout"}
{"timestamp":"2026-02-09T13:44:49.418984Z","level":"info","event":" Previous state of the Task instance: TaskInstanceState.RUNNING","logger":"task.stdout"}
{"timestamp":"2026-02-09T13:44:49.419666Z","level":"info","event":"Task operator:<Task(PythonOperator): transform_gold_fact_race_results>","logger":"task.stdout"}
