{"timestamp":"2026-02-26T18:09:20.084556Z","level":"info","event":"DAG bundles loaded: dags-folder","logger":"airflow.dag_processing.bundles.manager.DagBundlesManager","filename":"manager.py","lineno":179}
{"timestamp":"2026-02-26T18:09:20.091240Z","level":"info","event":"Filling up the DagBag from /opt/airflow/dags/weekly_f1_pipeline.py","logger":"airflow.models.dagbag.DagBag","filename":"dagbag.py","lineno":593}
{"timestamp":"2026-02-26T18:09:43.659220Z","level":"warning","event":"The `airflow.utils.task_group.TaskGroup` attribute is deprecated. Please use `'airflow.sdk.TaskGroup'`.","category":"DeprecatedImportWarning","filename":"/opt/airflow/dags/weekly_f1_pipeline.py","lineno":36,"logger":"py.warnings"}
{"timestamp":"2026-02-26T18:09:43.667852Z","level":"warning","event":"The `airflow.operators.trigger_dagrun.TriggerDagRunOperator` attribute is deprecated. Please use `'airflow.providers.standard.operators.trigger_dagrun.TriggerDagRunOperator'`.","category":"DeprecatedImportWarning","filename":"/opt/airflow/dags/kafka_producer_pipeline.py","lineno":35,"logger":"py.warnings"}
{"timestamp":"2026-02-26T18:09:43.974176Z","level":"info","event":"======================================================================","logger":"task.stdout"}
{"timestamp":"2026-02-26T18:09:43.974989Z","level":"info","event":"PRODUCER: dim_circuit  (new venues)","logger":"task.stdout"}
{"timestamp":"2026-02-26T18:09:43.975770Z","level":"info","event":"======================================================================","logger":"task.stdout"}
{"timestamp":"2026-02-26T18:09:43.980111Z","level":"info","event":"","logger":"task.stdout"}
{"timestamp":"2026-02-26T18:09:43.980905Z","level":"info","event":"======================================================================","logger":"task.stdout"}
{"timestamp":"2026-02-26T18:09:43.982766Z","level":"info","event":"SCRAPING ALL CIRCUITS FROM API","logger":"task.stdout"}
{"timestamp":"2026-02-26T18:09:43.985938Z","level":"info","event":"======================================================================","logger":"task.stdout"}
{"timestamp":"2026-02-26T18:09:43.986797Z","level":"info","event":"","logger":"task.stdout"}
{"timestamp":"2026-02-26T18:09:43.987667Z","level":"info","event":"Fetching circuits (offset=0, limit=100)...","logger":"task.stdout"}
{"timestamp":"2026-02-26T18:10:06.889918Z","level":"info","event":"Fetched 78 circuits (total so far: 78/78)","logger":"task.stdout"}
{"timestamp":"2026-02-26T18:10:06.938774Z","level":"info","event":"","logger":"task.stdout"}
{"timestamp":"2026-02-26T18:10:06.954378Z","level":"info","event":"======================================================================","logger":"task.stdout"}
{"timestamp":"2026-02-26T18:10:06.962495Z","level":"info","event":"SCRAPING COMPLETE","logger":"task.stdout"}
{"timestamp":"2026-02-26T18:10:06.968393Z","level":"info","event":"Total records: 78","logger":"task.stdout"}
{"timestamp":"2026-02-26T18:10:06.974745Z","level":"info","event":"Unique circuits (by circuitId): 78","logger":"task.stdout"}
{"timestamp":"2026-02-26T18:10:06.982902Z","level":"info","event":"======================================================================","logger":"task.stdout"}
{"timestamp":"2026-02-26T18:10:07.004132Z","level":"info","event":"","logger":"task.stdout"}
{"timestamp":"2026-02-26T18:10:07.009320Z","level":"info","event":"Transforming API data to Silver schema...","logger":"task.stdout"}
{"timestamp":"2026-02-26T18:10:07.011102Z","level":"info","event":"Deduplication: 78 records → 78 unique circuits","logger":"task.stdout"}
{"timestamp":"2026-02-26T18:10:07.018420Z","level":"info","event":"Sorted by circuitId for stable circuit_id generation","logger":"task.stdout"}
{"timestamp":"2026-02-26T18:10:07.100325Z","level":"info","event":"Transformed 78 circuits to Silver schema","logger":"task.stdout"}
{"timestamp":"2026-02-26T18:10:07.101348Z","level":"info","event":"Source: api","logger":"task.stdout"}
{"timestamp":"2026-02-26T18:10:07.102265Z","level":"info","event":"circuit_id range: 10001 - 10078","logger":"task.stdout"}
{"timestamp":"2026-02-26T18:10:07.510743Z","level":"info","event":" Downloaded dimensions/dim_circuit/dim_circuit.parquet (78 rows)","logger":"task.stdout"}
{"timestamp":"2026-02-26T18:10:07.574751Z","level":"info","event":"  No new circuits found","logger":"task.stdout"}
{"timestamp":"2026-02-26T18:10:08.065405Z","level":"info","event":"Done. Returned value was: {'new_count': 0}","logger":"airflow.task.operators.airflow.providers.standard.operators.python.PythonOperator","filename":"python.py","lineno":216}
{"timestamp":"2026-02-26T18:10:08.067152Z","level":"info","event":"Pushing xcom","ti":"RuntimeTaskInstance(id=UUID('019c9b22-0647-7a46-93e7-1dcd9ca80ad7'), task_id='producer.scrape_publish_circuits', dag_id='weekly_f1_pipeline', run_id='scheduled__2026-02-23T08:00:00+00:00', try_number=1, dag_version_id=UUID('019c9b22-04c8-7f8f-ba9f-baa49cc3678d'), map_index=-1, hostname='fe5351013118', context_carrier={}, task=<Task(PythonOperator): producer.scrape_publish_circuits>, bundle_instance=LocalDagBundle(name=dags-folder), max_tries=2, start_date=datetime.datetime(2026, 2, 26, 18, 8, 58, 930414, tzinfo=datetime.timezone.utc), end_date=None, state=<TaskInstanceState.RUNNING: 'running'>, is_mapped=False, rendered_map_index=None)","logger":"task","filename":"task_runner.py","lineno":1450}
