{"timestamp":"2026-02-26T19:24:31.004653Z","level":"info","event":"DAG bundles loaded: dags-folder","logger":"airflow.dag_processing.bundles.manager.DagBundlesManager","filename":"manager.py","lineno":179}
{"timestamp":"2026-02-26T19:24:31.012912Z","level":"info","event":"Filling up the DagBag from /opt/airflow/dags/api_driverStandings_bronze_to_silver.py","logger":"airflow.models.dagbag.DagBag","filename":"dagbag.py","lineno":593}
{"timestamp":"2026-02-26T19:24:33.940544Z","level":"info","event":"======================================================================","logger":"task.stdout"}
{"timestamp":"2026-02-26T19:24:33.943248Z","level":"info","event":"F1 DRIVER STANDINGS BACKFILL: ERGAST API -> SILVER","logger":"task.stdout"}
{"timestamp":"2026-02-26T19:24:33.945068Z","level":"info","event":"======================================================================","logger":"task.stdout"}
{"timestamp":"2026-02-26T19:24:33.947245Z","level":"info","event":"","logger":"task.stdout"}
{"timestamp":"2026-02-26T19:24:33.948271Z","level":"info","event":"[STEP 1] Scraping API...","logger":"task.stdout"}
{"timestamp":"2026-02-26T19:24:33.949707Z","level":"info","event":"","logger":"task.stdout"}
{"timestamp":"2026-02-26T19:24:33.952168Z","level":"info","event":"======================================================================","logger":"task.stdout"}
{"timestamp":"2026-02-26T19:24:33.953570Z","level":"info","event":"SCRAPING DRIVER STANDINGS FROM ERGAST API: 2024-2025","logger":"task.stdout"}
{"timestamp":"2026-02-26T19:24:33.955369Z","level":"info","event":"======================================================================","logger":"task.stdout"}
{"timestamp":"2026-02-26T19:24:33.956894Z","level":"info","event":"","logger":"task.stdout"}
{"timestamp":"2026-02-26T19:24:33.958584Z","level":"info","event":"Fetching driver standings for 2024...","logger":"task.stdout"}
{"timestamp":"2026-02-26T19:24:56.824427Z","level":"info","event":"24 standings found for 2024","logger":"task.stdout"}
{"timestamp":"2026-02-26T19:24:56.831010Z","level":"info","event":"Fetching driver standings for 2025...","logger":"task.stdout"}
{"timestamp":"2026-02-26T19:25:20.270143Z","level":"info","event":"21 standings found for 2025","logger":"task.stdout"}
{"timestamp":"2026-02-26T19:25:20.283626Z","level":"info","event":"","logger":"task.stdout"}
{"timestamp":"2026-02-26T19:25:20.285539Z","level":"info","event":"======================================================================","logger":"task.stdout"}
{"timestamp":"2026-02-26T19:25:20.290010Z","level":"info","event":"SCRAPING COMPLETE","logger":"task.stdout"}
{"timestamp":"2026-02-26T19:25:20.306296Z","level":"info","event":"Total records: 45","logger":"task.stdout"}
{"timestamp":"2026-02-26T19:25:20.307372Z","level":"info","event":"Years covered: 2024-2025","logger":"task.stdout"}
{"timestamp":"2026-02-26T19:25:20.340249Z","level":"info","event":"Unique races: 2","logger":"task.stdout"}
{"timestamp":"2026-02-26T19:25:20.341459Z","level":"info","event":"======================================================================","logger":"task.stdout"}
{"timestamp":"2026-02-26T19:25:20.343852Z","level":"info","event":"","logger":"task.stdout"}
{"timestamp":"2026-02-26T19:25:20.352928Z","level":"info","event":"API scraping complete: 45 standing records","logger":"task.stdout"}
{"timestamp":"2026-02-26T19:25:20.357018Z","level":"info","event":"","logger":"task.stdout"}
{"timestamp":"2026-02-26T19:25:20.358079Z","level":"info","event":"[STEP 2] Transforming to Silver schema...","logger":"task.stdout"}
{"timestamp":"2026-02-26T19:25:20.359174Z","level":"info","event":"Transforming API data to Silver schema...","logger":"task.stdout"}
{"timestamp":"2026-02-26T19:25:20.365058Z","level":"info","event":"Sorted by year + round + position","logger":"task.stdout"}
{"timestamp":"2026-02-26T19:25:20.368060Z","level":"info","event":"Generated ds_id: 10000001 - 10000045","logger":"task.stdout"}
{"timestamp":"2026-02-26T19:25:20.417456Z","level":"info","event":"Transformed 45 standings to Silver schema","logger":"task.stdout"}
{"timestamp":"2026-02-26T19:25:20.418720Z","level":"info","event":"Source: api","logger":"task.stdout"}
{"timestamp":"2026-02-26T19:25:20.419866Z","level":"info","event":"ds_id range: 10000001 - 10000045","logger":"task.stdout"}
{"timestamp":"2026-02-26T19:25:20.420807Z","level":"info","event":"Transformation complete: 45 standings","logger":"task.stdout"}
{"timestamp":"2026-02-26T19:25:20.425194Z","level":"info","event":"ds_id range: 10000001 - 10000045","logger":"task.stdout"}
{"timestamp":"2026-02-26T19:25:20.426417Z","level":"info","event":"","logger":"task.stdout"}
{"timestamp":"2026-02-26T19:25:20.432661Z","level":"info","event":"[STEP 3] Loading dimensions for FK resolution...","logger":"task.stdout"}
{"timestamp":"2026-02-26T19:25:20.528201Z","level":"info","event":"Error reading dimensions/dim_driver/dim_driver.parquet: S3 operation failed; code: NoSuchKey, message: The specified key does not exist., resource: /f1-silver/dimensions/dim_driver/dim_driver.parquet, request_id: 1897E2695822DD85, host_id: dd9025bab4ad464b049177c95eb6ebf374d3b3fd1af9251148b658df7ac2e3e8, bucket_name: f1-silver, object_name: dimensions/dim_driver/dim_driver.parquet","logger":"task.stdout"}
{"timestamp":"2026-02-26T19:25:20.544578Z","level":"info","event":"ERROR: Cannot load dimensions - FK resolution impossible!","logger":"task.stdout"}
{"timestamp":"2026-02-26T19:25:20.568844Z","level":"info","event":"Details: S3 operation failed; code: NoSuchKey, message: The specified key does not exist., resource: /f1-silver/dimensions/dim_driver/dim_driver.parquet, request_id: 1897E2695822DD85, host_id: dd9025bab4ad464b049177c95eb6ebf374d3b3fd1af9251148b658df7ac2e3e8, bucket_name: f1-silver, object_name: dimensions/dim_driver/dim_driver.parquet","logger":"task.stdout"}
{"timestamp":"2026-02-26T19:25:20.557082Z","level":"error","event":"Task failed with exception","logger":"task","filename":"task_runner.py","lineno":1078,"error_detail":[{"exc_type":"RuntimeError","exc_value":"All dimensions must exist before loading driver standings","exc_notes":[],"syntax_error":null,"is_cause":false,"frames":[{"filename":"/home/airflow/.local/lib/python3.12/site-packages/airflow/sdk/execution_time/task_runner.py","lineno":1004,"name":"run"},{"filename":"/home/airflow/.local/lib/python3.12/site-packages/airflow/sdk/execution_time/task_runner.py","lineno":1405,"name":"_execute_task"},{"filename":"/home/airflow/.local/lib/python3.12/site-packages/airflow/sdk/bases/operator.py","lineno":417,"name":"wrapper"},{"filename":"/home/airflow/.local/lib/python3.12/site-packages/airflow/providers/standard/operators/python.py","lineno":214,"name":"execute"},{"filename":"/home/airflow/.local/lib/python3.12/site-packages/airflow/providers/standard/operators/python.py","lineno":237,"name":"execute_callable"},{"filename":"/home/airflow/.local/lib/python3.12/site-packages/airflow/sdk/execution_time/callback_runner.py","lineno":82,"name":"run"},{"filename":"/opt/airflow/dags/api_driverStandings_bronze_to_silver.py","lineno":297,"name":"backfill_fact_driver_standings"}],"is_group":false,"exceptions":[]},{"exc_type":"S3Error","exc_value":"S3 operation failed; code: NoSuchKey, message: The specified key does not exist., resource: /f1-silver/dimensions/dim_driver/dim_driver.parquet, request_id: 1897E2695822DD85, host_id: dd9025bab4ad464b049177c95eb6ebf374d3b3fd1af9251148b658df7ac2e3e8, bucket_name: f1-silver, object_name: dimensions/dim_driver/dim_driver.parquet","exc_notes":[],"syntax_error":null,"is_cause":true,"frames":[{"filename":"/opt/airflow/dags/api_driverStandings_bronze_to_silver.py","lineno":271,"name":"backfill_fact_driver_standings"},{"filename":"/opt/airflow/dags/utils/s3_helper.py","lineno":43,"name":"read_parquet"},{"filename":"/home/airflow/.local/lib/python3.12/site-packages/minio/api.py","lineno":1244,"name":"get_object"},{"filename":"/home/airflow/.local/lib/python3.12/site-packages/minio/api.py","lineno":440,"name":"_execute"},{"filename":"/home/airflow/.local/lib/python3.12/site-packages/minio/api.py","lineno":423,"name":"_url_open"}],"is_group":false,"exceptions":[]}]}
