{"timestamp":"2026-02-26T21:47:17.553457Z","level":"info","event":"DAG bundles loaded: dags-folder","logger":"airflow.dag_processing.bundles.manager.DagBundlesManager","filename":"manager.py","lineno":179}
{"timestamp":"2026-02-26T21:47:17.568461Z","level":"info","event":"Filling up the DagBag from /opt/airflow/dags/weekly_f1_pipeline.py","logger":"airflow.models.dagbag.DagBag","filename":"dagbag.py","lineno":593}
{"timestamp":"2026-02-26T21:47:28.581308Z","level":"warning","event":"The `airflow.utils.task_group.TaskGroup` attribute is deprecated. Please use `'airflow.sdk.TaskGroup'`.","category":"DeprecatedImportWarning","filename":"/opt/airflow/dags/weekly_f1_pipeline.py","lineno":36,"logger":"py.warnings"}
{"timestamp":"2026-02-26T21:47:28.582154Z","level":"warning","event":"The `airflow.operators.trigger_dagrun.TriggerDagRunOperator` attribute is deprecated. Please use `'airflow.providers.standard.operators.trigger_dagrun.TriggerDagRunOperator'`.","category":"DeprecatedImportWarning","filename":"/opt/airflow/dags/kafka_producer_pipeline.py","lineno":35,"logger":"py.warnings"}
{"timestamp":"2026-02-26T21:47:28.746855Z","level":"info","event":"======================================================================","logger":"task.stdout"}
{"timestamp":"2026-02-26T21:47:28.748894Z","level":"info","event":"PRODUCER: fact_constructor_standings  (2026+)","logger":"task.stdout"}
{"timestamp":"2026-02-26T21:47:28.767454Z","level":"info","event":"======================================================================","logger":"task.stdout"}
{"timestamp":"2026-02-26T21:47:28.768418Z","level":"info","event":"","logger":"task.stdout"}
{"timestamp":"2026-02-26T21:47:28.779272Z","level":"info","event":"======================================================================","logger":"task.stdout"}
{"timestamp":"2026-02-26T21:47:28.780197Z","level":"info","event":"SCRAPING CONSTRUCTOR STANDINGS FROM ERGAST API: 2026-2026","logger":"task.stdout"}
{"timestamp":"2026-02-26T21:47:28.781261Z","level":"info","event":"======================================================================","logger":"task.stdout"}
{"timestamp":"2026-02-26T21:47:28.789752Z","level":"info","event":"","logger":"task.stdout"}
{"timestamp":"2026-02-26T21:47:28.796800Z","level":"info","event":"Fetching constructor standings for 2026...","logger":"task.stdout"}
{"timestamp":"2026-02-26T21:47:51.727130Z","level":"info","event":"0 standings found for 2026","logger":"task.stdout"}
{"timestamp":"2026-02-26T21:47:51.765369Z","level":"info","event":"","logger":"task.stdout"}
{"timestamp":"2026-02-26T21:47:51.778576Z","level":"info","event":"======================================================================","logger":"task.stdout"}
{"timestamp":"2026-02-26T21:47:51.787782Z","level":"info","event":"SCRAPING COMPLETE","logger":"task.stdout"}
{"timestamp":"2026-02-26T21:47:51.790202Z","level":"info","event":"Total records: 0","logger":"task.stdout"}
{"timestamp":"2026-02-26T21:47:51.795141Z","level":"info","event":"Years covered: 2026-2026","logger":"task.stdout"}
{"timestamp":"2026-02-26T21:47:51.798417Z","level":"info","event":"======================================================================","logger":"task.stdout"}
{"timestamp":"2026-02-26T21:47:51.803016Z","level":"info","event":"","logger":"task.stdout"}
{"timestamp":"2026-02-26T21:47:51.815003Z","level":"info","event":"Transforming API data to Silver schema...","logger":"task.stdout"}
{"timestamp":"2026-02-26T21:47:51.816172Z","level":"info","event":"No data found - returning empty DataFrame with schema: ['cs_id', 'constructor_ref', 'race_year', 'race_round', 'cs_position', 'cs_points', 'cs_wins', 'year', 'source', 'created_at']","logger":"task.stdout"}
{"timestamp":"2026-02-26T21:47:51.817082Z","level":"info","event":"  No constructor standings data found","logger":"task.stdout"}
{"timestamp":"2026-02-26T21:47:51.886787Z","level":"info","event":"Done. Returned value was: {'new_count': 0}","logger":"airflow.task.operators.airflow.providers.standard.operators.python.PythonOperator","filename":"python.py","lineno":216}
{"timestamp":"2026-02-26T21:47:51.895364Z","level":"info","event":"Pushing xcom","ti":"RuntimeTaskInstance(id=UUID('019c9bea-96fb-75c8-a94f-bed64ccf6d6a'), task_id='producer.scrape_publish_constructor_standings', dag_id='weekly_f1_pipeline', run_id='manual__2026-02-26T21:46:06+00:00', try_number=1, dag_version_id=UUID('019c9b22-04c8-7f8f-ba9f-baa49cc3678d'), map_index=-1, hostname='fe5351013118', context_carrier={}, task=<Task(PythonOperator): producer.scrape_publish_constructor_standings>, bundle_instance=LocalDagBundle(name=dags-folder), max_tries=2, start_date=datetime.datetime(2026, 2, 26, 21, 47, 15, 954610, tzinfo=datetime.timezone.utc), end_date=None, state=<TaskInstanceState.RUNNING: 'running'>, is_mapped=False, rendered_map_index=None)","logger":"task","filename":"task_runner.py","lineno":1450}
