{"timestamp":"2026-02-13T14:51:03.488809Z","level":"info","event":"DAG bundles loaded: dags-folder","logger":"airflow.dag_processing.bundles.manager.DagBundlesManager","filename":"manager.py","lineno":179}
{"timestamp":"2026-02-13T14:51:03.490006Z","level":"info","event":"Filling up the DagBag from /opt/airflow/dags/master_pipeline.py","logger":"airflow.models.dagbag.DagBag","filename":"dagbag.py","lineno":593}
{"timestamp":"2026-02-13T14:51:03.524441Z","level":"warning","event":"The `airflow.operators.trigger_dagrun.TriggerDagRunOperator` attribute is deprecated. Please use `'airflow.providers.standard.operators.trigger_dagrun.TriggerDagRunOperator'`.","category":"DeprecatedImportWarning","filename":"/opt/airflow/dags/master_pipeline.py","lineno":34,"logger":"py.warnings"}
{"timestamp":"2026-02-13T14:51:03.524593Z","level":"warning","event":"The `airflow.operators.python.PythonOperator` attribute is deprecated. Please use `'airflow.providers.standard.operators.python.PythonOperator'`.","category":"DeprecatedImportWarning","filename":"/opt/airflow/dags/master_pipeline.py","lineno":35,"logger":"py.warnings"}
{"timestamp":"2026-02-13T14:51:03.544258Z","level":"info","event":"","logger":"task.stdout"}
{"timestamp":"2026-02-13T14:51:03.544912Z","level":"info","event":"================================================================================","logger":"task.stdout"}
{"timestamp":"2026-02-13T14:51:03.545299Z","level":"info","event":"F1 ETL MASTER PIPELINE STARTED","logger":"task.stdout"}
{"timestamp":"2026-02-13T14:51:03.545647Z","level":"info","event":"================================================================================","logger":"task.stdout"}
{"timestamp":"2026-02-13T14:51:03.545986Z","level":"info","event":"","logger":"task.stdout"}
{"timestamp":"2026-02-13T14:51:03.546312Z","level":"info","event":"Pipeline Flow:","logger":"task.stdout"}
{"timestamp":"2026-02-13T14:51:03.546677Z","level":"info","event":"  1. CSV → Silver (Dimensions + Facts)","logger":"task.stdout"}
{"timestamp":"2026-02-13T14:51:03.547033Z","level":"info","event":"  2-5. API Dimensions → Silver (PARALLEL)","logger":"task.stdout"}
{"timestamp":"2026-02-13T14:51:03.547338Z","level":"info","event":"     ├─ Constructors","logger":"task.stdout"}
{"timestamp":"2026-02-13T14:51:03.547593Z","level":"info","event":"     ├─ Drivers","logger":"task.stdout"}
{"timestamp":"2026-02-13T14:51:03.547806Z","level":"info","event":"     ├─ Circuits","logger":"task.stdout"}
{"timestamp":"2026-02-13T14:51:03.548012Z","level":"info","event":"     └─ Races","logger":"task.stdout"}
{"timestamp":"2026-02-13T14:51:03.548214Z","level":"info","event":"  6-10. API Facts → Silver (PARALLEL)","logger":"task.stdout"}
{"timestamp":"2026-02-13T14:51:03.548418Z","level":"info","event":"      ├─ Results","logger":"task.stdout"}
{"timestamp":"2026-02-13T14:51:03.548614Z","level":"info","event":"      ├─ Laps","logger":"task.stdout"}
{"timestamp":"2026-02-13T14:51:03.548828Z","level":"info","event":"      ├─ Pitstops","logger":"task.stdout"}
{"timestamp":"2026-02-13T14:51:03.549067Z","level":"info","event":"      ├─ Driver Standings","logger":"task.stdout"}
{"timestamp":"2026-02-13T14:51:03.549368Z","level":"info","event":"      └─ Constructor Standings","logger":"task.stdout"}
{"timestamp":"2026-02-13T14:51:03.549592Z","level":"info","event":"  11. Silver → Gold (PostgreSQL)","logger":"task.stdout"}
{"timestamp":"2026-02-13T14:51:03.549802Z","level":"info","event":"","logger":"task.stdout"}
{"timestamp":"2026-02-13T14:51:03.550000Z","level":"info","event":"================================================================================","logger":"task.stdout"}
{"timestamp":"2026-02-13T14:51:03.550192Z","level":"info","event":"","logger":"task.stdout"}
{"timestamp":"2026-02-13T14:51:03.544306Z","level":"info","event":"Done. Returned value was: None","logger":"airflow.task.operators.airflow.providers.standard.operators.python.PythonOperator","filename":"python.py","lineno":216}
