{"timestamp":"2026-02-04T12:18:24.388810Z","level":"info","event":"DAG bundles loaded: dags-folder, example_dags","logger":"airflow.dag_processing.bundles.manager.DagBundlesManager","filename":"manager.py","lineno":179}
{"timestamp":"2026-02-04T12:18:24.399321Z","level":"info","event":"Filling up the DagBag from /opt/airflow/dags/f1_etl_silver_to_gold.py","logger":"airflow.models.dagbag.DagBag","filename":"dagbag.py","lineno":593}
{"timestamp":"2026-02-04T12:18:24.882806Z","level":"info","event":"Task instance is in running state","logger":"task.stdout"}
{"timestamp":"2026-02-04T12:18:24.892514Z","level":"info","event":" Previous state of the Task instance: TaskInstanceState.QUEUED","logger":"task.stdout"}
{"timestamp":"2026-02-04T12:18:24.893396Z","level":"info","event":"Current task name:transform_gold_fact_race_results","logger":"task.stdout"}
{"timestamp":"2026-02-04T12:18:24.893924Z","level":"info","event":"Dag name:f1_etl_silver_to_gold","logger":"task.stdout"}
{"timestamp":"2026-02-04T12:18:24.902299Z","level":"info","event":"TRANSFORM: fact_race_results -> Gold PostgreSQL","logger":"task.stdout"}
{"timestamp":"2026-02-04T12:18:25.056094Z","level":"info","event":" Downloaded facts/fact_race_results/year=2012/data.parquet (447 rows)","logger":"task.stdout"}
{"timestamp":"2026-02-04T12:18:25.081738Z","level":"info","event":" Downloaded facts/fact_race_results/year=2013/data.parquet (401 rows)","logger":"task.stdout"}
{"timestamp":"2026-02-04T12:18:25.116169Z","level":"info","event":" Downloaded facts/fact_race_results/year=2014/data.parquet (378 rows)","logger":"task.stdout"}
{"timestamp":"2026-02-04T12:18:25.133240Z","level":"info","event":" Downloaded facts/fact_race_results/year=2015/data.parquet (347 rows)","logger":"task.stdout"}
{"timestamp":"2026-02-04T12:18:25.154521Z","level":"info","event":" Downloaded facts/fact_race_results/year=2016/data.parquet (431 rows)","logger":"task.stdout"}
{"timestamp":"2026-02-04T12:18:25.166148Z","level":"info","event":" Downloaded facts/fact_race_results/year=2017/data.parquet (357 rows)","logger":"task.stdout"}
{"timestamp":"2026-02-04T12:18:25.175384Z","level":"info","event":" Downloaded facts/fact_race_results/year=2018/data.parquet (382 rows)","logger":"task.stdout"}
{"timestamp":"2026-02-04T12:18:25.193670Z","level":"info","event":" Downloaded facts/fact_race_results/year=2019/data.parquet (409 rows)","logger":"task.stdout"}
{"timestamp":"2026-02-04T12:18:25.223818Z","level":"info","event":" Downloaded facts/fact_race_results/year=2020/data.parquet (313 rows)","logger":"task.stdout"}
{"timestamp":"2026-02-04T12:18:25.240964Z","level":"info","event":" Downloaded facts/fact_race_results/year=2021/data.parquet (397 rows)","logger":"task.stdout"}
{"timestamp":"2026-02-04T12:18:25.256081Z","level":"info","event":" Downloaded facts/fact_race_results/year=2022/data.parquet (410 rows)","logger":"task.stdout"}
{"timestamp":"2026-02-04T12:18:25.282162Z","level":"info","event":" Downloaded facts/fact_race_results/year=2023/data.parquet (230 rows)","logger":"task.stdout"}
{"timestamp":"2026-02-04T12:18:25.284834Z","level":"info","event":"❌ Error reading facts/fact_race_results/year=2024/data.parquet: S3 operation failed; code: NoSuchKey, message: The specified key does not exist., resource: /f1-silver/facts/fact_race_results/year=2024/data.parquet, request_id: 18910A58DB0AE425, host_id: dd9025bab4ad464b049177c95eb6ebf374d3b3fd1af9251148b658df7ac2e3e8, bucket_name: f1-silver, object_name: facts/fact_race_results/year=2024/data.parquet","logger":"task.stdout"}
{"timestamp":"2026-02-04T12:18:25.285637Z","level":"info","event":"❌ Error reading facts/fact_race_results/year=2025/data.parquet: S3 operation failed; code: NoSuchKey, message: The specified key does not exist., resource: /f1-silver/facts/fact_race_results/year=2025/data.parquet, request_id: 18910A58DB30CF33, host_id: dd9025bab4ad464b049177c95eb6ebf374d3b3fd1af9251148b658df7ac2e3e8, bucket_name: f1-silver, object_name: facts/fact_race_results/year=2025/data.parquet","logger":"task.stdout"}
{"timestamp":"2026-02-04T12:18:25.295024Z","level":"info","event":"❌ Error reading facts/fact_race_results/year=2026/data.parquet: S3 operation failed; code: NoSuchKey, message: The specified key does not exist., resource: /f1-silver/facts/fact_race_results/year=2026/data.parquet, request_id: 18910A58DBA421F6, host_id: dd9025bab4ad464b049177c95eb6ebf374d3b3fd1af9251148b658df7ac2e3e8, bucket_name: f1-silver, object_name: facts/fact_race_results/year=2026/data.parquet","logger":"task.stdout"}
{"timestamp":"2026-02-04T12:18:25.296909Z","level":"info","event":"❌ Error reading facts/fact_race_results/year=2027/data.parquet: S3 operation failed; code: NoSuchKey, message: The specified key does not exist., resource: /f1-silver/facts/fact_race_results/year=2027/data.parquet, request_id: 18910A58DBE1C6F5, host_id: dd9025bab4ad464b049177c95eb6ebf374d3b3fd1af9251148b658df7ac2e3e8, bucket_name: f1-silver, object_name: facts/fact_race_results/year=2027/data.parquet","logger":"task.stdout"}
{"timestamp":"2026-02-04T12:18:25.298644Z","level":"info","event":"❌ Error reading facts/fact_race_results/year=2028/data.parquet: S3 operation failed; code: NoSuchKey, message: The specified key does not exist., resource: /f1-silver/facts/fact_race_results/year=2028/data.parquet, request_id: 18910A58DC00DFC6, host_id: dd9025bab4ad464b049177c95eb6ebf374d3b3fd1af9251148b658df7ac2e3e8, bucket_name: f1-silver, object_name: facts/fact_race_results/year=2028/data.parquet","logger":"task.stdout"}
{"timestamp":"2026-02-04T12:18:25.301708Z","level":"info","event":"❌ Error reading facts/fact_race_results/year=2029/data.parquet: S3 operation failed; code: NoSuchKey, message: The specified key does not exist., resource: /f1-silver/facts/fact_race_results/year=2029/data.parquet, request_id: 18910A58DC2C6D87, host_id: dd9025bab4ad464b049177c95eb6ebf374d3b3fd1af9251148b658df7ac2e3e8, bucket_name: f1-silver, object_name: facts/fact_race_results/year=2029/data.parquet","logger":"task.stdout"}
{"timestamp":"2026-02-04T12:18:25.304517Z","level":"info","event":"❌ Error reading facts/fact_race_results/year=2030/data.parquet: S3 operation failed; code: NoSuchKey, message: The specified key does not exist., resource: /f1-silver/facts/fact_race_results/year=2030/data.parquet, request_id: 18910A58DC4E9F61, host_id: dd9025bab4ad464b049177c95eb6ebf374d3b3fd1af9251148b658df7ac2e3e8, bucket_name: f1-silver, object_name: facts/fact_race_results/year=2030/data.parquet","logger":"task.stdout"}
{"timestamp":"2026-02-04T12:18:25.361513Z","level":"info","event":"Transformed 4502 race results","logger":"task.stdout"}
{"timestamp":"2026-02-04T12:18:28.404891Z","level":"info","event":"Loaded 4502 race results to PostgreSQL","logger":"task.stdout"}
{"timestamp":"2026-02-04T12:18:28.406206Z","level":"info","event":"Done. Returned value was: 4502","logger":"airflow.task.operators.airflow.providers.standard.operators.python.PythonOperator","filename":"python.py","lineno":216}
{"timestamp":"2026-02-04T12:18:28.406683Z","level":"info","event":"Pushing xcom","ti":"RuntimeTaskInstance(id=UUID('019c2896-cf64-7c7a-bb45-f8157ac7d504'), task_id='transform_gold_fact_race_results', dag_id='f1_etl_silver_to_gold', run_id='manual__2026-02-04T12:18:17+00:00', try_number=1, dag_version_id=UUID('019c2890-f69e-76c7-979c-ba13f662757b'), map_index=-1, hostname='85b967703fe5', context_carrier={}, task=<Task(PythonOperator): transform_gold_fact_race_results>, bundle_instance=LocalDagBundle(name=dags-folder), max_tries=1, start_date=datetime.datetime(2026, 2, 4, 12, 18, 23, 346660, tzinfo=datetime.timezone.utc), end_date=None, state=<TaskInstanceState.RUNNING: 'running'>, is_mapped=False, rendered_map_index=None)","logger":"task","filename":"task_runner.py","lineno":1450}
{"timestamp":"2026-02-04T12:18:28.438836Z","level":"info","event":"Task instance in success state","logger":"task.stdout"}
{"timestamp":"2026-02-04T12:18:28.439171Z","level":"info","event":" Previous state of the Task instance: TaskInstanceState.RUNNING","logger":"task.stdout"}
{"timestamp":"2026-02-04T12:18:28.439584Z","level":"info","event":"Task operator:<Task(PythonOperator): transform_gold_fact_race_results>","logger":"task.stdout"}
