{"timestamp":"2026-02-16T21:36:48.277701Z","level":"info","event":"DAG bundles loaded: dags-folder","logger":"airflow.dag_processing.bundles.manager.DagBundlesManager","filename":"manager.py","lineno":179}
{"timestamp":"2026-02-16T21:36:48.280153Z","level":"info","event":"Filling up the DagBag from /opt/airflow/dags/kafka_consumer_pipeline.py","logger":"airflow.models.dagbag.DagBag","filename":"dagbag.py","lineno":593}
{"timestamp":"2026-02-16T21:36:49.455669Z","level":"info","event":"","logger":"task.stdout"}
{"timestamp":"2026-02-16T21:36:49.456474Z","level":"info","event":"======================================================================","logger":"task.stdout"}
{"timestamp":"2026-02-16T21:36:49.456863Z","level":"info","event":"KAFKA CONSUMER PIPELINE COMPLETE","logger":"task.stdout"}
{"timestamp":"2026-02-16T21:36:49.457245Z","level":"info","event":"======================================================================","logger":"task.stdout"}
{"timestamp":"2026-02-16T21:36:49.469634Z","level":"info","event":"  Drivers                  : 0 rows inserted into PostgreSQL","logger":"task.stdout"}
{"timestamp":"2026-02-16T21:36:49.484006Z","level":"info","event":"  Constructors             : 0 rows inserted into PostgreSQL","logger":"task.stdout"}
{"timestamp":"2026-02-16T21:36:49.498214Z","level":"info","event":"  Circuits                 : 0 rows inserted into PostgreSQL","logger":"task.stdout"}
{"timestamp":"2026-02-16T21:36:49.510189Z","level":"info","event":"  Races                    : 0 rows inserted into PostgreSQL","logger":"task.stdout"}
{"timestamp":"2026-02-16T21:36:49.524595Z","level":"info","event":"  Results                  : 0 rows inserted into PostgreSQL","logger":"task.stdout"}
{"timestamp":"2026-02-16T21:36:49.535679Z","level":"info","event":"  Laps                     : 0 rows inserted into PostgreSQL","logger":"task.stdout"}
{"timestamp":"2026-02-16T21:36:49.548059Z","level":"info","event":"  Pitstops                 : 0 rows inserted into PostgreSQL","logger":"task.stdout"}
{"timestamp":"2026-02-16T21:36:49.561100Z","level":"info","event":"  Driver standings         : 0 rows inserted into PostgreSQL","logger":"task.stdout"}
{"timestamp":"2026-02-16T21:36:49.573974Z","level":"info","event":"  Constructor standings    : 0 rows inserted into PostgreSQL","logger":"task.stdout"}
{"timestamp":"2026-02-16T21:36:49.574754Z","level":"info","event":"======================================================================","logger":"task.stdout"}
{"timestamp":"2026-02-16T21:36:49.575239Z","level":"info","event":"","logger":"task.stdout"}
{"timestamp":"2026-02-16T21:36:49.575651Z","level":"info","event":"Kafka offset status:","logger":"task.stdout"}
{"timestamp":"2026-02-16T21:36:49.576510Z","level":"info","event":"  Consumer group 'f1-incremental-consumers' offsets committed.","logger":"task.stdout"}
{"timestamp":"2026-02-16T21:36:49.577860Z","level":"info","event":"  Next run will read ONLY messages published after this point.","logger":"task.stdout"}
{"timestamp":"2026-02-16T21:36:49.578539Z","level":"info","event":"======================================================================","logger":"task.stdout"}
{"timestamp":"2026-02-16T21:36:49.574071Z","level":"info","event":"Done. Returned value was: None","logger":"airflow.task.operators.airflow.providers.standard.operators.python.PythonOperator","filename":"python.py","lineno":216}
