{"timestamp":"2026-02-16T09:51:59.240505Z","level":"info","event":"DAG bundles loaded: dags-folder","logger":"airflow.dag_processing.bundles.manager.DagBundlesManager","filename":"manager.py","lineno":179}
{"timestamp":"2026-02-16T09:51:59.272628Z","level":"info","event":"Filling up the DagBag from /opt/airflow/dags/weekly_streaming_pipeline.py","logger":"airflow.models.dagbag.DagBag","filename":"dagbag.py","lineno":593}
{"timestamp":"2026-02-16T09:52:12.970327Z","level":"info","event":"","logger":"task.stdout"}
{"timestamp":"2026-02-16T09:52:12.972498Z","level":"info","event":"[PRODUCER] Starting fact_results production...","logger":"task.stdout"}
{"timestamp":"2026-02-16T09:52:12.981036Z","level":"info","event":"<BrokerConnection client_id=f1-streaming-pipeline, node_id=bootstrap-0 host=kafka:29092 <connecting> [IPv4 ('172.18.0.6', 29092)]>: connecting to kafka:29092 [('172.18.0.6', 29092) IPv4]","logger":"kafka.conn","filename":"conn.py","lineno":395}
{"timestamp":"2026-02-16T09:52:12.999266Z","level":"info","event":"<BrokerConnection client_id=f1-streaming-pipeline, node_id=bootstrap-0 host=kafka:29092 <checking_api_versions_recv> [IPv4 ('172.18.0.6', 29092)]>: Broker version identified as 2.6","logger":"kafka.conn","filename":"conn.py","lineno":615}
{"timestamp":"2026-02-16T09:52:13.003840Z","level":"info","event":"<BrokerConnection client_id=f1-streaming-pipeline, node_id=bootstrap-0 host=kafka:29092 <connected> [IPv4 ('172.18.0.6', 29092)]>: Connection complete.","logger":"kafka.conn","filename":"conn.py","lineno":456}
{"timestamp":"2026-02-16T09:52:13.025216Z","level":"info","event":"","logger":"task.stdout"}
{"timestamp":"2026-02-16T09:52:13.029035Z","level":"info","event":"======================================================================","logger":"task.stdout"}
{"timestamp":"2026-02-16T09:52:13.032827Z","level":"info","event":"PRODUCING RESULTS FOR 2026 → Kafka Topic: fact-results","logger":"task.stdout"}
{"timestamp":"2026-02-16T09:52:13.034878Z","level":"info","event":"======================================================================","logger":"task.stdout"}
{"timestamp":"2026-02-16T09:52:13.035945Z","level":"info","event":"","logger":"task.stdout"}
{"timestamp":"2026-02-16T09:52:13.036842Z","level":"info","event":"","logger":"task.stdout"}
{"timestamp":"2026-02-16T09:52:13.051640Z","level":"info","event":"======================================================================","logger":"task.stdout"}
{"timestamp":"2026-02-16T09:52:13.054054Z","level":"info","event":"SCRAPING RACE RESULTS FROM ERGAST API: 2026-2026","logger":"task.stdout"}
{"timestamp":"2026-02-16T09:52:13.055105Z","level":"info","event":"======================================================================","logger":"task.stdout"}
{"timestamp":"2026-02-16T09:52:13.056048Z","level":"info","event":"","logger":"task.stdout"}
{"timestamp":"2026-02-16T09:52:13.057131Z","level":"info","event":"Fetching race results for 2026...","logger":"task.stdout"}
{"timestamp":"2026-02-16T09:52:36.805282Z","level":"info","event":"0 results found across 0 races","logger":"task.stdout"}
{"timestamp":"2026-02-16T09:52:36.823398Z","level":"info","event":"","logger":"task.stdout"}
{"timestamp":"2026-02-16T09:52:36.824433Z","level":"info","event":"======================================================================","logger":"task.stdout"}
{"timestamp":"2026-02-16T09:52:36.825336Z","level":"info","event":"SCRAPING COMPLETE","logger":"task.stdout"}
{"timestamp":"2026-02-16T09:52:36.826075Z","level":"info","event":"Total records: 0","logger":"task.stdout"}
{"timestamp":"2026-02-16T09:52:36.827113Z","level":"info","event":"Years covered: 2026-2026","logger":"task.stdout"}
{"timestamp":"2026-02-16T09:52:36.833189Z","level":"info","event":"======================================================================","logger":"task.stdout"}
{"timestamp":"2026-02-16T09:52:36.834079Z","level":"info","event":"","logger":"task.stdout"}
{"timestamp":"2026-02-16T09:52:36.834865Z","level":"info","event":"Transforming API data to Silver schema...","logger":"task.stdout"}
{"timestamp":"2026-02-16T09:52:36.835728Z","level":"info","event":"No data found - returning empty DataFrame with schema: ['result_id', 'driver_ref', 'constructor_ref', 'race_year', 'race_round', 'driver_number', 'grid', 'position', 'position_text', 'position_order', 'points', 'number_of_laps', 'race_duration_hours', 'race_duration_milliseconds', 'fastest_lap', 'rank', 'fastest_lap_minutes', 'fastest_lap_speed', 'status', 'year', 'source', 'created_at']","logger":"task.stdout"}
{"timestamp":"2026-02-16T09:52:36.891148Z","level":"info","event":"Scraped 0 results for 2026","logger":"task.stdout"}
{"timestamp":"2026-02-16T09:52:36.892230Z","level":"info","event":"","logger":"task.stdout"}
{"timestamp":"2026-02-16T09:52:36.893094Z","level":"info","event":"📊 Batch Stats for fact-results:","logger":"task.stdout"}
{"timestamp":"2026-02-16T09:52:36.894576Z","level":"info","event":"    Sent: 0","logger":"task.stdout"}
{"timestamp":"2026-02-16T09:52:36.897537Z","level":"info","event":"   ❌ Failed: 0","logger":"task.stdout"}
{"timestamp":"2026-02-16T09:52:36.891508Z","level":"info","event":"<KafkaProducer client_id=f1-streaming-pipeline transactional_id=None>: Closing the Kafka producer with 9223372036.0 secs timeout.","logger":"kafka.producer.kafka","filename":"kafka.py","lineno":630}
{"timestamp":"2026-02-16T09:52:36.895958Z","level":"info","event":"<BrokerConnection client_id=f1-streaming-pipeline, node_id=bootstrap-0 host=kafka:29092 <connected> [IPv4 ('172.18.0.6', 29092)]>: Closing connection. ","logger":"kafka.conn","filename":"conn.py","lineno":936}
{"timestamp":"2026-02-16T09:52:37.344027Z","level":"info","event":"[PRODUCER] Completed: {'sent': 0, 'failed': 0}","logger":"task.stdout"}
{"timestamp":"2026-02-16T09:52:37.345861Z","level":"info","event":"Done. Returned value was: {'sent': 0, 'failed': 0}","logger":"airflow.task.operators.airflow.providers.standard.operators.python.PythonOperator","filename":"python.py","lineno":216}
{"timestamp":"2026-02-16T09:52:37.355741Z","level":"info","event":"Pushing xcom","ti":"RuntimeTaskInstance(id=UUID('019c65dc-0c2a-7ccc-aa84-33f65a6626be'), task_id='produce_fact_results', dag_id='weekly_streaming_f1_etl', run_id='scheduled__2026-02-16T03:00:00+00:00', try_number=1, dag_version_id=UUID('019c61bd-e638-74f5-b658-bbd5e8d757b9'), map_index=-1, hostname='eaafa8aeb24e', context_carrier={}, task=<Task(PythonOperator): produce_fact_results>, bundle_instance=LocalDagBundle(name=dags-folder), max_tries=2, start_date=datetime.datetime(2026, 2, 16, 9, 51, 58, 604933, tzinfo=datetime.timezone.utc), end_date=None, state=<TaskInstanceState.RUNNING: 'running'>, is_mapped=False, rendered_map_index=None)","logger":"task","filename":"task_runner.py","lineno":1450}
{"timestamp":"2026-02-16T11:35:23.500276Z","level":"info","event":"DAG bundles loaded: dags-folder","logger":"airflow.dag_processing.bundles.manager.DagBundlesManager","filename":"manager.py","lineno":179}
{"timestamp":"2026-02-16T11:35:23.502432Z","level":"info","event":"Filling up the DagBag from /opt/airflow/dags/weekly_streaming_pipeline.py","logger":"airflow.models.dagbag.DagBag","filename":"dagbag.py","lineno":593}
{"timestamp":"2026-02-16T11:35:27.792870Z","level":"info","event":"","logger":"task.stdout"}
{"timestamp":"2026-02-16T11:35:27.797051Z","level":"info","event":"[PRODUCER] Starting fact_results production...","logger":"task.stdout"}
{"timestamp":"2026-02-16T11:35:27.801048Z","level":"info","event":"<BrokerConnection client_id=f1-streaming-pipeline, node_id=bootstrap-0 host=kafka:29092 <connecting> [IPv4 ('172.18.0.4', 29092)]>: connecting to kafka:29092 [('172.18.0.4', 29092) IPv4]","logger":"kafka.conn","filename":"conn.py","lineno":395}
{"timestamp":"2026-02-16T11:35:27.812518Z","level":"info","event":"<BrokerConnection client_id=f1-streaming-pipeline, node_id=bootstrap-0 host=kafka:29092 <checking_api_versions_recv> [IPv4 ('172.18.0.4', 29092)]>: Broker version identified as 2.6","logger":"kafka.conn","filename":"conn.py","lineno":615}
{"timestamp":"2026-02-16T11:35:27.817832Z","level":"info","event":"<BrokerConnection client_id=f1-streaming-pipeline, node_id=bootstrap-0 host=kafka:29092 <connected> [IPv4 ('172.18.0.4', 29092)]>: Connection complete.","logger":"kafka.conn","filename":"conn.py","lineno":456}
{"timestamp":"2026-02-16T11:35:27.830912Z","level":"info","event":"","logger":"task.stdout"}
{"timestamp":"2026-02-16T11:35:27.831865Z","level":"info","event":"======================================================================","logger":"task.stdout"}
{"timestamp":"2026-02-16T11:35:27.832495Z","level":"info","event":"PRODUCING RESULTS FOR 2026 → Kafka Topic: fact-results","logger":"task.stdout"}
{"timestamp":"2026-02-16T11:35:27.832992Z","level":"info","event":"======================================================================","logger":"task.stdout"}
{"timestamp":"2026-02-16T11:35:27.834086Z","level":"info","event":"","logger":"task.stdout"}
{"timestamp":"2026-02-16T11:35:27.838646Z","level":"info","event":"","logger":"task.stdout"}
{"timestamp":"2026-02-16T11:35:27.840388Z","level":"info","event":"======================================================================","logger":"task.stdout"}
{"timestamp":"2026-02-16T11:35:27.841441Z","level":"info","event":"SCRAPING RACE RESULTS FROM ERGAST API: 2026-2026","logger":"task.stdout"}
{"timestamp":"2026-02-16T11:35:27.842848Z","level":"info","event":"======================================================================","logger":"task.stdout"}
{"timestamp":"2026-02-16T11:35:27.844431Z","level":"info","event":"","logger":"task.stdout"}
{"timestamp":"2026-02-16T11:35:27.845493Z","level":"info","event":"Fetching race results for 2026...","logger":"task.stdout"}
{"timestamp":"2026-02-16T11:35:52.167536Z","level":"info","event":"0 results found across 0 races","logger":"task.stdout"}
{"timestamp":"2026-02-16T11:35:52.179585Z","level":"info","event":"","logger":"task.stdout"}
{"timestamp":"2026-02-16T11:35:52.183464Z","level":"info","event":"======================================================================","logger":"task.stdout"}
{"timestamp":"2026-02-16T11:35:52.184697Z","level":"info","event":"SCRAPING COMPLETE","logger":"task.stdout"}
{"timestamp":"2026-02-16T11:35:52.185530Z","level":"info","event":"Total records: 0","logger":"task.stdout"}
{"timestamp":"2026-02-16T11:35:52.186338Z","level":"info","event":"Years covered: 2026-2026","logger":"task.stdout"}
{"timestamp":"2026-02-16T11:35:52.186890Z","level":"info","event":"======================================================================","logger":"task.stdout"}
{"timestamp":"2026-02-16T11:35:52.187416Z","level":"info","event":"","logger":"task.stdout"}
{"timestamp":"2026-02-16T11:35:52.188538Z","level":"info","event":"Transforming API data to Silver schema...","logger":"task.stdout"}
{"timestamp":"2026-02-16T11:35:52.189160Z","level":"info","event":"No data found - returning empty DataFrame with schema: ['result_id', 'driver_ref', 'constructor_ref', 'race_year', 'race_round', 'driver_number', 'grid', 'position', 'position_text', 'position_order', 'points', 'number_of_laps', 'race_duration_hours', 'race_duration_milliseconds', 'fastest_lap', 'rank', 'fastest_lap_minutes', 'fastest_lap_speed', 'status', 'year', 'source', 'created_at']","logger":"task.stdout"}
{"timestamp":"2026-02-16T11:35:52.192362Z","level":"info","event":"Scraped 0 results for 2026","logger":"task.stdout"}
{"timestamp":"2026-02-16T11:35:52.193391Z","level":"info","event":"","logger":"task.stdout"}
{"timestamp":"2026-02-16T11:35:52.194142Z","level":"info","event":"📊 Batch Stats for fact-results:","logger":"task.stdout"}
{"timestamp":"2026-02-16T11:35:52.196100Z","level":"info","event":"    Sent: 0","logger":"task.stdout"}
{"timestamp":"2026-02-16T11:35:52.198227Z","level":"info","event":"   ❌ Failed: 0","logger":"task.stdout"}
{"timestamp":"2026-02-16T11:35:52.191898Z","level":"info","event":"<KafkaProducer client_id=f1-streaming-pipeline transactional_id=None>: Closing the Kafka producer with 9223372036.0 secs timeout.","logger":"kafka.producer.kafka","filename":"kafka.py","lineno":630}
{"timestamp":"2026-02-16T11:35:52.193231Z","level":"info","event":"<BrokerConnection client_id=f1-streaming-pipeline, node_id=bootstrap-0 host=kafka:29092 <connected> [IPv4 ('172.18.0.4', 29092)]>: Closing connection. ","logger":"kafka.conn","filename":"conn.py","lineno":936}
{"timestamp":"2026-02-16T11:35:52.301466Z","level":"info","event":"[PRODUCER] Completed: {'sent': 0, 'failed': 0}","logger":"task.stdout"}
{"timestamp":"2026-02-16T11:35:52.313151Z","level":"info","event":"Done. Returned value was: {'sent': 0, 'failed': 0}","logger":"airflow.task.operators.airflow.providers.standard.operators.python.PythonOperator","filename":"python.py","lineno":216}
{"timestamp":"2026-02-16T11:35:52.313905Z","level":"info","event":"Pushing xcom","ti":"RuntimeTaskInstance(id=UUID('019c663b-cadb-792d-8b28-8e53bca57431'), task_id='produce_fact_results', dag_id='weekly_streaming_f1_etl', run_id='scheduled__2026-02-16T03:00:00+00:00', try_number=1, dag_version_id=UUID('019c663b-c7a8-7abc-a3fe-4ba651367d8d'), map_index=-1, hostname='8ca1c3cee112', context_carrier={}, task=<Task(PythonOperator): produce_fact_results>, bundle_instance=LocalDagBundle(name=dags-folder), max_tries=2, start_date=datetime.datetime(2026, 2, 16, 11, 35, 23, 249351, tzinfo=datetime.timezone.utc), end_date=None, state=<TaskInstanceState.RUNNING: 'running'>, is_mapped=False, rendered_map_index=None)","logger":"task","filename":"task_runner.py","lineno":1450}
