{"timestamp":"2026-02-04T09:47:28.340125Z","level":"info","event":"DAG bundles loaded: dags-folder, example_dags","logger":"airflow.dag_processing.bundles.manager.DagBundlesManager","filename":"manager.py","lineno":179}
{"timestamp":"2026-02-04T09:47:28.341275Z","level":"info","event":"Filling up the DagBag from /opt/airflow/dags/f1_etl_silver_to_gold.py","logger":"airflow.models.dagbag.DagBag","filename":"dagbag.py","lineno":593}
{"timestamp":"2026-02-04T09:47:28.647996Z","level":"info","event":"Task instance is in running state","logger":"task.stdout"}
{"timestamp":"2026-02-04T09:47:28.648450Z","level":"info","event":" Previous state of the Task instance: TaskInstanceState.QUEUED","logger":"task.stdout"}
{"timestamp":"2026-02-04T09:47:28.648697Z","level":"info","event":"Current task name:transform_gold_fact_race_results","logger":"task.stdout"}
{"timestamp":"2026-02-04T09:47:28.648902Z","level":"info","event":"Dag name:f1_etl_silver_to_gold","logger":"task.stdout"}
{"timestamp":"2026-02-04T09:47:28.649175Z","level":"info","event":"TRANSFORM: fact_race_results -> Gold PostgreSQL","logger":"task.stdout"}
{"timestamp":"2026-02-04T09:47:28.713524Z","level":"info","event":" Downloaded facts/fact_race_results/year=2012/data.parquet (447 rows)","logger":"task.stdout"}
{"timestamp":"2026-02-04T09:47:28.722423Z","level":"info","event":" Downloaded facts/fact_race_results/year=2013/data.parquet (401 rows)","logger":"task.stdout"}
{"timestamp":"2026-02-04T09:47:28.733593Z","level":"info","event":" Downloaded facts/fact_race_results/year=2014/data.parquet (378 rows)","logger":"task.stdout"}
{"timestamp":"2026-02-04T09:47:28.741155Z","level":"info","event":" Downloaded facts/fact_race_results/year=2015/data.parquet (347 rows)","logger":"task.stdout"}
{"timestamp":"2026-02-04T09:47:28.748066Z","level":"info","event":" Downloaded facts/fact_race_results/year=2016/data.parquet (431 rows)","logger":"task.stdout"}
{"timestamp":"2026-02-04T09:47:28.757391Z","level":"info","event":" Downloaded facts/fact_race_results/year=2017/data.parquet (357 rows)","logger":"task.stdout"}
{"timestamp":"2026-02-04T09:47:28.778013Z","level":"info","event":" Downloaded facts/fact_race_results/year=2018/data.parquet (382 rows)","logger":"task.stdout"}
{"timestamp":"2026-02-04T09:47:28.786383Z","level":"info","event":" Downloaded facts/fact_race_results/year=2019/data.parquet (409 rows)","logger":"task.stdout"}
{"timestamp":"2026-02-04T09:47:28.796930Z","level":"info","event":" Downloaded facts/fact_race_results/year=2020/data.parquet (313 rows)","logger":"task.stdout"}
{"timestamp":"2026-02-04T09:47:28.806335Z","level":"info","event":" Downloaded facts/fact_race_results/year=2021/data.parquet (397 rows)","logger":"task.stdout"}
{"timestamp":"2026-02-04T09:47:28.814937Z","level":"info","event":" Downloaded facts/fact_race_results/year=2022/data.parquet (410 rows)","logger":"task.stdout"}
{"timestamp":"2026-02-04T09:47:28.819636Z","level":"info","event":" Downloaded facts/fact_race_results/year=2023/data.parquet (230 rows)","logger":"task.stdout"}
{"timestamp":"2026-02-04T09:47:28.826774Z","level":"info","event":"❌ Error reading facts/fact_race_results/year=2024/data.parquet: S3 operation failed; code: NoSuchKey, message: The specified key does not exist., resource: /f1-silver/facts/fact_race_results/year=2024/data.parquet, request_id: 1891021C3BE6B833, host_id: dd9025bab4ad464b049177c95eb6ebf374d3b3fd1af9251148b658df7ac2e3e8, bucket_name: f1-silver, object_name: facts/fact_race_results/year=2024/data.parquet","logger":"task.stdout"}
{"timestamp":"2026-02-04T09:47:28.829305Z","level":"info","event":"❌ Error reading facts/fact_race_results/year=2025/data.parquet: S3 operation failed; code: NoSuchKey, message: The specified key does not exist., resource: /f1-silver/facts/fact_race_results/year=2025/data.parquet, request_id: 1891021C3C5940CB, host_id: dd9025bab4ad464b049177c95eb6ebf374d3b3fd1af9251148b658df7ac2e3e8, bucket_name: f1-silver, object_name: facts/fact_race_results/year=2025/data.parquet","logger":"task.stdout"}
{"timestamp":"2026-02-04T09:47:28.832091Z","level":"info","event":"❌ Error reading facts/fact_race_results/year=2026/data.parquet: S3 operation failed; code: NoSuchKey, message: The specified key does not exist., resource: /f1-silver/facts/fact_race_results/year=2026/data.parquet, request_id: 1891021C3C79D8F5, host_id: dd9025bab4ad464b049177c95eb6ebf374d3b3fd1af9251148b658df7ac2e3e8, bucket_name: f1-silver, object_name: facts/fact_race_results/year=2026/data.parquet","logger":"task.stdout"}
{"timestamp":"2026-02-04T09:47:28.835852Z","level":"info","event":"❌ Error reading facts/fact_race_results/year=2027/data.parquet: S3 operation failed; code: NoSuchKey, message: The specified key does not exist., resource: /f1-silver/facts/fact_race_results/year=2027/data.parquet, request_id: 1891021C3CA9ACEC, host_id: dd9025bab4ad464b049177c95eb6ebf374d3b3fd1af9251148b658df7ac2e3e8, bucket_name: f1-silver, object_name: facts/fact_race_results/year=2027/data.parquet","logger":"task.stdout"}
{"timestamp":"2026-02-04T09:47:28.836601Z","level":"info","event":"❌ Error reading facts/fact_race_results/year=2028/data.parquet: S3 operation failed; code: NoSuchKey, message: The specified key does not exist., resource: /f1-silver/facts/fact_race_results/year=2028/data.parquet, request_id: 1891021C3CC4CDCC, host_id: dd9025bab4ad464b049177c95eb6ebf374d3b3fd1af9251148b658df7ac2e3e8, bucket_name: f1-silver, object_name: facts/fact_race_results/year=2028/data.parquet","logger":"task.stdout"}
{"timestamp":"2026-02-04T09:47:28.839791Z","level":"info","event":"❌ Error reading facts/fact_race_results/year=2029/data.parquet: S3 operation failed; code: NoSuchKey, message: The specified key does not exist., resource: /f1-silver/facts/fact_race_results/year=2029/data.parquet, request_id: 1891021C3CE8EF15, host_id: dd9025bab4ad464b049177c95eb6ebf374d3b3fd1af9251148b658df7ac2e3e8, bucket_name: f1-silver, object_name: facts/fact_race_results/year=2029/data.parquet","logger":"task.stdout"}
{"timestamp":"2026-02-04T09:47:28.840536Z","level":"info","event":"❌ Error reading facts/fact_race_results/year=2030/data.parquet: S3 operation failed; code: NoSuchKey, message: The specified key does not exist., resource: /f1-silver/facts/fact_race_results/year=2030/data.parquet, request_id: 1891021C3D007862, host_id: dd9025bab4ad464b049177c95eb6ebf374d3b3fd1af9251148b658df7ac2e3e8, bucket_name: f1-silver, object_name: facts/fact_race_results/year=2030/data.parquet","logger":"task.stdout"}
{"timestamp":"2026-02-04T09:47:32.323478Z","level":"info","event":"Loaded 4502 race results to PostgreSQL","logger":"task.stdout"}
{"timestamp":"2026-02-04T09:47:32.322400Z","level":"info","event":"Done. Returned value was: 4502","logger":"airflow.task.operators.airflow.providers.standard.operators.python.PythonOperator","filename":"python.py","lineno":216}
{"timestamp":"2026-02-04T09:47:32.322908Z","level":"info","event":"Pushing xcom","ti":"RuntimeTaskInstance(id=UUID('019c280c-991d-7077-929e-b868d24aaf62'), task_id='transform_gold_fact_race_results', dag_id='f1_etl_silver_to_gold', run_id='manual__2026-02-04T09:47:19+00:00', try_number=1, dag_version_id=UUID('019c2440-dba6-74cb-bc9b-1f866819e0f1'), map_index=-1, hostname='3ce6d1df2962', context_carrier={}, task=<Task(PythonOperator): transform_gold_fact_race_results>, bundle_instance=LocalDagBundle(name=dags-folder), max_tries=1, start_date=datetime.datetime(2026, 2, 4, 9, 47, 27, 837610, tzinfo=datetime.timezone.utc), end_date=None, state=<TaskInstanceState.RUNNING: 'running'>, is_mapped=False, rendered_map_index=None)","logger":"task","filename":"task_runner.py","lineno":1450}
{"timestamp":"2026-02-04T09:47:32.355723Z","level":"info","event":"Task instance in success state","logger":"task.stdout"}
{"timestamp":"2026-02-04T09:47:32.361067Z","level":"info","event":" Previous state of the Task instance: TaskInstanceState.RUNNING","logger":"task.stdout"}
{"timestamp":"2026-02-04T09:47:32.365410Z","level":"info","event":"Task operator:<Task(PythonOperator): transform_gold_fact_race_results>","logger":"task.stdout"}
