{"timestamp":"2026-02-13T09:55:50.624350Z","level":"info","event":"DAG bundles loaded: dags-folder","logger":"airflow.dag_processing.bundles.manager.DagBundlesManager","filename":"manager.py","lineno":179}
{"timestamp":"2026-02-13T09:55:50.626702Z","level":"info","event":"Filling up the DagBag from /opt/airflow/dags/master_pipeline.py","logger":"airflow.models.dagbag.DagBag","filename":"dagbag.py","lineno":593}
{"timestamp":"2026-02-13T09:55:50.657208Z","level":"warning","event":"The `airflow.operators.trigger_dagrun.TriggerDagRunOperator` attribute is deprecated. Please use `'airflow.providers.standard.operators.trigger_dagrun.TriggerDagRunOperator'`.","category":"DeprecatedImportWarning","filename":"/opt/airflow/dags/master_pipeline.py","lineno":34,"logger":"py.warnings"}
{"timestamp":"2026-02-13T09:55:50.657366Z","level":"warning","event":"The `airflow.operators.python.PythonOperator` attribute is deprecated. Please use `'airflow.providers.standard.operators.python.PythonOperator'`.","category":"DeprecatedImportWarning","filename":"/opt/airflow/dags/master_pipeline.py","lineno":35,"logger":"py.warnings"}
{"timestamp":"2026-02-13T09:55:50.729323Z","level":"info","event":"","logger":"task.stdout"}
{"timestamp":"2026-02-13T09:55:50.729695Z","level":"info","event":"================================================================================","logger":"task.stdout"}
{"timestamp":"2026-02-13T09:55:50.729920Z","level":"info","event":"F1 ETL MASTER PIPELINE STARTED","logger":"task.stdout"}
{"timestamp":"2026-02-13T09:55:50.730136Z","level":"info","event":"================================================================================","logger":"task.stdout"}
{"timestamp":"2026-02-13T09:55:50.730330Z","level":"info","event":"","logger":"task.stdout"}
{"timestamp":"2026-02-13T09:55:50.730520Z","level":"info","event":"Pipeline Flow:","logger":"task.stdout"}
{"timestamp":"2026-02-13T09:55:50.730718Z","level":"info","event":"  1. CSV → Silver (Dimensions + Facts)","logger":"task.stdout"}
{"timestamp":"2026-02-13T09:55:50.730941Z","level":"info","event":"  2-5. API Dimensions → Silver (PARALLEL)","logger":"task.stdout"}
{"timestamp":"2026-02-13T09:55:50.731156Z","level":"info","event":"     ├─ Constructors","logger":"task.stdout"}
{"timestamp":"2026-02-13T09:55:50.731399Z","level":"info","event":"     ├─ Drivers","logger":"task.stdout"}
{"timestamp":"2026-02-13T09:55:50.731583Z","level":"info","event":"     ├─ Circuits","logger":"task.stdout"}
{"timestamp":"2026-02-13T09:55:50.731830Z","level":"info","event":"     └─ Races","logger":"task.stdout"}
{"timestamp":"2026-02-13T09:55:50.732037Z","level":"info","event":"  6-10. API Facts → Silver (PARALLEL)","logger":"task.stdout"}
{"timestamp":"2026-02-13T09:55:50.732221Z","level":"info","event":"      ├─ Results","logger":"task.stdout"}
{"timestamp":"2026-02-13T09:55:50.732466Z","level":"info","event":"      ├─ Laps","logger":"task.stdout"}
{"timestamp":"2026-02-13T09:55:50.732651Z","level":"info","event":"      ├─ Pitstops","logger":"task.stdout"}
{"timestamp":"2026-02-13T09:55:50.732849Z","level":"info","event":"      ├─ Driver Standings","logger":"task.stdout"}
{"timestamp":"2026-02-13T09:55:50.733068Z","level":"info","event":"      └─ Constructor Standings","logger":"task.stdout"}
{"timestamp":"2026-02-13T09:55:50.733267Z","level":"info","event":"  11. Silver → Gold (PostgreSQL)","logger":"task.stdout"}
{"timestamp":"2026-02-13T09:55:50.733454Z","level":"info","event":"","logger":"task.stdout"}
{"timestamp":"2026-02-13T09:55:50.733658Z","level":"info","event":"================================================================================","logger":"task.stdout"}
{"timestamp":"2026-02-13T09:55:50.733853Z","level":"info","event":"","logger":"task.stdout"}
{"timestamp":"2026-02-13T09:55:50.729385Z","level":"info","event":"Done. Returned value was: None","logger":"airflow.task.operators.airflow.providers.standard.operators.python.PythonOperator","filename":"python.py","lineno":216}
