{"timestamp":"2026-02-15T18:24:15.963082Z","level":"info","event":"DAG bundles loaded: dags-folder","logger":"airflow.dag_processing.bundles.manager.DagBundlesManager","filename":"manager.py","lineno":179}
{"timestamp":"2026-02-15T18:24:15.987271Z","level":"info","event":"Filling up the DagBag from /opt/airflow/dags/weekly_streaming_pipeline.py","logger":"airflow.models.dagbag.DagBag","filename":"dagbag.py","lineno":593}
{"timestamp":"2026-02-15T18:24:21.379550Z","level":"info","event":"","logger":"task.stdout"}
{"timestamp":"2026-02-15T18:24:21.380990Z","level":"info","event":"[PRODUCER] Starting dim_race production...","logger":"task.stdout"}
{"timestamp":"2026-02-15T18:24:21.380930Z","level":"info","event":"<BrokerConnection client_id=f1-streaming-pipeline, node_id=bootstrap-0 host=kafka:29092 <connecting> [IPv4 ('172.18.0.4', 29092)]>: connecting to kafka:29092 [('172.18.0.4', 29092) IPv4]","logger":"kafka.conn","filename":"conn.py","lineno":395}
{"timestamp":"2026-02-15T18:24:21.390948Z","level":"info","event":"<BrokerConnection client_id=f1-streaming-pipeline, node_id=bootstrap-0 host=kafka:29092 <checking_api_versions_recv> [IPv4 ('172.18.0.4', 29092)]>: Broker version identified as 2.6","logger":"kafka.conn","filename":"conn.py","lineno":615}
{"timestamp":"2026-02-15T18:24:21.394003Z","level":"info","event":"<BrokerConnection client_id=f1-streaming-pipeline, node_id=bootstrap-0 host=kafka:29092 <connected> [IPv4 ('172.18.0.4', 29092)]>: Connection complete.","logger":"kafka.conn","filename":"conn.py","lineno":456}
{"timestamp":"2026-02-15T18:24:21.400532Z","level":"info","event":"","logger":"task.stdout"}
{"timestamp":"2026-02-15T18:24:21.401455Z","level":"info","event":"======================================================================","logger":"task.stdout"}
{"timestamp":"2026-02-15T18:24:21.401961Z","level":"info","event":"PRODUCING RACES FOR 2026 → Kafka Topic: dim-race","logger":"task.stdout"}
{"timestamp":"2026-02-15T18:24:21.402526Z","level":"info","event":"======================================================================","logger":"task.stdout"}
{"timestamp":"2026-02-15T18:24:21.403063Z","level":"info","event":"","logger":"task.stdout"}
{"timestamp":"2026-02-15T18:24:21.403573Z","level":"info","event":"","logger":"task.stdout"}
{"timestamp":"2026-02-15T18:24:21.404141Z","level":"info","event":"======================================================================","logger":"task.stdout"}
{"timestamp":"2026-02-15T18:24:21.404592Z","level":"info","event":"SCRAPING RACES FROM ERGAST API: 2026-2026","logger":"task.stdout"}
{"timestamp":"2026-02-15T18:24:21.405064Z","level":"info","event":"======================================================================","logger":"task.stdout"}
{"timestamp":"2026-02-15T18:24:21.405514Z","level":"info","event":"","logger":"task.stdout"}
{"timestamp":"2026-02-15T18:24:21.405966Z","level":"info","event":"Fetching races for 2026...","logger":"task.stdout"}
{"timestamp":"2026-02-15T18:24:44.108512Z","level":"info","event":"24 races found","logger":"task.stdout"}
{"timestamp":"2026-02-15T18:24:44.115819Z","level":"info","event":"","logger":"task.stdout"}
{"timestamp":"2026-02-15T18:24:44.116537Z","level":"info","event":"======================================================================","logger":"task.stdout"}
{"timestamp":"2026-02-15T18:24:44.121582Z","level":"info","event":"SCRAPING COMPLETE","logger":"task.stdout"}
{"timestamp":"2026-02-15T18:24:44.122184Z","level":"info","event":"Total records: 24","logger":"task.stdout"}
{"timestamp":"2026-02-15T18:24:44.127732Z","level":"info","event":"Years covered: 2026-2026","logger":"task.stdout"}
{"timestamp":"2026-02-15T18:24:44.128448Z","level":"info","event":"======================================================================","logger":"task.stdout"}
{"timestamp":"2026-02-15T18:24:44.129000Z","level":"info","event":"","logger":"task.stdout"}
{"timestamp":"2026-02-15T18:24:44.129570Z","level":"info","event":"Transforming API data to Silver schema...","logger":"task.stdout"}
{"timestamp":"2026-02-15T18:24:44.175738Z","level":"info","event":"Sorted by season + round for stable race_id generation","logger":"task.stdout"}
{"timestamp":"2026-02-15T18:24:44.178954Z","level":"info","event":"  Generated race_id: 10001 - 10024","logger":"task.stdout"}
{"timestamp":"2026-02-15T18:24:44.280545Z","level":"warning","event":"Could not infer format, so each element will be parsed individually, falling back to `dateutil`. To ensure parsing is consistent and as-expected, please specify a format.","category":"UserWarning","filename":"/opt/airflow/dags/utils/scraper/race.py","lineno":172,"logger":"py.warnings"}
{"timestamp":"2026-02-15T18:24:44.315273Z","level":"warning","event":"Could not infer format, so each element will be parsed individually, falling back to `dateutil`. To ensure parsing is consistent and as-expected, please specify a format.","category":"UserWarning","filename":"/opt/airflow/dags/utils/scraper/race.py","lineno":172,"logger":"py.warnings"}
{"timestamp":"2026-02-15T18:24:44.340548Z","level":"warning","event":"Could not infer format, so each element will be parsed individually, falling back to `dateutil`. To ensure parsing is consistent and as-expected, please specify a format.","category":"UserWarning","filename":"/opt/airflow/dags/utils/scraper/race.py","lineno":172,"logger":"py.warnings"}
{"timestamp":"2026-02-15T18:24:44.347633Z","level":"warning","event":"Could not infer format, so each element will be parsed individually, falling back to `dateutil`. To ensure parsing is consistent and as-expected, please specify a format.","category":"UserWarning","filename":"/opt/airflow/dags/utils/scraper/race.py","lineno":172,"logger":"py.warnings"}
{"timestamp":"2026-02-15T18:24:44.358873Z","level":"warning","event":"Could not infer format, so each element will be parsed individually, falling back to `dateutil`. To ensure parsing is consistent and as-expected, please specify a format.","category":"UserWarning","filename":"/opt/airflow/dags/utils/scraper/race.py","lineno":172,"logger":"py.warnings"}
{"timestamp":"2026-02-15T18:24:44.368704Z","level":"warning","event":"Could not infer format, so each element will be parsed individually, falling back to `dateutil`. To ensure parsing is consistent and as-expected, please specify a format.","category":"UserWarning","filename":"/opt/airflow/dags/utils/scraper/race.py","lineno":172,"logger":"py.warnings"}
{"timestamp":"2026-02-15T18:24:44.392243Z","level":"info","event":"Transformed 24 races to Silver schema","logger":"task.stdout"}
{"timestamp":"2026-02-15T18:24:44.392986Z","level":"info","event":"Source: api","logger":"task.stdout"}
{"timestamp":"2026-02-15T18:24:44.393681Z","level":"info","event":"race_id range: 10001 - 10024","logger":"task.stdout"}
{"timestamp":"2026-02-15T18:24:44.425977Z","level":"info","event":"Scraped 24 races for 2026","logger":"task.stdout"}
{"timestamp":"2026-02-15T18:24:44.427203Z","level":"info","event":"Sample keys: ['2026_01', '2026_10', '2026_11']","logger":"task.stdout"}
{"timestamp":"2026-02-15T18:24:44.430781Z","level":"info","event":"<BrokerConnection client_id=f1-streaming-pipeline, node_id=1 host=kafka:29092 <connecting> [IPv4 ('172.18.0.4', 29092)]>: connecting to kafka:29092 [('172.18.0.4', 29092) IPv4]","logger":"kafka.conn","filename":"conn.py","lineno":395}
{"timestamp":"2026-02-15T18:24:44.438634Z","level":"info","event":"<BrokerConnection client_id=f1-streaming-pipeline, node_id=1 host=kafka:29092 <connected> [IPv4 ('172.18.0.4', 29092)]>: Connection complete.","logger":"kafka.conn","filename":"conn.py","lineno":456}
{"timestamp":"2026-02-15T18:24:44.439055Z","level":"info","event":"<BrokerConnection client_id=f1-streaming-pipeline, node_id=bootstrap-0 host=kafka:29092 <connected> [IPv4 ('172.18.0.4', 29092)]>: Closing connection. ","logger":"kafka.conn","filename":"conn.py","lineno":936}
{"timestamp":"2026-02-15T18:24:44.495747Z","level":"info","event":" Sent to dim-race | Key: 2026_01 | Partition: 0","logger":"task.stdout"}
{"timestamp":"2026-02-15T18:24:44.501468Z","level":"info","event":" Sent to dim-race | Key: 2026_10 | Partition: 0","logger":"task.stdout"}
{"timestamp":"2026-02-15T18:24:44.508097Z","level":"info","event":" Sent to dim-race | Key: 2026_11 | Partition: 0","logger":"task.stdout"}
{"timestamp":"2026-02-15T18:24:44.512784Z","level":"info","event":" Sent to dim-race | Key: 2026_12 | Partition: 0","logger":"task.stdout"}
{"timestamp":"2026-02-15T18:24:44.536750Z","level":"info","event":" Sent to dim-race | Key: 2026_13 | Partition: 0","logger":"task.stdout"}
{"timestamp":"2026-02-15T18:24:44.545407Z","level":"info","event":" Sent to dim-race | Key: 2026_14 | Partition: 0","logger":"task.stdout"}
{"timestamp":"2026-02-15T18:24:44.552906Z","level":"info","event":" Sent to dim-race | Key: 2026_15 | Partition: 0","logger":"task.stdout"}
{"timestamp":"2026-02-15T18:24:44.570156Z","level":"info","event":" Sent to dim-race | Key: 2026_16 | Partition: 0","logger":"task.stdout"}
{"timestamp":"2026-02-15T18:24:44.581044Z","level":"info","event":" Sent to dim-race | Key: 2026_17 | Partition: 0","logger":"task.stdout"}
{"timestamp":"2026-02-15T18:24:44.586227Z","level":"info","event":" Sent to dim-race | Key: 2026_18 | Partition: 0","logger":"task.stdout"}
{"timestamp":"2026-02-15T18:24:44.591880Z","level":"info","event":" Sent to dim-race | Key: 2026_19 | Partition: 0","logger":"task.stdout"}
{"timestamp":"2026-02-15T18:24:44.596909Z","level":"info","event":" Sent to dim-race | Key: 2026_02 | Partition: 0","logger":"task.stdout"}
{"timestamp":"2026-02-15T18:24:44.602020Z","level":"info","event":" Sent to dim-race | Key: 2026_20 | Partition: 0","logger":"task.stdout"}
{"timestamp":"2026-02-15T18:24:44.607148Z","level":"info","event":" Sent to dim-race | Key: 2026_21 | Partition: 0","logger":"task.stdout"}
{"timestamp":"2026-02-15T18:24:44.612094Z","level":"info","event":" Sent to dim-race | Key: 2026_22 | Partition: 0","logger":"task.stdout"}
{"timestamp":"2026-02-15T18:24:44.616249Z","level":"info","event":" Sent to dim-race | Key: 2026_23 | Partition: 0","logger":"task.stdout"}
{"timestamp":"2026-02-15T18:24:44.621598Z","level":"info","event":" Sent to dim-race | Key: 2026_24 | Partition: 0","logger":"task.stdout"}
{"timestamp":"2026-02-15T18:24:44.626933Z","level":"info","event":" Sent to dim-race | Key: 2026_03 | Partition: 0","logger":"task.stdout"}
{"timestamp":"2026-02-15T18:24:44.633277Z","level":"info","event":" Sent to dim-race | Key: 2026_04 | Partition: 0","logger":"task.stdout"}
{"timestamp":"2026-02-15T18:24:44.650538Z","level":"info","event":" Sent to dim-race | Key: 2026_05 | Partition: 0","logger":"task.stdout"}
{"timestamp":"2026-02-15T18:24:44.699808Z","level":"info","event":" Sent to dim-race | Key: 2026_06 | Partition: 0","logger":"task.stdout"}
{"timestamp":"2026-02-15T18:24:44.721167Z","level":"info","event":" Sent to dim-race | Key: 2026_07 | Partition: 0","logger":"task.stdout"}
{"timestamp":"2026-02-15T18:24:44.727189Z","level":"info","event":" Sent to dim-race | Key: 2026_08 | Partition: 0","logger":"task.stdout"}
{"timestamp":"2026-02-15T18:24:44.739799Z","level":"info","event":" Sent to dim-race | Key: 2026_09 | Partition: 0","logger":"task.stdout"}
{"timestamp":"2026-02-15T18:24:44.749513Z","level":"info","event":"","logger":"task.stdout"}
{"timestamp":"2026-02-15T18:24:44.750241Z","level":"info","event":"📊 Batch Stats for dim-race:","logger":"task.stdout"}
{"timestamp":"2026-02-15T18:24:44.750770Z","level":"info","event":"    Sent: 24","logger":"task.stdout"}
{"timestamp":"2026-02-15T18:24:44.752798Z","level":"info","event":"   ❌ Failed: 0","logger":"task.stdout"}
{"timestamp":"2026-02-15T18:24:44.739070Z","level":"info","event":"<KafkaProducer client_id=f1-streaming-pipeline transactional_id=None>: Closing the Kafka producer with 9223372036.0 secs timeout.","logger":"kafka.producer.kafka","filename":"kafka.py","lineno":630}
{"timestamp":"2026-02-15T18:24:44.746517Z","level":"info","event":"<BrokerConnection client_id=f1-streaming-pipeline, node_id=1 host=kafka:29092 <connected> [IPv4 ('172.18.0.4', 29092)]>: Closing connection. ","logger":"kafka.conn","filename":"conn.py","lineno":936}
{"timestamp":"2026-02-15T18:24:44.843767Z","level":"info","event":"[PRODUCER] Completed: {'sent': 24, 'failed': 0}","logger":"task.stdout"}
{"timestamp":"2026-02-15T18:24:44.843233Z","level":"info","event":"Done. Returned value was: {'sent': 24, 'failed': 0}","logger":"airflow.task.operators.airflow.providers.standard.operators.python.PythonOperator","filename":"python.py","lineno":216}
{"timestamp":"2026-02-15T18:24:44.848137Z","level":"info","event":"Pushing xcom","ti":"RuntimeTaskInstance(id=UUID('019c628b-bfab-7edb-8227-079a1bb43732'), task_id='produce_dim_race', dag_id='weekly_streaming_f1_etl', run_id='manual__2026-02-15T18:24:10+00:00', try_number=1, dag_version_id=UUID('019c61bd-e638-74f5-b658-bbd5e8d757b9'), map_index=-1, hostname='eaafa8aeb24e', context_carrier={}, task=<Task(PythonOperator): produce_dim_race>, bundle_instance=LocalDagBundle(name=dags-folder), max_tries=2, start_date=datetime.datetime(2026, 2, 15, 18, 24, 14, 974451, tzinfo=datetime.timezone.utc), end_date=None, state=<TaskInstanceState.RUNNING: 'running'>, is_mapped=False, rendered_map_index=None)","logger":"task","filename":"task_runner.py","lineno":1450}
