{"timestamp":"2026-02-26T18:10:48.315732Z","level":"info","event":"DAG bundles loaded: dags-folder","logger":"airflow.dag_processing.bundles.manager.DagBundlesManager","filename":"manager.py","lineno":179}
{"timestamp":"2026-02-26T18:10:48.363429Z","level":"info","event":"Filling up the DagBag from /opt/airflow/dags/weekly_f1_pipeline.py","logger":"airflow.models.dagbag.DagBag","filename":"dagbag.py","lineno":593}
{"timestamp":"2026-02-26T18:11:10.453084Z","level":"warning","event":"The `airflow.utils.task_group.TaskGroup` attribute is deprecated. Please use `'airflow.sdk.TaskGroup'`.","category":"DeprecatedImportWarning","filename":"/opt/airflow/dags/weekly_f1_pipeline.py","lineno":36,"logger":"py.warnings"}
{"timestamp":"2026-02-26T18:11:10.457758Z","level":"warning","event":"The `airflow.operators.trigger_dagrun.TriggerDagRunOperator` attribute is deprecated. Please use `'airflow.providers.standard.operators.trigger_dagrun.TriggerDagRunOperator'`.","category":"DeprecatedImportWarning","filename":"/opt/airflow/dags/kafka_producer_pipeline.py","lineno":35,"logger":"py.warnings"}
{"timestamp":"2026-02-26T18:11:10.840365Z","level":"info","event":"======================================================================","logger":"task.stdout"}
{"timestamp":"2026-02-26T18:11:10.841345Z","level":"info","event":"PRODUCER: fact_driver_standings  (2026+)","logger":"task.stdout"}
{"timestamp":"2026-02-26T18:11:10.842260Z","level":"info","event":"======================================================================","logger":"task.stdout"}
{"timestamp":"2026-02-26T18:11:10.843895Z","level":"info","event":"","logger":"task.stdout"}
{"timestamp":"2026-02-26T18:11:10.845078Z","level":"info","event":"======================================================================","logger":"task.stdout"}
{"timestamp":"2026-02-26T18:11:10.850350Z","level":"info","event":"SCRAPING DRIVER STANDINGS FROM ERGAST API: 2026-2026","logger":"task.stdout"}
{"timestamp":"2026-02-26T18:11:10.851667Z","level":"info","event":"======================================================================","logger":"task.stdout"}
{"timestamp":"2026-02-26T18:11:10.854694Z","level":"info","event":"","logger":"task.stdout"}
{"timestamp":"2026-02-26T18:11:10.863096Z","level":"info","event":"Fetching driver standings for 2026...","logger":"task.stdout"}
{"timestamp":"2026-02-26T18:11:35.628178Z","level":"info","event":"0 standings found for 2026","logger":"task.stdout"}
{"timestamp":"2026-02-26T18:11:35.648440Z","level":"info","event":"","logger":"task.stdout"}
{"timestamp":"2026-02-26T18:11:35.657835Z","level":"info","event":"======================================================================","logger":"task.stdout"}
{"timestamp":"2026-02-26T18:11:35.661117Z","level":"info","event":"SCRAPING COMPLETE","logger":"task.stdout"}
{"timestamp":"2026-02-26T18:11:35.676193Z","level":"info","event":"Total records: 0","logger":"task.stdout"}
{"timestamp":"2026-02-26T18:11:35.680157Z","level":"info","event":"Years covered: 2026-2026","logger":"task.stdout"}
{"timestamp":"2026-02-26T18:11:35.681503Z","level":"info","event":"======================================================================","logger":"task.stdout"}
{"timestamp":"2026-02-26T18:11:35.682597Z","level":"info","event":"","logger":"task.stdout"}
{"timestamp":"2026-02-26T18:11:35.684065Z","level":"info","event":"Transforming API data to Silver schema...","logger":"task.stdout"}
{"timestamp":"2026-02-26T18:11:35.685050Z","level":"info","event":"No data found - returning empty DataFrame with schema: ['ds_id', 'driver_ref', 'constructor_ref', 'race_year', 'race_round', 'ds_position', 'ds_points', 'ds_wins', 'year', 'source', 'created_at']","logger":"task.stdout"}
{"timestamp":"2026-02-26T18:11:35.692367Z","level":"info","event":"  No driver standings data found","logger":"task.stdout"}
{"timestamp":"2026-02-26T18:11:35.798812Z","level":"info","event":"Done. Returned value was: {'new_count': 0}","logger":"airflow.task.operators.airflow.providers.standard.operators.python.PythonOperator","filename":"python.py","lineno":216}
{"timestamp":"2026-02-26T18:11:35.805822Z","level":"info","event":"Pushing xcom","ti":"RuntimeTaskInstance(id=UUID('019c9b22-064c-71d6-ace1-0a186c2fb783'), task_id='producer.scrape_publish_driver_standings', dag_id='weekly_f1_pipeline', run_id='scheduled__2026-02-23T08:00:00+00:00', try_number=1, dag_version_id=UUID('019c9b22-04c8-7f8f-ba9f-baa49cc3678d'), map_index=-1, hostname='fe5351013118', context_carrier={}, task=<Task(PythonOperator): producer.scrape_publish_driver_standings>, bundle_instance=LocalDagBundle(name=dags-folder), max_tries=2, start_date=datetime.datetime(2026, 2, 26, 18, 10, 46, 98241, tzinfo=datetime.timezone.utc), end_date=None, state=<TaskInstanceState.RUNNING: 'running'>, is_mapped=False, rendered_map_index=None)","logger":"task","filename":"task_runner.py","lineno":1450}
