{"timestamp":"2026-02-11T14:59:05.707343Z","level":"info","event":"DAG bundles loaded: dags-folder","logger":"airflow.dag_processing.bundles.manager.DagBundlesManager","filename":"manager.py","lineno":179}
{"timestamp":"2026-02-11T14:59:05.708479Z","level":"info","event":"Filling up the DagBag from /opt/airflow/dags/api_etl/api_laps_bronze_to_silver.py","logger":"airflow.models.dagbag.DagBag","filename":"dagbag.py","lineno":593}
{"timestamp":"2026-02-11T14:59:06.216411Z","level":"info","event":"","logger":"task.stdout"}
{"timestamp":"2026-02-11T14:59:06.216854Z","level":"info","event":"======================================================================","logger":"task.stdout"}
{"timestamp":"2026-02-11T14:59:06.217147Z","level":"info","event":"BACKFILLING LAP TIMES TO SILVER","logger":"task.stdout"}
{"timestamp":"2026-02-11T14:59:06.217434Z","level":"info","event":"======================================================================","logger":"task.stdout"}
{"timestamp":"2026-02-11T14:59:06.217665Z","level":"info","event":"","logger":"task.stdout"}
{"timestamp":"2026-02-11T14:59:06.378401Z","level":"info","event":"","logger":"task.stdout"}
{"timestamp":"2026-02-11T14:59:06.378809Z","level":"info","event":"[DEBUG] XCom data type: <class 'list'>","logger":"task.stdout"}
{"timestamp":"2026-02-11T14:59:06.378992Z","level":"info","event":"[DEBUG] XCom data length: 1440","logger":"task.stdout"}
{"timestamp":"2026-02-11T14:59:06.379149Z","level":"info","event":"[DEBUG] First record keys: ['lap', 'year', 'source', 'race_year', 'created_at', 'driver_ref', 'race_round', 'lap_minutes', 'lap_position', 'lap_milliseconds']","logger":"task.stdout"}
{"timestamp":"2026-02-11T14:59:06.379309Z","level":"info","event":"[DEBUG] First record sample: {'lap': 1, 'year': 2024, 'source': 'api', 'race_year': 2024, 'created_at': datetime.datetime(2026, 2, 11, 14, 59, 4, 984036), 'driver_ref': 'max_verstappen', 'race_round': 1, 'lap_minutes': '1:37.284', 'lap_position': 1, 'lap_milliseconds': 97283}","logger":"task.stdout"}
{"timestamp":"2026-02-11T14:59:06.386105Z","level":"info","event":"","logger":"task.stdout"}
{"timestamp":"2026-02-11T14:59:06.386463Z","level":"info","event":"[DEBUG] DataFrame shape: (1440, 10)","logger":"task.stdout"}
{"timestamp":"2026-02-11T14:59:06.386674Z","level":"info","event":"[DEBUG] DataFrame columns: ['lap', 'year', 'source', 'race_year', 'created_at', 'driver_ref', 'race_round', 'lap_minutes', 'lap_position', 'lap_milliseconds']","logger":"task.stdout"}
{"timestamp":"2026-02-11T14:59:06.400236Z","level":"info","event":"[DEBUG] DataFrame dtypes:","logger":"task.stdout"}
{"timestamp":"2026-02-11T14:59:06.400555Z","level":"info","event":"lap                          int64","logger":"task.stdout"}
{"timestamp":"2026-02-11T14:59:06.400759Z","level":"info","event":"year                         int64","logger":"task.stdout"}
{"timestamp":"2026-02-11T14:59:06.400927Z","level":"info","event":"source                      object","logger":"task.stdout"}
{"timestamp":"2026-02-11T14:59:06.401090Z","level":"info","event":"race_year                    int64","logger":"task.stdout"}
{"timestamp":"2026-02-11T14:59:06.401251Z","level":"info","event":"created_at          datetime64[ns]","logger":"task.stdout"}
{"timestamp":"2026-02-11T14:59:06.401410Z","level":"info","event":"driver_ref                  object","logger":"task.stdout"}
{"timestamp":"2026-02-11T14:59:06.401572Z","level":"info","event":"race_round                   int64","logger":"task.stdout"}
{"timestamp":"2026-02-11T14:59:06.401747Z","level":"info","event":"lap_minutes                 object","logger":"task.stdout"}
{"timestamp":"2026-02-11T14:59:06.401920Z","level":"info","event":"lap_position                 int64","logger":"task.stdout"}
{"timestamp":"2026-02-11T14:59:06.402086Z","level":"info","event":"lap_milliseconds             int64","logger":"task.stdout"}
{"timestamp":"2026-02-11T14:59:06.402305Z","level":"info","event":"dtype: object","logger":"task.stdout"}
{"timestamp":"2026-02-11T14:59:06.403526Z","level":"info","event":"","logger":"task.stdout"}
{"timestamp":"2026-02-11T14:59:06.403730Z","level":"info","event":"API laps loaded from XCom: 1,440","logger":"task.stdout"}
{"timestamp":"2026-02-11T14:59:06.403949Z","level":"info","event":"Loading dimensions for FK resolution...","logger":"task.stdout"}
{"timestamp":"2026-02-11T14:59:06.438565Z","level":"info","event":" Downloaded dimensions/dim_driver/dim_driver.parquet (81 rows)","logger":"task.stdout"}
{"timestamp":"2026-02-11T14:59:06.443051Z","level":"info","event":" Downloaded dimensions/dim_constructor/dim_constructor.parquet (21 rows)","logger":"task.stdout"}
{"timestamp":"2026-02-11T14:59:06.448362Z","level":"info","event":" Downloaded dimensions/dim_race/dim_race.parquet (280 rows)","logger":"task.stdout"}
{"timestamp":"2026-02-11T14:59:06.454120Z","level":"info","event":" Downloaded dimensions/dim_time/dim_time.parquet (6940 rows)","logger":"task.stdout"}
{"timestamp":"2026-02-11T14:59:06.459768Z","level":"info","event":"  dim_driver: 81 records","logger":"task.stdout"}
{"timestamp":"2026-02-11T14:59:06.463744Z","level":"info","event":"  dim_constructor: 21 records","logger":"task.stdout"}
{"timestamp":"2026-02-11T14:59:06.464143Z","level":"info","event":"  dim_race: 280 records","logger":"task.stdout"}
{"timestamp":"2026-02-11T14:59:06.464348Z","level":"info","event":"  dim_time: 6,940 records","logger":"task.stdout"}
{"timestamp":"2026-02-11T14:59:06.464551Z","level":"info","event":"","logger":"task.stdout"}
{"timestamp":"2026-02-11T14:59:06.464741Z","level":"info","event":"Building FK lookup maps...","logger":"task.stdout"}
{"timestamp":"2026-02-11T14:59:06.490377Z","level":"info","event":"","logger":"task.stdout"}
{"timestamp":"2026-02-11T14:59:06.490738Z","level":"info","event":"Building race-driver-constructor mapping from race results...","logger":"task.stdout"}
{"timestamp":"2026-02-11T14:59:06.502067Z","level":"info","event":" Downloaded facts/fact_race_results/year=2011/data.parquet (100 rows)","logger":"task.stdout"}
{"timestamp":"2026-02-11T14:59:06.526630Z","level":"info","event":" Downloaded facts/fact_race_results/year=2012/data.parquet (447 rows)","logger":"task.stdout"}
{"timestamp":"2026-02-11T14:59:06.563897Z","level":"info","event":" Downloaded facts/fact_race_results/year=2013/data.parquet (401 rows)","logger":"task.stdout"}
{"timestamp":"2026-02-11T14:59:06.600912Z","level":"info","event":" Downloaded facts/fact_race_results/year=2014/data.parquet (378 rows)","logger":"task.stdout"}
{"timestamp":"2026-02-11T14:59:06.639791Z","level":"info","event":" Downloaded facts/fact_race_results/year=2015/data.parquet (347 rows)","logger":"task.stdout"}
{"timestamp":"2026-02-11T14:59:06.674685Z","level":"info","event":" Downloaded facts/fact_race_results/year=2016/data.parquet (431 rows)","logger":"task.stdout"}
{"timestamp":"2026-02-11T14:59:06.711754Z","level":"info","event":" Downloaded facts/fact_race_results/year=2017/data.parquet (357 rows)","logger":"task.stdout"}
{"timestamp":"2026-02-11T14:59:06.744894Z","level":"info","event":" Downloaded facts/fact_race_results/year=2018/data.parquet (382 rows)","logger":"task.stdout"}
{"timestamp":"2026-02-11T14:59:06.781385Z","level":"info","event":" Downloaded facts/fact_race_results/year=2019/data.parquet (409 rows)","logger":"task.stdout"}
{"timestamp":"2026-02-11T14:59:06.829259Z","level":"info","event":" Downloaded facts/fact_race_results/year=2020/data.parquet (313 rows)","logger":"task.stdout"}
{"timestamp":"2026-02-11T14:59:06.866077Z","level":"info","event":" Downloaded facts/fact_race_results/year=2021/data.parquet (397 rows)","logger":"task.stdout"}
{"timestamp":"2026-02-11T14:59:06.903015Z","level":"info","event":" Downloaded facts/fact_race_results/year=2022/data.parquet (410 rows)","logger":"task.stdout"}
{"timestamp":"2026-02-11T14:59:06.938497Z","level":"info","event":" Downloaded facts/fact_race_results/year=2023/data.parquet (230 rows)","logger":"task.stdout"}
{"timestamp":"2026-02-11T14:59:06.965577Z","level":"info","event":" Downloaded facts/fact_race_results/year=2024/data.parquet (130 rows)","logger":"task.stdout"}
{"timestamp":"2026-02-11T14:59:06.994032Z","level":"info","event":" Downloaded facts/fact_race_results/year=2025/data.parquet (130 rows)","logger":"task.stdout"}
{"timestamp":"2026-02-11T14:59:07.012523Z","level":"info","event":"  Built race-driver-constructor mapping: 4,811 entries","logger":"task.stdout"}
{"timestamp":"2026-02-11T14:59:07.012796Z","level":"info","event":"","logger":"task.stdout"}
{"timestamp":"2026-02-11T14:59:07.013051Z","level":"info","event":"Loading existing Silver laps...","logger":"task.stdout"}
{"timestamp":"2026-02-11T14:59:07.087719Z","level":"info","event":" Downloaded facts/fact_laps/fact_laps.parquet (256836 rows)","logger":"task.stdout"}
{"timestamp":"2026-02-11T14:59:07.092670Z","level":"info","event":" Downloaded facts/fact_laps/year=2025.0/data.parquet (720 rows)","logger":"task.stdout"}
{"timestamp":"2026-02-11T14:59:07.096876Z","level":"info","event":" Downloaded facts/fact_laps/year=2025/data.parquet (720 rows)","logger":"task.stdout"}
{"timestamp":"2026-02-11T14:59:07.100996Z","level":"info","event":" Downloaded facts/fact_laps/year=None/data.parquet (0 rows)","logger":"task.stdout"}
{"timestamp":"2026-02-11T14:59:07.104843Z","level":"info","event":" Downloaded facts/fact_laps/year=nan/data.parquet (0 rows)","logger":"task.stdout"}
{"timestamp":"2026-02-11T14:59:07.127545Z","level":"warning","event":"The behavior of DataFrame concatenation with empty or all-NA entries is deprecated. In a future version, this will no longer exclude empty or all-NA columns when determining the result dtypes. To retain the old behavior, exclude the relevant entries before the concat operation.","category":"FutureWarning","filename":"/opt/airflow/dags/api_etl/api_laps_bronze_to_silver.py","lineno":472,"logger":"py.warnings"}
{"timestamp":"2026-02-11T14:59:07.128179Z","level":"info","event":"Existing laps loaded: 258,276","logger":"task.stdout"}
{"timestamp":"2026-02-11T14:59:07.131775Z","level":"info","event":"","logger":"task.stdout"}
{"timestamp":"2026-02-11T14:59:07.132109Z","level":"info","event":"======================================================================","logger":"task.stdout"}
{"timestamp":"2026-02-11T14:59:07.132336Z","level":"info","event":"MERGING LAPS: CSV + API","logger":"task.stdout"}
{"timestamp":"2026-02-11T14:59:07.132552Z","level":"info","event":"======================================================================","logger":"task.stdout"}
{"timestamp":"2026-02-11T14:59:07.132753Z","level":"info","event":"Existing laps: 258,276 (from CSV and previous API runs)","logger":"task.stdout"}
{"timestamp":"2026-02-11T14:59:07.246500Z","level":"info","event":"  CSV laps (preserve): 256,836","logger":"task.stdout"}
{"timestamp":"2026-02-11T14:59:07.246862Z","level":"info","event":"  API laps (existing): 1,440","logger":"task.stdout"}
{"timestamp":"2026-02-11T14:59:33.016832Z","level":"info","event":"","logger":"task.stdout"}
{"timestamp":"2026-02-11T14:59:33.017292Z","level":"info","event":"  API laps processed: 1,440","logger":"task.stdout"}
{"timestamp":"2026-02-11T14:59:33.017655Z","level":"info","event":"  API laps skipped (CSV exists): 0","logger":"task.stdout"}
{"timestamp":"2026-02-11T14:59:33.017954Z","level":"info","event":"  API laps to add (new): 1,440","logger":"task.stdout"}
{"timestamp":"2026-02-11T14:59:33.032331Z","level":"info","event":"","logger":"task.stdout"}
{"timestamp":"2026-02-11T14:59:33.032791Z","level":"info","event":"  [DEBUG] CSV columns (13): ['_match_key', 'constructor_key', 'created_at', 'driver_key', 'lap', 'lap_key', 'lap_milliseconds', 'lap_minutes', 'lap_position', 'race_key', 'source', 'time_key', 'year']","logger":"task.stdout"}
{"timestamp":"2026-02-11T14:59:33.033081Z","level":"info","event":"  [DEBUG] API columns (12): ['_match_key', 'constructor_key', 'created_at', 'driver_key', 'lap', 'lap_milliseconds', 'lap_minutes', 'lap_position', 'race_key', 'source', 'time_key', 'year']","logger":"task.stdout"}
{"timestamp":"2026-02-11T14:59:33.033401Z","level":"info","event":"  [DEBUG] CSV dtypes:","logger":"task.stdout"}
{"timestamp":"2026-02-11T14:59:33.033646Z","level":"info","event":"lap_key                      int64","logger":"task.stdout"}
{"timestamp":"2026-02-11T14:59:33.033889Z","level":"info","event":"lap                          int64","logger":"task.stdout"}
{"timestamp":"2026-02-11T14:59:33.034125Z","level":"info","event":"lap_position                 int64","logger":"task.stdout"}
{"timestamp":"2026-02-11T14:59:33.034324Z","level":"info","event":"lap_minutes                 object","logger":"task.stdout"}
{"timestamp":"2026-02-11T14:59:33.034644Z","level":"info","event":"lap_milliseconds             int64","logger":"task.stdout"}
{"timestamp":"2026-02-11T14:59:33.034924Z","level":"info","event":"driver_key                   int64","logger":"task.stdout"}
{"timestamp":"2026-02-11T14:59:33.035236Z","level":"info","event":"constructor_key            float64","logger":"task.stdout"}
{"timestamp":"2026-02-11T14:59:33.035455Z","level":"info","event":"race_key                     int64","logger":"task.stdout"}
{"timestamp":"2026-02-11T14:59:33.035639Z","level":"info","event":"time_key                     int64","logger":"task.stdout"}
{"timestamp":"2026-02-11T14:59:33.035812Z","level":"info","event":"created_at          datetime64[us]","logger":"task.stdout"}
{"timestamp":"2026-02-11T14:59:33.035993Z","level":"info","event":"source                      object","logger":"task.stdout"}
{"timestamp":"2026-02-11T14:59:33.036159Z","level":"info","event":"year                       float64","logger":"task.stdout"}
{"timestamp":"2026-02-11T14:59:33.036323Z","level":"info","event":"_match_key                  object","logger":"task.stdout"}
{"timestamp":"2026-02-11T14:59:33.036486Z","level":"info","event":"dtype: object","logger":"task.stdout"}
{"timestamp":"2026-02-11T14:59:33.036655Z","level":"info","event":"  [DEBUG] API dtypes:","logger":"task.stdout"}
{"timestamp":"2026-02-11T14:59:33.036818Z","level":"info","event":"lap                          int64","logger":"task.stdout"}
{"timestamp":"2026-02-11T14:59:33.036993Z","level":"info","event":"year                         int64","logger":"task.stdout"}
{"timestamp":"2026-02-11T14:59:33.037155Z","level":"info","event":"source                      object","logger":"task.stdout"}
{"timestamp":"2026-02-11T14:59:33.037316Z","level":"info","event":"created_at          datetime64[ns]","logger":"task.stdout"}
{"timestamp":"2026-02-11T14:59:33.037477Z","level":"info","event":"lap_minutes                 object","logger":"task.stdout"}
{"timestamp":"2026-02-11T14:59:33.037639Z","level":"info","event":"lap_position                 int64","logger":"task.stdout"}
{"timestamp":"2026-02-11T14:59:33.037800Z","level":"info","event":"lap_milliseconds             int64","logger":"task.stdout"}
{"timestamp":"2026-02-11T14:59:33.037976Z","level":"info","event":"driver_key                   int64","logger":"task.stdout"}
{"timestamp":"2026-02-11T14:59:33.038138Z","level":"info","event":"race_key                     int64","logger":"task.stdout"}
{"timestamp":"2026-02-11T14:59:33.038299Z","level":"info","event":"constructor_key            float64","logger":"task.stdout"}
{"timestamp":"2026-02-11T14:59:33.038514Z","level":"info","event":"time_key                     int64","logger":"task.stdout"}
{"timestamp":"2026-02-11T14:59:33.038699Z","level":"info","event":"_match_key                  object","logger":"task.stdout"}
{"timestamp":"2026-02-11T14:59:33.038865Z","level":"info","event":"dtype: object","logger":"task.stdout"}
{"timestamp":"2026-02-11T14:59:33.045763Z","level":"info","event":"  [DEBUG] Columns only in CSV: {'lap_key'}","logger":"task.stdout"}
{"timestamp":"2026-02-11T14:59:33.046425Z","level":"info","event":"  [DEBUG] After alignment - CSV: 13 cols, API: 12 cols","logger":"task.stdout"}
{"timestamp":"2026-02-11T14:59:33.192498Z","level":"info","event":"","logger":"task.stdout"}
{"timestamp":"2026-02-11T14:59:33.193106Z","level":"info","event":"Final merged dataset: 258,276 lap times","logger":"task.stdout"}
{"timestamp":"2026-02-11T14:59:33.193524Z","level":"info","event":"======================================================================","logger":"task.stdout"}
{"timestamp":"2026-02-11T14:59:33.193936Z","level":"info","event":"","logger":"task.stdout"}
{"timestamp":"2026-02-11T14:59:33.213264Z","level":"info","event":"Writing to Silver (partitioned by year)...","logger":"task.stdout"}
{"timestamp":"2026-02-11T14:59:33.227929Z","level":"info","event":" Uploaded facts/fact_laps/year=2024.0/data.parquet (720 rows)","logger":"task.stdout"}
{"timestamp":"2026-02-11T14:59:33.228380Z","level":"info","event":"  facts/fact_laps/year=2024.0/data.parquet: 720 records","logger":"task.stdout"}
{"timestamp":"2026-02-11T14:59:33.237789Z","level":"info","event":" Uploaded facts/fact_laps/year=2025.0/data.parquet (720 rows)","logger":"task.stdout"}
{"timestamp":"2026-02-11T14:59:33.238187Z","level":"info","event":"  facts/fact_laps/year=2025.0/data.parquet: 720 records","logger":"task.stdout"}
{"timestamp":"2026-02-11T14:59:33.247929Z","level":"info","event":" Uploaded facts/fact_laps/year=nan/data.parquet (0 rows)","logger":"task.stdout"}
{"timestamp":"2026-02-11T14:59:33.250572Z","level":"info","event":"  facts/fact_laps/year=nan/data.parquet: 0 records","logger":"task.stdout"}
{"timestamp":"2026-02-11T14:59:33.250878Z","level":"info","event":"","logger":"task.stdout"}
{"timestamp":"2026-02-11T14:59:33.251098Z","level":"info","event":"Backfill complete: 258,276 lap times in Silver","logger":"task.stdout"}
{"timestamp":"2026-02-11T14:59:33.288038Z","level":"info","event":"","logger":"task.stdout"}
{"timestamp":"2026-02-11T14:59:33.288511Z","level":"info","event":"======================================================================","logger":"task.stdout"}
{"timestamp":"2026-02-11T14:59:33.288813Z","level":"info","event":"BACKFILL SUMMARY","logger":"task.stdout"}
{"timestamp":"2026-02-11T14:59:33.289056Z","level":"info","event":"======================================================================","logger":"task.stdout"}
{"timestamp":"2026-02-11T14:59:33.289322Z","level":"info","event":"total_laps: 258276","logger":"task.stdout"}
{"timestamp":"2026-02-11T14:59:33.289560Z","level":"info","event":"csv_laps: 256836","logger":"task.stdout"}
{"timestamp":"2026-02-11T14:59:33.289857Z","level":"info","event":"api_laps: 1440","logger":"task.stdout"}
{"timestamp":"2026-02-11T14:59:33.290254Z","level":"info","event":"years_covered: 2024-2025","logger":"task.stdout"}
{"timestamp":"2026-02-11T14:59:33.290514Z","level":"info","event":"partitions_written: 3","logger":"task.stdout"}
{"timestamp":"2026-02-11T14:59:33.290746Z","level":"info","event":"======================================================================","logger":"task.stdout"}
{"timestamp":"2026-02-11T14:59:33.291069Z","level":"info","event":"","logger":"task.stdout"}
{"timestamp":"2026-02-11T14:59:33.314772Z","level":"info","event":"Done. Returned value was: {'total_laps': 258276, 'csv_laps': 256836, 'api_laps': 1440, 'years_covered': '2024-2025', 'partitions_written': 3}","logger":"airflow.task.operators.airflow.providers.standard.operators.python.PythonOperator","filename":"python.py","lineno":216}
{"timestamp":"2026-02-11T14:59:33.315210Z","level":"info","event":"Pushing xcom","ti":"RuntimeTaskInstance(id=UUID('019c4d25-205c-71d8-91e2-0b8ee10cac7a'), task_id='backfill_laps_to_silver', dag_id='api_laps_bronze_to_silver', run_id='manual__2026-02-11T14:40:04.365422+00:00', try_number=1, dag_version_id=UUID('019c4cbd-95f8-7a1f-ae0c-fa9e190c3637'), map_index=-1, hostname='d105c47e2bea', context_carrier={}, task=<Task(PythonOperator): backfill_laps_to_silver>, bundle_instance=LocalDagBundle(name=dags-folder), max_tries=2, start_date=datetime.datetime(2026, 2, 11, 14, 59, 5, 667571, tzinfo=datetime.timezone.utc), end_date=None, state=<TaskInstanceState.RUNNING: 'running'>, is_mapped=False, rendered_map_index=None)","logger":"task","filename":"task_runner.py","lineno":1450}
