{"timestamp":"2026-02-13T13:49:54.006093Z","level":"info","event":"DAG bundles loaded: dags-folder","logger":"airflow.dag_processing.bundles.manager.DagBundlesManager","filename":"manager.py","lineno":179}
{"timestamp":"2026-02-13T13:49:54.010501Z","level":"info","event":"Filling up the DagBag from /opt/airflow/dags/api_etl/api_driverStandings_bronze_to_silver.py","logger":"airflow.models.dagbag.DagBag","filename":"dagbag.py","lineno":593}
{"timestamp":"2026-02-13T13:49:54.962496Z","level":"info","event":"======================================================================","logger":"task.stdout"}
{"timestamp":"2026-02-13T13:49:54.962914Z","level":"info","event":"F1 DRIVER STANDINGS BACKFILL: ERGAST API -> SILVER","logger":"task.stdout"}
{"timestamp":"2026-02-13T13:49:54.963163Z","level":"info","event":"======================================================================","logger":"task.stdout"}
{"timestamp":"2026-02-13T13:49:54.963383Z","level":"info","event":"","logger":"task.stdout"}
{"timestamp":"2026-02-13T13:49:54.963629Z","level":"info","event":"[STEP 1] Scraping API...","logger":"task.stdout"}
{"timestamp":"2026-02-13T13:49:54.963826Z","level":"info","event":"","logger":"task.stdout"}
{"timestamp":"2026-02-13T13:49:54.964019Z","level":"info","event":"======================================================================","logger":"task.stdout"}
{"timestamp":"2026-02-13T13:49:54.964236Z","level":"info","event":"SCRAPING DRIVER STANDINGS FROM ERGAST API: 2024-2025","logger":"task.stdout"}
{"timestamp":"2026-02-13T13:49:54.964425Z","level":"info","event":"======================================================================","logger":"task.stdout"}
{"timestamp":"2026-02-13T13:49:54.964616Z","level":"info","event":"","logger":"task.stdout"}
{"timestamp":"2026-02-13T13:49:54.964801Z","level":"info","event":"Fetching driver standings for 2024...","logger":"task.stdout"}
{"timestamp":"2026-02-13T13:50:17.197830Z","level":"info","event":"24 standings found for 2024","logger":"task.stdout"}
{"timestamp":"2026-02-13T13:50:17.198205Z","level":"info","event":"Fetching driver standings for 2025...","logger":"task.stdout"}
{"timestamp":"2026-02-13T13:50:40.791913Z","level":"info","event":"21 standings found for 2025","logger":"task.stdout"}
{"timestamp":"2026-02-13T13:50:40.792865Z","level":"info","event":"","logger":"task.stdout"}
{"timestamp":"2026-02-13T13:50:40.793176Z","level":"info","event":"======================================================================","logger":"task.stdout"}
{"timestamp":"2026-02-13T13:50:40.793468Z","level":"info","event":"SCRAPING COMPLETE","logger":"task.stdout"}
{"timestamp":"2026-02-13T13:50:40.793699Z","level":"info","event":"Total records: 45","logger":"task.stdout"}
{"timestamp":"2026-02-13T13:50:40.793948Z","level":"info","event":"Years covered: 2024-2025","logger":"task.stdout"}
{"timestamp":"2026-02-13T13:50:40.794787Z","level":"info","event":"Unique races: 2","logger":"task.stdout"}
{"timestamp":"2026-02-13T13:50:40.795032Z","level":"info","event":"======================================================================","logger":"task.stdout"}
{"timestamp":"2026-02-13T13:50:40.795243Z","level":"info","event":"","logger":"task.stdout"}
{"timestamp":"2026-02-13T13:50:40.795491Z","level":"info","event":"API scraping complete: 45 standing records","logger":"task.stdout"}
{"timestamp":"2026-02-13T13:50:40.795800Z","level":"info","event":"","logger":"task.stdout"}
{"timestamp":"2026-02-13T13:50:40.796050Z","level":"info","event":"[STEP 2] Transforming to Silver schema...","logger":"task.stdout"}
{"timestamp":"2026-02-13T13:50:40.796343Z","level":"info","event":"Transforming API data to Silver schema...","logger":"task.stdout"}
{"timestamp":"2026-02-13T13:50:40.796624Z","level":"info","event":"Sorted by year + round + position","logger":"task.stdout"}
{"timestamp":"2026-02-13T13:50:40.796827Z","level":"info","event":"Generated ds_id: 10000001 - 10000045","logger":"task.stdout"}
{"timestamp":"2026-02-13T13:50:40.799381Z","level":"info","event":"Transformed 45 standings to Silver schema","logger":"task.stdout"}
{"timestamp":"2026-02-13T13:50:40.799723Z","level":"info","event":"Source: api","logger":"task.stdout"}
{"timestamp":"2026-02-13T13:50:40.800069Z","level":"info","event":"ds_id range: 10000001 - 10000045","logger":"task.stdout"}
{"timestamp":"2026-02-13T13:50:40.800290Z","level":"info","event":"Transformation complete: 45 standings","logger":"task.stdout"}
{"timestamp":"2026-02-13T13:50:40.800517Z","level":"info","event":"ds_id range: 10000001 - 10000045","logger":"task.stdout"}
{"timestamp":"2026-02-13T13:50:40.800764Z","level":"info","event":"","logger":"task.stdout"}
{"timestamp":"2026-02-13T13:50:40.801024Z","level":"info","event":"[STEP 3] Loading dimensions for FK resolution...","logger":"task.stdout"}
{"timestamp":"2026-02-13T13:50:40.827964Z","level":"info","event":" Downloaded dimensions/dim_driver/dim_driver.parquet (81 rows)","logger":"task.stdout"}
{"timestamp":"2026-02-13T13:50:40.831929Z","level":"info","event":" Downloaded dimensions/dim_constructor/dim_constructor.parquet (21 rows)","logger":"task.stdout"}
{"timestamp":"2026-02-13T13:50:40.837260Z","level":"info","event":" Downloaded dimensions/dim_race/dim_race.parquet (280 rows)","logger":"task.stdout"}
{"timestamp":"2026-02-13T13:50:40.843086Z","level":"info","event":" Downloaded dimensions/dim_time/dim_time.parquet (6940 rows)","logger":"task.stdout"}
{"timestamp":"2026-02-13T13:50:40.843499Z","level":"info","event":"Loaded dimensions:","logger":"task.stdout"}
{"timestamp":"2026-02-13T13:50:40.847478Z","level":"info","event":"  - dim_driver: 81 drivers","logger":"task.stdout"}
{"timestamp":"2026-02-13T13:50:40.847876Z","level":"info","event":"  - dim_constructor: 21 constructors","logger":"task.stdout"}
{"timestamp":"2026-02-13T13:50:40.848157Z","level":"info","event":"  - dim_race: 280 races","logger":"task.stdout"}
{"timestamp":"2026-02-13T13:50:40.848503Z","level":"info","event":"  - dim_time: 6,940 dates","logger":"task.stdout"}
{"timestamp":"2026-02-13T13:50:40.848781Z","level":"info","event":"","logger":"task.stdout"}
{"timestamp":"2026-02-13T13:50:40.849088Z","level":"info","event":"[STEP 4] Resolving foreign keys...","logger":"task.stdout"}
{"timestamp":"2026-02-13T13:50:40.854539Z","level":"info","event":"Created lookup dictionaries:","logger":"task.stdout"}
{"timestamp":"2026-02-13T13:50:40.854909Z","level":"info","event":"  - driver_ref -> driver_key: 81 entries","logger":"task.stdout"}
{"timestamp":"2026-02-13T13:50:40.855259Z","level":"info","event":"  - constructor_ref -> constructor_key: 21 entries","logger":"task.stdout"}
{"timestamp":"2026-02-13T13:50:40.855548Z","level":"info","event":"  - race_year+race_round -> race_key: 280 entries","logger":"task.stdout"}
{"timestamp":"2026-02-13T13:50:40.855898Z","level":"info","event":"  - race_date -> time_key: 6940 entries","logger":"task.stdout"}
{"timestamp":"2026-02-13T13:50:40.857699Z","level":"info","event":"WARNING: 45 standings have unresolved constructor_ref!","logger":"task.stdout"}
{"timestamp":"2026-02-13T13:50:40.873534Z","level":"info","event":"All FKs resolved successfully","logger":"task.stdout"}
{"timestamp":"2026-02-13T13:50:40.874050Z","level":"info","event":"","logger":"task.stdout"}
{"timestamp":"2026-02-13T13:50:40.874442Z","level":"info","event":"[STEP 5] Loading existing Silver data...","logger":"task.stdout"}
{"timestamp":"2026-02-13T13:50:40.878317Z","level":"info","event":" Downloaded facts/fact_driver_standings/fact_driver_standings.parquet (4502 rows)","logger":"task.stdout"}
{"timestamp":"2026-02-13T13:50:40.878784Z","level":"info","event":"Loaded 4,502 existing standings from Silver","logger":"task.stdout"}
{"timestamp":"2026-02-13T13:50:40.879276Z","level":"info","event":"Existing sources: {'f1_data.csv': 4502}","logger":"task.stdout"}
{"timestamp":"2026-02-13T13:50:40.879592Z","level":"info","event":"","logger":"task.stdout"}
{"timestamp":"2026-02-13T13:50:40.879965Z","level":"info","event":"[STEP 6] Merging API data with existing Silver...","logger":"task.stdout"}
{"timestamp":"2026-02-13T13:50:40.880317Z","level":"info","event":"","logger":"task.stdout"}
{"timestamp":"2026-02-13T13:50:40.880715Z","level":"info","event":"  Merge Configuration:","logger":"task.stdout"}
{"timestamp":"2026-02-13T13:50:40.880979Z","level":"info","event":"Existing standings: 4,502","logger":"task.stdout"}
{"timestamp":"2026-02-13T13:50:40.881270Z","level":"info","event":"New API standings: 45","logger":"task.stdout"}
{"timestamp":"2026-02-13T13:50:40.881555Z","level":"info","event":"Merge key: ds_id (PRIMARY natural key)","logger":"task.stdout"}
{"timestamp":"2026-02-13T13:50:40.881940Z","level":"info","event":"","logger":"task.stdout"}
{"timestamp":"2026-02-13T13:50:40.882208Z","level":"info","event":"  Current max ds_key: 4502","logger":"task.stdout"}
{"timestamp":"2026-02-13T13:50:40.882482Z","level":"info","event":"","logger":"task.stdout"}
{"timestamp":"2026-02-13T13:50:40.882721Z","level":"info","event":"  Processing 45 API standings:","logger":"task.stdout"}
{"timestamp":"2026-02-13T13:50:40.882985Z","level":"info","event":"","logger":"task.stdout"}
{"timestamp":"2026-02-13T13:50:40.883285Z","level":"info","event":"ADD: ds_id=10000001 (new standing from API)","logger":"task.stdout"}
{"timestamp":"2026-02-13T13:50:40.885777Z","level":"info","event":"ADD: ds_id=10000002 (new standing from API)","logger":"task.stdout"}
{"timestamp":"2026-02-13T13:50:40.888224Z","level":"info","event":"ADD: ds_id=10000003 (new standing from API)","logger":"task.stdout"}
{"timestamp":"2026-02-13T13:50:40.891263Z","level":"info","event":"ADD: ds_id=10000004 (new standing from API)","logger":"task.stdout"}
{"timestamp":"2026-02-13T13:50:40.893358Z","level":"info","event":"ADD: ds_id=10000005 (new standing from API)","logger":"task.stdout"}
{"timestamp":"2026-02-13T13:50:40.895128Z","level":"info","event":"ADD: ds_id=10000006 (new standing from API)","logger":"task.stdout"}
{"timestamp":"2026-02-13T13:50:40.897189Z","level":"info","event":"ADD: ds_id=10000007 (new standing from API)","logger":"task.stdout"}
{"timestamp":"2026-02-13T13:50:40.899135Z","level":"info","event":"ADD: ds_id=10000008 (new standing from API)","logger":"task.stdout"}
{"timestamp":"2026-02-13T13:50:40.900944Z","level":"info","event":"ADD: ds_id=10000009 (new standing from API)","logger":"task.stdout"}
{"timestamp":"2026-02-13T13:50:40.902670Z","level":"info","event":"ADD: ds_id=10000010 (new standing from API)","logger":"task.stdout"}
{"timestamp":"2026-02-13T13:50:40.904492Z","level":"info","event":"ADD: ds_id=10000011 (new standing from API)","logger":"task.stdout"}
{"timestamp":"2026-02-13T13:50:40.907004Z","level":"info","event":"ADD: ds_id=10000012 (new standing from API)","logger":"task.stdout"}
{"timestamp":"2026-02-13T13:50:40.909624Z","level":"info","event":"ADD: ds_id=10000013 (new standing from API)","logger":"task.stdout"}
{"timestamp":"2026-02-13T13:50:40.911667Z","level":"info","event":"ADD: ds_id=10000014 (new standing from API)","logger":"task.stdout"}
{"timestamp":"2026-02-13T13:50:40.913601Z","level":"info","event":"ADD: ds_id=10000015 (new standing from API)","logger":"task.stdout"}
{"timestamp":"2026-02-13T13:50:40.915408Z","level":"info","event":"ADD: ds_id=10000016 (new standing from API)","logger":"task.stdout"}
{"timestamp":"2026-02-13T13:50:40.917213Z","level":"info","event":"ADD: ds_id=10000017 (new standing from API)","logger":"task.stdout"}
{"timestamp":"2026-02-13T13:50:40.918988Z","level":"info","event":"ADD: ds_id=10000018 (new standing from API)","logger":"task.stdout"}
{"timestamp":"2026-02-13T13:50:40.920710Z","level":"info","event":"ADD: ds_id=10000019 (new standing from API)","logger":"task.stdout"}
{"timestamp":"2026-02-13T13:50:40.922407Z","level":"info","event":"ADD: ds_id=10000020 (new standing from API)","logger":"task.stdout"}
{"timestamp":"2026-02-13T13:50:40.924547Z","level":"info","event":"ADD: ds_id=10000021 (new standing from API)","logger":"task.stdout"}
{"timestamp":"2026-02-13T13:50:40.926437Z","level":"info","event":"ADD: ds_id=10000022 (new standing from API)","logger":"task.stdout"}
{"timestamp":"2026-02-13T13:50:40.928686Z","level":"info","event":"ADD: ds_id=10000023 (new standing from API)","logger":"task.stdout"}
{"timestamp":"2026-02-13T13:50:40.930828Z","level":"info","event":"ADD: ds_id=10000024 (new standing from API)","logger":"task.stdout"}
{"timestamp":"2026-02-13T13:50:40.932606Z","level":"info","event":"ADD: ds_id=10000025 (new standing from API)","logger":"task.stdout"}
{"timestamp":"2026-02-13T13:50:40.934315Z","level":"info","event":"ADD: ds_id=10000026 (new standing from API)","logger":"task.stdout"}
{"timestamp":"2026-02-13T13:50:40.936089Z","level":"info","event":"ADD: ds_id=10000027 (new standing from API)","logger":"task.stdout"}
{"timestamp":"2026-02-13T13:50:40.938096Z","level":"info","event":"ADD: ds_id=10000028 (new standing from API)","logger":"task.stdout"}
{"timestamp":"2026-02-13T13:50:40.940151Z","level":"info","event":"ADD: ds_id=10000029 (new standing from API)","logger":"task.stdout"}
{"timestamp":"2026-02-13T13:50:40.942391Z","level":"info","event":"ADD: ds_id=10000030 (new standing from API)","logger":"task.stdout"}
{"timestamp":"2026-02-13T13:50:40.944483Z","level":"info","event":"ADD: ds_id=10000031 (new standing from API)","logger":"task.stdout"}
{"timestamp":"2026-02-13T13:50:40.946607Z","level":"info","event":"ADD: ds_id=10000032 (new standing from API)","logger":"task.stdout"}
{"timestamp":"2026-02-13T13:50:40.948837Z","level":"info","event":"ADD: ds_id=10000033 (new standing from API)","logger":"task.stdout"}
{"timestamp":"2026-02-13T13:50:40.951095Z","level":"info","event":"ADD: ds_id=10000034 (new standing from API)","logger":"task.stdout"}
{"timestamp":"2026-02-13T13:50:40.953463Z","level":"info","event":"ADD: ds_id=10000035 (new standing from API)","logger":"task.stdout"}
{"timestamp":"2026-02-13T13:50:40.955878Z","level":"info","event":"ADD: ds_id=10000036 (new standing from API)","logger":"task.stdout"}
{"timestamp":"2026-02-13T13:50:40.958623Z","level":"info","event":"ADD: ds_id=10000037 (new standing from API)","logger":"task.stdout"}
{"timestamp":"2026-02-13T13:50:40.961334Z","level":"info","event":"ADD: ds_id=10000038 (new standing from API)","logger":"task.stdout"}
{"timestamp":"2026-02-13T13:50:40.963699Z","level":"info","event":"ADD: ds_id=10000039 (new standing from API)","logger":"task.stdout"}
{"timestamp":"2026-02-13T13:50:40.966068Z","level":"info","event":"ADD: ds_id=10000040 (new standing from API)","logger":"task.stdout"}
{"timestamp":"2026-02-13T13:50:40.968494Z","level":"info","event":"ADD: ds_id=10000041 (new standing from API)","logger":"task.stdout"}
{"timestamp":"2026-02-13T13:50:40.971716Z","level":"info","event":"ADD: ds_id=10000042 (new standing from API)","logger":"task.stdout"}
{"timestamp":"2026-02-13T13:50:40.974130Z","level":"info","event":"ADD: ds_id=10000043 (new standing from API)","logger":"task.stdout"}
{"timestamp":"2026-02-13T13:50:40.976310Z","level":"info","event":"ADD: ds_id=10000044 (new standing from API)","logger":"task.stdout"}
{"timestamp":"2026-02-13T13:50:40.978327Z","level":"info","event":"ADD: ds_id=10000045 (new standing from API)","logger":"task.stdout"}
{"timestamp":"2026-02-13T13:50:40.982740Z","level":"info","event":"Merge complete: 4,547 total standings","logger":"task.stdout"}
{"timestamp":"2026-02-13T13:50:40.983259Z","level":"info","event":"","logger":"task.stdout"}
{"timestamp":"2026-02-13T13:50:40.983614Z","level":"info","event":"[STEP 7] Writing to Silver layer...","logger":"task.stdout"}
{"timestamp":"2026-02-13T13:50:41.009383Z","level":"info","event":" Uploaded facts/fact_driver_standings/fact_driver_standings.parquet (4547 rows)","logger":"task.stdout"}
{"timestamp":"2026-02-13T13:50:41.011462Z","level":"info","event":"Written to: s3://f1-silver/facts/fact_driver_standings/fact_driver_standings.parquet","logger":"task.stdout"}
{"timestamp":"2026-02-13T13:50:41.011785Z","level":"info","event":"","logger":"task.stdout"}
{"timestamp":"2026-02-13T13:50:41.012093Z","level":"info","event":"======================================================================","logger":"task.stdout"}
{"timestamp":"2026-02-13T13:50:41.012408Z","level":"info","event":"BACKFILL SUMMARY","logger":"task.stdout"}
{"timestamp":"2026-02-13T13:50:41.012744Z","level":"info","event":"======================================================================","logger":"task.stdout"}
{"timestamp":"2026-02-13T13:50:41.013124Z","level":"info","event":"  Existing standings in Silver: 4,502","logger":"task.stdout"}
{"timestamp":"2026-02-13T13:50:41.013499Z","level":"info","event":"  API standings scraped: 45","logger":"task.stdout"}
{"timestamp":"2026-02-13T13:50:41.013978Z","level":"info","event":"  Final standing count: 4,547","logger":"task.stdout"}
{"timestamp":"2026-02-13T13:50:41.014338Z","level":"info","event":"  New standings added: 45","logger":"task.stdout"}
{"timestamp":"2026-02-13T13:50:41.014694Z","level":"info","event":"","logger":"task.stdout"}
{"timestamp":"2026-02-13T13:50:41.015083Z","level":"info","event":"  Final source breakdown:","logger":"task.stdout"}
{"timestamp":"2026-02-13T13:50:41.015420Z","level":"info","event":"    f1_data.csv    : 4,502","logger":"task.stdout"}
{"timestamp":"2026-02-13T13:50:41.015776Z","level":"info","event":"    api            : 45","logger":"task.stdout"}
{"timestamp":"2026-02-13T13:50:41.016079Z","level":"info","event":"","logger":"task.stdout"}
{"timestamp":"2026-02-13T13:50:41.016379Z","level":"info","event":"  ds_id ranges:","logger":"task.stdout"}
{"timestamp":"2026-02-13T13:50:41.016693Z","level":"info","event":"    f1_data.csv    : 64928 - 72187","logger":"task.stdout"}
{"timestamp":"2026-02-13T13:50:41.016945Z","level":"info","event":"    api            : 10000001 - 10000045","logger":"task.stdout"}
{"timestamp":"2026-02-13T13:50:41.017177Z","level":"info","event":"======================================================================","logger":"task.stdout"}
{"timestamp":"2026-02-13T13:50:41.030142Z","level":"info","event":"Done. Returned value was: {'existing_count': 4502, 'api_scraped': 45, 'final_count': 4547, 'new_standings_added': 45}","logger":"airflow.task.operators.airflow.providers.standard.operators.python.PythonOperator","filename":"python.py","lineno":216}
{"timestamp":"2026-02-13T13:50:41.030445Z","level":"info","event":"Pushing xcom","ti":"RuntimeTaskInstance(id=UUID('019c5743-e579-75ef-8220-cf73b4dc0da8'), task_id='backfill_fact_driver_standings', dag_id='api_driverstandings_bronze_to_silver', run_id='manual__2026-02-13T13:49:53.125926+00:00', try_number=1, dag_version_id=UUID('019c4cb5-0c0f-7bff-ab58-fd89f89260e2'), map_index=-1, hostname='6dc0edc1fac9', context_carrier={}, task=<Task(PythonOperator): backfill_fact_driver_standings>, bundle_instance=LocalDagBundle(name=dags-folder), max_tries=2, start_date=datetime.datetime(2026, 2, 13, 13, 49, 53, 906865, tzinfo=datetime.timezone.utc), end_date=None, state=<TaskInstanceState.RUNNING: 'running'>, is_mapped=False, rendered_map_index=None)","logger":"task","filename":"task_runner.py","lineno":1450}
