{"timestamp":"2026-02-18T13:16:37.603984Z","level":"info","event":"DAG bundles loaded: dags-folder","logger":"airflow.dag_processing.bundles.manager.DagBundlesManager","filename":"manager.py","lineno":179}
{"timestamp":"2026-02-18T13:16:37.605735Z","level":"info","event":"Filling up the DagBag from /opt/airflow/dags/weekly_f1_pipeline.py","logger":"airflow.models.dagbag.DagBag","filename":"dagbag.py","lineno":593}
{"timestamp":"2026-02-18T13:16:39.327645Z","level":"warning","event":"The `airflow.utils.task_group.TaskGroup` attribute is deprecated. Please use `'airflow.sdk.TaskGroup'`.","category":"DeprecatedImportWarning","filename":"/opt/airflow/dags/weekly_f1_pipeline.py","lineno":36,"logger":"py.warnings"}
{"timestamp":"2026-02-18T13:16:39.327810Z","level":"warning","event":"The `airflow.operators.trigger_dagrun.TriggerDagRunOperator` attribute is deprecated. Please use `'airflow.providers.standard.operators.trigger_dagrun.TriggerDagRunOperator'`.","category":"DeprecatedImportWarning","filename":"/opt/airflow/dags/kafka_producer_pipeline.py","lineno":35,"logger":"py.warnings"}
{"timestamp":"2026-02-18T13:16:39.351679Z","level":"info","event":"======================================================================","logger":"task.stdout"}
{"timestamp":"2026-02-18T13:16:39.352008Z","level":"info","event":"PRODUCER: fact_constructor_standings  (2026+)","logger":"task.stdout"}
{"timestamp":"2026-02-18T13:16:39.352227Z","level":"info","event":"======================================================================","logger":"task.stdout"}
{"timestamp":"2026-02-18T13:16:39.352441Z","level":"info","event":"","logger":"task.stdout"}
{"timestamp":"2026-02-18T13:16:39.352636Z","level":"info","event":"======================================================================","logger":"task.stdout"}
{"timestamp":"2026-02-18T13:16:39.352822Z","level":"info","event":"SCRAPING CONSTRUCTOR STANDINGS FROM ERGAST API: 2026-2026","logger":"task.stdout"}
{"timestamp":"2026-02-18T13:16:39.353067Z","level":"info","event":"======================================================================","logger":"task.stdout"}
{"timestamp":"2026-02-18T13:16:39.353250Z","level":"info","event":"","logger":"task.stdout"}
{"timestamp":"2026-02-18T13:16:39.353440Z","level":"info","event":"Fetching constructor standings for 2026...","logger":"task.stdout"}
{"timestamp":"2026-02-18T13:17:00.363545Z","level":"info","event":"0 standings found for 2026","logger":"task.stdout"}
{"timestamp":"2026-02-18T13:17:00.365207Z","level":"info","event":"","logger":"task.stdout"}
{"timestamp":"2026-02-18T13:17:00.365556Z","level":"info","event":"======================================================================","logger":"task.stdout"}
{"timestamp":"2026-02-18T13:17:00.365844Z","level":"info","event":"SCRAPING COMPLETE","logger":"task.stdout"}
{"timestamp":"2026-02-18T13:17:00.366101Z","level":"info","event":"Total records: 0","logger":"task.stdout"}
{"timestamp":"2026-02-18T13:17:00.366437Z","level":"info","event":"Years covered: 2026-2026","logger":"task.stdout"}
{"timestamp":"2026-02-18T13:17:00.366793Z","level":"info","event":"======================================================================","logger":"task.stdout"}
{"timestamp":"2026-02-18T13:17:00.367090Z","level":"info","event":"","logger":"task.stdout"}
{"timestamp":"2026-02-18T13:17:00.367448Z","level":"info","event":"Transforming API data to Silver schema...","logger":"task.stdout"}
{"timestamp":"2026-02-18T13:17:00.367843Z","level":"info","event":"No data found - returning empty DataFrame with schema: ['cs_id', 'constructor_ref', 'race_year', 'race_round', 'cs_position', 'cs_points', 'cs_wins', 'year', 'source', 'created_at']","logger":"task.stdout"}
{"timestamp":"2026-02-18T13:17:00.368128Z","level":"info","event":"  No constructor standings data found","logger":"task.stdout"}
{"timestamp":"2026-02-18T13:17:00.380358Z","level":"info","event":"Done. Returned value was: {'new_count': 0}","logger":"airflow.task.operators.airflow.providers.standard.operators.python.PythonOperator","filename":"python.py","lineno":216}
{"timestamp":"2026-02-18T13:17:00.380656Z","level":"info","event":"Pushing xcom","ti":"RuntimeTaskInstance(id=UUID('019c70e4-72aa-7ba9-aca3-c103555ca4ef'), task_id='producer.scrape_publish_constructor_standings', dag_id='weekly_f1_pipeline', run_id='manual__2026-02-18T13:15:44+00:00', try_number=1, dag_version_id=UUID('019c6ff5-b028-7014-b590-52b338429d0a'), map_index=-1, hostname='e4702b2ecf8f', context_carrier={}, task=<Task(PythonOperator): producer.scrape_publish_constructor_standings>, bundle_instance=LocalDagBundle(name=dags-folder), max_tries=2, start_date=datetime.datetime(2026, 2, 18, 13, 16, 37, 408390, tzinfo=datetime.timezone.utc), end_date=None, state=<TaskInstanceState.RUNNING: 'running'>, is_mapped=False, rendered_map_index=None)","logger":"task","filename":"task_runner.py","lineno":1450}
