{"timestamp":"2026-02-13T13:45:52.283239Z","level":"info","event":"DAG bundles loaded: dags-folder","logger":"airflow.dag_processing.bundles.manager.DagBundlesManager","filename":"manager.py","lineno":179}
{"timestamp":"2026-02-13T13:45:52.285542Z","level":"info","event":"Filling up the DagBag from /opt/airflow/dags/api_etl/api_races_bronze_to_silver.py","logger":"airflow.models.dagbag.DagBag","filename":"dagbag.py","lineno":593}
{"timestamp":"2026-02-13T13:45:53.281382Z","level":"info","event":"======================================================================","logger":"task.stdout"}
{"timestamp":"2026-02-13T13:45:53.281860Z","level":"info","event":"F1 RACE BACKFILL: ERGAST API -> SILVER","logger":"task.stdout"}
{"timestamp":"2026-02-13T13:45:53.285343Z","level":"info","event":"======================================================================","logger":"task.stdout"}
{"timestamp":"2026-02-13T13:45:53.285796Z","level":"info","event":"","logger":"task.stdout"}
{"timestamp":"2026-02-13T13:45:53.286039Z","level":"info","event":"[STEP 1] Scraping API...","logger":"task.stdout"}
{"timestamp":"2026-02-13T13:45:53.286252Z","level":"info","event":"","logger":"task.stdout"}
{"timestamp":"2026-02-13T13:45:53.286452Z","level":"info","event":"======================================================================","logger":"task.stdout"}
{"timestamp":"2026-02-13T13:45:53.286657Z","level":"info","event":"SCRAPING RACES FROM ERGAST API: 2024-2025","logger":"task.stdout"}
{"timestamp":"2026-02-13T13:45:53.286844Z","level":"info","event":"======================================================================","logger":"task.stdout"}
{"timestamp":"2026-02-13T13:45:53.287028Z","level":"info","event":"","logger":"task.stdout"}
{"timestamp":"2026-02-13T13:45:53.287225Z","level":"info","event":"Fetching races for 2024...","logger":"task.stdout"}
{"timestamp":"2026-02-13T13:45:53.669946Z","level":"info","event":"Rate limit hit! Waiting 31s before retry 1/6...","logger":"task.stdout"}
{"timestamp":"2026-02-13T13:46:25.590262Z","level":"info","event":"Rate limit hit! Waiting 60s before retry 2/6...","logger":"task.stdout"}
{"timestamp":"2026-02-13T13:47:26.245711Z","level":"info","event":"Rate limit hit! Waiting 92s before retry 3/6...","logger":"task.stdout"}
{"timestamp":"2026-02-13T13:49:20.338060Z","level":"info","event":"24 races found","logger":"task.stdout"}
{"timestamp":"2026-02-13T13:49:20.338527Z","level":"info","event":"Fetching races for 2025...","logger":"task.stdout"}
{"timestamp":"2026-02-13T13:49:43.345468Z","level":"info","event":"24 races found","logger":"task.stdout"}
{"timestamp":"2026-02-13T13:49:43.346554Z","level":"info","event":"","logger":"task.stdout"}
{"timestamp":"2026-02-13T13:49:43.346909Z","level":"info","event":"======================================================================","logger":"task.stdout"}
{"timestamp":"2026-02-13T13:49:43.347184Z","level":"info","event":"SCRAPING COMPLETE","logger":"task.stdout"}
{"timestamp":"2026-02-13T13:49:43.347436Z","level":"info","event":"Total records: 48","logger":"task.stdout"}
{"timestamp":"2026-02-13T13:49:43.347896Z","level":"info","event":"Years covered: 2024-2025","logger":"task.stdout"}
{"timestamp":"2026-02-13T13:49:43.348271Z","level":"info","event":"======================================================================","logger":"task.stdout"}
{"timestamp":"2026-02-13T13:49:43.348526Z","level":"info","event":"","logger":"task.stdout"}
{"timestamp":"2026-02-13T13:49:43.348839Z","level":"info","event":"API scraping complete: 48 race records","logger":"task.stdout"}
{"timestamp":"2026-02-13T13:49:43.349067Z","level":"info","event":"","logger":"task.stdout"}
{"timestamp":"2026-02-13T13:49:43.349371Z","level":"info","event":"[STEP 2] Transforming to Silver schema...","logger":"task.stdout"}
{"timestamp":"2026-02-13T13:49:43.349616Z","level":"info","event":"Transforming API data to Silver schema...","logger":"task.stdout"}
{"timestamp":"2026-02-13T13:49:43.356164Z","level":"info","event":"Sorted by season + round for stable race_id generation","logger":"task.stdout"}
{"timestamp":"2026-02-13T13:49:43.357592Z","level":"info","event":"  Generated race_id: 10001 - 10048","logger":"task.stdout"}
{"timestamp":"2026-02-13T13:49:43.367390Z","level":"warning","event":"Could not infer format, so each element will be parsed individually, falling back to `dateutil`. To ensure parsing is consistent and as-expected, please specify a format.","category":"UserWarning","filename":"/opt/airflow/dags/utils/scraper/race.py","lineno":253,"logger":"py.warnings"}
{"timestamp":"2026-02-13T13:49:43.372557Z","level":"warning","event":"Could not infer format, so each element will be parsed individually, falling back to `dateutil`. To ensure parsing is consistent and as-expected, please specify a format.","category":"UserWarning","filename":"/opt/airflow/dags/utils/scraper/race.py","lineno":253,"logger":"py.warnings"}
{"timestamp":"2026-02-13T13:49:43.375438Z","level":"warning","event":"Could not infer format, so each element will be parsed individually, falling back to `dateutil`. To ensure parsing is consistent and as-expected, please specify a format.","category":"UserWarning","filename":"/opt/airflow/dags/utils/scraper/race.py","lineno":253,"logger":"py.warnings"}
{"timestamp":"2026-02-13T13:49:43.378036Z","level":"warning","event":"Could not infer format, so each element will be parsed individually, falling back to `dateutil`. To ensure parsing is consistent and as-expected, please specify a format.","category":"UserWarning","filename":"/opt/airflow/dags/utils/scraper/race.py","lineno":253,"logger":"py.warnings"}
{"timestamp":"2026-02-13T13:49:43.380356Z","level":"warning","event":"Could not infer format, so each element will be parsed individually, falling back to `dateutil`. To ensure parsing is consistent and as-expected, please specify a format.","category":"UserWarning","filename":"/opt/airflow/dags/utils/scraper/race.py","lineno":253,"logger":"py.warnings"}
{"timestamp":"2026-02-13T13:49:43.382883Z","level":"warning","event":"Could not infer format, so each element will be parsed individually, falling back to `dateutil`. To ensure parsing is consistent and as-expected, please specify a format.","category":"UserWarning","filename":"/opt/airflow/dags/utils/scraper/race.py","lineno":253,"logger":"py.warnings"}
{"timestamp":"2026-02-13T13:49:43.385357Z","level":"info","event":"Transformed 48 races to Silver schema","logger":"task.stdout"}
{"timestamp":"2026-02-13T13:49:43.385842Z","level":"info","event":"Source: api","logger":"task.stdout"}
{"timestamp":"2026-02-13T13:49:43.386232Z","level":"info","event":"race_id range: 10001 - 10048","logger":"task.stdout"}
{"timestamp":"2026-02-13T13:49:43.386634Z","level":"info","event":"Transformation complete: 48 unique races","logger":"task.stdout"}
{"timestamp":"2026-02-13T13:49:43.387616Z","level":"info","event":"race_id range: 10001 - 10048","logger":"task.stdout"}
{"timestamp":"2026-02-13T13:49:43.387975Z","level":"info","event":"","logger":"task.stdout"}
{"timestamp":"2026-02-13T13:49:43.388250Z","level":"info","event":"[STEP 3] Loading dim_circuit for FK resolution...","logger":"task.stdout"}
{"timestamp":"2026-02-13T13:49:43.422170Z","level":"info","event":" Downloaded dimensions/dim_circuit/dim_circuit.parquet (34 rows)","logger":"task.stdout"}
{"timestamp":"2026-02-13T13:49:43.426306Z","level":"info","event":"Loaded 34 circuits from Silver","logger":"task.stdout"}
{"timestamp":"2026-02-13T13:49:43.428200Z","level":"info","event":"Created circuit_ref -> circuit_key lookup (34 entries)","logger":"task.stdout"}
{"timestamp":"2026-02-13T13:49:43.428683Z","level":"info","event":"","logger":"task.stdout"}
{"timestamp":"2026-02-13T13:49:43.428994Z","level":"info","event":"[STEP 4] Resolving circuit_key FK...","logger":"task.stdout"}
{"timestamp":"2026-02-13T13:49:43.429369Z","level":"info","event":"WARNING: 2 races have unresolved circuit_ref!","logger":"task.stdout"}
{"timestamp":"2026-02-13T13:49:43.429614Z","level":"info","event":"Unresolved circuit_ref values:","logger":"task.stdout"}
{"timestamp":"2026-02-13T13:49:43.436050Z","level":"info","event":"['vegas']","logger":"task.stdout"}
{"timestamp":"2026-02-13T13:49:43.438183Z","level":"info","event":"","logger":"task.stdout"}
{"timestamp":"2026-02-13T13:49:43.439229Z","level":"info","event":"[STEP 5] Loading existing Silver data...","logger":"task.stdout"}
{"timestamp":"2026-02-13T13:49:43.447103Z","level":"info","event":" Downloaded dimensions/dim_race/dim_race.parquet (232 rows)","logger":"task.stdout"}
{"timestamp":"2026-02-13T13:49:43.454428Z","level":"info","event":"Loaded 232 existing races from Silver","logger":"task.stdout"}
{"timestamp":"2026-02-13T13:49:43.454954Z","level":"info","event":"Existing sources: {'f1_data.csv': 232}","logger":"task.stdout"}
{"timestamp":"2026-02-13T13:49:43.455169Z","level":"info","event":"CSV race_id range: 860 - 1110","logger":"task.stdout"}
{"timestamp":"2026-02-13T13:49:43.455395Z","level":"info","event":"","logger":"task.stdout"}
{"timestamp":"2026-02-13T13:49:43.455619Z","level":"info","event":"[STEP 6] Merging API data with existing Silver...","logger":"task.stdout"}
{"timestamp":"2026-02-13T13:49:43.455866Z","level":"info","event":"","logger":"task.stdout"}
{"timestamp":"2026-02-13T13:49:43.458796Z","level":"info","event":"  Merge Configuration:","logger":"task.stdout"}
{"timestamp":"2026-02-13T13:49:43.460794Z","level":"info","event":"Existing races: 232","logger":"task.stdout"}
{"timestamp":"2026-02-13T13:49:43.461239Z","level":"info","event":"New API races: 48","logger":"task.stdout"}
{"timestamp":"2026-02-13T13:49:43.461471Z","level":"info","event":"Merge key: race_year + race_round (COMPOSITE natural key)","logger":"task.stdout"}
{"timestamp":"2026-02-13T13:49:43.461664Z","level":"info","event":"CSV priority: YES (skip API for CSV races)","logger":"task.stdout"}
{"timestamp":"2026-02-13T13:49:43.461865Z","level":"info","event":"","logger":"task.stdout"}
{"timestamp":"2026-02-13T13:49:43.462048Z","level":"info","event":"  Current max race_key: 232","logger":"task.stdout"}
{"timestamp":"2026-02-13T13:49:43.462228Z","level":"info","event":"","logger":"task.stdout"}
{"timestamp":"2026-02-13T13:49:43.462407Z","level":"info","event":"  Processing 48 API races:","logger":"task.stdout"}
{"timestamp":"2026-02-13T13:49:43.462604Z","level":"info","event":"","logger":"task.stdout"}
{"timestamp":"2026-02-13T13:49:43.462864Z","level":"info","event":"ADD: 2024-R1 Bahrain Grand Prix     (new race from API, race_id=10001)","logger":"task.stdout"}
{"timestamp":"2026-02-13T13:49:43.465844Z","level":"info","event":"ADD: 2024-R10 Spanish Grand Prix    (new race from API, race_id=10002)","logger":"task.stdout"}
{"timestamp":"2026-02-13T13:49:43.468659Z","level":"info","event":"ADD: 2024-R11 Austrian Grand Prix   (new race from API, race_id=10003)","logger":"task.stdout"}
{"timestamp":"2026-02-13T13:49:43.471431Z","level":"info","event":"ADD: 2024-R12 British Grand Prix    (new race from API, race_id=10004)","logger":"task.stdout"}
{"timestamp":"2026-02-13T13:49:43.476220Z","level":"info","event":"ADD: 2024-R13 Hungarian Grand Prix  (new race from API, race_id=10005)","logger":"task.stdout"}
{"timestamp":"2026-02-13T13:49:43.480399Z","level":"info","event":"ADD: 2024-R14 Belgian Grand Prix    (new race from API, race_id=10006)","logger":"task.stdout"}
{"timestamp":"2026-02-13T13:49:43.485604Z","level":"info","event":"ADD: 2024-R15 Dutch Grand Prix      (new race from API, race_id=10007)","logger":"task.stdout"}
{"timestamp":"2026-02-13T13:49:43.488089Z","level":"info","event":"ADD: 2024-R16 Italian Grand Prix    (new race from API, race_id=10008)","logger":"task.stdout"}
{"timestamp":"2026-02-13T13:49:43.491428Z","level":"info","event":"ADD: 2024-R17 Azerbaijan Grand Prix (new race from API, race_id=10009)","logger":"task.stdout"}
{"timestamp":"2026-02-13T13:49:43.494336Z","level":"info","event":"ADD: 2024-R18 Singapore Grand Prix  (new race from API, race_id=10010)","logger":"task.stdout"}
{"timestamp":"2026-02-13T13:49:43.498615Z","level":"info","event":"ADD: 2024-R19 United States Grand Prix (new race from API, race_id=10011)","logger":"task.stdout"}
{"timestamp":"2026-02-13T13:49:43.503685Z","level":"info","event":"ADD: 2024-R2 Saudi Arabian Grand Prix (new race from API, race_id=10012)","logger":"task.stdout"}
{"timestamp":"2026-02-13T13:49:43.506669Z","level":"info","event":"ADD: 2024-R20 Mexico City Grand Prix (new race from API, race_id=10013)","logger":"task.stdout"}
{"timestamp":"2026-02-13T13:49:43.511828Z","level":"info","event":"ADD: 2024-R21 São Paulo Grand Prix  (new race from API, race_id=10014)","logger":"task.stdout"}
{"timestamp":"2026-02-13T13:49:43.514647Z","level":"info","event":"ADD: 2024-R22 Las Vegas Grand Prix  (new race from API, race_id=10015)","logger":"task.stdout"}
{"timestamp":"2026-02-13T13:49:43.519770Z","level":"info","event":"ADD: 2024-R23 Qatar Grand Prix      (new race from API, race_id=10016)","logger":"task.stdout"}
{"timestamp":"2026-02-13T13:49:43.529194Z","level":"info","event":"ADD: 2024-R24 Abu Dhabi Grand Prix  (new race from API, race_id=10017)","logger":"task.stdout"}
{"timestamp":"2026-02-13T13:49:43.529766Z","level":"info","event":"ADD: 2024-R3 Australian Grand Prix  (new race from API, race_id=10018)","logger":"task.stdout"}
{"timestamp":"2026-02-13T13:49:43.530669Z","level":"info","event":"ADD: 2024-R4 Japanese Grand Prix    (new race from API, race_id=10019)","logger":"task.stdout"}
{"timestamp":"2026-02-13T13:49:43.534741Z","level":"info","event":"ADD: 2024-R5 Chinese Grand Prix     (new race from API, race_id=10020)","logger":"task.stdout"}
{"timestamp":"2026-02-13T13:49:43.537681Z","level":"info","event":"ADD: 2024-R6 Miami Grand Prix       (new race from API, race_id=10021)","logger":"task.stdout"}
{"timestamp":"2026-02-13T13:49:43.542523Z","level":"info","event":"ADD: 2024-R7 Emilia Romagna Grand Prix (new race from API, race_id=10022)","logger":"task.stdout"}
{"timestamp":"2026-02-13T13:49:43.544885Z","level":"info","event":"ADD: 2024-R8 Monaco Grand Prix      (new race from API, race_id=10023)","logger":"task.stdout"}
{"timestamp":"2026-02-13T13:49:43.547482Z","level":"info","event":"ADD: 2024-R9 Canadian Grand Prix    (new race from API, race_id=10024)","logger":"task.stdout"}
{"timestamp":"2026-02-13T13:49:43.549967Z","level":"info","event":"ADD: 2025-R1 Australian Grand Prix  (new race from API, race_id=10025)","logger":"task.stdout"}
{"timestamp":"2026-02-13T13:49:43.553076Z","level":"info","event":"ADD: 2025-R10 Canadian Grand Prix   (new race from API, race_id=10026)","logger":"task.stdout"}
{"timestamp":"2026-02-13T13:49:43.555776Z","level":"info","event":"ADD: 2025-R11 Austrian Grand Prix   (new race from API, race_id=10027)","logger":"task.stdout"}
{"timestamp":"2026-02-13T13:49:43.560663Z","level":"info","event":"ADD: 2025-R12 British Grand Prix    (new race from API, race_id=10028)","logger":"task.stdout"}
{"timestamp":"2026-02-13T13:49:43.563219Z","level":"info","event":"ADD: 2025-R13 Belgian Grand Prix    (new race from API, race_id=10029)","logger":"task.stdout"}
{"timestamp":"2026-02-13T13:49:43.565973Z","level":"info","event":"ADD: 2025-R14 Hungarian Grand Prix  (new race from API, race_id=10030)","logger":"task.stdout"}
{"timestamp":"2026-02-13T13:49:43.568902Z","level":"info","event":"ADD: 2025-R15 Dutch Grand Prix      (new race from API, race_id=10031)","logger":"task.stdout"}
{"timestamp":"2026-02-13T13:49:43.571598Z","level":"info","event":"ADD: 2025-R16 Italian Grand Prix    (new race from API, race_id=10032)","logger":"task.stdout"}
{"timestamp":"2026-02-13T13:49:43.575370Z","level":"info","event":"ADD: 2025-R17 Azerbaijan Grand Prix (new race from API, race_id=10033)","logger":"task.stdout"}
{"timestamp":"2026-02-13T13:49:43.583815Z","level":"info","event":"ADD: 2025-R18 Singapore Grand Prix  (new race from API, race_id=10034)","logger":"task.stdout"}
{"timestamp":"2026-02-13T13:49:43.585463Z","level":"info","event":"ADD: 2025-R19 United States Grand Prix (new race from API, race_id=10035)","logger":"task.stdout"}
{"timestamp":"2026-02-13T13:49:43.588801Z","level":"info","event":"ADD: 2025-R2 Chinese Grand Prix     (new race from API, race_id=10036)","logger":"task.stdout"}
{"timestamp":"2026-02-13T13:49:43.604354Z","level":"info","event":"ADD: 2025-R20 Mexico City Grand Prix (new race from API, race_id=10037)","logger":"task.stdout"}
{"timestamp":"2026-02-13T13:49:43.636007Z","level":"info","event":"ADD: 2025-R21 São Paulo Grand Prix  (new race from API, race_id=10038)","logger":"task.stdout"}
{"timestamp":"2026-02-13T13:49:43.655768Z","level":"info","event":"ADD: 2025-R22 Las Vegas Grand Prix  (new race from API, race_id=10039)","logger":"task.stdout"}
{"timestamp":"2026-02-13T13:49:43.657500Z","level":"info","event":"ADD: 2025-R23 Qatar Grand Prix      (new race from API, race_id=10040)","logger":"task.stdout"}
{"timestamp":"2026-02-13T13:49:43.657910Z","level":"info","event":"ADD: 2025-R24 Abu Dhabi Grand Prix  (new race from API, race_id=10041)","logger":"task.stdout"}
{"timestamp":"2026-02-13T13:49:43.658181Z","level":"info","event":"ADD: 2025-R3 Japanese Grand Prix    (new race from API, race_id=10042)","logger":"task.stdout"}
{"timestamp":"2026-02-13T13:49:43.658438Z","level":"info","event":"ADD: 2025-R4 Bahrain Grand Prix     (new race from API, race_id=10043)","logger":"task.stdout"}
{"timestamp":"2026-02-13T13:49:43.658675Z","level":"info","event":"ADD: 2025-R5 Saudi Arabian Grand Prix (new race from API, race_id=10044)","logger":"task.stdout"}
{"timestamp":"2026-02-13T13:49:43.658900Z","level":"info","event":"ADD: 2025-R6 Miami Grand Prix       (new race from API, race_id=10045)","logger":"task.stdout"}
{"timestamp":"2026-02-13T13:49:43.659125Z","level":"info","event":"ADD: 2025-R7 Emilia Romagna Grand Prix (new race from API, race_id=10046)","logger":"task.stdout"}
{"timestamp":"2026-02-13T13:49:43.659356Z","level":"info","event":"ADD: 2025-R8 Monaco Grand Prix      (new race from API, race_id=10047)","logger":"task.stdout"}
{"timestamp":"2026-02-13T13:49:43.659659Z","level":"info","event":"ADD: 2025-R9 Spanish Grand Prix     (new race from API, race_id=10048)","logger":"task.stdout"}
{"timestamp":"2026-02-13T13:49:43.663701Z","level":"info","event":"Merge complete: 280 total races","logger":"task.stdout"}
{"timestamp":"2026-02-13T13:49:43.664069Z","level":"info","event":"","logger":"task.stdout"}
{"timestamp":"2026-02-13T13:49:43.664401Z","level":"info","event":"[STEP 7] Writing to Silver layer...","logger":"task.stdout"}
{"timestamp":"2026-02-13T13:49:43.689540Z","level":"info","event":" Uploaded dimensions/dim_race/dim_race.parquet (280 rows)","logger":"task.stdout"}
{"timestamp":"2026-02-13T13:49:43.690590Z","level":"info","event":"Written to: s3://f1-silver/dimensions/dim_race/dim_race.parquet","logger":"task.stdout"}
{"timestamp":"2026-02-13T13:49:43.691361Z","level":"info","event":"","logger":"task.stdout"}
{"timestamp":"2026-02-13T13:49:43.691830Z","level":"info","event":"======================================================================","logger":"task.stdout"}
{"timestamp":"2026-02-13T13:49:43.692075Z","level":"info","event":"BACKFILL SUMMARY","logger":"task.stdout"}
{"timestamp":"2026-02-13T13:49:43.692275Z","level":"info","event":"======================================================================","logger":"task.stdout"}
{"timestamp":"2026-02-13T13:49:43.692478Z","level":"info","event":"  Existing races in Silver: 232","logger":"task.stdout"}
{"timestamp":"2026-02-13T13:49:43.692698Z","level":"info","event":"  API races scraped: 48","logger":"task.stdout"}
{"timestamp":"2026-02-13T13:49:43.692909Z","level":"info","event":"  Final race count: 280","logger":"task.stdout"}
{"timestamp":"2026-02-13T13:49:43.693099Z","level":"info","event":"  New races added: 48","logger":"task.stdout"}
{"timestamp":"2026-02-13T13:49:43.693282Z","level":"info","event":"","logger":"task.stdout"}
{"timestamp":"2026-02-13T13:49:43.693465Z","level":"info","event":"  Final source breakdown:","logger":"task.stdout"}
{"timestamp":"2026-02-13T13:49:43.693643Z","level":"info","event":"    f1_data.csv    : 232","logger":"task.stdout"}
{"timestamp":"2026-02-13T13:49:43.693821Z","level":"info","event":"    api            : 48","logger":"task.stdout"}
{"timestamp":"2026-02-13T13:49:43.693998Z","level":"info","event":"","logger":"task.stdout"}
{"timestamp":"2026-02-13T13:49:43.694209Z","level":"info","event":"  race_id ranges:","logger":"task.stdout"}
{"timestamp":"2026-02-13T13:49:43.694447Z","level":"info","event":"    f1_data.csv    : 860 - 1110","logger":"task.stdout"}
{"timestamp":"2026-02-13T13:49:43.694625Z","level":"info","event":"    api            : 10001 - 10048","logger":"task.stdout"}
{"timestamp":"2026-02-13T13:49:43.694804Z","level":"info","event":"======================================================================","logger":"task.stdout"}
{"timestamp":"2026-02-13T13:49:43.713228Z","level":"info","event":"Done. Returned value was: {'existing_count': 232, 'api_scraped': 48, 'final_count': 280, 'new_races_added': 48}","logger":"airflow.task.operators.airflow.providers.standard.operators.python.PythonOperator","filename":"python.py","lineno":216}
{"timestamp":"2026-02-13T13:49:43.713536Z","level":"info","event":"Pushing xcom","ti":"RuntimeTaskInstance(id=UUID('019c5740-338e-7c43-87fe-0a5be61aa313'), task_id='backfill_dim_race', dag_id='api_races_bronze_to_silver', run_id='manual__2026-02-13T13:45:50.900320+00:00', try_number=1, dag_version_id=UUID('019c4cbe-c494-7eeb-8eb2-a8751a0cb1c8'), map_index=-1, hostname='6dc0edc1fac9', context_carrier={}, task=<Task(PythonOperator): backfill_dim_race>, bundle_instance=LocalDagBundle(name=dags-folder), max_tries=2, start_date=datetime.datetime(2026, 2, 13, 13, 45, 52, 210682, tzinfo=datetime.timezone.utc), end_date=None, state=<TaskInstanceState.RUNNING: 'running'>, is_mapped=False, rendered_map_index=None)","logger":"task","filename":"task_runner.py","lineno":1450}
