{"timestamp":"2026-02-11T11:13:24.009311Z","level":"info","event":"DAG bundles loaded: dags-folder","logger":"airflow.dag_processing.bundles.manager.DagBundlesManager","filename":"manager.py","lineno":179}
{"timestamp":"2026-02-11T11:13:24.013164Z","level":"info","event":"Filling up the DagBag from /opt/airflow/dags/api_etl/api_circuits_bronze_to_silver.py","logger":"airflow.models.dagbag.DagBag","filename":"dagbag.py","lineno":593}
{"timestamp":"2026-02-11T11:13:24.484396Z","level":"info","event":"======================================================================","logger":"task.stdout"}
{"timestamp":"2026-02-11T11:13:24.485065Z","level":"info","event":"F1 CIRCUIT BACKFILL: ERGAST API → SILVER","logger":"task.stdout"}
{"timestamp":"2026-02-11T11:13:24.485558Z","level":"info","event":"======================================================================","logger":"task.stdout"}
{"timestamp":"2026-02-11T11:13:24.486202Z","level":"info","event":"","logger":"task.stdout"}
{"timestamp":"2026-02-11T11:13:24.486902Z","level":"info","event":"[STEP 1] Scraping API...","logger":"task.stdout"}
{"timestamp":"2026-02-11T11:13:24.487429Z","level":"info","event":"","logger":"task.stdout"}
{"timestamp":"2026-02-11T11:13:24.487830Z","level":"info","event":"======================================================================","logger":"task.stdout"}
{"timestamp":"2026-02-11T11:13:24.488172Z","level":"info","event":"SCRAPING CIRCUITS FROM API: 2025-2025","logger":"task.stdout"}
{"timestamp":"2026-02-11T11:13:24.488500Z","level":"info","event":"======================================================================","logger":"task.stdout"}
{"timestamp":"2026-02-11T11:13:24.488914Z","level":"info","event":"","logger":"task.stdout"}
{"timestamp":"2026-02-11T11:13:24.489230Z","level":"info","event":"Fetching circuits for 2025...","logger":"task.stdout"}
{"timestamp":"2026-02-11T11:13:48.781681Z","level":"info","event":"24 circuits found","logger":"task.stdout"}
{"timestamp":"2026-02-11T11:13:48.782637Z","level":"info","event":"","logger":"task.stdout"}
{"timestamp":"2026-02-11T11:13:48.783171Z","level":"info","event":"======================================================================","logger":"task.stdout"}
{"timestamp":"2026-02-11T11:13:48.783574Z","level":"info","event":"SCRAPING COMPLETE","logger":"task.stdout"}
{"timestamp":"2026-02-11T11:13:48.784017Z","level":"info","event":"Total records: 24","logger":"task.stdout"}
{"timestamp":"2026-02-11T11:13:48.784362Z","level":"info","event":"Unique constructors (by circuitId): 24","logger":"task.stdout"}
{"timestamp":"2026-02-11T11:13:48.784631Z","level":"info","event":"Years covered: 2025-2025","logger":"task.stdout"}
{"timestamp":"2026-02-11T11:13:48.784859Z","level":"info","event":"======================================================================","logger":"task.stdout"}
{"timestamp":"2026-02-11T11:13:48.785076Z","level":"info","event":"","logger":"task.stdout"}
{"timestamp":"2026-02-11T11:13:48.785455Z","level":"info","event":"API scraping complete: 24 circuit records","logger":"task.stdout"}
{"timestamp":"2026-02-11T11:13:48.785777Z","level":"info","event":"","logger":"task.stdout"}
{"timestamp":"2026-02-11T11:13:48.786093Z","level":"info","event":"[STEP 2] Transforming to Silver schema...","logger":"task.stdout"}
{"timestamp":"2026-02-11T11:13:48.786407Z","level":"info","event":"Transforming API data to Silver schema...","logger":"task.stdout"}
{"timestamp":"2026-02-11T11:13:48.786758Z","level":"info","event":"Deduplication: 24 records → 24 unique constructors","logger":"task.stdout"}
{"timestamp":"2026-02-11T11:13:48.787067Z","level":"info","event":"Sorted by circuitId for stable circuit_id generation","logger":"task.stdout"}
{"timestamp":"2026-02-11T11:13:48.788515Z","level":"info","event":"Transformed 24 circuits to Silver schema","logger":"task.stdout"}
{"timestamp":"2026-02-11T11:13:48.788950Z","level":"info","event":"Source: api","logger":"task.stdout"}
{"timestamp":"2026-02-11T11:13:48.789277Z","level":"info","event":"circuit_id range: 10001 - 10024","logger":"task.stdout"}
{"timestamp":"2026-02-11T11:13:48.789607Z","level":"info","event":"Transformation complete: 24 unique constructors","logger":"task.stdout"}
{"timestamp":"2026-02-11T11:13:48.789938Z","level":"info","event":"circuit_id range: 10001 - 10024","logger":"task.stdout"}
{"timestamp":"2026-02-11T11:13:48.790220Z","level":"info","event":"","logger":"task.stdout"}
{"timestamp":"2026-02-11T11:13:48.791069Z","level":"info","event":"[STEP 3] Loading existing Silver data...","logger":"task.stdout"}
{"timestamp":"2026-02-11T11:13:48.817560Z","level":"info","event":" Downloaded dimensions/dim_circuit/dim_circuit.parquet (34 rows)","logger":"task.stdout"}
{"timestamp":"2026-02-11T11:13:48.818627Z","level":"info","event":"Loaded 34 existing circuits from Silver","logger":"task.stdout"}
{"timestamp":"2026-02-11T11:13:48.820572Z","level":"info","event":"Existing sources: {'f1_data.csv': 34}","logger":"task.stdout"}
{"timestamp":"2026-02-11T11:13:48.821168Z","level":"info","event":"CSV circuit_id range: 1 - 79","logger":"task.stdout"}
{"timestamp":"2026-02-11T11:13:48.822155Z","level":"info","event":"","logger":"task.stdout"}
{"timestamp":"2026-02-11T11:13:48.823086Z","level":"info","event":"[STEP 4] Merging API data with existing Silver...","logger":"task.stdout"}
{"timestamp":"2026-02-11T11:13:48.825572Z","level":"info","event":"","logger":"task.stdout"}
{"timestamp":"2026-02-11T11:13:48.826393Z","level":"info","event":"  Merge Configuration:","logger":"task.stdout"}
{"timestamp":"2026-02-11T11:13:48.827375Z","level":"info","event":"Existing constructors: 34","logger":"task.stdout"}
{"timestamp":"2026-02-11T11:13:48.827870Z","level":"info","event":"New API constructors: 24","logger":"task.stdout"}
{"timestamp":"2026-02-11T11:13:48.830628Z","level":"info","event":"Merge key: constructor_ref (PRIMARY natural key)","logger":"task.stdout"}
{"timestamp":"2026-02-11T11:13:48.832791Z","level":"info","event":"CSV priority: YES (skip API for CSV constructors)","logger":"task.stdout"}
{"timestamp":"2026-02-11T11:13:48.833331Z","level":"info","event":"","logger":"task.stdout"}
{"timestamp":"2026-02-11T11:13:48.833791Z","level":"info","event":"  Current max circuit_key: 34","logger":"task.stdout"}
{"timestamp":"2026-02-11T11:13:48.834098Z","level":"info","event":"","logger":"task.stdout"}
{"timestamp":"2026-02-11T11:13:48.834474Z","level":"info","event":"  Processing 24 API constructors:","logger":"task.stdout"}
{"timestamp":"2026-02-11T11:13:48.834837Z","level":"info","event":"","logger":"task.stdout"}
{"timestamp":"2026-02-11T11:13:48.836059Z","level":"info","event":"SKIP: albert_park          (CSV priority)","logger":"task.stdout"}
{"timestamp":"2026-02-11T11:13:48.837107Z","level":"info","event":"SKIP: americas             (CSV priority)","logger":"task.stdout"}
{"timestamp":"2026-02-11T11:13:48.837400Z","level":"info","event":"SKIP: bahrain              (CSV priority)","logger":"task.stdout"}
{"timestamp":"2026-02-11T11:13:48.838477Z","level":"info","event":"SKIP: baku                 (CSV priority)","logger":"task.stdout"}
{"timestamp":"2026-02-11T11:13:48.839459Z","level":"info","event":"SKIP: catalunya            (CSV priority)","logger":"task.stdout"}
{"timestamp":"2026-02-11T11:13:48.840666Z","level":"info","event":"SKIP: hungaroring          (CSV priority)","logger":"task.stdout"}
{"timestamp":"2026-02-11T11:13:48.842485Z","level":"info","event":"SKIP: imola                (CSV priority)","logger":"task.stdout"}
{"timestamp":"2026-02-11T11:13:48.842803Z","level":"info","event":"SKIP: interlagos           (CSV priority)","logger":"task.stdout"}
{"timestamp":"2026-02-11T11:13:48.843057Z","level":"info","event":"SKIP: jeddah               (CSV priority)","logger":"task.stdout"}
{"timestamp":"2026-02-11T11:13:48.843298Z","level":"info","event":"SKIP: losail               (CSV priority)","logger":"task.stdout"}
{"timestamp":"2026-02-11T11:13:48.843670Z","level":"info","event":"SKIP: marina_bay           (CSV priority)","logger":"task.stdout"}
{"timestamp":"2026-02-11T11:13:48.843935Z","level":"info","event":"SKIP: miami                (CSV priority)","logger":"task.stdout"}
{"timestamp":"2026-02-11T11:13:48.844305Z","level":"info","event":"SKIP: monaco               (CSV priority)","logger":"task.stdout"}
{"timestamp":"2026-02-11T11:13:48.844710Z","level":"info","event":"SKIP: monza                (CSV priority)","logger":"task.stdout"}
{"timestamp":"2026-02-11T11:13:48.845024Z","level":"info","event":"SKIP: red_bull_ring        (CSV priority)","logger":"task.stdout"}
{"timestamp":"2026-02-11T11:13:48.845266Z","level":"info","event":"SKIP: rodriguez            (CSV priority)","logger":"task.stdout"}
{"timestamp":"2026-02-11T11:13:48.845595Z","level":"info","event":"SKIP: shanghai             (CSV priority)","logger":"task.stdout"}
{"timestamp":"2026-02-11T11:13:48.845934Z","level":"info","event":"SKIP: silverstone          (CSV priority)","logger":"task.stdout"}
{"timestamp":"2026-02-11T11:13:48.846191Z","level":"info","event":"SKIP: spa                  (CSV priority)","logger":"task.stdout"}
{"timestamp":"2026-02-11T11:13:48.846690Z","level":"info","event":"SKIP: suzuka               (CSV priority)","logger":"task.stdout"}
{"timestamp":"2026-02-11T11:13:48.846992Z","level":"info","event":"ADD: vegas                (new circuit from API, circuit_id10021)","logger":"task.stdout"}
{"timestamp":"2026-02-11T11:13:48.847274Z","level":"info","event":"SKIP: villeneuve           (CSV priority)","logger":"task.stdout"}
{"timestamp":"2026-02-11T11:13:48.847501Z","level":"info","event":"SKIP: yas_marina           (CSV priority)","logger":"task.stdout"}
{"timestamp":"2026-02-11T11:13:48.834856Z","level":"warning","event":"The behavior of DataFrame concatenation with empty or all-NA entries is deprecated. In a future version, this will no longer exclude empty or all-NA columns when determining the result dtypes. To retain the old behavior, exclude the relevant entries before the concat operation.","category":"FutureWarning","filename":"/opt/airflow/dags/api_etl/api_circuits_bronze_to_silver.py","lineno":95,"logger":"py.warnings"}
{"timestamp":"2026-02-11T11:13:48.848172Z","level":"info","event":"SKIP: zandvoort            (CSV priority)","logger":"task.stdout"}
{"timestamp":"2026-02-11T11:13:48.849067Z","level":"info","event":"Merge complete: 35 total constructors","logger":"task.stdout"}
{"timestamp":"2026-02-11T11:13:48.849383Z","level":"info","event":"","logger":"task.stdout"}
{"timestamp":"2026-02-11T11:13:48.849735Z","level":"info","event":"[STEP 5] Writing to Silver layer...","logger":"task.stdout"}
{"timestamp":"2026-02-11T11:13:48.853683Z","level":"info","event":" Uploaded dimensions/dim_circuit/dim_circuit.parquet (35 rows)","logger":"task.stdout"}
{"timestamp":"2026-02-11T11:13:48.856223Z","level":"info","event":"Written to: s3://f1-silver/dimensions/dim_circuit/dim_circuit.parquet","logger":"task.stdout"}
{"timestamp":"2026-02-11T11:13:48.856779Z","level":"info","event":"","logger":"task.stdout"}
{"timestamp":"2026-02-11T11:13:48.857088Z","level":"info","event":"======================================================================","logger":"task.stdout"}
{"timestamp":"2026-02-11T11:13:48.857389Z","level":"info","event":"BACKFILL SUMMARY","logger":"task.stdout"}
{"timestamp":"2026-02-11T11:13:48.857673Z","level":"info","event":"======================================================================","logger":"task.stdout"}
{"timestamp":"2026-02-11T11:13:48.857945Z","level":"info","event":"  Existing circuits in Silver: 34","logger":"task.stdout"}
{"timestamp":"2026-02-11T11:13:48.858189Z","level":"info","event":"  API circuits scraped: 24","logger":"task.stdout"}
{"timestamp":"2026-02-11T11:13:48.858429Z","level":"info","event":"  Final constructor count: 35","logger":"task.stdout"}
{"timestamp":"2026-02-11T11:13:48.858632Z","level":"info","event":"  New constructors added: 1","logger":"task.stdout"}
{"timestamp":"2026-02-11T11:13:48.858906Z","level":"info","event":"","logger":"task.stdout"}
{"timestamp":"2026-02-11T11:13:48.859118Z","level":"info","event":"  Final source breakdown:","logger":"task.stdout"}
{"timestamp":"2026-02-11T11:13:48.859287Z","level":"info","event":"    f1_data.csv    : 34","logger":"task.stdout"}
{"timestamp":"2026-02-11T11:13:48.859458Z","level":"info","event":"    api            : 1","logger":"task.stdout"}
{"timestamp":"2026-02-11T11:13:48.859629Z","level":"info","event":"","logger":"task.stdout"}
{"timestamp":"2026-02-11T11:13:48.859797Z","level":"info","event":"  circuit_id ranges:","logger":"task.stdout"}
{"timestamp":"2026-02-11T11:13:48.859965Z","level":"info","event":"f1_data.csv    : 1 - 79","logger":"task.stdout"}
{"timestamp":"2026-02-11T11:13:48.860132Z","level":"info","event":"api            : 10021 - 10021","logger":"task.stdout"}
{"timestamp":"2026-02-11T11:13:48.860298Z","level":"info","event":"======================================================================","logger":"task.stdout"}
{"timestamp":"2026-02-11T11:13:48.872974Z","level":"info","event":"Done. Returned value was: {'existing_count': 34, 'api_scraped': 24, 'final_count': 35, 'new_circuits_added': 1}","logger":"airflow.task.operators.airflow.providers.standard.operators.python.PythonOperator","filename":"python.py","lineno":216}
{"timestamp":"2026-02-11T11:13:48.873235Z","level":"info","event":"Pushing xcom","ti":"RuntimeTaskInstance(id=UUID('019c4c67-e663-78a7-ade0-0e6b9c45b88e'), task_id='backfill_dim_circuit', dag_id='api_circuits_bronze_to_silver', run_id='manual__2026-02-11T11:13:22+00:00', try_number=1, dag_version_id=UUID('019c4278-51a9-7e83-873e-ffb6a1848f65'), map_index=-1, hostname='d105c47e2bea', context_carrier={}, task=<Task(PythonOperator): backfill_dim_circuit>, bundle_instance=LocalDagBundle(name=dags-folder), max_tries=2, start_date=datetime.datetime(2026, 2, 11, 11, 13, 23, 868931, tzinfo=datetime.timezone.utc), end_date=None, state=<TaskInstanceState.RUNNING: 'running'>, is_mapped=False, rendered_map_index=None)","logger":"task","filename":"task_runner.py","lineno":1450}
