{"timestamp":"2026-02-11T14:40:05.692871Z","level":"info","event":"DAG bundles loaded: dags-folder","logger":"airflow.dag_processing.bundles.manager.DagBundlesManager","filename":"manager.py","lineno":179}
{"timestamp":"2026-02-11T14:40:05.698505Z","level":"info","event":"Filling up the DagBag from /opt/airflow/dags/api_etl/api_results_bronze_to_silver.py","logger":"airflow.models.dagbag.DagBag","filename":"dagbag.py","lineno":593}
{"timestamp":"2026-02-11T14:40:06.757597Z","level":"info","event":"======================================================================","logger":"task.stdout"}
{"timestamp":"2026-02-11T14:40:06.759546Z","level":"info","event":"F1 RACE RESULTS BACKFILL: ERGAST API -> SILVER","logger":"task.stdout"}
{"timestamp":"2026-02-11T14:40:06.760014Z","level":"info","event":"======================================================================","logger":"task.stdout"}
{"timestamp":"2026-02-11T14:40:06.763122Z","level":"info","event":"","logger":"task.stdout"}
{"timestamp":"2026-02-11T14:40:06.763455Z","level":"info","event":"[STEP 1] Scraping API...","logger":"task.stdout"}
{"timestamp":"2026-02-11T14:40:06.763663Z","level":"info","event":"","logger":"task.stdout"}
{"timestamp":"2026-02-11T14:40:06.763881Z","level":"info","event":"======================================================================","logger":"task.stdout"}
{"timestamp":"2026-02-11T14:40:06.764082Z","level":"info","event":"SCRAPING RACE RESULTS FROM ERGAST API: 2024-2025","logger":"task.stdout"}
{"timestamp":"2026-02-11T14:40:06.764283Z","level":"info","event":"======================================================================","logger":"task.stdout"}
{"timestamp":"2026-02-11T14:40:06.764478Z","level":"info","event":"","logger":"task.stdout"}
{"timestamp":"2026-02-11T14:40:06.764679Z","level":"info","event":"Fetching race results for 2024...","logger":"task.stdout"}
{"timestamp":"2026-02-11T14:40:30.909572Z","level":"info","event":"100 results found across 6 races","logger":"task.stdout"}
{"timestamp":"2026-02-11T14:40:30.910047Z","level":"info","event":"Fetching race results for 2025...","logger":"task.stdout"}
{"timestamp":"2026-02-11T14:40:51.387498Z","level":"info","event":"100 results found across 5 races","logger":"task.stdout"}
{"timestamp":"2026-02-11T14:40:51.388698Z","level":"info","event":"","logger":"task.stdout"}
{"timestamp":"2026-02-11T14:40:51.389106Z","level":"info","event":"======================================================================","logger":"task.stdout"}
{"timestamp":"2026-02-11T14:40:51.389949Z","level":"info","event":"SCRAPING COMPLETE","logger":"task.stdout"}
{"timestamp":"2026-02-11T14:40:51.390347Z","level":"info","event":"Total records: 200","logger":"task.stdout"}
{"timestamp":"2026-02-11T14:40:51.390579Z","level":"info","event":"Years covered: 2024-2025","logger":"task.stdout"}
{"timestamp":"2026-02-11T14:40:51.391068Z","level":"info","event":"======================================================================","logger":"task.stdout"}
{"timestamp":"2026-02-11T14:40:51.391577Z","level":"info","event":"","logger":"task.stdout"}
{"timestamp":"2026-02-11T14:40:51.392154Z","level":"info","event":"API scraping complete: 200 result records","logger":"task.stdout"}
{"timestamp":"2026-02-11T14:40:51.392577Z","level":"info","event":"","logger":"task.stdout"}
{"timestamp":"2026-02-11T14:40:51.393286Z","level":"info","event":"[STEP 2] Transforming to Silver schema...","logger":"task.stdout"}
{"timestamp":"2026-02-11T14:40:51.393672Z","level":"info","event":"Transforming API data to Silver schema...","logger":"task.stdout"}
{"timestamp":"2026-02-11T14:40:51.402223Z","level":"info","event":"Sorted by year + round + position for stable result_id generation","logger":"task.stdout"}
{"timestamp":"2026-02-11T14:40:51.403026Z","level":"info","event":"Generated result_id: 10000001 - 10000200","logger":"task.stdout"}
{"timestamp":"2026-02-11T14:40:51.412217Z","level":"info","event":"Transformed 200 results to Silver schema","logger":"task.stdout"}
{"timestamp":"2026-02-11T14:40:51.412748Z","level":"info","event":"Source: api","logger":"task.stdout"}
{"timestamp":"2026-02-11T14:40:51.413246Z","level":"info","event":"result_id range: 10000001 - 10000200","logger":"task.stdout"}
{"timestamp":"2026-02-11T14:40:51.413631Z","level":"info","event":"Transformation complete: 200 results","logger":"task.stdout"}
{"timestamp":"2026-02-11T14:40:51.414071Z","level":"info","event":"result_id range: 10000001 - 10000200","logger":"task.stdout"}
{"timestamp":"2026-02-11T14:40:51.414319Z","level":"info","event":"","logger":"task.stdout"}
{"timestamp":"2026-02-11T14:40:51.415411Z","level":"info","event":"[STEP 3] Loading dimensions for FK resolution...","logger":"task.stdout"}
{"timestamp":"2026-02-11T14:40:51.439921Z","level":"info","event":" Downloaded dimensions/dim_driver/dim_driver.parquet (81 rows)","logger":"task.stdout"}
{"timestamp":"2026-02-11T14:40:51.444415Z","level":"info","event":" Downloaded dimensions/dim_constructor/dim_constructor.parquet (21 rows)","logger":"task.stdout"}
{"timestamp":"2026-02-11T14:40:51.450138Z","level":"info","event":" Downloaded dimensions/dim_race/dim_race.parquet (280 rows)","logger":"task.stdout"}
{"timestamp":"2026-02-11T14:40:51.455663Z","level":"info","event":" Downloaded dimensions/dim_time/dim_time.parquet (6940 rows)","logger":"task.stdout"}
{"timestamp":"2026-02-11T14:40:51.456268Z","level":"info","event":"Loaded dimensions:","logger":"task.stdout"}
{"timestamp":"2026-02-11T14:40:51.456545Z","level":"info","event":"  - dim_driver: 81 drivers","logger":"task.stdout"}
{"timestamp":"2026-02-11T14:40:51.456851Z","level":"info","event":"  - dim_constructor: 21 constructors","logger":"task.stdout"}
{"timestamp":"2026-02-11T14:40:51.457315Z","level":"info","event":"  - dim_race: 280 races","logger":"task.stdout"}
{"timestamp":"2026-02-11T14:40:51.457639Z","level":"info","event":"  - dim_time: 6,940 dates","logger":"task.stdout"}
{"timestamp":"2026-02-11T14:40:51.457912Z","level":"info","event":"","logger":"task.stdout"}
{"timestamp":"2026-02-11T14:40:51.458176Z","level":"info","event":"[STEP 4] Resolving foreign keys...","logger":"task.stdout"}
{"timestamp":"2026-02-11T14:40:51.473866Z","level":"info","event":"Created lookup dictionaries:","logger":"task.stdout"}
{"timestamp":"2026-02-11T14:40:51.474303Z","level":"info","event":"  - driver_ref -> driver_key: 81 entries","logger":"task.stdout"}
{"timestamp":"2026-02-11T14:40:51.474546Z","level":"info","event":"  - constructor_ref -> constructor_key: 21 entries","logger":"task.stdout"}
{"timestamp":"2026-02-11T14:40:51.474819Z","level":"info","event":"  - race_year+race_round -> race_key: 280 entries","logger":"task.stdout"}
{"timestamp":"2026-02-11T14:40:51.475053Z","level":"info","event":"  - race_date -> time_key: 6940 entries","logger":"task.stdout"}
{"timestamp":"2026-02-11T14:40:51.491529Z","level":"info","event":"All FKs resolved successfully","logger":"task.stdout"}
{"timestamp":"2026-02-11T14:40:51.491919Z","level":"info","event":"","logger":"task.stdout"}
{"timestamp":"2026-02-11T14:40:51.493369Z","level":"info","event":"[STEP 5] Loading existing Silver data...","logger":"task.stdout"}
{"timestamp":"2026-02-11T14:40:51.500841Z","level":"info","event":" Downloaded facts/fact_race_results/year=2024/data.parquet (30 rows)","logger":"task.stdout"}
{"timestamp":"2026-02-11T14:40:51.508546Z","level":"info","event":" Downloaded facts/fact_race_results/year=2025/data.parquet (130 rows)","logger":"task.stdout"}
{"timestamp":"2026-02-11T14:40:51.509282Z","level":"warning","event":"The behavior of DataFrame concatenation with empty or all-NA entries is deprecated. In a future version, this will no longer exclude empty or all-NA columns when determining the result dtypes. To retain the old behavior, exclude the relevant entries before the concat operation.","category":"FutureWarning","filename":"/opt/airflow/dags/api_etl/api_results_bronze_to_silver.py","lineno":400,"logger":"py.warnings"}
{"timestamp":"2026-02-11T14:40:51.517652Z","level":"info","event":"Loaded 160 existing results from Silver","logger":"task.stdout"}
{"timestamp":"2026-02-11T14:40:51.518446Z","level":"info","event":"Existing sources: {'api': 160}","logger":"task.stdout"}
{"timestamp":"2026-02-11T14:40:51.518946Z","level":"info","event":"","logger":"task.stdout"}
{"timestamp":"2026-02-11T14:40:51.519341Z","level":"info","event":"[STEP 6] Merging API data with existing Silver...","logger":"task.stdout"}
{"timestamp":"2026-02-11T14:40:51.519861Z","level":"info","event":"","logger":"task.stdout"}
{"timestamp":"2026-02-11T14:40:51.520139Z","level":"info","event":"  Merge Configuration:","logger":"task.stdout"}
{"timestamp":"2026-02-11T14:40:51.520424Z","level":"info","event":"Existing results: 160","logger":"task.stdout"}
{"timestamp":"2026-02-11T14:40:51.520668Z","level":"info","event":"New API results: 200","logger":"task.stdout"}
{"timestamp":"2026-02-11T14:40:51.520923Z","level":"info","event":"Merge key: result_id (PRIMARY natural key)","logger":"task.stdout"}
{"timestamp":"2026-02-11T14:40:51.521176Z","level":"info","event":"CSV priority: YES (skip API for CSV results)","logger":"task.stdout"}
{"timestamp":"2026-02-11T14:40:51.521552Z","level":"info","event":"","logger":"task.stdout"}
{"timestamp":"2026-02-11T14:40:51.521781Z","level":"info","event":"  Current max result_key: 5052","logger":"task.stdout"}
{"timestamp":"2026-02-11T14:40:51.527616Z","level":"info","event":"","logger":"task.stdout"}
{"timestamp":"2026-02-11T14:40:51.531489Z","level":"info","event":"  Processing 200 API results:","logger":"task.stdout"}
{"timestamp":"2026-02-11T14:40:51.531887Z","level":"info","event":"","logger":"task.stdout"}
{"timestamp":"2026-02-11T14:40:51.532156Z","level":"info","event":"UPDATE: result_id=10000001 (API refresh, data changed)","logger":"task.stdout"}
{"timestamp":"2026-02-11T14:40:51.532480Z","level":"info","event":"UPDATE: result_id=10000002 (API refresh, data changed)","logger":"task.stdout"}
{"timestamp":"2026-02-11T14:40:51.532708Z","level":"info","event":"UPDATE: result_id=10000003 (API refresh, data changed)","logger":"task.stdout"}
{"timestamp":"2026-02-11T14:40:51.536763Z","level":"info","event":"UPDATE: result_id=10000004 (API refresh, data changed)","logger":"task.stdout"}
{"timestamp":"2026-02-11T14:40:51.545274Z","level":"info","event":"UPDATE: result_id=10000005 (API refresh, data changed)","logger":"task.stdout"}
{"timestamp":"2026-02-11T14:40:51.552392Z","level":"info","event":"UPDATE: result_id=10000006 (API refresh, data changed)","logger":"task.stdout"}
{"timestamp":"2026-02-11T14:40:51.565054Z","level":"info","event":"UPDATE: result_id=10000007 (API refresh, data changed)","logger":"task.stdout"}
{"timestamp":"2026-02-11T14:40:51.572201Z","level":"info","event":"UPDATE: result_id=10000008 (API refresh, data changed)","logger":"task.stdout"}
{"timestamp":"2026-02-11T14:40:51.585143Z","level":"info","event":"UPDATE: result_id=10000009 (API refresh, data changed)","logger":"task.stdout"}
{"timestamp":"2026-02-11T14:40:51.585492Z","level":"info","event":"UPDATE: result_id=10000010 (API refresh, data changed)","logger":"task.stdout"}
{"timestamp":"2026-02-11T14:40:51.600710Z","level":"info","event":"UPDATE: result_id=10000011 (API refresh, data changed)","logger":"task.stdout"}
{"timestamp":"2026-02-11T14:40:51.601099Z","level":"info","event":"UPDATE: result_id=10000012 (API refresh, data changed)","logger":"task.stdout"}
{"timestamp":"2026-02-11T14:40:51.605490Z","level":"info","event":"UPDATE: result_id=10000013 (API refresh, data changed)","logger":"task.stdout"}
{"timestamp":"2026-02-11T14:40:51.617061Z","level":"info","event":"UPDATE: result_id=10000014 (API refresh, data changed)","logger":"task.stdout"}
{"timestamp":"2026-02-11T14:40:51.620509Z","level":"info","event":"UPDATE: result_id=10000015 (API refresh, data changed)","logger":"task.stdout"}
{"timestamp":"2026-02-11T14:40:51.640004Z","level":"info","event":"UPDATE: result_id=10000016 (API refresh, data changed)","logger":"task.stdout"}
{"timestamp":"2026-02-11T14:40:51.677442Z","level":"info","event":"UPDATE: result_id=10000017 (API refresh, data changed)","logger":"task.stdout"}
{"timestamp":"2026-02-11T14:40:51.709366Z","level":"info","event":"UPDATE: result_id=10000018 (API refresh, data changed)","logger":"task.stdout"}
{"timestamp":"2026-02-11T14:40:51.761532Z","level":"info","event":"UPDATE: result_id=10000019 (API refresh, data changed)","logger":"task.stdout"}
{"timestamp":"2026-02-11T14:40:51.821107Z","level":"info","event":"UPDATE: result_id=10000020 (API refresh, data changed)","logger":"task.stdout"}
{"timestamp":"2026-02-11T14:40:51.869100Z","level":"info","event":"UPDATE: result_id=10000021 (API refresh, data changed)","logger":"task.stdout"}
{"timestamp":"2026-02-11T14:40:51.901139Z","level":"info","event":"UPDATE: result_id=10000022 (API refresh, data changed)","logger":"task.stdout"}
{"timestamp":"2026-02-11T14:40:51.949117Z","level":"info","event":"UPDATE: result_id=10000023 (API refresh, data changed)","logger":"task.stdout"}
{"timestamp":"2026-02-11T14:40:51.981296Z","level":"info","event":"UPDATE: result_id=10000024 (API refresh, data changed)","logger":"task.stdout"}
{"timestamp":"2026-02-11T14:40:51.982534Z","level":"info","event":"UPDATE: result_id=10000025 (API refresh, data changed)","logger":"task.stdout"}
{"timestamp":"2026-02-11T14:40:51.982885Z","level":"info","event":"UPDATE: result_id=10000026 (API refresh, data changed)","logger":"task.stdout"}
{"timestamp":"2026-02-11T14:40:51.983232Z","level":"info","event":"UPDATE: result_id=10000027 (API refresh, data changed)","logger":"task.stdout"}
{"timestamp":"2026-02-11T14:40:51.983560Z","level":"info","event":"UPDATE: result_id=10000028 (API refresh, data changed)","logger":"task.stdout"}
{"timestamp":"2026-02-11T14:40:51.984091Z","level":"info","event":"UPDATE: result_id=10000029 (API refresh, data changed)","logger":"task.stdout"}
{"timestamp":"2026-02-11T14:40:51.984329Z","level":"info","event":"UPDATE: result_id=10000030 (API refresh, data changed)","logger":"task.stdout"}
{"timestamp":"2026-02-11T14:40:51.984543Z","level":"info","event":"UPDATE: result_id=10000031 (API refresh, data changed)","logger":"task.stdout"}
{"timestamp":"2026-02-11T14:40:51.984798Z","level":"info","event":"UPDATE: result_id=10000032 (API refresh, data changed)","logger":"task.stdout"}
{"timestamp":"2026-02-11T14:40:51.985049Z","level":"info","event":"UPDATE: result_id=10000033 (API refresh, data changed)","logger":"task.stdout"}
{"timestamp":"2026-02-11T14:40:51.985280Z","level":"info","event":"UPDATE: result_id=10000034 (API refresh, data changed)","logger":"task.stdout"}
{"timestamp":"2026-02-11T14:40:51.985511Z","level":"info","event":"UPDATE: result_id=10000035 (API refresh, data changed)","logger":"task.stdout"}
{"timestamp":"2026-02-11T14:40:51.987346Z","level":"info","event":"UPDATE: result_id=10000036 (API refresh, data changed)","logger":"task.stdout"}
{"timestamp":"2026-02-11T14:40:51.987597Z","level":"info","event":"UPDATE: result_id=10000037 (API refresh, data changed)","logger":"task.stdout"}
{"timestamp":"2026-02-11T14:40:51.987841Z","level":"info","event":"UPDATE: result_id=10000038 (API refresh, data changed)","logger":"task.stdout"}
{"timestamp":"2026-02-11T14:40:51.988156Z","level":"info","event":"UPDATE: result_id=10000039 (API refresh, data changed)","logger":"task.stdout"}
{"timestamp":"2026-02-11T14:40:51.991682Z","level":"info","event":"UPDATE: result_id=10000040 (API refresh, data changed)","logger":"task.stdout"}
{"timestamp":"2026-02-11T14:40:51.995865Z","level":"info","event":"UPDATE: result_id=10000041 (API refresh, data changed)","logger":"task.stdout"}
{"timestamp":"2026-02-11T14:40:52.014912Z","level":"info","event":"UPDATE: result_id=10000042 (API refresh, data changed)","logger":"task.stdout"}
{"timestamp":"2026-02-11T14:40:52.072283Z","level":"info","event":"UPDATE: result_id=10000043 (API refresh, data changed)","logger":"task.stdout"}
{"timestamp":"2026-02-11T14:40:52.079428Z","level":"info","event":"UPDATE: result_id=10000044 (API refresh, data changed)","logger":"task.stdout"}
{"timestamp":"2026-02-11T14:40:52.082099Z","level":"info","event":"UPDATE: result_id=10000045 (API refresh, data changed)","logger":"task.stdout"}
{"timestamp":"2026-02-11T14:40:52.085564Z","level":"info","event":"UPDATE: result_id=10000046 (API refresh, data changed)","logger":"task.stdout"}
{"timestamp":"2026-02-11T14:40:52.086084Z","level":"info","event":"UPDATE: result_id=10000047 (API refresh, data changed)","logger":"task.stdout"}
{"timestamp":"2026-02-11T14:40:52.098347Z","level":"info","event":"UPDATE: result_id=10000048 (API refresh, data changed)","logger":"task.stdout"}
{"timestamp":"2026-02-11T14:40:52.099828Z","level":"info","event":"UPDATE: result_id=10000049 (API refresh, data changed)","logger":"task.stdout"}
{"timestamp":"2026-02-11T14:40:52.100121Z","level":"info","event":"UPDATE: result_id=10000050 (API refresh, data changed)","logger":"task.stdout"}
{"timestamp":"2026-02-11T14:40:52.100450Z","level":"info","event":"UPDATE: result_id=10000051 (API refresh, data changed)","logger":"task.stdout"}
{"timestamp":"2026-02-11T14:40:52.100670Z","level":"info","event":"UPDATE: result_id=10000052 (API refresh, data changed)","logger":"task.stdout"}
{"timestamp":"2026-02-11T14:40:52.100865Z","level":"info","event":"UPDATE: result_id=10000053 (API refresh, data changed)","logger":"task.stdout"}
{"timestamp":"2026-02-11T14:40:52.101183Z","level":"info","event":"UPDATE: result_id=10000054 (API refresh, data changed)","logger":"task.stdout"}
{"timestamp":"2026-02-11T14:40:52.108437Z","level":"info","event":"UPDATE: result_id=10000055 (API refresh, data changed)","logger":"task.stdout"}
{"timestamp":"2026-02-11T14:40:52.115640Z","level":"info","event":"UPDATE: result_id=10000056 (API refresh, data changed)","logger":"task.stdout"}
{"timestamp":"2026-02-11T14:40:52.119767Z","level":"info","event":"UPDATE: result_id=10000057 (API refresh, data changed)","logger":"task.stdout"}
{"timestamp":"2026-02-11T14:40:52.124331Z","level":"info","event":"UPDATE: result_id=10000058 (API refresh, data changed)","logger":"task.stdout"}
{"timestamp":"2026-02-11T14:40:52.127747Z","level":"info","event":"UPDATE: result_id=10000059 (API refresh, data changed)","logger":"task.stdout"}
{"timestamp":"2026-02-11T14:40:52.131906Z","level":"info","event":"UPDATE: result_id=10000060 (API refresh, data changed)","logger":"task.stdout"}
{"timestamp":"2026-02-11T14:40:52.135732Z","level":"info","event":"UPDATE: result_id=10000061 (API refresh, data changed)","logger":"task.stdout"}
{"timestamp":"2026-02-11T14:40:52.149860Z","level":"info","event":"UPDATE: result_id=10000062 (API refresh, data changed)","logger":"task.stdout"}
{"timestamp":"2026-02-11T14:40:52.201606Z","level":"info","event":"UPDATE: result_id=10000063 (API refresh, data changed)","logger":"task.stdout"}
{"timestamp":"2026-02-11T14:40:52.208241Z","level":"info","event":"UPDATE: result_id=10000064 (API refresh, data changed)","logger":"task.stdout"}
{"timestamp":"2026-02-11T14:40:52.224505Z","level":"info","event":"UPDATE: result_id=10000065 (API refresh, data changed)","logger":"task.stdout"}
{"timestamp":"2026-02-11T14:40:52.240243Z","level":"info","event":"UPDATE: result_id=10000066 (API refresh, data changed)","logger":"task.stdout"}
{"timestamp":"2026-02-11T14:40:52.250138Z","level":"info","event":"UPDATE: result_id=10000067 (API refresh, data changed)","logger":"task.stdout"}
{"timestamp":"2026-02-11T14:40:52.254168Z","level":"info","event":"UPDATE: result_id=10000068 (API refresh, data changed)","logger":"task.stdout"}
{"timestamp":"2026-02-11T14:40:52.254958Z","level":"info","event":"UPDATE: result_id=10000069 (API refresh, data changed)","logger":"task.stdout"}
{"timestamp":"2026-02-11T14:40:52.256344Z","level":"info","event":"UPDATE: result_id=10000070 (API refresh, data changed)","logger":"task.stdout"}
{"timestamp":"2026-02-11T14:40:52.257017Z","level":"info","event":"UPDATE: result_id=10000071 (API refresh, data changed)","logger":"task.stdout"}
{"timestamp":"2026-02-11T14:40:52.257448Z","level":"info","event":"UPDATE: result_id=10000072 (API refresh, data changed)","logger":"task.stdout"}
{"timestamp":"2026-02-11T14:40:52.257689Z","level":"info","event":"UPDATE: result_id=10000073 (API refresh, data changed)","logger":"task.stdout"}
{"timestamp":"2026-02-11T14:40:52.257887Z","level":"info","event":"UPDATE: result_id=10000074 (API refresh, data changed)","logger":"task.stdout"}
{"timestamp":"2026-02-11T14:40:52.260965Z","level":"info","event":"UPDATE: result_id=10000075 (API refresh, data changed)","logger":"task.stdout"}
{"timestamp":"2026-02-11T14:40:52.267052Z","level":"info","event":"UPDATE: result_id=10000076 (API refresh, data changed)","logger":"task.stdout"}
{"timestamp":"2026-02-11T14:40:52.269960Z","level":"info","event":"UPDATE: result_id=10000077 (API refresh, data changed)","logger":"task.stdout"}
{"timestamp":"2026-02-11T14:40:52.276564Z","level":"info","event":"UPDATE: result_id=10000078 (API refresh, data changed)","logger":"task.stdout"}
{"timestamp":"2026-02-11T14:40:52.280840Z","level":"info","event":"UPDATE: result_id=10000079 (API refresh, data changed)","logger":"task.stdout"}
{"timestamp":"2026-02-11T14:40:52.285747Z","level":"info","event":"UPDATE: result_id=10000080 (API refresh, data changed)","logger":"task.stdout"}
{"timestamp":"2026-02-11T14:40:52.297056Z","level":"info","event":"UPDATE: result_id=10000081 (API refresh, data changed)","logger":"task.stdout"}
{"timestamp":"2026-02-11T14:40:52.297960Z","level":"info","event":"UPDATE: result_id=10000082 (API refresh, data changed)","logger":"task.stdout"}
{"timestamp":"2026-02-11T14:40:52.300981Z","level":"info","event":"UPDATE: result_id=10000083 (API refresh, data changed)","logger":"task.stdout"}
{"timestamp":"2026-02-11T14:40:52.313482Z","level":"info","event":"UPDATE: result_id=10000084 (API refresh, data changed)","logger":"task.stdout"}
{"timestamp":"2026-02-11T14:40:52.314267Z","level":"info","event":"UPDATE: result_id=10000085 (API refresh, data changed)","logger":"task.stdout"}
{"timestamp":"2026-02-11T14:40:52.319175Z","level":"info","event":"UPDATE: result_id=10000086 (API refresh, data changed)","logger":"task.stdout"}
{"timestamp":"2026-02-11T14:40:52.327425Z","level":"info","event":"UPDATE: result_id=10000087 (API refresh, data changed)","logger":"task.stdout"}
{"timestamp":"2026-02-11T14:40:52.329091Z","level":"info","event":"UPDATE: result_id=10000088 (API refresh, data changed)","logger":"task.stdout"}
{"timestamp":"2026-02-11T14:40:52.334264Z","level":"info","event":"UPDATE: result_id=10000089 (API refresh, data changed)","logger":"task.stdout"}
{"timestamp":"2026-02-11T14:40:52.338207Z","level":"info","event":"UPDATE: result_id=10000090 (API refresh, data changed)","logger":"task.stdout"}
{"timestamp":"2026-02-11T14:40:52.343878Z","level":"info","event":"UPDATE: result_id=10000091 (API refresh, data changed)","logger":"task.stdout"}
{"timestamp":"2026-02-11T14:40:52.348837Z","level":"info","event":"UPDATE: result_id=10000092 (API refresh, data changed)","logger":"task.stdout"}
{"timestamp":"2026-02-11T14:40:52.353087Z","level":"info","event":"UPDATE: result_id=10000093 (API refresh, data changed)","logger":"task.stdout"}
{"timestamp":"2026-02-11T14:40:52.358277Z","level":"info","event":"UPDATE: result_id=10000094 (API refresh, data changed)","logger":"task.stdout"}
{"timestamp":"2026-02-11T14:40:52.362683Z","level":"info","event":"UPDATE: result_id=10000095 (API refresh, data changed)","logger":"task.stdout"}
{"timestamp":"2026-02-11T14:40:52.368850Z","level":"info","event":"UPDATE: result_id=10000096 (API refresh, data changed)","logger":"task.stdout"}
{"timestamp":"2026-02-11T14:40:52.372939Z","level":"info","event":"UPDATE: result_id=10000097 (API refresh, data changed)","logger":"task.stdout"}
{"timestamp":"2026-02-11T14:40:52.377373Z","level":"info","event":"UPDATE: result_id=10000098 (API refresh, data changed)","logger":"task.stdout"}
{"timestamp":"2026-02-11T14:40:52.381158Z","level":"info","event":"UPDATE: result_id=10000099 (API refresh, data changed)","logger":"task.stdout"}
{"timestamp":"2026-02-11T14:40:52.385147Z","level":"info","event":"UPDATE: result_id=10000100 (API refresh, data changed)","logger":"task.stdout"}
{"timestamp":"2026-02-11T14:40:52.389062Z","level":"info","event":"ADD: result_id=10000101 (new result from API)","logger":"task.stdout"}
{"timestamp":"2026-02-11T14:40:52.392286Z","level":"warning","event":"The behavior of DataFrame concatenation with empty or all-NA entries is deprecated. In a future version, this will no longer exclude empty or all-NA columns when determining the result dtypes. To retain the old behavior, exclude the relevant entries before the concat operation.","category":"FutureWarning","filename":"/opt/airflow/dags/api_etl/api_results_bronze_to_silver.py","lineno":129,"logger":"py.warnings"}
{"timestamp":"2026-02-11T14:40:52.393423Z","level":"info","event":"ADD: result_id=10000102 (new result from API)","logger":"task.stdout"}
{"timestamp":"2026-02-11T14:40:52.395643Z","level":"warning","event":"The behavior of DataFrame concatenation with empty or all-NA entries is deprecated. In a future version, this will no longer exclude empty or all-NA columns when determining the result dtypes. To retain the old behavior, exclude the relevant entries before the concat operation.","category":"FutureWarning","filename":"/opt/airflow/dags/api_etl/api_results_bronze_to_silver.py","lineno":129,"logger":"py.warnings"}
{"timestamp":"2026-02-11T14:40:52.396339Z","level":"info","event":"ADD: result_id=10000103 (new result from API)","logger":"task.stdout"}
{"timestamp":"2026-02-11T14:40:52.398349Z","level":"warning","event":"The behavior of DataFrame concatenation with empty or all-NA entries is deprecated. In a future version, this will no longer exclude empty or all-NA columns when determining the result dtypes. To retain the old behavior, exclude the relevant entries before the concat operation.","category":"FutureWarning","filename":"/opt/airflow/dags/api_etl/api_results_bronze_to_silver.py","lineno":129,"logger":"py.warnings"}
{"timestamp":"2026-02-11T14:40:52.400447Z","level":"warning","event":"The behavior of DataFrame concatenation with empty or all-NA entries is deprecated. In a future version, this will no longer exclude empty or all-NA columns when determining the result dtypes. To retain the old behavior, exclude the relevant entries before the concat operation.","category":"FutureWarning","filename":"/opt/airflow/dags/api_etl/api_results_bronze_to_silver.py","lineno":129,"logger":"py.warnings"}
{"timestamp":"2026-02-11T14:40:52.401852Z","level":"info","event":"ADD: result_id=10000104 (new result from API)","logger":"task.stdout"}
{"timestamp":"2026-02-11T14:40:52.402117Z","level":"info","event":"ADD: result_id=10000105 (new result from API)","logger":"task.stdout"}
{"timestamp":"2026-02-11T14:40:52.403594Z","level":"warning","event":"The behavior of DataFrame concatenation with empty or all-NA entries is deprecated. In a future version, this will no longer exclude empty or all-NA columns when determining the result dtypes. To retain the old behavior, exclude the relevant entries before the concat operation.","category":"FutureWarning","filename":"/opt/airflow/dags/api_etl/api_results_bronze_to_silver.py","lineno":129,"logger":"py.warnings"}
{"timestamp":"2026-02-11T14:40:52.404517Z","level":"info","event":"ADD: result_id=10000106 (new result from API)","logger":"task.stdout"}
{"timestamp":"2026-02-11T14:40:52.406712Z","level":"warning","event":"The behavior of DataFrame concatenation with empty or all-NA entries is deprecated. In a future version, this will no longer exclude empty or all-NA columns when determining the result dtypes. To retain the old behavior, exclude the relevant entries before the concat operation.","category":"FutureWarning","filename":"/opt/airflow/dags/api_etl/api_results_bronze_to_silver.py","lineno":129,"logger":"py.warnings"}
{"timestamp":"2026-02-11T14:40:52.407897Z","level":"info","event":"ADD: result_id=10000107 (new result from API)","logger":"task.stdout"}
{"timestamp":"2026-02-11T14:40:52.409625Z","level":"warning","event":"The behavior of DataFrame concatenation with empty or all-NA entries is deprecated. In a future version, this will no longer exclude empty or all-NA columns when determining the result dtypes. To retain the old behavior, exclude the relevant entries before the concat operation.","category":"FutureWarning","filename":"/opt/airflow/dags/api_etl/api_results_bronze_to_silver.py","lineno":129,"logger":"py.warnings"}
{"timestamp":"2026-02-11T14:40:52.410267Z","level":"info","event":"ADD: result_id=10000108 (new result from API)","logger":"task.stdout"}
{"timestamp":"2026-02-11T14:40:52.411848Z","level":"warning","event":"The behavior of DataFrame concatenation with empty or all-NA entries is deprecated. In a future version, this will no longer exclude empty or all-NA columns when determining the result dtypes. To retain the old behavior, exclude the relevant entries before the concat operation.","category":"FutureWarning","filename":"/opt/airflow/dags/api_etl/api_results_bronze_to_silver.py","lineno":129,"logger":"py.warnings"}
{"timestamp":"2026-02-11T14:40:52.412419Z","level":"info","event":"ADD: result_id=10000109 (new result from API)","logger":"task.stdout"}
{"timestamp":"2026-02-11T14:40:52.413970Z","level":"warning","event":"The behavior of DataFrame concatenation with empty or all-NA entries is deprecated. In a future version, this will no longer exclude empty or all-NA columns when determining the result dtypes. To retain the old behavior, exclude the relevant entries before the concat operation.","category":"FutureWarning","filename":"/opt/airflow/dags/api_etl/api_results_bronze_to_silver.py","lineno":129,"logger":"py.warnings"}
{"timestamp":"2026-02-11T14:40:52.414495Z","level":"info","event":"ADD: result_id=10000110 (new result from API)","logger":"task.stdout"}
{"timestamp":"2026-02-11T14:40:52.415937Z","level":"warning","event":"The behavior of DataFrame concatenation with empty or all-NA entries is deprecated. In a future version, this will no longer exclude empty or all-NA columns when determining the result dtypes. To retain the old behavior, exclude the relevant entries before the concat operation.","category":"FutureWarning","filename":"/opt/airflow/dags/api_etl/api_results_bronze_to_silver.py","lineno":129,"logger":"py.warnings"}
{"timestamp":"2026-02-11T14:40:52.416424Z","level":"info","event":"ADD: result_id=10000111 (new result from API)","logger":"task.stdout"}
{"timestamp":"2026-02-11T14:40:52.417834Z","level":"warning","event":"The behavior of DataFrame concatenation with empty or all-NA entries is deprecated. In a future version, this will no longer exclude empty or all-NA columns when determining the result dtypes. To retain the old behavior, exclude the relevant entries before the concat operation.","category":"FutureWarning","filename":"/opt/airflow/dags/api_etl/api_results_bronze_to_silver.py","lineno":129,"logger":"py.warnings"}
{"timestamp":"2026-02-11T14:40:52.418353Z","level":"info","event":"ADD: result_id=10000112 (new result from API)","logger":"task.stdout"}
{"timestamp":"2026-02-11T14:40:52.419759Z","level":"warning","event":"The behavior of DataFrame concatenation with empty or all-NA entries is deprecated. In a future version, this will no longer exclude empty or all-NA columns when determining the result dtypes. To retain the old behavior, exclude the relevant entries before the concat operation.","category":"FutureWarning","filename":"/opt/airflow/dags/api_etl/api_results_bronze_to_silver.py","lineno":129,"logger":"py.warnings"}
{"timestamp":"2026-02-11T14:40:52.420246Z","level":"info","event":"ADD: result_id=10000113 (new result from API)","logger":"task.stdout"}
{"timestamp":"2026-02-11T14:40:52.421772Z","level":"warning","event":"The behavior of DataFrame concatenation with empty or all-NA entries is deprecated. In a future version, this will no longer exclude empty or all-NA columns when determining the result dtypes. To retain the old behavior, exclude the relevant entries before the concat operation.","category":"FutureWarning","filename":"/opt/airflow/dags/api_etl/api_results_bronze_to_silver.py","lineno":129,"logger":"py.warnings"}
{"timestamp":"2026-02-11T14:40:52.422278Z","level":"info","event":"ADD: result_id=10000114 (new result from API)","logger":"task.stdout"}
{"timestamp":"2026-02-11T14:40:52.424088Z","level":"warning","event":"The behavior of DataFrame concatenation with empty or all-NA entries is deprecated. In a future version, this will no longer exclude empty or all-NA columns when determining the result dtypes. To retain the old behavior, exclude the relevant entries before the concat operation.","category":"FutureWarning","filename":"/opt/airflow/dags/api_etl/api_results_bronze_to_silver.py","lineno":129,"logger":"py.warnings"}
{"timestamp":"2026-02-11T14:40:52.424783Z","level":"info","event":"ADD: result_id=10000115 (new result from API)","logger":"task.stdout"}
{"timestamp":"2026-02-11T14:40:52.426551Z","level":"warning","event":"The behavior of DataFrame concatenation with empty or all-NA entries is deprecated. In a future version, this will no longer exclude empty or all-NA columns when determining the result dtypes. To retain the old behavior, exclude the relevant entries before the concat operation.","category":"FutureWarning","filename":"/opt/airflow/dags/api_etl/api_results_bronze_to_silver.py","lineno":129,"logger":"py.warnings"}
{"timestamp":"2026-02-11T14:40:52.427155Z","level":"info","event":"ADD: result_id=10000116 (new result from API)","logger":"task.stdout"}
{"timestamp":"2026-02-11T14:40:52.428820Z","level":"warning","event":"The behavior of DataFrame concatenation with empty or all-NA entries is deprecated. In a future version, this will no longer exclude empty or all-NA columns when determining the result dtypes. To retain the old behavior, exclude the relevant entries before the concat operation.","category":"FutureWarning","filename":"/opt/airflow/dags/api_etl/api_results_bronze_to_silver.py","lineno":129,"logger":"py.warnings"}
{"timestamp":"2026-02-11T14:40:52.429389Z","level":"info","event":"ADD: result_id=10000117 (new result from API)","logger":"task.stdout"}
{"timestamp":"2026-02-11T14:40:52.431078Z","level":"warning","event":"The behavior of DataFrame concatenation with empty or all-NA entries is deprecated. In a future version, this will no longer exclude empty or all-NA columns when determining the result dtypes. To retain the old behavior, exclude the relevant entries before the concat operation.","category":"FutureWarning","filename":"/opt/airflow/dags/api_etl/api_results_bronze_to_silver.py","lineno":129,"logger":"py.warnings"}
{"timestamp":"2026-02-11T14:40:52.431626Z","level":"info","event":"ADD: result_id=10000118 (new result from API)","logger":"task.stdout"}
{"timestamp":"2026-02-11T14:40:52.433237Z","level":"warning","event":"The behavior of DataFrame concatenation with empty or all-NA entries is deprecated. In a future version, this will no longer exclude empty or all-NA columns when determining the result dtypes. To retain the old behavior, exclude the relevant entries before the concat operation.","category":"FutureWarning","filename":"/opt/airflow/dags/api_etl/api_results_bronze_to_silver.py","lineno":129,"logger":"py.warnings"}
{"timestamp":"2026-02-11T14:40:52.433776Z","level":"info","event":"ADD: result_id=10000119 (new result from API)","logger":"task.stdout"}
{"timestamp":"2026-02-11T14:40:52.435315Z","level":"warning","event":"The behavior of DataFrame concatenation with empty or all-NA entries is deprecated. In a future version, this will no longer exclude empty or all-NA columns when determining the result dtypes. To retain the old behavior, exclude the relevant entries before the concat operation.","category":"FutureWarning","filename":"/opt/airflow/dags/api_etl/api_results_bronze_to_silver.py","lineno":129,"logger":"py.warnings"}
{"timestamp":"2026-02-11T14:40:52.435847Z","level":"info","event":"ADD: result_id=10000120 (new result from API)","logger":"task.stdout"}
{"timestamp":"2026-02-11T14:40:52.437805Z","level":"warning","event":"The behavior of DataFrame concatenation with empty or all-NA entries is deprecated. In a future version, this will no longer exclude empty or all-NA columns when determining the result dtypes. To retain the old behavior, exclude the relevant entries before the concat operation.","category":"FutureWarning","filename":"/opt/airflow/dags/api_etl/api_results_bronze_to_silver.py","lineno":129,"logger":"py.warnings"}
{"timestamp":"2026-02-11T14:40:52.438542Z","level":"info","event":"ADD: result_id=10000121 (new result from API)","logger":"task.stdout"}
{"timestamp":"2026-02-11T14:40:52.441292Z","level":"warning","event":"The behavior of DataFrame concatenation with empty or all-NA entries is deprecated. In a future version, this will no longer exclude empty or all-NA columns when determining the result dtypes. To retain the old behavior, exclude the relevant entries before the concat operation.","category":"FutureWarning","filename":"/opt/airflow/dags/api_etl/api_results_bronze_to_silver.py","lineno":129,"logger":"py.warnings"}
{"timestamp":"2026-02-11T14:40:52.441960Z","level":"info","event":"ADD: result_id=10000122 (new result from API)","logger":"task.stdout"}
{"timestamp":"2026-02-11T14:40:52.443576Z","level":"warning","event":"The behavior of DataFrame concatenation with empty or all-NA entries is deprecated. In a future version, this will no longer exclude empty or all-NA columns when determining the result dtypes. To retain the old behavior, exclude the relevant entries before the concat operation.","category":"FutureWarning","filename":"/opt/airflow/dags/api_etl/api_results_bronze_to_silver.py","lineno":129,"logger":"py.warnings"}
{"timestamp":"2026-02-11T14:40:52.444134Z","level":"info","event":"ADD: result_id=10000123 (new result from API)","logger":"task.stdout"}
{"timestamp":"2026-02-11T14:40:52.445795Z","level":"warning","event":"The behavior of DataFrame concatenation with empty or all-NA entries is deprecated. In a future version, this will no longer exclude empty or all-NA columns when determining the result dtypes. To retain the old behavior, exclude the relevant entries before the concat operation.","category":"FutureWarning","filename":"/opt/airflow/dags/api_etl/api_results_bronze_to_silver.py","lineno":129,"logger":"py.warnings"}
{"timestamp":"2026-02-11T14:40:52.446388Z","level":"info","event":"ADD: result_id=10000124 (new result from API)","logger":"task.stdout"}
{"timestamp":"2026-02-11T14:40:52.448285Z","level":"warning","event":"The behavior of DataFrame concatenation with empty or all-NA entries is deprecated. In a future version, this will no longer exclude empty or all-NA columns when determining the result dtypes. To retain the old behavior, exclude the relevant entries before the concat operation.","category":"FutureWarning","filename":"/opt/airflow/dags/api_etl/api_results_bronze_to_silver.py","lineno":129,"logger":"py.warnings"}
{"timestamp":"2026-02-11T14:40:52.448979Z","level":"info","event":"ADD: result_id=10000125 (new result from API)","logger":"task.stdout"}
{"timestamp":"2026-02-11T14:40:52.450643Z","level":"warning","event":"The behavior of DataFrame concatenation with empty or all-NA entries is deprecated. In a future version, this will no longer exclude empty or all-NA columns when determining the result dtypes. To retain the old behavior, exclude the relevant entries before the concat operation.","category":"FutureWarning","filename":"/opt/airflow/dags/api_etl/api_results_bronze_to_silver.py","lineno":129,"logger":"py.warnings"}
{"timestamp":"2026-02-11T14:40:52.451217Z","level":"info","event":"ADD: result_id=10000126 (new result from API)","logger":"task.stdout"}
{"timestamp":"2026-02-11T14:40:52.452824Z","level":"warning","event":"The behavior of DataFrame concatenation with empty or all-NA entries is deprecated. In a future version, this will no longer exclude empty or all-NA columns when determining the result dtypes. To retain the old behavior, exclude the relevant entries before the concat operation.","category":"FutureWarning","filename":"/opt/airflow/dags/api_etl/api_results_bronze_to_silver.py","lineno":129,"logger":"py.warnings"}
{"timestamp":"2026-02-11T14:40:52.453379Z","level":"info","event":"ADD: result_id=10000127 (new result from API)","logger":"task.stdout"}
{"timestamp":"2026-02-11T14:40:52.454965Z","level":"warning","event":"The behavior of DataFrame concatenation with empty or all-NA entries is deprecated. In a future version, this will no longer exclude empty or all-NA columns when determining the result dtypes. To retain the old behavior, exclude the relevant entries before the concat operation.","category":"FutureWarning","filename":"/opt/airflow/dags/api_etl/api_results_bronze_to_silver.py","lineno":129,"logger":"py.warnings"}
{"timestamp":"2026-02-11T14:40:52.455480Z","level":"info","event":"ADD: result_id=10000128 (new result from API)","logger":"task.stdout"}
{"timestamp":"2026-02-11T14:40:52.457506Z","level":"warning","event":"The behavior of DataFrame concatenation with empty or all-NA entries is deprecated. In a future version, this will no longer exclude empty or all-NA columns when determining the result dtypes. To retain the old behavior, exclude the relevant entries before the concat operation.","category":"FutureWarning","filename":"/opt/airflow/dags/api_etl/api_results_bronze_to_silver.py","lineno":129,"logger":"py.warnings"}
{"timestamp":"2026-02-11T14:40:52.458244Z","level":"info","event":"ADD: result_id=10000129 (new result from API)","logger":"task.stdout"}
{"timestamp":"2026-02-11T14:40:52.459867Z","level":"warning","event":"The behavior of DataFrame concatenation with empty or all-NA entries is deprecated. In a future version, this will no longer exclude empty or all-NA columns when determining the result dtypes. To retain the old behavior, exclude the relevant entries before the concat operation.","category":"FutureWarning","filename":"/opt/airflow/dags/api_etl/api_results_bronze_to_silver.py","lineno":129,"logger":"py.warnings"}
{"timestamp":"2026-02-11T14:40:52.460361Z","level":"info","event":"ADD: result_id=10000130 (new result from API)","logger":"task.stdout"}
{"timestamp":"2026-02-11T14:40:52.461852Z","level":"warning","event":"The behavior of DataFrame concatenation with empty or all-NA entries is deprecated. In a future version, this will no longer exclude empty or all-NA columns when determining the result dtypes. To retain the old behavior, exclude the relevant entries before the concat operation.","category":"FutureWarning","filename":"/opt/airflow/dags/api_etl/api_results_bronze_to_silver.py","lineno":129,"logger":"py.warnings"}
{"timestamp":"2026-02-11T14:40:52.462341Z","level":"info","event":"ADD: result_id=10000131 (new result from API)","logger":"task.stdout"}
{"timestamp":"2026-02-11T14:40:52.463728Z","level":"warning","event":"The behavior of DataFrame concatenation with empty or all-NA entries is deprecated. In a future version, this will no longer exclude empty or all-NA columns when determining the result dtypes. To retain the old behavior, exclude the relevant entries before the concat operation.","category":"FutureWarning","filename":"/opt/airflow/dags/api_etl/api_results_bronze_to_silver.py","lineno":129,"logger":"py.warnings"}
{"timestamp":"2026-02-11T14:40:52.464216Z","level":"info","event":"ADD: result_id=10000132 (new result from API)","logger":"task.stdout"}
{"timestamp":"2026-02-11T14:40:52.465604Z","level":"warning","event":"The behavior of DataFrame concatenation with empty or all-NA entries is deprecated. In a future version, this will no longer exclude empty or all-NA columns when determining the result dtypes. To retain the old behavior, exclude the relevant entries before the concat operation.","category":"FutureWarning","filename":"/opt/airflow/dags/api_etl/api_results_bronze_to_silver.py","lineno":129,"logger":"py.warnings"}
{"timestamp":"2026-02-11T14:40:52.466099Z","level":"info","event":"ADD: result_id=10000133 (new result from API)","logger":"task.stdout"}
{"timestamp":"2026-02-11T14:40:52.467475Z","level":"warning","event":"The behavior of DataFrame concatenation with empty or all-NA entries is deprecated. In a future version, this will no longer exclude empty or all-NA columns when determining the result dtypes. To retain the old behavior, exclude the relevant entries before the concat operation.","category":"FutureWarning","filename":"/opt/airflow/dags/api_etl/api_results_bronze_to_silver.py","lineno":129,"logger":"py.warnings"}
{"timestamp":"2026-02-11T14:40:52.468006Z","level":"info","event":"ADD: result_id=10000134 (new result from API)","logger":"task.stdout"}
{"timestamp":"2026-02-11T14:40:52.470118Z","level":"warning","event":"The behavior of DataFrame concatenation with empty or all-NA entries is deprecated. In a future version, this will no longer exclude empty or all-NA columns when determining the result dtypes. To retain the old behavior, exclude the relevant entries before the concat operation.","category":"FutureWarning","filename":"/opt/airflow/dags/api_etl/api_results_bronze_to_silver.py","lineno":129,"logger":"py.warnings"}
{"timestamp":"2026-02-11T14:40:52.470839Z","level":"info","event":"ADD: result_id=10000135 (new result from API)","logger":"task.stdout"}
{"timestamp":"2026-02-11T14:40:52.473833Z","level":"warning","event":"The behavior of DataFrame concatenation with empty or all-NA entries is deprecated. In a future version, this will no longer exclude empty or all-NA columns when determining the result dtypes. To retain the old behavior, exclude the relevant entries before the concat operation.","category":"FutureWarning","filename":"/opt/airflow/dags/api_etl/api_results_bronze_to_silver.py","lineno":129,"logger":"py.warnings"}
{"timestamp":"2026-02-11T14:40:52.474867Z","level":"info","event":"ADD: result_id=10000136 (new result from API)","logger":"task.stdout"}
{"timestamp":"2026-02-11T14:40:52.476657Z","level":"warning","event":"The behavior of DataFrame concatenation with empty or all-NA entries is deprecated. In a future version, this will no longer exclude empty or all-NA columns when determining the result dtypes. To retain the old behavior, exclude the relevant entries before the concat operation.","category":"FutureWarning","filename":"/opt/airflow/dags/api_etl/api_results_bronze_to_silver.py","lineno":129,"logger":"py.warnings"}
{"timestamp":"2026-02-11T14:40:52.477289Z","level":"info","event":"ADD: result_id=10000137 (new result from API)","logger":"task.stdout"}
{"timestamp":"2026-02-11T14:40:52.479031Z","level":"warning","event":"The behavior of DataFrame concatenation with empty or all-NA entries is deprecated. In a future version, this will no longer exclude empty or all-NA columns when determining the result dtypes. To retain the old behavior, exclude the relevant entries before the concat operation.","category":"FutureWarning","filename":"/opt/airflow/dags/api_etl/api_results_bronze_to_silver.py","lineno":129,"logger":"py.warnings"}
{"timestamp":"2026-02-11T14:40:52.479654Z","level":"info","event":"ADD: result_id=10000138 (new result from API)","logger":"task.stdout"}
{"timestamp":"2026-02-11T14:40:52.481636Z","level":"warning","event":"The behavior of DataFrame concatenation with empty or all-NA entries is deprecated. In a future version, this will no longer exclude empty or all-NA columns when determining the result dtypes. To retain the old behavior, exclude the relevant entries before the concat operation.","category":"FutureWarning","filename":"/opt/airflow/dags/api_etl/api_results_bronze_to_silver.py","lineno":129,"logger":"py.warnings"}
{"timestamp":"2026-02-11T14:40:52.482227Z","level":"info","event":"ADD: result_id=10000139 (new result from API)","logger":"task.stdout"}
{"timestamp":"2026-02-11T14:40:52.484061Z","level":"warning","event":"The behavior of DataFrame concatenation with empty or all-NA entries is deprecated. In a future version, this will no longer exclude empty or all-NA columns when determining the result dtypes. To retain the old behavior, exclude the relevant entries before the concat operation.","category":"FutureWarning","filename":"/opt/airflow/dags/api_etl/api_results_bronze_to_silver.py","lineno":129,"logger":"py.warnings"}
{"timestamp":"2026-02-11T14:40:52.484754Z","level":"info","event":"ADD: result_id=10000140 (new result from API)","logger":"task.stdout"}
{"timestamp":"2026-02-11T14:40:52.486756Z","level":"warning","event":"The behavior of DataFrame concatenation with empty or all-NA entries is deprecated. In a future version, this will no longer exclude empty or all-NA columns when determining the result dtypes. To retain the old behavior, exclude the relevant entries before the concat operation.","category":"FutureWarning","filename":"/opt/airflow/dags/api_etl/api_results_bronze_to_silver.py","lineno":129,"logger":"py.warnings"}
{"timestamp":"2026-02-11T14:40:52.487993Z","level":"info","event":"ADD: result_id=10000141 (new result from API)","logger":"task.stdout"}
{"timestamp":"2026-02-11T14:40:52.491993Z","level":"warning","event":"The behavior of DataFrame concatenation with empty or all-NA entries is deprecated. In a future version, this will no longer exclude empty or all-NA columns when determining the result dtypes. To retain the old behavior, exclude the relevant entries before the concat operation.","category":"FutureWarning","filename":"/opt/airflow/dags/api_etl/api_results_bronze_to_silver.py","lineno":129,"logger":"py.warnings"}
{"timestamp":"2026-02-11T14:40:52.493116Z","level":"info","event":"ADD: result_id=10000142 (new result from API)","logger":"task.stdout"}
{"timestamp":"2026-02-11T14:40:52.496966Z","level":"warning","event":"The behavior of DataFrame concatenation with empty or all-NA entries is deprecated. In a future version, this will no longer exclude empty or all-NA columns when determining the result dtypes. To retain the old behavior, exclude the relevant entries before the concat operation.","category":"FutureWarning","filename":"/opt/airflow/dags/api_etl/api_results_bronze_to_silver.py","lineno":129,"logger":"py.warnings"}
{"timestamp":"2026-02-11T14:40:52.497746Z","level":"info","event":"ADD: result_id=10000143 (new result from API)","logger":"task.stdout"}
{"timestamp":"2026-02-11T14:40:52.500002Z","level":"warning","event":"The behavior of DataFrame concatenation with empty or all-NA entries is deprecated. In a future version, this will no longer exclude empty or all-NA columns when determining the result dtypes. To retain the old behavior, exclude the relevant entries before the concat operation.","category":"FutureWarning","filename":"/opt/airflow/dags/api_etl/api_results_bronze_to_silver.py","lineno":129,"logger":"py.warnings"}
{"timestamp":"2026-02-11T14:40:52.500765Z","level":"info","event":"ADD: result_id=10000144 (new result from API)","logger":"task.stdout"}
{"timestamp":"2026-02-11T14:40:52.502576Z","level":"warning","event":"The behavior of DataFrame concatenation with empty or all-NA entries is deprecated. In a future version, this will no longer exclude empty or all-NA columns when determining the result dtypes. To retain the old behavior, exclude the relevant entries before the concat operation.","category":"FutureWarning","filename":"/opt/airflow/dags/api_etl/api_results_bronze_to_silver.py","lineno":129,"logger":"py.warnings"}
{"timestamp":"2026-02-11T14:40:52.503095Z","level":"info","event":"ADD: result_id=10000145 (new result from API)","logger":"task.stdout"}
{"timestamp":"2026-02-11T14:40:52.504514Z","level":"warning","event":"The behavior of DataFrame concatenation with empty or all-NA entries is deprecated. In a future version, this will no longer exclude empty or all-NA columns when determining the result dtypes. To retain the old behavior, exclude the relevant entries before the concat operation.","category":"FutureWarning","filename":"/opt/airflow/dags/api_etl/api_results_bronze_to_silver.py","lineno":129,"logger":"py.warnings"}
{"timestamp":"2026-02-11T14:40:52.505036Z","level":"info","event":"ADD: result_id=10000146 (new result from API)","logger":"task.stdout"}
{"timestamp":"2026-02-11T14:40:52.506633Z","level":"warning","event":"The behavior of DataFrame concatenation with empty or all-NA entries is deprecated. In a future version, this will no longer exclude empty or all-NA columns when determining the result dtypes. To retain the old behavior, exclude the relevant entries before the concat operation.","category":"FutureWarning","filename":"/opt/airflow/dags/api_etl/api_results_bronze_to_silver.py","lineno":129,"logger":"py.warnings"}
{"timestamp":"2026-02-11T14:40:52.507571Z","level":"info","event":"ADD: result_id=10000147 (new result from API)","logger":"task.stdout"}
{"timestamp":"2026-02-11T14:40:52.509299Z","level":"warning","event":"The behavior of DataFrame concatenation with empty or all-NA entries is deprecated. In a future version, this will no longer exclude empty or all-NA columns when determining the result dtypes. To retain the old behavior, exclude the relevant entries before the concat operation.","category":"FutureWarning","filename":"/opt/airflow/dags/api_etl/api_results_bronze_to_silver.py","lineno":129,"logger":"py.warnings"}
{"timestamp":"2026-02-11T14:40:52.510004Z","level":"info","event":"ADD: result_id=10000148 (new result from API)","logger":"task.stdout"}
{"timestamp":"2026-02-11T14:40:52.511619Z","level":"warning","event":"The behavior of DataFrame concatenation with empty or all-NA entries is deprecated. In a future version, this will no longer exclude empty or all-NA columns when determining the result dtypes. To retain the old behavior, exclude the relevant entries before the concat operation.","category":"FutureWarning","filename":"/opt/airflow/dags/api_etl/api_results_bronze_to_silver.py","lineno":129,"logger":"py.warnings"}
{"timestamp":"2026-02-11T14:40:52.512256Z","level":"info","event":"ADD: result_id=10000149 (new result from API)","logger":"task.stdout"}
{"timestamp":"2026-02-11T14:40:52.513950Z","level":"warning","event":"The behavior of DataFrame concatenation with empty or all-NA entries is deprecated. In a future version, this will no longer exclude empty or all-NA columns when determining the result dtypes. To retain the old behavior, exclude the relevant entries before the concat operation.","category":"FutureWarning","filename":"/opt/airflow/dags/api_etl/api_results_bronze_to_silver.py","lineno":129,"logger":"py.warnings"}
{"timestamp":"2026-02-11T14:40:52.514484Z","level":"info","event":"ADD: result_id=10000150 (new result from API)","logger":"task.stdout"}
{"timestamp":"2026-02-11T14:40:52.515913Z","level":"warning","event":"The behavior of DataFrame concatenation with empty or all-NA entries is deprecated. In a future version, this will no longer exclude empty or all-NA columns when determining the result dtypes. To retain the old behavior, exclude the relevant entries before the concat operation.","category":"FutureWarning","filename":"/opt/airflow/dags/api_etl/api_results_bronze_to_silver.py","lineno":129,"logger":"py.warnings"}
{"timestamp":"2026-02-11T14:40:52.516409Z","level":"info","event":"ADD: result_id=10000151 (new result from API)","logger":"task.stdout"}
{"timestamp":"2026-02-11T14:40:52.517860Z","level":"warning","event":"The behavior of DataFrame concatenation with empty or all-NA entries is deprecated. In a future version, this will no longer exclude empty or all-NA columns when determining the result dtypes. To retain the old behavior, exclude the relevant entries before the concat operation.","category":"FutureWarning","filename":"/opt/airflow/dags/api_etl/api_results_bronze_to_silver.py","lineno":129,"logger":"py.warnings"}
{"timestamp":"2026-02-11T14:40:52.518357Z","level":"info","event":"ADD: result_id=10000152 (new result from API)","logger":"task.stdout"}
{"timestamp":"2026-02-11T14:40:52.519809Z","level":"warning","event":"The behavior of DataFrame concatenation with empty or all-NA entries is deprecated. In a future version, this will no longer exclude empty or all-NA columns when determining the result dtypes. To retain the old behavior, exclude the relevant entries before the concat operation.","category":"FutureWarning","filename":"/opt/airflow/dags/api_etl/api_results_bronze_to_silver.py","lineno":129,"logger":"py.warnings"}
{"timestamp":"2026-02-11T14:40:52.520314Z","level":"info","event":"ADD: result_id=10000153 (new result from API)","logger":"task.stdout"}
{"timestamp":"2026-02-11T14:40:52.521843Z","level":"warning","event":"The behavior of DataFrame concatenation with empty or all-NA entries is deprecated. In a future version, this will no longer exclude empty or all-NA columns when determining the result dtypes. To retain the old behavior, exclude the relevant entries before the concat operation.","category":"FutureWarning","filename":"/opt/airflow/dags/api_etl/api_results_bronze_to_silver.py","lineno":129,"logger":"py.warnings"}
{"timestamp":"2026-02-11T14:40:52.522412Z","level":"info","event":"ADD: result_id=10000154 (new result from API)","logger":"task.stdout"}
{"timestamp":"2026-02-11T14:40:52.524772Z","level":"warning","event":"The behavior of DataFrame concatenation with empty or all-NA entries is deprecated. In a future version, this will no longer exclude empty or all-NA columns when determining the result dtypes. To retain the old behavior, exclude the relevant entries before the concat operation.","category":"FutureWarning","filename":"/opt/airflow/dags/api_etl/api_results_bronze_to_silver.py","lineno":129,"logger":"py.warnings"}
{"timestamp":"2026-02-11T14:40:52.525461Z","level":"info","event":"ADD: result_id=10000155 (new result from API)","logger":"task.stdout"}
{"timestamp":"2026-02-11T14:40:52.527050Z","level":"warning","event":"The behavior of DataFrame concatenation with empty or all-NA entries is deprecated. In a future version, this will no longer exclude empty or all-NA columns when determining the result dtypes. To retain the old behavior, exclude the relevant entries before the concat operation.","category":"FutureWarning","filename":"/opt/airflow/dags/api_etl/api_results_bronze_to_silver.py","lineno":129,"logger":"py.warnings"}
{"timestamp":"2026-02-11T14:40:52.527603Z","level":"info","event":"ADD: result_id=10000156 (new result from API)","logger":"task.stdout"}
{"timestamp":"2026-02-11T14:40:52.529143Z","level":"warning","event":"The behavior of DataFrame concatenation with empty or all-NA entries is deprecated. In a future version, this will no longer exclude empty or all-NA columns when determining the result dtypes. To retain the old behavior, exclude the relevant entries before the concat operation.","category":"FutureWarning","filename":"/opt/airflow/dags/api_etl/api_results_bronze_to_silver.py","lineno":129,"logger":"py.warnings"}
{"timestamp":"2026-02-11T14:40:52.529818Z","level":"info","event":"ADD: result_id=10000157 (new result from API)","logger":"task.stdout"}
{"timestamp":"2026-02-11T14:40:52.531352Z","level":"warning","event":"The behavior of DataFrame concatenation with empty or all-NA entries is deprecated. In a future version, this will no longer exclude empty or all-NA columns when determining the result dtypes. To retain the old behavior, exclude the relevant entries before the concat operation.","category":"FutureWarning","filename":"/opt/airflow/dags/api_etl/api_results_bronze_to_silver.py","lineno":129,"logger":"py.warnings"}
{"timestamp":"2026-02-11T14:40:52.531865Z","level":"info","event":"ADD: result_id=10000158 (new result from API)","logger":"task.stdout"}
{"timestamp":"2026-02-11T14:40:52.533286Z","level":"warning","event":"The behavior of DataFrame concatenation with empty or all-NA entries is deprecated. In a future version, this will no longer exclude empty or all-NA columns when determining the result dtypes. To retain the old behavior, exclude the relevant entries before the concat operation.","category":"FutureWarning","filename":"/opt/airflow/dags/api_etl/api_results_bronze_to_silver.py","lineno":129,"logger":"py.warnings"}
{"timestamp":"2026-02-11T14:40:52.533808Z","level":"info","event":"ADD: result_id=10000159 (new result from API)","logger":"task.stdout"}
{"timestamp":"2026-02-11T14:40:52.535263Z","level":"warning","event":"The behavior of DataFrame concatenation with empty or all-NA entries is deprecated. In a future version, this will no longer exclude empty or all-NA columns when determining the result dtypes. To retain the old behavior, exclude the relevant entries before the concat operation.","category":"FutureWarning","filename":"/opt/airflow/dags/api_etl/api_results_bronze_to_silver.py","lineno":129,"logger":"py.warnings"}
{"timestamp":"2026-02-11T14:40:52.535789Z","level":"info","event":"ADD: result_id=10000160 (new result from API)","logger":"task.stdout"}
{"timestamp":"2026-02-11T14:40:52.537296Z","level":"warning","event":"The behavior of DataFrame concatenation with empty or all-NA entries is deprecated. In a future version, this will no longer exclude empty or all-NA columns when determining the result dtypes. To retain the old behavior, exclude the relevant entries before the concat operation.","category":"FutureWarning","filename":"/opt/airflow/dags/api_etl/api_results_bronze_to_silver.py","lineno":129,"logger":"py.warnings"}
{"timestamp":"2026-02-11T14:40:52.537843Z","level":"info","event":"ADD: result_id=10000161 (new result from API)","logger":"task.stdout"}
{"timestamp":"2026-02-11T14:40:52.539956Z","level":"warning","event":"The behavior of DataFrame concatenation with empty or all-NA entries is deprecated. In a future version, this will no longer exclude empty or all-NA columns when determining the result dtypes. To retain the old behavior, exclude the relevant entries before the concat operation.","category":"FutureWarning","filename":"/opt/airflow/dags/api_etl/api_results_bronze_to_silver.py","lineno":129,"logger":"py.warnings"}
{"timestamp":"2026-02-11T14:40:52.541498Z","level":"info","event":"ADD: result_id=10000162 (new result from API)","logger":"task.stdout"}
{"timestamp":"2026-02-11T14:40:52.544448Z","level":"warning","event":"The behavior of DataFrame concatenation with empty or all-NA entries is deprecated. In a future version, this will no longer exclude empty or all-NA columns when determining the result dtypes. To retain the old behavior, exclude the relevant entries before the concat operation.","category":"FutureWarning","filename":"/opt/airflow/dags/api_etl/api_results_bronze_to_silver.py","lineno":129,"logger":"py.warnings"}
{"timestamp":"2026-02-11T14:40:52.545904Z","level":"info","event":"ADD: result_id=10000163 (new result from API)","logger":"task.stdout"}
{"timestamp":"2026-02-11T14:40:52.550327Z","level":"warning","event":"The behavior of DataFrame concatenation with empty or all-NA entries is deprecated. In a future version, this will no longer exclude empty or all-NA columns when determining the result dtypes. To retain the old behavior, exclude the relevant entries before the concat operation.","category":"FutureWarning","filename":"/opt/airflow/dags/api_etl/api_results_bronze_to_silver.py","lineno":129,"logger":"py.warnings"}
{"timestamp":"2026-02-11T14:40:52.551619Z","level":"info","event":"ADD: result_id=10000164 (new result from API)","logger":"task.stdout"}
{"timestamp":"2026-02-11T14:40:52.555239Z","level":"warning","event":"The behavior of DataFrame concatenation with empty or all-NA entries is deprecated. In a future version, this will no longer exclude empty or all-NA columns when determining the result dtypes. To retain the old behavior, exclude the relevant entries before the concat operation.","category":"FutureWarning","filename":"/opt/airflow/dags/api_etl/api_results_bronze_to_silver.py","lineno":129,"logger":"py.warnings"}
{"timestamp":"2026-02-11T14:40:52.557536Z","level":"info","event":"ADD: result_id=10000165 (new result from API)","logger":"task.stdout"}
{"timestamp":"2026-02-11T14:40:52.557854Z","level":"warning","event":"The behavior of DataFrame concatenation with empty or all-NA entries is deprecated. In a future version, this will no longer exclude empty or all-NA columns when determining the result dtypes. To retain the old behavior, exclude the relevant entries before the concat operation.","category":"FutureWarning","filename":"/opt/airflow/dags/api_etl/api_results_bronze_to_silver.py","lineno":129,"logger":"py.warnings"}
{"timestamp":"2026-02-11T14:40:52.559875Z","level":"info","event":"ADD: result_id=10000166 (new result from API)","logger":"task.stdout"}
{"timestamp":"2026-02-11T14:40:52.561393Z","level":"warning","event":"The behavior of DataFrame concatenation with empty or all-NA entries is deprecated. In a future version, this will no longer exclude empty or all-NA columns when determining the result dtypes. To retain the old behavior, exclude the relevant entries before the concat operation.","category":"FutureWarning","filename":"/opt/airflow/dags/api_etl/api_results_bronze_to_silver.py","lineno":129,"logger":"py.warnings"}
{"timestamp":"2026-02-11T14:40:52.563379Z","level":"info","event":"ADD: result_id=10000167 (new result from API)","logger":"task.stdout"}
{"timestamp":"2026-02-11T14:40:52.563985Z","level":"warning","event":"The behavior of DataFrame concatenation with empty or all-NA entries is deprecated. In a future version, this will no longer exclude empty or all-NA columns when determining the result dtypes. To retain the old behavior, exclude the relevant entries before the concat operation.","category":"FutureWarning","filename":"/opt/airflow/dags/api_etl/api_results_bronze_to_silver.py","lineno":129,"logger":"py.warnings"}
{"timestamp":"2026-02-11T14:40:52.564654Z","level":"info","event":"ADD: result_id=10000168 (new result from API)","logger":"task.stdout"}
{"timestamp":"2026-02-11T14:40:52.567463Z","level":"warning","event":"The behavior of DataFrame concatenation with empty or all-NA entries is deprecated. In a future version, this will no longer exclude empty or all-NA columns when determining the result dtypes. To retain the old behavior, exclude the relevant entries before the concat operation.","category":"FutureWarning","filename":"/opt/airflow/dags/api_etl/api_results_bronze_to_silver.py","lineno":129,"logger":"py.warnings"}
{"timestamp":"2026-02-11T14:40:52.568674Z","level":"info","event":"ADD: result_id=10000169 (new result from API)","logger":"task.stdout"}
{"timestamp":"2026-02-11T14:40:52.570263Z","level":"warning","event":"The behavior of DataFrame concatenation with empty or all-NA entries is deprecated. In a future version, this will no longer exclude empty or all-NA columns when determining the result dtypes. To retain the old behavior, exclude the relevant entries before the concat operation.","category":"FutureWarning","filename":"/opt/airflow/dags/api_etl/api_results_bronze_to_silver.py","lineno":129,"logger":"py.warnings"}
{"timestamp":"2026-02-11T14:40:52.570904Z","level":"info","event":"ADD: result_id=10000170 (new result from API)","logger":"task.stdout"}
{"timestamp":"2026-02-11T14:40:52.572542Z","level":"warning","event":"The behavior of DataFrame concatenation with empty or all-NA entries is deprecated. In a future version, this will no longer exclude empty or all-NA columns when determining the result dtypes. To retain the old behavior, exclude the relevant entries before the concat operation.","category":"FutureWarning","filename":"/opt/airflow/dags/api_etl/api_results_bronze_to_silver.py","lineno":129,"logger":"py.warnings"}
{"timestamp":"2026-02-11T14:40:52.573250Z","level":"info","event":"ADD: result_id=10000171 (new result from API)","logger":"task.stdout"}
{"timestamp":"2026-02-11T14:40:52.575052Z","level":"warning","event":"The behavior of DataFrame concatenation with empty or all-NA entries is deprecated. In a future version, this will no longer exclude empty or all-NA columns when determining the result dtypes. To retain the old behavior, exclude the relevant entries before the concat operation.","category":"FutureWarning","filename":"/opt/airflow/dags/api_etl/api_results_bronze_to_silver.py","lineno":129,"logger":"py.warnings"}
{"timestamp":"2026-02-11T14:40:52.575712Z","level":"info","event":"ADD: result_id=10000172 (new result from API)","logger":"task.stdout"}
{"timestamp":"2026-02-11T14:40:52.577479Z","level":"warning","event":"The behavior of DataFrame concatenation with empty or all-NA entries is deprecated. In a future version, this will no longer exclude empty or all-NA columns when determining the result dtypes. To retain the old behavior, exclude the relevant entries before the concat operation.","category":"FutureWarning","filename":"/opt/airflow/dags/api_etl/api_results_bronze_to_silver.py","lineno":129,"logger":"py.warnings"}
{"timestamp":"2026-02-11T14:40:52.578727Z","level":"info","event":"ADD: result_id=10000173 (new result from API)","logger":"task.stdout"}
{"timestamp":"2026-02-11T14:40:52.579730Z","level":"warning","event":"The behavior of DataFrame concatenation with empty or all-NA entries is deprecated. In a future version, this will no longer exclude empty or all-NA columns when determining the result dtypes. To retain the old behavior, exclude the relevant entries before the concat operation.","category":"FutureWarning","filename":"/opt/airflow/dags/api_etl/api_results_bronze_to_silver.py","lineno":129,"logger":"py.warnings"}
{"timestamp":"2026-02-11T14:40:52.580936Z","level":"info","event":"ADD: result_id=10000174 (new result from API)","logger":"task.stdout"}
{"timestamp":"2026-02-11T14:40:52.582036Z","level":"warning","event":"The behavior of DataFrame concatenation with empty or all-NA entries is deprecated. In a future version, this will no longer exclude empty or all-NA columns when determining the result dtypes. To retain the old behavior, exclude the relevant entries before the concat operation.","category":"FutureWarning","filename":"/opt/airflow/dags/api_etl/api_results_bronze_to_silver.py","lineno":129,"logger":"py.warnings"}
{"timestamp":"2026-02-11T14:40:52.582869Z","level":"info","event":"ADD: result_id=10000175 (new result from API)","logger":"task.stdout"}
{"timestamp":"2026-02-11T14:40:52.584275Z","level":"warning","event":"The behavior of DataFrame concatenation with empty or all-NA entries is deprecated. In a future version, this will no longer exclude empty or all-NA columns when determining the result dtypes. To retain the old behavior, exclude the relevant entries before the concat operation.","category":"FutureWarning","filename":"/opt/airflow/dags/api_etl/api_results_bronze_to_silver.py","lineno":129,"logger":"py.warnings"}
{"timestamp":"2026-02-11T14:40:52.585316Z","level":"info","event":"ADD: result_id=10000176 (new result from API)","logger":"task.stdout"}
{"timestamp":"2026-02-11T14:40:52.586466Z","level":"warning","event":"The behavior of DataFrame concatenation with empty or all-NA entries is deprecated. In a future version, this will no longer exclude empty or all-NA columns when determining the result dtypes. To retain the old behavior, exclude the relevant entries before the concat operation.","category":"FutureWarning","filename":"/opt/airflow/dags/api_etl/api_results_bronze_to_silver.py","lineno":129,"logger":"py.warnings"}
{"timestamp":"2026-02-11T14:40:52.587172Z","level":"info","event":"ADD: result_id=10000177 (new result from API)","logger":"task.stdout"}
{"timestamp":"2026-02-11T14:40:52.589105Z","level":"warning","event":"The behavior of DataFrame concatenation with empty or all-NA entries is deprecated. In a future version, this will no longer exclude empty or all-NA columns when determining the result dtypes. To retain the old behavior, exclude the relevant entries before the concat operation.","category":"FutureWarning","filename":"/opt/airflow/dags/api_etl/api_results_bronze_to_silver.py","lineno":129,"logger":"py.warnings"}
{"timestamp":"2026-02-11T14:40:52.591160Z","level":"info","event":"ADD: result_id=10000178 (new result from API)","logger":"task.stdout"}
{"timestamp":"2026-02-11T14:40:52.591674Z","level":"warning","event":"The behavior of DataFrame concatenation with empty or all-NA entries is deprecated. In a future version, this will no longer exclude empty or all-NA columns when determining the result dtypes. To retain the old behavior, exclude the relevant entries before the concat operation.","category":"FutureWarning","filename":"/opt/airflow/dags/api_etl/api_results_bronze_to_silver.py","lineno":129,"logger":"py.warnings"}
{"timestamp":"2026-02-11T14:40:52.592514Z","level":"info","event":"ADD: result_id=10000179 (new result from API)","logger":"task.stdout"}
{"timestamp":"2026-02-11T14:40:52.595943Z","level":"warning","event":"The behavior of DataFrame concatenation with empty or all-NA entries is deprecated. In a future version, this will no longer exclude empty or all-NA columns when determining the result dtypes. To retain the old behavior, exclude the relevant entries before the concat operation.","category":"FutureWarning","filename":"/opt/airflow/dags/api_etl/api_results_bronze_to_silver.py","lineno":129,"logger":"py.warnings"}
{"timestamp":"2026-02-11T14:40:52.597129Z","level":"info","event":"ADD: result_id=10000180 (new result from API)","logger":"task.stdout"}
{"timestamp":"2026-02-11T14:40:52.600490Z","level":"warning","event":"The behavior of DataFrame concatenation with empty or all-NA entries is deprecated. In a future version, this will no longer exclude empty or all-NA columns when determining the result dtypes. To retain the old behavior, exclude the relevant entries before the concat operation.","category":"FutureWarning","filename":"/opt/airflow/dags/api_etl/api_results_bronze_to_silver.py","lineno":129,"logger":"py.warnings"}
{"timestamp":"2026-02-11T14:40:52.601313Z","level":"info","event":"ADD: result_id=10000181 (new result from API)","logger":"task.stdout"}
{"timestamp":"2026-02-11T14:40:52.603702Z","level":"warning","event":"The behavior of DataFrame concatenation with empty or all-NA entries is deprecated. In a future version, this will no longer exclude empty or all-NA columns when determining the result dtypes. To retain the old behavior, exclude the relevant entries before the concat operation.","category":"FutureWarning","filename":"/opt/airflow/dags/api_etl/api_results_bronze_to_silver.py","lineno":129,"logger":"py.warnings"}
{"timestamp":"2026-02-11T14:40:52.604366Z","level":"info","event":"ADD: result_id=10000182 (new result from API)","logger":"task.stdout"}
{"timestamp":"2026-02-11T14:40:52.605979Z","level":"warning","event":"The behavior of DataFrame concatenation with empty or all-NA entries is deprecated. In a future version, this will no longer exclude empty or all-NA columns when determining the result dtypes. To retain the old behavior, exclude the relevant entries before the concat operation.","category":"FutureWarning","filename":"/opt/airflow/dags/api_etl/api_results_bronze_to_silver.py","lineno":129,"logger":"py.warnings"}
{"timestamp":"2026-02-11T14:40:52.607857Z","level":"info","event":"ADD: result_id=10000183 (new result from API)","logger":"task.stdout"}
{"timestamp":"2026-02-11T14:40:52.608465Z","level":"warning","event":"The behavior of DataFrame concatenation with empty or all-NA entries is deprecated. In a future version, this will no longer exclude empty or all-NA columns when determining the result dtypes. To retain the old behavior, exclude the relevant entries before the concat operation.","category":"FutureWarning","filename":"/opt/airflow/dags/api_etl/api_results_bronze_to_silver.py","lineno":129,"logger":"py.warnings"}
{"timestamp":"2026-02-11T14:40:52.610228Z","level":"info","event":"ADD: result_id=10000184 (new result from API)","logger":"task.stdout"}
{"timestamp":"2026-02-11T14:40:52.611716Z","level":"warning","event":"The behavior of DataFrame concatenation with empty or all-NA entries is deprecated. In a future version, this will no longer exclude empty or all-NA columns when determining the result dtypes. To retain the old behavior, exclude the relevant entries before the concat operation.","category":"FutureWarning","filename":"/opt/airflow/dags/api_etl/api_results_bronze_to_silver.py","lineno":129,"logger":"py.warnings"}
{"timestamp":"2026-02-11T14:40:52.613615Z","level":"info","event":"ADD: result_id=10000185 (new result from API)","logger":"task.stdout"}
{"timestamp":"2026-02-11T14:40:52.614527Z","level":"warning","event":"The behavior of DataFrame concatenation with empty or all-NA entries is deprecated. In a future version, this will no longer exclude empty or all-NA columns when determining the result dtypes. To retain the old behavior, exclude the relevant entries before the concat operation.","category":"FutureWarning","filename":"/opt/airflow/dags/api_etl/api_results_bronze_to_silver.py","lineno":129,"logger":"py.warnings"}
{"timestamp":"2026-02-11T14:40:52.615201Z","level":"info","event":"ADD: result_id=10000186 (new result from API)","logger":"task.stdout"}
{"timestamp":"2026-02-11T14:40:52.616861Z","level":"warning","event":"The behavior of DataFrame concatenation with empty or all-NA entries is deprecated. In a future version, this will no longer exclude empty or all-NA columns when determining the result dtypes. To retain the old behavior, exclude the relevant entries before the concat operation.","category":"FutureWarning","filename":"/opt/airflow/dags/api_etl/api_results_bronze_to_silver.py","lineno":129,"logger":"py.warnings"}
{"timestamp":"2026-02-11T14:40:52.617482Z","level":"info","event":"ADD: result_id=10000187 (new result from API)","logger":"task.stdout"}
{"timestamp":"2026-02-11T14:40:52.619109Z","level":"warning","event":"The behavior of DataFrame concatenation with empty or all-NA entries is deprecated. In a future version, this will no longer exclude empty or all-NA columns when determining the result dtypes. To retain the old behavior, exclude the relevant entries before the concat operation.","category":"FutureWarning","filename":"/opt/airflow/dags/api_etl/api_results_bronze_to_silver.py","lineno":129,"logger":"py.warnings"}
{"timestamp":"2026-02-11T14:40:52.619731Z","level":"info","event":"ADD: result_id=10000188 (new result from API)","logger":"task.stdout"}
{"timestamp":"2026-02-11T14:40:52.621259Z","level":"warning","event":"The behavior of DataFrame concatenation with empty or all-NA entries is deprecated. In a future version, this will no longer exclude empty or all-NA columns when determining the result dtypes. To retain the old behavior, exclude the relevant entries before the concat operation.","category":"FutureWarning","filename":"/opt/airflow/dags/api_etl/api_results_bronze_to_silver.py","lineno":129,"logger":"py.warnings"}
{"timestamp":"2026-02-11T14:40:52.622207Z","level":"info","event":"ADD: result_id=10000189 (new result from API)","logger":"task.stdout"}
{"timestamp":"2026-02-11T14:40:52.623665Z","level":"warning","event":"The behavior of DataFrame concatenation with empty or all-NA entries is deprecated. In a future version, this will no longer exclude empty or all-NA columns when determining the result dtypes. To retain the old behavior, exclude the relevant entries before the concat operation.","category":"FutureWarning","filename":"/opt/airflow/dags/api_etl/api_results_bronze_to_silver.py","lineno":129,"logger":"py.warnings"}
{"timestamp":"2026-02-11T14:40:52.624309Z","level":"info","event":"ADD: result_id=10000190 (new result from API)","logger":"task.stdout"}
{"timestamp":"2026-02-11T14:40:52.625919Z","level":"warning","event":"The behavior of DataFrame concatenation with empty or all-NA entries is deprecated. In a future version, this will no longer exclude empty or all-NA columns when determining the result dtypes. To retain the old behavior, exclude the relevant entries before the concat operation.","category":"FutureWarning","filename":"/opt/airflow/dags/api_etl/api_results_bronze_to_silver.py","lineno":129,"logger":"py.warnings"}
{"timestamp":"2026-02-11T14:40:52.626669Z","level":"info","event":"ADD: result_id=10000191 (new result from API)","logger":"task.stdout"}
{"timestamp":"2026-02-11T14:40:52.629278Z","level":"warning","event":"The behavior of DataFrame concatenation with empty or all-NA entries is deprecated. In a future version, this will no longer exclude empty or all-NA columns when determining the result dtypes. To retain the old behavior, exclude the relevant entries before the concat operation.","category":"FutureWarning","filename":"/opt/airflow/dags/api_etl/api_results_bronze_to_silver.py","lineno":129,"logger":"py.warnings"}
{"timestamp":"2026-02-11T14:40:52.630098Z","level":"info","event":"ADD: result_id=10000192 (new result from API)","logger":"task.stdout"}
{"timestamp":"2026-02-11T14:40:52.631896Z","level":"warning","event":"The behavior of DataFrame concatenation with empty or all-NA entries is deprecated. In a future version, this will no longer exclude empty or all-NA columns when determining the result dtypes. To retain the old behavior, exclude the relevant entries before the concat operation.","category":"FutureWarning","filename":"/opt/airflow/dags/api_etl/api_results_bronze_to_silver.py","lineno":129,"logger":"py.warnings"}
{"timestamp":"2026-02-11T14:40:52.632727Z","level":"info","event":"ADD: result_id=10000193 (new result from API)","logger":"task.stdout"}
{"timestamp":"2026-02-11T14:40:52.634394Z","level":"warning","event":"The behavior of DataFrame concatenation with empty or all-NA entries is deprecated. In a future version, this will no longer exclude empty or all-NA columns when determining the result dtypes. To retain the old behavior, exclude the relevant entries before the concat operation.","category":"FutureWarning","filename":"/opt/airflow/dags/api_etl/api_results_bronze_to_silver.py","lineno":129,"logger":"py.warnings"}
{"timestamp":"2026-02-11T14:40:52.635286Z","level":"info","event":"ADD: result_id=10000194 (new result from API)","logger":"task.stdout"}
{"timestamp":"2026-02-11T14:40:52.636963Z","level":"warning","event":"The behavior of DataFrame concatenation with empty or all-NA entries is deprecated. In a future version, this will no longer exclude empty or all-NA columns when determining the result dtypes. To retain the old behavior, exclude the relevant entries before the concat operation.","category":"FutureWarning","filename":"/opt/airflow/dags/api_etl/api_results_bronze_to_silver.py","lineno":129,"logger":"py.warnings"}
{"timestamp":"2026-02-11T14:40:52.637655Z","level":"info","event":"ADD: result_id=10000195 (new result from API)","logger":"task.stdout"}
{"timestamp":"2026-02-11T14:40:52.639451Z","level":"warning","event":"The behavior of DataFrame concatenation with empty or all-NA entries is deprecated. In a future version, this will no longer exclude empty or all-NA columns when determining the result dtypes. To retain the old behavior, exclude the relevant entries before the concat operation.","category":"FutureWarning","filename":"/opt/airflow/dags/api_etl/api_results_bronze_to_silver.py","lineno":129,"logger":"py.warnings"}
{"timestamp":"2026-02-11T14:40:52.640163Z","level":"info","event":"ADD: result_id=10000196 (new result from API)","logger":"task.stdout"}
{"timestamp":"2026-02-11T14:40:52.642037Z","level":"warning","event":"The behavior of DataFrame concatenation with empty or all-NA entries is deprecated. In a future version, this will no longer exclude empty or all-NA columns when determining the result dtypes. To retain the old behavior, exclude the relevant entries before the concat operation.","category":"FutureWarning","filename":"/opt/airflow/dags/api_etl/api_results_bronze_to_silver.py","lineno":129,"logger":"py.warnings"}
{"timestamp":"2026-02-11T14:40:52.643066Z","level":"info","event":"ADD: result_id=10000197 (new result from API)","logger":"task.stdout"}
{"timestamp":"2026-02-11T14:40:52.644465Z","level":"warning","event":"The behavior of DataFrame concatenation with empty or all-NA entries is deprecated. In a future version, this will no longer exclude empty or all-NA columns when determining the result dtypes. To retain the old behavior, exclude the relevant entries before the concat operation.","category":"FutureWarning","filename":"/opt/airflow/dags/api_etl/api_results_bronze_to_silver.py","lineno":129,"logger":"py.warnings"}
{"timestamp":"2026-02-11T14:40:52.646772Z","level":"info","event":"ADD: result_id=10000198 (new result from API)","logger":"task.stdout"}
{"timestamp":"2026-02-11T14:40:52.648071Z","level":"warning","event":"The behavior of DataFrame concatenation with empty or all-NA entries is deprecated. In a future version, this will no longer exclude empty or all-NA columns when determining the result dtypes. To retain the old behavior, exclude the relevant entries before the concat operation.","category":"FutureWarning","filename":"/opt/airflow/dags/api_etl/api_results_bronze_to_silver.py","lineno":129,"logger":"py.warnings"}
{"timestamp":"2026-02-11T14:40:52.649812Z","level":"info","event":"ADD: result_id=10000199 (new result from API)","logger":"task.stdout"}
{"timestamp":"2026-02-11T14:40:52.650549Z","level":"warning","event":"The behavior of DataFrame concatenation with empty or all-NA entries is deprecated. In a future version, this will no longer exclude empty or all-NA columns when determining the result dtypes. To retain the old behavior, exclude the relevant entries before the concat operation.","category":"FutureWarning","filename":"/opt/airflow/dags/api_etl/api_results_bronze_to_silver.py","lineno":129,"logger":"py.warnings"}
{"timestamp":"2026-02-11T14:40:52.651919Z","level":"info","event":"ADD: result_id=10000200 (new result from API)","logger":"task.stdout"}
{"timestamp":"2026-02-11T14:40:52.653021Z","level":"warning","event":"The behavior of DataFrame concatenation with empty or all-NA entries is deprecated. In a future version, this will no longer exclude empty or all-NA columns when determining the result dtypes. To retain the old behavior, exclude the relevant entries before the concat operation.","category":"FutureWarning","filename":"/opt/airflow/dags/api_etl/api_results_bronze_to_silver.py","lineno":129,"logger":"py.warnings"}
{"timestamp":"2026-02-11T14:40:52.654098Z","level":"info","event":"Merge complete: 260 total results","logger":"task.stdout"}
{"timestamp":"2026-02-11T14:40:52.654393Z","level":"info","event":"","logger":"task.stdout"}
{"timestamp":"2026-02-11T14:40:52.654682Z","level":"info","event":"[STEP 7] Writing to Silver layer (partitioned by year)...","logger":"task.stdout"}
{"timestamp":"2026-02-11T14:40:52.699356Z","level":"info","event":" Uploaded facts/fact_race_results/year=2024/data.parquet (130 rows)","logger":"task.stdout"}
{"timestamp":"2026-02-11T14:40:52.701512Z","level":"info","event":"  Year 2024: 130 results written","logger":"task.stdout"}
{"timestamp":"2026-02-11T14:40:52.717784Z","level":"info","event":" Uploaded facts/fact_race_results/year=2025/data.parquet (130 rows)","logger":"task.stdout"}
{"timestamp":"2026-02-11T14:40:52.718199Z","level":"info","event":"  Year 2025: 130 results written","logger":"task.stdout"}
{"timestamp":"2026-02-11T14:40:52.719179Z","level":"info","event":"Written to: s3://f1-silver/facts/fact_race_results/year=*/data.parquet","logger":"task.stdout"}
{"timestamp":"2026-02-11T14:40:52.719522Z","level":"info","event":"","logger":"task.stdout"}
{"timestamp":"2026-02-11T14:40:52.719746Z","level":"info","event":"======================================================================","logger":"task.stdout"}
{"timestamp":"2026-02-11T14:40:52.719956Z","level":"info","event":"BACKFILL SUMMARY","logger":"task.stdout"}
{"timestamp":"2026-02-11T14:40:52.720151Z","level":"info","event":"======================================================================","logger":"task.stdout"}
{"timestamp":"2026-02-11T14:40:52.720337Z","level":"info","event":"  Existing results in Silver: 160","logger":"task.stdout"}
{"timestamp":"2026-02-11T14:40:52.720534Z","level":"info","event":"  API results scraped: 200","logger":"task.stdout"}
{"timestamp":"2026-02-11T14:40:52.720714Z","level":"info","event":"  Final result count: 260","logger":"task.stdout"}
{"timestamp":"2026-02-11T14:40:52.720896Z","level":"info","event":"  New results added: 100","logger":"task.stdout"}
{"timestamp":"2026-02-11T14:40:52.721154Z","level":"info","event":"","logger":"task.stdout"}
{"timestamp":"2026-02-11T14:40:52.721391Z","level":"info","event":"  Final source breakdown:","logger":"task.stdout"}
{"timestamp":"2026-02-11T14:40:52.721594Z","level":"info","event":"    api            : 260","logger":"task.stdout"}
{"timestamp":"2026-02-11T14:40:52.721774Z","level":"info","event":"","logger":"task.stdout"}
{"timestamp":"2026-02-11T14:40:52.721953Z","level":"info","event":"  result_id ranges:","logger":"task.stdout"}
{"timestamp":"2026-02-11T14:40:52.722132Z","level":"info","event":"    api            : 10000001 - 10000450","logger":"task.stdout"}
{"timestamp":"2026-02-11T14:40:52.722310Z","level":"info","event":"======================================================================","logger":"task.stdout"}
{"timestamp":"2026-02-11T14:40:52.734943Z","level":"info","event":"Done. Returned value was: {'existing_count': 160, 'api_scraped': 200, 'final_count': 260, 'new_results_added': 100}","logger":"airflow.task.operators.airflow.providers.standard.operators.python.PythonOperator","filename":"python.py","lineno":216}
{"timestamp":"2026-02-11T14:40:52.735286Z","level":"info","event":"Pushing xcom","ti":"RuntimeTaskInstance(id=UUID('019c4d25-203a-7a71-96d6-c4190b5a7dbc'), task_id='backfill_fact_race_results', dag_id='api_results_bronze_to_silver', run_id='manual__2026-02-11T14:40:04.393166+00:00', try_number=1, dag_version_id=UUID('019c4cbe-e291-76f5-ae42-bd3f3666cd2c'), map_index=-1, hostname='d105c47e2bea', context_carrier={}, task=<Task(PythonOperator): backfill_fact_race_results>, bundle_instance=LocalDagBundle(name=dags-folder), max_tries=2, start_date=datetime.datetime(2026, 2, 11, 14, 40, 5, 524600, tzinfo=datetime.timezone.utc), end_date=None, state=<TaskInstanceState.RUNNING: 'running'>, is_mapped=False, rendered_map_index=None)","logger":"task","filename":"task_runner.py","lineno":1450}
