{"timestamp":"2026-02-16T11:27:05.466996Z","level":"info","event":"DAG bundles loaded: dags-folder","logger":"airflow.dag_processing.bundles.manager.DagBundlesManager","filename":"manager.py","lineno":179}
{"timestamp":"2026-02-16T11:27:05.475006Z","level":"info","event":"Filling up the DagBag from /opt/airflow/dags/weekly_streaming_pipeline.py","logger":"airflow.models.dagbag.DagBag","filename":"dagbag.py","lineno":593}
{"timestamp":"2026-02-16T11:27:09.258998Z","level":"info","event":"","logger":"task.stdout"}
{"timestamp":"2026-02-16T11:27:09.260994Z","level":"info","event":"[PRODUCER] Starting fact_constructor_standings production...","logger":"task.stdout"}
{"timestamp":"2026-02-16T11:27:09.264866Z","level":"info","event":"<BrokerConnection client_id=f1-streaming-pipeline, node_id=bootstrap-0 host=kafka:29092 <connecting> [IPv4 ('172.18.0.4', 29092)]>: connecting to kafka:29092 [('172.18.0.4', 29092) IPv4]","logger":"kafka.conn","filename":"conn.py","lineno":395}
{"timestamp":"2026-02-16T11:27:09.275579Z","level":"info","event":"<BrokerConnection client_id=f1-streaming-pipeline, node_id=bootstrap-0 host=kafka:29092 <checking_api_versions_recv> [IPv4 ('172.18.0.4', 29092)]>: Broker version identified as 2.6","logger":"kafka.conn","filename":"conn.py","lineno":615}
{"timestamp":"2026-02-16T11:27:09.278653Z","level":"info","event":"<BrokerConnection client_id=f1-streaming-pipeline, node_id=bootstrap-0 host=kafka:29092 <connected> [IPv4 ('172.18.0.4', 29092)]>: Connection complete.","logger":"kafka.conn","filename":"conn.py","lineno":456}
{"timestamp":"2026-02-16T11:27:09.293880Z","level":"info","event":"","logger":"task.stdout"}
{"timestamp":"2026-02-16T11:27:09.294545Z","level":"info","event":"======================================================================","logger":"task.stdout"}
{"timestamp":"2026-02-16T11:27:09.295316Z","level":"info","event":"PRODUCING CONSTRUCTOR STANDINGS FOR 2026 → Kafka Topic: fact-constructor-standings","logger":"task.stdout"}
{"timestamp":"2026-02-16T11:27:09.298783Z","level":"info","event":"======================================================================","logger":"task.stdout"}
{"timestamp":"2026-02-16T11:27:09.300157Z","level":"info","event":"","logger":"task.stdout"}
{"timestamp":"2026-02-16T11:27:09.301714Z","level":"info","event":"","logger":"task.stdout"}
{"timestamp":"2026-02-16T11:27:09.302771Z","level":"info","event":"======================================================================","logger":"task.stdout"}
{"timestamp":"2026-02-16T11:27:09.308156Z","level":"info","event":"SCRAPING CONSTRUCTOR STANDINGS FROM ERGAST API: 2026-2026","logger":"task.stdout"}
{"timestamp":"2026-02-16T11:27:09.311713Z","level":"info","event":"======================================================================","logger":"task.stdout"}
{"timestamp":"2026-02-16T11:27:09.313535Z","level":"info","event":"","logger":"task.stdout"}
{"timestamp":"2026-02-16T11:27:09.314694Z","level":"info","event":"Fetching constructor standings for 2026...","logger":"task.stdout"}
{"timestamp":"2026-02-16T11:27:32.097608Z","level":"info","event":"0 standings found for 2026","logger":"task.stdout"}
{"timestamp":"2026-02-16T11:27:32.104840Z","level":"info","event":"","logger":"task.stdout"}
{"timestamp":"2026-02-16T11:27:32.106160Z","level":"info","event":"======================================================================","logger":"task.stdout"}
{"timestamp":"2026-02-16T11:27:32.112201Z","level":"info","event":"SCRAPING COMPLETE","logger":"task.stdout"}
{"timestamp":"2026-02-16T11:27:32.113720Z","level":"info","event":"Total records: 0","logger":"task.stdout"}
{"timestamp":"2026-02-16T11:27:32.115623Z","level":"info","event":"Years covered: 2026-2026","logger":"task.stdout"}
{"timestamp":"2026-02-16T11:27:32.116611Z","level":"info","event":"======================================================================","logger":"task.stdout"}
{"timestamp":"2026-02-16T11:27:32.117283Z","level":"info","event":"","logger":"task.stdout"}
{"timestamp":"2026-02-16T11:27:32.118240Z","level":"info","event":"Transforming API data to Silver schema...","logger":"task.stdout"}
{"timestamp":"2026-02-16T11:27:32.118874Z","level":"info","event":"No data found - returning empty DataFrame with schema: ['cs_id', 'constructor_ref', 'race_year', 'race_round', 'cs_position', 'cs_points', 'cs_wins', 'year', 'source', 'created_at']","logger":"task.stdout"}
{"timestamp":"2026-02-16T11:27:32.120093Z","level":"info","event":"⚠️  No constructor standings found for 2026","logger":"task.stdout"}
{"timestamp":"2026-02-16T11:27:32.110238Z","level":"info","event":"<KafkaProducer client_id=f1-streaming-pipeline transactional_id=None>: Closing the Kafka producer with 9223372036.0 secs timeout.","logger":"kafka.producer.kafka","filename":"kafka.py","lineno":630}
{"timestamp":"2026-02-16T11:27:32.113503Z","level":"info","event":"<BrokerConnection client_id=f1-streaming-pipeline, node_id=bootstrap-0 host=kafka:29092 <connected> [IPv4 ('172.18.0.4', 29092)]>: Closing connection. ","logger":"kafka.conn","filename":"conn.py","lineno":936}
{"timestamp":"2026-02-16T11:27:32.162698Z","level":"info","event":"[PRODUCER] Completed: {'sent': 0, 'failed': 0}","logger":"task.stdout"}
{"timestamp":"2026-02-16T11:27:32.170605Z","level":"info","event":"Done. Returned value was: {'sent': 0, 'failed': 0}","logger":"airflow.task.operators.airflow.providers.standard.operators.python.PythonOperator","filename":"python.py","lineno":216}
{"timestamp":"2026-02-16T11:27:32.171525Z","level":"info","event":"Pushing xcom","ti":"RuntimeTaskInstance(id=UUID('019c6634-2e26-7e89-8bfc-51fc2bc0cfc7'), task_id='produce_fact_constructor_standings', dag_id='weekly_streaming_f1_etl', run_id='manual__2026-02-16T11:27:00+00:00', try_number=1, dag_version_id=UUID('019c61bd-e638-74f5-b658-bbd5e8d757b9'), map_index=-1, hostname='8ca1c3cee112', context_carrier={}, task=<Task(PythonOperator): produce_fact_constructor_standings>, bundle_instance=LocalDagBundle(name=dags-folder), max_tries=2, start_date=datetime.datetime(2026, 2, 16, 11, 27, 5, 192335, tzinfo=datetime.timezone.utc), end_date=None, state=<TaskInstanceState.RUNNING: 'running'>, is_mapped=False, rendered_map_index=None)","logger":"task","filename":"task_runner.py","lineno":1450}
