{"timestamp":"2026-02-13T08:27:03.878166Z","level":"info","event":"DAG bundles loaded: dags-folder","logger":"airflow.dag_processing.bundles.manager.DagBundlesManager","filename":"manager.py","lineno":179}
{"timestamp":"2026-02-13T08:27:03.879371Z","level":"info","event":"Filling up the DagBag from /opt/airflow/dags/api_etl/api_pitstops_bronze_to_silver.py","logger":"airflow.models.dagbag.DagBag","filename":"dagbag.py","lineno":593}
{"timestamp":"2026-02-13T08:27:04.410144Z","level":"info","event":"======================================================================","logger":"task.stdout"}
{"timestamp":"2026-02-13T08:27:04.411024Z","level":"info","event":"F1 PIT STOPS BACKFILL: ERGAST API -> SILVER","logger":"task.stdout"}
{"timestamp":"2026-02-13T08:27:04.411446Z","level":"info","event":"======================================================================","logger":"task.stdout"}
{"timestamp":"2026-02-13T08:27:04.411874Z","level":"info","event":"","logger":"task.stdout"}
{"timestamp":"2026-02-13T08:27:04.412268Z","level":"info","event":"[STEP 1] Scraping API...","logger":"task.stdout"}
{"timestamp":"2026-02-13T08:27:04.412636Z","level":"info","event":"","logger":"task.stdout"}
{"timestamp":"2026-02-13T08:27:04.413036Z","level":"info","event":"======================================================================","logger":"task.stdout"}
{"timestamp":"2026-02-13T08:27:04.413379Z","level":"info","event":"SCRAPING PIT STOPS FROM ERGAST API: 2024-2025","logger":"task.stdout"}
{"timestamp":"2026-02-13T08:27:04.413712Z","level":"info","event":"======================================================================","logger":"task.stdout"}
{"timestamp":"2026-02-13T08:27:04.414018Z","level":"info","event":"","logger":"task.stdout"}
{"timestamp":"2026-02-13T08:27:04.414339Z","level":"info","event":"","logger":"task.stdout"}
{"timestamp":"2026-02-13T08:27:04.414666Z","level":"info","event":"======================================================================","logger":"task.stdout"}
{"timestamp":"2026-02-13T08:27:04.414973Z","level":"info","event":"SCRAPING PIT STOPS FOR 2024","logger":"task.stdout"}
{"timestamp":"2026-02-13T08:27:04.415271Z","level":"info","event":"======================================================================","logger":"task.stdout"}
{"timestamp":"2026-02-13T08:27:04.415566Z","level":"info","event":"","logger":"task.stdout"}
{"timestamp":"2026-02-13T08:27:04.415855Z","level":"info","event":"Fetching pit stops for 2024 Round 1...","logger":"task.stdout"}
{"timestamp":"2026-02-13T08:27:10.703182Z","level":"info","event":"  43 pit stops found","logger":"task.stdout"}
{"timestamp":"2026-02-13T08:27:10.703852Z","level":"info","event":"Fetching pit stops for 2024 Round 2...","logger":"task.stdout"}
{"timestamp":"2026-02-13T08:27:15.614666Z","level":"info","event":"  19 pit stops found","logger":"task.stdout"}
{"timestamp":"2026-02-13T08:27:15.615018Z","level":"info","event":"Fetching pit stops for 2024 Round 3...","logger":"task.stdout"}
{"timestamp":"2026-02-13T08:27:19.822627Z","level":"info","event":"  36 pit stops found","logger":"task.stdout"}
{"timestamp":"2026-02-13T08:27:19.823305Z","level":"info","event":"Fetching pit stops for 2024 Round 4...","logger":"task.stdout"}
{"timestamp":"2026-02-13T08:27:24.262062Z","level":"info","event":"  54 pit stops found","logger":"task.stdout"}
{"timestamp":"2026-02-13T08:27:24.262414Z","level":"info","event":"Fetching pit stops for 2024 Round 5...","logger":"task.stdout"}
{"timestamp":"2026-02-13T08:27:29.128660Z","level":"info","event":"  40 pit stops found","logger":"task.stdout"}
{"timestamp":"2026-02-13T08:27:29.129122Z","level":"info","event":"Fetching pit stops for 2024 Round 6...","logger":"task.stdout"}
{"timestamp":"2026-02-13T08:27:35.459091Z","level":"info","event":"  28 pit stops found","logger":"task.stdout"}
{"timestamp":"2026-02-13T08:27:35.459638Z","level":"info","event":"Fetching pit stops for 2024 Round 7...","logger":"task.stdout"}
{"timestamp":"2026-02-13T08:27:40.338720Z","level":"info","event":"  27 pit stops found","logger":"task.stdout"}
{"timestamp":"2026-02-13T08:27:40.339189Z","level":"info","event":"Fetching pit stops for 2024 Round 8...","logger":"task.stdout"}
{"timestamp":"2026-02-13T08:27:45.195710Z","level":"info","event":"  23 pit stops found","logger":"task.stdout"}
{"timestamp":"2026-02-13T08:27:45.196122Z","level":"info","event":"Fetching pit stops for 2024 Round 9...","logger":"task.stdout"}
{"timestamp":"2026-02-13T08:27:50.626139Z","level":"info","event":"  42 pit stops found","logger":"task.stdout"}
{"timestamp":"2026-02-13T08:27:50.626536Z","level":"info","event":"Fetching pit stops for 2024 Round 10...","logger":"task.stdout"}
{"timestamp":"2026-02-13T08:27:54.469150Z","level":"info","event":"  42 pit stops found","logger":"task.stdout"}
{"timestamp":"2026-02-13T08:27:54.469484Z","level":"info","event":"Fetching pit stops for 2024 Round 11...","logger":"task.stdout"}
{"timestamp":"2026-02-13T08:27:59.579711Z","level":"info","event":"  45 pit stops found","logger":"task.stdout"}
{"timestamp":"2026-02-13T08:27:59.580037Z","level":"info","event":"Fetching pit stops for 2024 Round 12...","logger":"task.stdout"}
{"timestamp":"2026-02-13T08:28:02.962878Z","level":"info","event":"  45 pit stops found","logger":"task.stdout"}
{"timestamp":"2026-02-13T08:28:02.963295Z","level":"info","event":"Fetching pit stops for 2024 Round 13...","logger":"task.stdout"}
{"timestamp":"2026-02-13T08:28:09.570736Z","level":"info","event":"  40 pit stops found","logger":"task.stdout"}
{"timestamp":"2026-02-13T08:28:09.571393Z","level":"info","event":"Fetching pit stops for 2024 Round 14...","logger":"task.stdout"}
{"timestamp":"2026-02-13T08:28:15.889245Z","level":"info","event":"  34 pit stops found","logger":"task.stdout"}
{"timestamp":"2026-02-13T08:28:15.889609Z","level":"info","event":"Fetching pit stops for 2024 Round 15...","logger":"task.stdout"}
{"timestamp":"2026-02-13T08:28:21.140458Z","level":"info","event":"  26 pit stops found","logger":"task.stdout"}
{"timestamp":"2026-02-13T08:28:21.141135Z","level":"info","event":"Fetching pit stops for 2024 Round 16...","logger":"task.stdout"}
{"timestamp":"2026-02-13T08:28:25.207271Z","level":"info","event":"  30 pit stops found","logger":"task.stdout"}
{"timestamp":"2026-02-13T08:28:25.207634Z","level":"info","event":"Fetching pit stops for 2024 Round 17...","logger":"task.stdout"}
{"timestamp":"2026-02-13T08:28:30.018618Z","level":"info","event":"  22 pit stops found","logger":"task.stdout"}
{"timestamp":"2026-02-13T08:28:30.018939Z","level":"info","event":"Fetching pit stops for 2024 Round 18...","logger":"task.stdout"}
{"timestamp":"2026-02-13T08:28:35.360116Z","level":"info","event":"  23 pit stops found","logger":"task.stdout"}
{"timestamp":"2026-02-13T08:28:35.360717Z","level":"info","event":"Fetching pit stops for 2024 Round 19...","logger":"task.stdout"}
{"timestamp":"2026-02-13T08:28:40.057054Z","level":"info","event":"  23 pit stops found","logger":"task.stdout"}
{"timestamp":"2026-02-13T08:28:40.057366Z","level":"info","event":"Fetching pit stops for 2024 Round 20...","logger":"task.stdout"}
{"timestamp":"2026-02-13T08:28:43.355916Z","level":"info","event":"  21 pit stops found","logger":"task.stdout"}
{"timestamp":"2026-02-13T08:28:43.356537Z","level":"info","event":"Fetching pit stops for 2024 Round 21...","logger":"task.stdout"}
{"timestamp":"2026-02-13T08:28:47.520181Z","level":"info","event":"  35 pit stops found","logger":"task.stdout"}
{"timestamp":"2026-02-13T08:28:47.520842Z","level":"info","event":"Fetching pit stops for 2024 Round 22...","logger":"task.stdout"}
{"timestamp":"2026-02-13T08:28:53.532416Z","level":"info","event":"  39 pit stops found","logger":"task.stdout"}
{"timestamp":"2026-02-13T08:28:53.532927Z","level":"info","event":"Fetching pit stops for 2024 Round 23...","logger":"task.stdout"}
{"timestamp":"2026-02-13T08:28:58.226263Z","level":"info","event":"  60 pit stops found","logger":"task.stdout"}
{"timestamp":"2026-02-13T08:28:58.226682Z","level":"info","event":"Fetching pit stops for 2024 Round 24...","logger":"task.stdout"}
{"timestamp":"2026-02-13T08:29:03.484572Z","level":"info","event":"  28 pit stops found","logger":"task.stdout"}
{"timestamp":"2026-02-13T08:29:03.485128Z","level":"info","event":"Fetching pit stops for 2024 Round 25...","logger":"task.stdout"}
{"timestamp":"2026-02-13T08:29:09.276074Z","level":"info","event":"  No data for 2024 Round 25","logger":"task.stdout"}
{"timestamp":"2026-02-13T08:29:09.276619Z","level":"info","event":"","logger":"task.stdout"}
{"timestamp":"2026-02-13T08:29:09.277080Z","level":"info","event":"Total pit stops for 2024: 825","logger":"task.stdout"}
{"timestamp":"2026-02-13T08:29:09.277483Z","level":"info","event":"","logger":"task.stdout"}
{"timestamp":"2026-02-13T08:29:09.277915Z","level":"info","event":"======================================================================","logger":"task.stdout"}
{"timestamp":"2026-02-13T08:29:09.278330Z","level":"info","event":"SCRAPING PIT STOPS FOR 2025","logger":"task.stdout"}
{"timestamp":"2026-02-13T08:29:09.278692Z","level":"info","event":"======================================================================","logger":"task.stdout"}
{"timestamp":"2026-02-13T08:29:09.279093Z","level":"info","event":"","logger":"task.stdout"}
{"timestamp":"2026-02-13T08:29:09.279448Z","level":"info","event":"Fetching pit stops for 2025 Round 1...","logger":"task.stdout"}
{"timestamp":"2026-02-13T08:29:12.067078Z","level":"info","event":"  82 pit stops found","logger":"task.stdout"}
{"timestamp":"2026-02-13T08:29:12.068322Z","level":"info","event":"Fetching pit stops for 2025 Round 2...","logger":"task.stdout"}
{"timestamp":"2026-02-13T08:29:15.909390Z","level":"info","event":"  25 pit stops found","logger":"task.stdout"}
{"timestamp":"2026-02-13T08:29:15.909874Z","level":"info","event":"Fetching pit stops for 2025 Round 3...","logger":"task.stdout"}
{"timestamp":"2026-02-13T08:29:18.480528Z","level":"info","event":"  21 pit stops found","logger":"task.stdout"}
{"timestamp":"2026-02-13T08:29:18.481151Z","level":"info","event":"Fetching pit stops for 2025 Round 4...","logger":"task.stdout"}
{"timestamp":"2026-02-13T08:29:22.445943Z","level":"info","event":"  42 pit stops found","logger":"task.stdout"}
{"timestamp":"2026-02-13T08:29:22.446536Z","level":"info","event":"Fetching pit stops for 2025 Round 5...","logger":"task.stdout"}
{"timestamp":"2026-02-13T08:29:27.764998Z","level":"info","event":"  19 pit stops found","logger":"task.stdout"}
{"timestamp":"2026-02-13T08:29:27.765303Z","level":"info","event":"Fetching pit stops for 2025 Round 6...","logger":"task.stdout"}
{"timestamp":"2026-02-13T08:29:33.888655Z","level":"info","event":"  18 pit stops found","logger":"task.stdout"}
{"timestamp":"2026-02-13T08:29:33.889547Z","level":"info","event":"Fetching pit stops for 2025 Round 7...","logger":"task.stdout"}
{"timestamp":"2026-02-13T08:29:38.642785Z","level":"info","event":"  37 pit stops found","logger":"task.stdout"}
{"timestamp":"2026-02-13T08:29:38.643198Z","level":"info","event":"Fetching pit stops for 2025 Round 8...","logger":"task.stdout"}
{"timestamp":"2026-02-13T08:29:42.311930Z","level":"info","event":"  40 pit stops found","logger":"task.stdout"}
{"timestamp":"2026-02-13T08:29:42.312329Z","level":"info","event":"Fetching pit stops for 2025 Round 9...","logger":"task.stdout"}
{"timestamp":"2026-02-13T08:29:46.061438Z","level":"info","event":"  54 pit stops found","logger":"task.stdout"}
{"timestamp":"2026-02-13T08:29:46.061826Z","level":"info","event":"Fetching pit stops for 2025 Round 10...","logger":"task.stdout"}
{"timestamp":"2026-02-13T08:29:49.019470Z","level":"info","event":"  82 pit stops found","logger":"task.stdout"}
{"timestamp":"2026-02-13T08:29:49.019919Z","level":"info","event":"Fetching pit stops for 2025 Round 11...","logger":"task.stdout"}
{"timestamp":"2026-02-13T08:29:54.700672Z","level":"info","event":"  32 pit stops found","logger":"task.stdout"}
{"timestamp":"2026-02-13T08:29:54.701251Z","level":"info","event":"Fetching pit stops for 2025 Round 12...","logger":"task.stdout"}
{"timestamp":"2026-02-13T08:30:01.600693Z","level":"info","event":"  35 pit stops found","logger":"task.stdout"}
{"timestamp":"2026-02-13T08:30:01.601156Z","level":"info","event":"Fetching pit stops for 2025 Round 13...","logger":"task.stdout"}
{"timestamp":"2026-02-13T08:30:07.423370Z","level":"info","event":"  26 pit stops found","logger":"task.stdout"}
{"timestamp":"2026-02-13T08:30:07.423855Z","level":"info","event":"Fetching pit stops for 2025 Round 14...","logger":"task.stdout"}
{"timestamp":"2026-02-13T08:30:11.326338Z","level":"info","event":"  29 pit stops found","logger":"task.stdout"}
{"timestamp":"2026-02-13T08:30:11.326675Z","level":"info","event":"Fetching pit stops for 2025 Round 15...","logger":"task.stdout"}
{"timestamp":"2026-02-13T08:30:16.905168Z","level":"info","event":"  40 pit stops found","logger":"task.stdout"}
{"timestamp":"2026-02-13T08:30:16.905582Z","level":"info","event":"Fetching pit stops for 2025 Round 16...","logger":"task.stdout"}
{"timestamp":"2026-02-13T08:30:22.211110Z","level":"info","event":"  19 pit stops found","logger":"task.stdout"}
{"timestamp":"2026-02-13T08:30:22.211779Z","level":"info","event":"Fetching pit stops for 2025 Round 17...","logger":"task.stdout"}
{"timestamp":"2026-02-13T08:30:27.708712Z","level":"info","event":"  21 pit stops found","logger":"task.stdout"}
{"timestamp":"2026-02-13T08:30:27.709235Z","level":"info","event":"Fetching pit stops for 2025 Round 18...","logger":"task.stdout"}
{"timestamp":"2026-02-13T08:30:33.475195Z","level":"info","event":"  23 pit stops found","logger":"task.stdout"}
{"timestamp":"2026-02-13T08:30:33.475541Z","level":"info","event":"Fetching pit stops for 2025 Round 19...","logger":"task.stdout"}
{"timestamp":"2026-02-13T08:30:38.562351Z","level":"info","event":"  21 pit stops found","logger":"task.stdout"}
{"timestamp":"2026-02-13T08:30:38.562794Z","level":"info","event":"Fetching pit stops for 2025 Round 20...","logger":"task.stdout"}
{"timestamp":"2026-02-13T08:30:43.226255Z","level":"info","event":"  27 pit stops found","logger":"task.stdout"}
{"timestamp":"2026-02-13T08:30:43.226647Z","level":"info","event":"Fetching pit stops for 2025 Round 21...","logger":"task.stdout"}
{"timestamp":"2026-02-13T08:30:45.515381Z","level":"info","event":"  37 pit stops found","logger":"task.stdout"}
{"timestamp":"2026-02-13T08:30:45.515886Z","level":"info","event":"Fetching pit stops for 2025 Round 22...","logger":"task.stdout"}
{"timestamp":"2026-02-13T08:30:49.105603Z","level":"info","event":"  23 pit stops found","logger":"task.stdout"}
{"timestamp":"2026-02-13T08:30:49.106242Z","level":"info","event":"Fetching pit stops for 2025 Round 23...","logger":"task.stdout"}
{"timestamp":"2026-02-13T08:30:55.312520Z","level":"info","event":"  41 pit stops found","logger":"task.stdout"}
{"timestamp":"2026-02-13T08:30:55.315051Z","level":"info","event":"Fetching pit stops for 2025 Round 24...","logger":"task.stdout"}
{"timestamp":"2026-02-13T08:30:59.740708Z","level":"info","event":"  27 pit stops found","logger":"task.stdout"}
{"timestamp":"2026-02-13T08:30:59.741326Z","level":"info","event":"Fetching pit stops for 2025 Round 25...","logger":"task.stdout"}
{"timestamp":"2026-02-13T08:31:05.807570Z","level":"info","event":"  No data for 2025 Round 25","logger":"task.stdout"}
{"timestamp":"2026-02-13T08:31:05.807982Z","level":"info","event":"","logger":"task.stdout"}
{"timestamp":"2026-02-13T08:31:05.808195Z","level":"info","event":"Total pit stops for 2025: 821","logger":"task.stdout"}
{"timestamp":"2026-02-13T08:31:05.808397Z","level":"info","event":"","logger":"task.stdout"}
{"timestamp":"2026-02-13T08:31:05.808573Z","level":"info","event":"======================================================================","logger":"task.stdout"}
{"timestamp":"2026-02-13T08:31:05.808762Z","level":"info","event":"SCRAPING COMPLETE","logger":"task.stdout"}
{"timestamp":"2026-02-13T08:31:05.808937Z","level":"info","event":"Total pit stops: 1,646","logger":"task.stdout"}
{"timestamp":"2026-02-13T08:31:05.809107Z","level":"info","event":"Years covered: 2024-2025","logger":"task.stdout"}
{"timestamp":"2026-02-13T08:31:05.809271Z","level":"info","event":"======================================================================","logger":"task.stdout"}
{"timestamp":"2026-02-13T08:31:05.809514Z","level":"info","event":"","logger":"task.stdout"}
{"timestamp":"2026-02-13T08:31:05.809702Z","level":"info","event":"API scraping complete: 1,646 pit stop records","logger":"task.stdout"}
{"timestamp":"2026-02-13T08:31:05.809882Z","level":"info","event":"","logger":"task.stdout"}
{"timestamp":"2026-02-13T08:31:05.810058Z","level":"info","event":"[STEP 2] Transforming to Silver schema...","logger":"task.stdout"}
{"timestamp":"2026-02-13T08:31:05.810218Z","level":"info","event":"Transforming API data to Silver schema...","logger":"task.stdout"}
{"timestamp":"2026-02-13T08:31:05.822531Z","level":"info","event":"Transformed 1646 pit stops to Silver schema","logger":"task.stdout"}
{"timestamp":"2026-02-13T08:31:05.825171Z","level":"info","event":"Source: api","logger":"task.stdout"}
{"timestamp":"2026-02-13T08:31:05.825562Z","level":"info","event":"Transformation complete: 1646 pit stops","logger":"task.stdout"}
{"timestamp":"2026-02-13T08:31:05.825775Z","level":"info","event":"","logger":"task.stdout"}
{"timestamp":"2026-02-13T08:31:05.825970Z","level":"info","event":"[STEP 3] Loading dimensions for FK resolution...","logger":"task.stdout"}
{"timestamp":"2026-02-13T08:31:05.884869Z","level":"info","event":" Downloaded dimensions/dim_driver/dim_driver.parquet (81 rows)","logger":"task.stdout"}
{"timestamp":"2026-02-13T08:31:05.891375Z","level":"info","event":" Downloaded dimensions/dim_race/dim_race.parquet (280 rows)","logger":"task.stdout"}
{"timestamp":"2026-02-13T08:31:05.897942Z","level":"info","event":" Downloaded dimensions/dim_time/dim_time.parquet (6940 rows)","logger":"task.stdout"}
{"timestamp":"2026-02-13T08:31:05.898347Z","level":"info","event":"Loaded dimensions:","logger":"task.stdout"}
{"timestamp":"2026-02-13T08:31:05.898555Z","level":"info","event":"  - dim_driver: 81 drivers","logger":"task.stdout"}
{"timestamp":"2026-02-13T08:31:05.898754Z","level":"info","event":"  - dim_race: 280 races","logger":"task.stdout"}
{"timestamp":"2026-02-13T08:31:05.898928Z","level":"info","event":"  - dim_time: 6,940 dates","logger":"task.stdout"}
{"timestamp":"2026-02-13T08:31:05.899097Z","level":"info","event":"","logger":"task.stdout"}
{"timestamp":"2026-02-13T08:31:05.899289Z","level":"info","event":"[STEP 4] Resolving foreign keys...","logger":"task.stdout"}
{"timestamp":"2026-02-13T08:31:05.912495Z","level":"info","event":"Created lookup dictionaries:","logger":"task.stdout"}
{"timestamp":"2026-02-13T08:31:05.914862Z","level":"info","event":"  - driver_ref -> driver_key: 81 entries","logger":"task.stdout"}
{"timestamp":"2026-02-13T08:31:05.915189Z","level":"info","event":"  - race_year+race_round -> race_key: 280 entries","logger":"task.stdout"}
{"timestamp":"2026-02-13T08:31:05.915385Z","level":"info","event":"  - race_date -> time_key: 6940 entries","logger":"task.stdout"}
{"timestamp":"2026-02-13T08:31:05.936517Z","level":"info","event":"All FKs resolved successfully","logger":"task.stdout"}
{"timestamp":"2026-02-13T08:31:05.936936Z","level":"info","event":"","logger":"task.stdout"}
{"timestamp":"2026-02-13T08:31:05.937173Z","level":"info","event":"[STEP 5] Loading existing Silver data...","logger":"task.stdout"}
{"timestamp":"2026-02-13T08:31:05.943600Z","level":"info","event":" Downloaded facts/fact_pitstops/year=2024/data.parquet (825 rows)","logger":"task.stdout"}
{"timestamp":"2026-02-13T08:31:05.950056Z","level":"info","event":" Downloaded facts/fact_pitstops/year=2025/data.parquet (821 rows)","logger":"task.stdout"}
{"timestamp":"2026-02-13T08:31:05.953078Z","level":"info","event":"Loaded 1,646 existing pit stops from Silver","logger":"task.stdout"}
{"timestamp":"2026-02-13T08:31:05.953434Z","level":"info","event":"Existing sources: {'api': 1646}","logger":"task.stdout"}
{"timestamp":"2026-02-13T08:31:05.953678Z","level":"info","event":"","logger":"task.stdout"}
{"timestamp":"2026-02-13T08:31:05.953900Z","level":"info","event":"[STEP 6] Merging API data with existing Silver...","logger":"task.stdout"}
{"timestamp":"2026-02-13T08:31:05.954101Z","level":"info","event":"","logger":"task.stdout"}
{"timestamp":"2026-02-13T08:31:05.954287Z","level":"info","event":"  Merge Configuration:","logger":"task.stdout"}
{"timestamp":"2026-02-13T08:31:05.954466Z","level":"info","event":"Existing pit stops: 1,646","logger":"task.stdout"}
{"timestamp":"2026-02-13T08:31:05.954641Z","level":"info","event":"New API pit stops: 1646","logger":"task.stdout"}
{"timestamp":"2026-02-13T08:31:05.958805Z","level":"info","event":"Merge key: race_year + race_round + driver_ref + stop_number","logger":"task.stdout"}
{"timestamp":"2026-02-13T08:31:05.959650Z","level":"info","event":"CSV priority: YES (skip API for CSV pit stops)","logger":"task.stdout"}
{"timestamp":"2026-02-13T08:31:05.963128Z","level":"info","event":"","logger":"task.stdout"}
{"timestamp":"2026-02-13T08:31:05.963386Z","level":"info","event":"  Processing 1646 API pit stops:","logger":"task.stdout"}
{"timestamp":"2026-02-13T08:31:05.964692Z","level":"info","event":"","logger":"task.stdout"}
{"timestamp":"2026-02-13T08:31:05.952190Z","level":"error","event":"Task failed with exception","logger":"task","filename":"task_runner.py","lineno":1078,"error_detail":[{"exc_type":"KeyError","exc_value":"'race_year'","exc_notes":[],"syntax_error":null,"is_cause":false,"frames":[{"filename":"/home/airflow/.local/lib/python3.12/site-packages/airflow/sdk/execution_time/task_runner.py","lineno":1004,"name":"run"},{"filename":"/home/airflow/.local/lib/python3.12/site-packages/airflow/sdk/execution_time/task_runner.py","lineno":1400,"name":"_execute_task"},{"filename":"/home/airflow/.local/lib/python3.12/site-packages/airflow/sdk/bases/operator.py","lineno":417,"name":"wrapper"},{"filename":"/home/airflow/.local/lib/python3.12/site-packages/airflow/providers/standard/operators/python.py","lineno":214,"name":"execute"},{"filename":"/home/airflow/.local/lib/python3.12/site-packages/airflow/providers/standard/operators/python.py","lineno":237,"name":"execute_callable"},{"filename":"/home/airflow/.local/lib/python3.12/site-packages/airflow/sdk/execution_time/callback_runner.py","lineno":82,"name":"run"},{"filename":"/opt/airflow/dags/api_etl/api_pitstops_bronze_to_silver.py","lineno":322,"name":"backfill_fact_pitstops"},{"filename":"/opt/airflow/dags/api_etl/api_pitstops_bronze_to_silver.py","lineno":116,"name":"merge_pitstops"},{"filename":"/home/airflow/.local/lib/python3.12/site-packages/pandas/core/frame.py","lineno":3893,"name":"__getitem__"},{"filename":"/home/airflow/.local/lib/python3.12/site-packages/pandas/core/indexes/base.py","lineno":3798,"name":"get_loc"}],"is_group":false,"exceptions":[]},{"exc_type":"KeyError","exc_value":"'race_year'","exc_notes":[],"syntax_error":null,"is_cause":true,"frames":[{"filename":"/home/airflow/.local/lib/python3.12/site-packages/pandas/core/indexes/base.py","lineno":3791,"name":"get_loc"},{"filename":"/opt/airflow/index.pyx","lineno":152,"name":"pandas._libs.index.IndexEngine.get_loc"},{"filename":"/opt/airflow/index.pyx","lineno":181,"name":"pandas._libs.index.IndexEngine.get_loc"},{"filename":"/opt/airflow/pandas/_libs/hashtable_class_helper.pxi","lineno":7080,"name":"pandas._libs.hashtable.PyObjectHashTable.get_item"},{"filename":"/opt/airflow/pandas/_libs/hashtable_class_helper.pxi","lineno":7088,"name":"pandas._libs.hashtable.PyObjectHashTable.get_item"}],"is_group":false,"exceptions":[]}]}
