{"timestamp":"2026-02-16T15:12:03.681915Z","level":"info","event":"DAG bundles loaded: dags-folder","logger":"airflow.dag_processing.bundles.manager.DagBundlesManager","filename":"manager.py","lineno":179}
{"timestamp":"2026-02-16T15:12:03.686192Z","level":"info","event":"Filling up the DagBag from /opt/airflow/dags/api_circuits_bronze_to_silver.py","logger":"airflow.models.dagbag.DagBag","filename":"dagbag.py","lineno":593}
{"timestamp":"2026-02-16T15:12:05.363147Z","level":"info","event":"======================================================================","logger":"task.stdout"}
{"timestamp":"2026-02-16T15:12:05.364278Z","level":"info","event":"F1 CIRCUIT BACKFILL: ERGAST API → SILVER","logger":"task.stdout"}
{"timestamp":"2026-02-16T15:12:05.364910Z","level":"info","event":"======================================================================","logger":"task.stdout"}
{"timestamp":"2026-02-16T15:12:05.367304Z","level":"info","event":"","logger":"task.stdout"}
{"timestamp":"2026-02-16T15:12:05.367938Z","level":"info","event":"[STEP 1] Scraping API...","logger":"task.stdout"}
{"timestamp":"2026-02-16T15:12:05.368481Z","level":"info","event":"","logger":"task.stdout"}
{"timestamp":"2026-02-16T15:12:05.369057Z","level":"info","event":"======================================================================","logger":"task.stdout"}
{"timestamp":"2026-02-16T15:12:05.369544Z","level":"info","event":"SCRAPING ALL CIRCUITS FROM API","logger":"task.stdout"}
{"timestamp":"2026-02-16T15:12:05.369978Z","level":"info","event":"======================================================================","logger":"task.stdout"}
{"timestamp":"2026-02-16T15:12:05.370482Z","level":"info","event":"","logger":"task.stdout"}
{"timestamp":"2026-02-16T15:12:05.370928Z","level":"info","event":"Fetching circuits (offset=0, limit=100)...","logger":"task.stdout"}
{"timestamp":"2026-02-16T15:12:27.787717Z","level":"info","event":"Fetched 78 circuits (total so far: 78/78)","logger":"task.stdout"}
{"timestamp":"2026-02-16T15:12:27.791013Z","level":"info","event":"","logger":"task.stdout"}
{"timestamp":"2026-02-16T15:12:27.791515Z","level":"info","event":"======================================================================","logger":"task.stdout"}
{"timestamp":"2026-02-16T15:12:27.792078Z","level":"info","event":"SCRAPING COMPLETE","logger":"task.stdout"}
{"timestamp":"2026-02-16T15:12:27.792655Z","level":"info","event":"Total records: 78","logger":"task.stdout"}
{"timestamp":"2026-02-16T15:12:27.794179Z","level":"info","event":"Unique circuits (by circuitId): 78","logger":"task.stdout"}
{"timestamp":"2026-02-16T15:12:27.794835Z","level":"info","event":"======================================================================","logger":"task.stdout"}
{"timestamp":"2026-02-16T15:12:27.795299Z","level":"info","event":"","logger":"task.stdout"}
{"timestamp":"2026-02-16T15:12:27.795899Z","level":"info","event":"API scraping complete: 78 circuit records","logger":"task.stdout"}
{"timestamp":"2026-02-16T15:12:27.796363Z","level":"info","event":"","logger":"task.stdout"}
{"timestamp":"2026-02-16T15:12:27.796941Z","level":"info","event":"[STEP 2] Transforming to Silver schema...","logger":"task.stdout"}
{"timestamp":"2026-02-16T15:12:27.797495Z","level":"info","event":"Transforming API data to Silver schema...","logger":"task.stdout"}
{"timestamp":"2026-02-16T15:12:27.798082Z","level":"info","event":"Deduplication: 78 records → 78 unique circuits","logger":"task.stdout"}
{"timestamp":"2026-02-16T15:12:27.798566Z","level":"info","event":"Sorted by circuitId for stable circuit_id generation","logger":"task.stdout"}
{"timestamp":"2026-02-16T15:12:27.808300Z","level":"info","event":"Transformed 78 circuits to Silver schema","logger":"task.stdout"}
{"timestamp":"2026-02-16T15:12:27.808810Z","level":"info","event":"Source: api","logger":"task.stdout"}
{"timestamp":"2026-02-16T15:12:27.809228Z","level":"info","event":"circuit_id range: 10001 - 10078","logger":"task.stdout"}
{"timestamp":"2026-02-16T15:12:27.809615Z","level":"info","event":"Transformation complete: 78 unique constructors","logger":"task.stdout"}
{"timestamp":"2026-02-16T15:12:27.810224Z","level":"info","event":"circuit_id range: 10001 - 10078","logger":"task.stdout"}
{"timestamp":"2026-02-16T15:12:27.810678Z","level":"info","event":"","logger":"task.stdout"}
{"timestamp":"2026-02-16T15:12:27.811154Z","level":"info","event":"[STEP 3] Loading existing Silver data...","logger":"task.stdout"}
{"timestamp":"2026-02-16T15:12:27.885278Z","level":"info","event":" Downloaded dimensions/dim_circuit/dim_circuit.parquet (35 rows)","logger":"task.stdout"}
{"timestamp":"2026-02-16T15:12:27.885764Z","level":"info","event":"Loaded 35 existing circuits from Silver","logger":"task.stdout"}
{"timestamp":"2026-02-16T15:12:27.886476Z","level":"info","event":"Existing sources: {'f1_data.csv': 34, 'api': 1}","logger":"task.stdout"}
{"timestamp":"2026-02-16T15:12:27.889988Z","level":"info","event":"CSV circuit_id range: 1 - 79","logger":"task.stdout"}
{"timestamp":"2026-02-16T15:12:27.890597Z","level":"info","event":"","logger":"task.stdout"}
{"timestamp":"2026-02-16T15:12:27.890957Z","level":"info","event":"[STEP 4] Merging API data with existing Silver...","logger":"task.stdout"}
{"timestamp":"2026-02-16T15:12:27.891383Z","level":"info","event":"","logger":"task.stdout"}
{"timestamp":"2026-02-16T15:12:27.891871Z","level":"info","event":"  Merge Configuration:","logger":"task.stdout"}
{"timestamp":"2026-02-16T15:12:27.892307Z","level":"info","event":"Existing constructors: 35","logger":"task.stdout"}
{"timestamp":"2026-02-16T15:12:27.892639Z","level":"info","event":"New API constructors: 78","logger":"task.stdout"}
{"timestamp":"2026-02-16T15:12:27.893030Z","level":"info","event":"Merge key: constructor_ref (PRIMARY natural key)","logger":"task.stdout"}
{"timestamp":"2026-02-16T15:12:27.894137Z","level":"info","event":"CSV priority: YES (skip API for CSV constructors)","logger":"task.stdout"}
{"timestamp":"2026-02-16T15:12:27.895238Z","level":"info","event":"","logger":"task.stdout"}
{"timestamp":"2026-02-16T15:12:27.896047Z","level":"info","event":"  Current max circuit_key: 35","logger":"task.stdout"}
{"timestamp":"2026-02-16T15:12:27.896642Z","level":"info","event":"","logger":"task.stdout"}
{"timestamp":"2026-02-16T15:12:27.897328Z","level":"info","event":"  Processing 78 API constructors:","logger":"task.stdout"}
{"timestamp":"2026-02-16T15:12:27.897861Z","level":"info","event":"","logger":"task.stdout"}
{"timestamp":"2026-02-16T15:12:27.898404Z","level":"info","event":"ADD: adelaide             (new circuit from API, circuit_id10001)","logger":"task.stdout"}
{"timestamp":"2026-02-16T15:12:27.903054Z","level":"warning","event":"The behavior of DataFrame concatenation with empty or all-NA entries is deprecated. In a future version, this will no longer exclude empty or all-NA columns when determining the result dtypes. To retain the old behavior, exclude the relevant entries before the concat operation.","category":"FutureWarning","filename":"/opt/airflow/dags/api_circuits_bronze_to_silver.py","lineno":94,"logger":"py.warnings"}
{"timestamp":"2026-02-16T15:12:27.905137Z","level":"info","event":"ADD: ain-diab             (new circuit from API, circuit_id10002)","logger":"task.stdout"}
{"timestamp":"2026-02-16T15:12:27.909803Z","level":"warning","event":"The behavior of DataFrame concatenation with empty or all-NA entries is deprecated. In a future version, this will no longer exclude empty or all-NA columns when determining the result dtypes. To retain the old behavior, exclude the relevant entries before the concat operation.","category":"FutureWarning","filename":"/opt/airflow/dags/api_circuits_bronze_to_silver.py","lineno":94,"logger":"py.warnings"}
{"timestamp":"2026-02-16T15:12:27.911126Z","level":"info","event":"ADD: aintree              (new circuit from API, circuit_id10003)","logger":"task.stdout"}
{"timestamp":"2026-02-16T15:12:27.915252Z","level":"warning","event":"The behavior of DataFrame concatenation with empty or all-NA entries is deprecated. In a future version, this will no longer exclude empty or all-NA columns when determining the result dtypes. To retain the old behavior, exclude the relevant entries before the concat operation.","category":"FutureWarning","filename":"/opt/airflow/dags/api_circuits_bronze_to_silver.py","lineno":94,"logger":"py.warnings"}
{"timestamp":"2026-02-16T15:12:27.919284Z","level":"info","event":"SKIP: albert_park          (CSV priority)","logger":"task.stdout"}
{"timestamp":"2026-02-16T15:12:27.921220Z","level":"info","event":"SKIP: americas             (CSV priority)","logger":"task.stdout"}
{"timestamp":"2026-02-16T15:12:27.921887Z","level":"info","event":"ADD: anderstorp           (new circuit from API, circuit_id10006)","logger":"task.stdout"}
{"timestamp":"2026-02-16T15:12:27.925650Z","level":"warning","event":"The behavior of DataFrame concatenation with empty or all-NA entries is deprecated. In a future version, this will no longer exclude empty or all-NA columns when determining the result dtypes. To retain the old behavior, exclude the relevant entries before the concat operation.","category":"FutureWarning","filename":"/opt/airflow/dags/api_circuits_bronze_to_silver.py","lineno":94,"logger":"py.warnings"}
{"timestamp":"2026-02-16T15:12:27.926818Z","level":"info","event":"ADD: avus                 (new circuit from API, circuit_id10007)","logger":"task.stdout"}
{"timestamp":"2026-02-16T15:12:27.930787Z","level":"warning","event":"The behavior of DataFrame concatenation with empty or all-NA entries is deprecated. In a future version, this will no longer exclude empty or all-NA columns when determining the result dtypes. To retain the old behavior, exclude the relevant entries before the concat operation.","category":"FutureWarning","filename":"/opt/airflow/dags/api_circuits_bronze_to_silver.py","lineno":94,"logger":"py.warnings"}
{"timestamp":"2026-02-16T15:12:27.933362Z","level":"info","event":"SKIP: bahrain              (CSV priority)","logger":"task.stdout"}
{"timestamp":"2026-02-16T15:12:27.935158Z","level":"info","event":"SKIP: baku                 (CSV priority)","logger":"task.stdout"}
{"timestamp":"2026-02-16T15:12:27.935861Z","level":"info","event":"ADD: boavista             (new circuit from API, circuit_id10010)","logger":"task.stdout"}
{"timestamp":"2026-02-16T15:12:27.938109Z","level":"warning","event":"The behavior of DataFrame concatenation with empty or all-NA entries is deprecated. In a future version, this will no longer exclude empty or all-NA columns when determining the result dtypes. To retain the old behavior, exclude the relevant entries before the concat operation.","category":"FutureWarning","filename":"/opt/airflow/dags/api_circuits_bronze_to_silver.py","lineno":94,"logger":"py.warnings"}
{"timestamp":"2026-02-16T15:12:27.938921Z","level":"info","event":"ADD: brands_hatch         (new circuit from API, circuit_id10011)","logger":"task.stdout"}
{"timestamp":"2026-02-16T15:12:27.941322Z","level":"warning","event":"The behavior of DataFrame concatenation with empty or all-NA entries is deprecated. In a future version, this will no longer exclude empty or all-NA columns when determining the result dtypes. To retain the old behavior, exclude the relevant entries before the concat operation.","category":"FutureWarning","filename":"/opt/airflow/dags/api_circuits_bronze_to_silver.py","lineno":94,"logger":"py.warnings"}
{"timestamp":"2026-02-16T15:12:27.942080Z","level":"info","event":"ADD: bremgarten           (new circuit from API, circuit_id10012)","logger":"task.stdout"}
{"timestamp":"2026-02-16T15:12:27.944501Z","level":"warning","event":"The behavior of DataFrame concatenation with empty or all-NA entries is deprecated. In a future version, this will no longer exclude empty or all-NA columns when determining the result dtypes. To retain the old behavior, exclude the relevant entries before the concat operation.","category":"FutureWarning","filename":"/opt/airflow/dags/api_circuits_bronze_to_silver.py","lineno":94,"logger":"py.warnings"}
{"timestamp":"2026-02-16T15:12:27.946016Z","level":"info","event":"SKIP: buddh                (CSV priority)","logger":"task.stdout"}
{"timestamp":"2026-02-16T15:12:27.946894Z","level":"info","event":"SKIP: catalunya            (CSV priority)","logger":"task.stdout"}
{"timestamp":"2026-02-16T15:12:27.947424Z","level":"info","event":"ADD: charade              (new circuit from API, circuit_id10015)","logger":"task.stdout"}
{"timestamp":"2026-02-16T15:12:27.950340Z","level":"warning","event":"The behavior of DataFrame concatenation with empty or all-NA entries is deprecated. In a future version, this will no longer exclude empty or all-NA columns when determining the result dtypes. To retain the old behavior, exclude the relevant entries before the concat operation.","category":"FutureWarning","filename":"/opt/airflow/dags/api_circuits_bronze_to_silver.py","lineno":94,"logger":"py.warnings"}
{"timestamp":"2026-02-16T15:12:27.951435Z","level":"info","event":"ADD: dallas               (new circuit from API, circuit_id10016)","logger":"task.stdout"}
{"timestamp":"2026-02-16T15:12:27.955809Z","level":"warning","event":"The behavior of DataFrame concatenation with empty or all-NA entries is deprecated. In a future version, this will no longer exclude empty or all-NA columns when determining the result dtypes. To retain the old behavior, exclude the relevant entries before the concat operation.","category":"FutureWarning","filename":"/opt/airflow/dags/api_circuits_bronze_to_silver.py","lineno":94,"logger":"py.warnings"}
{"timestamp":"2026-02-16T15:12:27.957005Z","level":"info","event":"ADD: detroit              (new circuit from API, circuit_id10017)","logger":"task.stdout"}
{"timestamp":"2026-02-16T15:12:27.961271Z","level":"warning","event":"The behavior of DataFrame concatenation with empty or all-NA entries is deprecated. In a future version, this will no longer exclude empty or all-NA columns when determining the result dtypes. To retain the old behavior, exclude the relevant entries before the concat operation.","category":"FutureWarning","filename":"/opt/airflow/dags/api_circuits_bronze_to_silver.py","lineno":94,"logger":"py.warnings"}
{"timestamp":"2026-02-16T15:12:27.962459Z","level":"info","event":"ADD: dijon                (new circuit from API, circuit_id10018)","logger":"task.stdout"}
{"timestamp":"2026-02-16T15:12:27.966243Z","level":"warning","event":"The behavior of DataFrame concatenation with empty or all-NA entries is deprecated. In a future version, this will no longer exclude empty or all-NA columns when determining the result dtypes. To retain the old behavior, exclude the relevant entries before the concat operation.","category":"FutureWarning","filename":"/opt/airflow/dags/api_circuits_bronze_to_silver.py","lineno":94,"logger":"py.warnings"}
{"timestamp":"2026-02-16T15:12:27.967436Z","level":"info","event":"ADD: donington            (new circuit from API, circuit_id10019)","logger":"task.stdout"}
{"timestamp":"2026-02-16T15:12:27.971468Z","level":"warning","event":"The behavior of DataFrame concatenation with empty or all-NA entries is deprecated. In a future version, this will no longer exclude empty or all-NA columns when determining the result dtypes. To retain the old behavior, exclude the relevant entries before the concat operation.","category":"FutureWarning","filename":"/opt/airflow/dags/api_circuits_bronze_to_silver.py","lineno":94,"logger":"py.warnings"}
{"timestamp":"2026-02-16T15:12:27.972951Z","level":"info","event":"ADD: essarts              (new circuit from API, circuit_id10020)","logger":"task.stdout"}
{"timestamp":"2026-02-16T15:12:27.976192Z","level":"warning","event":"The behavior of DataFrame concatenation with empty or all-NA entries is deprecated. In a future version, this will no longer exclude empty or all-NA columns when determining the result dtypes. To retain the old behavior, exclude the relevant entries before the concat operation.","category":"FutureWarning","filename":"/opt/airflow/dags/api_circuits_bronze_to_silver.py","lineno":94,"logger":"py.warnings"}
{"timestamp":"2026-02-16T15:12:27.977339Z","level":"info","event":"ADD: estoril              (new circuit from API, circuit_id10021)","logger":"task.stdout"}
{"timestamp":"2026-02-16T15:12:27.981217Z","level":"warning","event":"The behavior of DataFrame concatenation with empty or all-NA entries is deprecated. In a future version, this will no longer exclude empty or all-NA columns when determining the result dtypes. To retain the old behavior, exclude the relevant entries before the concat operation.","category":"FutureWarning","filename":"/opt/airflow/dags/api_circuits_bronze_to_silver.py","lineno":94,"logger":"py.warnings"}
{"timestamp":"2026-02-16T15:12:27.982284Z","level":"info","event":"ADD: fuji                 (new circuit from API, circuit_id10022)","logger":"task.stdout"}
{"timestamp":"2026-02-16T15:12:27.986028Z","level":"warning","event":"The behavior of DataFrame concatenation with empty or all-NA entries is deprecated. In a future version, this will no longer exclude empty or all-NA columns when determining the result dtypes. To retain the old behavior, exclude the relevant entries before the concat operation.","category":"FutureWarning","filename":"/opt/airflow/dags/api_circuits_bronze_to_silver.py","lineno":94,"logger":"py.warnings"}
{"timestamp":"2026-02-16T15:12:27.986950Z","level":"info","event":"ADD: galvez               (new circuit from API, circuit_id10023)","logger":"task.stdout"}
{"timestamp":"2026-02-16T15:12:27.991189Z","level":"warning","event":"The behavior of DataFrame concatenation with empty or all-NA entries is deprecated. In a future version, this will no longer exclude empty or all-NA columns when determining the result dtypes. To retain the old behavior, exclude the relevant entries before the concat operation.","category":"FutureWarning","filename":"/opt/airflow/dags/api_circuits_bronze_to_silver.py","lineno":94,"logger":"py.warnings"}
{"timestamp":"2026-02-16T15:12:27.992645Z","level":"info","event":"ADD: george               (new circuit from API, circuit_id10024)","logger":"task.stdout"}
{"timestamp":"2026-02-16T15:12:27.996804Z","level":"warning","event":"The behavior of DataFrame concatenation with empty or all-NA entries is deprecated. In a future version, this will no longer exclude empty or all-NA columns when determining the result dtypes. To retain the old behavior, exclude the relevant entries before the concat operation.","category":"FutureWarning","filename":"/opt/airflow/dags/api_circuits_bronze_to_silver.py","lineno":94,"logger":"py.warnings"}
{"timestamp":"2026-02-16T15:12:27.999405Z","level":"info","event":"SKIP: hockenheimring       (CSV priority)","logger":"task.stdout"}
{"timestamp":"2026-02-16T15:12:28.001129Z","level":"info","event":"SKIP: hungaroring          (CSV priority)","logger":"task.stdout"}
{"timestamp":"2026-02-16T15:12:28.003244Z","level":"info","event":"SKIP: imola                (CSV priority)","logger":"task.stdout"}
{"timestamp":"2026-02-16T15:12:28.003803Z","level":"info","event":"ADD: indianapolis         (new circuit from API, circuit_id10028)","logger":"task.stdout"}
{"timestamp":"2026-02-16T15:12:28.009434Z","level":"warning","event":"The behavior of DataFrame concatenation with empty or all-NA entries is deprecated. In a future version, this will no longer exclude empty or all-NA columns when determining the result dtypes. To retain the old behavior, exclude the relevant entries before the concat operation.","category":"FutureWarning","filename":"/opt/airflow/dags/api_circuits_bronze_to_silver.py","lineno":94,"logger":"py.warnings"}
{"timestamp":"2026-02-16T15:12:28.012403Z","level":"info","event":"SKIP: interlagos           (CSV priority)","logger":"task.stdout"}
{"timestamp":"2026-02-16T15:12:28.013645Z","level":"info","event":"SKIP: istanbul             (CSV priority)","logger":"task.stdout"}
{"timestamp":"2026-02-16T15:12:28.014176Z","level":"info","event":"ADD: jacarepagua          (new circuit from API, circuit_id10031)","logger":"task.stdout"}
{"timestamp":"2026-02-16T15:12:28.017107Z","level":"warning","event":"The behavior of DataFrame concatenation with empty or all-NA entries is deprecated. In a future version, this will no longer exclude empty or all-NA columns when determining the result dtypes. To retain the old behavior, exclude the relevant entries before the concat operation.","category":"FutureWarning","filename":"/opt/airflow/dags/api_circuits_bronze_to_silver.py","lineno":94,"logger":"py.warnings"}
{"timestamp":"2026-02-16T15:12:28.018457Z","level":"info","event":"ADD: jarama               (new circuit from API, circuit_id10032)","logger":"task.stdout"}
{"timestamp":"2026-02-16T15:12:28.021267Z","level":"warning","event":"The behavior of DataFrame concatenation with empty or all-NA entries is deprecated. In a future version, this will no longer exclude empty or all-NA columns when determining the result dtypes. To retain the old behavior, exclude the relevant entries before the concat operation.","category":"FutureWarning","filename":"/opt/airflow/dags/api_circuits_bronze_to_silver.py","lineno":94,"logger":"py.warnings"}
{"timestamp":"2026-02-16T15:12:28.022888Z","level":"info","event":"SKIP: jeddah               (CSV priority)","logger":"task.stdout"}
{"timestamp":"2026-02-16T15:12:28.023512Z","level":"info","event":"ADD: jerez                (new circuit from API, circuit_id10034)","logger":"task.stdout"}
{"timestamp":"2026-02-16T15:12:28.025924Z","level":"warning","event":"The behavior of DataFrame concatenation with empty or all-NA entries is deprecated. In a future version, this will no longer exclude empty or all-NA columns when determining the result dtypes. To retain the old behavior, exclude the relevant entries before the concat operation.","category":"FutureWarning","filename":"/opt/airflow/dags/api_circuits_bronze_to_silver.py","lineno":94,"logger":"py.warnings"}
{"timestamp":"2026-02-16T15:12:28.026689Z","level":"info","event":"ADD: kyalami              (new circuit from API, circuit_id10035)","logger":"task.stdout"}
{"timestamp":"2026-02-16T15:12:28.029381Z","level":"warning","event":"The behavior of DataFrame concatenation with empty or all-NA entries is deprecated. In a future version, this will no longer exclude empty or all-NA columns when determining the result dtypes. To retain the old behavior, exclude the relevant entries before the concat operation.","category":"FutureWarning","filename":"/opt/airflow/dags/api_circuits_bronze_to_silver.py","lineno":94,"logger":"py.warnings"}
{"timestamp":"2026-02-16T15:12:28.030136Z","level":"info","event":"ADD: las_vegas            (new circuit from API, circuit_id10036)","logger":"task.stdout"}
{"timestamp":"2026-02-16T15:12:28.032835Z","level":"warning","event":"The behavior of DataFrame concatenation with empty or all-NA entries is deprecated. In a future version, this will no longer exclude empty or all-NA columns when determining the result dtypes. To retain the old behavior, exclude the relevant entries before the concat operation.","category":"FutureWarning","filename":"/opt/airflow/dags/api_circuits_bronze_to_silver.py","lineno":94,"logger":"py.warnings"}
{"timestamp":"2026-02-16T15:12:28.033980Z","level":"info","event":"ADD: lemans               (new circuit from API, circuit_id10037)","logger":"task.stdout"}
{"timestamp":"2026-02-16T15:12:28.037001Z","level":"warning","event":"The behavior of DataFrame concatenation with empty or all-NA entries is deprecated. In a future version, this will no longer exclude empty or all-NA columns when determining the result dtypes. To retain the old behavior, exclude the relevant entries before the concat operation.","category":"FutureWarning","filename":"/opt/airflow/dags/api_circuits_bronze_to_silver.py","lineno":94,"logger":"py.warnings"}
{"timestamp":"2026-02-16T15:12:28.037905Z","level":"info","event":"ADD: long_beach           (new circuit from API, circuit_id10038)","logger":"task.stdout"}
{"timestamp":"2026-02-16T15:12:28.040745Z","level":"warning","event":"The behavior of DataFrame concatenation with empty or all-NA entries is deprecated. In a future version, this will no longer exclude empty or all-NA columns when determining the result dtypes. To retain the old behavior, exclude the relevant entries before the concat operation.","category":"FutureWarning","filename":"/opt/airflow/dags/api_circuits_bronze_to_silver.py","lineno":94,"logger":"py.warnings"}
{"timestamp":"2026-02-16T15:12:28.042502Z","level":"info","event":"SKIP: losail               (CSV priority)","logger":"task.stdout"}
{"timestamp":"2026-02-16T15:12:28.042999Z","level":"info","event":"ADD: madring              (new circuit from API, circuit_id10040)","logger":"task.stdout"}
{"timestamp":"2026-02-16T15:12:28.045505Z","level":"warning","event":"The behavior of DataFrame concatenation with empty or all-NA entries is deprecated. In a future version, this will no longer exclude empty or all-NA columns when determining the result dtypes. To retain the old behavior, exclude the relevant entries before the concat operation.","category":"FutureWarning","filename":"/opt/airflow/dags/api_circuits_bronze_to_silver.py","lineno":94,"logger":"py.warnings"}
{"timestamp":"2026-02-16T15:12:28.046323Z","level":"info","event":"ADD: magny_cours          (new circuit from API, circuit_id10041)","logger":"task.stdout"}
{"timestamp":"2026-02-16T15:12:28.048900Z","level":"warning","event":"The behavior of DataFrame concatenation with empty or all-NA entries is deprecated. In a future version, this will no longer exclude empty or all-NA columns when determining the result dtypes. To retain the old behavior, exclude the relevant entries before the concat operation.","category":"FutureWarning","filename":"/opt/airflow/dags/api_circuits_bronze_to_silver.py","lineno":94,"logger":"py.warnings"}
{"timestamp":"2026-02-16T15:12:28.050613Z","level":"info","event":"SKIP: marina_bay           (CSV priority)","logger":"task.stdout"}
{"timestamp":"2026-02-16T15:12:28.051713Z","level":"info","event":"SKIP: miami                (CSV priority)","logger":"task.stdout"}
{"timestamp":"2026-02-16T15:12:28.052664Z","level":"info","event":"SKIP: monaco               (CSV priority)","logger":"task.stdout"}
{"timestamp":"2026-02-16T15:12:28.053081Z","level":"info","event":"ADD: monsanto             (new circuit from API, circuit_id10045)","logger":"task.stdout"}
{"timestamp":"2026-02-16T15:12:28.055591Z","level":"warning","event":"The behavior of DataFrame concatenation with empty or all-NA entries is deprecated. In a future version, this will no longer exclude empty or all-NA columns when determining the result dtypes. To retain the old behavior, exclude the relevant entries before the concat operation.","category":"FutureWarning","filename":"/opt/airflow/dags/api_circuits_bronze_to_silver.py","lineno":94,"logger":"py.warnings"}
{"timestamp":"2026-02-16T15:12:28.056428Z","level":"info","event":"ADD: montjuic             (new circuit from API, circuit_id10046)","logger":"task.stdout"}
{"timestamp":"2026-02-16T15:12:28.059887Z","level":"warning","event":"The behavior of DataFrame concatenation with empty or all-NA entries is deprecated. In a future version, this will no longer exclude empty or all-NA columns when determining the result dtypes. To retain the old behavior, exclude the relevant entries before the concat operation.","category":"FutureWarning","filename":"/opt/airflow/dags/api_circuits_bronze_to_silver.py","lineno":94,"logger":"py.warnings"}
{"timestamp":"2026-02-16T15:12:28.061528Z","level":"info","event":"SKIP: monza                (CSV priority)","logger":"task.stdout"}
{"timestamp":"2026-02-16T15:12:28.062030Z","level":"info","event":"ADD: mosport              (new circuit from API, circuit_id10048)","logger":"task.stdout"}
{"timestamp":"2026-02-16T15:12:28.064344Z","level":"warning","event":"The behavior of DataFrame concatenation with empty or all-NA entries is deprecated. In a future version, this will no longer exclude empty or all-NA columns when determining the result dtypes. To retain the old behavior, exclude the relevant entries before the concat operation.","category":"FutureWarning","filename":"/opt/airflow/dags/api_circuits_bronze_to_silver.py","lineno":94,"logger":"py.warnings"}
{"timestamp":"2026-02-16T15:12:28.065981Z","level":"info","event":"SKIP: mugello              (CSV priority)","logger":"task.stdout"}
{"timestamp":"2026-02-16T15:12:28.066496Z","level":"info","event":"ADD: nivelles             (new circuit from API, circuit_id10050)","logger":"task.stdout"}
{"timestamp":"2026-02-16T15:12:28.069567Z","level":"warning","event":"The behavior of DataFrame concatenation with empty or all-NA entries is deprecated. In a future version, this will no longer exclude empty or all-NA columns when determining the result dtypes. To retain the old behavior, exclude the relevant entries before the concat operation.","category":"FutureWarning","filename":"/opt/airflow/dags/api_circuits_bronze_to_silver.py","lineno":94,"logger":"py.warnings"}
{"timestamp":"2026-02-16T15:12:28.071214Z","level":"info","event":"SKIP: nurburgring          (CSV priority)","logger":"task.stdout"}
{"timestamp":"2026-02-16T15:12:28.071777Z","level":"info","event":"ADD: okayama              (new circuit from API, circuit_id10052)","logger":"task.stdout"}
{"timestamp":"2026-02-16T15:12:28.073965Z","level":"warning","event":"The behavior of DataFrame concatenation with empty or all-NA entries is deprecated. In a future version, this will no longer exclude empty or all-NA columns when determining the result dtypes. To retain the old behavior, exclude the relevant entries before the concat operation.","category":"FutureWarning","filename":"/opt/airflow/dags/api_circuits_bronze_to_silver.py","lineno":94,"logger":"py.warnings"}
{"timestamp":"2026-02-16T15:12:28.074696Z","level":"info","event":"ADD: pedralbes            (new circuit from API, circuit_id10053)","logger":"task.stdout"}
{"timestamp":"2026-02-16T15:12:28.077274Z","level":"warning","event":"The behavior of DataFrame concatenation with empty or all-NA entries is deprecated. In a future version, this will no longer exclude empty or all-NA columns when determining the result dtypes. To retain the old behavior, exclude the relevant entries before the concat operation.","category":"FutureWarning","filename":"/opt/airflow/dags/api_circuits_bronze_to_silver.py","lineno":94,"logger":"py.warnings"}
{"timestamp":"2026-02-16T15:12:28.078021Z","level":"info","event":"ADD: pescara              (new circuit from API, circuit_id10054)","logger":"task.stdout"}
{"timestamp":"2026-02-16T15:12:28.080576Z","level":"warning","event":"The behavior of DataFrame concatenation with empty or all-NA entries is deprecated. In a future version, this will no longer exclude empty or all-NA columns when determining the result dtypes. To retain the old behavior, exclude the relevant entries before the concat operation.","category":"FutureWarning","filename":"/opt/airflow/dags/api_circuits_bronze_to_silver.py","lineno":94,"logger":"py.warnings"}
{"timestamp":"2026-02-16T15:12:28.083645Z","level":"info","event":"ADD: phoenix              (new circuit from API, circuit_id10055)","logger":"task.stdout"}
{"timestamp":"2026-02-16T15:12:28.084034Z","level":"warning","event":"The behavior of DataFrame concatenation with empty or all-NA entries is deprecated. In a future version, this will no longer exclude empty or all-NA columns when determining the result dtypes. To retain the old behavior, exclude the relevant entries before the concat operation.","category":"FutureWarning","filename":"/opt/airflow/dags/api_circuits_bronze_to_silver.py","lineno":94,"logger":"py.warnings"}
{"timestamp":"2026-02-16T15:12:28.086481Z","level":"info","event":"SKIP: portimao             (CSV priority)","logger":"task.stdout"}
{"timestamp":"2026-02-16T15:12:28.087837Z","level":"info","event":"SKIP: red_bull_ring        (CSV priority)","logger":"task.stdout"}
{"timestamp":"2026-02-16T15:12:28.088357Z","level":"info","event":"ADD: reims                (new circuit from API, circuit_id10058)","logger":"task.stdout"}
{"timestamp":"2026-02-16T15:12:28.090879Z","level":"warning","event":"The behavior of DataFrame concatenation with empty or all-NA entries is deprecated. In a future version, this will no longer exclude empty or all-NA columns when determining the result dtypes. To retain the old behavior, exclude the relevant entries before the concat operation.","category":"FutureWarning","filename":"/opt/airflow/dags/api_circuits_bronze_to_silver.py","lineno":94,"logger":"py.warnings"}
{"timestamp":"2026-02-16T15:12:28.092664Z","level":"info","event":"SKIP: ricard               (CSV priority)","logger":"task.stdout"}
{"timestamp":"2026-02-16T15:12:28.093184Z","level":"info","event":"ADD: riverside            (new circuit from API, circuit_id10060)","logger":"task.stdout"}
{"timestamp":"2026-02-16T15:12:28.095585Z","level":"warning","event":"The behavior of DataFrame concatenation with empty or all-NA entries is deprecated. In a future version, this will no longer exclude empty or all-NA columns when determining the result dtypes. To retain the old behavior, exclude the relevant entries before the concat operation.","category":"FutureWarning","filename":"/opt/airflow/dags/api_circuits_bronze_to_silver.py","lineno":94,"logger":"py.warnings"}
{"timestamp":"2026-02-16T15:12:28.097242Z","level":"info","event":"SKIP: rodriguez            (CSV priority)","logger":"task.stdout"}
{"timestamp":"2026-02-16T15:12:28.097811Z","level":"info","event":"ADD: sebring              (new circuit from API, circuit_id10062)","logger":"task.stdout"}
{"timestamp":"2026-02-16T15:12:28.100268Z","level":"warning","event":"The behavior of DataFrame concatenation with empty or all-NA entries is deprecated. In a future version, this will no longer exclude empty or all-NA columns when determining the result dtypes. To retain the old behavior, exclude the relevant entries before the concat operation.","category":"FutureWarning","filename":"/opt/airflow/dags/api_circuits_bronze_to_silver.py","lineno":94,"logger":"py.warnings"}
{"timestamp":"2026-02-16T15:12:28.103182Z","level":"info","event":"SKIP: sepang               (CSV priority)","logger":"task.stdout"}
{"timestamp":"2026-02-16T15:12:28.104582Z","level":"info","event":"SKIP: shanghai             (CSV priority)","logger":"task.stdout"}
{"timestamp":"2026-02-16T15:12:28.105819Z","level":"info","event":"SKIP: silverstone          (CSV priority)","logger":"task.stdout"}
{"timestamp":"2026-02-16T15:12:28.107097Z","level":"info","event":"SKIP: sochi                (CSV priority)","logger":"task.stdout"}
{"timestamp":"2026-02-16T15:12:28.108352Z","level":"info","event":"SKIP: spa                  (CSV priority)","logger":"task.stdout"}
{"timestamp":"2026-02-16T15:12:28.109366Z","level":"info","event":"SKIP: suzuka               (CSV priority)","logger":"task.stdout"}
{"timestamp":"2026-02-16T15:12:28.109893Z","level":"info","event":"ADD: tremblant            (new circuit from API, circuit_id10069)","logger":"task.stdout"}
{"timestamp":"2026-02-16T15:12:28.112342Z","level":"warning","event":"The behavior of DataFrame concatenation with empty or all-NA entries is deprecated. In a future version, this will no longer exclude empty or all-NA columns when determining the result dtypes. To retain the old behavior, exclude the relevant entries before the concat operation.","category":"FutureWarning","filename":"/opt/airflow/dags/api_circuits_bronze_to_silver.py","lineno":94,"logger":"py.warnings"}
{"timestamp":"2026-02-16T15:12:28.113967Z","level":"info","event":"SKIP: valencia             (CSV priority)","logger":"task.stdout"}
{"timestamp":"2026-02-16T15:12:28.115008Z","level":"info","event":"SKIP: vegas                (duplicate, no change)","logger":"task.stdout"}
{"timestamp":"2026-02-16T15:12:28.120588Z","level":"info","event":"SKIP: villeneuve           (CSV priority)","logger":"task.stdout"}
{"timestamp":"2026-02-16T15:12:28.121573Z","level":"info","event":"ADD: watkins_glen         (new circuit from API, circuit_id10073)","logger":"task.stdout"}
{"timestamp":"2026-02-16T15:12:28.126009Z","level":"warning","event":"The behavior of DataFrame concatenation with empty or all-NA entries is deprecated. In a future version, this will no longer exclude empty or all-NA columns when determining the result dtypes. To retain the old behavior, exclude the relevant entries before the concat operation.","category":"FutureWarning","filename":"/opt/airflow/dags/api_circuits_bronze_to_silver.py","lineno":94,"logger":"py.warnings"}
{"timestamp":"2026-02-16T15:12:28.128201Z","level":"info","event":"SKIP: yas_marina           (CSV priority)","logger":"task.stdout"}
{"timestamp":"2026-02-16T15:12:28.129367Z","level":"info","event":"SKIP: yeongam              (CSV priority)","logger":"task.stdout"}
{"timestamp":"2026-02-16T15:12:28.130423Z","level":"info","event":"SKIP: zandvoort            (CSV priority)","logger":"task.stdout"}
{"timestamp":"2026-02-16T15:12:28.130992Z","level":"info","event":"ADD: zeltweg              (new circuit from API, circuit_id10077)","logger":"task.stdout"}
{"timestamp":"2026-02-16T15:12:28.134981Z","level":"warning","event":"The behavior of DataFrame concatenation with empty or all-NA entries is deprecated. In a future version, this will no longer exclude empty or all-NA columns when determining the result dtypes. To retain the old behavior, exclude the relevant entries before the concat operation.","category":"FutureWarning","filename":"/opt/airflow/dags/api_circuits_bronze_to_silver.py","lineno":94,"logger":"py.warnings"}
{"timestamp":"2026-02-16T15:12:28.136753Z","level":"info","event":"ADD: zolder               (new circuit from API, circuit_id10078)","logger":"task.stdout"}
{"timestamp":"2026-02-16T15:12:28.141615Z","level":"warning","event":"The behavior of DataFrame concatenation with empty or all-NA entries is deprecated. In a future version, this will no longer exclude empty or all-NA columns when determining the result dtypes. To retain the old behavior, exclude the relevant entries before the concat operation.","category":"FutureWarning","filename":"/opt/airflow/dags/api_circuits_bronze_to_silver.py","lineno":94,"logger":"py.warnings"}
{"timestamp":"2026-02-16T15:12:28.142734Z","level":"info","event":"Merge complete: 78 total constructors","logger":"task.stdout"}
{"timestamp":"2026-02-16T15:12:28.143436Z","level":"info","event":"","logger":"task.stdout"}
{"timestamp":"2026-02-16T15:12:28.143957Z","level":"info","event":"[STEP 5] Writing to Silver layer...","logger":"task.stdout"}
{"timestamp":"2026-02-16T15:12:28.180600Z","level":"info","event":"Uploaded dimensions/dim_circuit/dim_circuit.parquet (78 rows)","logger":"task.stdout"}
{"timestamp":"2026-02-16T15:12:28.187714Z","level":"info","event":"Written to: s3://f1-silver/dimensions/dim_circuit/dim_circuit.parquet","logger":"task.stdout"}
{"timestamp":"2026-02-16T15:12:28.188300Z","level":"info","event":"","logger":"task.stdout"}
{"timestamp":"2026-02-16T15:12:28.188786Z","level":"info","event":"======================================================================","logger":"task.stdout"}
{"timestamp":"2026-02-16T15:12:28.189248Z","level":"info","event":"BACKFILL SUMMARY","logger":"task.stdout"}
{"timestamp":"2026-02-16T15:12:28.189707Z","level":"info","event":"======================================================================","logger":"task.stdout"}
{"timestamp":"2026-02-16T15:12:28.190117Z","level":"info","event":"  Existing circuits in Silver: 35","logger":"task.stdout"}
{"timestamp":"2026-02-16T15:12:28.190509Z","level":"info","event":"  API circuits scraped: 78","logger":"task.stdout"}
{"timestamp":"2026-02-16T15:12:28.190939Z","level":"info","event":"  Final constructor count: 78","logger":"task.stdout"}
{"timestamp":"2026-02-16T15:12:28.191308Z","level":"info","event":"  New constructors added: 43","logger":"task.stdout"}
{"timestamp":"2026-02-16T15:12:28.191743Z","level":"info","event":"","logger":"task.stdout"}
{"timestamp":"2026-02-16T15:12:28.192121Z","level":"info","event":"  Final source breakdown:","logger":"task.stdout"}
{"timestamp":"2026-02-16T15:12:28.192428Z","level":"info","event":"    api            : 44","logger":"task.stdout"}
{"timestamp":"2026-02-16T15:12:28.192727Z","level":"info","event":"    f1_data.csv    : 34","logger":"task.stdout"}
{"timestamp":"2026-02-16T15:12:28.193110Z","level":"info","event":"","logger":"task.stdout"}
{"timestamp":"2026-02-16T15:12:28.193411Z","level":"info","event":"  circuit_id ranges:","logger":"task.stdout"}
{"timestamp":"2026-02-16T15:12:28.193702Z","level":"info","event":"f1_data.csv    : 1 - 79","logger":"task.stdout"}
{"timestamp":"2026-02-16T15:12:28.193994Z","level":"info","event":"api            : 10001 - 10078","logger":"task.stdout"}
{"timestamp":"2026-02-16T15:12:28.194298Z","level":"info","event":"======================================================================","logger":"task.stdout"}
{"timestamp":"2026-02-16T15:12:28.221833Z","level":"info","event":"Done. Returned value was: {'existing_count': 35, 'api_scraped': 78, 'final_count': 78, 'new_circuits_added': 43}","logger":"airflow.task.operators.airflow.providers.standard.operators.python.PythonOperator","filename":"python.py","lineno":216}
{"timestamp":"2026-02-16T15:12:28.222540Z","level":"info","event":"Pushing xcom","ti":"RuntimeTaskInstance(id=UUID('019c6702-2d3f-74f7-8273-7e69e28403d0'), task_id='backfill_dim_circuit', dag_id='api_circuits_bronze_to_silver', run_id='manual__2026-02-16T15:11:59+00:00', try_number=1, dag_version_id=UUID('019c667c-4769-7e99-9b03-b81247587bd5'), map_index=-1, hostname='9ffd7d06cb04', context_carrier={}, task=<Task(PythonOperator): backfill_dim_circuit>, bundle_instance=LocalDagBundle(name=dags-folder), max_tries=2, start_date=datetime.datetime(2026, 2, 16, 15, 12, 3, 478969, tzinfo=datetime.timezone.utc), end_date=None, state=<TaskInstanceState.RUNNING: 'running'>, is_mapped=False, rendered_map_index=None)","logger":"task","filename":"task_runner.py","lineno":1450}
