{"timestamp":"2026-02-16T13:08:56.256800Z","level":"info","event":"DAG bundles loaded: dags-folder","logger":"airflow.dag_processing.bundles.manager.DagBundlesManager","filename":"manager.py","lineno":179}
{"timestamp":"2026-02-16T13:08:56.259408Z","level":"info","event":"Filling up the DagBag from /opt/airflow/dags/api_laps_bronze_to_silver.py","logger":"airflow.models.dagbag.DagBag","filename":"dagbag.py","lineno":593}
{"timestamp":"2026-02-16T13:08:57.240862Z","level":"info","event":"","logger":"task.stdout"}
{"timestamp":"2026-02-16T13:08:57.241677Z","level":"info","event":"======================================================================","logger":"task.stdout"}
{"timestamp":"2026-02-16T13:08:57.242072Z","level":"info","event":"BACKFILLING LAP TIMES TO SILVER","logger":"task.stdout"}
{"timestamp":"2026-02-16T13:08:57.242434Z","level":"info","event":"======================================================================","logger":"task.stdout"}
{"timestamp":"2026-02-16T13:08:57.242772Z","level":"info","event":"","logger":"task.stdout"}
{"timestamp":"2026-02-16T13:08:57.494252Z","level":"info","event":"","logger":"task.stdout"}
{"timestamp":"2026-02-16T13:08:57.494843Z","level":"info","event":"[DEBUG] XCom data type: <class 'list'>","logger":"task.stdout"}
{"timestamp":"2026-02-16T13:08:57.495242Z","level":"info","event":"[DEBUG] XCom data length: 1440","logger":"task.stdout"}
{"timestamp":"2026-02-16T13:08:57.495627Z","level":"info","event":"[DEBUG] First record keys: ['lap', 'year', 'source', 'race_year', 'created_at', 'driver_ref', 'race_round', 'lap_minutes', 'lap_position', 'lap_milliseconds']","logger":"task.stdout"}
{"timestamp":"2026-02-16T13:08:57.496146Z","level":"info","event":"[DEBUG] First record sample: {'lap': 1, 'year': 2024, 'source': 'api', 'race_year': 2024, 'created_at': datetime.datetime(2026, 2, 16, 13, 8, 55, 697918), 'driver_ref': 'max_verstappen', 'race_round': 1, 'lap_minutes': '1:37.284', 'lap_position': 1, 'lap_milliseconds': 97283}","logger":"task.stdout"}
{"timestamp":"2026-02-16T13:08:57.510029Z","level":"info","event":"","logger":"task.stdout"}
{"timestamp":"2026-02-16T13:08:57.510609Z","level":"info","event":"[DEBUG] DataFrame shape: (1440, 10)","logger":"task.stdout"}
{"timestamp":"2026-02-16T13:08:57.514556Z","level":"info","event":"[DEBUG] DataFrame columns: ['lap', 'year', 'source', 'race_year', 'created_at', 'driver_ref', 'race_round', 'lap_minutes', 'lap_position', 'lap_milliseconds']","logger":"task.stdout"}
{"timestamp":"2026-02-16T13:08:57.515589Z","level":"info","event":"[DEBUG] DataFrame dtypes:","logger":"task.stdout"}
{"timestamp":"2026-02-16T13:08:57.516172Z","level":"info","event":"lap                          int64","logger":"task.stdout"}
{"timestamp":"2026-02-16T13:08:57.516637Z","level":"info","event":"year                         int64","logger":"task.stdout"}
{"timestamp":"2026-02-16T13:08:57.517146Z","level":"info","event":"source                      object","logger":"task.stdout"}
{"timestamp":"2026-02-16T13:08:57.517545Z","level":"info","event":"race_year                    int64","logger":"task.stdout"}
{"timestamp":"2026-02-16T13:08:57.517937Z","level":"info","event":"created_at          datetime64[ns]","logger":"task.stdout"}
{"timestamp":"2026-02-16T13:08:57.518298Z","level":"info","event":"driver_ref                  object","logger":"task.stdout"}
{"timestamp":"2026-02-16T13:08:57.518757Z","level":"info","event":"race_round                   int64","logger":"task.stdout"}
{"timestamp":"2026-02-16T13:08:57.519149Z","level":"info","event":"lap_minutes                 object","logger":"task.stdout"}
{"timestamp":"2026-02-16T13:08:57.519614Z","level":"info","event":"lap_position                 int64","logger":"task.stdout"}
{"timestamp":"2026-02-16T13:08:57.520046Z","level":"info","event":"lap_milliseconds             int64","logger":"task.stdout"}
{"timestamp":"2026-02-16T13:08:57.520440Z","level":"info","event":"dtype: object","logger":"task.stdout"}
{"timestamp":"2026-02-16T13:08:57.520851Z","level":"info","event":"","logger":"task.stdout"}
{"timestamp":"2026-02-16T13:08:57.521539Z","level":"info","event":"API laps loaded from XCom: 1,440","logger":"task.stdout"}
{"timestamp":"2026-02-16T13:08:57.522161Z","level":"info","event":"Loading dimensions for FK resolution...","logger":"task.stdout"}
{"timestamp":"2026-02-16T13:08:57.554142Z","level":"info","event":" Downloaded dimensions/dim_driver/dim_driver.parquet (81 rows)","logger":"task.stdout"}
{"timestamp":"2026-02-16T13:08:57.561211Z","level":"info","event":" Downloaded dimensions/dim_constructor/dim_constructor.parquet (21 rows)","logger":"task.stdout"}
{"timestamp":"2026-02-16T13:08:57.570440Z","level":"info","event":" Downloaded dimensions/dim_race/dim_race.parquet (280 rows)","logger":"task.stdout"}
{"timestamp":"2026-02-16T13:08:57.580663Z","level":"info","event":" Downloaded dimensions/dim_time/dim_time.parquet (6940 rows)","logger":"task.stdout"}
{"timestamp":"2026-02-16T13:08:57.581349Z","level":"info","event":"  dim_driver: 81 records","logger":"task.stdout"}
{"timestamp":"2026-02-16T13:08:57.582030Z","level":"info","event":"  dim_constructor: 21 records","logger":"task.stdout"}
{"timestamp":"2026-02-16T13:08:57.582696Z","level":"info","event":"  dim_race: 280 records","logger":"task.stdout"}
{"timestamp":"2026-02-16T13:08:57.583297Z","level":"info","event":"  dim_time: 6,940 records","logger":"task.stdout"}
{"timestamp":"2026-02-16T13:08:57.583910Z","level":"info","event":"","logger":"task.stdout"}
{"timestamp":"2026-02-16T13:08:57.584495Z","level":"info","event":"Building FK lookup maps...","logger":"task.stdout"}
{"timestamp":"2026-02-16T13:08:57.671148Z","level":"info","event":"","logger":"task.stdout"}
{"timestamp":"2026-02-16T13:08:57.671767Z","level":"info","event":"Building race-driver-constructor mapping from race results...","logger":"task.stdout"}
{"timestamp":"2026-02-16T13:08:57.691340Z","level":"info","event":" Downloaded facts/fact_race_results/year=2012/data.parquet (447 rows)","logger":"task.stdout"}
{"timestamp":"2026-02-16T13:08:57.759176Z","level":"info","event":" Downloaded facts/fact_race_results/year=2013/data.parquet (401 rows)","logger":"task.stdout"}
{"timestamp":"2026-02-16T13:08:57.832165Z","level":"info","event":" Downloaded facts/fact_race_results/year=2014/data.parquet (378 rows)","logger":"task.stdout"}
{"timestamp":"2026-02-16T13:08:57.894777Z","level":"info","event":" Downloaded facts/fact_race_results/year=2015/data.parquet (347 rows)","logger":"task.stdout"}
{"timestamp":"2026-02-16T13:08:57.956034Z","level":"info","event":" Downloaded facts/fact_race_results/year=2016/data.parquet (431 rows)","logger":"task.stdout"}
{"timestamp":"2026-02-16T13:08:58.046748Z","level":"info","event":" Downloaded facts/fact_race_results/year=2017/data.parquet (357 rows)","logger":"task.stdout"}
{"timestamp":"2026-02-16T13:08:58.113271Z","level":"info","event":" Downloaded facts/fact_race_results/year=2018/data.parquet (382 rows)","logger":"task.stdout"}
{"timestamp":"2026-02-16T13:08:58.178506Z","level":"info","event":" Downloaded facts/fact_race_results/year=2019/data.parquet (409 rows)","logger":"task.stdout"}
{"timestamp":"2026-02-16T13:08:58.239920Z","level":"info","event":" Downloaded facts/fact_race_results/year=2020/data.parquet (313 rows)","logger":"task.stdout"}
{"timestamp":"2026-02-16T13:08:58.297917Z","level":"info","event":" Downloaded facts/fact_race_results/year=2021/data.parquet (397 rows)","logger":"task.stdout"}
{"timestamp":"2026-02-16T13:08:58.357691Z","level":"info","event":" Downloaded facts/fact_race_results/year=2022/data.parquet (410 rows)","logger":"task.stdout"}
{"timestamp":"2026-02-16T13:08:58.427135Z","level":"info","event":" Downloaded facts/fact_race_results/year=2023/data.parquet (230 rows)","logger":"task.stdout"}
{"timestamp":"2026-02-16T13:08:58.482442Z","level":"info","event":" Downloaded facts/fact_race_results/year=2024/data.parquet (100 rows)","logger":"task.stdout"}
{"timestamp":"2026-02-16T13:08:58.527784Z","level":"info","event":" Downloaded facts/fact_race_results/year=2025/data.parquet (100 rows)","logger":"task.stdout"}
{"timestamp":"2026-02-16T13:08:58.566940Z","level":"info","event":"  Built race-driver-constructor mapping: 4,702 entries","logger":"task.stdout"}
{"timestamp":"2026-02-16T13:08:58.567651Z","level":"info","event":"","logger":"task.stdout"}
{"timestamp":"2026-02-16T13:08:58.568280Z","level":"info","event":"Loading existing Silver laps...","logger":"task.stdout"}
{"timestamp":"2026-02-16T13:08:58.679409Z","level":"info","event":" Downloaded facts/fact_laps/fact_laps.parquet (256836 rows)","logger":"task.stdout"}
{"timestamp":"2026-02-16T13:08:58.686147Z","level":"info","event":" Downloaded facts/fact_laps/year=2024/data.parquet (720 rows)","logger":"task.stdout"}
{"timestamp":"2026-02-16T13:08:58.693155Z","level":"info","event":" Downloaded facts/fact_laps/year=2025/data.parquet (720 rows)","logger":"task.stdout"}
{"timestamp":"2026-02-16T13:08:58.699116Z","level":"info","event":" Downloaded facts/fact_laps/year=None/data.parquet (0 rows)","logger":"task.stdout"}
{"timestamp":"2026-02-16T13:08:58.729324Z","level":"warning","event":"The behavior of DataFrame concatenation with empty or all-NA entries is deprecated. In a future version, this will no longer exclude empty or all-NA columns when determining the result dtypes. To retain the old behavior, exclude the relevant entries before the concat operation.","category":"FutureWarning","filename":"/opt/airflow/dags/api_laps_bronze_to_silver.py","lineno":483,"logger":"py.warnings"}
{"timestamp":"2026-02-16T13:08:58.730201Z","level":"info","event":"Existing laps loaded: 258,276","logger":"task.stdout"}
{"timestamp":"2026-02-16T13:08:58.730633Z","level":"info","event":"","logger":"task.stdout"}
{"timestamp":"2026-02-16T13:08:58.731028Z","level":"info","event":"======================================================================","logger":"task.stdout"}
{"timestamp":"2026-02-16T13:08:58.732073Z","level":"info","event":"MERGING LAPS: CSV + API","logger":"task.stdout"}
{"timestamp":"2026-02-16T13:08:58.732828Z","level":"info","event":"======================================================================","logger":"task.stdout"}
{"timestamp":"2026-02-16T13:08:58.733232Z","level":"info","event":"Existing laps: 258,276 (from CSV and previous API runs)","logger":"task.stdout"}
{"timestamp":"2026-02-16T13:08:58.925287Z","level":"info","event":"  CSV laps (preserve): 256,836","logger":"task.stdout"}
{"timestamp":"2026-02-16T13:08:58.925919Z","level":"info","event":"  API laps (existing): 1,440","logger":"task.stdout"}
{"timestamp":"2026-02-16T13:09:57.469268Z","level":"info","event":"","logger":"task.stdout"}
{"timestamp":"2026-02-16T13:09:57.469979Z","level":"info","event":"  API laps processed: 1,440","logger":"task.stdout"}
{"timestamp":"2026-02-16T13:09:57.470559Z","level":"info","event":"  API laps skipped (CSV exists): 0","logger":"task.stdout"}
{"timestamp":"2026-02-16T13:09:57.471050Z","level":"info","event":"  API laps to add (new): 1,440","logger":"task.stdout"}
{"timestamp":"2026-02-16T13:09:57.502178Z","level":"info","event":"","logger":"task.stdout"}
{"timestamp":"2026-02-16T13:09:57.502822Z","level":"info","event":"  [DEBUG] CSV columns (13): ['_match_key', 'constructor_key', 'created_at', 'driver_key', 'lap', 'lap_key', 'lap_milliseconds', 'lap_minutes', 'lap_position', 'race_key', 'source', 'time_key', 'year']","logger":"task.stdout"}
{"timestamp":"2026-02-16T13:09:57.503378Z","level":"info","event":"  [DEBUG] API columns (12): ['_match_key', 'constructor_key', 'created_at', 'driver_key', 'lap', 'lap_milliseconds', 'lap_minutes', 'lap_position', 'race_key', 'source', 'time_key', 'year']","logger":"task.stdout"}
{"timestamp":"2026-02-16T13:09:57.504029Z","level":"info","event":"  [DEBUG] CSV dtypes:","logger":"task.stdout"}
{"timestamp":"2026-02-16T13:09:57.504550Z","level":"info","event":"lap_key                      int64","logger":"task.stdout"}
{"timestamp":"2026-02-16T13:09:57.505048Z","level":"info","event":"lap                          int64","logger":"task.stdout"}
{"timestamp":"2026-02-16T13:09:57.505610Z","level":"info","event":"lap_position                 int64","logger":"task.stdout"}
{"timestamp":"2026-02-16T13:09:57.506842Z","level":"info","event":"lap_minutes                 object","logger":"task.stdout"}
{"timestamp":"2026-02-16T13:09:57.507718Z","level":"info","event":"lap_milliseconds             int64","logger":"task.stdout"}
{"timestamp":"2026-02-16T13:09:57.508258Z","level":"info","event":"driver_key                   int64","logger":"task.stdout"}
{"timestamp":"2026-02-16T13:09:57.508768Z","level":"info","event":"constructor_key            float64","logger":"task.stdout"}
{"timestamp":"2026-02-16T13:09:57.509221Z","level":"info","event":"race_key                     int64","logger":"task.stdout"}
{"timestamp":"2026-02-16T13:09:57.509595Z","level":"info","event":"time_key                     int64","logger":"task.stdout"}
{"timestamp":"2026-02-16T13:09:57.509983Z","level":"info","event":"created_at          datetime64[us]","logger":"task.stdout"}
{"timestamp":"2026-02-16T13:09:57.510345Z","level":"info","event":"source                      object","logger":"task.stdout"}
{"timestamp":"2026-02-16T13:09:57.510700Z","level":"info","event":"year                       float64","logger":"task.stdout"}
{"timestamp":"2026-02-16T13:09:57.511051Z","level":"info","event":"_match_key                  object","logger":"task.stdout"}
{"timestamp":"2026-02-16T13:09:57.511409Z","level":"info","event":"dtype: object","logger":"task.stdout"}
{"timestamp":"2026-02-16T13:09:57.511940Z","level":"info","event":"  [DEBUG] API dtypes:","logger":"task.stdout"}
{"timestamp":"2026-02-16T13:09:57.512310Z","level":"info","event":"lap                          int64","logger":"task.stdout"}
{"timestamp":"2026-02-16T13:09:57.512703Z","level":"info","event":"year                         int64","logger":"task.stdout"}
{"timestamp":"2026-02-16T13:09:57.513085Z","level":"info","event":"source                      object","logger":"task.stdout"}
{"timestamp":"2026-02-16T13:09:57.513479Z","level":"info","event":"created_at          datetime64[ns]","logger":"task.stdout"}
{"timestamp":"2026-02-16T13:09:57.513884Z","level":"info","event":"lap_minutes                 object","logger":"task.stdout"}
{"timestamp":"2026-02-16T13:09:57.514347Z","level":"info","event":"lap_position                 int64","logger":"task.stdout"}
{"timestamp":"2026-02-16T13:09:57.514820Z","level":"info","event":"lap_milliseconds             int64","logger":"task.stdout"}
{"timestamp":"2026-02-16T13:09:57.515495Z","level":"info","event":"driver_key                   int64","logger":"task.stdout"}
{"timestamp":"2026-02-16T13:09:57.515996Z","level":"info","event":"race_key                     int64","logger":"task.stdout"}
{"timestamp":"2026-02-16T13:09:57.516445Z","level":"info","event":"constructor_key            float64","logger":"task.stdout"}
{"timestamp":"2026-02-16T13:09:57.516815Z","level":"info","event":"time_key                     int64","logger":"task.stdout"}
{"timestamp":"2026-02-16T13:09:57.517237Z","level":"info","event":"_match_key                  object","logger":"task.stdout"}
{"timestamp":"2026-02-16T13:09:57.517613Z","level":"info","event":"dtype: object","logger":"task.stdout"}
{"timestamp":"2026-02-16T13:09:57.527091Z","level":"info","event":"  [DEBUG] Columns only in CSV: {'lap_key'}","logger":"task.stdout"}
{"timestamp":"2026-02-16T13:09:57.528276Z","level":"info","event":"  [DEBUG] After alignment - CSV: 13 cols, API: 12 cols","logger":"task.stdout"}
{"timestamp":"2026-02-16T13:09:57.833333Z","level":"info","event":"","logger":"task.stdout"}
{"timestamp":"2026-02-16T13:09:57.837445Z","level":"info","event":"Final merged dataset: 258,276 lap times","logger":"task.stdout"}
{"timestamp":"2026-02-16T13:09:57.838085Z","level":"info","event":"======================================================================","logger":"task.stdout"}
{"timestamp":"2026-02-16T13:09:57.838521Z","level":"info","event":"","logger":"task.stdout"}
{"timestamp":"2026-02-16T13:09:57.860833Z","level":"info","event":"Writing to Silver (partitioned by year)...","logger":"task.stdout"}
{"timestamp":"2026-02-16T13:09:57.886930Z","level":"info","event":"Uploaded facts/fact_laps/year=2024.0/data.parquet (720 rows)","logger":"task.stdout"}
{"timestamp":"2026-02-16T13:09:57.887767Z","level":"info","event":"  facts/fact_laps/year=2024.0/data.parquet: 720 records","logger":"task.stdout"}
{"timestamp":"2026-02-16T13:09:57.905706Z","level":"info","event":"Uploaded facts/fact_laps/year=2025.0/data.parquet (720 rows)","logger":"task.stdout"}
{"timestamp":"2026-02-16T13:09:57.906631Z","level":"info","event":"  facts/fact_laps/year=2025.0/data.parquet: 720 records","logger":"task.stdout"}
{"timestamp":"2026-02-16T13:09:57.926380Z","level":"info","event":"Uploaded facts/fact_laps/year=nan/data.parquet (0 rows)","logger":"task.stdout"}
{"timestamp":"2026-02-16T13:09:57.927111Z","level":"info","event":"  facts/fact_laps/year=nan/data.parquet: 0 records","logger":"task.stdout"}
{"timestamp":"2026-02-16T13:09:57.927592Z","level":"info","event":"","logger":"task.stdout"}
{"timestamp":"2026-02-16T13:09:57.928031Z","level":"info","event":"Backfill complete: 258,276 lap times in Silver","logger":"task.stdout"}
{"timestamp":"2026-02-16T13:09:58.009057Z","level":"info","event":"","logger":"task.stdout"}
{"timestamp":"2026-02-16T13:09:58.009707Z","level":"info","event":"======================================================================","logger":"task.stdout"}
{"timestamp":"2026-02-16T13:09:58.013310Z","level":"info","event":"BACKFILL SUMMARY","logger":"task.stdout"}
{"timestamp":"2026-02-16T13:09:58.013803Z","level":"info","event":"======================================================================","logger":"task.stdout"}
{"timestamp":"2026-02-16T13:09:58.014159Z","level":"info","event":"total_laps: 258276","logger":"task.stdout"}
{"timestamp":"2026-02-16T13:09:58.014555Z","level":"info","event":"csv_laps: 256836","logger":"task.stdout"}
{"timestamp":"2026-02-16T13:09:58.014934Z","level":"info","event":"api_laps: 1440","logger":"task.stdout"}
{"timestamp":"2026-02-16T13:09:58.015332Z","level":"info","event":"years_covered: 2024-2025","logger":"task.stdout"}
{"timestamp":"2026-02-16T13:09:58.015758Z","level":"info","event":"partitions_written: 3","logger":"task.stdout"}
{"timestamp":"2026-02-16T13:09:58.016151Z","level":"info","event":"======================================================================","logger":"task.stdout"}
{"timestamp":"2026-02-16T13:09:58.016513Z","level":"info","event":"","logger":"task.stdout"}
{"timestamp":"2026-02-16T13:09:58.074474Z","level":"info","event":"Done. Returned value was: {'total_laps': 258276, 'csv_laps': 256836, 'api_laps': 1440, 'years_covered': '2024-2025', 'partitions_written': 3}","logger":"airflow.task.operators.airflow.providers.standard.operators.python.PythonOperator","filename":"python.py","lineno":216}
{"timestamp":"2026-02-16T13:09:58.075015Z","level":"info","event":"Pushing xcom","ti":"RuntimeTaskInstance(id=UUID('019c6680-21fa-7123-b996-918195c562fc'), task_id='backfill_laps_to_silver', dag_id='api_laps_bronze_to_silver', run_id='manual__2026-02-16T12:49:58.184777+00:00', try_number=1, dag_version_id=UUID('019c667c-b560-75d2-b92d-faca887264cb'), map_index=-1, hostname='9ffd7d06cb04', context_carrier={}, task=<Task(PythonOperator): backfill_laps_to_silver>, bundle_instance=LocalDagBundle(name=dags-folder), max_tries=2, start_date=datetime.datetime(2026, 2, 16, 13, 8, 56, 176234, tzinfo=datetime.timezone.utc), end_date=None, state=<TaskInstanceState.RUNNING: 'running'>, is_mapped=False, rendered_map_index=None)","logger":"task","filename":"task_runner.py","lineno":1450}
