{"timestamp":"2026-02-15T18:24:15.415209Z","level":"info","event":"DAG bundles loaded: dags-folder","logger":"airflow.dag_processing.bundles.manager.DagBundlesManager","filename":"manager.py","lineno":179}
{"timestamp":"2026-02-15T18:24:15.425954Z","level":"info","event":"Filling up the DagBag from /opt/airflow/dags/weekly_streaming_pipeline.py","logger":"airflow.models.dagbag.DagBag","filename":"dagbag.py","lineno":593}
{"timestamp":"2026-02-15T18:24:20.278763Z","level":"info","event":"","logger":"task.stdout"}
{"timestamp":"2026-02-15T18:24:20.280123Z","level":"info","event":"[PRODUCER] Starting fact_driver_standings production...","logger":"task.stdout"}
{"timestamp":"2026-02-15T18:24:20.284428Z","level":"info","event":"<BrokerConnection client_id=f1-streaming-pipeline, node_id=bootstrap-0 host=kafka:29092 <connecting> [IPv4 ('172.18.0.4', 29092)]>: connecting to kafka:29092 [('172.18.0.4', 29092) IPv4]","logger":"kafka.conn","filename":"conn.py","lineno":395}
{"timestamp":"2026-02-15T18:24:20.291962Z","level":"info","event":"<BrokerConnection client_id=f1-streaming-pipeline, node_id=bootstrap-0 host=kafka:29092 <checking_api_versions_recv> [IPv4 ('172.18.0.4', 29092)]>: Broker version identified as 2.6","logger":"kafka.conn","filename":"conn.py","lineno":615}
{"timestamp":"2026-02-15T18:24:20.297126Z","level":"info","event":"<BrokerConnection client_id=f1-streaming-pipeline, node_id=bootstrap-0 host=kafka:29092 <connected> [IPv4 ('172.18.0.4', 29092)]>: Connection complete.","logger":"kafka.conn","filename":"conn.py","lineno":456}
{"timestamp":"2026-02-15T18:24:20.304177Z","level":"info","event":"","logger":"task.stdout"}
{"timestamp":"2026-02-15T18:24:20.305359Z","level":"info","event":"======================================================================","logger":"task.stdout"}
{"timestamp":"2026-02-15T18:24:20.306256Z","level":"info","event":"PRODUCING DRIVER STANDINGS FOR 2026 → Kafka Topic: fact-driver-standings","logger":"task.stdout"}
{"timestamp":"2026-02-15T18:24:20.306818Z","level":"info","event":"======================================================================","logger":"task.stdout"}
{"timestamp":"2026-02-15T18:24:20.307377Z","level":"info","event":"","logger":"task.stdout"}
{"timestamp":"2026-02-15T18:24:20.307936Z","level":"info","event":"","logger":"task.stdout"}
{"timestamp":"2026-02-15T18:24:20.308493Z","level":"info","event":"======================================================================","logger":"task.stdout"}
{"timestamp":"2026-02-15T18:24:20.309018Z","level":"info","event":"SCRAPING DRIVER STANDINGS FROM ERGAST API: 2026-2026","logger":"task.stdout"}
{"timestamp":"2026-02-15T18:24:20.309820Z","level":"info","event":"======================================================================","logger":"task.stdout"}
{"timestamp":"2026-02-15T18:24:20.310370Z","level":"info","event":"","logger":"task.stdout"}
{"timestamp":"2026-02-15T18:24:20.310930Z","level":"info","event":"Fetching driver standings for 2026...","logger":"task.stdout"}
{"timestamp":"2026-02-15T18:24:42.523841Z","level":"info","event":"0 standings found for 2026","logger":"task.stdout"}
{"timestamp":"2026-02-15T18:24:42.527939Z","level":"info","event":"","logger":"task.stdout"}
{"timestamp":"2026-02-15T18:24:42.528529Z","level":"info","event":"======================================================================","logger":"task.stdout"}
{"timestamp":"2026-02-15T18:24:42.529133Z","level":"info","event":"SCRAPING COMPLETE","logger":"task.stdout"}
{"timestamp":"2026-02-15T18:24:42.529894Z","level":"info","event":"Total records: 0","logger":"task.stdout"}
{"timestamp":"2026-02-15T18:24:42.530487Z","level":"info","event":"Years covered: 2026-2026","logger":"task.stdout"}
{"timestamp":"2026-02-15T18:24:42.531323Z","level":"info","event":"======================================================================","logger":"task.stdout"}
{"timestamp":"2026-02-15T18:24:42.531970Z","level":"info","event":"","logger":"task.stdout"}
{"timestamp":"2026-02-15T18:24:42.532586Z","level":"info","event":"Transforming API data to Silver schema...","logger":"task.stdout"}
{"timestamp":"2026-02-15T18:24:42.533240Z","level":"info","event":"No data found - returning empty DataFrame with schema: ['ds_id', 'driver_ref', 'constructor_ref', 'race_year', 'race_round', 'ds_position', 'ds_points', 'ds_wins', 'year', 'source', 'created_at']","logger":"task.stdout"}
{"timestamp":"2026-02-15T18:24:42.533947Z","level":"info","event":"⚠️  No driver standings found for 2026","logger":"task.stdout"}
{"timestamp":"2026-02-15T18:24:42.531497Z","level":"info","event":"<KafkaProducer client_id=f1-streaming-pipeline transactional_id=None>: Closing the Kafka producer with 9223372036.0 secs timeout.","logger":"kafka.producer.kafka","filename":"kafka.py","lineno":630}
{"timestamp":"2026-02-15T18:24:42.532521Z","level":"info","event":"<BrokerConnection client_id=f1-streaming-pipeline, node_id=bootstrap-0 host=kafka:29092 <connected> [IPv4 ('172.18.0.4', 29092)]>: Closing connection. ","logger":"kafka.conn","filename":"conn.py","lineno":936}
{"timestamp":"2026-02-15T18:24:42.570861Z","level":"info","event":"[PRODUCER] Completed: {'sent': 0, 'failed': 0}","logger":"task.stdout"}
{"timestamp":"2026-02-15T18:24:42.576041Z","level":"info","event":"Done. Returned value was: {'sent': 0, 'failed': 0}","logger":"airflow.task.operators.airflow.providers.standard.operators.python.PythonOperator","filename":"python.py","lineno":216}
{"timestamp":"2026-02-15T18:24:42.578035Z","level":"info","event":"Pushing xcom","ti":"RuntimeTaskInstance(id=UUID('019c628b-bfaf-71b1-906d-3f16b99286a4'), task_id='produce_fact_driver_standings', dag_id='weekly_streaming_f1_etl', run_id='manual__2026-02-15T18:24:10+00:00', try_number=1, dag_version_id=UUID('019c61bd-e638-74f5-b658-bbd5e8d757b9'), map_index=-1, hostname='eaafa8aeb24e', context_carrier={}, task=<Task(PythonOperator): produce_fact_driver_standings>, bundle_instance=LocalDagBundle(name=dags-folder), max_tries=2, start_date=datetime.datetime(2026, 2, 15, 18, 24, 14, 928701, tzinfo=datetime.timezone.utc), end_date=None, state=<TaskInstanceState.RUNNING: 'running'>, is_mapped=False, rendered_map_index=None)","logger":"task","filename":"task_runner.py","lineno":1450}
