{"timestamp":"2026-02-17T10:49:09.887070Z","level":"info","event":"DAG bundles loaded: dags-folder","logger":"airflow.dag_processing.bundles.manager.DagBundlesManager","filename":"manager.py","lineno":179}
{"timestamp":"2026-02-17T10:49:09.893658Z","level":"info","event":"Filling up the DagBag from /opt/airflow/dags/kafka_unified_pipeline.py","logger":"airflow.models.dagbag.DagBag","filename":"dagbag.py","lineno":593}
{"timestamp":"2026-02-17T10:49:13.977729Z","level":"warning","event":"The `airflow.utils.task_group.TaskGroup` attribute is deprecated. Please use `'airflow.sdk.TaskGroup'`.","category":"DeprecatedImportWarning","filename":"/opt/airflow/dags/kafka_unified_pipeline.py","lineno":36,"logger":"py.warnings"}
{"timestamp":"2026-02-17T10:49:13.978216Z","level":"warning","event":"The `airflow.operators.trigger_dagrun.TriggerDagRunOperator` attribute is deprecated. Please use `'airflow.providers.standard.operators.trigger_dagrun.TriggerDagRunOperator'`.","category":"DeprecatedImportWarning","filename":"/opt/airflow/dags/kafka_producer_pipeline.py","lineno":35,"logger":"py.warnings"}
{"timestamp":"2026-02-17T10:49:14.062550Z","level":"info","event":"======================================================================","logger":"task.stdout"}
{"timestamp":"2026-02-17T10:49:14.063506Z","level":"info","event":"PRODUCER: dim_circuit  (new venues)","logger":"task.stdout"}
{"timestamp":"2026-02-17T10:49:14.070253Z","level":"info","event":"======================================================================","logger":"task.stdout"}
{"timestamp":"2026-02-17T10:49:14.071081Z","level":"info","event":"","logger":"task.stdout"}
{"timestamp":"2026-02-17T10:49:14.071656Z","level":"info","event":"======================================================================","logger":"task.stdout"}
{"timestamp":"2026-02-17T10:49:14.072267Z","level":"info","event":"SCRAPING ALL CIRCUITS FROM API","logger":"task.stdout"}
{"timestamp":"2026-02-17T10:49:14.073074Z","level":"info","event":"======================================================================","logger":"task.stdout"}
{"timestamp":"2026-02-17T10:49:14.073706Z","level":"info","event":"","logger":"task.stdout"}
{"timestamp":"2026-02-17T10:49:14.074291Z","level":"info","event":"Fetching circuits (offset=0, limit=100)...","logger":"task.stdout"}
{"timestamp":"2026-02-17T10:49:36.130573Z","level":"info","event":"Fetched 78 circuits (total so far: 78/78)","logger":"task.stdout"}
{"timestamp":"2026-02-17T10:49:36.131708Z","level":"info","event":"","logger":"task.stdout"}
{"timestamp":"2026-02-17T10:49:36.132076Z","level":"info","event":"======================================================================","logger":"task.stdout"}
{"timestamp":"2026-02-17T10:49:36.132492Z","level":"info","event":"SCRAPING COMPLETE","logger":"task.stdout"}
{"timestamp":"2026-02-17T10:49:36.132960Z","level":"info","event":"Total records: 78","logger":"task.stdout"}
{"timestamp":"2026-02-17T10:49:36.133609Z","level":"info","event":"Unique circuits (by circuitId): 78","logger":"task.stdout"}
{"timestamp":"2026-02-17T10:49:36.134065Z","level":"info","event":"======================================================================","logger":"task.stdout"}
{"timestamp":"2026-02-17T10:49:36.134657Z","level":"info","event":"","logger":"task.stdout"}
{"timestamp":"2026-02-17T10:49:36.135154Z","level":"info","event":"Transforming API data to Silver schema...","logger":"task.stdout"}
{"timestamp":"2026-02-17T10:49:36.135687Z","level":"info","event":"Deduplication: 78 records → 78 unique circuits","logger":"task.stdout"}
{"timestamp":"2026-02-17T10:49:36.137410Z","level":"info","event":"Sorted by circuitId for stable circuit_id generation","logger":"task.stdout"}
{"timestamp":"2026-02-17T10:49:36.141363Z","level":"info","event":"Transformed 78 circuits to Silver schema","logger":"task.stdout"}
{"timestamp":"2026-02-17T10:49:36.141920Z","level":"info","event":"Source: api","logger":"task.stdout"}
{"timestamp":"2026-02-17T10:49:36.142331Z","level":"info","event":"circuit_id range: 10001 - 10078","logger":"task.stdout"}
{"timestamp":"2026-02-17T10:49:36.179551Z","level":"info","event":" Downloaded dimensions/dim_circuit/dim_circuit.parquet (78 rows)","logger":"task.stdout"}
{"timestamp":"2026-02-17T10:49:36.184753Z","level":"info","event":"  No new circuits found","logger":"task.stdout"}
{"timestamp":"2026-02-17T10:49:36.203309Z","level":"info","event":"Done. Returned value was: {'new_count': 0}","logger":"airflow.task.operators.airflow.providers.standard.operators.python.PythonOperator","filename":"python.py","lineno":216}
{"timestamp":"2026-02-17T10:49:36.203989Z","level":"info","event":"Pushing xcom","ti":"RuntimeTaskInstance(id=UUID('019c6b37-d8b3-7e3a-b94e-1f88011ec5e5'), task_id='producer.scrape_publish_circuits', dag_id='weekly_f1_pipeline', run_id='scheduled__2026-02-16T08:00:00+00:00', try_number=1, dag_version_id=UUID('019c6b37-d599-7f51-9b3b-b44b154d56ed'), map_index=-1, hostname='9ffd7d06cb04', context_carrier={}, task=<Task(PythonOperator): producer.scrape_publish_circuits>, bundle_instance=LocalDagBundle(name=dags-folder), max_tries=2, start_date=datetime.datetime(2026, 2, 17, 10, 49, 9, 675105, tzinfo=datetime.timezone.utc), end_date=None, state=<TaskInstanceState.RUNNING: 'running'>, is_mapped=False, rendered_map_index=None)","logger":"task","filename":"task_runner.py","lineno":1450}
{"timestamp":"2026-02-18T07:55:34.605132Z","level":"info","event":"DAG bundles loaded: dags-folder","logger":"airflow.dag_processing.bundles.manager.DagBundlesManager","filename":"manager.py","lineno":179}
{"timestamp":"2026-02-18T07:55:34.609148Z","level":"info","event":"Filling up the DagBag from /opt/airflow/dags/weekly_f1_pipeline.py","logger":"airflow.models.dagbag.DagBag","filename":"dagbag.py","lineno":593}
{"timestamp":"2026-02-18T07:55:38.739527Z","level":"warning","event":"The `airflow.utils.task_group.TaskGroup` attribute is deprecated. Please use `'airflow.sdk.TaskGroup'`.","category":"DeprecatedImportWarning","filename":"/opt/airflow/dags/weekly_f1_pipeline.py","lineno":36,"logger":"py.warnings"}
{"timestamp":"2026-02-18T07:55:38.742726Z","level":"warning","event":"The `airflow.operators.trigger_dagrun.TriggerDagRunOperator` attribute is deprecated. Please use `'airflow.providers.standard.operators.trigger_dagrun.TriggerDagRunOperator'`.","category":"DeprecatedImportWarning","filename":"/opt/airflow/dags/kafka_producer_pipeline.py","lineno":35,"logger":"py.warnings"}
{"timestamp":"2026-02-18T07:55:38.824793Z","level":"info","event":"======================================================================","logger":"task.stdout"}
{"timestamp":"2026-02-18T07:55:38.826338Z","level":"info","event":"PRODUCER: dim_circuit  (new venues)","logger":"task.stdout"}
{"timestamp":"2026-02-18T07:55:38.827048Z","level":"info","event":"======================================================================","logger":"task.stdout"}
{"timestamp":"2026-02-18T07:55:38.827318Z","level":"info","event":"","logger":"task.stdout"}
{"timestamp":"2026-02-18T07:55:38.827529Z","level":"info","event":"======================================================================","logger":"task.stdout"}
{"timestamp":"2026-02-18T07:55:38.827869Z","level":"info","event":"SCRAPING ALL CIRCUITS FROM API","logger":"task.stdout"}
{"timestamp":"2026-02-18T07:55:38.829234Z","level":"info","event":"======================================================================","logger":"task.stdout"}
{"timestamp":"2026-02-18T07:55:38.829941Z","level":"info","event":"","logger":"task.stdout"}
{"timestamp":"2026-02-18T07:55:38.830231Z","level":"info","event":"Fetching circuits (offset=0, limit=100)...","logger":"task.stdout"}
{"timestamp":"2026-02-18T07:55:55.487229Z","level":"error","event":"Server indicated the task shouldn't be running anymore. Terminating process","detail":{"detail":{"reason":"not_running","message":"TI is no longer in the running state and task should terminate","current_state":"failed"}},"logger":"task"}
{"timestamp":"2026-02-18T07:56:00.637501Z","level":"error","event":"Task killed!","logger":"task"}
{"timestamp":"2026-02-18T08:56:14.729085Z","level":"info","event":"DAG bundles loaded: dags-folder","logger":"airflow.dag_processing.bundles.manager.DagBundlesManager","filename":"manager.py","lineno":179}
{"timestamp":"2026-02-18T08:56:14.737057Z","level":"info","event":"Filling up the DagBag from /opt/airflow/dags/weekly_f1_pipeline.py","logger":"airflow.models.dagbag.DagBag","filename":"dagbag.py","lineno":593}
{"timestamp":"2026-02-18T08:56:23.671475Z","level":"warning","event":"The `airflow.utils.task_group.TaskGroup` attribute is deprecated. Please use `'airflow.sdk.TaskGroup'`.","category":"DeprecatedImportWarning","filename":"/opt/airflow/dags/weekly_f1_pipeline.py","lineno":36,"logger":"py.warnings"}
{"timestamp":"2026-02-18T08:56:23.671613Z","level":"warning","event":"The `airflow.operators.trigger_dagrun.TriggerDagRunOperator` attribute is deprecated. Please use `'airflow.providers.standard.operators.trigger_dagrun.TriggerDagRunOperator'`.","category":"DeprecatedImportWarning","filename":"/opt/airflow/dags/kafka_producer_pipeline.py","lineno":35,"logger":"py.warnings"}
{"timestamp":"2026-02-18T08:56:23.821212Z","level":"info","event":"======================================================================","logger":"task.stdout"}
{"timestamp":"2026-02-18T08:56:23.821703Z","level":"info","event":"PRODUCER: dim_circuit  (new venues)","logger":"task.stdout"}
{"timestamp":"2026-02-18T08:56:23.822030Z","level":"info","event":"======================================================================","logger":"task.stdout"}
{"timestamp":"2026-02-18T08:56:23.822819Z","level":"info","event":"","logger":"task.stdout"}
{"timestamp":"2026-02-18T08:56:23.823084Z","level":"info","event":"======================================================================","logger":"task.stdout"}
{"timestamp":"2026-02-18T08:56:23.823320Z","level":"info","event":"SCRAPING ALL CIRCUITS FROM API","logger":"task.stdout"}
{"timestamp":"2026-02-18T08:56:23.823806Z","level":"info","event":"======================================================================","logger":"task.stdout"}
{"timestamp":"2026-02-18T08:56:23.824015Z","level":"info","event":"","logger":"task.stdout"}
{"timestamp":"2026-02-18T08:56:23.824214Z","level":"info","event":"Fetching circuits (offset=0, limit=100)...","logger":"task.stdout"}
{"timestamp":"2026-02-18T08:56:45.688857Z","level":"info","event":"Fetched 78 circuits (total so far: 78/78)","logger":"task.stdout"}
{"timestamp":"2026-02-18T08:56:45.692551Z","level":"info","event":"","logger":"task.stdout"}
{"timestamp":"2026-02-18T08:56:45.697087Z","level":"info","event":"======================================================================","logger":"task.stdout"}
{"timestamp":"2026-02-18T08:56:45.698078Z","level":"info","event":"SCRAPING COMPLETE","logger":"task.stdout"}
{"timestamp":"2026-02-18T08:56:45.698358Z","level":"info","event":"Total records: 78","logger":"task.stdout"}
{"timestamp":"2026-02-18T08:56:45.698641Z","level":"info","event":"Unique circuits (by circuitId): 78","logger":"task.stdout"}
{"timestamp":"2026-02-18T08:56:45.698920Z","level":"info","event":"======================================================================","logger":"task.stdout"}
{"timestamp":"2026-02-18T08:56:45.699177Z","level":"info","event":"","logger":"task.stdout"}
{"timestamp":"2026-02-18T08:56:45.701619Z","level":"info","event":"Transforming API data to Silver schema...","logger":"task.stdout"}
{"timestamp":"2026-02-18T08:56:45.704355Z","level":"info","event":"Deduplication: 78 records → 78 unique circuits","logger":"task.stdout"}
{"timestamp":"2026-02-18T08:56:45.706515Z","level":"info","event":"Sorted by circuitId for stable circuit_id generation","logger":"task.stdout"}
{"timestamp":"2026-02-18T08:56:45.706993Z","level":"info","event":"Transformed 78 circuits to Silver schema","logger":"task.stdout"}
{"timestamp":"2026-02-18T08:56:45.707798Z","level":"info","event":"Source: api","logger":"task.stdout"}
{"timestamp":"2026-02-18T08:56:45.708034Z","level":"info","event":"circuit_id range: 10001 - 10078","logger":"task.stdout"}
{"timestamp":"2026-02-18T08:56:45.973096Z","level":"info","event":" Downloaded dimensions/dim_circuit/dim_circuit.parquet (78 rows)","logger":"task.stdout"}
{"timestamp":"2026-02-18T08:56:46.004737Z","level":"info","event":"  No new circuits found","logger":"task.stdout"}
{"timestamp":"2026-02-18T08:56:46.108781Z","level":"info","event":"Done. Returned value was: {'new_count': 0}","logger":"airflow.task.operators.airflow.providers.standard.operators.python.PythonOperator","filename":"python.py","lineno":216}
{"timestamp":"2026-02-18T08:56:46.111098Z","level":"info","event":"Pushing xcom","ti":"RuntimeTaskInstance(id=UUID('019c6ff5-b47c-7d04-80b1-0ccce14c3b4f'), task_id='producer.scrape_publish_circuits', dag_id='weekly_f1_pipeline', run_id='scheduled__2026-02-16T08:00:00+00:00', try_number=1, dag_version_id=UUID('019c6ff5-b028-7014-b590-52b338429d0a'), map_index=-1, hostname='e4702b2ecf8f', context_carrier={}, task=<Task(PythonOperator): producer.scrape_publish_circuits>, bundle_instance=LocalDagBundle(name=dags-folder), max_tries=2, start_date=datetime.datetime(2026, 2, 18, 8, 56, 9, 965245, tzinfo=datetime.timezone.utc), end_date=None, state=<TaskInstanceState.RUNNING: 'running'>, is_mapped=False, rendered_map_index=None)","logger":"task","filename":"task_runner.py","lineno":1450}
