{"timestamp":"2026-02-18T12:22:16.330173Z","level":"info","event":"DAG bundles loaded: dags-folder","logger":"airflow.dag_processing.bundles.manager.DagBundlesManager","filename":"manager.py","lineno":179}
{"timestamp":"2026-02-18T12:22:16.369669Z","level":"info","event":"Filling up the DagBag from /opt/airflow/dags/api_constructorStandings_bronze.to_silver.py","logger":"airflow.models.dagbag.DagBag","filename":"dagbag.py","lineno":593}
{"timestamp":"2026-02-18T12:22:19.971113Z","level":"info","event":"======================================================================","logger":"task.stdout"}
{"timestamp":"2026-02-18T12:22:19.971589Z","level":"info","event":"F1 CONSTRUCTOR STANDINGS BACKFILL: ERGAST API -> SILVER","logger":"task.stdout"}
{"timestamp":"2026-02-18T12:22:19.972051Z","level":"info","event":"======================================================================","logger":"task.stdout"}
{"timestamp":"2026-02-18T12:22:19.978572Z","level":"info","event":"","logger":"task.stdout"}
{"timestamp":"2026-02-18T12:22:19.978935Z","level":"info","event":"[STEP 1] Scraping API...","logger":"task.stdout"}
{"timestamp":"2026-02-18T12:22:19.979165Z","level":"info","event":"","logger":"task.stdout"}
{"timestamp":"2026-02-18T12:22:19.980407Z","level":"info","event":"======================================================================","logger":"task.stdout"}
{"timestamp":"2026-02-18T12:22:19.981281Z","level":"info","event":"SCRAPING CONSTRUCTOR STANDINGS FROM ERGAST API: 2024-2025","logger":"task.stdout"}
{"timestamp":"2026-02-18T12:22:19.981610Z","level":"info","event":"======================================================================","logger":"task.stdout"}
{"timestamp":"2026-02-18T12:22:19.981830Z","level":"info","event":"","logger":"task.stdout"}
{"timestamp":"2026-02-18T12:22:19.982062Z","level":"info","event":"Fetching constructor standings for 2024...","logger":"task.stdout"}
{"timestamp":"2026-02-18T12:22:43.106845Z","level":"info","event":"10 standings found for 2024","logger":"task.stdout"}
{"timestamp":"2026-02-18T12:22:43.107242Z","level":"info","event":"Fetching constructor standings for 2025...","logger":"task.stdout"}
{"timestamp":"2026-02-18T12:23:04.475615Z","level":"info","event":"10 standings found for 2025","logger":"task.stdout"}
{"timestamp":"2026-02-18T12:23:04.478947Z","level":"info","event":"","logger":"task.stdout"}
{"timestamp":"2026-02-18T12:23:04.479226Z","level":"info","event":"======================================================================","logger":"task.stdout"}
{"timestamp":"2026-02-18T12:23:04.479429Z","level":"info","event":"SCRAPING COMPLETE","logger":"task.stdout"}
{"timestamp":"2026-02-18T12:23:04.479664Z","level":"info","event":"Total records: 20","logger":"task.stdout"}
{"timestamp":"2026-02-18T12:23:04.479885Z","level":"info","event":"Years covered: 2024-2025","logger":"task.stdout"}
{"timestamp":"2026-02-18T12:23:04.494696Z","level":"info","event":"Unique races: 2","logger":"task.stdout"}
{"timestamp":"2026-02-18T12:23:04.495026Z","level":"info","event":"======================================================================","logger":"task.stdout"}
{"timestamp":"2026-02-18T12:23:04.495261Z","level":"info","event":"","logger":"task.stdout"}
{"timestamp":"2026-02-18T12:23:04.495488Z","level":"info","event":"API scraping complete: 20 standing records","logger":"task.stdout"}
{"timestamp":"2026-02-18T12:23:04.495692Z","level":"info","event":"","logger":"task.stdout"}
{"timestamp":"2026-02-18T12:23:04.495897Z","level":"info","event":"[STEP 2] Transforming to Silver schema...","logger":"task.stdout"}
{"timestamp":"2026-02-18T12:23:04.496100Z","level":"info","event":"Transforming API data to Silver schema...","logger":"task.stdout"}
{"timestamp":"2026-02-18T12:23:04.502922Z","level":"info","event":"Sorted by year + round + position","logger":"task.stdout"}
{"timestamp":"2026-02-18T12:23:04.513563Z","level":"info","event":"Generated cs_id: 10000001 - 10000020","logger":"task.stdout"}
{"timestamp":"2026-02-18T12:23:04.520524Z","level":"info","event":"Transformed 20 standings to Silver schema","logger":"task.stdout"}
{"timestamp":"2026-02-18T12:23:04.520959Z","level":"info","event":"Source: api","logger":"task.stdout"}
{"timestamp":"2026-02-18T12:23:04.521499Z","level":"info","event":"cs_id range: 10000001 - 10000020","logger":"task.stdout"}
{"timestamp":"2026-02-18T12:23:04.521815Z","level":"info","event":"Transformation complete: 20 standings","logger":"task.stdout"}
{"timestamp":"2026-02-18T12:23:04.522123Z","level":"info","event":"cs_id range: 10000001 - 10000020","logger":"task.stdout"}
{"timestamp":"2026-02-18T12:23:04.522430Z","level":"info","event":"","logger":"task.stdout"}
{"timestamp":"2026-02-18T12:23:04.522837Z","level":"info","event":"[STEP 3] Loading dimensions for FK resolution...","logger":"task.stdout"}
{"timestamp":"2026-02-18T12:23:04.567494Z","level":"info","event":" Downloaded dimensions/dim_constructor/dim_constructor.parquet (21 rows)","logger":"task.stdout"}
{"timestamp":"2026-02-18T12:23:04.578047Z","level":"info","event":" Downloaded dimensions/dim_race/dim_race.parquet (280 rows)","logger":"task.stdout"}
{"timestamp":"2026-02-18T12:23:04.587061Z","level":"info","event":" Downloaded dimensions/dim_time/dim_time.parquet (6940 rows)","logger":"task.stdout"}
{"timestamp":"2026-02-18T12:23:04.587533Z","level":"info","event":"Loaded dimensions:","logger":"task.stdout"}
{"timestamp":"2026-02-18T12:23:04.587818Z","level":"info","event":"  - dim_constructor: 21 constructors","logger":"task.stdout"}
{"timestamp":"2026-02-18T12:23:04.588281Z","level":"info","event":"  - dim_race: 280 races","logger":"task.stdout"}
{"timestamp":"2026-02-18T12:23:04.588553Z","level":"info","event":"  - dim_time: 6,940 dates","logger":"task.stdout"}
{"timestamp":"2026-02-18T12:23:04.588847Z","level":"info","event":"","logger":"task.stdout"}
{"timestamp":"2026-02-18T12:23:04.589173Z","level":"info","event":"[STEP 4] Resolving foreign keys...","logger":"task.stdout"}
{"timestamp":"2026-02-18T12:23:04.612572Z","level":"info","event":"Created lookup dictionaries:","logger":"task.stdout"}
{"timestamp":"2026-02-18T12:23:04.613200Z","level":"info","event":"  - constructor_ref -> constructor_key: 21 entries","logger":"task.stdout"}
{"timestamp":"2026-02-18T12:23:04.613578Z","level":"info","event":"  - race_year+race_round -> race_key: 280 entries","logger":"task.stdout"}
{"timestamp":"2026-02-18T12:23:04.613881Z","level":"info","event":"  - race_date -> time_key: 6940 entries","logger":"task.stdout"}
{"timestamp":"2026-02-18T12:23:04.638945Z","level":"info","event":"All FKs resolved successfully","logger":"task.stdout"}
{"timestamp":"2026-02-18T12:23:04.639270Z","level":"info","event":"","logger":"task.stdout"}
{"timestamp":"2026-02-18T12:23:04.639537Z","level":"info","event":"[STEP 5] Loading existing Silver data...","logger":"task.stdout"}
{"timestamp":"2026-02-18T12:23:04.648695Z","level":"info","event":" Downloaded facts/fact_constructor_standings/fact_constructor_standings.parquet (2398 rows)","logger":"task.stdout"}
{"timestamp":"2026-02-18T12:23:04.649038Z","level":"info","event":"Loaded 2,398 existing standings from Silver","logger":"task.stdout"}
{"timestamp":"2026-02-18T12:23:04.650081Z","level":"info","event":"Existing sources: {'f1_data.csv': 2398}","logger":"task.stdout"}
{"timestamp":"2026-02-18T12:23:04.652847Z","level":"info","event":"","logger":"task.stdout"}
{"timestamp":"2026-02-18T12:23:04.653235Z","level":"info","event":"[STEP 6] Merging API data with existing Silver...","logger":"task.stdout"}
{"timestamp":"2026-02-18T12:23:04.653493Z","level":"info","event":"","logger":"task.stdout"}
{"timestamp":"2026-02-18T12:23:04.653701Z","level":"info","event":"  Merge Configuration:","logger":"task.stdout"}
{"timestamp":"2026-02-18T12:23:04.653899Z","level":"info","event":"Existing standings: 2,398","logger":"task.stdout"}
{"timestamp":"2026-02-18T12:23:04.654091Z","level":"info","event":"New API standings: 20","logger":"task.stdout"}
{"timestamp":"2026-02-18T12:23:04.654353Z","level":"info","event":"Merge key: cs_id (PRIMARY natural key)","logger":"task.stdout"}
{"timestamp":"2026-02-18T12:23:04.654549Z","level":"info","event":"","logger":"task.stdout"}
{"timestamp":"2026-02-18T12:23:04.654785Z","level":"info","event":"  Current max cs_key: 2398","logger":"task.stdout"}
{"timestamp":"2026-02-18T12:23:04.654995Z","level":"info","event":"","logger":"task.stdout"}
{"timestamp":"2026-02-18T12:23:04.655219Z","level":"info","event":"  Processing 20 API standings:","logger":"task.stdout"}
{"timestamp":"2026-02-18T12:23:04.655419Z","level":"info","event":"","logger":"task.stdout"}
{"timestamp":"2026-02-18T12:23:04.655656Z","level":"info","event":"ADD: cs_id=10000001 (new standing from API)","logger":"task.stdout"}
{"timestamp":"2026-02-18T12:23:04.670196Z","level":"info","event":"ADD: cs_id=10000002 (new standing from API)","logger":"task.stdout"}
{"timestamp":"2026-02-18T12:23:04.671073Z","level":"info","event":"ADD: cs_id=10000003 (new standing from API)","logger":"task.stdout"}
{"timestamp":"2026-02-18T12:23:04.679525Z","level":"info","event":"ADD: cs_id=10000004 (new standing from API)","logger":"task.stdout"}
{"timestamp":"2026-02-18T12:23:04.679884Z","level":"info","event":"ADD: cs_id=10000005 (new standing from API)","logger":"task.stdout"}
{"timestamp":"2026-02-18T12:23:04.680789Z","level":"info","event":"ADD: cs_id=10000006 (new standing from API)","logger":"task.stdout"}
{"timestamp":"2026-02-18T12:23:04.682669Z","level":"info","event":"ADD: cs_id=10000007 (new standing from API)","logger":"task.stdout"}
{"timestamp":"2026-02-18T12:23:04.695821Z","level":"info","event":"ADD: cs_id=10000008 (new standing from API)","logger":"task.stdout"}
{"timestamp":"2026-02-18T12:23:04.696069Z","level":"info","event":"ADD: cs_id=10000009 (new standing from API)","logger":"task.stdout"}
{"timestamp":"2026-02-18T12:23:04.696252Z","level":"info","event":"ADD: cs_id=10000010 (new standing from API)","logger":"task.stdout"}
{"timestamp":"2026-02-18T12:23:04.696427Z","level":"info","event":"ADD: cs_id=10000011 (new standing from API)","logger":"task.stdout"}
{"timestamp":"2026-02-18T12:23:04.696596Z","level":"info","event":"ADD: cs_id=10000012 (new standing from API)","logger":"task.stdout"}
{"timestamp":"2026-02-18T12:23:04.696829Z","level":"info","event":"ADD: cs_id=10000013 (new standing from API)","logger":"task.stdout"}
{"timestamp":"2026-02-18T12:23:04.698495Z","level":"info","event":"ADD: cs_id=10000014 (new standing from API)","logger":"task.stdout"}
{"timestamp":"2026-02-18T12:23:04.701352Z","level":"info","event":"ADD: cs_id=10000015 (new standing from API)","logger":"task.stdout"}
{"timestamp":"2026-02-18T12:23:04.707186Z","level":"info","event":"ADD: cs_id=10000016 (new standing from API)","logger":"task.stdout"}
{"timestamp":"2026-02-18T12:23:04.707579Z","level":"info","event":"ADD: cs_id=10000017 (new standing from API)","logger":"task.stdout"}
{"timestamp":"2026-02-18T12:23:04.707858Z","level":"info","event":"ADD: cs_id=10000018 (new standing from API)","logger":"task.stdout"}
{"timestamp":"2026-02-18T12:23:04.709823Z","level":"info","event":"ADD: cs_id=10000019 (new standing from API)","logger":"task.stdout"}
{"timestamp":"2026-02-18T12:23:04.711608Z","level":"info","event":"ADD: cs_id=10000020 (new standing from API)","logger":"task.stdout"}
{"timestamp":"2026-02-18T12:23:04.722217Z","level":"info","event":"Merge complete: 2,418 total standings","logger":"task.stdout"}
{"timestamp":"2026-02-18T12:23:04.726084Z","level":"info","event":"","logger":"task.stdout"}
{"timestamp":"2026-02-18T12:23:04.726512Z","level":"info","event":"[STEP 7] Writing to Silver layer...","logger":"task.stdout"}
{"timestamp":"2026-02-18T12:23:04.760840Z","level":"info","event":"Uploaded facts/fact_constructor_standings/fact_constructor_standings.parquet (2418 rows)","logger":"task.stdout"}
{"timestamp":"2026-02-18T12:23:04.763655Z","level":"info","event":"Written to: s3://f1-silver/facts/fact_constructor_standings/fact_constructor_standings.parquet","logger":"task.stdout"}
{"timestamp":"2026-02-18T12:23:04.763949Z","level":"info","event":"","logger":"task.stdout"}
{"timestamp":"2026-02-18T12:23:04.764165Z","level":"info","event":"======================================================================","logger":"task.stdout"}
{"timestamp":"2026-02-18T12:23:04.764383Z","level":"info","event":"BACKFILL SUMMARY","logger":"task.stdout"}
{"timestamp":"2026-02-18T12:23:04.764586Z","level":"info","event":"======================================================================","logger":"task.stdout"}
{"timestamp":"2026-02-18T12:23:04.764832Z","level":"info","event":"  Existing standings in Silver: 2,398","logger":"task.stdout"}
{"timestamp":"2026-02-18T12:23:04.765085Z","level":"info","event":"  API standings scraped: 20","logger":"task.stdout"}
{"timestamp":"2026-02-18T12:23:04.765297Z","level":"info","event":"  Final standing count: 2,418","logger":"task.stdout"}
{"timestamp":"2026-02-18T12:23:04.765513Z","level":"info","event":"  New standings added: 20","logger":"task.stdout"}
{"timestamp":"2026-02-18T12:23:04.765702Z","level":"info","event":"","logger":"task.stdout"}
{"timestamp":"2026-02-18T12:23:04.765926Z","level":"info","event":"  Final source breakdown:","logger":"task.stdout"}
{"timestamp":"2026-02-18T12:23:04.766413Z","level":"info","event":"    f1_data.csv    : 2,398","logger":"task.stdout"}
{"timestamp":"2026-02-18T12:23:04.768093Z","level":"info","event":"    api            : 20","logger":"task.stdout"}
{"timestamp":"2026-02-18T12:23:04.768693Z","level":"info","event":"","logger":"task.stdout"}
{"timestamp":"2026-02-18T12:23:04.769005Z","level":"info","event":"  cs_id ranges:","logger":"task.stdout"}
{"timestamp":"2026-02-18T12:23:04.769259Z","level":"info","event":"    f1_data.csv    : 24777 - 28572","logger":"task.stdout"}
{"timestamp":"2026-02-18T12:23:04.769474Z","level":"info","event":"    api            : 10000001 - 10000020","logger":"task.stdout"}
{"timestamp":"2026-02-18T12:23:04.769720Z","level":"info","event":"======================================================================","logger":"task.stdout"}
{"timestamp":"2026-02-18T12:23:04.786475Z","level":"info","event":"Done. Returned value was: {'existing_count': 2398, 'api_scraped': 20, 'final_count': 2418, 'new_standings_added': 20}","logger":"airflow.task.operators.airflow.providers.standard.operators.python.PythonOperator","filename":"python.py","lineno":216}
{"timestamp":"2026-02-18T12:23:04.788563Z","level":"info","event":"Pushing xcom","ti":"RuntimeTaskInstance(id=UUID('019c70b3-6414-78d7-85e7-465b06b85e57'), task_id='backfill_fact_constructor_standings', dag_id='api_constructorstandings_bronze_to_silver', run_id='manual__2026-02-18T12:22:09.781598+00:00', try_number=1, dag_version_id=UUID('019c6ff5-ce32-7e42-b8fe-fd9fe7245d05'), map_index=-1, hostname='e4702b2ecf8f', context_carrier={}, task=<Task(PythonOperator): backfill_fact_constructor_standings>, bundle_instance=LocalDagBundle(name=dags-folder), max_tries=2, start_date=datetime.datetime(2026, 2, 18, 12, 22, 13, 59239, tzinfo=datetime.timezone.utc), end_date=None, state=<TaskInstanceState.RUNNING: 'running'>, is_mapped=False, rendered_map_index=None)","logger":"task","filename":"task_runner.py","lineno":1450}
