{"timestamp":"2026-02-14T21:00:00.006301Z","level":"info","event":"DAG bundles loaded: dags-folder","logger":"airflow.dag_processing.bundles.manager.DagBundlesManager","filename":"manager.py","lineno":179}
{"timestamp":"2026-02-14T21:00:00.028507Z","level":"info","event":"Filling up the DagBag from /opt/airflow/dags/master_pipeline.py","logger":"airflow.models.dagbag.DagBag","filename":"dagbag.py","lineno":593}
{"timestamp":"2026-02-14T21:00:00.333450Z","level":"warning","event":"The `airflow.operators.trigger_dagrun.TriggerDagRunOperator` attribute is deprecated. Please use `'airflow.providers.standard.operators.trigger_dagrun.TriggerDagRunOperator'`.","category":"DeprecatedImportWarning","filename":"/opt/airflow/dags/master_pipeline.py","lineno":34,"logger":"py.warnings"}
{"timestamp":"2026-02-14T21:00:00.333853Z","level":"warning","event":"The `airflow.operators.python.PythonOperator` attribute is deprecated. Please use `'airflow.providers.standard.operators.python.PythonOperator'`.","category":"DeprecatedImportWarning","filename":"/opt/airflow/dags/master_pipeline.py","lineno":35,"logger":"py.warnings"}
{"timestamp":"2026-02-14T21:00:00.452185Z","level":"info","event":"","logger":"task.stdout"}
{"timestamp":"2026-02-14T21:00:00.453165Z","level":"info","event":"================================================================================","logger":"task.stdout"}
{"timestamp":"2026-02-14T21:00:00.454248Z","level":"info","event":"F1 ETL MASTER PIPELINE STARTED","logger":"task.stdout"}
{"timestamp":"2026-02-14T21:00:00.455083Z","level":"info","event":"================================================================================","logger":"task.stdout"}
{"timestamp":"2026-02-14T21:00:00.455803Z","level":"info","event":"","logger":"task.stdout"}
{"timestamp":"2026-02-14T21:00:00.456687Z","level":"info","event":"Pipeline Flow:","logger":"task.stdout"}
{"timestamp":"2026-02-14T21:00:00.457594Z","level":"info","event":"  1. CSV → Silver (Dimensions + Facts)","logger":"task.stdout"}
{"timestamp":"2026-02-14T21:00:00.458450Z","level":"info","event":"  2-5. API Dimensions → Silver (PARALLEL)","logger":"task.stdout"}
{"timestamp":"2026-02-14T21:00:00.459581Z","level":"info","event":"     ├─ Constructors","logger":"task.stdout"}
{"timestamp":"2026-02-14T21:00:00.460785Z","level":"info","event":"     ├─ Drivers","logger":"task.stdout"}
{"timestamp":"2026-02-14T21:00:00.461848Z","level":"info","event":"     ├─ Circuits","logger":"task.stdout"}
{"timestamp":"2026-02-14T21:00:00.462781Z","level":"info","event":"     └─ Races","logger":"task.stdout"}
{"timestamp":"2026-02-14T21:00:00.463914Z","level":"info","event":"  6-10. API Facts → Silver (PARALLEL)","logger":"task.stdout"}
{"timestamp":"2026-02-14T21:00:00.464897Z","level":"info","event":"      ├─ Results","logger":"task.stdout"}
{"timestamp":"2026-02-14T21:00:00.465816Z","level":"info","event":"      ├─ Laps","logger":"task.stdout"}
{"timestamp":"2026-02-14T21:00:00.466772Z","level":"info","event":"      ├─ Pitstops","logger":"task.stdout"}
{"timestamp":"2026-02-14T21:00:00.467706Z","level":"info","event":"      ├─ Driver Standings","logger":"task.stdout"}
{"timestamp":"2026-02-14T21:00:00.468841Z","level":"info","event":"      └─ Constructor Standings","logger":"task.stdout"}
{"timestamp":"2026-02-14T21:00:00.469918Z","level":"info","event":"  11. Silver → Gold (PostgreSQL)","logger":"task.stdout"}
{"timestamp":"2026-02-14T21:00:00.471038Z","level":"info","event":"","logger":"task.stdout"}
{"timestamp":"2026-02-14T21:00:00.472213Z","level":"info","event":"================================================================================","logger":"task.stdout"}
{"timestamp":"2026-02-14T21:00:00.473330Z","level":"info","event":"","logger":"task.stdout"}
{"timestamp":"2026-02-14T21:00:00.452473Z","level":"info","event":"Done. Returned value was: None","logger":"airflow.task.operators.airflow.providers.standard.operators.python.PythonOperator","filename":"python.py","lineno":216}
