{"timestamp":"2026-02-26T22:05:40.861608Z","level":"info","event":"DAG bundles loaded: dags-folder","logger":"airflow.dag_processing.bundles.manager.DagBundlesManager","filename":"manager.py","lineno":179}
{"timestamp":"2026-02-26T22:05:40.876489Z","level":"info","event":"Filling up the DagBag from /opt/airflow/dags/weekly_f1_pipeline.py","logger":"airflow.models.dagbag.DagBag","filename":"dagbag.py","lineno":593}
{"timestamp":"2026-02-26T22:05:52.107223Z","level":"warning","event":"The `airflow.utils.task_group.TaskGroup` attribute is deprecated. Please use `'airflow.sdk.TaskGroup'`.","category":"DeprecatedImportWarning","filename":"/opt/airflow/dags/weekly_f1_pipeline.py","lineno":36,"logger":"py.warnings"}
{"timestamp":"2026-02-26T22:05:52.118376Z","level":"warning","event":"The `airflow.operators.trigger_dagrun.TriggerDagRunOperator` attribute is deprecated. Please use `'airflow.providers.standard.operators.trigger_dagrun.TriggerDagRunOperator'`.","category":"DeprecatedImportWarning","filename":"/opt/airflow/dags/kafka_producer_pipeline.py","lineno":35,"logger":"py.warnings"}
{"timestamp":"2026-02-26T22:05:53.194656Z","level":"info","event":"======================================================================","logger":"task.stdout"}
{"timestamp":"2026-02-26T22:05:53.205797Z","level":"info","event":"PRODUCER: fact_race_results  (2026+)","logger":"task.stdout"}
{"timestamp":"2026-02-26T22:05:53.212643Z","level":"info","event":"======================================================================","logger":"task.stdout"}
{"timestamp":"2026-02-26T22:05:53.222403Z","level":"info","event":"","logger":"task.stdout"}
{"timestamp":"2026-02-26T22:05:53.224716Z","level":"info","event":"======================================================================","logger":"task.stdout"}
{"timestamp":"2026-02-26T22:05:53.236085Z","level":"info","event":"SCRAPING RACE RESULTS FROM ERGAST API: 2026-2026","logger":"task.stdout"}
{"timestamp":"2026-02-26T22:05:53.240045Z","level":"info","event":"======================================================================","logger":"task.stdout"}
{"timestamp":"2026-02-26T22:05:53.240868Z","level":"info","event":"","logger":"task.stdout"}
{"timestamp":"2026-02-26T22:05:53.241626Z","level":"info","event":"Fetching race results for 2026...","logger":"task.stdout"}
{"timestamp":"2026-02-26T22:06:17.484906Z","level":"info","event":"0 results found across 0 races","logger":"task.stdout"}
{"timestamp":"2026-02-26T22:06:17.511666Z","level":"info","event":"","logger":"task.stdout"}
{"timestamp":"2026-02-26T22:06:17.516571Z","level":"info","event":"======================================================================","logger":"task.stdout"}
{"timestamp":"2026-02-26T22:06:17.522240Z","level":"info","event":"SCRAPING COMPLETE","logger":"task.stdout"}
{"timestamp":"2026-02-26T22:06:17.525396Z","level":"info","event":"Total records: 0","logger":"task.stdout"}
{"timestamp":"2026-02-26T22:06:17.527562Z","level":"info","event":"Years covered: 2026-2026","logger":"task.stdout"}
{"timestamp":"2026-02-26T22:06:17.531603Z","level":"info","event":"======================================================================","logger":"task.stdout"}
{"timestamp":"2026-02-26T22:06:17.532450Z","level":"info","event":"","logger":"task.stdout"}
{"timestamp":"2026-02-26T22:06:17.533241Z","level":"info","event":"Transforming API data to Silver schema...","logger":"task.stdout"}
{"timestamp":"2026-02-26T22:06:17.533923Z","level":"info","event":"No data found - returning empty DataFrame with schema: ['result_id', 'driver_ref', 'constructor_ref', 'race_year', 'race_round', 'driver_number', 'grid', 'position', 'position_text', 'position_order', 'points', 'number_of_laps', 'race_duration_hours', 'race_duration_milliseconds', 'fastest_lap', 'rank', 'fastest_lap_minutes', 'fastest_lap_speed', 'status', 'year', 'source', 'created_at']","logger":"task.stdout"}
{"timestamp":"2026-02-26T22:06:17.535342Z","level":"info","event":"  No results data found","logger":"task.stdout"}
{"timestamp":"2026-02-26T22:06:17.581111Z","level":"info","event":"Done. Returned value was: {'new_count': 0}","logger":"airflow.task.operators.airflow.providers.standard.operators.python.PythonOperator","filename":"python.py","lineno":216}
{"timestamp":"2026-02-26T22:06:17.581712Z","level":"info","event":"Pushing xcom","ti":"RuntimeTaskInstance(id=UUID('019c9bfb-725a-7633-b7d9-e8f2a8e620b9'), task_id='producer.scrape_publish_results', dag_id='weekly_f1_pipeline', run_id='manual__2026-02-26T21:46:06+00:00', try_number=2, dag_version_id=UUID('019c9b22-04c8-7f8f-ba9f-baa49cc3678d'), map_index=-1, hostname='fe5351013118', context_carrier={}, task=<Task(PythonOperator): producer.scrape_publish_results>, bundle_instance=LocalDagBundle(name=dags-folder), max_tries=3, start_date=datetime.datetime(2026, 2, 26, 22, 5, 40, 67759, tzinfo=datetime.timezone.utc), end_date=None, state=<TaskInstanceState.RUNNING: 'running'>, is_mapped=False, rendered_map_index=None)","logger":"task","filename":"task_runner.py","lineno":1450}
