{"timestamp":"2026-02-18T12:51:19.514105Z","level":"info","event":"DAG bundles loaded: dags-folder","logger":"airflow.dag_processing.bundles.manager.DagBundlesManager","filename":"manager.py","lineno":179}
{"timestamp":"2026-02-18T12:51:19.518377Z","level":"info","event":"Filling up the DagBag from /opt/airflow/dags/api_driverStandings_bronze_to_silver.py","logger":"airflow.models.dagbag.DagBag","filename":"dagbag.py","lineno":593}
{"timestamp":"2026-02-18T12:51:20.412017Z","level":"info","event":"======================================================================","logger":"task.stdout"}
{"timestamp":"2026-02-18T12:51:20.412531Z","level":"info","event":"F1 DRIVER STANDINGS BACKFILL: ERGAST API -> SILVER","logger":"task.stdout"}
{"timestamp":"2026-02-18T12:51:20.412920Z","level":"info","event":"======================================================================","logger":"task.stdout"}
{"timestamp":"2026-02-18T12:51:20.413733Z","level":"info","event":"","logger":"task.stdout"}
{"timestamp":"2026-02-18T12:51:20.414035Z","level":"info","event":"[STEP 1] Scraping API...","logger":"task.stdout"}
{"timestamp":"2026-02-18T12:51:20.414252Z","level":"info","event":"","logger":"task.stdout"}
{"timestamp":"2026-02-18T12:51:20.414468Z","level":"info","event":"======================================================================","logger":"task.stdout"}
{"timestamp":"2026-02-18T12:51:20.414656Z","level":"info","event":"SCRAPING DRIVER STANDINGS FROM ERGAST API: 2024-2025","logger":"task.stdout"}
{"timestamp":"2026-02-18T12:51:20.414841Z","level":"info","event":"======================================================================","logger":"task.stdout"}
{"timestamp":"2026-02-18T12:51:20.415036Z","level":"info","event":"","logger":"task.stdout"}
{"timestamp":"2026-02-18T12:51:20.415269Z","level":"info","event":"Fetching driver standings for 2024...","logger":"task.stdout"}
{"timestamp":"2026-02-18T12:51:42.922990Z","level":"info","event":"24 standings found for 2024","logger":"task.stdout"}
{"timestamp":"2026-02-18T12:51:42.923744Z","level":"info","event":"Fetching driver standings for 2025...","logger":"task.stdout"}
{"timestamp":"2026-02-18T12:52:05.249319Z","level":"info","event":"21 standings found for 2025","logger":"task.stdout"}
{"timestamp":"2026-02-18T12:52:05.251836Z","level":"info","event":"","logger":"task.stdout"}
{"timestamp":"2026-02-18T12:52:05.252200Z","level":"info","event":"======================================================================","logger":"task.stdout"}
{"timestamp":"2026-02-18T12:52:05.252485Z","level":"info","event":"SCRAPING COMPLETE","logger":"task.stdout"}
{"timestamp":"2026-02-18T12:52:05.257515Z","level":"info","event":"Total records: 45","logger":"task.stdout"}
{"timestamp":"2026-02-18T12:52:05.259432Z","level":"info","event":"Years covered: 2024-2025","logger":"task.stdout"}
{"timestamp":"2026-02-18T12:52:05.262526Z","level":"info","event":"Unique races: 2","logger":"task.stdout"}
{"timestamp":"2026-02-18T12:52:05.262803Z","level":"info","event":"======================================================================","logger":"task.stdout"}
{"timestamp":"2026-02-18T12:52:05.263017Z","level":"info","event":"","logger":"task.stdout"}
{"timestamp":"2026-02-18T12:52:05.263207Z","level":"info","event":"API scraping complete: 45 standing records","logger":"task.stdout"}
{"timestamp":"2026-02-18T12:52:05.263387Z","level":"info","event":"","logger":"task.stdout"}
{"timestamp":"2026-02-18T12:52:05.263661Z","level":"info","event":"[STEP 2] Transforming to Silver schema...","logger":"task.stdout"}
{"timestamp":"2026-02-18T12:52:05.266531Z","level":"info","event":"Transforming API data to Silver schema...","logger":"task.stdout"}
{"timestamp":"2026-02-18T12:52:05.274132Z","level":"info","event":"Sorted by year + round + position","logger":"task.stdout"}
{"timestamp":"2026-02-18T12:52:05.275448Z","level":"info","event":"Generated ds_id: 10000001 - 10000045","logger":"task.stdout"}
{"timestamp":"2026-02-18T12:52:05.276916Z","level":"info","event":"Transformed 45 standings to Silver schema","logger":"task.stdout"}
{"timestamp":"2026-02-18T12:52:05.277316Z","level":"info","event":"Source: api","logger":"task.stdout"}
{"timestamp":"2026-02-18T12:52:05.278325Z","level":"info","event":"ds_id range: 10000001 - 10000045","logger":"task.stdout"}
{"timestamp":"2026-02-18T12:52:05.282616Z","level":"info","event":"Transformation complete: 45 standings","logger":"task.stdout"}
{"timestamp":"2026-02-18T12:52:05.284863Z","level":"info","event":"ds_id range: 10000001 - 10000045","logger":"task.stdout"}
{"timestamp":"2026-02-18T12:52:05.286573Z","level":"info","event":"","logger":"task.stdout"}
{"timestamp":"2026-02-18T12:52:05.290291Z","level":"info","event":"[STEP 3] Loading dimensions for FK resolution...","logger":"task.stdout"}
{"timestamp":"2026-02-18T12:52:05.337354Z","level":"info","event":" Downloaded dimensions/dim_driver/dim_driver.parquet (81 rows)","logger":"task.stdout"}
{"timestamp":"2026-02-18T12:52:05.342649Z","level":"info","event":" Downloaded dimensions/dim_constructor/dim_constructor.parquet (21 rows)","logger":"task.stdout"}
{"timestamp":"2026-02-18T12:52:05.353425Z","level":"info","event":" Downloaded dimensions/dim_race/dim_race.parquet (280 rows)","logger":"task.stdout"}
{"timestamp":"2026-02-18T12:52:05.371361Z","level":"info","event":" Downloaded dimensions/dim_time/dim_time.parquet (6940 rows)","logger":"task.stdout"}
{"timestamp":"2026-02-18T12:52:05.371958Z","level":"info","event":"Loaded dimensions:","logger":"task.stdout"}
{"timestamp":"2026-02-18T12:52:05.374224Z","level":"info","event":"  - dim_driver: 81 drivers","logger":"task.stdout"}
{"timestamp":"2026-02-18T12:52:05.374593Z","level":"info","event":"  - dim_constructor: 21 constructors","logger":"task.stdout"}
{"timestamp":"2026-02-18T12:52:05.374821Z","level":"info","event":"  - dim_race: 280 races","logger":"task.stdout"}
{"timestamp":"2026-02-18T12:52:05.375011Z","level":"info","event":"  - dim_time: 6,940 dates","logger":"task.stdout"}
{"timestamp":"2026-02-18T12:52:05.378438Z","level":"info","event":"","logger":"task.stdout"}
{"timestamp":"2026-02-18T12:52:05.378699Z","level":"info","event":"[STEP 4] Resolving foreign keys...","logger":"task.stdout"}
{"timestamp":"2026-02-18T12:52:05.390186Z","level":"info","event":"Created lookup dictionaries:","logger":"task.stdout"}
{"timestamp":"2026-02-18T12:52:05.394248Z","level":"info","event":"  - driver_ref -> driver_key: 81 entries","logger":"task.stdout"}
{"timestamp":"2026-02-18T12:52:05.394694Z","level":"info","event":"  - constructor_ref -> constructor_key: 21 entries","logger":"task.stdout"}
{"timestamp":"2026-02-18T12:52:05.398323Z","level":"info","event":"  - race_year+race_round -> race_key: 280 entries","logger":"task.stdout"}
{"timestamp":"2026-02-18T12:52:05.401554Z","level":"info","event":"  - race_date -> time_key: 6940 entries","logger":"task.stdout"}
{"timestamp":"2026-02-18T12:52:05.430802Z","level":"info","event":"All FKs resolved successfully","logger":"task.stdout"}
{"timestamp":"2026-02-18T12:52:05.440701Z","level":"info","event":"","logger":"task.stdout"}
{"timestamp":"2026-02-18T12:52:05.441848Z","level":"info","event":"[STEP 5] Loading existing Silver data...","logger":"task.stdout"}
{"timestamp":"2026-02-18T12:52:05.458055Z","level":"info","event":" Downloaded facts/fact_driver_standings/fact_driver_standings.parquet (4502 rows)","logger":"task.stdout"}
{"timestamp":"2026-02-18T12:52:05.462066Z","level":"info","event":"Loaded 4,502 existing standings from Silver","logger":"task.stdout"}
{"timestamp":"2026-02-18T12:52:05.467090Z","level":"info","event":"Existing sources: {'f1_data.csv': 4502}","logger":"task.stdout"}
{"timestamp":"2026-02-18T12:52:05.467449Z","level":"info","event":"","logger":"task.stdout"}
{"timestamp":"2026-02-18T12:52:05.467666Z","level":"info","event":"[STEP 6] Merging API data with existing Silver...","logger":"task.stdout"}
{"timestamp":"2026-02-18T12:52:05.467857Z","level":"info","event":"","logger":"task.stdout"}
{"timestamp":"2026-02-18T12:52:05.477351Z","level":"info","event":"  Merge Configuration:","logger":"task.stdout"}
{"timestamp":"2026-02-18T12:52:05.484480Z","level":"info","event":"Existing standings: 4,502","logger":"task.stdout"}
{"timestamp":"2026-02-18T12:52:05.484854Z","level":"info","event":"New API standings: 45","logger":"task.stdout"}
{"timestamp":"2026-02-18T12:52:05.485062Z","level":"info","event":"Merge key: ds_id (PRIMARY natural key)","logger":"task.stdout"}
{"timestamp":"2026-02-18T12:52:05.485258Z","level":"info","event":"","logger":"task.stdout"}
{"timestamp":"2026-02-18T12:52:05.485504Z","level":"info","event":"  Current max ds_key: 4502","logger":"task.stdout"}
{"timestamp":"2026-02-18T12:52:05.496320Z","level":"info","event":"","logger":"task.stdout"}
{"timestamp":"2026-02-18T12:52:05.501523Z","level":"info","event":"  Processing 45 API standings:","logger":"task.stdout"}
{"timestamp":"2026-02-18T12:52:05.517314Z","level":"info","event":"","logger":"task.stdout"}
{"timestamp":"2026-02-18T12:52:05.519551Z","level":"info","event":"ADD: ds_id=10000001 (new standing from API)","logger":"task.stdout"}
{"timestamp":"2026-02-18T12:52:05.520038Z","level":"info","event":"ADD: ds_id=10000002 (new standing from API)","logger":"task.stdout"}
{"timestamp":"2026-02-18T12:52:05.520235Z","level":"info","event":"ADD: ds_id=10000003 (new standing from API)","logger":"task.stdout"}
{"timestamp":"2026-02-18T12:52:05.520398Z","level":"info","event":"ADD: ds_id=10000004 (new standing from API)","logger":"task.stdout"}
{"timestamp":"2026-02-18T12:52:05.521511Z","level":"info","event":"ADD: ds_id=10000005 (new standing from API)","logger":"task.stdout"}
{"timestamp":"2026-02-18T12:52:05.534742Z","level":"info","event":"ADD: ds_id=10000006 (new standing from API)","logger":"task.stdout"}
{"timestamp":"2026-02-18T12:52:05.537530Z","level":"info","event":"ADD: ds_id=10000007 (new standing from API)","logger":"task.stdout"}
{"timestamp":"2026-02-18T12:52:05.565062Z","level":"info","event":"ADD: ds_id=10000008 (new standing from API)","logger":"task.stdout"}
{"timestamp":"2026-02-18T12:52:05.581544Z","level":"info","event":"ADD: ds_id=10000009 (new standing from API)","logger":"task.stdout"}
{"timestamp":"2026-02-18T12:52:05.581859Z","level":"info","event":"ADD: ds_id=10000010 (new standing from API)","logger":"task.stdout"}
{"timestamp":"2026-02-18T12:52:05.583523Z","level":"info","event":"ADD: ds_id=10000011 (new standing from API)","logger":"task.stdout"}
{"timestamp":"2026-02-18T12:52:05.585413Z","level":"info","event":"ADD: ds_id=10000012 (new standing from API)","logger":"task.stdout"}
{"timestamp":"2026-02-18T12:52:05.599345Z","level":"info","event":"ADD: ds_id=10000013 (new standing from API)","logger":"task.stdout"}
{"timestamp":"2026-02-18T12:52:05.614558Z","level":"info","event":"ADD: ds_id=10000014 (new standing from API)","logger":"task.stdout"}
{"timestamp":"2026-02-18T12:52:05.616244Z","level":"info","event":"ADD: ds_id=10000015 (new standing from API)","logger":"task.stdout"}
{"timestamp":"2026-02-18T12:52:05.630180Z","level":"info","event":"ADD: ds_id=10000016 (new standing from API)","logger":"task.stdout"}
{"timestamp":"2026-02-18T12:52:05.632918Z","level":"info","event":"ADD: ds_id=10000017 (new standing from API)","logger":"task.stdout"}
{"timestamp":"2026-02-18T12:52:05.647737Z","level":"info","event":"ADD: ds_id=10000018 (new standing from API)","logger":"task.stdout"}
{"timestamp":"2026-02-18T12:52:05.662543Z","level":"info","event":"ADD: ds_id=10000019 (new standing from API)","logger":"task.stdout"}
{"timestamp":"2026-02-18T12:52:05.665084Z","level":"info","event":"ADD: ds_id=10000020 (new standing from API)","logger":"task.stdout"}
{"timestamp":"2026-02-18T12:52:05.679033Z","level":"info","event":"ADD: ds_id=10000021 (new standing from API)","logger":"task.stdout"}
{"timestamp":"2026-02-18T12:52:05.681596Z","level":"info","event":"ADD: ds_id=10000022 (new standing from API)","logger":"task.stdout"}
{"timestamp":"2026-02-18T12:52:05.684562Z","level":"info","event":"ADD: ds_id=10000023 (new standing from API)","logger":"task.stdout"}
{"timestamp":"2026-02-18T12:52:05.690116Z","level":"info","event":"ADD: ds_id=10000024 (new standing from API)","logger":"task.stdout"}
{"timestamp":"2026-02-18T12:52:05.698092Z","level":"info","event":"ADD: ds_id=10000025 (new standing from API)","logger":"task.stdout"}
{"timestamp":"2026-02-18T12:52:05.701328Z","level":"info","event":"ADD: ds_id=10000026 (new standing from API)","logger":"task.stdout"}
{"timestamp":"2026-02-18T12:52:05.714499Z","level":"info","event":"ADD: ds_id=10000027 (new standing from API)","logger":"task.stdout"}
{"timestamp":"2026-02-18T12:52:05.717263Z","level":"info","event":"ADD: ds_id=10000028 (new standing from API)","logger":"task.stdout"}
{"timestamp":"2026-02-18T12:52:05.725064Z","level":"info","event":"ADD: ds_id=10000029 (new standing from API)","logger":"task.stdout"}
{"timestamp":"2026-02-18T12:52:05.730455Z","level":"info","event":"ADD: ds_id=10000030 (new standing from API)","logger":"task.stdout"}
{"timestamp":"2026-02-18T12:52:05.731219Z","level":"info","event":"ADD: ds_id=10000031 (new standing from API)","logger":"task.stdout"}
{"timestamp":"2026-02-18T12:52:05.733896Z","level":"info","event":"ADD: ds_id=10000032 (new standing from API)","logger":"task.stdout"}
{"timestamp":"2026-02-18T12:52:05.743516Z","level":"info","event":"ADD: ds_id=10000033 (new standing from API)","logger":"task.stdout"}
{"timestamp":"2026-02-18T12:52:05.744810Z","level":"info","event":"ADD: ds_id=10000034 (new standing from API)","logger":"task.stdout"}
{"timestamp":"2026-02-18T12:52:05.749706Z","level":"info","event":"ADD: ds_id=10000035 (new standing from API)","logger":"task.stdout"}
{"timestamp":"2026-02-18T12:52:05.752050Z","level":"info","event":"ADD: ds_id=10000036 (new standing from API)","logger":"task.stdout"}
{"timestamp":"2026-02-18T12:52:05.755262Z","level":"info","event":"ADD: ds_id=10000037 (new standing from API)","logger":"task.stdout"}
{"timestamp":"2026-02-18T12:52:05.760987Z","level":"info","event":"ADD: ds_id=10000038 (new standing from API)","logger":"task.stdout"}
{"timestamp":"2026-02-18T12:52:05.770904Z","level":"info","event":"ADD: ds_id=10000039 (new standing from API)","logger":"task.stdout"}
{"timestamp":"2026-02-18T12:52:05.775277Z","level":"info","event":"ADD: ds_id=10000040 (new standing from API)","logger":"task.stdout"}
{"timestamp":"2026-02-18T12:52:05.775890Z","level":"info","event":"ADD: ds_id=10000041 (new standing from API)","logger":"task.stdout"}
{"timestamp":"2026-02-18T12:52:05.776196Z","level":"info","event":"ADD: ds_id=10000042 (new standing from API)","logger":"task.stdout"}
{"timestamp":"2026-02-18T12:52:05.776409Z","level":"info","event":"ADD: ds_id=10000043 (new standing from API)","logger":"task.stdout"}
{"timestamp":"2026-02-18T12:52:05.783181Z","level":"info","event":"ADD: ds_id=10000044 (new standing from API)","logger":"task.stdout"}
{"timestamp":"2026-02-18T12:52:05.786222Z","level":"info","event":"ADD: ds_id=10000045 (new standing from API)","logger":"task.stdout"}
{"timestamp":"2026-02-18T12:52:05.792038Z","level":"info","event":"Merge complete: 4,547 total standings","logger":"task.stdout"}
{"timestamp":"2026-02-18T12:52:05.792408Z","level":"info","event":"","logger":"task.stdout"}
{"timestamp":"2026-02-18T12:52:05.793825Z","level":"info","event":"[STEP 7] Writing to Silver layer...","logger":"task.stdout"}
{"timestamp":"2026-02-18T12:52:05.829245Z","level":"info","event":"Uploaded facts/fact_driver_standings/fact_driver_standings.parquet (4547 rows)","logger":"task.stdout"}
{"timestamp":"2026-02-18T12:52:05.829591Z","level":"info","event":"Written to: s3://f1-silver/facts/fact_driver_standings/fact_driver_standings.parquet","logger":"task.stdout"}
{"timestamp":"2026-02-18T12:52:05.830062Z","level":"info","event":"","logger":"task.stdout"}
{"timestamp":"2026-02-18T12:52:05.830318Z","level":"info","event":"======================================================================","logger":"task.stdout"}
{"timestamp":"2026-02-18T12:52:05.830680Z","level":"info","event":"BACKFILL SUMMARY","logger":"task.stdout"}
{"timestamp":"2026-02-18T12:52:05.830894Z","level":"info","event":"======================================================================","logger":"task.stdout"}
{"timestamp":"2026-02-18T12:52:05.831164Z","level":"info","event":"  Existing standings in Silver: 4,502","logger":"task.stdout"}
{"timestamp":"2026-02-18T12:52:05.831391Z","level":"info","event":"  API standings scraped: 45","logger":"task.stdout"}
{"timestamp":"2026-02-18T12:52:05.831566Z","level":"info","event":"  Final standing count: 4,547","logger":"task.stdout"}
{"timestamp":"2026-02-18T12:52:05.831773Z","level":"info","event":"  New standings added: 45","logger":"task.stdout"}
{"timestamp":"2026-02-18T12:52:05.831996Z","level":"info","event":"","logger":"task.stdout"}
{"timestamp":"2026-02-18T12:52:05.832260Z","level":"info","event":"  Final source breakdown:","logger":"task.stdout"}
{"timestamp":"2026-02-18T12:52:05.832479Z","level":"info","event":"    f1_data.csv    : 4,502","logger":"task.stdout"}
{"timestamp":"2026-02-18T12:52:05.832673Z","level":"info","event":"    api            : 45","logger":"task.stdout"}
{"timestamp":"2026-02-18T12:52:05.832942Z","level":"info","event":"","logger":"task.stdout"}
{"timestamp":"2026-02-18T12:52:05.833242Z","level":"info","event":"  ds_id ranges:","logger":"task.stdout"}
{"timestamp":"2026-02-18T12:52:05.834196Z","level":"info","event":"    f1_data.csv    : 64928 - 72187","logger":"task.stdout"}
{"timestamp":"2026-02-18T12:52:05.834544Z","level":"info","event":"    api            : 10000001 - 10000045","logger":"task.stdout"}
{"timestamp":"2026-02-18T12:52:05.835016Z","level":"info","event":"======================================================================","logger":"task.stdout"}
{"timestamp":"2026-02-18T12:52:05.852004Z","level":"info","event":"Done. Returned value was: {'existing_count': 4502, 'api_scraped': 45, 'final_count': 4547, 'new_standings_added': 45}","logger":"airflow.task.operators.airflow.providers.standard.operators.python.PythonOperator","filename":"python.py","lineno":216}
{"timestamp":"2026-02-18T12:52:05.852363Z","level":"info","event":"Pushing xcom","ti":"RuntimeTaskInstance(id=UUID('019c70ce-0ab4-7878-8255-9df9a58ff3cd'), task_id='backfill_fact_driver_standings', dag_id='api_driverstandings_bronze_to_silver', run_id='manual__2026-02-18T12:51:16.686452+00:00', try_number=1, dag_version_id=UUID('019c6ff5-cc19-7d11-9ce3-d5e5630d5017'), map_index=-1, hostname='e4702b2ecf8f', context_carrier={}, task=<Task(PythonOperator): backfill_fact_driver_standings>, bundle_instance=LocalDagBundle(name=dags-folder), max_tries=2, start_date=datetime.datetime(2026, 2, 18, 12, 51, 18, 196147, tzinfo=datetime.timezone.utc), end_date=None, state=<TaskInstanceState.RUNNING: 'running'>, is_mapped=False, rendered_map_index=None)","logger":"task","filename":"task_runner.py","lineno":1450}
