{"timestamp":"2026-02-16T18:57:55.588575Z","level":"info","event":"DAG bundles loaded: dags-folder","logger":"airflow.dag_processing.bundles.manager.DagBundlesManager","filename":"manager.py","lineno":179}
{"timestamp":"2026-02-16T18:57:55.590841Z","level":"info","event":"Filling up the DagBag from /opt/airflow/dags/kafka_producer_pipeline.py","logger":"airflow.models.dagbag.DagBag","filename":"dagbag.py","lineno":593}
{"timestamp":"2026-02-16T18:57:57.617269Z","level":"warning","event":"The `airflow.operators.trigger_dagrun.TriggerDagRunOperator` attribute is deprecated. Please use `'airflow.providers.standard.operators.trigger_dagrun.TriggerDagRunOperator'`.","category":"DeprecatedImportWarning","filename":"/opt/airflow/dags/kafka_producer_pipeline.py","lineno":35,"logger":"py.warnings"}
{"timestamp":"2026-02-16T18:57:57.750196Z","level":"info","event":"======================================================================","logger":"task.stdout"}
{"timestamp":"2026-02-16T18:57:57.750909Z","level":"info","event":"PRODUCER: fact_race_results  (2026+)","logger":"task.stdout"}
{"timestamp":"2026-02-16T18:57:57.751747Z","level":"info","event":"======================================================================","logger":"task.stdout"}
{"timestamp":"2026-02-16T18:57:57.754580Z","level":"info","event":"","logger":"task.stdout"}
{"timestamp":"2026-02-16T18:57:57.755368Z","level":"info","event":"======================================================================","logger":"task.stdout"}
{"timestamp":"2026-02-16T18:57:57.755999Z","level":"info","event":"SCRAPING RACE RESULTS FROM ERGAST API: 2026-2026","logger":"task.stdout"}
{"timestamp":"2026-02-16T18:57:57.756571Z","level":"info","event":"======================================================================","logger":"task.stdout"}
{"timestamp":"2026-02-16T18:57:57.757103Z","level":"info","event":"","logger":"task.stdout"}
{"timestamp":"2026-02-16T18:57:57.759489Z","level":"info","event":"Fetching race results for 2026...","logger":"task.stdout"}
{"timestamp":"2026-02-16T18:58:21.570641Z","level":"info","event":"0 results found across 0 races","logger":"task.stdout"}
{"timestamp":"2026-02-16T18:58:21.573020Z","level":"info","event":"","logger":"task.stdout"}
{"timestamp":"2026-02-16T18:58:21.573599Z","level":"info","event":"======================================================================","logger":"task.stdout"}
{"timestamp":"2026-02-16T18:58:21.574140Z","level":"info","event":"SCRAPING COMPLETE","logger":"task.stdout"}
{"timestamp":"2026-02-16T18:58:21.574645Z","level":"info","event":"Total records: 0","logger":"task.stdout"}
{"timestamp":"2026-02-16T18:58:21.575234Z","level":"info","event":"Years covered: 2026-2026","logger":"task.stdout"}
{"timestamp":"2026-02-16T18:58:21.575745Z","level":"info","event":"======================================================================","logger":"task.stdout"}
{"timestamp":"2026-02-16T18:58:21.576235Z","level":"info","event":"","logger":"task.stdout"}
{"timestamp":"2026-02-16T18:58:21.576758Z","level":"info","event":"Transforming API data to Silver schema...","logger":"task.stdout"}
{"timestamp":"2026-02-16T18:58:21.577212Z","level":"info","event":"No data found - returning empty DataFrame with schema: ['result_id', 'driver_ref', 'constructor_ref', 'race_year', 'race_round', 'driver_number', 'grid', 'position', 'position_text', 'position_order', 'points', 'number_of_laps', 'race_duration_hours', 'race_duration_milliseconds', 'fastest_lap', 'rank', 'fastest_lap_minutes', 'fastest_lap_speed', 'status', 'year', 'source', 'created_at']","logger":"task.stdout"}
{"timestamp":"2026-02-16T18:58:21.577873Z","level":"info","event":"  No results data found","logger":"task.stdout"}
{"timestamp":"2026-02-16T18:58:21.595345Z","level":"info","event":"Done. Returned value was: {'new_count': 0}","logger":"airflow.task.operators.airflow.providers.standard.operators.python.PythonOperator","filename":"python.py","lineno":216}
{"timestamp":"2026-02-16T18:58:21.595840Z","level":"info","event":"Pushing xcom","ti":"RuntimeTaskInstance(id=UUID('019c67ca-92a4-7a0c-8262-18c8433102af'), task_id='scrape_publish_results', dag_id='kafka_producer_pipeline', run_id='scheduled__2026-02-16T08:00:00+00:00', try_number=1, dag_version_id=UUID('019c67ca-8f5c-7e42-9c4f-003df19b8153'), map_index=-1, hostname='9ffd7d06cb04', context_carrier={}, task=<Task(PythonOperator): scrape_publish_results>, bundle_instance=LocalDagBundle(name=dags-folder), max_tries=2, start_date=datetime.datetime(2026, 2, 16, 18, 57, 55, 374243, tzinfo=datetime.timezone.utc), end_date=None, state=<TaskInstanceState.RUNNING: 'running'>, is_mapped=False, rendered_map_index=None)","logger":"task","filename":"task_runner.py","lineno":1450}
{"timestamp":"2026-02-18T08:57:10.408570Z","level":"info","event":"DAG bundles loaded: dags-folder","logger":"airflow.dag_processing.bundles.manager.DagBundlesManager","filename":"manager.py","lineno":179}
{"timestamp":"2026-02-18T08:57:10.456147Z","level":"info","event":"Filling up the DagBag from /opt/airflow/dags/weekly_f1_pipeline.py","logger":"airflow.models.dagbag.DagBag","filename":"dagbag.py","lineno":593}
{"timestamp":"2026-02-18T08:57:11.885578Z","level":"warning","event":"The `airflow.utils.task_group.TaskGroup` attribute is deprecated. Please use `'airflow.sdk.TaskGroup'`.","category":"DeprecatedImportWarning","filename":"/opt/airflow/dags/weekly_f1_pipeline.py","lineno":36,"logger":"py.warnings"}
{"timestamp":"2026-02-18T08:57:11.886619Z","level":"warning","event":"The `airflow.operators.trigger_dagrun.TriggerDagRunOperator` attribute is deprecated. Please use `'airflow.providers.standard.operators.trigger_dagrun.TriggerDagRunOperator'`.","category":"DeprecatedImportWarning","filename":"/opt/airflow/dags/kafka_producer_pipeline.py","lineno":35,"logger":"py.warnings"}
{"timestamp":"2026-02-18T08:57:11.933115Z","level":"info","event":"======================================================================","logger":"task.stdout"}
{"timestamp":"2026-02-18T08:57:11.933429Z","level":"info","event":"PRODUCER: fact_race_results  (2026+)","logger":"task.stdout"}
{"timestamp":"2026-02-18T08:57:11.933636Z","level":"info","event":"======================================================================","logger":"task.stdout"}
{"timestamp":"2026-02-18T08:57:11.933839Z","level":"info","event":"","logger":"task.stdout"}
{"timestamp":"2026-02-18T08:57:11.934010Z","level":"info","event":"======================================================================","logger":"task.stdout"}
{"timestamp":"2026-02-18T08:57:11.934201Z","level":"info","event":"SCRAPING RACE RESULTS FROM ERGAST API: 2026-2026","logger":"task.stdout"}
{"timestamp":"2026-02-18T08:57:11.934392Z","level":"info","event":"======================================================================","logger":"task.stdout"}
{"timestamp":"2026-02-18T08:57:11.934579Z","level":"info","event":"","logger":"task.stdout"}
{"timestamp":"2026-02-18T08:57:11.934771Z","level":"info","event":"Fetching race results for 2026...","logger":"task.stdout"}
{"timestamp":"2026-02-18T08:57:35.975589Z","level":"info","event":"0 results found across 0 races","logger":"task.stdout"}
{"timestamp":"2026-02-18T08:57:35.978371Z","level":"info","event":"","logger":"task.stdout"}
{"timestamp":"2026-02-18T08:57:35.979753Z","level":"info","event":"======================================================================","logger":"task.stdout"}
{"timestamp":"2026-02-18T08:57:35.980055Z","level":"info","event":"SCRAPING COMPLETE","logger":"task.stdout"}
{"timestamp":"2026-02-18T08:57:35.980260Z","level":"info","event":"Total records: 0","logger":"task.stdout"}
{"timestamp":"2026-02-18T08:57:35.980461Z","level":"info","event":"Years covered: 2026-2026","logger":"task.stdout"}
{"timestamp":"2026-02-18T08:57:35.980669Z","level":"info","event":"======================================================================","logger":"task.stdout"}
{"timestamp":"2026-02-18T08:57:35.981365Z","level":"info","event":"","logger":"task.stdout"}
{"timestamp":"2026-02-18T08:57:35.982211Z","level":"info","event":"Transforming API data to Silver schema...","logger":"task.stdout"}
{"timestamp":"2026-02-18T08:57:35.982566Z","level":"info","event":"No data found - returning empty DataFrame with schema: ['result_id', 'driver_ref', 'constructor_ref', 'race_year', 'race_round', 'driver_number', 'grid', 'position', 'position_text', 'position_order', 'points', 'number_of_laps', 'race_duration_hours', 'race_duration_milliseconds', 'fastest_lap', 'rank', 'fastest_lap_minutes', 'fastest_lap_speed', 'status', 'year', 'source', 'created_at']","logger":"task.stdout"}
{"timestamp":"2026-02-18T08:57:35.982944Z","level":"info","event":"  No results data found","logger":"task.stdout"}
{"timestamp":"2026-02-18T08:57:36.003345Z","level":"info","event":"Done. Returned value was: {'new_count': 0}","logger":"airflow.task.operators.airflow.providers.standard.operators.python.PythonOperator","filename":"python.py","lineno":216}
{"timestamp":"2026-02-18T08:57:36.003644Z","level":"info","event":"Pushing xcom","ti":"RuntimeTaskInstance(id=UUID('019c6ff5-b49d-73eb-891a-4bfbfd465d6c'), task_id='scrape_publish_results', dag_id='kafka_producer_pipeline', run_id='scheduled__2026-02-16T08:00:00+00:00', try_number=1, dag_version_id=UUID('019c6ff7-9ee3-76c2-bdc2-112b177f4aab'), map_index=-1, hostname='e4702b2ecf8f', context_carrier={}, task=<Task(PythonOperator): scrape_publish_results>, bundle_instance=LocalDagBundle(name=dags-folder), max_tries=2, start_date=datetime.datetime(2026, 2, 18, 8, 57, 10, 181163, tzinfo=datetime.timezone.utc), end_date=None, state=<TaskInstanceState.RUNNING: 'running'>, is_mapped=False, rendered_map_index=None)","logger":"task","filename":"task_runner.py","lineno":1450}
